2025-09-04 13:34:45,040 - INFO - === Fixed continuous data collector ===
2025-09-04 13:34:45,040 - INFO - Mission: vertical_med
2025-09-04 13:34:45,040 - INFO - Waypoints (absolute coordinates): [(0, 0, 0.4), (0, 0, 0.8), (0, 0, 0.4)]
2025-09-04 13:34:45,041 - INFO - Callback->Connection initialized[radio://0/80/2M/E7E7E7E7E6]
2025-09-04 13:34:45,291 - INFO - We are connected[radio://0/80/2M/E7E7E7E7E6], request connection setup
2025-09-04 13:34:45,291 - INFO - Request _request_protocol_version()
2025-09-04 13:34:45,303 - INFO - Callback->Connected to [radio://0/80/2M/E7E7E7E7E6]
2025-09-04 13:34:45,308 - INFO - _crt_service_callback
2025-09-04 13:34:45,308 - INFO - Request protocol version
2025-09-04 13:34:45,313 - INFO - _platform_callback
2025-09-04 13:34:45,313 - INFO - Protocol version (platform): 9
2025-09-04 13:34:45,323 - INFO - TOC for port [5] found in cache
2025-09-04 13:34:45,323 - INFO - Log TOC finished updating
2025-09-04 13:34:45,327 - INFO - 6 memories found
2025-09-04 13:34:45,402 - INFO - Memories finished updating
2025-09-04 13:34:45,408 - INFO - TOC for port [2] found in cache
2025-09-04 13:34:45,910 - INFO - Param TOC finished updating
2025-09-04 13:34:45,910 - INFO - Callback->Connection setup finished [radio://0/80/2M/E7E7E7E7E6]
2025-09-04 13:34:45,911 - INFO - Connected: radio://0/80/2M/E7E7E7E7E6
2025-09-04 13:34:45,919 - INFO - Have successfully started logging for id=1
2025-09-04 13:34:46,021 - INFO - Battery: 4.01V (safe)
2025-09-04 13:34:46,022 - INFO - Battery check passed: 4.01V
2025-09-04 13:34:46,022 - INFO - Initializing position estimator to origin...
2025-09-04 13:34:46,025 - INFO - Have successfully stopped logging for id=1
2025-09-04 13:34:46,026 - INFO - Have successfully deleted id=1
2025-09-04 13:34:47,173 - INFO - All parameters updated
2025-09-04 13:34:47,174 - INFO - Callback->Connection completed [radio://0/80/2M/E7E7E7E7E6]
2025-09-04 13:34:47,283 - INFO - Have successfully started logging for id=2
2025-09-04 13:34:54,278 - INFO - Waiting for position estimator...
2025-09-04 13:34:54,281 - INFO - Have successfully stopped logging for id=2
2025-09-04 13:34:54,285 - INFO - Have successfully deleted id=2
2025-09-04 13:34:54,288 - INFO - Have successfully started logging for id=3
2025-09-04 13:34:55,289 - INFO - Position estimator ready
2025-09-04 13:34:55,290 - INFO - Controller parameters optimized
2025-09-04 13:34:55,292 - INFO - Have successfully stopped logging for id=3
2025-09-04 13:34:55,293 - INFO - Have successfully deleted id=3
2025-09-04 13:35:15,339 - INFO - Start collection (slot:10ms)
2025-09-04 13:35:15,340 - INFO - Data collector started
2025-09-04 13:35:15,341 - INFO - Position manager started
2025-09-04 13:35:15,351 - INFO - Have successfully started logging for id=4
2025-09-04 13:35:15,353 - INFO - Have successfully started logging for id=5
2025-09-04 13:35:15,353 - INFO - Have successfully started logging for id=6
2025-09-04 13:35:15,441 - INFO - Position manager data flow is normal
2025-09-04 13:35:17,441 - INFO - Current position: (0.016, 0.027, 0.021, 90.5°)
2025-09-04 13:35:17,442 - INFO - Using absolute coordinate system, ignoring takeoff position offset
2025-09-04 13:35:18,442 - INFO - Pre-flight stabilization to first waypoint: (0.000, 0.000, 0.400)
2025-09-04 13:35:18,593 - INFO - Waypoint1: absolute coordinates(0.000, 0.000, 0.400, yaw=90.0°)
2025-09-04 13:35:18,593 - INFO - Flying to coordinate: (0.000, 0.000, 0.400)
2025-09-04 13:35:28,593 - WARNING - Waypoint timeout 10.0s (final error may still be acceptable)
2025-09-04 13:35:28,593 - WARNING - Waypoint1 not fully reached, continuing execution
2025-09-04 13:35:29,193 - INFO - Waypoint2: absolute coordinates(0.000, 0.000, 0.800, yaw=90.0°)
2025-09-04 13:35:29,194 - INFO - Flying to coordinate: (0.000, 0.000, 0.800)
2025-09-04 13:35:29,795 - INFO - Have successfully stopped logging for id=6
2025-09-04 13:35:29,888 - INFO - Position manager stopped
2025-09-04 13:35:29,890 - INFO - Stopping data collector...
2025-09-04 13:35:29,892 - INFO - Collection complete - stats: {'created': 1455, 'complete': 1454, 'merged': 0, 'dropped': 0}
2025-09-04 13:35:29,899 - INFO - Have successfully stopped logging for id=4
2025-09-04 13:35:29,900 - INFO - Have successfully stopped logging for id=5
2025-09-04 13:35:29,945 - INFO - Data saved: training_data/vertical_med_20250904_133529.json
2025-09-04 13:35:29,945 - INFO - States: 1454, Commands: 1086, Duration: 14.5s
2025-09-04 13:35:29,945 - INFO - Successfully saved 1454 state data points
2025-09-04 13:35:29,945 - INFO - Successfully saved 1086 control commands
2025-09-04 13:35:29,945 - INFO - Closing link
2025-09-04 13:35:29,946 - INFO - Callback->Disconnected from [radio://0/80/2M/E7E7E7E7E6]
2025-09-04 13:35:29,979 - INFO - User interrupted
