2025-09-04 16:12:02,861 - INFO - === Fixed continuous data collector ===
2025-09-04 16:12:02,862 - INFO - Mission: vertical_large
2025-09-04 16:12:02,862 - INFO - Waypoints (absolute coordinates): [(0, 0, 0.5), (0, 0, 1.0), (0, 0, 0.5)]
2025-09-04 16:12:02,862 - INFO - Callback->Connection initialized[radio://0/80/2M/E7E7E7E7E6]
2025-09-04 16:12:03,112 - INFO - We are connected[radio://0/80/2M/E7E7E7E7E6], request connection setup
2025-09-04 16:12:03,112 - INFO - Request _request_protocol_version()
2025-09-04 16:12:03,115 - INFO - Callback->Connected to [radio://0/80/2M/E7E7E7E7E6]
2025-09-04 16:12:03,121 - INFO - _crt_service_callback
2025-09-04 16:12:03,121 - INFO - Request protocol version
2025-09-04 16:12:03,125 - INFO - _platform_callback
2025-09-04 16:12:03,125 - INFO - Protocol version (platform): 9
2025-09-04 16:12:03,136 - INFO - TOC for port [5] found in cache
2025-09-04 16:12:03,136 - INFO - Log TOC finished updating
2025-09-04 16:12:03,139 - INFO - 6 memories found
2025-09-04 16:12:03,217 - INFO - Memories finished updating
2025-09-04 16:12:03,222 - INFO - TOC for port [2] found in cache
2025-09-04 16:12:03,726 - INFO - Param TOC finished updating
2025-09-04 16:12:03,726 - INFO - Callback->Connection setup finished [radio://0/80/2M/E7E7E7E7E6]
2025-09-04 16:12:03,727 - INFO - Connected: radio://0/80/2M/E7E7E7E7E6
2025-09-04 16:12:03,736 - INFO - Have successfully started logging for id=1
2025-09-04 16:12:03,837 - INFO - Battery: 4.04V (safe)
2025-09-04 16:12:03,838 - INFO - Battery check passed: 4.04V
2025-09-04 16:12:03,838 - INFO - Initializing position estimator to origin...
2025-09-04 16:12:03,841 - INFO - Have successfully stopped logging for id=1
2025-09-04 16:12:03,842 - INFO - Have successfully deleted id=1
2025-09-04 16:12:05,182 - INFO - All parameters updated
2025-09-04 16:12:05,182 - INFO - Callback->Connection completed [radio://0/80/2M/E7E7E7E7E6]
2025-09-04 16:12:05,293 - INFO - Have successfully started logging for id=2
2025-09-04 16:12:11,789 - INFO - Waiting for position estimator...
2025-09-04 16:12:11,793 - INFO - Have successfully stopped logging for id=2
2025-09-04 16:12:11,795 - INFO - Have successfully deleted id=2
2025-09-04 16:12:11,801 - INFO - Have successfully started logging for id=3
2025-09-04 16:12:12,799 - INFO - Position estimator ready
2025-09-04 16:12:12,801 - INFO - Controller parameters optimized
2025-09-04 16:12:12,804 - INFO - Have successfully stopped logging for id=3
2025-09-04 16:12:12,805 - INFO - Have successfully deleted id=3
2025-09-04 16:12:21,661 - INFO - Start collection (slot:10ms)
2025-09-04 16:12:21,663 - INFO - Data collector started
2025-09-04 16:12:21,664 - INFO - Position manager started
2025-09-04 16:12:21,671 - INFO - Have successfully started logging for id=4
2025-09-04 16:12:21,672 - INFO - Have successfully started logging for id=5
2025-09-04 16:12:21,673 - INFO - Have successfully started logging for id=6
2025-09-04 16:12:21,764 - INFO - Position manager data flow is normal
2025-09-04 16:12:23,764 - INFO - Current position: (0.027, 0.021, 0.003, 89.1째)
2025-09-04 16:12:23,765 - INFO - Using absolute coordinate system, ignoring takeoff position offset
2025-09-04 16:12:24,765 - INFO - Pre-flight stabilization to first waypoint: (0.000, 0.000, 0.500)
2025-09-04 16:12:24,915 - INFO - Waypoint1: absolute coordinates(0.000, 0.000, 0.500, yaw=90.0째)
2025-09-04 16:12:24,915 - INFO - Flying to coordinate: (0.000, 0.000, 0.500)
2025-09-04 16:12:25,975 - INFO - Approaching target (error=0.137m), entering stabilization phase
2025-09-04 16:12:26,465 - INFO - Reached waypoint (error=0.024m, stable_count=30)
2025-09-04 16:12:27,065 - INFO - Waypoint2: absolute coordinates(0.000, 0.000, 1.000, yaw=90.0째)
2025-09-04 16:12:27,065 - INFO - Flying to coordinate: (0.000, 0.000, 1.000)
2025-09-04 16:12:27,686 - INFO - Approaching target (error=0.131m), entering stabilization phase
2025-09-04 16:12:30,266 - INFO - Reached waypoint (error=0.071m, stable_count=30)
2025-09-04 16:12:30,866 - INFO - Waypoint3: absolute coordinates(0.000, 0.000, 0.500, yaw=90.0째)
2025-09-04 16:12:30,866 - INFO - Flying to coordinate: (0.000, 0.000, 0.500)
2025-09-04 16:12:31,766 - INFO - Approaching target (error=0.145m), entering stabilization phase
2025-09-04 16:12:32,306 - INFO - Reached waypoint (error=0.042m, stable_count=30)
2025-09-04 16:12:32,906 - INFO - Returning to origin and landing...
2025-09-04 16:12:32,906 - INFO - Flying to coordinate: (0.000, 0.000, 0.200)
2025-09-04 16:12:33,466 - INFO - Approaching target (error=0.150m), entering stabilization phase
2025-09-04 16:12:34,153 - WARNING - Control timing drift detected - resyncing
2025-09-04 16:12:34,545 - INFO - Reached waypoint (error=0.063m, stable_count=30)
2025-09-04 16:12:34,545 - INFO - Landing...
2025-09-04 16:12:34,546 - INFO - Landing complete
2025-09-04 16:12:34,551 - INFO - Have successfully stopped logging for id=6
2025-09-04 16:12:34,647 - INFO - Position manager stopped
2025-09-04 16:12:34,648 - INFO - Flight mission complete
2025-09-04 16:12:34,648 - INFO - Stopping data collector...
2025-09-04 16:12:34,651 - INFO - Collection complete - stats: {'created': 1298, 'complete': 1298, 'merged': 0, 'dropped': 0}
2025-09-04 16:12:34,659 - INFO - Have successfully stopped logging for id=4
2025-09-04 16:12:34,662 - INFO - Have successfully stopped logging for id=5
2025-09-04 16:12:34,695 - INFO - Data saved: training_data/vertical_large_20250904_161234.json
2025-09-04 16:12:34,695 - INFO - States: 1298, Commands: 825, Duration: 13.0s
2025-09-04 16:12:34,695 - INFO - Successfully saved 1298 state data points
2025-09-04 16:12:34,695 - INFO - Successfully saved 825 control commands
2025-09-04 16:12:34,695 - INFO - Closing link
2025-09-04 16:12:34,698 - INFO - Callback->Disconnected from [radio://0/80/2M/E7E7E7E7E6]
