2025-09-04 15:51:42,280 - INFO - === Fixed continuous data collector ===
2025-09-04 15:51:42,280 - INFO - Mission: vertical_large
2025-09-04 15:51:42,280 - INFO - Waypoints (absolute coordinates): [(0, 0, 0.5), (0, 0, 1.0), (0, 0, 0.5)]
2025-09-04 15:51:42,281 - INFO - Callback->Connection initialized[radio://0/80/2M/E7E7E7E7E6]
2025-09-04 15:51:42,530 - INFO - We are connected[radio://0/80/2M/E7E7E7E7E6], request connection setup
2025-09-04 15:51:42,530 - INFO - Request _request_protocol_version()
2025-09-04 15:51:42,533 - INFO - Callback->Connected to [radio://0/80/2M/E7E7E7E7E6]
2025-09-04 15:51:42,607 - INFO - _crt_service_callback
2025-09-04 15:51:42,607 - INFO - Request protocol version
2025-09-04 15:51:42,610 - INFO - _platform_callback
2025-09-04 15:51:42,610 - INFO - Protocol version (platform): 9
2025-09-04 15:51:42,621 - INFO - TOC for port [5] found in cache
2025-09-04 15:51:42,621 - INFO - Log TOC finished updating
2025-09-04 15:51:42,623 - INFO - 6 memories found
2025-09-04 15:51:42,703 - INFO - Memories finished updating
2025-09-04 15:51:42,708 - INFO - TOC for port [2] found in cache
2025-09-04 15:51:43,239 - INFO - Param TOC finished updating
2025-09-04 15:51:43,239 - INFO - Callback->Connection setup finished [radio://0/80/2M/E7E7E7E7E6]
2025-09-04 15:51:43,240 - INFO - Connected: radio://0/80/2M/E7E7E7E7E6
2025-09-04 15:51:43,253 - INFO - Have successfully started logging for id=1
2025-09-04 15:51:43,351 - INFO - Battery: 3.81V (safe)
2025-09-04 15:51:43,352 - INFO - Battery check passed: 3.81V
2025-09-04 15:51:43,352 - INFO - Initializing position estimator to origin...
2025-09-04 15:51:43,355 - INFO - Have successfully stopped logging for id=1
2025-09-04 15:51:43,356 - INFO - Have successfully deleted id=1
2025-09-04 15:51:44,520 - INFO - All parameters updated
2025-09-04 15:51:44,520 - INFO - Callback->Connection completed [radio://0/80/2M/E7E7E7E7E6]
2025-09-04 15:51:44,630 - INFO - Have successfully started logging for id=2
2025-09-04 15:51:51,124 - INFO - Waiting for position estimator...
2025-09-04 15:51:51,127 - INFO - Have successfully stopped logging for id=2
2025-09-04 15:51:51,130 - INFO - Have successfully deleted id=2
2025-09-04 15:51:51,136 - INFO - Have successfully started logging for id=3
2025-09-04 15:51:52,136 - INFO - Position estimator ready
2025-09-04 15:51:52,136 - INFO - Controller parameters optimized
2025-09-04 15:51:52,139 - INFO - Have successfully stopped logging for id=3
2025-09-04 15:51:52,143 - INFO - Have successfully deleted id=3
2025-09-04 15:52:13,572 - INFO - Start collection (slot:10ms)
2025-09-04 15:52:13,573 - INFO - Data collector started
2025-09-04 15:52:13,574 - INFO - Position manager started
2025-09-04 15:52:13,582 - INFO - Have successfully started logging for id=4
2025-09-04 15:52:13,584 - INFO - Have successfully started logging for id=5
2025-09-04 15:52:13,585 - INFO - Have successfully started logging for id=6
2025-09-04 15:52:13,674 - INFO - Position manager data flow is normal
2025-09-04 15:52:15,674 - INFO - Current position: (0.020, 0.015, 0.010, 88.5째)
2025-09-04 15:52:15,675 - INFO - Using absolute coordinate system, ignoring takeoff position offset
2025-09-04 15:52:16,675 - INFO - Pre-flight stabilization to first waypoint: (0.000, 0.000, 0.500)
2025-09-04 15:52:16,825 - INFO - Waypoint1: absolute coordinates(0.000, 0.000, 0.500, yaw=90.0째)
2025-09-04 15:52:16,825 - INFO - Flying to coordinate: (0.000, 0.000, 0.500)
2025-09-04 15:52:17,835 - INFO - Approaching target (error=0.140m), entering stabilization phase
2025-09-04 15:52:18,325 - INFO - Reached waypoint (error=0.019m, stable_count=30)
2025-09-04 15:52:18,926 - INFO - Waypoint2: absolute coordinates(0.000, 0.000, 1.000, yaw=90.0째)
2025-09-04 15:52:18,926 - INFO - Flying to coordinate: (0.000, 0.000, 1.000)
2025-09-04 15:52:19,487 - INFO - Approaching target (error=0.142m), entering stabilization phase
2025-09-04 15:52:19,927 - INFO - Reached waypoint (error=0.074m, stable_count=30)
2025-09-04 15:52:20,527 - INFO - Waypoint3: absolute coordinates(0.000, 0.000, 0.500, yaw=90.0째)
2025-09-04 15:52:20,527 - INFO - Flying to coordinate: (0.000, 0.000, 0.500)
2025-09-04 15:52:21,587 - INFO - Approaching target (error=0.136m), entering stabilization phase
2025-09-04 15:52:22,127 - INFO - Reached waypoint (error=0.038m, stable_count=30)
2025-09-04 15:52:22,728 - INFO - Returning to origin and landing...
2025-09-04 15:52:22,729 - INFO - Flying to coordinate: (0.000, 0.000, 0.200)
2025-09-04 15:52:23,379 - INFO - Approaching target (error=0.141m), entering stabilization phase
2025-09-04 15:52:24,019 - INFO - Reached waypoint (error=0.044m, stable_count=30)
2025-09-04 15:52:24,019 - INFO - Landing...
2025-09-04 15:52:24,019 - INFO - Landing complete
2025-09-04 15:52:24,037 - INFO - Have successfully stopped logging for id=6
2025-09-04 15:52:24,120 - INFO - Position manager stopped
2025-09-04 15:52:24,122 - INFO - Flight mission complete
2025-09-04 15:52:24,122 - INFO - Stopping data collector...
2025-09-04 15:52:24,125 - INFO - Collection complete - stats: {'created': 1054, 'complete': 1054, 'merged': 0, 'dropped': 0}
2025-09-04 15:52:24,131 - INFO - Have successfully stopped logging for id=4
2025-09-04 15:52:24,133 - INFO - Have successfully stopped logging for id=5
2025-09-04 15:52:24,160 - INFO - Data saved: training_data/vertical_large_20250904_155224.json
2025-09-04 15:52:24,160 - INFO - States: 1054, Commands: 586, Duration: 10.5s
2025-09-04 15:52:24,161 - INFO - Successfully saved 1054 state data points
2025-09-04 15:52:24,161 - INFO - Successfully saved 586 control commands
2025-09-04 15:52:24,161 - INFO - Closing link
2025-09-04 15:52:24,161 - INFO - Callback->Disconnected from [radio://0/80/2M/E7E7E7E7E6]
