2025-09-04 15:34:57,940 - INFO - === Fixed continuous data collector ===
2025-09-04 15:34:57,940 - INFO - Mission: vertical_large
2025-09-04 15:34:57,940 - INFO - Waypoints (absolute coordinates): [(0, 0, 0.5), (0, 0, 1.0), (0, 0, 0.5)]
2025-09-04 15:34:57,941 - INFO - Callback->Connection initialized[radio://0/80/2M/E7E7E7E7E6]
2025-09-04 15:34:58,190 - INFO - We are connected[radio://0/80/2M/E7E7E7E7E6], request connection setup
2025-09-04 15:34:58,191 - INFO - Request _request_protocol_version()
2025-09-04 15:34:58,195 - INFO - Callback->Connected to [radio://0/80/2M/E7E7E7E7E6]
2025-09-04 15:34:58,278 - INFO - _crt_service_callback
2025-09-04 15:34:58,278 - INFO - Request protocol version
2025-09-04 15:34:58,283 - INFO - _platform_callback
2025-09-04 15:34:58,283 - INFO - Protocol version (platform): 9
2025-09-04 15:34:58,294 - INFO - TOC for port [5] found in cache
2025-09-04 15:34:58,294 - INFO - Log TOC finished updating
2025-09-04 15:34:58,299 - INFO - 6 memories found
2025-09-04 15:34:58,386 - INFO - Memories finished updating
2025-09-04 15:34:58,391 - INFO - TOC for port [2] found in cache
2025-09-04 15:34:58,853 - INFO - Param TOC finished updating
2025-09-04 15:34:58,853 - INFO - Callback->Connection setup finished [radio://0/80/2M/E7E7E7E7E6]
2025-09-04 15:34:58,854 - INFO - Connected: radio://0/80/2M/E7E7E7E7E6
2025-09-04 15:34:58,861 - INFO - Have successfully started logging for id=1
2025-09-04 15:34:58,960 - INFO - Battery: 3.94V (safe)
2025-09-04 15:34:58,961 - INFO - Battery check passed: 3.94V
2025-09-04 15:34:58,961 - INFO - Initializing position estimator to origin...
2025-09-04 15:34:58,963 - INFO - Have successfully stopped logging for id=1
2025-09-04 15:34:58,964 - INFO - Have successfully deleted id=1
2025-09-04 15:35:00,188 - INFO - All parameters updated
2025-09-04 15:35:00,188 - INFO - Callback->Connection completed [radio://0/80/2M/E7E7E7E7E6]
2025-09-04 15:35:00,297 - INFO - Have successfully started logging for id=2
2025-09-04 15:35:06,794 - INFO - Waiting for position estimator...
2025-09-04 15:35:06,797 - INFO - Have successfully stopped logging for id=2
2025-09-04 15:35:06,798 - INFO - Have successfully deleted id=2
2025-09-04 15:35:06,805 - INFO - Have successfully started logging for id=3
2025-09-04 15:35:07,805 - INFO - Position estimator ready
2025-09-04 15:35:07,806 - INFO - Controller parameters optimized
2025-09-04 15:35:07,808 - INFO - Have successfully stopped logging for id=3
2025-09-04 15:35:07,809 - INFO - Have successfully deleted id=3
2025-09-04 15:35:09,809 - INFO - Start collection (slot:10ms)
2025-09-04 15:35:09,810 - INFO - Data collector started
2025-09-04 15:35:09,811 - INFO - Position manager started
2025-09-04 15:35:09,819 - INFO - Have successfully started logging for id=4
2025-09-04 15:35:09,820 - INFO - Have successfully started logging for id=5
2025-09-04 15:35:09,820 - INFO - Have successfully started logging for id=6
2025-09-04 15:35:09,911 - INFO - Position manager data flow is normal
2025-09-04 15:35:11,911 - INFO - Current position: (-0.008, 0.024, 0.007, 90.4째)
2025-09-04 15:35:11,912 - INFO - Using absolute coordinate system, ignoring takeoff position offset
2025-09-04 15:35:12,912 - INFO - Pre-flight stabilization to first waypoint: (0.000, 0.000, 0.500)
2025-09-04 15:35:13,062 - INFO - Waypoint1: absolute coordinates(0.000, 0.000, 0.500, yaw=90.0째)
2025-09-04 15:35:13,062 - INFO - Flying to coordinate: (0.000, 0.000, 0.500)
2025-09-04 15:35:14,022 - INFO - Approaching target (error=0.140m), entering stabilization phase
2025-09-04 15:35:14,512 - INFO - Reached waypoint (error=0.017m, stable_count=30)
2025-09-04 15:35:15,112 - INFO - Waypoint2: absolute coordinates(0.000, 0.000, 1.000, yaw=90.0째)
2025-09-04 15:35:15,112 - INFO - Flying to coordinate: (0.000, 0.000, 1.000)
2025-09-04 15:35:15,722 - INFO - Approaching target (error=0.147m), entering stabilization phase
2025-09-04 15:35:16,163 - INFO - Reached waypoint (error=0.065m, stable_count=30)
2025-09-04 15:35:16,763 - INFO - Waypoint3: absolute coordinates(0.000, 0.000, 0.500, yaw=90.0째)
2025-09-04 15:35:16,763 - INFO - Flying to coordinate: (0.000, 0.000, 0.500)
2025-09-04 15:35:17,773 - INFO - Approaching target (error=0.143m), entering stabilization phase
2025-09-04 15:35:18,363 - INFO - Reached waypoint (error=0.062m, stable_count=30)
2025-09-04 15:35:18,963 - INFO - Returning to origin and landing...
2025-09-04 15:35:18,963 - INFO - Flying to coordinate: (0.000, 0.000, 0.200)
2025-09-04 15:35:19,723 - INFO - Approaching target (error=0.139m), entering stabilization phase
2025-09-04 15:35:20,453 - INFO - Reached waypoint (error=0.027m, stable_count=30)
2025-09-04 15:35:20,453 - INFO - Landing...
2025-09-04 15:35:20,454 - INFO - Landing complete
2025-09-04 15:35:20,459 - INFO - Have successfully stopped logging for id=6
2025-09-04 15:35:20,555 - INFO - Position manager stopped
2025-09-04 15:35:20,556 - INFO - Flight mission complete
2025-09-04 15:35:20,556 - INFO - Stopping data collector...
2025-09-04 15:35:20,559 - INFO - Collection complete - stats: {'created': 1075, 'complete': 1073, 'merged': 0, 'dropped': 1}
2025-09-04 15:35:20,566 - INFO - Have successfully stopped logging for id=4
2025-09-04 15:35:20,567 - INFO - Have successfully stopped logging for id=5
2025-09-04 15:35:20,596 - INFO - Data saved: training_data/vertical_large_20250904_153520.json
2025-09-04 15:35:20,596 - INFO - States: 1073, Commands: 604, Duration: 10.7s
2025-09-04 15:35:20,596 - INFO - Successfully saved 1073 state data points
2025-09-04 15:35:20,596 - INFO - Successfully saved 604 control commands
2025-09-04 15:35:20,596 - INFO - Closing link
2025-09-04 15:35:20,597 - INFO - Callback->Disconnected from [radio://0/80/2M/E7E7E7E7E6]
