2025-09-04 13:53:38,475 - INFO - === Fixed continuous data collector ===
2025-09-04 13:53:38,475 - INFO - Mission: vertical_med
2025-09-04 13:53:38,476 - INFO - Waypoints (absolute coordinates): [(0, 0, 0.4), (0, 0, 0.8), (0, 0, 0.4)]
2025-09-04 13:53:38,476 - INFO - Callback->Connection initialized[radio://0/80/2M/E7E7E7E7E6]
2025-09-04 13:53:38,726 - INFO - We are connected[radio://0/80/2M/E7E7E7E7E6], request connection setup
2025-09-04 13:53:38,727 - INFO - Request _request_protocol_version()
2025-09-04 13:53:38,729 - INFO - Callback->Connected to [radio://0/80/2M/E7E7E7E7E6]
2025-09-04 13:53:38,736 - INFO - _crt_service_callback
2025-09-04 13:53:38,736 - INFO - Request protocol version
2025-09-04 13:53:38,743 - INFO - _platform_callback
2025-09-04 13:53:38,743 - INFO - Protocol version (platform): 9
2025-09-04 13:53:38,755 - INFO - TOC for port [5] found in cache
2025-09-04 13:53:38,755 - INFO - Log TOC finished updating
2025-09-04 13:53:38,757 - INFO - 6 memories found
2025-09-04 13:53:38,839 - INFO - Memories finished updating
2025-09-04 13:53:38,845 - INFO - TOC for port [2] found in cache
2025-09-04 13:53:39,507 - INFO - Param TOC finished updating
2025-09-04 13:53:39,508 - INFO - Callback->Connection setup finished [radio://0/80/2M/E7E7E7E7E6]
2025-09-04 13:53:39,509 - INFO - Connected: radio://0/80/2M/E7E7E7E7E6
2025-09-04 13:53:39,520 - INFO - Have successfully started logging for id=1
2025-09-04 13:53:39,617 - INFO - Battery: 3.92V (safe)
2025-09-04 13:53:39,618 - INFO - Battery check passed: 3.92V
2025-09-04 13:53:39,618 - INFO - Initializing position estimator to origin...
2025-09-04 13:53:39,621 - INFO - Have successfully stopped logging for id=1
2025-09-04 13:53:39,621 - INFO - Have successfully deleted id=1
2025-09-04 13:53:40,843 - INFO - All parameters updated
2025-09-04 13:53:40,843 - INFO - Callback->Connection completed [radio://0/80/2M/E7E7E7E7E6]
2025-09-04 13:53:40,958 - INFO - Have successfully started logging for id=2
2025-09-04 13:53:48,951 - INFO - Waiting for position estimator...
2025-09-04 13:53:48,953 - INFO - Have successfully stopped logging for id=2
2025-09-04 13:53:48,955 - INFO - Have successfully deleted id=2
2025-09-04 13:53:48,961 - INFO - Have successfully started logging for id=3
2025-09-04 13:53:49,959 - INFO - Position estimator ready
2025-09-04 13:53:49,961 - INFO - Controller parameters optimized
2025-09-04 13:53:49,964 - INFO - Have successfully stopped logging for id=3
2025-09-04 13:53:49,967 - INFO - Have successfully deleted id=3
2025-09-04 13:53:53,063 - INFO - Start collection (slot:10ms)
2025-09-04 13:53:53,064 - INFO - Data collector started
2025-09-04 13:53:53,065 - INFO - Position manager started
2025-09-04 13:53:53,073 - INFO - Have successfully started logging for id=4
2025-09-04 13:53:53,076 - INFO - Have successfully started logging for id=5
2025-09-04 13:53:53,077 - INFO - Have successfully started logging for id=6
2025-09-04 13:53:53,165 - INFO - Position manager data flow is normal
2025-09-04 13:53:55,165 - INFO - Current position: (0.027, 0.045, 0.009, 90.0째)
2025-09-04 13:53:55,165 - INFO - Using absolute coordinate system, ignoring takeoff position offset
2025-09-04 13:53:56,165 - INFO - Pre-flight stabilization to first waypoint: (0.000, 0.000, 0.400)
2025-09-04 13:53:56,316 - INFO - Waypoint1: absolute coordinates(0.000, 0.000, 0.400, yaw=90.0째)
2025-09-04 13:53:56,316 - INFO - Flying to coordinate: (0.000, 0.000, 0.400)
2025-09-04 13:53:57,376 - INFO - Approaching target (error=0.147m), entering stabilization phase
2025-09-04 13:53:57,966 - INFO - Reached waypoint (error=0.049m, stable_count=30)
2025-09-04 13:53:58,566 - INFO - Waypoint2: absolute coordinates(0.000, 0.000, 0.800, yaw=90.0째)
2025-09-04 13:53:58,566 - INFO - Flying to coordinate: (0.000, 0.000, 0.800)
2025-09-04 13:53:59,126 - INFO - Approaching target (error=0.144m), entering stabilization phase
2025-09-04 13:53:59,716 - INFO - Reached waypoint (error=0.078m, stable_count=30)
2025-09-04 13:54:00,317 - INFO - Waypoint3: absolute coordinates(0.000, 0.000, 0.400, yaw=90.0째)
2025-09-04 13:54:00,317 - INFO - Flying to coordinate: (0.000, 0.000, 0.400)
2025-09-04 13:54:01,327 - INFO - Approaching target (error=0.148m), entering stabilization phase
2025-09-04 13:54:02,017 - INFO - Reached waypoint (error=0.046m, stable_count=30)
2025-09-04 13:54:02,617 - INFO - Returning to origin and landing...
2025-09-04 13:54:02,617 - INFO - Flying to coordinate: (0.000, 0.000, 0.200)
2025-09-04 13:54:03,077 - INFO - Approaching target (error=0.142m), entering stabilization phase
2025-09-04 13:54:03,967 - INFO - Reached waypoint (error=0.044m, stable_count=30)
2025-09-04 13:54:03,968 - INFO - Landing...
2025-09-04 13:54:03,968 - INFO - Landing complete
2025-09-04 13:54:03,974 - INFO - Have successfully stopped logging for id=6
2025-09-04 13:54:04,069 - INFO - Position manager stopped
2025-09-04 13:54:04,073 - INFO - Flight mission complete
2025-09-04 13:54:04,074 - INFO - Stopping data collector...
2025-09-04 13:54:04,075 - INFO - Collection complete - stats: {'created': 1100, 'complete': 1100, 'merged': 0, 'dropped': 0}
2025-09-04 13:54:04,083 - INFO - Have successfully stopped logging for id=4
2025-09-04 13:54:04,084 - INFO - Have successfully stopped logging for id=5
2025-09-04 13:54:04,114 - INFO - Data saved: training_data/vertical_med_20250904_135404.json
2025-09-04 13:54:04,114 - INFO - States: 1100, Commands: 630, Duration: 11.0s
2025-09-04 13:54:04,114 - INFO - Successfully saved 1100 state data points
2025-09-04 13:54:04,114 - INFO - Successfully saved 630 control commands
2025-09-04 13:54:04,114 - INFO - Closing link
2025-09-04 13:54:04,115 - INFO - Callback->Disconnected from [radio://0/80/2M/E7E7E7E7E6]
