2025-09-05 16:55:45,380 - INFO - === Fixed continuous data collector ===
2025-09-05 16:55:45,380 - INFO - Mission: triangle_med
2025-09-05 16:55:45,381 - INFO - Waypoints (absolute coordinates): [(0, 0, 0.6), (0.5, 0, 0.6), (0.25, 0.5, 0.6), (0, 0, 0.6)]
2025-09-05 16:55:45,381 - INFO - Callback->Connection initialized[radio://0/80/2M/E7E7E7E7E6]
2025-09-05 16:55:45,632 - INFO - We are connected[radio://0/80/2M/E7E7E7E7E6], request connection setup
2025-09-05 16:55:45,632 - INFO - Request _request_protocol_version()
2025-09-05 16:55:45,634 - INFO - Callback->Connected to [radio://0/80/2M/E7E7E7E7E6]
2025-09-05 16:55:45,639 - INFO - _crt_service_callback
2025-09-05 16:55:45,639 - INFO - Request protocol version
2025-09-05 16:55:45,642 - INFO - _platform_callback
2025-09-05 16:55:45,642 - INFO - Protocol version (platform): 9
2025-09-05 16:55:45,652 - INFO - TOC for port [5] found in cache
2025-09-05 16:55:45,652 - INFO - Log TOC finished updating
2025-09-05 16:55:45,655 - INFO - 6 memories found
2025-09-05 16:55:45,730 - INFO - Memories finished updating
2025-09-05 16:55:45,735 - INFO - TOC for port [2] found in cache
2025-09-05 16:55:46,149 - INFO - Param TOC finished updating
2025-09-05 16:55:46,149 - INFO - Callback->Connection setup finished [radio://0/80/2M/E7E7E7E7E6]
2025-09-05 16:55:46,150 - INFO - Connected: radio://0/80/2M/E7E7E7E7E6
2025-09-05 16:55:46,159 - INFO - Have successfully started logging for id=1
2025-09-05 16:55:46,258 - INFO - Battery: 4.02V (safe)
2025-09-05 16:55:46,259 - INFO - Battery check passed: 4.02V
2025-09-05 16:55:46,259 - INFO - Initializing position estimator to origin...
2025-09-05 16:55:46,262 - INFO - Have successfully stopped logging for id=1
2025-09-05 16:55:46,262 - INFO - Have successfully deleted id=1
2025-09-05 16:55:47,222 - INFO - All parameters updated
2025-09-05 16:55:47,222 - INFO - Callback->Connection completed [radio://0/80/2M/E7E7E7E7E6]
2025-09-05 16:55:47,330 - INFO - Have successfully started logging for id=2
2025-09-05 16:55:53,827 - INFO - Waiting for position estimator...
2025-09-05 16:55:53,832 - INFO - Have successfully stopped logging for id=2
2025-09-05 16:55:53,833 - INFO - Have successfully deleted id=2
2025-09-05 16:55:53,838 - INFO - Have successfully started logging for id=3
2025-09-05 16:55:54,836 - INFO - Position estimator ready
2025-09-05 16:55:54,838 - INFO - Controller parameters optimized
2025-09-05 16:55:54,840 - INFO - Have successfully stopped logging for id=3
2025-09-05 16:55:54,841 - INFO - Have successfully deleted id=3
2025-09-05 16:56:15,879 - INFO - Start collection (slot:10ms)
2025-09-05 16:56:15,880 - INFO - Data collector started
2025-09-05 16:56:15,881 - INFO - Position manager started
2025-09-05 16:56:15,890 - INFO - Have successfully started logging for id=4
2025-09-05 16:56:15,892 - INFO - Have successfully started logging for id=5
2025-09-05 16:56:15,893 - INFO - Have successfully started logging for id=6
2025-09-05 16:56:15,981 - INFO - Position manager data flow is normal
2025-09-05 16:56:17,981 - INFO - Current position: (-0.021, 0.012, 0.032, 89.5°)
2025-09-05 16:56:17,981 - INFO - Using absolute coordinate system, ignoring takeoff position offset
2025-09-05 16:56:18,981 - INFO - Pre-flight stabilization to first waypoint: (0.000, 0.000, 0.600)
2025-09-05 16:56:19,131 - INFO - Waypoint1: absolute coordinates(0.000, 0.000, 0.600, yaw=90.0°)
2025-09-05 16:56:19,132 - INFO - Flying to coordinate: (0.000, 0.000, 0.600)
2025-09-05 16:56:20,192 - INFO - Approaching target (error=0.145m), entering stabilization phase
2025-09-05 16:56:20,732 - INFO - Reached waypoint (error=0.040m, stable_count=30)
2025-09-05 16:56:21,332 - INFO - Waypoint2: absolute coordinates(0.500, 0.000, 0.600, yaw=90.0°)
2025-09-05 16:56:21,332 - INFO - Flying to coordinate: (0.500, 0.000, 0.600)
2025-09-05 16:56:22,092 - INFO - Approaching target (error=0.127m), entering stabilization phase
2025-09-05 16:56:24,432 - INFO - Reached waypoint (error=0.072m, stable_count=30)
2025-09-05 16:56:25,032 - INFO - Waypoint3: absolute coordinates(0.250, 0.500, 0.600, yaw=90.0°)
2025-09-05 16:56:25,032 - INFO - Flying to coordinate: (0.250, 0.500, 0.600)
2025-09-05 16:56:25,742 - INFO - Approaching target (error=0.135m), entering stabilization phase
2025-09-05 16:56:28,083 - INFO - Reached waypoint (error=0.027m, stable_count=30)
2025-09-05 16:56:28,683 - INFO - Waypoint4: absolute coordinates(0.000, 0.000, 0.600, yaw=90.0°)
2025-09-05 16:56:28,683 - INFO - Flying to coordinate: (0.000, 0.000, 0.600)
2025-09-05 16:56:29,533 - INFO - Approaching target (error=0.123m), entering stabilization phase
2025-09-05 16:56:30,023 - INFO - Reached waypoint (error=0.039m, stable_count=30)
2025-09-05 16:56:30,624 - INFO - Returning to origin and landing...
2025-09-05 16:56:30,624 - INFO - Flying to coordinate: (0.000, 0.000, 0.200)
2025-09-05 16:56:31,385 - INFO - Approaching target (error=0.147m), entering stabilization phase
2025-09-05 16:56:32,075 - INFO - Reached waypoint (error=0.030m, stable_count=30)
2025-09-05 16:56:32,075 - INFO - Landing...
2025-09-05 16:56:32,076 - INFO - Landing complete
2025-09-05 16:56:32,081 - INFO - Have successfully stopped logging for id=6
2025-09-05 16:56:32,177 - INFO - Position manager stopped
2025-09-05 16:56:32,179 - INFO - Flight mission complete
2025-09-05 16:56:32,179 - INFO - Stopping data collector...
2025-09-05 16:56:32,181 - INFO - Collection complete - stats: {'created': 1630, 'complete': 1630, 'merged': 0, 'dropped': 0}
2025-09-05 16:56:32,188 - INFO - Have successfully stopped logging for id=4
2025-09-05 16:56:32,191 - INFO - Have successfully stopped logging for id=5
2025-09-05 16:56:32,238 - INFO - Data saved: training_data/triangle_med_20250905_165632.json
2025-09-05 16:56:32,238 - INFO - States: 1630, Commands: 1110, Duration: 16.3s
2025-09-05 16:56:32,238 - INFO - Successfully saved 1630 state data points
2025-09-05 16:56:32,238 - INFO - Successfully saved 1110 control commands
2025-09-05 16:56:32,238 - INFO - Closing link
2025-09-05 16:56:32,239 - INFO - Callback->Disconnected from [radio://0/80/2M/E7E7E7E7E6]
