2025-09-05 15:21:23,968 - INFO - === Fixed continuous data collector ===
2025-09-05 15:21:23,968 - INFO - Mission: triangle_small
2025-09-05 15:21:23,968 - INFO - Waypoints (absolute coordinates): [(0, 0, 0.6), (0.4, 0, 0.6), (0.2, 0.4, 0.6), (0, 0, 0.6)]
2025-09-05 15:21:23,968 - INFO - Callback->Connection initialized[radio://0/80/2M/E7E7E7E7E6]
2025-09-05 15:21:24,218 - INFO - We are connected[radio://0/80/2M/E7E7E7E7E6], request connection setup
2025-09-05 15:21:24,218 - INFO - Request _request_protocol_version()
2025-09-05 15:21:24,222 - INFO - Callback->Connected to [radio://0/80/2M/E7E7E7E7E6]
2025-09-05 15:21:24,299 - INFO - _crt_service_callback
2025-09-05 15:21:24,300 - INFO - Request protocol version
2025-09-05 15:21:24,303 - INFO - _platform_callback
2025-09-05 15:21:24,303 - INFO - Protocol version (platform): 9
2025-09-05 15:21:24,314 - INFO - TOC for port [5] found in cache
2025-09-05 15:21:24,314 - INFO - Log TOC finished updating
2025-09-05 15:21:24,319 - INFO - 6 memories found
2025-09-05 15:21:24,396 - INFO - Memories finished updating
2025-09-05 15:21:24,401 - INFO - TOC for port [2] found in cache
2025-09-05 15:21:24,866 - INFO - Param TOC finished updating
2025-09-05 15:21:24,866 - INFO - Callback->Connection setup finished [radio://0/80/2M/E7E7E7E7E6]
2025-09-05 15:21:24,867 - INFO - Connected: radio://0/80/2M/E7E7E7E7E6
2025-09-05 15:21:24,876 - INFO - Have successfully started logging for id=1
2025-09-05 15:21:24,977 - INFO - Battery: 3.92V (safe)
2025-09-05 15:21:24,979 - INFO - Battery check passed: 3.92V
2025-09-05 15:21:24,979 - INFO - Initializing position estimator to origin...
2025-09-05 15:21:24,983 - INFO - Have successfully stopped logging for id=1
2025-09-05 15:21:24,984 - INFO - Have successfully deleted id=1
2025-09-05 15:21:26,119 - INFO - All parameters updated
2025-09-05 15:21:26,119 - INFO - Callback->Connection completed [radio://0/80/2M/E7E7E7E7E6]
2025-09-05 15:21:26,229 - INFO - Have successfully started logging for id=2
2025-09-05 15:21:32,724 - INFO - Waiting for position estimator...
2025-09-05 15:21:32,726 - INFO - Have successfully stopped logging for id=2
2025-09-05 15:21:32,727 - INFO - Have successfully deleted id=2
2025-09-05 15:21:32,737 - INFO - Have successfully started logging for id=3
2025-09-05 15:21:33,734 - INFO - Position estimator ready
2025-09-05 15:21:33,735 - INFO - Controller parameters optimized
2025-09-05 15:21:33,738 - INFO - Have successfully stopped logging for id=3
2025-09-05 15:21:33,739 - INFO - Have successfully deleted id=3
2025-09-05 15:21:36,983 - INFO - Start collection (slot:10ms)
2025-09-05 15:21:36,984 - INFO - Data collector started
2025-09-05 15:21:36,985 - INFO - Position manager started
2025-09-05 15:21:36,993 - INFO - Have successfully started logging for id=4
2025-09-05 15:21:36,994 - INFO - Have successfully started logging for id=5
2025-09-05 15:21:36,995 - INFO - Have successfully started logging for id=6
2025-09-05 15:21:37,085 - INFO - Position manager data flow is normal
2025-09-05 15:21:39,086 - INFO - Current position: (-0.010, 0.010, 0.012, 89.9°)
2025-09-05 15:21:39,086 - INFO - Using absolute coordinate system, ignoring takeoff position offset
2025-09-05 15:21:40,086 - INFO - Pre-flight stabilization to first waypoint: (0.000, 0.000, 0.600)
2025-09-05 15:21:40,236 - INFO - Waypoint1: absolute coordinates(0.000, 0.000, 0.600, yaw=90.0°)
2025-09-05 15:21:40,236 - INFO - Flying to coordinate: (0.000, 0.000, 0.600)
2025-09-05 15:21:41,246 - INFO - Approaching target (error=0.138m), entering stabilization phase
2025-09-05 15:21:41,736 - INFO - Reached waypoint (error=0.041m, stable_count=30)
2025-09-05 15:21:42,338 - INFO - Waypoint2: absolute coordinates(0.400, 0.000, 0.600, yaw=90.0°)
2025-09-05 15:21:42,338 - INFO - Flying to coordinate: (0.400, 0.000, 0.600)
2025-09-05 15:21:43,098 - INFO - Approaching target (error=0.130m), entering stabilization phase
2025-09-05 15:21:45,088 - INFO - Reached waypoint (error=0.063m, stable_count=30)
2025-09-05 15:21:45,688 - INFO - Waypoint3: absolute coordinates(0.200, 0.400, 0.600, yaw=90.0°)
2025-09-05 15:21:45,688 - INFO - Flying to coordinate: (0.200, 0.400, 0.600)
2025-09-05 15:21:46,338 - INFO - Approaching target (error=0.137m), entering stabilization phase
2025-09-05 15:21:46,738 - INFO - Reached waypoint (error=0.071m, stable_count=30)
2025-09-05 15:21:47,340 - INFO - Waypoint4: absolute coordinates(0.000, 0.000, 0.600, yaw=90.0°)
2025-09-05 15:21:47,340 - INFO - Flying to coordinate: (0.000, 0.000, 0.600)
2025-09-05 15:21:49,190 - INFO - Approaching target (error=0.147m), entering stabilization phase
2025-09-05 15:21:49,680 - INFO - Reached waypoint (error=0.050m, stable_count=30)
2025-09-05 15:21:50,280 - INFO - Returning to origin and landing...
2025-09-05 15:21:50,280 - INFO - Flying to coordinate: (0.000, 0.000, 0.200)
2025-09-05 15:21:51,040 - INFO - Approaching target (error=0.144m), entering stabilization phase
2025-09-05 15:21:52,230 - INFO - Reached waypoint (error=0.079m, stable_count=30)
2025-09-05 15:21:52,230 - INFO - Landing...
2025-09-05 15:21:52,232 - INFO - Landing complete
2025-09-05 15:21:52,236 - INFO - Have successfully stopped logging for id=6
2025-09-05 15:21:52,333 - INFO - Position manager stopped
2025-09-05 15:21:52,334 - INFO - Flight mission complete
2025-09-05 15:21:52,334 - INFO - Stopping data collector...
2025-09-05 15:21:52,336 - INFO - Collection complete - stats: {'created': 1535, 'complete': 1535, 'merged': 0, 'dropped': 0}
2025-09-05 15:21:52,344 - INFO - Have successfully stopped logging for id=4
2025-09-05 15:21:52,348 - INFO - Have successfully stopped logging for id=5
2025-09-05 15:21:52,391 - INFO - Data saved: training_data/triangle_small_20250905_152152.json
2025-09-05 15:21:52,391 - INFO - States: 1535, Commands: 1016, Duration: 15.3s
2025-09-05 15:21:52,392 - INFO - Successfully saved 1535 state data points
2025-09-05 15:21:52,392 - INFO - Successfully saved 1016 control commands
2025-09-05 15:21:52,392 - INFO - Closing link
2025-09-05 15:21:52,392 - INFO - Callback->Disconnected from [radio://0/80/2M/E7E7E7E7E6]
