2025-09-04 14:03:06,375 - INFO - === Fixed continuous data collector ===
2025-09-04 14:03:06,376 - INFO - Mission: vertical_med
2025-09-04 14:03:06,376 - INFO - Waypoints (absolute coordinates): [(0, 0, 0.4), (0, 0, 0.8), (0, 0, 0.4)]
2025-09-04 14:03:06,376 - INFO - Callback->Connection initialized[radio://0/80/2M/E7E7E7E7E6]
2025-09-04 14:03:06,625 - INFO - We are connected[radio://0/80/2M/E7E7E7E7E6], request connection setup
2025-09-04 14:03:06,626 - INFO - Request _request_protocol_version()
2025-09-04 14:03:06,628 - INFO - Callback->Connected to [radio://0/80/2M/E7E7E7E7E6]
2025-09-04 14:03:06,632 - INFO - _crt_service_callback
2025-09-04 14:03:06,632 - INFO - Request protocol version
2025-09-04 14:03:06,636 - INFO - _platform_callback
2025-09-04 14:03:06,636 - INFO - Protocol version (platform): 9
2025-09-04 14:03:06,647 - INFO - TOC for port [5] found in cache
2025-09-04 14:03:06,647 - INFO - Log TOC finished updating
2025-09-04 14:03:06,650 - INFO - 6 memories found
2025-09-04 14:03:06,733 - INFO - Memories finished updating
2025-09-04 14:03:06,739 - INFO - TOC for port [2] found in cache
2025-09-04 14:03:07,215 - INFO - Param TOC finished updating
2025-09-04 14:03:07,215 - INFO - Callback->Connection setup finished [radio://0/80/2M/E7E7E7E7E6]
2025-09-04 14:03:07,216 - INFO - Connected: radio://0/80/2M/E7E7E7E7E6
2025-09-04 14:03:07,225 - INFO - Have successfully started logging for id=1
2025-09-04 14:03:07,326 - INFO - Battery: 4.09V (safe)
2025-09-04 14:03:07,327 - INFO - Battery check passed: 4.09V
2025-09-04 14:03:07,327 - INFO - Initializing position estimator to origin...
2025-09-04 14:03:07,330 - INFO - Have successfully stopped logging for id=1
2025-09-04 14:03:07,331 - INFO - Have successfully deleted id=1
2025-09-04 14:03:08,520 - INFO - All parameters updated
2025-09-04 14:03:08,520 - INFO - Callback->Connection completed [radio://0/80/2M/E7E7E7E7E6]
2025-09-04 14:03:08,629 - INFO - Have successfully started logging for id=2
2025-09-04 14:03:15,127 - INFO - Waiting for position estimator...
2025-09-04 14:03:15,132 - INFO - Have successfully stopped logging for id=2
2025-09-04 14:03:15,134 - INFO - Have successfully deleted id=2
2025-09-04 14:03:15,141 - INFO - Have successfully started logging for id=3
2025-09-04 14:03:16,141 - INFO - Position estimator ready
2025-09-04 14:03:16,142 - INFO - Controller parameters optimized
2025-09-04 14:03:16,145 - INFO - Have successfully stopped logging for id=3
2025-09-04 14:03:16,147 - INFO - Have successfully deleted id=3
2025-09-04 14:03:18,568 - INFO - Start collection (slot:10ms)
2025-09-04 14:03:18,569 - INFO - Data collector started
2025-09-04 14:03:18,570 - INFO - Position manager started
2025-09-04 14:03:18,576 - INFO - Have successfully started logging for id=4
2025-09-04 14:03:18,581 - INFO - Have successfully started logging for id=5
2025-09-04 14:03:18,582 - INFO - Have successfully started logging for id=6
2025-09-04 14:03:18,670 - INFO - Position manager data flow is normal
2025-09-04 14:03:20,670 - INFO - Current position: (0.021, 0.065, 0.024, 89.9째)
2025-09-04 14:03:20,671 - INFO - Using absolute coordinate system, ignoring takeoff position offset
2025-09-04 14:03:21,671 - INFO - Pre-flight stabilization to first waypoint: (0.000, 0.000, 0.400)
2025-09-04 14:03:21,821 - INFO - Waypoint1: absolute coordinates(0.000, 0.000, 0.400, yaw=90.0째)
2025-09-04 14:03:21,821 - INFO - Flying to coordinate: (0.000, 0.000, 0.400)
2025-09-04 14:03:22,981 - INFO - Approaching target (error=0.142m), entering stabilization phase
2025-09-04 14:03:23,471 - INFO - Reached waypoint (error=0.050m, stable_count=30)
2025-09-04 14:03:24,072 - INFO - Waypoint2: absolute coordinates(0.000, 0.000, 0.800, yaw=90.0째)
2025-09-04 14:03:24,072 - INFO - Flying to coordinate: (0.000, 0.000, 0.800)
2025-09-04 14:03:24,632 - INFO - Approaching target (error=0.148m), entering stabilization phase
2025-09-04 14:03:28,962 - INFO - Reached waypoint (error=0.070m, stable_count=30)
2025-09-04 14:03:29,562 - INFO - Waypoint3: absolute coordinates(0.000, 0.000, 0.400, yaw=90.0째)
2025-09-04 14:03:29,562 - INFO - Flying to coordinate: (0.000, 0.000, 0.400)
2025-09-04 14:03:30,322 - INFO - Approaching target (error=0.136m), entering stabilization phase
2025-09-04 14:03:30,912 - INFO - Reached waypoint (error=0.032m, stable_count=30)
2025-09-04 14:03:31,513 - INFO - Returning to origin and landing...
2025-09-04 14:03:31,513 - INFO - Flying to coordinate: (0.000, 0.000, 0.200)
2025-09-04 14:03:31,773 - INFO - Approaching target (error=0.147m), entering stabilization phase
2025-09-04 14:03:32,363 - INFO - Reached waypoint (error=0.048m, stable_count=30)
2025-09-04 14:03:32,363 - INFO - Landing...
2025-09-04 14:03:32,364 - INFO - Landing complete
2025-09-04 14:03:32,369 - INFO - Have successfully stopped logging for id=6
2025-09-04 14:03:32,465 - INFO - Position manager stopped
2025-09-04 14:03:32,467 - INFO - Flight mission complete
2025-09-04 14:03:32,467 - INFO - Stopping data collector...
2025-09-04 14:03:32,468 - INFO - Collection complete - stats: {'created': 1390, 'complete': 1390, 'merged': 0, 'dropped': 0}
2025-09-04 14:03:32,474 - INFO - Have successfully stopped logging for id=4
2025-09-04 14:03:32,475 - INFO - Have successfully stopped logging for id=5
2025-09-04 14:03:32,516 - INFO - Data saved: training_data/vertical_med_20250904_140332.json
2025-09-04 14:03:32,516 - INFO - States: 1390, Commands: 919, Duration: 13.9s
2025-09-04 14:03:32,516 - INFO - Successfully saved 1390 state data points
2025-09-04 14:03:32,516 - INFO - Successfully saved 919 control commands
2025-09-04 14:03:32,517 - INFO - Closing link
2025-09-04 14:03:32,517 - INFO - Callback->Disconnected from [radio://0/80/2M/E7E7E7E7E6]
