2025-09-05 16:33:55,841 - INFO - === Fixed continuous data collector ===
2025-09-05 16:33:55,841 - INFO - Mission: triangle_med
2025-09-05 16:33:55,841 - INFO - Waypoints (absolute coordinates): [(0, 0, 0.6), (0.5, 0, 0.6), (0.25, 0.5, 0.6), (0, 0, 0.6)]
2025-09-05 16:33:55,841 - INFO - Callback->Connection initialized[radio://0/80/2M/E7E7E7E7E6]
2025-09-05 16:33:56,092 - INFO - We are connected[radio://0/80/2M/E7E7E7E7E6], request connection setup
2025-09-05 16:33:56,092 - INFO - Request _request_protocol_version()
2025-09-05 16:33:56,094 - INFO - Callback->Connected to [radio://0/80/2M/E7E7E7E7E6]
2025-09-05 16:33:56,100 - INFO - _crt_service_callback
2025-09-05 16:33:56,100 - INFO - Request protocol version
2025-09-05 16:33:56,105 - INFO - _platform_callback
2025-09-05 16:33:56,105 - INFO - Protocol version (platform): 9
2025-09-05 16:33:56,117 - INFO - TOC for port [5] found in cache
2025-09-05 16:33:56,117 - INFO - Log TOC finished updating
2025-09-05 16:33:56,120 - INFO - 6 memories found
2025-09-05 16:33:56,198 - INFO - Memories finished updating
2025-09-05 16:33:56,204 - INFO - TOC for port [2] found in cache
2025-09-05 16:33:56,651 - INFO - Param TOC finished updating
2025-09-05 16:33:56,651 - INFO - Callback->Connection setup finished [radio://0/80/2M/E7E7E7E7E6]
2025-09-05 16:33:56,652 - INFO - Connected: radio://0/80/2M/E7E7E7E7E6
2025-09-05 16:33:56,660 - INFO - Have successfully started logging for id=1
2025-09-05 16:33:56,760 - INFO - Battery: 3.89V (safe)
2025-09-05 16:33:56,761 - INFO - Battery check passed: 3.89V
2025-09-05 16:33:56,761 - INFO - Initializing position estimator to origin...
2025-09-05 16:33:56,764 - INFO - Have successfully stopped logging for id=1
2025-09-05 16:33:56,764 - INFO - Have successfully deleted id=1
2025-09-05 16:33:57,918 - INFO - All parameters updated
2025-09-05 16:33:57,918 - INFO - Callback->Connection completed [radio://0/80/2M/E7E7E7E7E6]
2025-09-05 16:33:58,026 - INFO - Have successfully started logging for id=2
2025-09-05 16:34:04,522 - INFO - Waiting for position estimator...
2025-09-05 16:34:04,524 - INFO - Have successfully stopped logging for id=2
2025-09-05 16:34:04,525 - INFO - Have successfully deleted id=2
2025-09-05 16:34:04,530 - INFO - Have successfully started logging for id=3
2025-09-05 16:34:05,529 - INFO - Position estimator ready
2025-09-05 16:34:05,529 - INFO - Controller parameters optimized
2025-09-05 16:34:05,532 - INFO - Have successfully stopped logging for id=3
2025-09-05 16:34:05,533 - INFO - Have successfully deleted id=3
2025-09-05 16:34:08,503 - INFO - Start collection (slot:10ms)
2025-09-05 16:34:08,504 - INFO - Data collector started
2025-09-05 16:34:08,505 - INFO - Position manager started
2025-09-05 16:34:08,512 - INFO - Have successfully started logging for id=4
2025-09-05 16:34:08,514 - INFO - Have successfully started logging for id=5
2025-09-05 16:34:08,515 - INFO - Have successfully started logging for id=6
2025-09-05 16:34:08,606 - INFO - Position manager data flow is normal
2025-09-05 16:34:10,606 - INFO - Current position: (-0.020, 0.020, 0.004, 89.7°)
2025-09-05 16:34:10,606 - INFO - Using absolute coordinate system, ignoring takeoff position offset
2025-09-05 16:34:11,606 - INFO - Pre-flight stabilization to first waypoint: (0.000, 0.000, 0.600)
2025-09-05 16:34:11,757 - INFO - Waypoint1: absolute coordinates(0.000, 0.000, 0.600, yaw=90.0°)
2025-09-05 16:34:11,758 - INFO - Flying to coordinate: (0.000, 0.000, 0.600)
2025-09-05 16:34:12,818 - INFO - Approaching target (error=0.134m), entering stabilization phase
2025-09-05 16:34:13,310 - INFO - Reached waypoint (error=0.028m, stable_count=30)
2025-09-05 16:34:13,919 - INFO - Waypoint2: absolute coordinates(0.500, 0.000, 0.600, yaw=90.0°)
2025-09-05 16:34:13,919 - INFO - Flying to coordinate: (0.500, 0.000, 0.600)
2025-09-05 16:34:14,669 - INFO - Approaching target (error=0.143m), entering stabilization phase
2025-09-05 16:34:17,159 - INFO - Reached waypoint (error=0.074m, stable_count=30)
2025-09-05 16:34:17,762 - INFO - Waypoint3: absolute coordinates(0.250, 0.500, 0.600, yaw=90.0°)
2025-09-05 16:34:17,762 - INFO - Flying to coordinate: (0.250, 0.500, 0.600)
2025-09-05 16:34:18,462 - INFO - Approaching target (error=0.147m), entering stabilization phase
2025-09-05 16:34:18,852 - INFO - Reached waypoint (error=0.077m, stable_count=30)
2025-09-05 16:34:19,452 - INFO - Waypoint4: absolute coordinates(0.000, 0.000, 0.600, yaw=90.0°)
2025-09-05 16:34:19,452 - INFO - Flying to coordinate: (0.000, 0.000, 0.600)
2025-09-05 16:34:20,512 - INFO - Approaching target (error=0.144m), entering stabilization phase
2025-09-05 16:34:21,952 - INFO - Reached waypoint (error=0.048m, stable_count=30)
2025-09-05 16:34:22,553 - INFO - Returning to origin and landing...
2025-09-05 16:34:22,553 - INFO - Flying to coordinate: (0.000, 0.000, 0.200)
2025-09-05 16:34:23,353 - INFO - Approaching target (error=0.147m), entering stabilization phase
2025-09-05 16:34:24,243 - INFO - Reached waypoint (error=0.074m, stable_count=30)
2025-09-05 16:34:24,243 - INFO - Landing...
2025-09-05 16:34:24,243 - INFO - Landing complete
2025-09-05 16:34:24,248 - INFO - Have successfully stopped logging for id=6
2025-09-05 16:34:24,344 - INFO - Position manager stopped
2025-09-05 16:34:24,345 - INFO - Flight mission complete
2025-09-05 16:34:24,345 - INFO - Stopping data collector...
2025-09-05 16:34:24,347 - INFO - Collection complete - stats: {'created': 1585, 'complete': 1583, 'merged': 0, 'dropped': 1}
2025-09-05 16:34:24,356 - INFO - Have successfully stopped logging for id=4
2025-09-05 16:34:24,357 - INFO - Have successfully stopped logging for id=5
2025-09-05 16:34:24,403 - INFO - Data saved: training_data/triangle_med_20250905_163424.json
2025-09-05 16:34:24,403 - INFO - States: 1583, Commands: 1065, Duration: 15.8s
2025-09-05 16:34:24,403 - INFO - Successfully saved 1583 state data points
2025-09-05 16:34:24,403 - INFO - Successfully saved 1065 control commands
2025-09-05 16:34:24,403 - INFO - Closing link
2025-09-05 16:34:24,404 - INFO - Callback->Disconnected from [radio://0/80/2M/E7E7E7E7E6]
