2025-09-05 16:02:27,217 - INFO - === Fixed continuous data collector ===
2025-09-05 16:02:27,218 - INFO - Mission: triangle_small
2025-09-05 16:02:27,218 - INFO - Waypoints (absolute coordinates): [(0, 0, 0.6), (0.4, 0, 0.6), (0.2, 0.4, 0.6), (0, 0, 0.6)]
2025-09-05 16:02:27,218 - INFO - Callback->Connection initialized[radio://0/80/2M/E7E7E7E7E6]
2025-09-05 16:02:27,468 - INFO - We are connected[radio://0/80/2M/E7E7E7E7E6], request connection setup
2025-09-05 16:02:27,468 - INFO - Request _request_protocol_version()
2025-09-05 16:02:27,470 - INFO - Callback->Connected to [radio://0/80/2M/E7E7E7E7E6]
2025-09-05 16:02:27,474 - INFO - _crt_service_callback
2025-09-05 16:02:27,474 - INFO - Request protocol version
2025-09-05 16:02:27,478 - INFO - _platform_callback
2025-09-05 16:02:27,478 - INFO - Protocol version (platform): 9
2025-09-05 16:02:27,491 - INFO - TOC for port [5] found in cache
2025-09-05 16:02:27,491 - INFO - Log TOC finished updating
2025-09-05 16:02:27,495 - INFO - 6 memories found
2025-09-05 16:02:27,573 - INFO - Memories finished updating
2025-09-05 16:02:27,581 - INFO - TOC for port [2] found in cache
2025-09-05 16:02:28,131 - INFO - Param TOC finished updating
2025-09-05 16:02:28,131 - INFO - Callback->Connection setup finished [radio://0/80/2M/E7E7E7E7E6]
2025-09-05 16:02:28,132 - INFO - Connected: radio://0/80/2M/E7E7E7E7E6
2025-09-05 16:02:28,147 - INFO - Have successfully started logging for id=1
2025-09-05 16:02:28,249 - INFO - Battery: 3.92V (safe)
2025-09-05 16:02:28,250 - INFO - Battery check passed: 3.92V
2025-09-05 16:02:28,250 - INFO - Initializing position estimator to origin...
2025-09-05 16:02:28,253 - INFO - Have successfully stopped logging for id=1
2025-09-05 16:02:28,254 - INFO - Have successfully deleted id=1
2025-09-05 16:02:29,777 - INFO - All parameters updated
2025-09-05 16:02:29,777 - INFO - Callback->Connection completed [radio://0/80/2M/E7E7E7E7E6]
2025-09-05 16:02:29,886 - INFO - Have successfully started logging for id=2
2025-09-05 16:02:37,879 - INFO - Waiting for position estimator...
2025-09-05 16:02:37,882 - INFO - Have successfully stopped logging for id=2
2025-09-05 16:02:37,883 - INFO - Have successfully deleted id=2
2025-09-05 16:02:37,889 - INFO - Have successfully started logging for id=3
2025-09-05 16:02:38,889 - INFO - Position estimator ready
2025-09-05 16:02:38,890 - INFO - Controller parameters optimized
2025-09-05 16:02:38,893 - INFO - Have successfully stopped logging for id=3
2025-09-05 16:02:38,894 - INFO - Have successfully deleted id=3
2025-09-05 16:02:41,066 - INFO - Start collection (slot:10ms)
2025-09-05 16:02:41,067 - INFO - Data collector started
2025-09-05 16:02:41,068 - INFO - Position manager started
2025-09-05 16:02:41,078 - INFO - Have successfully started logging for id=4
2025-09-05 16:02:41,079 - INFO - Have successfully started logging for id=5
2025-09-05 16:02:41,082 - INFO - Have successfully started logging for id=6
2025-09-05 16:02:41,168 - INFO - Position manager data flow is normal
2025-09-05 16:02:43,168 - INFO - Current position: (0.010, 0.027, 0.037, 90.0°)
2025-09-05 16:02:43,168 - INFO - Using absolute coordinate system, ignoring takeoff position offset
2025-09-05 16:02:44,169 - INFO - Pre-flight stabilization to first waypoint: (0.000, 0.000, 0.600)
2025-09-05 16:02:44,319 - INFO - Waypoint1: absolute coordinates(0.000, 0.000, 0.600, yaw=90.0°)
2025-09-05 16:02:44,319 - INFO - Flying to coordinate: (0.000, 0.000, 0.600)
2025-09-05 16:02:45,329 - INFO - Approaching target (error=0.146m), entering stabilization phase
2025-09-05 16:02:45,819 - INFO - Reached waypoint (error=0.022m, stable_count=30)
2025-09-05 16:02:46,419 - INFO - Waypoint2: absolute coordinates(0.400, 0.000, 0.600, yaw=90.0°)
2025-09-05 16:02:46,419 - INFO - Flying to coordinate: (0.400, 0.000, 0.600)
2025-09-05 16:02:47,230 - INFO - Approaching target (error=0.124m), entering stabilization phase
2025-09-05 16:02:50,220 - INFO - Reached waypoint (error=0.064m, stable_count=30)
2025-09-05 16:02:50,820 - INFO - Waypoint3: absolute coordinates(0.200, 0.400, 0.600, yaw=90.0°)
2025-09-05 16:02:50,820 - INFO - Flying to coordinate: (0.200, 0.400, 0.600)
2025-09-05 16:02:51,440 - INFO - Approaching target (error=0.133m), entering stabilization phase
2025-09-05 16:02:52,470 - INFO - Reached waypoint (error=0.040m, stable_count=30)
2025-09-05 16:02:53,070 - INFO - Waypoint4: absolute coordinates(0.000, 0.000, 0.600, yaw=90.0°)
2025-09-05 16:02:53,070 - INFO - Flying to coordinate: (0.000, 0.000, 0.600)
2025-09-05 16:02:54,070 - INFO - Approaching target (error=0.130m), entering stabilization phase
2025-09-05 16:02:55,610 - INFO - Reached waypoint (error=0.051m, stable_count=30)
2025-09-05 16:02:56,211 - INFO - Returning to origin and landing...
2025-09-05 16:02:56,211 - INFO - Flying to coordinate: (0.000, 0.000, 0.200)
2025-09-05 16:02:56,921 - INFO - Approaching target (error=0.140m), entering stabilization phase
2025-09-05 16:02:57,339 - WARNING - Control timing drift detected - resyncing
2025-09-05 16:02:57,536 - INFO - Reached waypoint (error=0.040m, stable_count=30)
2025-09-05 16:02:57,536 - INFO - Landing...
2025-09-05 16:02:57,538 - INFO - Landing complete
2025-09-05 16:02:57,546 - INFO - Have successfully stopped logging for id=6
2025-09-05 16:02:57,640 - INFO - Position manager stopped
2025-09-05 16:02:57,642 - INFO - Flight mission complete
2025-09-05 16:02:57,642 - INFO - Stopping data collector...
2025-09-05 16:02:57,646 - INFO - Collection complete - stats: {'created': 1658, 'complete': 1656, 'merged': 0, 'dropped': 1}
2025-09-05 16:02:57,656 - INFO - Have successfully stopped logging for id=4
2025-09-05 16:02:57,657 - INFO - Have successfully stopped logging for id=5
2025-09-05 16:02:57,703 - INFO - Data saved: training_data/triangle_small_20250905_160257.json
2025-09-05 16:02:57,703 - INFO - States: 1656, Commands: 1134, Duration: 16.6s
2025-09-05 16:02:57,704 - INFO - Successfully saved 1656 state data points
2025-09-05 16:02:57,704 - INFO - Successfully saved 1134 control commands
2025-09-05 16:02:57,704 - INFO - Closing link
2025-09-05 16:02:57,705 - INFO - Callback->Disconnected from [radio://0/80/2M/E7E7E7E7E6]
