2025-09-05 15:40:09,940 - INFO - === Fixed continuous data collector ===
2025-09-05 15:40:09,941 - INFO - Mission: triangle_small
2025-09-05 15:40:09,941 - INFO - Waypoints (absolute coordinates): [(0, 0, 0.6), (0.4, 0, 0.6), (0.2, 0.4, 0.6), (0, 0, 0.6)]
2025-09-05 15:40:09,941 - INFO - Callback->Connection initialized[radio://0/80/2M/E7E7E7E7E6]
2025-09-05 15:40:10,192 - INFO - We are connected[radio://0/80/2M/E7E7E7E7E6], request connection setup
2025-09-05 15:40:10,192 - INFO - Request _request_protocol_version()
2025-09-05 15:40:10,195 - INFO - Callback->Connected to [radio://0/80/2M/E7E7E7E7E6]
2025-09-05 15:40:10,198 - INFO - _crt_service_callback
2025-09-05 15:40:10,199 - INFO - Request protocol version
2025-09-05 15:40:10,203 - INFO - _platform_callback
2025-09-05 15:40:10,203 - INFO - Protocol version (platform): 9
2025-09-05 15:40:10,217 - INFO - TOC for port [5] found in cache
2025-09-05 15:40:10,217 - INFO - Log TOC finished updating
2025-09-05 15:40:10,219 - INFO - 6 memories found
2025-09-05 15:40:10,298 - INFO - Memories finished updating
2025-09-05 15:40:10,305 - INFO - TOC for port [2] found in cache
2025-09-05 15:40:10,819 - INFO - Param TOC finished updating
2025-09-05 15:40:10,819 - INFO - Callback->Connection setup finished [radio://0/80/2M/E7E7E7E7E6]
2025-09-05 15:40:10,820 - INFO - Connected: radio://0/80/2M/E7E7E7E7E6
2025-09-05 15:40:10,835 - INFO - Have successfully started logging for id=1
2025-09-05 15:40:10,936 - INFO - Battery: 3.83V (safe)
2025-09-05 15:40:10,939 - INFO - Battery check passed: 3.83V
2025-09-05 15:40:10,939 - INFO - Initializing position estimator to origin...
2025-09-05 15:40:10,944 - INFO - Have successfully stopped logging for id=1
2025-09-05 15:40:10,944 - INFO - Have successfully deleted id=1
2025-09-05 15:40:12,277 - INFO - All parameters updated
2025-09-05 15:40:12,277 - INFO - Callback->Connection completed [radio://0/80/2M/E7E7E7E7E6]
2025-09-05 15:40:12,393 - INFO - Have successfully started logging for id=2
2025-09-05 15:40:18,891 - INFO - Waiting for position estimator...
2025-09-05 15:40:18,896 - INFO - Have successfully stopped logging for id=2
2025-09-05 15:40:18,897 - INFO - Have successfully deleted id=2
2025-09-05 15:40:18,905 - INFO - Have successfully started logging for id=3
2025-09-05 15:40:19,903 - INFO - Position estimator ready
2025-09-05 15:40:19,904 - INFO - Controller parameters optimized
2025-09-05 15:40:19,908 - INFO - Have successfully stopped logging for id=3
2025-09-05 15:40:19,908 - INFO - Have successfully deleted id=3
2025-09-05 15:40:21,851 - INFO - Start collection (slot:10ms)
2025-09-05 15:40:21,852 - INFO - Data collector started
2025-09-05 15:40:21,853 - INFO - Position manager started
2025-09-05 15:40:21,860 - INFO - Have successfully started logging for id=4
2025-09-05 15:40:21,861 - INFO - Have successfully started logging for id=5
2025-09-05 15:40:21,863 - INFO - Have successfully started logging for id=6
2025-09-05 15:40:21,953 - INFO - Position manager data flow is normal
2025-09-05 15:40:23,953 - INFO - Current position: (0.004, 0.029, 0.024, 90.7°)
2025-09-05 15:40:23,953 - INFO - Using absolute coordinate system, ignoring takeoff position offset
2025-09-05 15:40:24,953 - INFO - Pre-flight stabilization to first waypoint: (0.000, 0.000, 0.600)
2025-09-05 15:40:25,103 - INFO - Waypoint1: absolute coordinates(0.000, 0.000, 0.600, yaw=90.0°)
2025-09-05 15:40:25,103 - INFO - Flying to coordinate: (0.000, 0.000, 0.600)
2025-09-05 15:40:26,114 - INFO - Approaching target (error=0.138m), entering stabilization phase
2025-09-05 15:40:26,654 - INFO - Reached waypoint (error=0.038m, stable_count=30)
2025-09-05 15:40:27,254 - INFO - Waypoint2: absolute coordinates(0.400, 0.000, 0.600, yaw=90.0°)
2025-09-05 15:40:27,254 - INFO - Flying to coordinate: (0.400, 0.000, 0.600)
2025-09-05 15:40:28,014 - INFO - Approaching target (error=0.135m), entering stabilization phase
2025-09-05 15:40:30,054 - INFO - Reached waypoint (error=0.074m, stable_count=30)
2025-09-05 15:40:30,655 - INFO - Waypoint3: absolute coordinates(0.200, 0.400, 0.600, yaw=90.0°)
2025-09-05 15:40:30,655 - INFO - Flying to coordinate: (0.200, 0.400, 0.600)
2025-09-05 15:40:31,315 - INFO - Approaching target (error=0.122m), entering stabilization phase
2025-09-05 15:40:31,705 - INFO - Reached waypoint (error=0.058m, stable_count=30)
2025-09-05 15:40:32,305 - INFO - Waypoint4: absolute coordinates(0.000, 0.000, 0.600, yaw=90.0°)
2025-09-05 15:40:32,305 - INFO - Flying to coordinate: (0.000, 0.000, 0.600)
2025-09-05 15:40:34,055 - INFO - Approaching target (error=0.140m), entering stabilization phase
2025-09-05 15:40:34,595 - INFO - Reached waypoint (error=0.033m, stable_count=30)
2025-09-05 15:40:35,196 - INFO - Returning to origin and landing...
2025-09-05 15:40:35,196 - INFO - Flying to coordinate: (0.000, 0.000, 0.200)
2025-09-05 15:40:35,856 - INFO - Approaching target (error=0.144m), entering stabilization phase
2025-09-05 15:40:36,496 - INFO - Reached waypoint (error=0.040m, stable_count=30)
2025-09-05 15:40:36,496 - INFO - Landing...
2025-09-05 15:40:36,496 - INFO - Landing complete
2025-09-05 15:40:36,502 - INFO - Have successfully stopped logging for id=6
2025-09-05 15:40:36,597 - INFO - Position manager stopped
2025-09-05 15:40:36,600 - INFO - Flight mission complete
2025-09-05 15:40:36,600 - INFO - Stopping data collector...
2025-09-05 15:40:36,602 - INFO - Collection complete - stats: {'created': 1475, 'complete': 1475, 'merged': 0, 'dropped': 0}
2025-09-05 15:40:36,608 - INFO - Have successfully stopped logging for id=4
2025-09-05 15:40:36,611 - INFO - Have successfully stopped logging for id=5
2025-09-05 15:40:36,652 - INFO - Data saved: training_data/triangle_small_20250905_154036.json
2025-09-05 15:40:36,652 - INFO - States: 1475, Commands: 954, Duration: 14.7s
2025-09-05 15:40:36,653 - INFO - Successfully saved 1475 state data points
2025-09-05 15:40:36,653 - INFO - Successfully saved 954 control commands
2025-09-05 15:40:36,653 - INFO - Closing link
2025-09-05 15:40:36,653 - INFO - Callback->Disconnected from [radio://0/80/2M/E7E7E7E7E6]
