2025-09-05 14:03:59,925 - INFO - === Fixed continuous data collector ===
2025-09-05 14:03:59,925 - INFO - Mission: square_med
2025-09-05 14:03:59,925 - INFO - Waypoints (absolute coordinates): [(0, 0, 0.4), (0.5, 0, 0.4), (0.5, 0.5, 0.4), (0, 0.5, 0.4), (0, 0, 0.4)]
2025-09-05 14:03:59,926 - INFO - Callback->Connection initialized[radio://0/80/2M/E7E7E7E7E6]
2025-09-05 14:04:00,176 - INFO - We are connected[radio://0/80/2M/E7E7E7E7E6], request connection setup
2025-09-05 14:04:00,176 - INFO - Request _request_protocol_version()
2025-09-05 14:04:00,178 - INFO - Callback->Connected to [radio://0/80/2M/E7E7E7E7E6]
2025-09-05 14:04:00,182 - INFO - _crt_service_callback
2025-09-05 14:04:00,182 - INFO - Request protocol version
2025-09-05 14:04:00,185 - INFO - _platform_callback
2025-09-05 14:04:00,185 - INFO - Protocol version (platform): 9
2025-09-05 14:04:00,195 - INFO - TOC for port [5] found in cache
2025-09-05 14:04:00,195 - INFO - Log TOC finished updating
2025-09-05 14:04:00,198 - INFO - 6 memories found
2025-09-05 14:04:00,275 - INFO - Memories finished updating
2025-09-05 14:04:00,281 - INFO - TOC for port [2] found in cache
2025-09-05 14:04:00,763 - INFO - Param TOC finished updating
2025-09-05 14:04:00,763 - INFO - Callback->Connection setup finished [radio://0/80/2M/E7E7E7E7E6]
2025-09-05 14:04:00,764 - INFO - Connected: radio://0/80/2M/E7E7E7E7E6
2025-09-05 14:04:00,774 - INFO - Have successfully started logging for id=1
2025-09-05 14:04:00,874 - INFO - Battery: 4.05V (safe)
2025-09-05 14:04:00,876 - INFO - Battery check passed: 4.05V
2025-09-05 14:04:00,876 - INFO - Initializing position estimator to origin...
2025-09-05 14:04:00,878 - INFO - Have successfully stopped logging for id=1
2025-09-05 14:04:00,879 - INFO - Have successfully deleted id=1
2025-09-05 14:04:01,887 - INFO - All parameters updated
2025-09-05 14:04:01,887 - INFO - Callback->Connection completed [radio://0/80/2M/E7E7E7E7E6]
2025-09-05 14:04:01,999 - INFO - Have successfully started logging for id=2
2025-09-05 14:04:08,494 - INFO - Waiting for position estimator...
2025-09-05 14:04:08,497 - INFO - Have successfully stopped logging for id=2
2025-09-05 14:04:08,498 - INFO - Have successfully deleted id=2
2025-09-05 14:04:08,503 - INFO - Have successfully started logging for id=3
2025-09-05 14:04:09,502 - INFO - Position estimator ready
2025-09-05 14:04:09,502 - INFO - Controller parameters optimized
2025-09-05 14:04:09,505 - INFO - Have successfully stopped logging for id=3
2025-09-05 14:04:09,506 - INFO - Have successfully deleted id=3
2025-09-05 14:04:11,618 - INFO - Start collection (slot:10ms)
2025-09-05 14:04:11,622 - INFO - Data collector started
2025-09-05 14:04:11,623 - INFO - Position manager started
2025-09-05 14:04:11,630 - INFO - Have successfully started logging for id=4
2025-09-05 14:04:11,632 - INFO - Have successfully started logging for id=5
2025-09-05 14:04:11,633 - INFO - Have successfully started logging for id=6
2025-09-05 14:04:11,723 - INFO - Position manager data flow is normal
2025-09-05 14:04:13,723 - INFO - Current position: (0.003, 0.046, 0.044, 89.9°)
2025-09-05 14:04:13,723 - INFO - Using absolute coordinate system, ignoring takeoff position offset
2025-09-05 14:04:14,723 - INFO - Pre-flight stabilization to first waypoint: (0.000, 0.000, 0.400)
2025-09-05 14:04:14,873 - INFO - Waypoint1: absolute coordinates(0.000, 0.000, 0.400, yaw=90.0°)
2025-09-05 14:04:14,874 - INFO - Flying to coordinate: (0.000, 0.000, 0.400)
2025-09-05 14:04:15,735 - WARNING - Control timing drift detected - resyncing
2025-09-05 14:04:15,934 - INFO - Approaching target (error=0.145m), entering stabilization phase
2025-09-05 14:04:16,573 - INFO - Reached waypoint (error=0.030m, stable_count=30)
2025-09-05 14:04:17,174 - INFO - Waypoint2: absolute coordinates(0.500, 0.000, 0.400, yaw=90.0°)
2025-09-05 14:04:17,174 - INFO - Flying to coordinate: (0.500, 0.000, 0.400)
2025-09-05 14:04:17,934 - INFO - Approaching target (error=0.134m), entering stabilization phase
2025-09-05 14:04:19,724 - INFO - Reached waypoint (error=0.053m, stable_count=30)
2025-09-05 14:04:20,325 - INFO - Waypoint3: absolute coordinates(0.500, 0.500, 0.400, yaw=90.0°)
2025-09-05 14:04:20,325 - INFO - Flying to coordinate: (0.500, 0.500, 0.400)
2025-09-05 14:04:20,985 - INFO - Approaching target (error=0.144m), entering stabilization phase
2025-09-05 14:04:21,825 - INFO - Reached waypoint (error=0.031m, stable_count=30)
2025-09-05 14:04:22,426 - INFO - Waypoint4: absolute coordinates(0.000, 0.500, 0.400, yaw=90.0°)
2025-09-05 14:04:22,426 - INFO - Flying to coordinate: (0.000, 0.500, 0.400)
2025-09-05 14:04:23,076 - INFO - Approaching target (error=0.111m), entering stabilization phase
2025-09-05 14:04:23,416 - INFO - Reached waypoint (error=0.026m, stable_count=30)
2025-09-05 14:04:24,017 - INFO - Waypoint5: absolute coordinates(0.000, 0.000, 0.400, yaw=90.0°)
2025-09-05 14:04:24,017 - INFO - Flying to coordinate: (0.000, 0.000, 0.400)
2025-09-05 14:04:24,777 - INFO - Approaching target (error=0.137m), entering stabilization phase
2025-09-05 14:04:25,217 - INFO - Reached waypoint (error=0.045m, stable_count=30)
2025-09-05 14:04:25,819 - INFO - Returning to origin and landing...
2025-09-05 14:04:25,819 - INFO - Flying to coordinate: (0.000, 0.000, 0.200)
2025-09-05 14:04:26,279 - INFO - Approaching target (error=0.141m), entering stabilization phase
2025-09-05 14:04:27,269 - INFO - Reached waypoint (error=0.060m, stable_count=30)
2025-09-05 14:04:27,269 - INFO - Landing...
2025-09-05 14:04:27,270 - INFO - Landing complete
2025-09-05 14:04:27,274 - INFO - Have successfully stopped logging for id=6
2025-09-05 14:04:27,370 - INFO - Position manager stopped
2025-09-05 14:04:27,372 - INFO - Flight mission complete
2025-09-05 14:04:27,372 - INFO - Stopping data collector...
2025-09-05 14:04:27,374 - INFO - Collection complete - stats: {'created': 1575, 'complete': 1575, 'merged': 0, 'dropped': 0}
2025-09-05 14:04:27,382 - INFO - Have successfully stopped logging for id=4
2025-09-05 14:04:27,386 - INFO - Have successfully stopped logging for id=5
2025-09-05 14:04:27,429 - INFO - Data saved: training_data/square_med_20250905_140427.json
2025-09-05 14:04:27,429 - INFO - States: 1575, Commands: 1004, Duration: 15.7s
2025-09-05 14:04:27,429 - INFO - Successfully saved 1575 state data points
2025-09-05 14:04:27,429 - INFO - Successfully saved 1004 control commands
2025-09-05 14:04:27,429 - INFO - Closing link
2025-09-05 14:04:27,430 - INFO - Callback->Disconnected from [radio://0/80/2M/E7E7E7E7E6]
