2025-09-05 13:18:19,697 - INFO - === Fixed continuous data collector ===
2025-09-05 13:18:19,697 - INFO - Mission: square_med
2025-09-05 13:18:19,697 - INFO - Waypoints (absolute coordinates): [(0, 0, 0.4), (0.5, 0, 0.4), (0.5, 0.5, 0.4), (0, 0.5, 0.4), (0, 0, 0.4)]
2025-09-05 13:18:19,698 - INFO - Callback->Connection initialized[radio://0/80/2M/E7E7E7E7E6]
2025-09-05 13:18:19,949 - INFO - We are connected[radio://0/80/2M/E7E7E7E7E6], request connection setup
2025-09-05 13:18:19,949 - INFO - Request _request_protocol_version()
2025-09-05 13:18:19,951 - INFO - Callback->Connected to [radio://0/80/2M/E7E7E7E7E6]
2025-09-05 13:18:19,955 - INFO - _crt_service_callback
2025-09-05 13:18:19,955 - INFO - Request protocol version
2025-09-05 13:18:19,961 - INFO - _platform_callback
2025-09-05 13:18:19,961 - INFO - Protocol version (platform): 9
2025-09-05 13:18:19,971 - INFO - TOC for port [5] found in cache
2025-09-05 13:18:19,971 - INFO - Log TOC finished updating
2025-09-05 13:18:19,976 - INFO - 6 memories found
2025-09-05 13:18:20,055 - INFO - Memories finished updating
2025-09-05 13:18:20,061 - INFO - TOC for port [2] found in cache
2025-09-05 13:18:20,570 - INFO - Param TOC finished updating
2025-09-05 13:18:20,570 - INFO - Callback->Connection setup finished [radio://0/80/2M/E7E7E7E7E6]
2025-09-05 13:18:20,571 - INFO - Connected: radio://0/80/2M/E7E7E7E7E6
2025-09-05 13:18:20,580 - INFO - Have successfully started logging for id=1
2025-09-05 13:18:20,680 - INFO - Battery: 4.06V (safe)
2025-09-05 13:18:20,681 - INFO - Battery check passed: 4.06V
2025-09-05 13:18:20,681 - INFO - Initializing position estimator to origin...
2025-09-05 13:18:20,686 - INFO - Have successfully stopped logging for id=1
2025-09-05 13:18:20,687 - INFO - Have successfully deleted id=1
2025-09-05 13:18:21,910 - INFO - All parameters updated
2025-09-05 13:18:21,911 - INFO - Callback->Connection completed [radio://0/80/2M/E7E7E7E7E6]
2025-09-05 13:18:22,020 - INFO - Have successfully started logging for id=2
2025-09-05 13:18:28,517 - INFO - Waiting for position estimator...
2025-09-05 13:18:28,520 - INFO - Have successfully stopped logging for id=2
2025-09-05 13:18:28,521 - INFO - Have successfully deleted id=2
2025-09-05 13:18:28,526 - INFO - Have successfully started logging for id=3
2025-09-05 13:18:29,527 - INFO - Position estimator ready
2025-09-05 13:18:29,528 - INFO - Controller parameters optimized
2025-09-05 13:18:29,534 - INFO - Have successfully stopped logging for id=3
2025-09-05 13:18:29,535 - INFO - Have successfully deleted id=3
2025-09-05 13:18:32,253 - INFO - Start collection (slot:10ms)
2025-09-05 13:18:32,254 - INFO - Data collector started
2025-09-05 13:18:32,257 - INFO - Position manager started
2025-09-05 13:18:32,267 - INFO - Have successfully started logging for id=4
2025-09-05 13:18:32,268 - INFO - Have successfully started logging for id=5
2025-09-05 13:18:32,270 - INFO - Have successfully started logging for id=6
2025-09-05 13:18:32,357 - INFO - Position manager data flow is normal
2025-09-05 13:18:34,357 - INFO - Current position: (0.017, 0.028, -0.007, 90.1°)
2025-09-05 13:18:34,357 - INFO - Using absolute coordinate system, ignoring takeoff position offset
2025-09-05 13:18:35,358 - INFO - Pre-flight stabilization to first waypoint: (0.000, 0.000, 0.400)
2025-09-05 13:18:35,508 - INFO - Waypoint1: absolute coordinates(0.000, 0.000, 0.400, yaw=90.0°)
2025-09-05 13:18:35,508 - INFO - Flying to coordinate: (0.000, 0.000, 0.400)
2025-09-05 13:18:36,518 - INFO - Approaching target (error=0.143m), entering stabilization phase
2025-09-05 13:18:37,068 - INFO - Reached waypoint (error=0.036m, stable_count=30)
2025-09-05 13:18:37,668 - INFO - Waypoint2: absolute coordinates(0.500, 0.000, 0.400, yaw=90.0°)
2025-09-05 13:18:37,668 - INFO - Flying to coordinate: (0.500, 0.000, 0.400)
2025-09-05 13:18:38,468 - INFO - Approaching target (error=0.121m), entering stabilization phase
2025-09-05 13:18:40,308 - INFO - Reached waypoint (error=0.060m, stable_count=30)
2025-09-05 13:18:40,909 - INFO - Waypoint3: absolute coordinates(0.500, 0.500, 0.400, yaw=90.0°)
2025-09-05 13:18:40,909 - INFO - Flying to coordinate: (0.500, 0.500, 0.400)
2025-09-05 13:18:41,619 - INFO - Approaching target (error=0.150m), entering stabilization phase
2025-09-05 13:18:42,009 - INFO - Reached waypoint (error=0.074m, stable_count=30)
2025-09-05 13:18:42,610 - INFO - Waypoint4: absolute coordinates(0.000, 0.500, 0.400, yaw=90.0°)
2025-09-05 13:18:42,610 - INFO - Flying to coordinate: (0.000, 0.500, 0.400)
2025-09-05 13:18:43,321 - INFO - Approaching target (error=0.145m), entering stabilization phase
2025-09-05 13:18:43,711 - INFO - Reached waypoint (error=0.078m, stable_count=30)
2025-09-05 13:18:44,311 - INFO - Waypoint5: absolute coordinates(0.000, 0.000, 0.400, yaw=90.0°)
2025-09-05 13:18:44,311 - INFO - Flying to coordinate: (0.000, 0.000, 0.400)
2025-09-05 13:18:45,131 - INFO - Approaching target (error=0.132m), entering stabilization phase
2025-09-05 13:18:45,501 - INFO - Reached waypoint (error=0.079m, stable_count=30)
2025-09-05 13:18:46,101 - INFO - Returning to origin and landing...
2025-09-05 13:18:46,101 - INFO - Flying to coordinate: (0.000, 0.000, 0.200)
2025-09-05 13:18:46,561 - INFO - Approaching target (error=0.147m), entering stabilization phase
2025-09-05 13:18:47,351 - INFO - Reached waypoint (error=0.058m, stable_count=30)
2025-09-05 13:18:47,352 - INFO - Landing...
2025-09-05 13:18:47,352 - INFO - Landing complete
2025-09-05 13:18:47,357 - INFO - Have successfully stopped logging for id=6
2025-09-05 13:18:47,454 - INFO - Position manager stopped
2025-09-05 13:18:47,456 - INFO - Flight mission complete
2025-09-05 13:18:47,456 - INFO - Stopping data collector...
2025-09-05 13:18:47,458 - INFO - Collection complete - stats: {'created': 1521, 'complete': 1519, 'merged': 0, 'dropped': 1}
2025-09-05 13:18:47,465 - INFO - Have successfully stopped logging for id=4
2025-09-05 13:18:47,469 - INFO - Have successfully stopped logging for id=5
2025-09-05 13:18:47,510 - INFO - Data saved: training_data/square_med_20250905_131847.json
2025-09-05 13:18:47,510 - INFO - States: 1519, Commands: 950, Duration: 15.2s
2025-09-05 13:18:47,510 - INFO - Successfully saved 1519 state data points
2025-09-05 13:18:47,510 - INFO - Successfully saved 950 control commands
2025-09-05 13:18:47,510 - INFO - Closing link
2025-09-05 13:18:47,511 - INFO - Callback->Disconnected from [radio://0/80/2M/E7E7E7E7E6]
