2025-09-05 17:58:45,779 - INFO - === Fixed continuous data collector ===
2025-09-05 17:58:45,779 - INFO - Mission: triangle_large
2025-09-05 17:58:45,779 - INFO - Waypoints (absolute coordinates): [(0, 0, 0.6), (0.8, 0, 0.6), (0.4, 0.6, 0.6), (0, 0, 0.6)]
2025-09-05 17:58:45,780 - INFO - Callback->Connection initialized[radio://0/80/2M/E7E7E7E7E6]
2025-09-05 17:58:46,030 - INFO - We are connected[radio://0/80/2M/E7E7E7E7E6], request connection setup
2025-09-05 17:58:46,030 - INFO - Request _request_protocol_version()
2025-09-05 17:58:46,032 - INFO - Callback->Connected to [radio://0/80/2M/E7E7E7E7E6]
2025-09-05 17:58:46,035 - INFO - _crt_service_callback
2025-09-05 17:58:46,035 - INFO - Request protocol version
2025-09-05 17:58:46,038 - INFO - _platform_callback
2025-09-05 17:58:46,038 - INFO - Protocol version (platform): 9
2025-09-05 17:58:46,050 - INFO - TOC for port [5] found in cache
2025-09-05 17:58:46,050 - INFO - Log TOC finished updating
2025-09-05 17:58:46,053 - INFO - 6 memories found
2025-09-05 17:58:46,127 - INFO - Memories finished updating
2025-09-05 17:58:46,133 - INFO - TOC for port [2] found in cache
2025-09-05 17:58:46,558 - INFO - Param TOC finished updating
2025-09-05 17:58:46,559 - INFO - Callback->Connection setup finished [radio://0/80/2M/E7E7E7E7E6]
2025-09-05 17:58:46,560 - INFO - Connected: radio://0/80/2M/E7E7E7E7E6
2025-09-05 17:58:46,567 - INFO - Have successfully started logging for id=1
2025-09-05 17:58:46,668 - INFO - Battery: 3.92V (safe)
2025-09-05 17:58:46,669 - INFO - Battery check passed: 3.92V
2025-09-05 17:58:46,669 - INFO - Initializing position estimator to origin...
2025-09-05 17:58:46,671 - INFO - Have successfully stopped logging for id=1
2025-09-05 17:58:46,672 - INFO - Have successfully deleted id=1
2025-09-05 17:58:47,762 - INFO - All parameters updated
2025-09-05 17:58:47,762 - INFO - Callback->Connection completed [radio://0/80/2M/E7E7E7E7E6]
2025-09-05 17:58:47,869 - INFO - Have successfully started logging for id=2
2025-09-05 17:58:54,866 - INFO - Waiting for position estimator...
2025-09-05 17:58:54,869 - INFO - Have successfully stopped logging for id=2
2025-09-05 17:58:54,870 - INFO - Have successfully deleted id=2
2025-09-05 17:58:54,875 - INFO - Have successfully started logging for id=3
2025-09-05 17:58:55,873 - INFO - Position estimator ready
2025-09-05 17:58:55,875 - INFO - Controller parameters optimized
2025-09-05 17:58:55,877 - INFO - Have successfully stopped logging for id=3
2025-09-05 17:58:55,878 - INFO - Have successfully deleted id=3
2025-09-05 17:59:07,276 - INFO - Start collection (slot:10ms)
2025-09-05 17:59:07,278 - INFO - Data collector started
2025-09-05 17:59:07,279 - INFO - Position manager started
2025-09-05 17:59:07,291 - INFO - Have successfully started logging for id=4
2025-09-05 17:59:07,294 - INFO - Have successfully started logging for id=5
2025-09-05 17:59:07,295 - INFO - Have successfully started logging for id=6
2025-09-05 17:59:07,379 - INFO - Position manager data flow is normal
2025-09-05 17:59:09,380 - INFO - Current position: (-0.011, 0.003, 0.026, 90.7°)
2025-09-05 17:59:09,380 - INFO - Using absolute coordinate system, ignoring takeoff position offset
2025-09-05 17:59:10,380 - INFO - Pre-flight stabilization to first waypoint: (0.000, 0.000, 0.600)
2025-09-05 17:59:10,531 - INFO - Waypoint1: absolute coordinates(0.000, 0.000, 0.600, yaw=90.0°)
2025-09-05 17:59:10,531 - INFO - Flying to coordinate: (0.000, 0.000, 0.600)
2025-09-05 17:59:11,541 - INFO - Approaching target (error=0.140m), entering stabilization phase
2025-09-05 17:59:12,031 - INFO - Reached waypoint (error=0.036m, stable_count=30)
2025-09-05 17:59:12,633 - INFO - Waypoint2: absolute coordinates(0.800, 0.000, 0.600, yaw=90.0°)
2025-09-05 17:59:12,633 - INFO - Flying to coordinate: (0.800, 0.000, 0.600)
2025-09-05 17:59:13,693 - INFO - Approaching target (error=0.143m), entering stabilization phase
2025-09-05 17:59:15,633 - INFO - Reached waypoint (error=0.035m, stable_count=30)
2025-09-05 17:59:16,233 - INFO - Waypoint3: absolute coordinates(0.400, 0.600, 0.600, yaw=90.0°)
2025-09-05 17:59:16,233 - INFO - Flying to coordinate: (0.400, 0.600, 0.600)
2025-09-05 17:59:16,993 - INFO - Approaching target (error=0.133m), entering stabilization phase
2025-09-05 17:59:18,734 - INFO - Reached waypoint (error=0.066m, stable_count=30)
2025-09-05 17:59:19,334 - INFO - Waypoint4: absolute coordinates(0.000, 0.000, 0.600, yaw=90.0°)
2025-09-05 17:59:19,334 - INFO - Flying to coordinate: (0.000, 0.000, 0.600)
2025-09-05 17:59:21,084 - INFO - Approaching target (error=0.146m), entering stabilization phase
2025-09-05 17:59:21,624 - INFO - Reached waypoint (error=0.021m, stable_count=30)
2025-09-05 17:59:22,224 - INFO - Returning to origin and landing...
2025-09-05 17:59:22,224 - INFO - Flying to coordinate: (0.000, 0.000, 0.200)
2025-09-05 17:59:23,034 - INFO - Approaching target (error=0.147m), entering stabilization phase
2025-09-05 17:59:23,724 - INFO - Reached waypoint (error=0.073m, stable_count=30)
2025-09-05 17:59:23,724 - INFO - Landing...
2025-09-05 17:59:23,725 - INFO - Landing complete
2025-09-05 17:59:23,732 - INFO - Have successfully stopped logging for id=6
2025-09-05 17:59:23,826 - INFO - Position manager stopped
2025-09-05 17:59:23,828 - INFO - Flight mission complete
2025-09-05 17:59:23,828 - INFO - Stopping data collector...
2025-09-05 17:59:23,830 - INFO - Collection complete - stats: {'created': 1655, 'complete': 1654, 'merged': 0, 'dropped': 0}
2025-09-05 17:59:23,837 - INFO - Have successfully stopped logging for id=4
2025-09-05 17:59:23,840 - INFO - Have successfully stopped logging for id=5
2025-09-05 17:59:23,888 - INFO - Data saved: training_data/triangle_large_20250905_175923.json
2025-09-05 17:59:23,888 - INFO - States: 1654, Commands: 1136, Duration: 16.5s
2025-09-05 17:59:23,889 - INFO - Successfully saved 1654 state data points
2025-09-05 17:59:23,889 - INFO - Successfully saved 1136 control commands
2025-09-05 17:59:23,889 - INFO - Closing link
2025-09-05 17:59:23,890 - INFO - Callback->Disconnected from [radio://0/80/2M/E7E7E7E7E6]
