2025-09-04 12:31:20,189 - INFO - === Fixed continuous data collector ===
2025-09-04 12:31:20,189 - INFO - Mission: vertical_small
2025-09-04 12:31:20,189 - INFO - Waypoints (absolute coordinates): [(0, 0, 0.3), (0, 0, 0.6), (0, 0, 0.9), (0, 0, 0.6), (0, 0, 0.3)]
2025-09-04 12:31:20,190 - INFO - Callback->Connection initialized[radio://0/80/2M/E7E7E7E7E6]
2025-09-04 12:31:20,441 - INFO - We are connected[radio://0/80/2M/E7E7E7E7E6], request connection setup
2025-09-04 12:31:20,441 - INFO - Request _request_protocol_version()
2025-09-04 12:31:20,447 - INFO - Callback->Connected to [radio://0/80/2M/E7E7E7E7E6]
2025-09-04 12:31:20,458 - INFO - _crt_service_callback
2025-09-04 12:31:20,459 - INFO - Request protocol version
2025-09-04 12:31:20,465 - INFO - _platform_callback
2025-09-04 12:31:20,466 - INFO - Protocol version (platform): 9
2025-09-04 12:31:20,478 - INFO - TOC for port [5] found in cache
2025-09-04 12:31:20,478 - INFO - Log TOC finished updating
2025-09-04 12:31:20,482 - INFO - 6 memories found
2025-09-04 12:31:20,565 - INFO - Memories finished updating
2025-09-04 12:31:20,570 - INFO - TOC for port [2] found in cache
2025-09-04 12:31:21,089 - INFO - Param TOC finished updating
2025-09-04 12:31:21,089 - INFO - Callback->Connection setup finished [radio://0/80/2M/E7E7E7E7E6]
2025-09-04 12:31:21,090 - INFO - Connected: radio://0/80/2M/E7E7E7E7E6
2025-09-04 12:31:21,104 - INFO - Have successfully started logging for id=1
2025-09-04 12:31:21,200 - INFO - Battery: 3.93V (safe)
2025-09-04 12:31:21,201 - INFO - Battery check passed: 3.93V
2025-09-04 12:31:21,201 - INFO - Initializing position estimator to origin...
2025-09-04 12:31:21,204 - INFO - Have successfully stopped logging for id=1
2025-09-04 12:31:21,205 - INFO - Have successfully deleted id=1
2025-09-04 12:31:22,774 - INFO - All parameters updated
2025-09-04 12:31:22,775 - INFO - Callback->Connection completed [radio://0/80/2M/E7E7E7E7E6]
2025-09-04 12:31:22,887 - INFO - Have successfully started logging for id=2
2025-09-04 12:31:29,382 - INFO - Waiting for position estimator...
2025-09-04 12:31:29,388 - INFO - Have successfully stopped logging for id=2
2025-09-04 12:31:29,389 - INFO - Have successfully deleted id=2
2025-09-04 12:31:29,398 - INFO - Have successfully started logging for id=3
2025-09-04 12:31:30,395 - INFO - Position estimator ready
2025-09-04 12:31:30,397 - INFO - Controller parameters optimized
2025-09-04 12:31:30,401 - INFO - Have successfully stopped logging for id=3
2025-09-04 12:31:30,404 - INFO - Have successfully deleted id=3
2025-09-04 12:31:40,437 - INFO - Start collection (slot:10ms)
2025-09-04 12:31:40,438 - INFO - Data collector started
2025-09-04 12:31:40,439 - INFO - Position manager started
2025-09-04 12:31:40,448 - INFO - Have successfully started logging for id=4
2025-09-04 12:31:40,449 - INFO - Have successfully started logging for id=5
2025-09-04 12:31:40,451 - INFO - Have successfully started logging for id=6
2025-09-04 12:31:40,539 - INFO - Position manager data flow is normal
2025-09-04 12:31:42,539 - INFO - Current position: (0.043, 0.059, 0.004, 89.9°)
2025-09-04 12:31:42,539 - INFO - Using absolute coordinate system, ignoring takeoff position offset
2025-09-04 12:31:43,539 - INFO - Pre-flight stabilization to first waypoint: (0.000, 0.000, 0.300)
2025-09-04 12:31:43,690 - INFO - Waypoint1: absolute coordinates(0.000, 0.000, 0.300, yaw=90.0°)
2025-09-04 12:31:43,690 - INFO - Flying to coordinate: (0.000, 0.000, 0.300)
2025-09-04 12:31:53,690 - WARNING - Waypoint timeout 10.0s (final error may still be acceptable)
2025-09-04 12:31:53,690 - WARNING - Waypoint1 not fully reached, continuing execution
2025-09-04 12:31:54,290 - INFO - Waypoint2: absolute coordinates(0.000, 0.000, 0.600, yaw=90.0°)
2025-09-04 12:31:54,290 - INFO - Flying to coordinate: (0.000, 0.000, 0.600)
2025-09-04 12:32:04,290 - WARNING - Waypoint timeout 10.0s (final error may still be acceptable)
2025-09-04 12:32:04,290 - WARNING - Waypoint2 not fully reached, continuing execution
2025-09-04 12:32:04,605 - INFO - Have successfully stopped logging for id=6
2025-09-04 12:32:04,693 - INFO - Position manager stopped
2025-09-04 12:32:04,695 - INFO - Stopping data collector...
2025-09-04 12:32:04,699 - INFO - Collection complete - stats: {'created': 2426, 'complete': 2426, 'merged': 0, 'dropped': 0}
2025-09-04 12:32:04,710 - INFO - Have successfully stopped logging for id=4
2025-09-04 12:32:04,715 - INFO - Have successfully stopped logging for id=5
2025-09-04 12:32:04,785 - INFO - Data saved: training_data/vertical_small_20250904_123204.json
2025-09-04 12:32:04,785 - INFO - States: 2426, Commands: 2035, Duration: 24.3s
2025-09-04 12:32:04,786 - INFO - Successfully saved 2426 state data points
2025-09-04 12:32:04,786 - INFO - Successfully saved 2035 control commands
2025-09-04 12:32:04,786 - INFO - Closing link
2025-09-04 12:32:04,787 - INFO - Callback->Disconnected from [radio://0/80/2M/E7E7E7E7E6]
2025-09-04 12:32:04,876 - INFO - User interrupted
