2025-09-04 13:16:26,980 - INFO - === Fixed continuous data collector ===
2025-09-04 13:16:26,980 - INFO - Mission: vertical_small
2025-09-04 13:16:26,980 - INFO - Waypoints (absolute coordinates): [(0, 0, 0.3), (0, 0, 0.6), (0, 0, 0.9), (0, 0, 0.6), (0, 0, 0.3)]
2025-09-04 13:16:26,981 - INFO - Callback->Connection initialized[radio://0/80/2M/E7E7E7E7E6]
2025-09-04 13:16:27,230 - INFO - We are connected[radio://0/80/2M/E7E7E7E7E6], request connection setup
2025-09-04 13:16:27,231 - INFO - Request _request_protocol_version()
2025-09-04 13:16:27,233 - INFO - Callback->Connected to [radio://0/80/2M/E7E7E7E7E6]
2025-09-04 13:16:27,240 - INFO - _crt_service_callback
2025-09-04 13:16:27,240 - INFO - Request protocol version
2025-09-04 13:16:27,246 - INFO - _platform_callback
2025-09-04 13:16:27,246 - INFO - Protocol version (platform): 9
2025-09-04 13:16:27,256 - INFO - TOC for port [5] found in cache
2025-09-04 13:16:27,256 - INFO - Log TOC finished updating
2025-09-04 13:16:27,260 - INFO - 6 memories found
2025-09-04 13:16:27,339 - INFO - Memories finished updating
2025-09-04 13:16:27,348 - INFO - TOC for port [2] found in cache
2025-09-04 13:16:27,839 - INFO - Param TOC finished updating
2025-09-04 13:16:27,839 - INFO - Callback->Connection setup finished [radio://0/80/2M/E7E7E7E7E6]
2025-09-04 13:16:27,840 - INFO - Connected: radio://0/80/2M/E7E7E7E7E6
2025-09-04 13:16:27,850 - INFO - Have successfully started logging for id=1
2025-09-04 13:16:27,950 - INFO - Battery: 4.08V (safe)
2025-09-04 13:16:27,952 - INFO - Battery check passed: 4.08V
2025-09-04 13:16:27,953 - INFO - Initializing position estimator to origin...
2025-09-04 13:16:27,958 - INFO - Have successfully stopped logging for id=1
2025-09-04 13:16:27,959 - INFO - Have successfully deleted id=1
2025-09-04 13:16:29,266 - INFO - All parameters updated
2025-09-04 13:16:29,266 - INFO - Callback->Connection completed [radio://0/80/2M/E7E7E7E7E6]
2025-09-04 13:16:29,373 - INFO - Have successfully started logging for id=2
2025-09-04 13:16:35,868 - INFO - Waiting for position estimator...
2025-09-04 13:16:35,871 - INFO - Have successfully stopped logging for id=2
2025-09-04 13:16:35,872 - INFO - Have successfully deleted id=2
2025-09-04 13:16:35,878 - INFO - Have successfully started logging for id=3
2025-09-04 13:16:36,879 - INFO - Position estimator ready
2025-09-04 13:16:36,879 - INFO - Controller parameters optimized
2025-09-04 13:16:36,882 - INFO - Have successfully stopped logging for id=3
2025-09-04 13:16:36,885 - INFO - Have successfully deleted id=3
2025-09-04 13:16:46,266 - INFO - Start collection (slot:10ms)
2025-09-04 13:16:46,267 - INFO - Data collector started
2025-09-04 13:16:46,269 - INFO - Position manager started
2025-09-04 13:16:46,278 - INFO - Have successfully started logging for id=4
2025-09-04 13:16:46,279 - INFO - Have successfully started logging for id=5
2025-09-04 13:16:46,281 - INFO - Have successfully started logging for id=6
2025-09-04 13:16:46,369 - INFO - Position manager data flow is normal
2025-09-04 13:16:48,369 - INFO - Current position: (-0.004, 0.051, 0.027, 89.8°)
2025-09-04 13:16:48,369 - INFO - Using absolute coordinate system, ignoring takeoff position offset
2025-09-04 13:16:49,370 - INFO - Pre-flight stabilization to first waypoint: (0.000, 0.000, 0.300)
2025-09-04 13:16:49,520 - INFO - Waypoint1: absolute coordinates(0.000, 0.000, 0.300, yaw=90.0°)
2025-09-04 13:16:49,520 - INFO - Flying to coordinate: (0.000, 0.000, 0.300)
2025-09-04 13:16:50,580 - INFO - Approaching target (error=0.145m), entering stabilization phase
2025-09-04 13:16:51,370 - INFO - Reached waypoint (error=0.062m, stable_count=30)
2025-09-04 13:16:51,970 - INFO - Waypoint2: absolute coordinates(0.000, 0.000, 0.600, yaw=90.0°)
2025-09-04 13:16:51,970 - INFO - Flying to coordinate: (0.000, 0.000, 0.600)
2025-09-04 13:16:52,430 - INFO - Approaching target (error=0.133m), entering stabilization phase
2025-09-04 13:16:52,870 - INFO - Reached waypoint (error=0.029m, stable_count=30)
2025-09-04 13:16:53,471 - INFO - Waypoint3: absolute coordinates(0.000, 0.000, 0.900, yaw=90.0°)
2025-09-04 13:16:53,471 - INFO - Flying to coordinate: (0.000, 0.000, 0.900)
2025-09-04 13:16:53,841 - INFO - Approaching target (error=0.134m), entering stabilization phase
2025-09-04 13:16:54,271 - INFO - Reached waypoint (error=0.077m, stable_count=30)
2025-09-04 13:16:54,871 - INFO - Waypoint4: absolute coordinates(0.000, 0.000, 0.600, yaw=90.0°)
2025-09-04 13:16:54,871 - INFO - Flying to coordinate: (0.000, 0.000, 0.600)
2025-09-04 13:16:55,831 - INFO - Approaching target (error=0.137m), entering stabilization phase
2025-09-04 13:16:57,021 - INFO - Reached waypoint (error=0.065m, stable_count=30)
2025-09-04 13:16:57,622 - INFO - Waypoint5: absolute coordinates(0.000, 0.000, 0.300, yaw=90.0°)
2025-09-04 13:16:57,622 - INFO - Flying to coordinate: (0.000, 0.000, 0.300)
2025-09-04 13:16:58,272 - INFO - Approaching target (error=0.147m), entering stabilization phase
2025-09-04 13:16:59,062 - INFO - Reached waypoint (error=0.037m, stable_count=30)
2025-09-04 13:16:59,662 - INFO - Returning to origin and landing...
2025-09-04 13:16:59,662 - INFO - Flying to coordinate: (0.000, 0.000, 0.200)
2025-09-04 13:16:59,662 - INFO - Approaching target (error=0.086m), entering stabilization phase
2025-09-04 13:17:00,012 - INFO - Reached waypoint (error=0.058m, stable_count=30)
2025-09-04 13:17:00,012 - INFO - Landing...
2025-09-04 13:17:00,014 - INFO - Landing complete
2025-09-04 13:17:00,018 - INFO - Have successfully stopped logging for id=6
2025-09-04 13:17:00,115 - INFO - Position manager stopped
2025-09-04 13:17:00,117 - INFO - Flight mission complete
2025-09-04 13:17:00,117 - INFO - Stopping data collector...
2025-09-04 13:17:00,118 - INFO - Collection complete - stats: {'created': 1385, 'complete': 1385, 'merged': 0, 'dropped': 0}
2025-09-04 13:17:00,124 - INFO - Have successfully stopped logging for id=4
2025-09-04 13:17:00,127 - INFO - Have successfully stopped logging for id=5
2025-09-04 13:17:00,166 - INFO - Data saved: training_data/vertical_small_20250904_131700.json
2025-09-04 13:17:00,166 - INFO - States: 1385, Commands: 814, Duration: 13.8s
2025-09-04 13:17:00,166 - INFO - Successfully saved 1385 state data points
2025-09-04 13:17:00,166 - INFO - Successfully saved 814 control commands
2025-09-04 13:17:00,166 - INFO - Closing link
2025-09-04 13:17:00,167 - INFO - Callback->Disconnected from [radio://0/80/2M/E7E7E7E7E6]
