2025-09-05 13:19:09,514 - INFO - === Fixed continuous data collector ===
2025-09-05 13:19:09,514 - INFO - Mission: square_med
2025-09-05 13:19:09,514 - INFO - Waypoints (absolute coordinates): [(0, 0, 0.4), (0.5, 0, 0.4), (0.5, 0.5, 0.4), (0, 0.5, 0.4), (0, 0, 0.4)]
2025-09-05 13:19:09,515 - INFO - Callback->Connection initialized[radio://0/80/2M/E7E7E7E7E6]
2025-09-05 13:19:09,765 - INFO - We are connected[radio://0/80/2M/E7E7E7E7E6], request connection setup
2025-09-05 13:19:09,765 - INFO - Request _request_protocol_version()
2025-09-05 13:19:09,769 - INFO - Callback->Connected to [radio://0/80/2M/E7E7E7E7E6]
2025-09-05 13:19:09,773 - INFO - _crt_service_callback
2025-09-05 13:19:09,773 - INFO - Request protocol version
2025-09-05 13:19:09,778 - INFO - _platform_callback
2025-09-05 13:19:09,778 - INFO - Protocol version (platform): 9
2025-09-05 13:19:09,789 - INFO - TOC for port [5] found in cache
2025-09-05 13:19:09,790 - INFO - Log TOC finished updating
2025-09-05 13:19:09,792 - INFO - 6 memories found
2025-09-05 13:19:09,870 - INFO - Memories finished updating
2025-09-05 13:19:09,879 - INFO - TOC for port [2] found in cache
2025-09-05 13:19:10,380 - INFO - Param TOC finished updating
2025-09-05 13:19:10,381 - INFO - Callback->Connection setup finished [radio://0/80/2M/E7E7E7E7E6]
2025-09-05 13:19:10,382 - INFO - Connected: radio://0/80/2M/E7E7E7E7E6
2025-09-05 13:19:10,393 - INFO - Have successfully started logging for id=1
2025-09-05 13:19:10,496 - INFO - Battery: 4.04V (safe)
2025-09-05 13:19:10,497 - INFO - Battery check passed: 4.04V
2025-09-05 13:19:10,497 - INFO - Initializing position estimator to origin...
2025-09-05 13:19:10,500 - INFO - Have successfully stopped logging for id=1
2025-09-05 13:19:10,501 - INFO - Have successfully deleted id=1
2025-09-05 13:19:11,768 - INFO - All parameters updated
2025-09-05 13:19:11,768 - INFO - Callback->Connection completed [radio://0/80/2M/E7E7E7E7E6]
2025-09-05 13:19:11,878 - INFO - Have successfully started logging for id=2
2025-09-05 13:19:18,378 - INFO - Waiting for position estimator...
2025-09-05 13:19:18,381 - INFO - Have successfully stopped logging for id=2
2025-09-05 13:19:18,382 - INFO - Have successfully deleted id=2
2025-09-05 13:19:18,390 - INFO - Have successfully started logging for id=3
2025-09-05 13:19:19,389 - INFO - Position estimator ready
2025-09-05 13:19:19,390 - INFO - Controller parameters optimized
2025-09-05 13:19:19,394 - INFO - Have successfully stopped logging for id=3
2025-09-05 13:19:19,395 - INFO - Have successfully deleted id=3
2025-09-05 13:19:24,652 - INFO - Start collection (slot:10ms)
2025-09-05 13:19:24,653 - INFO - Data collector started
2025-09-05 13:19:24,655 - INFO - Position manager started
2025-09-05 13:19:24,665 - INFO - Have successfully started logging for id=4
2025-09-05 13:19:24,666 - INFO - Have successfully started logging for id=5
2025-09-05 13:19:24,667 - INFO - Have successfully started logging for id=6
2025-09-05 13:19:24,755 - INFO - Position manager data flow is normal
2025-09-05 13:19:26,755 - INFO - Current position: (0.013, 0.023, 0.000, 90.0°)
2025-09-05 13:19:26,755 - INFO - Using absolute coordinate system, ignoring takeoff position offset
2025-09-05 13:19:27,755 - INFO - Pre-flight stabilization to first waypoint: (0.000, 0.000, 0.400)
2025-09-05 13:19:27,908 - INFO - Waypoint1: absolute coordinates(0.000, 0.000, 0.400, yaw=90.0°)
2025-09-05 13:19:27,908 - INFO - Flying to coordinate: (0.000, 0.000, 0.400)
2025-09-05 13:19:28,918 - INFO - Approaching target (error=0.140m), entering stabilization phase
2025-09-05 13:19:29,458 - INFO - Reached waypoint (error=0.053m, stable_count=30)
2025-09-05 13:19:30,058 - INFO - Waypoint2: absolute coordinates(0.500, 0.000, 0.400, yaw=90.0°)
2025-09-05 13:19:30,058 - INFO - Flying to coordinate: (0.500, 0.000, 0.400)
2025-09-05 13:19:30,968 - INFO - Approaching target (error=0.140m), entering stabilization phase
2025-09-05 13:19:32,708 - INFO - Reached waypoint (error=0.077m, stable_count=30)
2025-09-05 13:19:33,309 - INFO - Waypoint3: absolute coordinates(0.500, 0.500, 0.400, yaw=90.0°)
2025-09-05 13:19:33,309 - INFO - Flying to coordinate: (0.500, 0.500, 0.400)
2025-09-05 13:19:34,009 - INFO - Approaching target (error=0.137m), entering stabilization phase
2025-09-05 13:19:34,959 - INFO - Reached waypoint (error=0.059m, stable_count=30)
2025-09-05 13:19:35,562 - INFO - Waypoint4: absolute coordinates(0.000, 0.500, 0.400, yaw=90.0°)
2025-09-05 13:19:35,562 - INFO - Flying to coordinate: (0.000, 0.500, 0.400)
2025-09-05 13:19:36,262 - INFO - Approaching target (error=0.136m), entering stabilization phase
2025-09-05 13:19:36,702 - INFO - Reached waypoint (error=0.044m, stable_count=30)
2025-09-05 13:19:37,303 - INFO - Waypoint5: absolute coordinates(0.000, 0.000, 0.400, yaw=90.0°)
2025-09-05 13:19:37,303 - INFO - Flying to coordinate: (0.000, 0.000, 0.400)
2025-09-05 13:19:38,013 - INFO - Approaching target (error=0.140m), entering stabilization phase
2025-09-05 13:19:38,453 - INFO - Reached waypoint (error=0.046m, stable_count=30)
2025-09-05 13:19:39,053 - INFO - Returning to origin and landing...
2025-09-05 13:19:39,053 - INFO - Flying to coordinate: (0.000, 0.000, 0.200)
2025-09-05 13:19:39,403 - INFO - Approaching target (error=0.145m), entering stabilization phase
2025-09-05 13:19:40,243 - INFO - Reached waypoint (error=0.078m, stable_count=30)
2025-09-05 13:19:40,243 - INFO - Landing...
2025-09-05 13:19:40,244 - INFO - Landing complete
2025-09-05 13:19:40,249 - INFO - Have successfully stopped logging for id=6
2025-09-05 13:19:40,345 - INFO - Position manager stopped
2025-09-05 13:19:40,347 - INFO - Flight mission complete
2025-09-05 13:19:40,347 - INFO - Stopping data collector...
2025-09-05 13:19:40,348 - INFO - Collection complete - stats: {'created': 1569, 'complete': 1569, 'merged': 0, 'dropped': 0}
2025-09-05 13:19:40,356 - INFO - Have successfully stopped logging for id=4
2025-09-05 13:19:40,359 - INFO - Have successfully stopped logging for id=5
2025-09-05 13:19:40,402 - INFO - Data saved: training_data/square_med_20250905_131940.json
2025-09-05 13:19:40,403 - INFO - States: 1569, Commands: 1001, Duration: 15.7s
2025-09-05 13:19:40,403 - INFO - Successfully saved 1569 state data points
2025-09-05 13:19:40,403 - INFO - Successfully saved 1001 control commands
2025-09-05 13:19:40,403 - INFO - Closing link
2025-09-05 13:19:40,403 - INFO - Callback->Disconnected from [radio://0/80/2M/E7E7E7E7E6]
