2025-09-04 12:41:46,233 - INFO - === Fixed continuous data collector ===
2025-09-04 12:41:46,233 - INFO - Mission: vertical_small
2025-09-04 12:41:46,233 - INFO - Waypoints (absolute coordinates): [(0, 0, 0.3), (0, 0, 0.6), (0, 0, 0.9), (0, 0, 0.6), (0, 0, 0.3)]
2025-09-04 12:41:46,233 - INFO - Callback->Connection initialized[radio://0/80/2M/E7E7E7E7E6]
2025-09-04 12:41:46,483 - INFO - We are connected[radio://0/80/2M/E7E7E7E7E6], request connection setup
2025-09-04 12:41:46,483 - INFO - Request _request_protocol_version()
2025-09-04 12:41:46,485 - INFO - Callback->Connected to [radio://0/80/2M/E7E7E7E7E6]
2025-09-04 12:41:46,490 - INFO - _crt_service_callback
2025-09-04 12:41:46,491 - INFO - Request protocol version
2025-09-04 12:41:46,493 - INFO - _platform_callback
2025-09-04 12:41:46,493 - INFO - Protocol version (platform): 9
2025-09-04 12:41:46,503 - INFO - TOC for port [5] found in cache
2025-09-04 12:41:46,503 - INFO - Log TOC finished updating
2025-09-04 12:41:46,506 - INFO - 6 memories found
2025-09-04 12:41:46,585 - INFO - Memories finished updating
2025-09-04 12:41:46,590 - INFO - TOC for port [2] found in cache
2025-09-04 12:41:47,072 - INFO - Param TOC finished updating
2025-09-04 12:41:47,072 - INFO - Callback->Connection setup finished [radio://0/80/2M/E7E7E7E7E6]
2025-09-04 12:41:47,073 - INFO - Connected: radio://0/80/2M/E7E7E7E7E6
2025-09-04 12:41:47,083 - INFO - Have successfully started logging for id=1
2025-09-04 12:41:47,182 - INFO - Battery: 4.04V (safe)
2025-09-04 12:41:47,183 - INFO - Battery check passed: 4.04V
2025-09-04 12:41:47,183 - INFO - Initializing position estimator to origin...
2025-09-04 12:41:47,185 - INFO - Have successfully stopped logging for id=1
2025-09-04 12:41:47,186 - INFO - Have successfully deleted id=1
2025-09-04 12:41:48,261 - INFO - All parameters updated
2025-09-04 12:41:48,261 - INFO - Callback->Connection completed [radio://0/80/2M/E7E7E7E7E6]
2025-09-04 12:41:48,369 - INFO - Have successfully started logging for id=2
2025-09-04 12:41:55,364 - INFO - Waiting for position estimator...
2025-09-04 12:41:55,366 - INFO - Have successfully stopped logging for id=2
2025-09-04 12:41:55,367 - INFO - Have successfully deleted id=2
2025-09-04 12:41:55,372 - INFO - Have successfully started logging for id=3
2025-09-04 12:41:56,374 - INFO - Position estimator ready
2025-09-04 12:41:56,375 - INFO - Controller parameters optimized
2025-09-04 12:41:56,379 - INFO - Have successfully stopped logging for id=3
2025-09-04 12:41:56,381 - INFO - Have successfully deleted id=3
2025-09-04 12:41:59,750 - INFO - Start collection (slot:10ms)
2025-09-04 12:41:59,752 - INFO - Data collector started
2025-09-04 12:41:59,754 - INFO - Position manager started
2025-09-04 12:41:59,762 - INFO - Have successfully started logging for id=4
2025-09-04 12:41:59,763 - INFO - Have successfully started logging for id=5
2025-09-04 12:41:59,767 - INFO - Have successfully started logging for id=6
2025-09-04 12:41:59,854 - INFO - Position manager data flow is normal
2025-09-04 12:42:01,855 - INFO - Current position: (-0.030, 0.074, -0.176, 89.8°)
2025-09-04 12:42:01,855 - INFO - Using absolute coordinate system, ignoring takeoff position offset
2025-09-04 12:42:02,855 - INFO - Pre-flight stabilization to first waypoint: (0.000, 0.000, 0.300)
2025-09-04 12:42:03,006 - INFO - Waypoint1: absolute coordinates(0.000, 0.000, 0.300, yaw=90.0°)
2025-09-04 12:42:03,006 - INFO - Flying to coordinate: (0.000, 0.000, 0.300)
2025-09-04 12:42:03,666 - INFO - Approaching target (error=0.137m), entering stabilization phase
2025-09-04 12:42:04,106 - INFO - Reached waypoint (error=0.056m, stable_count=30)
2025-09-04 12:42:04,706 - INFO - Waypoint2: absolute coordinates(0.000, 0.000, 0.600, yaw=90.0°)
2025-09-04 12:42:04,706 - INFO - Flying to coordinate: (0.000, 0.000, 0.600)
2025-09-04 12:42:04,706 - INFO - Approaching target (error=0.122m), entering stabilization phase
2025-09-04 12:42:10,306 - INFO - Reached waypoint (error=0.074m, stable_count=30)
2025-09-04 12:42:10,907 - INFO - Waypoint3: absolute coordinates(0.000, 0.000, 0.900, yaw=90.0°)
2025-09-04 12:42:10,907 - INFO - Flying to coordinate: (0.000, 0.000, 0.900)
2025-09-04 12:42:11,367 - INFO - Approaching target (error=0.143m), entering stabilization phase
2025-09-04 12:42:12,547 - INFO - Reached waypoint (error=0.053m, stable_count=30)
2025-09-04 12:42:13,147 - INFO - Waypoint4: absolute coordinates(0.000, 0.000, 0.600, yaw=90.0°)
2025-09-04 12:42:13,147 - INFO - Flying to coordinate: (0.000, 0.000, 0.600)
2025-09-04 12:42:14,007 - INFO - Approaching target (error=0.146m), entering stabilization phase
2025-09-04 12:42:14,647 - INFO - Reached waypoint (error=0.064m, stable_count=30)
2025-09-04 12:42:15,247 - INFO - Waypoint5: absolute coordinates(0.000, 0.000, 0.300, yaw=90.0°)
2025-09-04 12:42:15,248 - INFO - Flying to coordinate: (0.000, 0.000, 0.300)
2025-09-04 12:42:15,758 - INFO - Approaching target (error=0.139m), entering stabilization phase
2025-09-04 12:42:16,248 - INFO - Reached waypoint (error=0.038m, stable_count=30)
2025-09-04 12:42:16,848 - INFO - Returning to origin and landing...
2025-09-04 12:42:16,848 - INFO - Flying to coordinate: (0.000, 0.000, 0.200)
2025-09-04 12:42:16,848 - INFO - Approaching target (error=0.067m), entering stabilization phase
2025-09-04 12:42:17,148 - INFO - Reached waypoint (error=0.041m, stable_count=30)
2025-09-04 12:42:17,148 - INFO - Landing...
2025-09-04 12:42:17,149 - INFO - Landing complete
2025-09-04 12:42:17,155 - INFO - Have successfully stopped logging for id=6
2025-09-04 12:42:17,250 - INFO - Position manager stopped
2025-09-04 12:42:17,252 - INFO - Flight mission complete
2025-09-04 12:42:17,252 - INFO - Stopping data collector...
2025-09-04 12:42:17,254 - INFO - Collection complete - stats: {'created': 1750, 'complete': 1750, 'merged': 0, 'dropped': 0}
2025-09-04 12:42:17,261 - INFO - Have successfully stopped logging for id=4
2025-09-04 12:42:17,264 - INFO - Have successfully stopped logging for id=5
2025-09-04 12:42:17,315 - INFO - Data saved: training_data/vertical_small_20250904_124217.json
2025-09-04 12:42:17,315 - INFO - States: 1750, Commands: 1179, Duration: 17.5s
2025-09-04 12:42:17,315 - INFO - Successfully saved 1750 state data points
2025-09-04 12:42:17,315 - INFO - Successfully saved 1179 control commands
2025-09-04 12:42:17,315 - INFO - Closing link
2025-09-04 12:42:17,317 - INFO - Callback->Disconnected from [radio://0/80/2M/E7E7E7E7E6]
