2025-09-05 17:41:51,445 - INFO - === Fixed continuous data collector ===
2025-09-05 17:41:51,446 - INFO - Mission: triangle_large
2025-09-05 17:41:51,446 - INFO - Waypoints (absolute coordinates): [(0, 0, 0.6), (0.8, 0, 0.6), (0.4, 0.6, 0.6), (0, 0, 0.6)]
2025-09-05 17:41:51,446 - INFO - Callback->Connection initialized[radio://0/80/2M/E7E7E7E7E6]
2025-09-05 17:41:51,697 - INFO - We are connected[radio://0/80/2M/E7E7E7E7E6], request connection setup
2025-09-05 17:41:51,697 - INFO - Request _request_protocol_version()
2025-09-05 17:41:51,699 - INFO - Callback->Connected to [radio://0/80/2M/E7E7E7E7E6]
2025-09-05 17:41:51,703 - INFO - _crt_service_callback
2025-09-05 17:41:51,703 - INFO - Request protocol version
2025-09-05 17:41:51,706 - INFO - _platform_callback
2025-09-05 17:41:51,706 - INFO - Protocol version (platform): 9
2025-09-05 17:41:51,716 - INFO - TOC for port [5] found in cache
2025-09-05 17:41:51,716 - INFO - Log TOC finished updating
2025-09-05 17:41:51,720 - INFO - 6 memories found
2025-09-05 17:41:51,793 - INFO - Memories finished updating
2025-09-05 17:41:51,798 - INFO - TOC for port [2] found in cache
2025-09-05 17:41:52,211 - INFO - Param TOC finished updating
2025-09-05 17:41:52,211 - INFO - Callback->Connection setup finished [radio://0/80/2M/E7E7E7E7E6]
2025-09-05 17:41:52,212 - INFO - Connected: radio://0/80/2M/E7E7E7E7E6
2025-09-05 17:41:52,220 - INFO - Have successfully started logging for id=1
2025-09-05 17:41:52,319 - INFO - Battery: 3.83V (safe)
2025-09-05 17:41:52,320 - INFO - Battery check passed: 3.83V
2025-09-05 17:41:52,320 - INFO - Initializing position estimator to origin...
2025-09-05 17:41:52,325 - INFO - Have successfully stopped logging for id=1
2025-09-05 17:41:52,326 - INFO - Have successfully deleted id=1
2025-09-05 17:41:53,274 - INFO - All parameters updated
2025-09-05 17:41:53,274 - INFO - Callback->Connection completed [radio://0/80/2M/E7E7E7E7E6]
2025-09-05 17:41:53,382 - INFO - Have successfully started logging for id=2
2025-09-05 17:41:59,879 - INFO - Waiting for position estimator...
2025-09-05 17:41:59,881 - INFO - Have successfully stopped logging for id=2
2025-09-05 17:41:59,882 - INFO - Have successfully deleted id=2
2025-09-05 17:41:59,888 - INFO - Have successfully started logging for id=3
2025-09-05 17:42:00,887 - INFO - Position estimator ready
2025-09-05 17:42:00,887 - INFO - Controller parameters optimized
2025-09-05 17:42:00,890 - INFO - Have successfully stopped logging for id=3
2025-09-05 17:42:00,891 - INFO - Have successfully deleted id=3
2025-09-05 17:42:11,259 - INFO - Start collection (slot:10ms)
2025-09-05 17:42:11,260 - INFO - Data collector started
2025-09-05 17:42:11,261 - INFO - Position manager started
2025-09-05 17:42:11,268 - INFO - Have successfully started logging for id=4
2025-09-05 17:42:11,269 - INFO - Have successfully started logging for id=5
2025-09-05 17:42:11,270 - INFO - Have successfully started logging for id=6
2025-09-05 17:42:11,361 - INFO - Position manager data flow is normal
2025-09-05 17:42:13,361 - INFO - Current position: (-0.012, -0.001, 0.023, 90.1°)
2025-09-05 17:42:13,362 - INFO - Using absolute coordinate system, ignoring takeoff position offset
2025-09-05 17:42:14,362 - INFO - Pre-flight stabilization to first waypoint: (0.000, 0.000, 0.600)
2025-09-05 17:42:14,512 - INFO - Waypoint1: absolute coordinates(0.000, 0.000, 0.600, yaw=90.0°)
2025-09-05 17:42:14,512 - INFO - Flying to coordinate: (0.000, 0.000, 0.600)
2025-09-05 17:42:15,220 - WARNING - Control timing drift detected - resyncing
2025-09-05 17:42:15,527 - INFO - Approaching target (error=0.141m), entering stabilization phase
2025-09-05 17:42:16,067 - INFO - Reached waypoint (error=0.044m, stable_count=30)
2025-09-05 17:42:16,667 - INFO - Waypoint2: absolute coordinates(0.800, 0.000, 0.600, yaw=90.0°)
2025-09-05 17:42:16,667 - INFO - Flying to coordinate: (0.800, 0.000, 0.600)
2025-09-05 17:42:17,617 - INFO - Approaching target (error=0.148m), entering stabilization phase
2025-09-05 17:42:19,357 - INFO - Reached waypoint (error=0.039m, stable_count=30)
2025-09-05 17:42:19,957 - INFO - Waypoint3: absolute coordinates(0.400, 0.600, 0.600, yaw=90.0°)
2025-09-05 17:42:19,957 - INFO - Flying to coordinate: (0.400, 0.600, 0.600)
2025-09-05 17:42:20,718 - INFO - Approaching target (error=0.128m), entering stabilization phase
2025-09-05 17:42:22,508 - INFO - Reached waypoint (error=0.037m, stable_count=30)
2025-09-05 17:42:23,108 - INFO - Waypoint4: absolute coordinates(0.000, 0.000, 0.600, yaw=90.0°)
2025-09-05 17:42:23,108 - INFO - Flying to coordinate: (0.000, 0.000, 0.600)
2025-09-05 17:42:23,968 - INFO - Approaching target (error=0.139m), entering stabilization phase
2025-09-05 17:42:25,608 - INFO - Reached waypoint (error=0.042m, stable_count=30)
2025-09-05 17:42:26,208 - INFO - Returning to origin and landing...
2025-09-05 17:42:26,208 - INFO - Flying to coordinate: (0.000, 0.000, 0.200)
2025-09-05 17:42:27,018 - INFO - Approaching target (error=0.148m), entering stabilization phase
2025-09-05 17:42:30,298 - INFO - Reached waypoint (error=0.047m, stable_count=30)
2025-09-05 17:42:30,299 - INFO - Landing...
2025-09-05 17:42:30,299 - INFO - Landing complete
2025-09-05 17:42:30,305 - INFO - Have successfully stopped logging for id=6
2025-09-05 17:42:30,400 - INFO - Position manager stopped
2025-09-05 17:42:30,402 - INFO - Flight mission complete
2025-09-05 17:42:30,402 - INFO - Stopping data collector...
2025-09-05 17:42:30,404 - INFO - Collection complete - stats: {'created': 1915, 'complete': 1914, 'merged': 0, 'dropped': 0}
2025-09-05 17:42:30,411 - INFO - Have successfully stopped logging for id=4
2025-09-05 17:42:30,412 - INFO - Have successfully stopped logging for id=5
2025-09-05 17:42:30,471 - INFO - Data saved: training_data/triangle_large_20250905_174230.json
2025-09-05 17:42:30,471 - INFO - States: 1914, Commands: 1391, Duration: 19.1s
2025-09-05 17:42:30,471 - INFO - Successfully saved 1914 state data points
2025-09-05 17:42:30,471 - INFO - Successfully saved 1391 control commands
2025-09-05 17:42:30,471 - INFO - Closing link
2025-09-05 17:42:30,472 - INFO - Callback->Disconnected from [radio://0/80/2M/E7E7E7E7E6]
