2025-09-05 13:09:19,141 - INFO - === Fixed continuous data collector ===
2025-09-05 13:09:19,141 - INFO - Mission: square_small
2025-09-05 13:09:19,141 - INFO - Waypoints (absolute coordinates): [(0, 0, 0.3), (0.3, 0, 0.3), (0.3, 0.3, 0.3), (0, 0.3, 0.3), (0, 0, 0.3)]
2025-09-05 13:09:19,142 - INFO - Callback->Connection initialized[radio://0/80/2M/E7E7E7E7E6]
2025-09-05 13:09:19,393 - INFO - We are connected[radio://0/80/2M/E7E7E7E7E6], request connection setup
2025-09-05 13:09:19,393 - INFO - Request _request_protocol_version()
2025-09-05 13:09:19,395 - INFO - Callback->Connected to [radio://0/80/2M/E7E7E7E7E6]
2025-09-05 13:09:19,399 - INFO - _crt_service_callback
2025-09-05 13:09:19,399 - INFO - Request protocol version
2025-09-05 13:09:19,402 - INFO - _platform_callback
2025-09-05 13:09:19,402 - INFO - Protocol version (platform): 9
2025-09-05 13:09:19,412 - INFO - TOC for port [5] found in cache
2025-09-05 13:09:19,412 - INFO - Log TOC finished updating
2025-09-05 13:09:19,415 - INFO - 6 memories found
2025-09-05 13:09:19,492 - INFO - Memories finished updating
2025-09-05 13:09:19,497 - INFO - TOC for port [2] found in cache
2025-09-05 13:09:19,948 - INFO - Param TOC finished updating
2025-09-05 13:09:19,948 - INFO - Callback->Connection setup finished [radio://0/80/2M/E7E7E7E7E6]
2025-09-05 13:09:19,949 - INFO - Connected: radio://0/80/2M/E7E7E7E7E6
2025-09-05 13:09:19,962 - INFO - Have successfully started logging for id=1
2025-09-05 13:09:20,061 - INFO - Battery: 4.06V (safe)
2025-09-05 13:09:20,062 - INFO - Battery check passed: 4.06V
2025-09-05 13:09:20,062 - INFO - Initializing position estimator to origin...
2025-09-05 13:09:20,064 - INFO - Have successfully stopped logging for id=1
2025-09-05 13:09:20,065 - INFO - Have successfully deleted id=1
2025-09-05 13:09:21,156 - INFO - All parameters updated
2025-09-05 13:09:21,156 - INFO - Callback->Connection completed [radio://0/80/2M/E7E7E7E7E6]
2025-09-05 13:09:21,267 - INFO - Have successfully started logging for id=2
2025-09-05 13:09:27,763 - INFO - Waiting for position estimator...
2025-09-05 13:09:27,766 - INFO - Have successfully stopped logging for id=2
2025-09-05 13:09:27,766 - INFO - Have successfully deleted id=2
2025-09-05 13:09:27,772 - INFO - Have successfully started logging for id=3
2025-09-05 13:09:28,772 - INFO - Position estimator ready
2025-09-05 13:09:28,775 - INFO - Controller parameters optimized
2025-09-05 13:09:28,778 - INFO - Have successfully stopped logging for id=3
2025-09-05 13:09:28,778 - INFO - Have successfully deleted id=3
2025-09-05 13:09:34,154 - INFO - Start collection (slot:10ms)
2025-09-05 13:09:34,154 - INFO - Data collector started
2025-09-05 13:09:34,157 - INFO - Position manager started
2025-09-05 13:09:34,162 - INFO - Have successfully started logging for id=4
2025-09-05 13:09:34,163 - INFO - Have successfully started logging for id=5
2025-09-05 13:09:34,164 - INFO - Have successfully started logging for id=6
2025-09-05 13:09:34,257 - INFO - Position manager data flow is normal
2025-09-05 13:09:36,258 - INFO - Current position: (0.049, 0.047, 0.022, 89.9°)
2025-09-05 13:09:36,258 - INFO - Using absolute coordinate system, ignoring takeoff position offset
2025-09-05 13:09:37,258 - INFO - Pre-flight stabilization to first waypoint: (0.000, 0.000, 0.300)
2025-09-05 13:09:37,409 - INFO - Waypoint1: absolute coordinates(0.000, 0.000, 0.300, yaw=90.0°)
2025-09-05 13:09:37,409 - INFO - Flying to coordinate: (0.000, 0.000, 0.300)
2025-09-05 13:09:38,469 - INFO - Approaching target (error=0.147m), entering stabilization phase
2025-09-05 13:09:38,959 - INFO - Reached waypoint (error=0.076m, stable_count=30)
2025-09-05 13:09:39,560 - INFO - Waypoint2: absolute coordinates(0.300, 0.000, 0.300, yaw=90.0°)
2025-09-05 13:09:39,560 - INFO - Flying to coordinate: (0.300, 0.000, 0.300)
2025-09-05 13:09:40,310 - INFO - Approaching target (error=0.137m), entering stabilization phase
2025-09-05 13:09:42,050 - INFO - Reached waypoint (error=0.054m, stable_count=30)
2025-09-05 13:09:42,650 - INFO - Waypoint3: absolute coordinates(0.300, 0.300, 0.300, yaw=90.0°)
2025-09-05 13:09:42,650 - INFO - Flying to coordinate: (0.300, 0.300, 0.300)
2025-09-05 13:09:43,310 - INFO - Approaching target (error=0.146m), entering stabilization phase
2025-09-05 13:09:43,900 - INFO - Reached waypoint (error=0.053m, stable_count=30)
2025-09-05 13:09:44,500 - INFO - Waypoint4: absolute coordinates(0.000, 0.300, 0.300, yaw=90.0°)
2025-09-05 13:09:44,500 - INFO - Flying to coordinate: (0.000, 0.300, 0.300)
2025-09-05 13:09:45,011 - INFO - Approaching target (error=0.115m), entering stabilization phase
2025-09-05 13:09:46,351 - INFO - Reached waypoint (error=0.044m, stable_count=30)
2025-09-05 13:09:46,951 - INFO - Waypoint5: absolute coordinates(0.000, 0.000, 0.300, yaw=90.0°)
2025-09-05 13:09:46,951 - INFO - Flying to coordinate: (0.000, 0.000, 0.300)
2025-09-05 13:09:47,561 - INFO - Approaching target (error=0.142m), entering stabilization phase
2025-09-05 13:09:49,151 - INFO - Reached waypoint (error=0.063m, stable_count=30)
2025-09-05 13:09:49,751 - INFO - Returning to origin and landing...
2025-09-05 13:09:49,751 - INFO - Flying to coordinate: (0.000, 0.000, 0.200)
2025-09-05 13:09:49,751 - INFO - Approaching target (error=0.118m), entering stabilization phase
2025-09-05 13:09:50,641 - INFO - Reached waypoint (error=0.017m, stable_count=30)
2025-09-05 13:09:50,641 - INFO - Landing...
2025-09-05 13:09:50,642 - INFO - Landing complete
2025-09-05 13:09:50,646 - INFO - Have successfully stopped logging for id=6
2025-09-05 13:09:50,743 - INFO - Position manager stopped
2025-09-05 13:09:50,744 - INFO - Flight mission complete
2025-09-05 13:09:50,744 - INFO - Stopping data collector...
2025-09-05 13:09:50,745 - INFO - Collection complete - stats: {'created': 1659, 'complete': 1659, 'merged': 0, 'dropped': 0}
2025-09-05 13:09:50,754 - INFO - Have successfully stopped logging for id=4
2025-09-05 13:09:50,756 - INFO - Have successfully stopped logging for id=5
2025-09-05 13:09:50,804 - INFO - Data saved: training_data/square_small_20250905_130950.json
2025-09-05 13:09:50,804 - INFO - States: 1659, Commands: 1089, Duration: 16.6s
2025-09-05 13:09:50,804 - INFO - Successfully saved 1659 state data points
2025-09-05 13:09:50,804 - INFO - Successfully saved 1089 control commands
2025-09-05 13:09:50,804 - INFO - Closing link
2025-09-05 13:09:50,804 - INFO - Callback->Disconnected from [radio://0/80/2M/E7E7E7E7E6]
