2025-09-05 14:31:19,793 - INFO - === Fixed continuous data collector ===
2025-09-05 14:31:19,793 - INFO - Mission: square_large
2025-09-05 14:31:19,793 - INFO - Waypoints (absolute coordinates): [(0, 0, 0.5), (0.7, 0, 0.5), (0.7, 0.7, 0.5), (0, 0.7, 0.5), (0, 0, 0.5)]
2025-09-05 14:31:19,794 - INFO - Callback->Connection initialized[radio://0/80/2M/E7E7E7E7E6]
2025-09-05 14:31:20,042 - INFO - We are connected[radio://0/80/2M/E7E7E7E7E6], request connection setup
2025-09-05 14:31:20,043 - INFO - Request _request_protocol_version()
2025-09-05 14:31:20,046 - INFO - Callback->Connected to [radio://0/80/2M/E7E7E7E7E6]
2025-09-05 14:31:20,050 - INFO - _crt_service_callback
2025-09-05 14:31:20,050 - INFO - Request protocol version
2025-09-05 14:31:20,054 - INFO - _platform_callback
2025-09-05 14:31:20,054 - INFO - Protocol version (platform): 9
2025-09-05 14:31:20,063 - INFO - TOC for port [5] found in cache
2025-09-05 14:31:20,063 - INFO - Log TOC finished updating
2025-09-05 14:31:20,067 - INFO - 6 memories found
2025-09-05 14:31:20,143 - INFO - Memories finished updating
2025-09-05 14:31:20,148 - INFO - TOC for port [2] found in cache
2025-09-05 14:31:20,603 - INFO - Param TOC finished updating
2025-09-05 14:31:20,603 - INFO - Callback->Connection setup finished [radio://0/80/2M/E7E7E7E7E6]
2025-09-05 14:31:20,604 - INFO - Connected: radio://0/80/2M/E7E7E7E7E6
2025-09-05 14:31:20,615 - INFO - Have successfully started logging for id=1
2025-09-05 14:31:20,713 - INFO - Battery: 3.86V (safe)
2025-09-05 14:31:20,714 - INFO - Battery check passed: 3.86V
2025-09-05 14:31:20,714 - INFO - Initializing position estimator to origin...
2025-09-05 14:31:20,718 - INFO - Have successfully stopped logging for id=1
2025-09-05 14:31:20,719 - INFO - Have successfully deleted id=1
2025-09-05 14:31:21,918 - INFO - All parameters updated
2025-09-05 14:31:21,918 - INFO - Callback->Connection completed [radio://0/80/2M/E7E7E7E7E6]
2025-09-05 14:31:22,027 - INFO - Have successfully started logging for id=2
2025-09-05 14:31:28,523 - INFO - Waiting for position estimator...
2025-09-05 14:31:28,527 - INFO - Have successfully stopped logging for id=2
2025-09-05 14:31:28,528 - INFO - Have successfully deleted id=2
2025-09-05 14:31:28,537 - INFO - Have successfully started logging for id=3
2025-09-05 14:31:29,533 - INFO - Position estimator ready
2025-09-05 14:31:29,534 - INFO - Controller parameters optimized
2025-09-05 14:31:29,538 - INFO - Have successfully stopped logging for id=3
2025-09-05 14:31:29,539 - INFO - Have successfully deleted id=3
2025-09-05 14:31:30,534 - INFO - Start collection (slot:10ms)
2025-09-05 14:31:30,535 - INFO - Data collector started
2025-09-05 14:31:30,536 - INFO - Position manager started
2025-09-05 14:31:30,543 - INFO - Have successfully started logging for id=4
2025-09-05 14:31:30,544 - INFO - Have successfully started logging for id=5
2025-09-05 14:31:30,548 - INFO - Have successfully started logging for id=6
2025-09-05 14:31:30,636 - INFO - Position manager data flow is normal
2025-09-05 14:31:32,636 - INFO - Current position: (-0.008, 0.022, 0.014, 90.1°)
2025-09-05 14:31:32,636 - INFO - Using absolute coordinate system, ignoring takeoff position offset
2025-09-05 14:31:33,637 - INFO - Pre-flight stabilization to first waypoint: (0.000, 0.000, 0.500)
2025-09-05 14:31:33,787 - INFO - Waypoint1: absolute coordinates(0.000, 0.000, 0.500, yaw=90.0°)
2025-09-05 14:31:33,787 - INFO - Flying to coordinate: (0.000, 0.000, 0.500)
2025-09-05 14:31:34,797 - INFO - Approaching target (error=0.148m), entering stabilization phase
2025-09-05 14:31:35,337 - INFO - Reached waypoint (error=0.029m, stable_count=30)
2025-09-05 14:31:35,951 - INFO - Waypoint2: absolute coordinates(0.700, 0.000, 0.500, yaw=90.0°)
2025-09-05 14:31:35,952 - INFO - Flying to coordinate: (0.700, 0.000, 0.500)
2025-09-05 14:31:36,942 - INFO - Approaching target (error=0.130m), entering stabilization phase
2025-09-05 14:31:38,632 - INFO - Reached waypoint (error=0.051m, stable_count=30)
2025-09-05 14:31:39,232 - INFO - Waypoint3: absolute coordinates(0.700, 0.700, 0.500, yaw=90.0°)
2025-09-05 14:31:39,232 - INFO - Flying to coordinate: (0.700, 0.700, 0.500)
2025-09-05 14:31:40,092 - INFO - Approaching target (error=0.108m), entering stabilization phase
2025-09-05 14:31:40,432 - INFO - Reached waypoint (error=0.059m, stable_count=30)
2025-09-05 14:31:41,032 - INFO - Waypoint4: absolute coordinates(0.000, 0.700, 0.500, yaw=90.0°)
2025-09-05 14:31:41,032 - INFO - Flying to coordinate: (0.000, 0.700, 0.500)
2025-09-05 14:31:42,143 - INFO - Approaching target (error=0.143m), entering stabilization phase
2025-09-05 14:31:45,133 - INFO - Reached waypoint (error=0.071m, stable_count=30)
2025-09-05 14:31:45,733 - INFO - Waypoint5: absolute coordinates(0.000, 0.000, 0.500, yaw=90.0°)
2025-09-05 14:31:45,733 - INFO - Flying to coordinate: (0.000, 0.000, 0.500)
2025-09-05 14:31:46,583 - INFO - Approaching target (error=0.139m), entering stabilization phase
2025-09-05 14:31:47,233 - INFO - Reached waypoint (error=0.042m, stable_count=30)
2025-09-05 14:31:47,833 - INFO - Returning to origin and landing...
2025-09-05 14:31:47,833 - INFO - Flying to coordinate: (0.000, 0.000, 0.200)
2025-09-05 14:31:48,533 - INFO - Approaching target (error=0.150m), entering stabilization phase
2025-09-05 14:31:49,223 - INFO - Reached waypoint (error=0.050m, stable_count=30)
2025-09-05 14:31:49,223 - INFO - Landing...
2025-09-05 14:31:49,224 - INFO - Landing complete
2025-09-05 14:31:49,231 - INFO - Have successfully stopped logging for id=6
2025-09-05 14:31:49,325 - INFO - Position manager stopped
2025-09-05 14:31:49,328 - INFO - Flight mission complete
2025-09-05 14:31:49,328 - INFO - Stopping data collector...
2025-09-05 14:31:49,330 - INFO - Collection complete - stats: {'created': 1880, 'complete': 1879, 'merged': 0, 'dropped': 1}
2025-09-05 14:31:49,339 - INFO - Have successfully stopped logging for id=4
2025-09-05 14:31:49,343 - INFO - Have successfully stopped logging for id=5
2025-09-05 14:31:49,396 - INFO - Data saved: training_data/square_large_20250905_143149.json
2025-09-05 14:31:49,396 - INFO - States: 1879, Commands: 1309, Duration: 18.8s
2025-09-05 14:31:49,396 - INFO - Successfully saved 1879 state data points
2025-09-05 14:31:49,396 - INFO - Successfully saved 1309 control commands
2025-09-05 14:31:49,396 - INFO - Closing link
2025-09-05 14:31:49,397 - INFO - Callback->Disconnected from [radio://0/80/2M/E7E7E7E7E6]
