2025-09-05 17:52:31,656 - INFO - === Fixed continuous data collector ===
2025-09-05 17:52:31,656 - INFO - Mission: triangle_large
2025-09-05 17:52:31,656 - INFO - Waypoints (absolute coordinates): [(0, 0, 0.6), (0.8, 0, 0.6), (0.4, 0.6, 0.6), (0, 0, 0.6)]
2025-09-05 17:52:31,657 - INFO - Callback->Connection initialized[radio://0/80/2M/E7E7E7E7E6]
2025-09-05 17:52:31,910 - INFO - We are connected[radio://0/80/2M/E7E7E7E7E6], request connection setup
2025-09-05 17:52:31,911 - INFO - Request _request_protocol_version()
2025-09-05 17:52:31,914 - INFO - Callback->Connected to [radio://0/80/2M/E7E7E7E7E6]
2025-09-05 17:52:31,983 - INFO - _crt_service_callback
2025-09-05 17:52:31,983 - INFO - Request protocol version
2025-09-05 17:52:31,987 - INFO - _platform_callback
2025-09-05 17:52:31,987 - INFO - Protocol version (platform): 9
2025-09-05 17:52:31,998 - INFO - TOC for port [5] found in cache
2025-09-05 17:52:31,998 - INFO - Log TOC finished updating
2025-09-05 17:52:32,001 - INFO - 6 memories found
2025-09-05 17:52:32,078 - INFO - Memories finished updating
2025-09-05 17:52:32,086 - INFO - TOC for port [2] found in cache
2025-09-05 17:52:32,520 - INFO - Param TOC finished updating
2025-09-05 17:52:32,520 - INFO - Callback->Connection setup finished [radio://0/80/2M/E7E7E7E7E6]
2025-09-05 17:52:32,521 - INFO - Connected: radio://0/80/2M/E7E7E7E7E6
2025-09-05 17:52:32,530 - INFO - Have successfully started logging for id=1
2025-09-05 17:52:32,629 - INFO - Battery: 3.82V (safe)
2025-09-05 17:52:32,629 - INFO - Battery check passed: 3.82V
2025-09-05 17:52:32,629 - INFO - Initializing position estimator to origin...
2025-09-05 17:52:32,632 - INFO - Have successfully stopped logging for id=1
2025-09-05 17:52:32,633 - INFO - Have successfully deleted id=1
2025-09-05 17:52:33,640 - INFO - All parameters updated
2025-09-05 17:52:33,640 - INFO - Callback->Connection completed [radio://0/80/2M/E7E7E7E7E6]
2025-09-05 17:52:33,748 - INFO - Have successfully started logging for id=2
2025-09-05 17:52:40,243 - INFO - Waiting for position estimator...
2025-09-05 17:52:40,245 - INFO - Have successfully stopped logging for id=2
2025-09-05 17:52:40,246 - INFO - Have successfully deleted id=2
2025-09-05 17:52:40,251 - INFO - Have successfully started logging for id=3
2025-09-05 17:52:41,250 - INFO - Position estimator ready
2025-09-05 17:52:41,251 - INFO - Controller parameters optimized
2025-09-05 17:52:41,253 - INFO - Have successfully stopped logging for id=3
2025-09-05 17:52:41,254 - INFO - Have successfully deleted id=3
2025-09-05 17:52:43,357 - INFO - Start collection (slot:10ms)
2025-09-05 17:52:43,358 - INFO - Data collector started
2025-09-05 17:52:43,359 - INFO - Position manager started
2025-09-05 17:52:43,365 - INFO - Have successfully started logging for id=4
2025-09-05 17:52:43,366 - INFO - Have successfully started logging for id=5
2025-09-05 17:52:43,368 - INFO - Have successfully started logging for id=6
2025-09-05 17:52:43,459 - INFO - Position manager data flow is normal
2025-09-05 17:52:45,459 - INFO - Current position: (-0.020, -0.006, 0.029, 90.0°)
2025-09-05 17:52:45,459 - INFO - Using absolute coordinate system, ignoring takeoff position offset
2025-09-05 17:52:46,460 - INFO - Pre-flight stabilization to first waypoint: (0.000, 0.000, 0.600)
2025-09-05 17:52:46,610 - INFO - Waypoint1: absolute coordinates(0.000, 0.000, 0.600, yaw=90.0°)
2025-09-05 17:52:46,610 - INFO - Flying to coordinate: (0.000, 0.000, 0.600)
2025-09-05 17:52:47,570 - INFO - Approaching target (error=0.150m), entering stabilization phase
2025-09-05 17:52:48,110 - INFO - Reached waypoint (error=0.038m, stable_count=30)
2025-09-05 17:52:48,712 - INFO - Waypoint2: absolute coordinates(0.800, 0.000, 0.600, yaw=90.0°)
2025-09-05 17:52:48,712 - INFO - Flying to coordinate: (0.800, 0.000, 0.600)
2025-09-05 17:52:49,672 - INFO - Approaching target (error=0.142m), entering stabilization phase
2025-09-05 17:52:51,662 - INFO - Reached waypoint (error=0.055m, stable_count=30)
2025-09-05 17:52:52,262 - INFO - Waypoint3: absolute coordinates(0.400, 0.600, 0.600, yaw=90.0°)
2025-09-05 17:52:52,262 - INFO - Flying to coordinate: (0.400, 0.600, 0.600)
2025-09-05 17:52:53,062 - INFO - Approaching target (error=0.118m), entering stabilization phase
2025-09-05 17:52:54,852 - INFO - Reached waypoint (error=0.063m, stable_count=30)
2025-09-05 17:52:55,454 - INFO - Waypoint4: absolute coordinates(0.000, 0.000, 0.600, yaw=90.0°)
2025-09-05 17:52:55,454 - INFO - Flying to coordinate: (0.000, 0.000, 0.600)
2025-09-05 17:52:56,464 - INFO - Approaching target (error=0.136m), entering stabilization phase
2025-09-05 17:52:57,904 - INFO - Reached waypoint (error=0.054m, stable_count=30)
2025-09-05 17:52:58,504 - INFO - Returning to origin and landing...
2025-09-05 17:52:58,504 - INFO - Flying to coordinate: (0.000, 0.000, 0.200)
2025-09-05 17:52:59,354 - INFO - Approaching target (error=0.146m), entering stabilization phase
2025-09-05 17:53:00,594 - INFO - Reached waypoint (error=0.080m, stable_count=30)
2025-09-05 17:53:00,594 - INFO - Landing...
2025-09-05 17:53:00,595 - INFO - Landing complete
2025-09-05 17:53:00,602 - INFO - Have successfully stopped logging for id=6
2025-09-05 17:53:00,696 - INFO - Position manager stopped
2025-09-05 17:53:00,697 - INFO - Flight mission complete
2025-09-05 17:53:00,697 - INFO - Stopping data collector...
2025-09-05 17:53:00,699 - INFO - Collection complete - stats: {'created': 1734, 'complete': 1734, 'merged': 0, 'dropped': 0}
2025-09-05 17:53:00,707 - INFO - Have successfully stopped logging for id=4
2025-09-05 17:53:00,710 - INFO - Have successfully stopped logging for id=5
2025-09-05 17:53:00,759 - INFO - Data saved: training_data/triangle_large_20250905_175300.json
2025-09-05 17:53:00,759 - INFO - States: 1734, Commands: 1215, Duration: 17.3s
2025-09-05 17:53:00,760 - INFO - Successfully saved 1734 state data points
2025-09-05 17:53:00,760 - INFO - Successfully saved 1215 control commands
2025-09-05 17:53:00,760 - INFO - Closing link
2025-09-05 17:53:00,760 - INFO - Callback->Disconnected from [radio://0/80/2M/E7E7E7E7E6]
