2025-09-05 13:46:53,896 - INFO - === Fixed continuous data collector ===
2025-09-05 13:46:53,896 - INFO - Mission: square_med
2025-09-05 13:46:53,896 - INFO - Waypoints (absolute coordinates): [(0, 0, 0.4), (0.5, 0, 0.4), (0.5, 0.5, 0.4), (0, 0.5, 0.4), (0, 0, 0.4)]
2025-09-05 13:46:53,896 - INFO - Callback->Connection initialized[radio://0/80/2M/E7E7E7E7E6]
2025-09-05 13:46:54,147 - INFO - We are connected[radio://0/80/2M/E7E7E7E7E6], request connection setup
2025-09-05 13:46:54,147 - INFO - Request _request_protocol_version()
2025-09-05 13:46:54,151 - INFO - Callback->Connected to [radio://0/80/2M/E7E7E7E7E6]
2025-09-05 13:46:54,154 - INFO - _crt_service_callback
2025-09-05 13:46:54,154 - INFO - Request protocol version
2025-09-05 13:46:54,157 - INFO - _platform_callback
2025-09-05 13:46:54,157 - INFO - Protocol version (platform): 9
2025-09-05 13:46:54,168 - INFO - TOC for port [5] found in cache
2025-09-05 13:46:54,168 - INFO - Log TOC finished updating
2025-09-05 13:46:54,171 - INFO - 6 memories found
2025-09-05 13:46:54,250 - INFO - Memories finished updating
2025-09-05 13:46:54,255 - INFO - TOC for port [2] found in cache
2025-09-05 13:46:54,727 - INFO - Param TOC finished updating
2025-09-05 13:46:54,727 - INFO - Callback->Connection setup finished [radio://0/80/2M/E7E7E7E7E6]
2025-09-05 13:46:54,728 - INFO - Connected: radio://0/80/2M/E7E7E7E7E6
2025-09-05 13:46:54,735 - INFO - Have successfully started logging for id=1
2025-09-05 13:46:54,834 - INFO - Battery: 3.79V (low)
2025-09-05 13:46:54,835 - ERROR - Battery voltage too low: 3.79V < 3.8V
2025-09-05 13:46:54,835 - INFO - Closing link
2025-09-05 13:46:54,838 - INFO - Have successfully stopped logging for id=1
2025-09-05 13:46:54,838 - INFO - Callback->Disconnected from [radio://0/80/2M/E7E7E7E7E6]
