2025-09-05 14:19:02,323 - INFO - === Fixed continuous data collector ===
2025-09-05 14:19:02,323 - INFO - Mission: square_large
2025-09-05 14:19:02,323 - INFO - Waypoints (absolute coordinates): [(0, 0, 0.5), (0.7, 0, 0.5), (0.7, 0.7, 0.5), (0, 0.7, 0.5), (0, 0, 0.5)]
2025-09-05 14:19:02,323 - INFO - Callback->Connection initialized[radio://0/80/2M/E7E7E7E7E6]
2025-09-05 14:19:02,574 - INFO - We are connected[radio://0/80/2M/E7E7E7E7E6], request connection setup
2025-09-05 14:19:02,574 - INFO - Request _request_protocol_version()
2025-09-05 14:19:02,577 - INFO - Callback->Connected to [radio://0/80/2M/E7E7E7E7E6]
2025-09-05 14:19:02,584 - INFO - _crt_service_callback
2025-09-05 14:19:02,584 - INFO - Request protocol version
2025-09-05 14:19:02,589 - INFO - _platform_callback
2025-09-05 14:19:02,589 - INFO - Protocol version (platform): 9
2025-09-05 14:19:02,600 - INFO - TOC for port [5] found in cache
2025-09-05 14:19:02,600 - INFO - Log TOC finished updating
2025-09-05 14:19:02,603 - INFO - 6 memories found
2025-09-05 14:19:02,689 - INFO - Memories finished updating
2025-09-05 14:19:02,694 - INFO - TOC for port [2] found in cache
2025-09-05 14:19:03,194 - INFO - Param TOC finished updating
2025-09-05 14:19:03,194 - INFO - Callback->Connection setup finished [radio://0/80/2M/E7E7E7E7E6]
2025-09-05 14:19:03,195 - INFO - Connected: radio://0/80/2M/E7E7E7E7E6
2025-09-05 14:19:03,204 - INFO - Have successfully started logging for id=1
2025-09-05 14:19:03,303 - INFO - Battery: 3.83V (safe)
2025-09-05 14:19:03,304 - INFO - Battery check passed: 3.83V
2025-09-05 14:19:03,304 - INFO - Initializing position estimator to origin...
2025-09-05 14:19:03,307 - INFO - Have successfully stopped logging for id=1
2025-09-05 14:19:03,308 - INFO - Have successfully deleted id=1
2025-09-05 14:19:04,538 - INFO - All parameters updated
2025-09-05 14:19:04,538 - INFO - Callback->Connection completed [radio://0/80/2M/E7E7E7E7E6]
2025-09-05 14:19:04,647 - INFO - Have successfully started logging for id=2
2025-09-05 14:19:11,143 - INFO - Waiting for position estimator...
2025-09-05 14:19:11,148 - INFO - Have successfully stopped logging for id=2
2025-09-05 14:19:11,149 - INFO - Have successfully deleted id=2
2025-09-05 14:19:11,155 - INFO - Have successfully started logging for id=3
2025-09-05 14:19:12,156 - INFO - Position estimator ready
2025-09-05 14:19:12,157 - INFO - Controller parameters optimized
2025-09-05 14:19:12,159 - INFO - Have successfully stopped logging for id=3
2025-09-05 14:19:12,160 - INFO - Have successfully deleted id=3
2025-09-05 14:19:13,941 - INFO - Start collection (slot:10ms)
2025-09-05 14:19:13,942 - INFO - Data collector started
2025-09-05 14:19:13,946 - INFO - Position manager started
2025-09-05 14:19:13,953 - INFO - Have successfully started logging for id=4
2025-09-05 14:19:13,955 - INFO - Have successfully started logging for id=5
2025-09-05 14:19:13,956 - INFO - Have successfully started logging for id=6
2025-09-05 14:19:14,047 - INFO - Position manager data flow is normal
2025-09-05 14:19:16,047 - INFO - Current position: (0.026, 0.006, 0.020, 90.0°)
2025-09-05 14:19:16,047 - INFO - Using absolute coordinate system, ignoring takeoff position offset
2025-09-05 14:19:17,047 - INFO - Pre-flight stabilization to first waypoint: (0.000, 0.000, 0.500)
2025-09-05 14:19:17,198 - INFO - Waypoint1: absolute coordinates(0.000, 0.000, 0.500, yaw=90.0°)
2025-09-05 14:19:17,198 - INFO - Flying to coordinate: (0.000, 0.000, 0.500)
2025-09-05 14:19:18,258 - INFO - Approaching target (error=0.140m), entering stabilization phase
2025-09-05 14:19:18,758 - INFO - Reached waypoint (error=0.004m, stable_count=30)
2025-09-05 14:19:19,358 - INFO - Waypoint2: absolute coordinates(0.700, 0.000, 0.500, yaw=90.0°)
2025-09-05 14:19:19,358 - INFO - Flying to coordinate: (0.700, 0.000, 0.500)
2025-09-05 14:19:20,258 - INFO - Approaching target (error=0.149m), entering stabilization phase
2025-09-05 14:19:21,848 - INFO - Reached waypoint (error=0.063m, stable_count=30)
2025-09-05 14:19:22,450 - INFO - Waypoint3: absolute coordinates(0.700, 0.700, 0.500, yaw=90.0°)
2025-09-05 14:19:22,450 - INFO - Flying to coordinate: (0.700, 0.700, 0.500)
2025-09-05 14:19:23,250 - INFO - Approaching target (error=0.140m), entering stabilization phase
2025-09-05 14:19:23,640 - INFO - Reached waypoint (error=0.039m, stable_count=30)
2025-09-05 14:19:24,240 - INFO - Waypoint4: absolute coordinates(0.000, 0.700, 0.500, yaw=90.0°)
2025-09-05 14:19:24,240 - INFO - Flying to coordinate: (0.000, 0.700, 0.500)
2025-09-05 14:19:25,310 - INFO - Approaching target (error=0.148m), entering stabilization phase
2025-09-05 14:19:28,990 - INFO - Reached waypoint (error=0.079m, stable_count=30)
2025-09-05 14:19:29,590 - INFO - Waypoint5: absolute coordinates(0.000, 0.000, 0.500, yaw=90.0°)
2025-09-05 14:19:29,590 - INFO - Flying to coordinate: (0.000, 0.000, 0.500)
2025-09-05 14:19:30,451 - INFO - Approaching target (error=0.114m), entering stabilization phase
2025-09-05 14:19:30,841 - INFO - Reached waypoint (error=0.057m, stable_count=30)
2025-09-05 14:19:31,441 - INFO - Returning to origin and landing...
2025-09-05 14:19:31,441 - INFO - Flying to coordinate: (0.000, 0.000, 0.200)
2025-09-05 14:19:32,101 - INFO - Approaching target (error=0.136m), entering stabilization phase
2025-09-05 14:19:32,791 - INFO - Reached waypoint (error=0.042m, stable_count=30)
2025-09-05 14:19:32,791 - INFO - Landing...
2025-09-05 14:19:32,791 - INFO - Landing complete
2025-09-05 14:19:32,795 - INFO - Have successfully stopped logging for id=6
2025-09-05 14:19:32,892 - INFO - Position manager stopped
2025-09-05 14:19:32,893 - INFO - Flight mission complete
2025-09-05 14:19:32,893 - INFO - Stopping data collector...
2025-09-05 14:19:32,895 - INFO - Collection complete - stats: {'created': 1895, 'complete': 1895, 'merged': 0, 'dropped': 0}
2025-09-05 14:19:32,903 - INFO - Have successfully stopped logging for id=4
2025-09-05 14:19:32,906 - INFO - Have successfully stopped logging for id=5
2025-09-05 14:19:32,964 - INFO - Data saved: training_data/square_large_20250905_141932.json
2025-09-05 14:19:32,964 - INFO - States: 1895, Commands: 1325, Duration: 18.9s
2025-09-05 14:19:32,965 - INFO - Successfully saved 1895 state data points
2025-09-05 14:19:32,965 - INFO - Successfully saved 1325 control commands
2025-09-05 14:19:32,965 - INFO - Closing link
2025-09-05 14:19:32,965 - INFO - Callback->Disconnected from [radio://0/80/2M/E7E7E7E7E6]
