2025-09-05 14:43:57,342 - INFO - === Fixed continuous data collector ===
2025-09-05 14:43:57,342 - INFO - Mission: square_large
2025-09-05 14:43:57,343 - INFO - Waypoints (absolute coordinates): [(0, 0, 0.5), (0.7, 0, 0.5), (0.7, 0.7, 0.5), (0, 0.7, 0.5), (0, 0, 0.5)]
2025-09-05 14:43:57,343 - INFO - Callback->Connection initialized[radio://0/80/2M/E7E7E7E7E6]
2025-09-05 14:43:57,594 - INFO - We are connected[radio://0/80/2M/E7E7E7E7E6], request connection setup
2025-09-05 14:43:57,594 - INFO - Request _request_protocol_version()
2025-09-05 14:43:57,597 - INFO - Callback->Connected to [radio://0/80/2M/E7E7E7E7E6]
2025-09-05 14:43:57,601 - INFO - _crt_service_callback
2025-09-05 14:43:57,601 - INFO - Request protocol version
2025-09-05 14:43:57,605 - INFO - _platform_callback
2025-09-05 14:43:57,605 - INFO - Protocol version (platform): 9
2025-09-05 14:43:57,616 - INFO - TOC for port [5] found in cache
2025-09-05 14:43:57,616 - INFO - Log TOC finished updating
2025-09-05 14:43:57,619 - INFO - 6 memories found
2025-09-05 14:43:57,696 - INFO - Memories finished updating
2025-09-05 14:43:57,702 - INFO - TOC for port [2] found in cache
2025-09-05 14:43:58,166 - INFO - Param TOC finished updating
2025-09-05 14:43:58,166 - INFO - Callback->Connection setup finished [radio://0/80/2M/E7E7E7E7E6]
2025-09-05 14:43:58,167 - INFO - Connected: radio://0/80/2M/E7E7E7E7E6
2025-09-05 14:43:58,178 - INFO - Have successfully started logging for id=1
2025-09-05 14:43:58,275 - INFO - Battery: 3.95V (safe)
2025-09-05 14:43:58,276 - INFO - Battery check passed: 3.95V
2025-09-05 14:43:58,276 - INFO - Initializing position estimator to origin...
2025-09-05 14:43:58,281 - INFO - Have successfully stopped logging for id=1
2025-09-05 14:43:58,282 - INFO - Have successfully deleted id=1
2025-09-05 14:43:59,548 - INFO - All parameters updated
2025-09-05 14:43:59,548 - INFO - Callback->Connection completed [radio://0/80/2M/E7E7E7E7E6]
2025-09-05 14:43:59,658 - INFO - Have successfully started logging for id=2
2025-09-05 14:44:06,155 - INFO - Waiting for position estimator...
2025-09-05 14:44:06,158 - INFO - Have successfully stopped logging for id=2
2025-09-05 14:44:06,159 - INFO - Have successfully deleted id=2
2025-09-05 14:44:06,168 - INFO - Have successfully started logging for id=3
2025-09-05 14:44:07,166 - INFO - Position estimator ready
2025-09-05 14:44:07,167 - INFO - Controller parameters optimized
2025-09-05 14:44:07,172 - INFO - Have successfully stopped logging for id=3
2025-09-05 14:44:07,172 - INFO - Have successfully deleted id=3
2025-09-05 14:44:10,707 - INFO - Start collection (slot:10ms)
2025-09-05 14:44:10,708 - INFO - Data collector started
2025-09-05 14:44:10,709 - INFO - Position manager started
2025-09-05 14:44:10,719 - INFO - Have successfully started logging for id=4
2025-09-05 14:44:10,720 - INFO - Have successfully started logging for id=5
2025-09-05 14:44:10,721 - INFO - Have successfully started logging for id=6
2025-09-05 14:44:10,809 - INFO - Position manager data flow is normal
2025-09-05 14:44:12,810 - INFO - Current position: (0.009, 0.037, 0.002, 89.1°)
2025-09-05 14:44:12,810 - INFO - Using absolute coordinate system, ignoring takeoff position offset
2025-09-05 14:44:13,810 - INFO - Pre-flight stabilization to first waypoint: (0.000, 0.000, 0.500)
2025-09-05 14:44:13,960 - INFO - Waypoint1: absolute coordinates(0.000, 0.000, 0.500, yaw=90.0°)
2025-09-05 14:44:13,960 - INFO - Flying to coordinate: (0.000, 0.000, 0.500)
2025-09-05 14:44:14,920 - INFO - Approaching target (error=0.149m), entering stabilization phase
2025-09-05 14:44:15,460 - INFO - Reached waypoint (error=0.020m, stable_count=30)
2025-09-05 14:44:16,064 - INFO - Waypoint2: absolute coordinates(0.700, 0.000, 0.500, yaw=90.0°)
2025-09-05 14:44:16,064 - INFO - Flying to coordinate: (0.700, 0.000, 0.500)
2025-09-05 14:44:17,074 - INFO - Approaching target (error=0.132m), entering stabilization phase
2025-09-05 14:44:18,964 - INFO - Reached waypoint (error=0.068m, stable_count=30)
2025-09-05 14:44:19,565 - INFO - Waypoint3: absolute coordinates(0.700, 0.700, 0.500, yaw=90.0°)
2025-09-05 14:44:19,565 - INFO - Flying to coordinate: (0.700, 0.700, 0.500)
2025-09-05 14:44:20,365 - INFO - Approaching target (error=0.109m), entering stabilization phase
2025-09-05 14:44:21,255 - INFO - Reached waypoint (error=0.036m, stable_count=30)
2025-09-05 14:44:21,855 - INFO - Waypoint4: absolute coordinates(0.000, 0.700, 0.500, yaw=90.0°)
2025-09-05 14:44:21,855 - INFO - Flying to coordinate: (0.000, 0.700, 0.500)
2025-09-05 14:44:23,065 - INFO - Approaching target (error=0.143m), entering stabilization phase
2025-09-05 14:44:27,805 - INFO - Reached waypoint (error=0.070m, stable_count=30)
2025-09-05 14:44:28,406 - INFO - Waypoint5: absolute coordinates(0.000, 0.000, 0.500, yaw=90.0°)
2025-09-05 14:44:28,406 - INFO - Flying to coordinate: (0.000, 0.000, 0.500)
2025-09-05 14:44:29,216 - INFO - Approaching target (error=0.145m), entering stabilization phase
2025-09-05 14:44:29,596 - INFO - Reached waypoint (error=0.042m, stable_count=30)
2025-09-05 14:44:30,196 - INFO - Returning to origin and landing...
2025-09-05 14:44:30,196 - INFO - Flying to coordinate: (0.000, 0.000, 0.200)
2025-09-05 14:44:30,806 - INFO - Approaching target (error=0.139m), entering stabilization phase
2025-09-05 14:44:31,546 - INFO - Reached waypoint (error=0.052m, stable_count=30)
2025-09-05 14:44:31,546 - INFO - Landing...
2025-09-05 14:44:31,547 - INFO - Landing complete
2025-09-05 14:44:31,553 - INFO - Have successfully stopped logging for id=6
2025-09-05 14:44:31,648 - INFO - Position manager stopped
2025-09-05 14:44:31,651 - INFO - Flight mission complete
2025-09-05 14:44:31,651 - INFO - Stopping data collector...
2025-09-05 14:44:31,654 - INFO - Collection complete - stats: {'created': 2094, 'complete': 2094, 'merged': 0, 'dropped': 0}
2025-09-05 14:44:31,662 - INFO - Have successfully stopped logging for id=4
2025-09-05 14:44:31,663 - INFO - Have successfully stopped logging for id=5
2025-09-05 14:44:31,726 - INFO - Data saved: training_data/square_large_20250905_144431.json
2025-09-05 14:44:31,726 - INFO - States: 2094, Commands: 1524, Duration: 20.9s
2025-09-05 14:44:31,727 - INFO - Successfully saved 2094 state data points
2025-09-05 14:44:31,727 - INFO - Successfully saved 1524 control commands
2025-09-05 14:44:31,727 - INFO - Closing link
2025-09-05 14:44:31,727 - INFO - Callback->Disconnected from [radio://0/80/2M/E7E7E7E7E6]
