2025-09-04 14:42:56,598 - INFO - === Fixed continuous data collector ===
2025-09-04 14:42:56,598 - INFO - Mission: vertical_med
2025-09-04 14:42:56,599 - INFO - Waypoints (absolute coordinates): [(0, 0, 0.4), (0, 0, 0.8), (0, 0, 0.4)]
2025-09-04 14:42:56,599 - INFO - Callback->Connection initialized[radio://0/80/2M/E7E7E7E7E6]
2025-09-04 14:42:56,850 - INFO - We are connected[radio://0/80/2M/E7E7E7E7E6], request connection setup
2025-09-04 14:42:56,850 - INFO - Request _request_protocol_version()
2025-09-04 14:42:56,855 - INFO - Callback->Connected to [radio://0/80/2M/E7E7E7E7E6]
2025-09-04 14:42:56,859 - INFO - _crt_service_callback
2025-09-04 14:42:56,859 - INFO - Request protocol version
2025-09-04 14:42:56,866 - INFO - _platform_callback
2025-09-04 14:42:56,866 - INFO - Protocol version (platform): 9
2025-09-04 14:42:56,878 - INFO - TOC for port [5] found in cache
2025-09-04 14:42:56,879 - INFO - Log TOC finished updating
2025-09-04 14:42:56,882 - INFO - 6 memories found
2025-09-04 14:42:56,965 - INFO - Memories finished updating
2025-09-04 14:42:56,971 - INFO - TOC for port [2] found in cache
2025-09-04 14:42:57,485 - INFO - Param TOC finished updating
2025-09-04 14:42:57,485 - INFO - Callback->Connection setup finished [radio://0/80/2M/E7E7E7E7E6]
2025-09-04 14:42:57,486 - INFO - Connected: radio://0/80/2M/E7E7E7E7E6
2025-09-04 14:42:57,497 - INFO - Have successfully started logging for id=1
2025-09-04 14:42:57,595 - INFO - Battery: 4.01V (safe)
2025-09-04 14:42:57,596 - INFO - Battery check passed: 4.01V
2025-09-04 14:42:57,596 - INFO - Initializing position estimator to origin...
2025-09-04 14:42:57,599 - INFO - Have successfully stopped logging for id=1
2025-09-04 14:42:57,600 - INFO - Have successfully deleted id=1
2025-09-04 14:42:58,941 - INFO - All parameters updated
2025-09-04 14:42:58,941 - INFO - Callback->Connection completed [radio://0/80/2M/E7E7E7E7E6]
2025-09-04 14:42:59,051 - INFO - Have successfully started logging for id=2
2025-09-04 14:43:05,546 - INFO - Waiting for position estimator...
2025-09-04 14:43:05,549 - INFO - Have successfully stopped logging for id=2
2025-09-04 14:43:05,550 - INFO - Have successfully deleted id=2
2025-09-04 14:43:05,556 - INFO - Have successfully started logging for id=3
2025-09-04 14:43:06,556 - INFO - Position estimator ready
2025-09-04 14:43:06,557 - INFO - Controller parameters optimized
2025-09-04 14:43:06,560 - INFO - Have successfully stopped logging for id=3
2025-09-04 14:43:06,561 - INFO - Have successfully deleted id=3
2025-09-04 14:43:08,331 - INFO - Start collection (slot:10ms)
2025-09-04 14:43:08,332 - INFO - Data collector started
2025-09-04 14:43:08,333 - INFO - Position manager started
2025-09-04 14:43:08,341 - INFO - Have successfully started logging for id=4
2025-09-04 14:43:08,342 - INFO - Have successfully started logging for id=5
2025-09-04 14:43:08,342 - INFO - Have successfully started logging for id=6
2025-09-04 14:43:08,433 - INFO - Position manager data flow is normal
2025-09-04 14:43:10,434 - INFO - Current position: (0.034, 0.040, 0.014, 90.0째)
2025-09-04 14:43:10,434 - INFO - Using absolute coordinate system, ignoring takeoff position offset
2025-09-04 14:43:11,435 - INFO - Pre-flight stabilization to first waypoint: (0.000, 0.000, 0.400)
2025-09-04 14:43:11,585 - INFO - Waypoint1: absolute coordinates(0.000, 0.000, 0.400, yaw=90.0째)
2025-09-04 14:43:11,585 - INFO - Flying to coordinate: (0.000, 0.000, 0.400)
2025-09-04 14:43:12,645 - INFO - Approaching target (error=0.150m), entering stabilization phase
2025-09-04 14:43:13,235 - INFO - Reached waypoint (error=0.054m, stable_count=30)
2025-09-04 14:43:13,836 - INFO - Waypoint2: absolute coordinates(0.000, 0.000, 0.800, yaw=90.0째)
2025-09-04 14:43:13,836 - INFO - Flying to coordinate: (0.000, 0.000, 0.800)
2025-09-04 14:43:14,396 - INFO - Approaching target (error=0.134m), entering stabilization phase
2025-09-04 14:43:18,436 - INFO - Reached waypoint (error=0.068m, stable_count=30)
2025-09-04 14:43:19,036 - INFO - Waypoint3: absolute coordinates(0.000, 0.000, 0.400, yaw=90.0째)
2025-09-04 14:43:19,036 - INFO - Flying to coordinate: (0.000, 0.000, 0.400)
2025-09-04 14:43:19,786 - INFO - Approaching target (error=0.147m), entering stabilization phase
2025-09-04 14:43:20,326 - INFO - Reached waypoint (error=0.059m, stable_count=30)
2025-09-04 14:43:20,926 - INFO - Returning to origin and landing...
2025-09-04 14:43:20,926 - INFO - Flying to coordinate: (0.000, 0.000, 0.200)
2025-09-04 14:43:21,237 - INFO - Approaching target (error=0.133m), entering stabilization phase
2025-09-04 14:43:21,827 - INFO - Reached waypoint (error=0.040m, stable_count=30)
2025-09-04 14:43:21,827 - INFO - Landing...
2025-09-04 14:43:21,828 - INFO - Landing complete
2025-09-04 14:43:21,839 - INFO - Have successfully stopped logging for id=6
2025-09-04 14:43:21,936 - INFO - Position manager stopped
2025-09-04 14:43:21,938 - INFO - Flight mission complete
2025-09-04 14:43:21,938 - INFO - Stopping data collector...
2025-09-04 14:43:21,939 - INFO - Collection complete - stats: {'created': 1360, 'complete': 1360, 'merged': 0, 'dropped': 0}
2025-09-04 14:43:21,949 - INFO - Have successfully stopped logging for id=4
2025-09-04 14:43:21,951 - INFO - Have successfully stopped logging for id=5
2025-09-04 14:43:21,986 - INFO - Data saved: training_data/vertical_med_20250904_144321.json
2025-09-04 14:43:21,986 - INFO - States: 1360, Commands: 889, Duration: 13.6s
2025-09-04 14:43:21,986 - INFO - Successfully saved 1360 state data points
2025-09-04 14:43:21,986 - INFO - Successfully saved 889 control commands
2025-09-04 14:43:21,986 - INFO - Closing link
2025-09-04 14:43:21,986 - INFO - Callback->Disconnected from [radio://0/80/2M/E7E7E7E7E6]
