2025-09-04 16:16:05,992 - INFO - === Fixed continuous data collector ===
2025-09-04 16:16:05,992 - INFO - Mission: vertical_large
2025-09-04 16:16:05,992 - INFO - Waypoints (absolute coordinates): [(0, 0, 0.5), (0, 0, 1.0), (0, 0, 0.5)]
2025-09-04 16:16:05,993 - INFO - Callback->Connection initialized[radio://0/80/2M/E7E7E7E7E6]
2025-09-04 16:16:06,245 - INFO - We are connected[radio://0/80/2M/E7E7E7E7E6], request connection setup
2025-09-04 16:16:06,245 - INFO - Request _request_protocol_version()
2025-09-04 16:16:06,247 - INFO - Callback->Connected to [radio://0/80/2M/E7E7E7E7E6]
2025-09-04 16:16:06,251 - INFO - _crt_service_callback
2025-09-04 16:16:06,251 - INFO - Request protocol version
2025-09-04 16:16:06,255 - INFO - _platform_callback
2025-09-04 16:16:06,255 - INFO - Protocol version (platform): 9
2025-09-04 16:16:06,267 - INFO - TOC for port [5] found in cache
2025-09-04 16:16:06,267 - INFO - Log TOC finished updating
2025-09-04 16:16:06,271 - INFO - 6 memories found
2025-09-04 16:16:06,347 - INFO - Memories finished updating
2025-09-04 16:16:06,358 - INFO - TOC for port [2] found in cache
2025-09-04 16:16:06,847 - INFO - Param TOC finished updating
2025-09-04 16:16:06,847 - INFO - Callback->Connection setup finished [radio://0/80/2M/E7E7E7E7E6]
2025-09-04 16:16:06,848 - INFO - Connected: radio://0/80/2M/E7E7E7E7E6
2025-09-04 16:16:06,856 - INFO - Have successfully started logging for id=1
2025-09-04 16:16:06,954 - INFO - Battery: 3.89V (safe)
2025-09-04 16:16:06,956 - INFO - Battery check passed: 3.89V
2025-09-04 16:16:06,956 - INFO - Initializing position estimator to origin...
2025-09-04 16:16:06,959 - INFO - Have successfully stopped logging for id=1
2025-09-04 16:16:06,960 - INFO - Have successfully deleted id=1
2025-09-04 16:16:08,094 - INFO - All parameters updated
2025-09-04 16:16:08,094 - INFO - Callback->Connection completed [radio://0/80/2M/E7E7E7E7E6]
2025-09-04 16:16:08,202 - INFO - Have successfully started logging for id=2
2025-09-04 16:16:14,697 - INFO - Waiting for position estimator...
2025-09-04 16:16:14,704 - INFO - Have successfully stopped logging for id=2
2025-09-04 16:16:14,707 - INFO - Have successfully deleted id=2
2025-09-04 16:16:14,713 - INFO - Have successfully started logging for id=3
2025-09-04 16:16:15,711 - INFO - Position estimator ready
2025-09-04 16:16:15,712 - INFO - Controller parameters optimized
2025-09-04 16:16:15,714 - INFO - Have successfully stopped logging for id=3
2025-09-04 16:16:15,715 - INFO - Have successfully deleted id=3
2025-09-04 16:16:37,546 - INFO - Start collection (slot:10ms)
2025-09-04 16:16:37,548 - INFO - Data collector started
2025-09-04 16:16:37,549 - INFO - Position manager started
2025-09-04 16:16:37,558 - INFO - Have successfully started logging for id=4
2025-09-04 16:16:37,559 - INFO - Have successfully started logging for id=5
2025-09-04 16:16:37,560 - INFO - Have successfully started logging for id=6
2025-09-04 16:16:37,649 - INFO - Position manager data flow is normal
2025-09-04 16:16:39,649 - INFO - Current position: (0.015, 0.011, -0.008, 88.9째)
2025-09-04 16:16:39,649 - INFO - Using absolute coordinate system, ignoring takeoff position offset
2025-09-04 16:16:40,649 - INFO - Pre-flight stabilization to first waypoint: (0.000, 0.000, 0.500)
2025-09-04 16:16:40,801 - INFO - Waypoint1: absolute coordinates(0.000, 0.000, 0.500, yaw=90.0째)
2025-09-04 16:16:40,801 - INFO - Flying to coordinate: (0.000, 0.000, 0.500)
2025-09-04 16:16:41,811 - INFO - Approaching target (error=0.147m), entering stabilization phase
2025-09-04 16:16:42,351 - INFO - Reached waypoint (error=0.024m, stable_count=30)
2025-09-04 16:16:42,951 - INFO - Waypoint2: absolute coordinates(0.000, 0.000, 1.000, yaw=90.0째)
2025-09-04 16:16:42,951 - INFO - Flying to coordinate: (0.000, 0.000, 1.000)
2025-09-04 16:16:43,561 - INFO - Approaching target (error=0.147m), entering stabilization phase
2025-09-04 16:16:47,451 - INFO - Reached waypoint (error=0.069m, stable_count=30)
2025-09-04 16:16:48,052 - INFO - Waypoint3: absolute coordinates(0.000, 0.000, 0.500, yaw=90.0째)
2025-09-04 16:16:48,052 - INFO - Flying to coordinate: (0.000, 0.000, 0.500)
2025-09-04 16:16:48,902 - INFO - Approaching target (error=0.136m), entering stabilization phase
2025-09-04 16:16:49,342 - INFO - Reached waypoint (error=0.019m, stable_count=30)
2025-09-04 16:16:49,943 - INFO - Returning to origin and landing...
2025-09-04 16:16:49,943 - INFO - Flying to coordinate: (0.000, 0.000, 0.200)
2025-09-04 16:16:50,503 - INFO - Approaching target (error=0.146m), entering stabilization phase
2025-09-04 16:16:51,143 - INFO - Reached waypoint (error=0.058m, stable_count=30)
2025-09-04 16:16:51,143 - INFO - Landing...
2025-09-04 16:16:51,144 - INFO - Landing complete
2025-09-04 16:16:51,150 - INFO - Have successfully stopped logging for id=6
2025-09-04 16:16:51,245 - INFO - Position manager stopped
2025-09-04 16:16:51,247 - INFO - Flight mission complete
2025-09-04 16:16:51,247 - INFO - Stopping data collector...
2025-09-04 16:16:51,249 - INFO - Collection complete - stats: {'created': 1370, 'complete': 1370, 'merged': 0, 'dropped': 0}
2025-09-04 16:16:51,255 - INFO - Have successfully stopped logging for id=4
2025-09-04 16:16:51,256 - INFO - Have successfully stopped logging for id=5
2025-09-04 16:16:51,296 - INFO - Data saved: training_data/vertical_large_20250904_161651.json
2025-09-04 16:16:51,296 - INFO - States: 1370, Commands: 901, Duration: 13.7s
2025-09-04 16:16:51,297 - INFO - Successfully saved 1370 state data points
2025-09-04 16:16:51,297 - INFO - Successfully saved 901 control commands
2025-09-04 16:16:51,297 - INFO - Closing link
2025-09-04 16:16:51,297 - INFO - Callback->Disconnected from [radio://0/80/2M/E7E7E7E7E6]
