2025-09-05 16:24:23,837 - INFO - === Fixed continuous data collector ===
2025-09-05 16:24:23,837 - INFO - Mission: triangle_med
2025-09-05 16:24:23,838 - INFO - Waypoints (absolute coordinates): [(0, 0, 0.6), (0.5, 0, 0.6), (0.25, 0.5, 0.6), (0, 0, 0.6)]
2025-09-05 16:24:23,838 - INFO - Callback->Connection initialized[radio://0/80/2M/E7E7E7E7E6]
2025-09-05 16:24:24,088 - INFO - We are connected[radio://0/80/2M/E7E7E7E7E6], request connection setup
2025-09-05 16:24:24,088 - INFO - Request _request_protocol_version()
2025-09-05 16:24:24,090 - INFO - Callback->Connected to [radio://0/80/2M/E7E7E7E7E6]
2025-09-05 16:24:24,094 - INFO - _crt_service_callback
2025-09-05 16:24:24,094 - INFO - Request protocol version
2025-09-05 16:24:24,097 - INFO - _platform_callback
2025-09-05 16:24:24,097 - INFO - Protocol version (platform): 9
2025-09-05 16:24:24,108 - INFO - TOC for port [5] found in cache
2025-09-05 16:24:24,108 - INFO - Log TOC finished updating
2025-09-05 16:24:24,110 - INFO - 6 memories found
2025-09-05 16:24:24,187 - INFO - Memories finished updating
2025-09-05 16:24:24,192 - INFO - TOC for port [2] found in cache
2025-09-05 16:24:24,646 - INFO - Param TOC finished updating
2025-09-05 16:24:24,646 - INFO - Callback->Connection setup finished [radio://0/80/2M/E7E7E7E7E6]
2025-09-05 16:24:24,647 - INFO - Connected: radio://0/80/2M/E7E7E7E7E6
2025-09-05 16:24:24,655 - INFO - Have successfully started logging for id=1
2025-09-05 16:24:24,753 - INFO - Battery: 3.90V (safe)
2025-09-05 16:24:24,754 - INFO - Battery check passed: 3.90V
2025-09-05 16:24:24,754 - INFO - Initializing position estimator to origin...
2025-09-05 16:24:24,757 - INFO - Have successfully stopped logging for id=1
2025-09-05 16:24:24,758 - INFO - Have successfully deleted id=1
2025-09-05 16:24:25,792 - INFO - All parameters updated
2025-09-05 16:24:25,792 - INFO - Callback->Connection completed [radio://0/80/2M/E7E7E7E7E6]
2025-09-05 16:24:25,903 - INFO - Have successfully started logging for id=2
2025-09-05 16:24:32,395 - INFO - Waiting for position estimator...
2025-09-05 16:24:32,398 - INFO - Have successfully stopped logging for id=2
2025-09-05 16:24:32,399 - INFO - Have successfully deleted id=2
2025-09-05 16:24:32,403 - INFO - Have successfully started logging for id=3
2025-09-05 16:24:33,402 - INFO - Position estimator ready
2025-09-05 16:24:33,403 - INFO - Controller parameters optimized
2025-09-05 16:24:33,405 - INFO - Have successfully stopped logging for id=3
2025-09-05 16:24:33,406 - INFO - Have successfully deleted id=3
2025-09-05 16:24:37,146 - INFO - Start collection (slot:10ms)
2025-09-05 16:24:37,147 - INFO - Data collector started
2025-09-05 16:24:37,148 - INFO - Position manager started
2025-09-05 16:24:37,154 - INFO - Have successfully started logging for id=4
2025-09-05 16:24:37,156 - INFO - Have successfully started logging for id=5
2025-09-05 16:24:37,156 - INFO - Have successfully started logging for id=6
2025-09-05 16:24:37,248 - INFO - Position manager data flow is normal
2025-09-05 16:24:39,248 - INFO - Current position: (-0.027, 0.007, 0.018, 89.8°)
2025-09-05 16:24:39,248 - INFO - Using absolute coordinate system, ignoring takeoff position offset
2025-09-05 16:24:40,248 - INFO - Pre-flight stabilization to first waypoint: (0.000, 0.000, 0.600)
2025-09-05 16:24:40,400 - INFO - Waypoint1: absolute coordinates(0.000, 0.000, 0.600, yaw=90.0°)
2025-09-05 16:24:40,400 - INFO - Flying to coordinate: (0.000, 0.000, 0.600)
2025-09-05 16:24:41,460 - INFO - Approaching target (error=0.133m), entering stabilization phase
2025-09-05 16:24:42,050 - INFO - Reached waypoint (error=0.037m, stable_count=30)
2025-09-05 16:24:42,650 - INFO - Waypoint2: absolute coordinates(0.500, 0.000, 0.600, yaw=90.0°)
2025-09-05 16:24:42,650 - INFO - Flying to coordinate: (0.500, 0.000, 0.600)
2025-09-05 16:24:43,360 - INFO - Approaching target (error=0.149m), entering stabilization phase
2025-09-05 16:24:45,840 - INFO - Reached waypoint (error=0.077m, stable_count=30)
2025-09-05 16:24:46,442 - INFO - Waypoint3: absolute coordinates(0.250, 0.500, 0.600, yaw=90.0°)
2025-09-05 16:24:46,442 - INFO - Flying to coordinate: (0.250, 0.500, 0.600)
2025-09-05 16:24:47,152 - INFO - Approaching target (error=0.103m), entering stabilization phase
2025-09-05 16:24:47,492 - INFO - Reached waypoint (error=0.074m, stable_count=30)
2025-09-05 16:24:48,092 - INFO - Waypoint4: absolute coordinates(0.000, 0.000, 0.600, yaw=90.0°)
2025-09-05 16:24:48,092 - INFO - Flying to coordinate: (0.000, 0.000, 0.600)
2025-09-05 16:24:49,052 - INFO - Approaching target (error=0.131m), entering stabilization phase
2025-09-05 16:24:50,542 - INFO - Reached waypoint (error=0.035m, stable_count=30)
2025-09-05 16:24:51,143 - INFO - Returning to origin and landing...
2025-09-05 16:24:51,143 - INFO - Flying to coordinate: (0.000, 0.000, 0.200)
2025-09-05 16:24:51,853 - INFO - Approaching target (error=0.147m), entering stabilization phase
2025-09-05 16:24:53,243 - INFO - Reached waypoint (error=0.060m, stable_count=30)
2025-09-05 16:24:53,243 - INFO - Landing...
2025-09-05 16:24:53,244 - INFO - Landing complete
2025-09-05 16:24:53,249 - INFO - Have successfully stopped logging for id=6
2025-09-05 16:24:53,345 - INFO - Position manager stopped
2025-09-05 16:24:53,346 - INFO - Flight mission complete
2025-09-05 16:24:53,347 - INFO - Stopping data collector...
2025-09-05 16:24:53,348 - INFO - Collection complete - stats: {'created': 1620, 'complete': 1620, 'merged': 0, 'dropped': 0}
2025-09-05 16:24:53,356 - INFO - Have successfully stopped logging for id=4
2025-09-05 16:24:53,359 - INFO - Have successfully stopped logging for id=5
2025-09-05 16:24:53,406 - INFO - Data saved: training_data/triangle_med_20250905_162453.json
2025-09-05 16:24:53,406 - INFO - States: 1620, Commands: 1101, Duration: 16.2s
2025-09-05 16:24:53,406 - INFO - Successfully saved 1620 state data points
2025-09-05 16:24:53,406 - INFO - Successfully saved 1101 control commands
2025-09-05 16:24:53,406 - INFO - Closing link
2025-09-05 16:24:53,406 - INFO - Callback->Disconnected from [radio://0/80/2M/E7E7E7E7E6]
