2025-09-05 17:38:23,770 - INFO - === Fixed continuous data collector ===
2025-09-05 17:38:23,770 - INFO - Mission: triangle_large
2025-09-05 17:38:23,770 - INFO - Waypoints (absolute coordinates): [(0, 0, 0.6), (0.8, 0, 0.6), (0.4, 0.6, 0.6), (0, 0, 0.6)]
2025-09-05 17:38:23,771 - INFO - Callback->Connection initialized[radio://0/80/2M/E7E7E7E7E6]
2025-09-05 17:38:24,021 - INFO - We are connected[radio://0/80/2M/E7E7E7E7E6], request connection setup
2025-09-05 17:38:24,021 - INFO - Request _request_protocol_version()
2025-09-05 17:38:24,023 - INFO - Callback->Connected to [radio://0/80/2M/E7E7E7E7E6]
2025-09-05 17:38:24,027 - INFO - _crt_service_callback
2025-09-05 17:38:24,027 - INFO - Request protocol version
2025-09-05 17:38:24,030 - INFO - _platform_callback
2025-09-05 17:38:24,030 - INFO - Protocol version (platform): 9
2025-09-05 17:38:24,040 - INFO - TOC for port [5] found in cache
2025-09-05 17:38:24,040 - INFO - Log TOC finished updating
2025-09-05 17:38:24,043 - INFO - 6 memories found
2025-09-05 17:38:24,117 - INFO - Memories finished updating
2025-09-05 17:38:24,122 - INFO - TOC for port [2] found in cache
2025-09-05 17:38:24,517 - INFO - Param TOC finished updating
2025-09-05 17:38:24,517 - INFO - Callback->Connection setup finished [radio://0/80/2M/E7E7E7E7E6]
2025-09-05 17:38:24,518 - INFO - Connected: radio://0/80/2M/E7E7E7E7E6
2025-09-05 17:38:24,527 - INFO - Have successfully started logging for id=1
2025-09-05 17:38:24,626 - INFO - Battery: 3.98V (safe)
2025-09-05 17:38:24,627 - INFO - Battery check passed: 3.98V
2025-09-05 17:38:24,627 - INFO - Initializing position estimator to origin...
2025-09-05 17:38:24,629 - INFO - Have successfully stopped logging for id=1
2025-09-05 17:38:24,631 - INFO - Have successfully deleted id=1
2025-09-05 17:38:25,576 - INFO - All parameters updated
2025-09-05 17:38:25,576 - INFO - Callback->Connection completed [radio://0/80/2M/E7E7E7E7E6]
2025-09-05 17:38:25,684 - INFO - Have successfully started logging for id=2
2025-09-05 17:38:32,679 - INFO - Waiting for position estimator...
2025-09-05 17:38:32,683 - INFO - Have successfully stopped logging for id=2
2025-09-05 17:38:32,684 - INFO - Have successfully deleted id=2
2025-09-05 17:38:32,690 - INFO - Have successfully started logging for id=3
2025-09-05 17:38:33,688 - INFO - Position estimator ready
2025-09-05 17:38:33,690 - INFO - Controller parameters optimized
2025-09-05 17:38:33,692 - INFO - Have successfully stopped logging for id=3
2025-09-05 17:38:33,694 - INFO - Have successfully deleted id=3
2025-09-05 17:38:36,757 - INFO - Start collection (slot:10ms)
2025-09-05 17:38:36,758 - INFO - Data collector started
2025-09-05 17:38:36,759 - INFO - Position manager started
2025-09-05 17:38:36,766 - INFO - Have successfully started logging for id=4
2025-09-05 17:38:36,768 - INFO - Have successfully started logging for id=5
2025-09-05 17:38:36,768 - INFO - Have successfully started logging for id=6
2025-09-05 17:38:36,859 - INFO - Position manager data flow is normal
2025-09-05 17:38:38,860 - INFO - Current position: (-0.021, 0.010, 0.019, 90.1°)
2025-09-05 17:38:38,860 - INFO - Using absolute coordinate system, ignoring takeoff position offset
2025-09-05 17:38:39,860 - INFO - Pre-flight stabilization to first waypoint: (0.000, 0.000, 0.600)
2025-09-05 17:38:40,010 - INFO - Waypoint1: absolute coordinates(0.000, 0.000, 0.600, yaw=90.0°)
2025-09-05 17:38:40,010 - INFO - Flying to coordinate: (0.000, 0.000, 0.600)
2025-09-05 17:38:41,020 - INFO - Approaching target (error=0.144m), entering stabilization phase
2025-09-05 17:38:41,510 - INFO - Reached waypoint (error=0.027m, stable_count=30)
2025-09-05 17:38:42,111 - INFO - Waypoint2: absolute coordinates(0.800, 0.000, 0.600, yaw=90.0°)
2025-09-05 17:38:42,111 - INFO - Flying to coordinate: (0.800, 0.000, 0.600)
2025-09-05 17:38:43,121 - INFO - Approaching target (error=0.137m), entering stabilization phase
2025-09-05 17:38:44,961 - INFO - Reached waypoint (error=0.043m, stable_count=30)
2025-09-05 17:38:45,563 - INFO - Waypoint3: absolute coordinates(0.400, 0.600, 0.600, yaw=90.0°)
2025-09-05 17:38:45,563 - INFO - Flying to coordinate: (0.400, 0.600, 0.600)
2025-09-05 17:38:46,263 - INFO - Approaching target (error=0.134m), entering stabilization phase
2025-09-05 17:38:46,753 - INFO - Reached waypoint (error=0.034m, stable_count=30)
2025-09-05 17:38:47,354 - INFO - Waypoint4: absolute coordinates(0.000, 0.000, 0.600, yaw=90.0°)
2025-09-05 17:38:47,354 - INFO - Flying to coordinate: (0.000, 0.000, 0.600)
2025-09-05 17:38:48,114 - INFO - Approaching target (error=0.142m), entering stabilization phase
2025-09-05 17:38:48,504 - INFO - Reached waypoint (error=0.042m, stable_count=30)
2025-09-05 17:38:49,104 - INFO - Returning to origin and landing...
2025-09-05 17:38:49,104 - INFO - Flying to coordinate: (0.000, 0.000, 0.200)
2025-09-05 17:38:49,914 - INFO - Approaching target (error=0.146m), entering stabilization phase
2025-09-05 17:38:50,604 - INFO - Reached waypoint (error=0.073m, stable_count=30)
2025-09-05 17:38:50,604 - INFO - Landing...
2025-09-05 17:38:50,605 - INFO - Landing complete
2025-09-05 17:38:50,610 - INFO - Have successfully stopped logging for id=6
2025-09-05 17:38:50,706 - INFO - Position manager stopped
2025-09-05 17:38:50,708 - INFO - Flight mission complete
2025-09-05 17:38:50,708 - INFO - Stopping data collector...
2025-09-05 17:38:50,710 - INFO - Collection complete - stats: {'created': 1396, 'complete': 1394, 'merged': 0, 'dropped': 1}
2025-09-05 17:38:50,718 - INFO - Have successfully stopped logging for id=4
2025-09-05 17:38:50,721 - INFO - Have successfully stopped logging for id=5
2025-09-05 17:38:50,758 - INFO - Data saved: training_data/triangle_large_20250905_173850.json
2025-09-05 17:38:50,758 - INFO - States: 1394, Commands: 875, Duration: 13.9s
2025-09-05 17:38:50,758 - INFO - Successfully saved 1394 state data points
2025-09-05 17:38:50,758 - INFO - Successfully saved 875 control commands
2025-09-05 17:38:50,758 - INFO - Closing link
2025-09-05 17:38:50,759 - INFO - Callback->Disconnected from [radio://0/80/2M/E7E7E7E7E6]
