2025-09-04 12:18:31,046 - INFO - === Fixed continuous data collector ===
2025-09-04 12:18:31,047 - INFO - Mission: vertical_small
2025-09-04 12:18:31,047 - INFO - Waypoints (absolute coordinates): [(0, 0, 0.3), (0, 0, 0.6), (0, 0, 0.9), (0, 0, 0.6), (0, 0, 0.3)]
2025-09-04 12:18:31,047 - INFO - Callback->Connection initialized[radio://0/80/2M/E7E7E7E7E6]
2025-09-04 12:18:31,299 - INFO - We are connected[radio://0/80/2M/E7E7E7E7E6], request connection setup
2025-09-04 12:18:31,299 - INFO - Request _request_protocol_version()
2025-09-04 12:18:31,304 - INFO - Callback->Connected to [radio://0/80/2M/E7E7E7E7E6]
2025-09-04 12:18:31,310 - INFO - _crt_service_callback
2025-09-04 12:18:31,310 - INFO - Request protocol version
2025-09-04 12:18:31,319 - INFO - _platform_callback
2025-09-04 12:18:31,319 - INFO - Protocol version (platform): 9
2025-09-04 12:18:31,332 - INFO - TOC for port [5] found in cache
2025-09-04 12:18:31,332 - INFO - Log TOC finished updating
2025-09-04 12:18:31,336 - INFO - 6 memories found
2025-09-04 12:18:31,415 - INFO - Memories finished updating
2025-09-04 12:18:31,423 - INFO - TOC for port [2] found in cache
2025-09-04 12:18:31,936 - INFO - Param TOC finished updating
2025-09-04 12:18:31,936 - INFO - Callback->Connection setup finished [radio://0/80/2M/E7E7E7E7E6]
2025-09-04 12:18:31,937 - INFO - Connected: radio://0/80/2M/E7E7E7E7E6
2025-09-04 12:18:31,947 - INFO - Have successfully started logging for id=1
2025-09-04 12:18:32,047 - INFO - Battery: 3.84V (safe)
2025-09-04 12:18:32,048 - INFO - Battery check passed: 3.84V
2025-09-04 12:18:32,048 - INFO - Initializing position estimator to origin...
2025-09-04 12:18:32,050 - INFO - Have successfully stopped logging for id=1
2025-09-04 12:18:32,051 - INFO - Have successfully deleted id=1
2025-09-04 12:18:33,219 - INFO - All parameters updated
2025-09-04 12:18:33,219 - INFO - Callback->Connection completed [radio://0/80/2M/E7E7E7E7E6]
2025-09-04 12:18:33,327 - INFO - Have successfully started logging for id=2
2025-09-04 12:18:39,823 - INFO - Waiting for position estimator...
2025-09-04 12:18:39,828 - INFO - Have successfully stopped logging for id=2
2025-09-04 12:18:39,829 - INFO - Have successfully deleted id=2
2025-09-04 12:18:39,837 - INFO - Have successfully started logging for id=3
2025-09-04 12:18:40,840 - INFO - Position estimator ready
2025-09-04 12:18:40,841 - INFO - Controller parameters optimized
2025-09-04 12:18:40,844 - INFO - Have successfully stopped logging for id=3
2025-09-04 12:18:40,845 - INFO - Have successfully deleted id=3
2025-09-04 12:18:43,423 - INFO - Start collection (slot:10ms)
2025-09-04 12:18:43,424 - INFO - Data collector started
2025-09-04 12:18:43,425 - INFO - Position manager started
2025-09-04 12:18:43,434 - INFO - Have successfully started logging for id=4
2025-09-04 12:18:43,437 - INFO - Have successfully started logging for id=5
2025-09-04 12:18:43,438 - INFO - Have successfully started logging for id=6
2025-09-04 12:18:43,525 - INFO - Position manager data flow is normal
2025-09-04 12:18:45,525 - INFO - Current position: (0.022, 0.064, 0.016, 90.0°)
2025-09-04 12:18:45,525 - INFO - Using absolute coordinate system, ignoring takeoff position offset
2025-09-04 12:18:46,525 - INFO - Pre-flight stabilization to first waypoint: (0.000, 0.000, 0.300)
2025-09-04 12:18:46,682 - INFO - Waypoint1: absolute coordinates(0.000, 0.000, 0.300, yaw=90.0°)
2025-09-04 12:18:46,682 - INFO - Flying to coordinate: (0.000, 0.000, 0.300)
2025-09-04 12:18:47,693 - INFO - Approaching target (error=0.147m), entering stabilization phase
2025-09-04 12:18:48,483 - INFO - Reached waypoint (error=0.068m, stable_count=30)
2025-09-04 12:18:49,083 - INFO - Waypoint2: absolute coordinates(0.000, 0.000, 0.600, yaw=90.0°)
2025-09-04 12:18:49,083 - INFO - Flying to coordinate: (0.000, 0.000, 0.600)
2025-09-04 12:18:49,593 - INFO - Approaching target (error=0.136m), entering stabilization phase
2025-09-04 12:18:50,073 - INFO - Reached waypoint (error=0.049m, stable_count=30)
2025-09-04 12:18:50,674 - INFO - Waypoint3: absolute coordinates(0.000, 0.000, 0.900, yaw=90.0°)
2025-09-04 12:18:50,674 - INFO - Flying to coordinate: (0.000, 0.000, 0.900)
2025-09-04 12:18:51,034 - INFO - Approaching target (error=0.135m), entering stabilization phase
2025-09-04 12:18:51,474 - INFO - Reached waypoint (error=0.031m, stable_count=30)
2025-09-04 12:18:52,074 - INFO - Waypoint4: absolute coordinates(0.000, 0.000, 0.600, yaw=90.0°)
2025-09-04 12:18:52,074 - INFO - Flying to coordinate: (0.000, 0.000, 0.600)
2025-09-04 12:18:53,134 - INFO - Approaching target (error=0.149m), entering stabilization phase
2025-09-04 12:18:54,284 - INFO - Reached waypoint (error=0.069m, stable_count=30)
2025-09-04 12:18:54,885 - INFO - Waypoint5: absolute coordinates(0.000, 0.000, 0.300, yaw=90.0°)
2025-09-04 12:18:54,885 - INFO - Flying to coordinate: (0.000, 0.000, 0.300)
2025-09-04 12:18:55,635 - INFO - Approaching target (error=0.146m), entering stabilization phase
2025-09-04 12:18:56,325 - INFO - Reached waypoint (error=0.016m, stable_count=30)
2025-09-04 12:18:56,925 - INFO - Returning to origin and landing...
2025-09-04 12:18:56,925 - INFO - Flying to coordinate: (0.000, 0.000, 0.200)
2025-09-04 12:18:56,925 - INFO - Approaching target (error=0.062m), entering stabilization phase
2025-09-04 12:18:57,225 - INFO - Reached waypoint (error=0.038m, stable_count=30)
2025-09-04 12:18:57,225 - INFO - Landing...
2025-09-04 12:18:57,227 - INFO - Landing complete
2025-09-04 12:18:57,231 - INFO - Have successfully stopped logging for id=6
2025-09-04 12:18:57,327 - INFO - Position manager stopped
2025-09-04 12:18:57,329 - INFO - Flight mission complete
2025-09-04 12:18:57,329 - INFO - Stopping data collector...
2025-09-04 12:18:57,331 - INFO - Collection complete - stats: {'created': 1390, 'complete': 1390, 'merged': 0, 'dropped': 0}
2025-09-04 12:18:57,339 - INFO - Have successfully stopped logging for id=4
2025-09-04 12:18:57,339 - INFO - Have successfully stopped logging for id=5
2025-09-04 12:18:57,378 - INFO - Data saved: training_data/vertical_small_20250904_121857.json
2025-09-04 12:18:57,378 - INFO - States: 1390, Commands: 821, Duration: 13.9s
2025-09-04 12:18:57,379 - INFO - Successfully saved 1390 state data points
2025-09-04 12:18:57,379 - INFO - Successfully saved 821 control commands
2025-09-04 12:18:57,379 - INFO - Closing link
2025-09-04 12:18:57,380 - INFO - Callback->Disconnected from [radio://0/80/2M/E7E7E7E7E6]
