2025-09-05 17:35:19,251 - INFO - === Fixed continuous data collector ===
2025-09-05 17:35:19,251 - INFO - Mission: triangle_large
2025-09-05 17:35:19,251 - INFO - Waypoints (absolute coordinates): [(0, 0, 0.6), (0.8, 0, 0.6), (0.4, 0.6, 0.6), (0, 0, 0.6)]
2025-09-05 17:35:19,252 - INFO - Callback->Connection initialized[radio://0/80/2M/E7E7E7E7E6]
2025-09-05 17:35:19,502 - INFO - We are connected[radio://0/80/2M/E7E7E7E7E6], request connection setup
2025-09-05 17:35:19,503 - INFO - Request _request_protocol_version()
2025-09-05 17:35:19,506 - INFO - Callback->Connected to [radio://0/80/2M/E7E7E7E7E6]
2025-09-05 17:35:19,573 - INFO - _crt_service_callback
2025-09-05 17:35:19,573 - INFO - Request protocol version
2025-09-05 17:35:19,577 - INFO - _platform_callback
2025-09-05 17:35:19,577 - INFO - Protocol version (platform): 9
2025-09-05 17:35:19,587 - INFO - TOC for port [5] found in cache
2025-09-05 17:35:19,587 - INFO - Log TOC finished updating
2025-09-05 17:35:19,590 - INFO - 6 memories found
2025-09-05 17:35:19,661 - INFO - Memories finished updating
2025-09-05 17:35:19,666 - INFO - TOC for port [2] found in cache
2025-09-05 17:35:20,079 - INFO - Param TOC finished updating
2025-09-05 17:35:20,079 - INFO - Callback->Connection setup finished [radio://0/80/2M/E7E7E7E7E6]
2025-09-05 17:35:20,080 - INFO - Connected: radio://0/80/2M/E7E7E7E7E6
2025-09-05 17:35:20,088 - INFO - Have successfully started logging for id=1
2025-09-05 17:35:20,188 - INFO - Battery: 4.12V (safe)
2025-09-05 17:35:20,189 - INFO - Battery check passed: 4.12V
2025-09-05 17:35:20,189 - INFO - Initializing position estimator to origin...
2025-09-05 17:35:20,191 - INFO - Have successfully stopped logging for id=1
2025-09-05 17:35:20,192 - INFO - Have successfully deleted id=1
2025-09-05 17:35:21,128 - INFO - All parameters updated
2025-09-05 17:35:21,128 - INFO - Callback->Connection completed [radio://0/80/2M/E7E7E7E7E6]
2025-09-05 17:35:21,235 - INFO - Have successfully started logging for id=2
2025-09-05 17:35:28,231 - INFO - Waiting for position estimator...
2025-09-05 17:35:28,233 - INFO - Have successfully stopped logging for id=2
2025-09-05 17:35:28,234 - INFO - Have successfully deleted id=2
2025-09-05 17:35:28,238 - INFO - Have successfully started logging for id=3
2025-09-05 17:35:29,237 - INFO - Position estimator ready
2025-09-05 17:35:29,237 - INFO - Controller parameters optimized
2025-09-05 17:35:29,240 - INFO - Have successfully stopped logging for id=3
2025-09-05 17:35:29,241 - INFO - Have successfully deleted id=3
2025-09-05 17:35:34,502 - INFO - Start collection (slot:10ms)
2025-09-05 17:35:34,503 - INFO - Data collector started
2025-09-05 17:35:34,504 - INFO - Position manager started
2025-09-05 17:35:34,511 - INFO - Have successfully started logging for id=4
2025-09-05 17:35:34,512 - INFO - Have successfully started logging for id=5
2025-09-05 17:35:34,513 - INFO - Have successfully started logging for id=6
2025-09-05 17:35:34,604 - INFO - Position manager data flow is normal
2025-09-05 17:35:36,604 - INFO - Current position: (-0.018, 0.014, 0.016, 89.9°)
2025-09-05 17:35:36,604 - INFO - Using absolute coordinate system, ignoring takeoff position offset
2025-09-05 17:35:37,605 - INFO - Pre-flight stabilization to first waypoint: (0.000, 0.000, 0.600)
2025-09-05 17:35:37,756 - INFO - Waypoint1: absolute coordinates(0.000, 0.000, 0.600, yaw=90.0°)
2025-09-05 17:35:37,757 - INFO - Flying to coordinate: (0.000, 0.000, 0.600)
2025-09-05 17:35:38,767 - INFO - Approaching target (error=0.141m), entering stabilization phase
2025-09-05 17:35:39,257 - INFO - Reached waypoint (error=0.017m, stable_count=30)
2025-09-05 17:35:39,862 - INFO - Waypoint2: absolute coordinates(0.800, 0.000, 0.600, yaw=90.0°)
2025-09-05 17:35:39,862 - INFO - Flying to coordinate: (0.800, 0.000, 0.600)
2025-09-05 17:35:40,862 - INFO - Approaching target (error=0.142m), entering stabilization phase
2025-09-05 17:35:42,652 - INFO - Reached waypoint (error=0.042m, stable_count=30)
2025-09-05 17:35:43,252 - INFO - Waypoint3: absolute coordinates(0.400, 0.600, 0.600, yaw=90.0°)
2025-09-05 17:35:43,252 - INFO - Flying to coordinate: (0.400, 0.600, 0.600)
2025-09-05 17:35:44,013 - INFO - Approaching target (error=0.117m), entering stabilization phase
2025-09-05 17:35:45,803 - INFO - Reached waypoint (error=0.039m, stable_count=30)
2025-09-05 17:35:46,403 - INFO - Waypoint4: absolute coordinates(0.000, 0.000, 0.600, yaw=90.0°)
2025-09-05 17:35:46,403 - INFO - Flying to coordinate: (0.000, 0.000, 0.600)
2025-09-05 17:35:48,253 - INFO - Approaching target (error=0.146m), entering stabilization phase
2025-09-05 17:35:48,793 - INFO - Reached waypoint (error=0.027m, stable_count=30)
2025-09-05 17:35:49,393 - INFO - Returning to origin and landing...
2025-09-05 17:35:49,394 - INFO - Flying to coordinate: (0.000, 0.000, 0.200)
2025-09-05 17:35:50,204 - INFO - Approaching target (error=0.145m), entering stabilization phase
2025-09-05 17:35:53,494 - INFO - Reached waypoint (error=0.057m, stable_count=30)
2025-09-05 17:35:53,494 - INFO - Landing...
2025-09-05 17:35:53,494 - INFO - Landing complete
2025-09-05 17:35:53,500 - INFO - Have successfully stopped logging for id=6
2025-09-05 17:35:53,596 - INFO - Position manager stopped
2025-09-05 17:35:53,598 - INFO - Flight mission complete
2025-09-05 17:35:53,598 - INFO - Stopping data collector...
2025-09-05 17:35:53,599 - INFO - Collection complete - stats: {'created': 1910, 'complete': 1910, 'merged': 0, 'dropped': 0}
2025-09-05 17:35:53,606 - INFO - Have successfully stopped logging for id=4
2025-09-05 17:35:53,609 - INFO - Have successfully stopped logging for id=5
2025-09-05 17:35:53,666 - INFO - Data saved: training_data/triangle_large_20250905_173553.json
2025-09-05 17:35:53,666 - INFO - States: 1910, Commands: 1390, Duration: 19.1s
2025-09-05 17:35:53,666 - INFO - Successfully saved 1910 state data points
2025-09-05 17:35:53,666 - INFO - Successfully saved 1390 control commands
2025-09-05 17:35:53,666 - INFO - Closing link
2025-09-05 17:35:53,667 - INFO - Callback->Disconnected from [radio://0/80/2M/E7E7E7E7E6]
