2025-09-05 17:13:13,618 - INFO - === Fixed continuous data collector ===
2025-09-05 17:13:13,618 - INFO - Mission: triangle_large
2025-09-05 17:13:13,618 - INFO - Waypoints (absolute coordinates): [(0, 0, 0.6), (0.8, 0, 0.6), (0.4, 0.6, 0.6), (0, 0, 0.6)]
2025-09-05 17:13:13,619 - INFO - Callback->Connection initialized[radio://0/80/2M/E7E7E7E7E6]
2025-09-05 17:13:13,870 - INFO - We are connected[radio://0/80/2M/E7E7E7E7E6], request connection setup
2025-09-05 17:13:13,871 - INFO - Request _request_protocol_version()
2025-09-05 17:13:13,873 - INFO - Callback->Connected to [radio://0/80/2M/E7E7E7E7E6]
2025-09-05 17:13:13,877 - INFO - _crt_service_callback
2025-09-05 17:13:13,877 - INFO - Request protocol version
2025-09-05 17:13:13,880 - INFO - _platform_callback
2025-09-05 17:13:13,881 - INFO - Protocol version (platform): 9
2025-09-05 17:13:13,892 - INFO - TOC for port [5] found in cache
2025-09-05 17:13:13,892 - INFO - Log TOC finished updating
2025-09-05 17:13:13,896 - INFO - 6 memories found
2025-09-05 17:13:13,967 - INFO - Memories finished updating
2025-09-05 17:13:13,972 - INFO - TOC for port [2] found in cache
2025-09-05 17:13:14,392 - INFO - Param TOC finished updating
2025-09-05 17:13:14,392 - INFO - Callback->Connection setup finished [radio://0/80/2M/E7E7E7E7E6]
2025-09-05 17:13:14,393 - INFO - Connected: radio://0/80/2M/E7E7E7E7E6
2025-09-05 17:13:14,402 - INFO - Have successfully started logging for id=1
2025-09-05 17:13:14,502 - INFO - Battery: 4.00V (safe)
2025-09-05 17:13:14,503 - INFO - Battery check passed: 4.00V
2025-09-05 17:13:14,503 - INFO - Initializing position estimator to origin...
2025-09-05 17:13:14,506 - INFO - Have successfully stopped logging for id=1
2025-09-05 17:13:14,506 - INFO - Have successfully deleted id=1
2025-09-05 17:13:15,516 - INFO - All parameters updated
2025-09-05 17:13:15,516 - INFO - Callback->Connection completed [radio://0/80/2M/E7E7E7E7E6]
2025-09-05 17:13:15,623 - INFO - Have successfully started logging for id=2
2025-09-05 17:13:22,120 - INFO - Waiting for position estimator...
2025-09-05 17:13:22,122 - INFO - Have successfully stopped logging for id=2
2025-09-05 17:13:22,123 - INFO - Have successfully deleted id=2
2025-09-05 17:13:22,127 - INFO - Have successfully started logging for id=3
2025-09-05 17:13:23,125 - INFO - Position estimator ready
2025-09-05 17:13:23,127 - INFO - Controller parameters optimized
2025-09-05 17:13:23,130 - INFO - Have successfully stopped logging for id=3
2025-09-05 17:13:23,131 - INFO - Have successfully deleted id=3
2025-09-05 17:13:25,844 - INFO - Start collection (slot:10ms)
2025-09-05 17:13:25,845 - INFO - Data collector started
2025-09-05 17:13:25,846 - INFO - Position manager started
2025-09-05 17:13:25,853 - INFO - Have successfully started logging for id=4
2025-09-05 17:13:25,854 - INFO - Have successfully started logging for id=5
2025-09-05 17:13:25,857 - INFO - Have successfully started logging for id=6
2025-09-05 17:13:25,946 - INFO - Position manager data flow is normal
2025-09-05 17:13:27,946 - INFO - Current position: (-0.005, -0.021, 0.040, 89.7°)
2025-09-05 17:13:27,946 - INFO - Using absolute coordinate system, ignoring takeoff position offset
2025-09-05 17:13:28,947 - INFO - Pre-flight stabilization to first waypoint: (0.000, 0.000, 0.600)
2025-09-05 17:13:29,097 - INFO - Waypoint1: absolute coordinates(0.000, 0.000, 0.600, yaw=90.0°)
2025-09-05 17:13:29,097 - INFO - Flying to coordinate: (0.000, 0.000, 0.600)
2025-09-05 17:13:30,107 - INFO - Approaching target (error=0.142m), entering stabilization phase
2025-09-05 17:13:30,647 - INFO - Reached waypoint (error=0.041m, stable_count=30)
2025-09-05 17:13:31,247 - INFO - Waypoint2: absolute coordinates(0.800, 0.000, 0.600, yaw=90.0°)
2025-09-05 17:13:31,247 - INFO - Flying to coordinate: (0.800, 0.000, 0.600)
2025-09-05 17:13:32,307 - INFO - Approaching target (error=0.140m), entering stabilization phase
2025-09-05 17:13:34,097 - INFO - Reached waypoint (error=0.035m, stable_count=30)
2025-09-05 17:13:34,698 - INFO - Waypoint3: absolute coordinates(0.400, 0.600, 0.600, yaw=90.0°)
2025-09-05 17:13:34,698 - INFO - Flying to coordinate: (0.400, 0.600, 0.600)
2025-09-05 17:13:35,498 - INFO - Approaching target (error=0.133m), entering stabilization phase
2025-09-05 17:13:37,188 - INFO - Reached waypoint (error=0.049m, stable_count=30)
2025-09-05 17:13:37,788 - INFO - Waypoint4: absolute coordinates(0.000, 0.000, 0.600, yaw=90.0°)
2025-09-05 17:13:37,788 - INFO - Flying to coordinate: (0.000, 0.000, 0.600)
2025-09-05 17:13:38,798 - INFO - Approaching target (error=0.148m), entering stabilization phase
2025-09-05 17:13:40,338 - INFO - Reached waypoint (error=0.041m, stable_count=30)
2025-09-05 17:13:40,939 - INFO - Returning to origin and landing...
2025-09-05 17:13:40,939 - INFO - Flying to coordinate: (0.000, 0.000, 0.200)
2025-09-05 17:13:41,799 - INFO - Approaching target (error=0.141m), entering stabilization phase
2025-09-05 17:13:43,239 - INFO - Reached waypoint (error=0.076m, stable_count=30)
2025-09-05 17:13:43,239 - INFO - Landing...
2025-09-05 17:13:43,240 - INFO - Landing complete
2025-09-05 17:13:43,245 - INFO - Have successfully stopped logging for id=6
2025-09-05 17:13:43,341 - INFO - Position manager stopped
2025-09-05 17:13:43,342 - INFO - Flight mission complete
2025-09-05 17:13:43,342 - INFO - Stopping data collector...
2025-09-05 17:13:43,344 - INFO - Collection complete - stats: {'created': 1750, 'complete': 1750, 'merged': 0, 'dropped': 0}
2025-09-05 17:13:43,351 - INFO - Have successfully stopped logging for id=4
2025-09-05 17:13:43,354 - INFO - Have successfully stopped logging for id=5
2025-09-05 17:13:43,406 - INFO - Data saved: training_data/triangle_large_20250905_171343.json
2025-09-05 17:13:43,406 - INFO - States: 1750, Commands: 1229, Duration: 17.5s
2025-09-05 17:13:43,406 - INFO - Successfully saved 1750 state data points
2025-09-05 17:13:43,406 - INFO - Successfully saved 1229 control commands
2025-09-05 17:13:43,406 - INFO - Closing link
2025-09-05 17:13:43,406 - INFO - Callback->Disconnected from [radio://0/80/2M/E7E7E7E7E6]
