2025-09-04 14:34:15,888 - INFO - === Fixed continuous data collector ===
2025-09-04 14:34:15,888 - INFO - Mission: vertical_med
2025-09-04 14:34:15,888 - INFO - Waypoints (absolute coordinates): [(0, 0, 0.4), (0, 0, 0.8), (0, 0, 0.4)]
2025-09-04 14:34:15,889 - INFO - Callback->Connection initialized[radio://0/80/2M/E7E7E7E7E6]
2025-09-04 14:34:16,140 - INFO - We are connected[radio://0/80/2M/E7E7E7E7E6], request connection setup
2025-09-04 14:34:16,140 - INFO - Request _request_protocol_version()
2025-09-04 14:34:16,143 - INFO - Callback->Connected to [radio://0/80/2M/E7E7E7E7E6]
2025-09-04 14:34:16,149 - INFO - _crt_service_callback
2025-09-04 14:34:16,149 - INFO - Request protocol version
2025-09-04 14:34:16,154 - INFO - _platform_callback
2025-09-04 14:34:16,154 - INFO - Protocol version (platform): 9
2025-09-04 14:34:16,165 - INFO - TOC for port [5] found in cache
2025-09-04 14:34:16,165 - INFO - Log TOC finished updating
2025-09-04 14:34:16,168 - INFO - 6 memories found
2025-09-04 14:34:16,254 - INFO - Memories finished updating
2025-09-04 14:34:16,260 - INFO - TOC for port [2] found in cache
2025-09-04 14:34:16,818 - INFO - Param TOC finished updating
2025-09-04 14:34:16,818 - INFO - Callback->Connection setup finished [radio://0/80/2M/E7E7E7E7E6]
2025-09-04 14:34:16,819 - INFO - Connected: radio://0/80/2M/E7E7E7E7E6
2025-09-04 14:34:16,828 - INFO - Have successfully started logging for id=1
2025-09-04 14:34:16,929 - INFO - Battery: 3.91V (safe)
2025-09-04 14:34:16,930 - INFO - Battery check passed: 3.91V
2025-09-04 14:34:16,930 - INFO - Initializing position estimator to origin...
2025-09-04 14:34:16,934 - INFO - Have successfully stopped logging for id=1
2025-09-04 14:34:16,934 - INFO - Have successfully deleted id=1
2025-09-04 14:34:18,132 - INFO - All parameters updated
2025-09-04 14:34:18,133 - INFO - Callback->Connection completed [radio://0/80/2M/E7E7E7E7E6]
2025-09-04 14:34:18,241 - INFO - Have successfully started logging for id=2
2025-09-04 14:34:24,740 - INFO - Waiting for position estimator...
2025-09-04 14:34:24,745 - INFO - Have successfully stopped logging for id=2
2025-09-04 14:34:24,747 - INFO - Have successfully deleted id=2
2025-09-04 14:34:24,753 - INFO - Have successfully started logging for id=3
2025-09-04 14:34:25,752 - INFO - Position estimator ready
2025-09-04 14:34:25,753 - INFO - Controller parameters optimized
2025-09-04 14:34:25,758 - INFO - Have successfully stopped logging for id=3
2025-09-04 14:34:25,762 - INFO - Have successfully deleted id=3
2025-09-04 14:34:33,466 - INFO - Start collection (slot:10ms)
2025-09-04 14:34:33,467 - INFO - Data collector started
2025-09-04 14:34:33,469 - INFO - Position manager started
2025-09-04 14:34:33,475 - INFO - Have successfully started logging for id=4
2025-09-04 14:34:33,476 - INFO - Have successfully started logging for id=5
2025-09-04 14:34:33,477 - INFO - Have successfully started logging for id=6
2025-09-04 14:34:33,569 - INFO - Position manager data flow is normal
2025-09-04 14:34:35,570 - INFO - Current position: (0.016, 0.045, -0.016, 90.1째)
2025-09-04 14:34:35,570 - INFO - Using absolute coordinate system, ignoring takeoff position offset
2025-09-04 14:34:36,570 - INFO - Pre-flight stabilization to first waypoint: (0.000, 0.000, 0.400)
2025-09-04 14:34:36,720 - INFO - Waypoint1: absolute coordinates(0.000, 0.000, 0.400, yaw=90.0째)
2025-09-04 14:34:36,720 - INFO - Flying to coordinate: (0.000, 0.000, 0.400)
2025-09-04 14:34:37,730 - INFO - Approaching target (error=0.147m), entering stabilization phase
2025-09-04 14:34:38,320 - INFO - Reached waypoint (error=0.049m, stable_count=30)
2025-09-04 14:34:38,921 - INFO - Waypoint2: absolute coordinates(0.000, 0.000, 0.800, yaw=90.0째)
2025-09-04 14:34:38,921 - INFO - Flying to coordinate: (0.000, 0.000, 0.800)
2025-09-04 14:34:39,481 - INFO - Approaching target (error=0.145m), entering stabilization phase
2025-09-04 14:34:43,521 - INFO - Reached waypoint (error=0.078m, stable_count=30)
2025-09-04 14:34:44,121 - INFO - Waypoint3: absolute coordinates(0.000, 0.000, 0.400, yaw=90.0째)
2025-09-04 14:34:44,121 - INFO - Flying to coordinate: (0.000, 0.000, 0.400)
2025-09-04 14:34:44,971 - INFO - Approaching target (error=0.148m), entering stabilization phase
2025-09-04 14:34:45,611 - INFO - Reached waypoint (error=0.056m, stable_count=30)
2025-09-04 14:34:46,212 - INFO - Returning to origin and landing...
2025-09-04 14:34:46,212 - INFO - Flying to coordinate: (0.000, 0.000, 0.200)
2025-09-04 14:34:46,472 - INFO - Approaching target (error=0.140m), entering stabilization phase
2025-09-04 14:34:47,012 - INFO - Reached waypoint (error=0.028m, stable_count=30)
2025-09-04 14:34:47,012 - INFO - Landing...
2025-09-04 14:34:47,012 - INFO - Landing complete
2025-09-04 14:34:47,018 - INFO - Have successfully stopped logging for id=6
2025-09-04 14:34:47,115 - INFO - Position manager stopped
2025-09-04 14:34:47,116 - INFO - Flight mission complete
2025-09-04 14:34:47,116 - INFO - Stopping data collector...
2025-09-04 14:34:47,118 - INFO - Collection complete - stats: {'created': 1365, 'complete': 1365, 'merged': 0, 'dropped': 0}
2025-09-04 14:34:47,124 - INFO - Have successfully stopped logging for id=4
2025-09-04 14:34:47,124 - INFO - Have successfully stopped logging for id=5
2025-09-04 14:34:47,167 - INFO - Data saved: training_data/vertical_med_20250904_143447.json
2025-09-04 14:34:47,167 - INFO - States: 1365, Commands: 894, Duration: 13.6s
2025-09-04 14:34:47,167 - INFO - Successfully saved 1365 state data points
2025-09-04 14:34:47,168 - INFO - Successfully saved 894 control commands
2025-09-04 14:34:47,168 - INFO - Closing link
2025-09-04 14:34:47,168 - INFO - Callback->Disconnected from [radio://0/80/2M/E7E7E7E7E6]
