2025-09-05 17:29:52,909 - INFO - === Fixed continuous data collector ===
2025-09-05 17:29:52,909 - INFO - Mission: triangle_large
2025-09-05 17:29:52,909 - INFO - Waypoints (absolute coordinates): [(0, 0, 0.6), (0.8, 0, 0.6), (0.4, 0.6, 0.6), (0, 0, 0.6)]
2025-09-05 17:29:52,910 - INFO - Callback->Connection initialized[radio://0/80/2M/E7E7E7E7E6]
2025-09-05 17:29:53,162 - INFO - We are connected[radio://0/80/2M/E7E7E7E7E6], request connection setup
2025-09-05 17:29:53,162 - INFO - Request _request_protocol_version()
2025-09-05 17:29:53,165 - INFO - Callback->Connected to [radio://0/80/2M/E7E7E7E7E6]
2025-09-05 17:29:53,168 - INFO - _crt_service_callback
2025-09-05 17:29:53,168 - INFO - Request protocol version
2025-09-05 17:29:53,172 - INFO - _platform_callback
2025-09-05 17:29:53,172 - INFO - Protocol version (platform): 9
2025-09-05 17:29:53,181 - INFO - TOC for port [5] found in cache
2025-09-05 17:29:53,181 - INFO - Log TOC finished updating
2025-09-05 17:29:53,185 - INFO - 6 memories found
2025-09-05 17:29:53,258 - INFO - Memories finished updating
2025-09-05 17:29:53,262 - INFO - TOC for port [2] found in cache
2025-09-05 17:29:53,664 - INFO - Param TOC finished updating
2025-09-05 17:29:53,664 - INFO - Callback->Connection setup finished [radio://0/80/2M/E7E7E7E7E6]
2025-09-05 17:29:53,665 - INFO - Connected: radio://0/80/2M/E7E7E7E7E6
2025-09-05 17:29:53,676 - INFO - Have successfully started logging for id=1
2025-09-05 17:29:53,776 - INFO - Battery: 3.99V (safe)
2025-09-05 17:29:53,777 - INFO - Battery check passed: 3.99V
2025-09-05 17:29:53,777 - INFO - Initializing position estimator to origin...
2025-09-05 17:29:53,779 - INFO - Have successfully stopped logging for id=1
2025-09-05 17:29:53,780 - INFO - Have successfully deleted id=1
2025-09-05 17:29:54,720 - INFO - All parameters updated
2025-09-05 17:29:54,720 - INFO - Callback->Connection completed [radio://0/80/2M/E7E7E7E7E6]
2025-09-05 17:29:54,828 - INFO - Have successfully started logging for id=2
2025-09-05 17:30:01,323 - INFO - Waiting for position estimator...
2025-09-05 17:30:01,325 - INFO - Have successfully stopped logging for id=2
2025-09-05 17:30:01,326 - INFO - Have successfully deleted id=2
2025-09-05 17:30:01,331 - INFO - Have successfully started logging for id=3
2025-09-05 17:30:02,331 - INFO - Position estimator ready
2025-09-05 17:30:02,332 - INFO - Controller parameters optimized
2025-09-05 17:30:02,334 - INFO - Have successfully stopped logging for id=3
2025-09-05 17:30:02,335 - INFO - Have successfully deleted id=3
2025-09-05 17:30:10,880 - INFO - Start collection (slot:10ms)
2025-09-05 17:30:10,881 - INFO - Data collector started
2025-09-05 17:30:10,882 - INFO - Position manager started
2025-09-05 17:30:10,890 - INFO - Have successfully started logging for id=4
2025-09-05 17:30:10,892 - INFO - Have successfully started logging for id=5
2025-09-05 17:30:10,893 - INFO - Have successfully started logging for id=6
2025-09-05 17:30:10,982 - INFO - Position manager data flow is normal
2025-09-05 17:30:12,982 - INFO - Current position: (-0.034, 0.016, 0.017, 89.9°)
2025-09-05 17:30:12,982 - INFO - Using absolute coordinate system, ignoring takeoff position offset
2025-09-05 17:30:13,983 - INFO - Pre-flight stabilization to first waypoint: (0.000, 0.000, 0.600)
2025-09-05 17:30:14,133 - INFO - Waypoint1: absolute coordinates(0.000, 0.000, 0.600, yaw=90.0°)
2025-09-05 17:30:14,133 - INFO - Flying to coordinate: (0.000, 0.000, 0.600)
2025-09-05 17:30:15,193 - INFO - Approaching target (error=0.139m), entering stabilization phase
2025-09-05 17:30:15,733 - INFO - Reached waypoint (error=0.030m, stable_count=30)
2025-09-05 17:30:16,333 - INFO - Waypoint2: absolute coordinates(0.800, 0.000, 0.600, yaw=90.0°)
2025-09-05 17:30:16,333 - INFO - Flying to coordinate: (0.800, 0.000, 0.600)
2025-09-05 17:30:17,293 - INFO - Approaching target (error=0.146m), entering stabilization phase
2025-09-05 17:30:19,033 - INFO - Reached waypoint (error=0.050m, stable_count=30)
2025-09-05 17:30:19,634 - INFO - Waypoint3: absolute coordinates(0.400, 0.600, 0.600, yaw=90.0°)
2025-09-05 17:30:19,634 - INFO - Flying to coordinate: (0.400, 0.600, 0.600)
2025-09-05 17:30:20,394 - INFO - Approaching target (error=0.123m), entering stabilization phase
2025-09-05 17:30:20,784 - INFO - Reached waypoint (error=0.067m, stable_count=30)
2025-09-05 17:30:21,384 - INFO - Waypoint4: absolute coordinates(0.000, 0.000, 0.600, yaw=90.0°)
2025-09-05 17:30:21,384 - INFO - Flying to coordinate: (0.000, 0.000, 0.600)
2025-09-05 17:30:22,194 - INFO - Approaching target (error=0.143m), entering stabilization phase
2025-09-05 17:30:22,584 - INFO - Reached waypoint (error=0.060m, stable_count=30)
2025-09-05 17:30:23,184 - INFO - Returning to origin and landing...
2025-09-05 17:30:23,184 - INFO - Flying to coordinate: (0.000, 0.000, 0.200)
2025-09-05 17:30:24,085 - INFO - Approaching target (error=0.137m), entering stabilization phase
2025-09-05 17:30:24,575 - INFO - Reached waypoint (error=0.079m, stable_count=30)
2025-09-05 17:30:24,575 - INFO - Landing...
2025-09-05 17:30:24,575 - INFO - Landing complete
2025-09-05 17:30:24,582 - INFO - Have successfully stopped logging for id=6
2025-09-05 17:30:24,676 - INFO - Position manager stopped
2025-09-05 17:30:24,677 - INFO - Flight mission complete
2025-09-05 17:30:24,677 - INFO - Stopping data collector...
2025-09-05 17:30:24,679 - INFO - Collection complete - stats: {'created': 1379, 'complete': 1379, 'merged': 0, 'dropped': 0}
2025-09-05 17:30:24,687 - INFO - Have successfully stopped logging for id=4
2025-09-05 17:30:24,688 - INFO - Have successfully stopped logging for id=5
2025-09-05 17:30:24,727 - INFO - Data saved: training_data/triangle_large_20250905_173024.json
2025-09-05 17:30:24,727 - INFO - States: 1379, Commands: 859, Duration: 13.8s
2025-09-05 17:30:24,728 - INFO - Successfully saved 1379 state data points
2025-09-05 17:30:24,728 - INFO - Successfully saved 859 control commands
2025-09-05 17:30:24,728 - INFO - Closing link
2025-09-05 17:30:24,728 - INFO - Callback->Disconnected from [radio://0/80/2M/E7E7E7E7E6]
