2025-09-04 14:31:20,798 - INFO - === Fixed continuous data collector ===
2025-09-04 14:31:20,798 - INFO - Mission: vertical_med
2025-09-04 14:31:20,798 - INFO - Waypoints (absolute coordinates): [(0, 0, 0.4), (0, 0, 0.8), (0, 0, 0.4)]
2025-09-04 14:31:20,798 - INFO - Callback->Connection initialized[radio://0/80/2M/E7E7E7E7E6]
2025-09-04 14:31:21,050 - INFO - We are connected[radio://0/80/2M/E7E7E7E7E6], request connection setup
2025-09-04 14:31:21,050 - INFO - Request _request_protocol_version()
2025-09-04 14:31:21,052 - INFO - Callback->Connected to [radio://0/80/2M/E7E7E7E7E6]
2025-09-04 14:31:21,060 - INFO - _crt_service_callback
2025-09-04 14:31:21,060 - INFO - Request protocol version
2025-09-04 14:31:21,063 - INFO - _platform_callback
2025-09-04 14:31:21,063 - INFO - Protocol version (platform): 9
2025-09-04 14:31:21,077 - INFO - TOC for port [5] found in cache
2025-09-04 14:31:21,077 - INFO - Log TOC finished updating
2025-09-04 14:31:21,079 - INFO - 6 memories found
2025-09-04 14:31:21,159 - INFO - Memories finished updating
2025-09-04 14:31:21,166 - INFO - TOC for port [2] found in cache
2025-09-04 14:31:21,696 - INFO - Param TOC finished updating
2025-09-04 14:31:21,696 - INFO - Callback->Connection setup finished [radio://0/80/2M/E7E7E7E7E6]
2025-09-04 14:31:21,697 - INFO - Connected: radio://0/80/2M/E7E7E7E7E6
2025-09-04 14:31:21,708 - INFO - Have successfully started logging for id=1
2025-09-04 14:31:21,808 - INFO - Battery: 4.02V (safe)
2025-09-04 14:31:21,809 - INFO - Battery check passed: 4.02V
2025-09-04 14:31:21,809 - INFO - Initializing position estimator to origin...
2025-09-04 14:31:21,811 - INFO - Have successfully stopped logging for id=1
2025-09-04 14:31:21,812 - INFO - Have successfully deleted id=1
2025-09-04 14:31:23,085 - INFO - All parameters updated
2025-09-04 14:31:23,085 - INFO - Callback->Connection completed [radio://0/80/2M/E7E7E7E7E6]
2025-09-04 14:31:23,197 - INFO - Have successfully started logging for id=2
2025-09-04 14:31:29,697 - INFO - Waiting for position estimator...
2025-09-04 14:31:29,699 - INFO - Have successfully stopped logging for id=2
2025-09-04 14:31:29,701 - INFO - Have successfully deleted id=2
2025-09-04 14:31:29,707 - INFO - Have successfully started logging for id=3
2025-09-04 14:31:30,706 - INFO - Position estimator ready
2025-09-04 14:31:30,707 - INFO - Controller parameters optimized
2025-09-04 14:31:30,711 - INFO - Have successfully stopped logging for id=3
2025-09-04 14:31:30,714 - INFO - Have successfully deleted id=3
2025-09-04 14:31:32,754 - INFO - Start collection (slot:10ms)
2025-09-04 14:31:32,755 - INFO - Data collector started
2025-09-04 14:31:32,758 - INFO - Position manager started
2025-09-04 14:31:32,764 - INFO - Have successfully started logging for id=4
2025-09-04 14:31:32,767 - INFO - Have successfully started logging for id=5
2025-09-04 14:31:32,768 - INFO - Have successfully started logging for id=6
2025-09-04 14:31:32,858 - INFO - Position manager data flow is normal
2025-09-04 14:31:34,858 - INFO - Current position: (0.016, 0.036, -0.008, 89.9°)
2025-09-04 14:31:34,858 - INFO - Using absolute coordinate system, ignoring takeoff position offset
2025-09-04 14:31:35,859 - INFO - Pre-flight stabilization to first waypoint: (0.000, 0.000, 0.400)
2025-09-04 14:31:36,010 - INFO - Waypoint1: absolute coordinates(0.000, 0.000, 0.400, yaw=90.0°)
2025-09-04 14:31:36,010 - INFO - Flying to coordinate: (0.000, 0.000, 0.400)
2025-09-04 14:31:46,010 - WARNING - Waypoint timeout 10.0s (final error may still be acceptable)
2025-09-04 14:31:46,010 - WARNING - Waypoint1 not fully reached, continuing execution
2025-09-04 14:31:46,610 - INFO - Waypoint2: absolute coordinates(0.000, 0.000, 0.800, yaw=90.0°)
2025-09-04 14:31:46,610 - INFO - Flying to coordinate: (0.000, 0.000, 0.800)
2025-09-04 14:31:52,762 - INFO - Have successfully stopped logging for id=6
2025-09-04 14:31:52,857 - INFO - Position manager stopped
2025-09-04 14:31:52,859 - INFO - Stopping data collector...
2025-09-04 14:31:52,861 - INFO - Collection complete - stats: {'created': 2011, 'complete': 2010, 'merged': 0, 'dropped': 0}
2025-09-04 14:31:52,867 - INFO - Have successfully stopped logging for id=4
2025-09-04 14:31:52,871 - INFO - Have successfully stopped logging for id=5
2025-09-04 14:31:52,931 - INFO - Data saved: training_data/vertical_med_20250904_143152.json
2025-09-04 14:31:52,932 - INFO - States: 2010, Commands: 1641, Duration: 20.1s
2025-09-04 14:31:52,932 - INFO - Successfully saved 2010 state data points
2025-09-04 14:31:52,932 - INFO - Successfully saved 1641 control commands
2025-09-04 14:31:52,932 - INFO - Closing link
2025-09-04 14:31:52,934 - INFO - Callback->Disconnected from [radio://0/80/2M/E7E7E7E7E6]
2025-09-04 14:31:52,950 - INFO - User interrupted
