2025-09-05 16:25:57,458 - INFO - === Fixed continuous data collector ===
2025-09-05 16:25:57,458 - INFO - Mission: triangle_med
2025-09-05 16:25:57,458 - INFO - Waypoints (absolute coordinates): [(0, 0, 0.6), (0.5, 0, 0.6), (0.25, 0.5, 0.6), (0, 0, 0.6)]
2025-09-05 16:25:57,459 - INFO - Callback->Connection initialized[radio://0/80/2M/E7E7E7E7E6]
2025-09-05 16:25:57,710 - INFO - We are connected[radio://0/80/2M/E7E7E7E7E6], request connection setup
2025-09-05 16:25:57,711 - INFO - Request _request_protocol_version()
2025-09-05 16:25:57,714 - INFO - Callback->Connected to [radio://0/80/2M/E7E7E7E7E6]
2025-09-05 16:25:57,786 - INFO - _crt_service_callback
2025-09-05 16:25:57,786 - INFO - Request protocol version
2025-09-05 16:25:57,789 - INFO - _platform_callback
2025-09-05 16:25:57,789 - INFO - Protocol version (platform): 9
2025-09-05 16:25:57,799 - INFO - TOC for port [5] found in cache
2025-09-05 16:25:57,799 - INFO - Log TOC finished updating
2025-09-05 16:25:57,802 - INFO - 6 memories found
2025-09-05 16:25:57,877 - INFO - Memories finished updating
2025-09-05 16:25:57,882 - INFO - TOC for port [2] found in cache
2025-09-05 16:25:58,369 - INFO - Param TOC finished updating
2025-09-05 16:25:58,369 - INFO - Callback->Connection setup finished [radio://0/80/2M/E7E7E7E7E6]
2025-09-05 16:25:58,370 - INFO - Connected: radio://0/80/2M/E7E7E7E7E6
2025-09-05 16:25:58,379 - INFO - Have successfully started logging for id=1
2025-09-05 16:25:58,480 - INFO - Battery: 3.91V (safe)
2025-09-05 16:25:58,481 - INFO - Battery check passed: 3.91V
2025-09-05 16:25:58,481 - INFO - Initializing position estimator to origin...
2025-09-05 16:25:58,484 - INFO - Have successfully stopped logging for id=1
2025-09-05 16:25:58,486 - INFO - Have successfully deleted id=1
2025-09-05 16:25:59,641 - INFO - All parameters updated
2025-09-05 16:25:59,641 - INFO - Callback->Connection completed [radio://0/80/2M/E7E7E7E7E6]
2025-09-05 16:25:59,749 - INFO - Have successfully started logging for id=2
2025-09-05 16:26:06,243 - INFO - Waiting for position estimator...
2025-09-05 16:26:06,246 - INFO - Have successfully stopped logging for id=2
2025-09-05 16:26:06,247 - INFO - Have successfully deleted id=2
2025-09-05 16:26:06,253 - INFO - Have successfully started logging for id=3
2025-09-05 16:26:07,252 - INFO - Position estimator ready
2025-09-05 16:26:07,253 - INFO - Controller parameters optimized
2025-09-05 16:26:07,255 - INFO - Have successfully stopped logging for id=3
2025-09-05 16:26:07,256 - INFO - Have successfully deleted id=3
2025-09-05 16:26:09,867 - INFO - Start collection (slot:10ms)
2025-09-05 16:26:09,868 - INFO - Data collector started
2025-09-05 16:26:09,869 - INFO - Position manager started
2025-09-05 16:26:09,877 - INFO - Have successfully started logging for id=4
2025-09-05 16:26:09,879 - INFO - Have successfully started logging for id=5
2025-09-05 16:26:09,880 - INFO - Have successfully started logging for id=6
2025-09-05 16:26:09,969 - INFO - Position manager data flow is normal
2025-09-05 16:26:11,969 - INFO - Current position: (-0.022, 0.007, 0.001, 90.3°)
2025-09-05 16:26:11,969 - INFO - Using absolute coordinate system, ignoring takeoff position offset
2025-09-05 16:26:12,969 - INFO - Pre-flight stabilization to first waypoint: (0.000, 0.000, 0.600)
2025-09-05 16:26:13,120 - INFO - Waypoint1: absolute coordinates(0.000, 0.000, 0.600, yaw=90.0°)
2025-09-05 16:26:13,120 - INFO - Flying to coordinate: (0.000, 0.000, 0.600)
2025-09-05 16:26:14,080 - INFO - Approaching target (error=0.150m), entering stabilization phase
2025-09-05 16:26:14,670 - INFO - Reached waypoint (error=0.057m, stable_count=30)
2025-09-05 16:26:15,270 - INFO - Waypoint2: absolute coordinates(0.500, 0.000, 0.600, yaw=90.0°)
2025-09-05 16:26:15,270 - INFO - Flying to coordinate: (0.500, 0.000, 0.600)
2025-09-05 16:26:15,980 - INFO - Approaching target (error=0.149m), entering stabilization phase
2025-09-05 16:26:18,120 - INFO - Reached waypoint (error=0.073m, stable_count=30)
2025-09-05 16:26:18,720 - INFO - Waypoint3: absolute coordinates(0.250, 0.500, 0.600, yaw=90.0°)
2025-09-05 16:26:18,721 - INFO - Flying to coordinate: (0.250, 0.500, 0.600)
2025-09-05 16:26:19,431 - INFO - Approaching target (error=0.131m), entering stabilization phase
2025-09-05 16:26:19,821 - INFO - Reached waypoint (error=0.063m, stable_count=30)
2025-09-05 16:26:20,421 - INFO - Waypoint4: absolute coordinates(0.000, 0.000, 0.600, yaw=90.0°)
2025-09-05 16:26:20,421 - INFO - Flying to coordinate: (0.000, 0.000, 0.600)
2025-09-05 16:26:21,471 - INFO - Approaching target (error=0.138m), entering stabilization phase
2025-09-05 16:26:23,461 - INFO - Reached waypoint (error=0.025m, stable_count=30)
2025-09-05 16:26:24,062 - INFO - Returning to origin and landing...
2025-09-05 16:26:24,062 - INFO - Flying to coordinate: (0.000, 0.000, 0.200)
2025-09-05 16:26:24,773 - INFO - Approaching target (error=0.148m), entering stabilization phase
2025-09-05 16:26:25,613 - INFO - Reached waypoint (error=0.068m, stable_count=30)
2025-09-05 16:26:25,613 - INFO - Landing...
2025-09-05 16:26:25,614 - INFO - Landing complete
2025-09-05 16:26:25,620 - INFO - Have successfully stopped logging for id=6
2025-09-05 16:26:25,716 - INFO - Position manager stopped
2025-09-05 16:26:25,717 - INFO - Flight mission complete
2025-09-05 16:26:25,717 - INFO - Stopping data collector...
2025-09-05 16:26:25,719 - INFO - Collection complete - stats: {'created': 1585, 'complete': 1585, 'merged': 0, 'dropped': 0}
2025-09-05 16:26:25,729 - INFO - Have successfully stopped logging for id=4
2025-09-05 16:26:25,733 - INFO - Have successfully stopped logging for id=5
2025-09-05 16:26:25,775 - INFO - Data saved: training_data/triangle_med_20250905_162625.json
2025-09-05 16:26:25,775 - INFO - States: 1585, Commands: 1065, Duration: 15.8s
2025-09-05 16:26:25,775 - INFO - Successfully saved 1585 state data points
2025-09-05 16:26:25,775 - INFO - Successfully saved 1065 control commands
2025-09-05 16:26:25,775 - INFO - Closing link
2025-09-05 16:26:25,776 - INFO - Callback->Disconnected from [radio://0/80/2M/E7E7E7E7E6]
