2025-09-04 13:49:51,433 - INFO - === Fixed continuous data collector ===
2025-09-04 13:49:51,433 - INFO - Mission: vertical_med
2025-09-04 13:49:51,433 - INFO - Waypoints (absolute coordinates): [(0, 0, 0.4), (0, 0, 0.8), (0, 0, 0.4)]
2025-09-04 13:49:51,434 - INFO - Callback->Connection initialized[radio://0/80/2M/E7E7E7E7E6]
2025-09-04 13:49:51,686 - INFO - We are connected[radio://0/80/2M/E7E7E7E7E6], request connection setup
2025-09-04 13:49:51,686 - INFO - Request _request_protocol_version()
2025-09-04 13:49:51,688 - INFO - Callback->Connected to [radio://0/80/2M/E7E7E7E7E6]
2025-09-04 13:49:51,691 - INFO - _crt_service_callback
2025-09-04 13:49:51,691 - INFO - Request protocol version
2025-09-04 13:49:51,696 - INFO - _platform_callback
2025-09-04 13:49:51,696 - INFO - Protocol version (platform): 9
2025-09-04 13:49:51,706 - INFO - TOC for port [5] found in cache
2025-09-04 13:49:51,707 - INFO - Log TOC finished updating
2025-09-04 13:49:51,709 - INFO - 6 memories found
2025-09-04 13:49:51,790 - INFO - Memories finished updating
2025-09-04 13:49:51,796 - INFO - TOC for port [2] found in cache
2025-09-04 13:49:52,318 - INFO - Param TOC finished updating
2025-09-04 13:49:52,318 - INFO - Callback->Connection setup finished [radio://0/80/2M/E7E7E7E7E6]
2025-09-04 13:49:52,319 - INFO - Connected: radio://0/80/2M/E7E7E7E7E6
2025-09-04 13:49:52,327 - INFO - Have successfully started logging for id=1
2025-09-04 13:49:52,427 - INFO - Battery: 4.05V (safe)
2025-09-04 13:49:52,428 - INFO - Battery check passed: 4.05V
2025-09-04 13:49:52,428 - INFO - Initializing position estimator to origin...
2025-09-04 13:49:52,430 - INFO - Have successfully stopped logging for id=1
2025-09-04 13:49:52,432 - INFO - Have successfully deleted id=1
2025-09-04 13:49:53,671 - INFO - All parameters updated
2025-09-04 13:49:53,671 - INFO - Callback->Connection completed [radio://0/80/2M/E7E7E7E7E6]
2025-09-04 13:49:53,782 - INFO - Have successfully started logging for id=2
2025-09-04 13:50:01,776 - INFO - Waiting for position estimator...
2025-09-04 13:50:01,780 - INFO - Have successfully stopped logging for id=2
2025-09-04 13:50:01,784 - INFO - Have successfully deleted id=2
2025-09-04 13:50:01,790 - INFO - Have successfully started logging for id=3
2025-09-04 13:50:02,787 - INFO - Position estimator ready
2025-09-04 13:50:02,788 - INFO - Controller parameters optimized
2025-09-04 13:50:02,791 - INFO - Have successfully stopped logging for id=3
2025-09-04 13:50:02,792 - INFO - Have successfully deleted id=3
2025-09-04 13:50:14,336 - INFO - Start collection (slot:10ms)
2025-09-04 13:50:14,337 - INFO - Data collector started
2025-09-04 13:50:14,338 - INFO - Position manager started
2025-09-04 13:50:14,346 - INFO - Have successfully started logging for id=4
2025-09-04 13:50:14,348 - INFO - Have successfully started logging for id=5
2025-09-04 13:50:14,348 - INFO - Have successfully started logging for id=6
2025-09-04 13:50:14,438 - INFO - Position manager data flow is normal
2025-09-04 13:50:16,438 - INFO - Current position: (0.026, 0.052, 0.004, 90.0째)
2025-09-04 13:50:16,438 - INFO - Using absolute coordinate system, ignoring takeoff position offset
2025-09-04 13:50:17,439 - INFO - Pre-flight stabilization to first waypoint: (0.000, 0.000, 0.400)
2025-09-04 13:50:17,589 - INFO - Waypoint1: absolute coordinates(0.000, 0.000, 0.400, yaw=90.0째)
2025-09-04 13:50:17,589 - INFO - Flying to coordinate: (0.000, 0.000, 0.400)
2025-09-04 13:50:18,699 - INFO - Approaching target (error=0.137m), entering stabilization phase
2025-09-04 13:50:19,239 - INFO - Reached waypoint (error=0.050m, stable_count=30)
2025-09-04 13:50:19,841 - INFO - Waypoint2: absolute coordinates(0.000, 0.000, 0.800, yaw=90.0째)
2025-09-04 13:50:19,841 - INFO - Flying to coordinate: (0.000, 0.000, 0.800)
2025-09-04 13:50:20,402 - INFO - Approaching target (error=0.137m), entering stabilization phase
2025-09-04 13:50:21,042 - INFO - Reached waypoint (error=0.069m, stable_count=30)
2025-09-04 13:50:21,643 - INFO - Waypoint3: absolute coordinates(0.000, 0.000, 0.400, yaw=90.0째)
2025-09-04 13:50:21,643 - INFO - Flying to coordinate: (0.000, 0.000, 0.400)
2025-09-04 13:50:22,643 - INFO - Approaching target (error=0.144m), entering stabilization phase
2025-09-04 13:50:23,243 - INFO - Reached waypoint (error=0.052m, stable_count=30)
2025-09-04 13:50:23,843 - INFO - Returning to origin and landing...
2025-09-04 13:50:23,843 - INFO - Flying to coordinate: (0.000, 0.000, 0.200)
2025-09-04 13:50:24,344 - INFO - Approaching target (error=0.148m), entering stabilization phase
2025-09-04 13:50:24,984 - INFO - Reached waypoint (error=0.067m, stable_count=30)
2025-09-04 13:50:24,984 - INFO - Landing...
2025-09-04 13:50:24,984 - INFO - Landing complete
2025-09-04 13:50:24,991 - INFO - Have successfully stopped logging for id=6
2025-09-04 13:50:25,085 - INFO - Position manager stopped
2025-09-04 13:50:25,087 - INFO - Flight mission complete
2025-09-04 13:50:25,087 - INFO - Stopping data collector...
2025-09-04 13:50:25,090 - INFO - Collection complete - stats: {'created': 1074, 'complete': 1074, 'merged': 0, 'dropped': 0}
2025-09-04 13:50:25,097 - INFO - Have successfully stopped logging for id=4
2025-09-04 13:50:25,098 - INFO - Have successfully stopped logging for id=5
2025-09-04 13:50:25,127 - INFO - Data saved: training_data/vertical_med_20250904_135025.json
2025-09-04 13:50:25,127 - INFO - States: 1074, Commands: 606, Duration: 10.7s
2025-09-04 13:50:25,127 - INFO - Successfully saved 1074 state data points
2025-09-04 13:50:25,127 - INFO - Successfully saved 606 control commands
2025-09-04 13:50:25,127 - INFO - Closing link
2025-09-04 13:50:25,128 - INFO - Callback->Disconnected from [radio://0/80/2M/E7E7E7E7E6]
