2025-09-04 13:33:27,122 - INFO - === Fixed continuous data collector ===
2025-09-04 13:33:27,122 - INFO - Mission: vertical_med
2025-09-04 13:33:27,122 - INFO - Waypoints (absolute coordinates): [(0, 0, 0.4), (0, 0, 0.8), (0, 0, 0.4)]
2025-09-04 13:33:27,123 - INFO - Callback->Connection initialized[radio://0/80/2M/E7E7E7E7E6]
2025-09-04 13:33:27,374 - INFO - We are connected[radio://0/80/2M/E7E7E7E7E6], request connection setup
2025-09-04 13:33:27,374 - INFO - Request _request_protocol_version()
2025-09-04 13:33:27,377 - INFO - Callback->Connected to [radio://0/80/2M/E7E7E7E7E6]
2025-09-04 13:33:27,454 - INFO - _crt_service_callback
2025-09-04 13:33:27,454 - INFO - Request protocol version
2025-09-04 13:33:27,458 - INFO - _platform_callback
2025-09-04 13:33:27,458 - INFO - Protocol version (platform): 9
2025-09-04 13:33:27,468 - INFO - TOC for port [5] found in cache
2025-09-04 13:33:27,468 - INFO - Log TOC finished updating
2025-09-04 13:33:27,471 - INFO - 6 memories found
2025-09-04 13:33:27,547 - INFO - Memories finished updating
2025-09-04 13:33:27,554 - INFO - TOC for port [2] found in cache
2025-09-04 13:33:28,117 - INFO - Param TOC finished updating
2025-09-04 13:33:28,117 - INFO - Callback->Connection setup finished [radio://0/80/2M/E7E7E7E7E6]
2025-09-04 13:33:28,118 - INFO - Connected: radio://0/80/2M/E7E7E7E7E6
2025-09-04 13:33:28,129 - INFO - Have successfully started logging for id=1
2025-09-04 13:33:28,231 - INFO - Battery: 4.09V (safe)
2025-09-04 13:33:28,232 - INFO - Battery check passed: 4.09V
2025-09-04 13:33:28,232 - INFO - Initializing position estimator to origin...
2025-09-04 13:33:28,236 - INFO - Have successfully stopped logging for id=1
2025-09-04 13:33:28,238 - INFO - Have successfully deleted id=1
2025-09-04 13:33:29,426 - INFO - All parameters updated
2025-09-04 13:33:29,426 - INFO - Callback->Connection completed [radio://0/80/2M/E7E7E7E7E6]
2025-09-04 13:33:29,540 - INFO - Have successfully started logging for id=2
2025-09-04 13:33:36,036 - INFO - Waiting for position estimator...
2025-09-04 13:33:36,040 - INFO - Have successfully stopped logging for id=2
2025-09-04 13:33:36,041 - INFO - Have successfully deleted id=2
2025-09-04 13:33:36,046 - INFO - Have successfully started logging for id=3
2025-09-04 13:33:37,044 - INFO - Position estimator ready
2025-09-04 13:33:37,045 - INFO - Controller parameters optimized
2025-09-04 13:33:37,048 - INFO - Have successfully stopped logging for id=3
2025-09-04 13:33:37,049 - INFO - Have successfully deleted id=3
2025-09-04 13:33:38,878 - INFO - Start collection (slot:10ms)
2025-09-04 13:33:38,879 - INFO - Data collector started
2025-09-04 13:33:38,880 - INFO - Position manager started
2025-09-04 13:33:38,887 - INFO - Have successfully started logging for id=4
2025-09-04 13:33:38,890 - INFO - Have successfully started logging for id=5
2025-09-04 13:33:38,891 - INFO - Have successfully started logging for id=6
2025-09-04 13:33:38,980 - INFO - Position manager data flow is normal
2025-09-04 13:33:40,980 - INFO - Current position: (0.018, 0.049, 0.006, 90.3째)
2025-09-04 13:33:40,980 - INFO - Using absolute coordinate system, ignoring takeoff position offset
2025-09-04 13:33:41,980 - INFO - Pre-flight stabilization to first waypoint: (0.000, 0.000, 0.400)
2025-09-04 13:33:42,131 - INFO - Waypoint1: absolute coordinates(0.000, 0.000, 0.400, yaw=90.0째)
2025-09-04 13:33:42,131 - INFO - Flying to coordinate: (0.000, 0.000, 0.400)
2025-09-04 13:33:43,151 - INFO - Approaching target (error=0.150m), entering stabilization phase
2025-09-04 13:33:43,781 - INFO - Reached waypoint (error=0.055m, stable_count=30)
2025-09-04 13:33:44,382 - INFO - Waypoint2: absolute coordinates(0.000, 0.000, 0.800, yaw=90.0째)
2025-09-04 13:33:44,382 - INFO - Flying to coordinate: (0.000, 0.000, 0.800)
2025-09-04 13:33:44,942 - INFO - Approaching target (error=0.143m), entering stabilization phase
2025-09-04 13:33:45,832 - INFO - Reached waypoint (error=0.073m, stable_count=30)
2025-09-04 13:33:46,432 - INFO - Waypoint3: absolute coordinates(0.000, 0.000, 0.400, yaw=90.0째)
2025-09-04 13:33:46,432 - INFO - Flying to coordinate: (0.000, 0.000, 0.400)
2025-09-04 13:33:47,493 - INFO - Approaching target (error=0.145m), entering stabilization phase
2025-09-04 13:33:48,283 - INFO - Reached waypoint (error=0.041m, stable_count=30)
2025-09-04 13:33:48,883 - INFO - Returning to origin and landing...
2025-09-04 13:33:48,883 - INFO - Flying to coordinate: (0.000, 0.000, 0.200)
2025-09-04 13:33:49,293 - INFO - Approaching target (error=0.149m), entering stabilization phase
2025-09-04 13:33:50,123 - INFO - Reached waypoint (error=0.030m, stable_count=30)
2025-09-04 13:33:50,123 - INFO - Landing...
2025-09-04 13:33:50,124 - INFO - Landing complete
2025-09-04 13:33:50,130 - INFO - Have successfully stopped logging for id=6
2025-09-04 13:33:50,226 - INFO - Position manager stopped
2025-09-04 13:33:50,227 - INFO - Flight mission complete
2025-09-04 13:33:50,227 - INFO - Stopping data collector...
2025-09-04 13:33:50,231 - INFO - Collection complete - stats: {'created': 1135, 'complete': 1133, 'merged': 0, 'dropped': 1}
2025-09-04 13:33:50,237 - INFO - Have successfully stopped logging for id=4
2025-09-04 13:33:50,239 - INFO - Have successfully stopped logging for id=5
2025-09-04 13:33:50,271 - INFO - Data saved: training_data/vertical_med_20250904_133350.json
2025-09-04 13:33:50,271 - INFO - States: 1133, Commands: 665, Duration: 11.3s
2025-09-04 13:33:50,271 - INFO - Successfully saved 1133 state data points
2025-09-04 13:33:50,271 - INFO - Successfully saved 665 control commands
2025-09-04 13:33:50,271 - INFO - Closing link
2025-09-04 13:33:50,271 - INFO - Callback->Disconnected from [radio://0/80/2M/E7E7E7E7E6]
