2025-09-05 12:05:57,361 - INFO - === Fixed continuous data collector ===
2025-09-05 12:05:57,362 - INFO - Mission: square_small
2025-09-05 12:05:57,362 - INFO - Waypoints (absolute coordinates): [(0, 0, 0.3), (0.3, 0, 0.3), (0.3, 0.3, 0.3), (0, 0.3, 0.3), (0, 0, 0.3)]
2025-09-05 12:05:57,362 - INFO - Callback->Connection initialized[radio://0/80/2M/E7E7E7E7E6]
2025-09-05 12:05:57,612 - INFO - We are connected[radio://0/80/2M/E7E7E7E7E6], request connection setup
2025-09-05 12:05:57,613 - INFO - Request _request_protocol_version()
2025-09-05 12:05:57,619 - INFO - Callback->Connected to [radio://0/80/2M/E7E7E7E7E6]
2025-09-05 12:05:57,698 - INFO - _crt_service_callback
2025-09-05 12:05:57,698 - INFO - Request protocol version
2025-09-05 12:05:57,701 - INFO - _platform_callback
2025-09-05 12:05:57,701 - INFO - Protocol version (platform): 9
2025-09-05 12:05:57,715 - INFO - TOC for port [5] found in cache
2025-09-05 12:05:57,715 - INFO - Log TOC finished updating
2025-09-05 12:05:57,718 - INFO - 6 memories found
2025-09-05 12:05:57,798 - INFO - Memories finished updating
2025-09-05 12:05:57,804 - INFO - TOC for port [2] found in cache
2025-09-05 12:05:58,352 - INFO - Param TOC finished updating
2025-09-05 12:05:58,352 - INFO - Callback->Connection setup finished [radio://0/80/2M/E7E7E7E7E6]
2025-09-05 12:05:58,353 - INFO - Connected: radio://0/80/2M/E7E7E7E7E6
2025-09-05 12:05:58,365 - INFO - Have successfully started logging for id=1
2025-09-05 12:05:58,462 - INFO - Battery: 4.04V (safe)
2025-09-05 12:05:58,463 - INFO - Battery check passed: 4.04V
2025-09-05 12:05:58,463 - INFO - Initializing position estimator to origin...
2025-09-05 12:05:58,466 - INFO - Have successfully stopped logging for id=1
2025-09-05 12:05:58,467 - INFO - Have successfully deleted id=1
2025-09-05 12:05:59,822 - INFO - All parameters updated
2025-09-05 12:05:59,822 - INFO - Callback->Connection completed [radio://0/80/2M/E7E7E7E7E6]
2025-09-05 12:05:59,931 - INFO - Have successfully started logging for id=2
2025-09-05 12:06:06,429 - INFO - Waiting for position estimator...
2025-09-05 12:06:06,432 - INFO - Have successfully stopped logging for id=2
2025-09-05 12:06:06,433 - INFO - Have successfully deleted id=2
2025-09-05 12:06:06,437 - INFO - Have successfully started logging for id=3
2025-09-05 12:06:07,436 - INFO - Position estimator ready
2025-09-05 12:06:07,440 - INFO - Controller parameters optimized
2025-09-05 12:06:07,443 - INFO - Have successfully stopped logging for id=3
2025-09-05 12:06:07,444 - INFO - Have successfully deleted id=3
2025-09-05 12:06:10,173 - INFO - Start collection (slot:10ms)
2025-09-05 12:06:10,174 - INFO - Data collector started
2025-09-05 12:06:10,176 - INFO - Position manager started
2025-09-05 12:06:10,181 - INFO - Have successfully started logging for id=4
2025-09-05 12:06:10,183 - INFO - Have successfully started logging for id=5
2025-09-05 12:06:10,184 - INFO - Have successfully started logging for id=6
2025-09-05 12:06:10,276 - INFO - Position manager data flow is normal
2025-09-05 12:06:12,276 - INFO - Current position: (-0.009, 0.027, -0.035, 90.2°)
2025-09-05 12:06:12,276 - INFO - Using absolute coordinate system, ignoring takeoff position offset
2025-09-05 12:06:13,277 - INFO - Pre-flight stabilization to first waypoint: (0.000, 0.000, 0.300)
2025-09-05 12:06:13,427 - INFO - Waypoint1: absolute coordinates(0.000, 0.000, 0.300, yaw=90.0°)
2025-09-05 12:06:13,427 - INFO - Flying to coordinate: (0.000, 0.000, 0.300)
2025-09-05 12:06:14,337 - INFO - Approaching target (error=0.145m), entering stabilization phase
2025-09-05 12:06:14,827 - INFO - Reached waypoint (error=0.072m, stable_count=30)
2025-09-05 12:06:15,427 - INFO - Waypoint2: absolute coordinates(0.300, 0.000, 0.300, yaw=90.0°)
2025-09-05 12:06:15,427 - INFO - Flying to coordinate: (0.300, 0.000, 0.300)
2025-09-05 12:06:16,187 - INFO - Approaching target (error=0.145m), entering stabilization phase
2025-09-05 12:06:16,884 - WARNING - Control timing drift detected - resyncing
2025-09-05 12:06:17,241 - INFO - Reached waypoint (error=0.060m, stable_count=30)
2025-09-05 12:06:17,841 - INFO - Waypoint3: absolute coordinates(0.300, 0.300, 0.300, yaw=90.0°)
2025-09-05 12:06:17,841 - INFO - Flying to coordinate: (0.300, 0.300, 0.300)
2025-09-05 12:06:18,331 - INFO - Approaching target (error=0.144m), entering stabilization phase
2025-09-05 12:06:18,791 - INFO - Reached waypoint (error=0.065m, stable_count=30)
2025-09-05 12:06:19,391 - INFO - Waypoint4: absolute coordinates(0.000, 0.300, 0.300, yaw=90.0°)
2025-09-05 12:06:19,391 - INFO - Flying to coordinate: (0.000, 0.300, 0.300)
2025-09-05 12:06:19,882 - INFO - Approaching target (error=0.135m), entering stabilization phase
2025-09-05 12:06:20,322 - INFO - Reached waypoint (error=0.065m, stable_count=30)
2025-09-05 12:06:20,922 - INFO - Waypoint5: absolute coordinates(0.000, 0.000, 0.300, yaw=90.0°)
2025-09-05 12:06:20,922 - INFO - Flying to coordinate: (0.000, 0.000, 0.300)
2025-09-05 12:06:21,582 - INFO - Approaching target (error=0.147m), entering stabilization phase
2025-09-05 12:06:22,972 - INFO - Reached waypoint (error=0.061m, stable_count=30)
2025-09-05 12:06:23,573 - INFO - Returning to origin and landing...
2025-09-05 12:06:23,573 - INFO - Flying to coordinate: (0.000, 0.000, 0.200)
2025-09-05 12:06:23,574 - INFO - Approaching target (error=0.133m), entering stabilization phase
2025-09-05 12:06:24,414 - INFO - Reached waypoint (error=0.037m, stable_count=30)
2025-09-05 12:06:24,414 - INFO - Landing...
2025-09-05 12:06:24,414 - INFO - Landing complete
2025-09-05 12:06:24,419 - INFO - Have successfully stopped logging for id=6
2025-09-05 12:06:24,515 - INFO - Position manager stopped
2025-09-05 12:06:24,517 - INFO - Flight mission complete
2025-09-05 12:06:24,517 - INFO - Stopping data collector...
2025-09-05 12:06:24,519 - INFO - Collection complete - stats: {'created': 1434, 'complete': 1434, 'merged': 0, 'dropped': 0}
2025-09-05 12:06:24,528 - INFO - Have successfully stopped logging for id=4
2025-09-05 12:06:24,529 - INFO - Have successfully stopped logging for id=5
2025-09-05 12:06:24,567 - INFO - Data saved: training_data/square_small_20250905_120624.json
2025-09-05 12:06:24,567 - INFO - States: 1434, Commands: 862, Duration: 14.3s
2025-09-05 12:06:24,568 - INFO - Successfully saved 1434 state data points
2025-09-05 12:06:24,568 - INFO - Successfully saved 862 control commands
2025-09-05 12:06:24,568 - INFO - Closing link
2025-09-05 12:06:24,568 - INFO - Callback->Disconnected from [radio://0/80/2M/E7E7E7E7E6]
