2025-09-04 14:04:31,150 - INFO - === Fixed continuous data collector ===
2025-09-04 14:04:31,150 - INFO - Mission: vertical_med
2025-09-04 14:04:31,150 - INFO - Waypoints (absolute coordinates): [(0, 0, 0.4), (0, 0, 0.8), (0, 0, 0.4)]
2025-09-04 14:04:31,151 - INFO - Callback->Connection initialized[radio://0/80/2M/E7E7E7E7E6]
2025-09-04 14:04:31,401 - INFO - We are connected[radio://0/80/2M/E7E7E7E7E6], request connection setup
2025-09-04 14:04:31,402 - INFO - Request _request_protocol_version()
2025-09-04 14:04:31,405 - INFO - Callback->Connected to [radio://0/80/2M/E7E7E7E7E6]
2025-09-04 14:04:31,504 - INFO - _crt_service_callback
2025-09-04 14:04:31,504 - INFO - Request protocol version
2025-09-04 14:04:31,507 - INFO - _platform_callback
2025-09-04 14:04:31,507 - INFO - Protocol version (platform): 9
2025-09-04 14:04:31,518 - INFO - TOC for port [5] found in cache
2025-09-04 14:04:31,519 - INFO - Log TOC finished updating
2025-09-04 14:04:31,522 - INFO - 6 memories found
2025-09-04 14:04:31,600 - INFO - Memories finished updating
2025-09-04 14:04:31,606 - INFO - TOC for port [2] found in cache
2025-09-04 14:04:32,087 - INFO - Param TOC finished updating
2025-09-04 14:04:32,087 - INFO - Callback->Connection setup finished [radio://0/80/2M/E7E7E7E7E6]
2025-09-04 14:04:32,088 - INFO - Connected: radio://0/80/2M/E7E7E7E7E6
2025-09-04 14:04:32,096 - INFO - Have successfully started logging for id=1
2025-09-04 14:04:32,195 - INFO - Battery: 4.05V (safe)
2025-09-04 14:04:32,196 - INFO - Battery check passed: 4.05V
2025-09-04 14:04:32,196 - INFO - Initializing position estimator to origin...
2025-09-04 14:04:32,199 - INFO - Have successfully stopped logging for id=1
2025-09-04 14:04:32,200 - INFO - Have successfully deleted id=1
2025-09-04 14:04:33,307 - INFO - All parameters updated
2025-09-04 14:04:33,308 - INFO - Callback->Connection completed [radio://0/80/2M/E7E7E7E7E6]
2025-09-04 14:04:33,416 - INFO - Have successfully started logging for id=2
2025-09-04 14:04:39,911 - INFO - Waiting for position estimator...
2025-09-04 14:04:39,915 - INFO - Have successfully stopped logging for id=2
2025-09-04 14:04:39,915 - INFO - Have successfully deleted id=2
2025-09-04 14:04:39,920 - INFO - Have successfully started logging for id=3
2025-09-04 14:04:40,920 - INFO - Position estimator ready
2025-09-04 14:04:40,922 - INFO - Controller parameters optimized
2025-09-04 14:04:40,926 - INFO - Have successfully stopped logging for id=3
2025-09-04 14:04:40,927 - INFO - Have successfully deleted id=3
2025-09-04 14:04:46,216 - INFO - Start collection (slot:10ms)
2025-09-04 14:04:46,217 - INFO - Data collector started
2025-09-04 14:04:46,218 - INFO - Position manager started
2025-09-04 14:04:46,225 - INFO - Have successfully started logging for id=4
2025-09-04 14:04:46,229 - INFO - Have successfully started logging for id=5
2025-09-04 14:04:46,231 - INFO - Have successfully started logging for id=6
2025-09-04 14:04:46,318 - INFO - Position manager data flow is normal
2025-09-04 14:04:48,318 - INFO - Current position: (0.019, 0.061, 0.024, 90.8째)
2025-09-04 14:04:48,318 - INFO - Using absolute coordinate system, ignoring takeoff position offset
2025-09-04 14:04:49,318 - INFO - Pre-flight stabilization to first waypoint: (0.000, 0.000, 0.400)
2025-09-04 14:04:49,469 - INFO - Waypoint1: absolute coordinates(0.000, 0.000, 0.400, yaw=90.0째)
2025-09-04 14:04:49,469 - INFO - Flying to coordinate: (0.000, 0.000, 0.400)
2025-09-04 14:04:50,529 - INFO - Approaching target (error=0.145m), entering stabilization phase
2025-09-04 14:04:51,119 - INFO - Reached waypoint (error=0.053m, stable_count=30)
2025-09-04 14:04:51,719 - INFO - Waypoint2: absolute coordinates(0.000, 0.000, 0.800, yaw=90.0째)
2025-09-04 14:04:51,719 - INFO - Flying to coordinate: (0.000, 0.000, 0.800)
2025-09-04 14:04:52,229 - INFO - Approaching target (error=0.149m), entering stabilization phase
2025-09-04 14:04:56,209 - INFO - Reached waypoint (error=0.071m, stable_count=30)
2025-09-04 14:04:56,811 - INFO - Waypoint3: absolute coordinates(0.000, 0.000, 0.400, yaw=90.0째)
2025-09-04 14:04:56,811 - INFO - Flying to coordinate: (0.000, 0.000, 0.400)
2025-09-04 14:04:57,721 - INFO - Approaching target (error=0.136m), entering stabilization phase
2025-09-04 14:04:58,161 - INFO - Reached waypoint (error=0.020m, stable_count=30)
2025-09-04 14:04:58,761 - INFO - Returning to origin and landing...
2025-09-04 14:04:58,761 - INFO - Flying to coordinate: (0.000, 0.000, 0.200)
2025-09-04 14:04:59,021 - INFO - Approaching target (error=0.144m), entering stabilization phase
2025-09-04 14:04:59,611 - INFO - Reached waypoint (error=0.060m, stable_count=30)
2025-09-04 14:04:59,611 - INFO - Landing...
2025-09-04 14:04:59,613 - INFO - Landing complete
2025-09-04 14:04:59,624 - INFO - Have successfully stopped logging for id=6
2025-09-04 14:04:59,714 - INFO - Position manager stopped
2025-09-04 14:04:59,717 - INFO - Flight mission complete
2025-09-04 14:04:59,717 - INFO - Stopping data collector...
2025-09-04 14:04:59,719 - INFO - Collection complete - stats: {'created': 1350, 'complete': 1350, 'merged': 0, 'dropped': 0}
2025-09-04 14:04:59,730 - INFO - Have successfully stopped logging for id=4
2025-09-04 14:04:59,733 - INFO - Have successfully stopped logging for id=5
2025-09-04 14:04:59,765 - INFO - Data saved: training_data/vertical_med_20250904_140459.json
2025-09-04 14:04:59,766 - INFO - States: 1350, Commands: 880, Duration: 13.5s
2025-09-04 14:04:59,766 - INFO - Successfully saved 1350 state data points
2025-09-04 14:04:59,766 - INFO - Successfully saved 880 control commands
2025-09-04 14:04:59,766 - INFO - Closing link
2025-09-04 14:04:59,766 - INFO - Callback->Disconnected from [radio://0/80/2M/E7E7E7E7E6]
