2025-09-04 16:07:00,644 - INFO - === Fixed continuous data collector ===
2025-09-04 16:07:00,644 - INFO - Mission: vertical_large
2025-09-04 16:07:00,644 - INFO - Waypoints (absolute coordinates): [(0, 0, 0.5), (0, 0, 1.0), (0, 0, 0.5)]
2025-09-04 16:07:00,645 - INFO - Callback->Connection initialized[radio://0/80/2M/E7E7E7E7E6]
2025-09-04 16:07:00,894 - INFO - We are connected[radio://0/80/2M/E7E7E7E7E6], request connection setup
2025-09-04 16:07:00,894 - INFO - Request _request_protocol_version()
2025-09-04 16:07:00,896 - INFO - Callback->Connected to [radio://0/80/2M/E7E7E7E7E6]
2025-09-04 16:07:00,900 - INFO - _crt_service_callback
2025-09-04 16:07:00,900 - INFO - Request protocol version
2025-09-04 16:07:00,903 - INFO - _platform_callback
2025-09-04 16:07:00,903 - INFO - Protocol version (platform): 9
2025-09-04 16:07:00,914 - INFO - TOC for port [5] found in cache
2025-09-04 16:07:00,914 - INFO - Log TOC finished updating
2025-09-04 16:07:00,922 - INFO - 6 memories found
2025-09-04 16:07:01,001 - INFO - Memories finished updating
2025-09-04 16:07:01,006 - INFO - TOC for port [2] found in cache
2025-09-04 16:07:01,496 - INFO - Param TOC finished updating
2025-09-04 16:07:01,496 - INFO - Callback->Connection setup finished [radio://0/80/2M/E7E7E7E7E6]
2025-09-04 16:07:01,498 - INFO - Connected: radio://0/80/2M/E7E7E7E7E6
2025-09-04 16:07:01,514 - INFO - Have successfully started logging for id=1
2025-09-04 16:07:01,613 - INFO - Battery: 3.81V (safe)
2025-09-04 16:07:01,614 - INFO - Battery check passed: 3.81V
2025-09-04 16:07:01,614 - INFO - Initializing position estimator to origin...
2025-09-04 16:07:01,618 - INFO - Have successfully stopped logging for id=1
2025-09-04 16:07:01,620 - INFO - Have successfully deleted id=1
2025-09-04 16:07:02,762 - INFO - All parameters updated
2025-09-04 16:07:02,762 - INFO - Callback->Connection completed [radio://0/80/2M/E7E7E7E7E6]
2025-09-04 16:07:02,869 - INFO - Have successfully started logging for id=2
2025-09-04 16:07:09,368 - INFO - Waiting for position estimator...
2025-09-04 16:07:09,371 - INFO - Have successfully stopped logging for id=2
2025-09-04 16:07:09,372 - INFO - Have successfully deleted id=2
2025-09-04 16:07:09,380 - INFO - Have successfully started logging for id=3
2025-09-04 16:07:10,378 - INFO - Position estimator ready
2025-09-04 16:07:10,379 - INFO - Controller parameters optimized
2025-09-04 16:07:10,382 - INFO - Have successfully stopped logging for id=3
2025-09-04 16:07:10,384 - INFO - Have successfully deleted id=3
2025-09-04 16:07:20,514 - INFO - Start collection (slot:10ms)
2025-09-04 16:07:20,515 - INFO - Data collector started
2025-09-04 16:07:20,517 - INFO - Position manager started
2025-09-04 16:07:20,524 - INFO - Have successfully started logging for id=4
2025-09-04 16:07:20,525 - INFO - Have successfully started logging for id=5
2025-09-04 16:07:20,530 - INFO - Have successfully started logging for id=6
2025-09-04 16:07:20,617 - INFO - Position manager data flow is normal
2025-09-04 16:07:22,617 - INFO - Current position: (-0.010, 0.052, 0.016, 90.1째)
2025-09-04 16:07:22,617 - INFO - Using absolute coordinate system, ignoring takeoff position offset
2025-09-04 16:07:23,618 - INFO - Pre-flight stabilization to first waypoint: (0.000, 0.000, 0.500)
2025-09-04 16:07:23,768 - INFO - Waypoint1: absolute coordinates(0.000, 0.000, 0.500, yaw=90.0째)
2025-09-04 16:07:23,768 - INFO - Flying to coordinate: (0.000, 0.000, 0.500)
2025-09-04 16:07:24,778 - INFO - Approaching target (error=0.149m), entering stabilization phase
2025-09-04 16:07:25,268 - INFO - Reached waypoint (error=0.012m, stable_count=30)
2025-09-04 16:07:25,868 - INFO - Waypoint2: absolute coordinates(0.000, 0.000, 1.000, yaw=90.0째)
2025-09-04 16:07:25,868 - INFO - Flying to coordinate: (0.000, 0.000, 1.000)
2025-09-04 16:07:26,428 - INFO - Approaching target (error=0.133m), entering stabilization phase
2025-09-04 16:07:31,568 - INFO - Reached waypoint (error=0.068m, stable_count=30)
2025-09-04 16:07:32,170 - INFO - Waypoint3: absolute coordinates(0.000, 0.000, 0.500, yaw=90.0째)
2025-09-04 16:07:32,170 - INFO - Flying to coordinate: (0.000, 0.000, 0.500)
2025-09-04 16:07:33,020 - INFO - Approaching target (error=0.150m), entering stabilization phase
2025-09-04 16:07:33,560 - INFO - Reached waypoint (error=0.062m, stable_count=30)
2025-09-04 16:07:34,160 - INFO - Returning to origin and landing...
2025-09-04 16:07:34,160 - INFO - Flying to coordinate: (0.000, 0.000, 0.200)
2025-09-04 16:07:34,620 - INFO - Approaching target (error=0.144m), entering stabilization phase
2025-09-04 16:07:35,210 - INFO - Reached waypoint (error=0.028m, stable_count=30)
2025-09-04 16:07:35,211 - INFO - Landing...
2025-09-04 16:07:35,211 - INFO - Landing complete
2025-09-04 16:07:35,218 - INFO - Have successfully stopped logging for id=6
2025-09-04 16:07:35,313 - INFO - Position manager stopped
2025-09-04 16:07:35,315 - INFO - Flight mission complete
2025-09-04 16:07:35,315 - INFO - Stopping data collector...
2025-09-04 16:07:35,318 - INFO - Collection complete - stats: {'created': 1480, 'complete': 1480, 'merged': 0, 'dropped': 0}
2025-09-04 16:07:35,325 - INFO - Have successfully stopped logging for id=4
2025-09-04 16:07:35,328 - INFO - Have successfully stopped logging for id=5
2025-09-04 16:07:35,373 - INFO - Data saved: training_data/vertical_large_20250904_160735.json
2025-09-04 16:07:35,373 - INFO - States: 1480, Commands: 1010, Duration: 14.8s
2025-09-04 16:07:35,374 - INFO - Successfully saved 1480 state data points
2025-09-04 16:07:35,374 - INFO - Successfully saved 1010 control commands
2025-09-04 16:07:35,374 - INFO - Closing link
2025-09-04 16:07:35,374 - INFO - Callback->Disconnected from [radio://0/80/2M/E7E7E7E7E6]
