2025-09-05 16:34:33,952 - INFO - === Fixed continuous data collector ===
2025-09-05 16:34:33,952 - INFO - Mission: triangle_med
2025-09-05 16:34:33,952 - INFO - Waypoints (absolute coordinates): [(0, 0, 0.6), (0.5, 0, 0.6), (0.25, 0.5, 0.6), (0, 0, 0.6)]
2025-09-05 16:34:33,952 - INFO - Callback->Connection initialized[radio://0/80/2M/E7E7E7E7E6]
2025-09-05 16:34:34,203 - INFO - We are connected[radio://0/80/2M/E7E7E7E7E6], request connection setup
2025-09-05 16:34:34,204 - INFO - Request _request_protocol_version()
2025-09-05 16:34:34,206 - INFO - Callback->Connected to [radio://0/80/2M/E7E7E7E7E6]
2025-09-05 16:34:34,211 - INFO - _crt_service_callback
2025-09-05 16:34:34,211 - INFO - Request protocol version
2025-09-05 16:34:34,214 - INFO - _platform_callback
2025-09-05 16:34:34,214 - INFO - Protocol version (platform): 9
2025-09-05 16:34:34,225 - INFO - TOC for port [5] found in cache
2025-09-05 16:34:34,225 - INFO - Log TOC finished updating
2025-09-05 16:34:34,228 - INFO - 6 memories found
2025-09-05 16:34:34,306 - INFO - Memories finished updating
2025-09-05 16:34:34,311 - INFO - TOC for port [2] found in cache
2025-09-05 16:34:34,754 - INFO - Param TOC finished updating
2025-09-05 16:34:34,754 - INFO - Callback->Connection setup finished [radio://0/80/2M/E7E7E7E7E6]
2025-09-05 16:34:34,755 - INFO - Connected: radio://0/80/2M/E7E7E7E7E6
2025-09-05 16:34:34,762 - INFO - Have successfully started logging for id=1
2025-09-05 16:34:34,863 - INFO - Battery: 3.86V (safe)
2025-09-05 16:34:34,864 - INFO - Battery check passed: 3.86V
2025-09-05 16:34:34,864 - INFO - Initializing position estimator to origin...
2025-09-05 16:34:34,867 - INFO - Have successfully stopped logging for id=1
2025-09-05 16:34:34,869 - INFO - Have successfully deleted id=1
2025-09-05 16:34:35,952 - INFO - All parameters updated
2025-09-05 16:34:35,952 - INFO - Callback->Connection completed [radio://0/80/2M/E7E7E7E7E6]
2025-09-05 16:34:36,062 - INFO - Have successfully started logging for id=2
2025-09-05 16:34:42,559 - INFO - Waiting for position estimator...
2025-09-05 16:34:42,564 - INFO - Have successfully stopped logging for id=2
2025-09-05 16:34:42,565 - INFO - Have successfully deleted id=2
2025-09-05 16:34:42,572 - INFO - Have successfully started logging for id=3
2025-09-05 16:34:43,569 - INFO - Position estimator ready
2025-09-05 16:34:43,570 - INFO - Controller parameters optimized
2025-09-05 16:34:43,573 - INFO - Have successfully stopped logging for id=3
2025-09-05 16:34:43,575 - INFO - Have successfully deleted id=3
2025-09-05 16:34:50,104 - INFO - Start collection (slot:10ms)
2025-09-05 16:34:50,105 - INFO - Data collector started
2025-09-05 16:34:50,106 - INFO - Position manager started
2025-09-05 16:34:50,112 - INFO - Have successfully started logging for id=4
2025-09-05 16:34:50,113 - INFO - Have successfully started logging for id=5
2025-09-05 16:34:50,114 - INFO - Have successfully started logging for id=6
2025-09-05 16:34:50,206 - INFO - Position manager data flow is normal
2025-09-05 16:34:52,206 - INFO - Current position: (-0.007, 0.013, 0.010, 89.7°)
2025-09-05 16:34:52,207 - INFO - Using absolute coordinate system, ignoring takeoff position offset
2025-09-05 16:34:53,207 - INFO - Pre-flight stabilization to first waypoint: (0.000, 0.000, 0.600)
2025-09-05 16:34:53,358 - INFO - Waypoint1: absolute coordinates(0.000, 0.000, 0.600, yaw=90.0°)
2025-09-05 16:34:53,358 - INFO - Flying to coordinate: (0.000, 0.000, 0.600)
2025-09-05 16:34:54,418 - INFO - Approaching target (error=0.141m), entering stabilization phase
2025-09-05 16:34:54,908 - INFO - Reached waypoint (error=0.022m, stable_count=30)
2025-09-05 16:34:55,518 - INFO - Waypoint2: absolute coordinates(0.500, 0.000, 0.600, yaw=90.0°)
2025-09-05 16:34:55,518 - INFO - Flying to coordinate: (0.500, 0.000, 0.600)
2025-09-05 16:34:56,268 - INFO - Approaching target (error=0.133m), entering stabilization phase
2025-09-05 16:34:57,094 - WARNING - Control timing drift detected - resyncing
2025-09-05 16:34:57,135 - WARNING - Control timing drift detected - resyncing
2025-09-05 16:34:58,907 - INFO - Reached waypoint (error=0.072m, stable_count=30)
2025-09-05 16:34:59,507 - INFO - Waypoint3: absolute coordinates(0.250, 0.500, 0.600, yaw=90.0°)
2025-09-05 16:34:59,507 - INFO - Flying to coordinate: (0.250, 0.500, 0.600)
2025-09-05 16:35:00,267 - INFO - Approaching target (error=0.113m), entering stabilization phase
2025-09-05 16:35:00,597 - INFO - Reached waypoint (error=0.068m, stable_count=30)
2025-09-05 16:35:01,197 - INFO - Waypoint4: absolute coordinates(0.000, 0.000, 0.600, yaw=90.0°)
2025-09-05 16:35:01,197 - INFO - Flying to coordinate: (0.000, 0.000, 0.600)
2025-09-05 16:35:02,168 - INFO - Approaching target (error=0.142m), entering stabilization phase
2025-09-05 16:35:03,698 - INFO - Reached waypoint (error=0.030m, stable_count=30)
2025-09-05 16:35:04,298 - INFO - Returning to origin and landing...
2025-09-05 16:35:04,298 - INFO - Flying to coordinate: (0.000, 0.000, 0.200)
2025-09-05 16:35:05,008 - INFO - Approaching target (error=0.142m), entering stabilization phase
2025-09-05 16:35:05,598 - INFO - Reached waypoint (error=0.051m, stable_count=30)
2025-09-05 16:35:05,598 - INFO - Landing...
2025-09-05 16:35:05,599 - INFO - Landing complete
2025-09-05 16:35:05,606 - INFO - Have successfully stopped logging for id=6
2025-09-05 16:35:05,703 - INFO - Position manager stopped
2025-09-05 16:35:05,705 - INFO - Flight mission complete
2025-09-05 16:35:05,705 - INFO - Stopping data collector...
2025-09-05 16:35:05,706 - INFO - Collection complete - stats: {'created': 1560, 'complete': 1560, 'merged': 0, 'dropped': 0}
2025-09-05 16:35:05,716 - INFO - Have successfully stopped logging for id=4
2025-09-05 16:35:05,719 - INFO - Have successfully stopped logging for id=5
2025-09-05 16:35:05,761 - INFO - Data saved: training_data/triangle_med_20250905_163505.json
2025-09-05 16:35:05,761 - INFO - States: 1560, Commands: 1033, Duration: 15.6s
2025-09-05 16:35:05,761 - INFO - Successfully saved 1560 state data points
2025-09-05 16:35:05,761 - INFO - Successfully saved 1033 control commands
2025-09-05 16:35:05,761 - INFO - Closing link
2025-09-05 16:35:05,762 - INFO - Callback->Disconnected from [radio://0/80/2M/E7E7E7E7E6]
