2025-09-04 15:44:56,596 - INFO - === Fixed continuous data collector ===
2025-09-04 15:44:56,596 - INFO - Mission: vertical_large
2025-09-04 15:44:56,596 - INFO - Waypoints (absolute coordinates): [(0, 0, 0.5), (0, 0, 1.0), (0, 0, 0.5)]
2025-09-04 15:44:56,596 - INFO - Callback->Connection initialized[radio://0/80/2M/E7E7E7E7E6]
2025-09-04 15:44:56,848 - INFO - We are connected[radio://0/80/2M/E7E7E7E7E6], request connection setup
2025-09-04 15:44:56,848 - INFO - Request _request_protocol_version()
2025-09-04 15:44:56,855 - INFO - Callback->Connected to [radio://0/80/2M/E7E7E7E7E6]
2025-09-04 15:44:56,858 - INFO - _crt_service_callback
2025-09-04 15:44:56,858 - INFO - Request protocol version
2025-09-04 15:44:56,865 - INFO - _platform_callback
2025-09-04 15:44:56,865 - INFO - Protocol version (platform): 9
2025-09-04 15:44:56,884 - INFO - TOC for port [5] found in cache
2025-09-04 15:44:56,884 - INFO - Log TOC finished updating
2025-09-04 15:44:56,887 - INFO - 6 memories found
2025-09-04 15:44:56,973 - INFO - Memories finished updating
2025-09-04 15:44:56,979 - INFO - TOC for port [2] found in cache
2025-09-04 15:44:57,551 - INFO - Param TOC finished updating
2025-09-04 15:44:57,552 - INFO - Callback->Connection setup finished [radio://0/80/2M/E7E7E7E7E6]
2025-09-04 15:44:57,553 - INFO - Connected: radio://0/80/2M/E7E7E7E7E6
2025-09-04 15:44:57,562 - INFO - Have successfully started logging for id=1
2025-09-04 15:44:57,662 - INFO - Battery: 3.93V (safe)
2025-09-04 15:44:57,662 - INFO - Battery check passed: 3.93V
2025-09-04 15:44:57,663 - INFO - Initializing position estimator to origin...
2025-09-04 15:44:57,665 - INFO - Have successfully stopped logging for id=1
2025-09-04 15:44:57,666 - INFO - Have successfully deleted id=1
2025-09-04 15:44:58,971 - INFO - All parameters updated
2025-09-04 15:44:58,971 - INFO - Callback->Connection completed [radio://0/80/2M/E7E7E7E7E6]
2025-09-04 15:44:59,083 - INFO - Have successfully started logging for id=2
2025-09-04 15:45:05,579 - INFO - Waiting for position estimator...
2025-09-04 15:45:05,581 - INFO - Have successfully stopped logging for id=2
2025-09-04 15:45:05,582 - INFO - Have successfully deleted id=2
2025-09-04 15:45:05,589 - INFO - Have successfully started logging for id=3
2025-09-04 15:45:06,586 - INFO - Position estimator ready
2025-09-04 15:45:06,587 - INFO - Controller parameters optimized
2025-09-04 15:45:06,591 - INFO - Have successfully stopped logging for id=3
2025-09-04 15:45:06,592 - INFO - Have successfully deleted id=3
2025-09-04 15:45:10,067 - INFO - Start collection (slot:10ms)
2025-09-04 15:45:10,069 - INFO - Data collector started
2025-09-04 15:45:10,070 - INFO - Position manager started
2025-09-04 15:45:10,077 - INFO - Have successfully started logging for id=4
2025-09-04 15:45:10,081 - INFO - Have successfully started logging for id=5
2025-09-04 15:45:10,082 - INFO - Have successfully started logging for id=6
2025-09-04 15:45:10,170 - INFO - Position manager data flow is normal
2025-09-04 15:45:12,171 - INFO - Current position: (0.029, 0.044, 0.015, 89.7째)
2025-09-04 15:45:12,171 - INFO - Using absolute coordinate system, ignoring takeoff position offset
2025-09-04 15:45:13,171 - INFO - Pre-flight stabilization to first waypoint: (0.000, 0.000, 0.500)
2025-09-04 15:45:13,321 - INFO - Waypoint1: absolute coordinates(0.000, 0.000, 0.500, yaw=90.0째)
2025-09-04 15:45:13,321 - INFO - Flying to coordinate: (0.000, 0.000, 0.500)
2025-09-04 15:45:14,331 - INFO - Approaching target (error=0.147m), entering stabilization phase
2025-09-04 15:45:14,871 - INFO - Reached waypoint (error=0.015m, stable_count=30)
2025-09-04 15:45:15,472 - INFO - Waypoint2: absolute coordinates(0.000, 0.000, 1.000, yaw=90.0째)
2025-09-04 15:45:15,472 - INFO - Flying to coordinate: (0.000, 0.000, 1.000)
2025-09-04 15:45:16,082 - INFO - Approaching target (error=0.137m), entering stabilization phase
2025-09-04 15:45:16,522 - INFO - Reached waypoint (error=0.061m, stable_count=30)
2025-09-04 15:45:17,122 - INFO - Waypoint3: absolute coordinates(0.000, 0.000, 0.500, yaw=90.0째)
2025-09-04 15:45:17,122 - INFO - Flying to coordinate: (0.000, 0.000, 0.500)
2025-09-04 15:45:18,182 - INFO - Approaching target (error=0.140m), entering stabilization phase
2025-09-04 15:45:18,872 - INFO - Reached waypoint (error=0.068m, stable_count=30)
2025-09-04 15:45:19,473 - INFO - Returning to origin and landing...
2025-09-04 15:45:19,473 - INFO - Flying to coordinate: (0.000, 0.000, 0.200)
2025-09-04 15:45:20,223 - INFO - Approaching target (error=0.145m), entering stabilization phase
2025-09-04 15:45:20,963 - INFO - Reached waypoint (error=0.047m, stable_count=30)
2025-09-04 15:45:20,963 - INFO - Landing...
2025-09-04 15:45:20,964 - INFO - Landing complete
2025-09-04 15:45:20,972 - INFO - Have successfully stopped logging for id=6
2025-09-04 15:45:21,065 - INFO - Position manager stopped
2025-09-04 15:45:21,067 - INFO - Flight mission complete
2025-09-04 15:45:21,067 - INFO - Stopping data collector...
2025-09-04 15:45:21,069 - INFO - Collection complete - stats: {'created': 1100, 'complete': 1099, 'merged': 0, 'dropped': 0}
2025-09-04 15:45:21,077 - INFO - Have successfully stopped logging for id=4
2025-09-04 15:45:21,079 - INFO - Have successfully stopped logging for id=5
2025-09-04 15:45:21,109 - INFO - Data saved: training_data/vertical_large_20250904_154521.json
2025-09-04 15:45:21,110 - INFO - States: 1099, Commands: 629, Duration: 11.0s
2025-09-04 15:45:21,110 - INFO - Successfully saved 1099 state data points
2025-09-04 15:45:21,110 - INFO - Successfully saved 629 control commands
2025-09-04 15:45:21,110 - INFO - Closing link
2025-09-04 15:45:21,110 - INFO - Callback->Disconnected from [radio://0/80/2M/E7E7E7E7E6]
