2025-09-05 17:06:38,569 - INFO - === Fixed continuous data collector ===
2025-09-05 17:06:38,569 - INFO - Mission: triangle_large
2025-09-05 17:06:38,570 - INFO - Waypoints (absolute coordinates): [(0, 0, 0.6), (0.8, 0, 0.6), (0.4, 0.6, 0.6), (0, 0, 0.6)]
2025-09-05 17:06:38,570 - INFO - Callback->Connection initialized[radio://0/80/2M/E7E7E7E7E6]
2025-09-05 17:06:38,819 - INFO - We are connected[radio://0/80/2M/E7E7E7E7E6], request connection setup
2025-09-05 17:06:38,819 - INFO - Request _request_protocol_version()
2025-09-05 17:06:38,822 - INFO - Callback->Connected to [radio://0/80/2M/E7E7E7E7E6]
2025-09-05 17:06:38,826 - INFO - _crt_service_callback
2025-09-05 17:06:38,826 - INFO - Request protocol version
2025-09-05 17:06:38,829 - INFO - _platform_callback
2025-09-05 17:06:38,829 - INFO - Protocol version (platform): 9
2025-09-05 17:06:38,840 - INFO - TOC for port [5] found in cache
2025-09-05 17:06:38,840 - INFO - Log TOC finished updating
2025-09-05 17:06:38,843 - INFO - 6 memories found
2025-09-05 17:06:38,918 - INFO - Memories finished updating
2025-09-05 17:06:38,923 - INFO - TOC for port [2] found in cache
2025-09-05 17:06:39,385 - INFO - Param TOC finished updating
2025-09-05 17:06:39,385 - INFO - Callback->Connection setup finished [radio://0/80/2M/E7E7E7E7E6]
2025-09-05 17:06:39,386 - INFO - Connected: radio://0/80/2M/E7E7E7E7E6
2025-09-05 17:06:39,395 - INFO - Have successfully started logging for id=1
2025-09-05 17:06:39,494 - INFO - Battery: 3.93V (safe)
2025-09-05 17:06:39,495 - INFO - Battery check passed: 3.93V
2025-09-05 17:06:39,495 - INFO - Initializing position estimator to origin...
2025-09-05 17:06:39,498 - INFO - Have successfully stopped logging for id=1
2025-09-05 17:06:39,499 - INFO - Have successfully deleted id=1
2025-09-05 17:06:40,555 - INFO - All parameters updated
2025-09-05 17:06:40,555 - INFO - Callback->Connection completed [radio://0/80/2M/E7E7E7E7E6]
2025-09-05 17:06:40,664 - INFO - Have successfully started logging for id=2
2025-09-05 17:06:47,161 - INFO - Waiting for position estimator...
2025-09-05 17:06:47,165 - INFO - Have successfully stopped logging for id=2
2025-09-05 17:06:47,166 - INFO - Have successfully deleted id=2
2025-09-05 17:06:47,173 - INFO - Have successfully started logging for id=3
2025-09-05 17:06:48,170 - INFO - Position estimator ready
2025-09-05 17:06:48,171 - INFO - Controller parameters optimized
2025-09-05 17:06:48,174 - INFO - Have successfully stopped logging for id=3
2025-09-05 17:06:48,175 - INFO - Have successfully deleted id=3
2025-09-05 17:06:53,803 - INFO - Start collection (slot:10ms)
2025-09-05 17:06:53,804 - INFO - Data collector started
2025-09-05 17:06:53,805 - INFO - Position manager started
2025-09-05 17:06:53,812 - INFO - Have successfully started logging for id=4
2025-09-05 17:06:53,813 - INFO - Have successfully started logging for id=5
2025-09-05 17:06:53,814 - INFO - Have successfully started logging for id=6
2025-09-05 17:06:53,905 - INFO - Position manager data flow is normal
2025-09-05 17:06:55,905 - INFO - Current position: (-0.016, 0.016, 0.004, 89.6°)
2025-09-05 17:06:55,906 - INFO - Using absolute coordinate system, ignoring takeoff position offset
2025-09-05 17:06:56,906 - INFO - Pre-flight stabilization to first waypoint: (0.000, 0.000, 0.600)
2025-09-05 17:06:57,056 - INFO - Waypoint1: absolute coordinates(0.000, 0.000, 0.600, yaw=90.0°)
2025-09-05 17:06:57,056 - INFO - Flying to coordinate: (0.000, 0.000, 0.600)
2025-09-05 17:06:58,116 - INFO - Approaching target (error=0.131m), entering stabilization phase
2025-09-05 17:06:58,606 - INFO - Reached waypoint (error=0.025m, stable_count=30)
2025-09-05 17:06:59,206 - INFO - Waypoint2: absolute coordinates(0.800, 0.000, 0.600, yaw=90.0°)
2025-09-05 17:06:59,206 - INFO - Flying to coordinate: (0.800, 0.000, 0.600)
2025-09-05 17:07:00,266 - INFO - Approaching target (error=0.141m), entering stabilization phase
2025-09-05 17:07:02,157 - INFO - Reached waypoint (error=0.045m, stable_count=30)
2025-09-05 17:07:02,757 - INFO - Waypoint3: absolute coordinates(0.400, 0.600, 0.600, yaw=90.0°)
2025-09-05 17:07:02,757 - INFO - Flying to coordinate: (0.400, 0.600, 0.600)
2025-09-05 17:07:03,517 - INFO - Approaching target (error=0.130m), entering stabilization phase
2025-09-05 17:07:05,247 - INFO - Reached waypoint (error=0.045m, stable_count=30)
2025-09-05 17:07:05,847 - INFO - Waypoint4: absolute coordinates(0.000, 0.000, 0.600, yaw=90.0°)
2025-09-05 17:07:05,847 - INFO - Flying to coordinate: (0.000, 0.000, 0.600)
2025-09-05 17:07:07,758 - INFO - Approaching target (error=0.145m), entering stabilization phase
2025-09-05 17:07:08,298 - INFO - Reached waypoint (error=0.034m, stable_count=30)
2025-09-05 17:07:08,898 - INFO - Returning to origin and landing...
2025-09-05 17:07:08,898 - INFO - Flying to coordinate: (0.000, 0.000, 0.200)
2025-09-05 17:07:09,608 - INFO - Approaching target (error=0.141m), entering stabilization phase
2025-09-05 17:07:10,248 - INFO - Reached waypoint (error=0.061m, stable_count=30)
2025-09-05 17:07:10,248 - INFO - Landing...
2025-09-05 17:07:10,248 - INFO - Landing complete
2025-09-05 17:07:10,254 - INFO - Have successfully stopped logging for id=6
2025-09-05 17:07:10,350 - INFO - Position manager stopped
2025-09-05 17:07:10,352 - INFO - Flight mission complete
2025-09-05 17:07:10,352 - INFO - Stopping data collector...
2025-09-05 17:07:10,354 - INFO - Collection complete - stats: {'created': 1655, 'complete': 1655, 'merged': 0, 'dropped': 0}
2025-09-05 17:07:10,363 - INFO - Have successfully stopped logging for id=4
2025-09-05 17:07:10,366 - INFO - Have successfully stopped logging for id=5
2025-09-05 17:07:10,414 - INFO - Data saved: training_data/triangle_large_20250905_170710.json
2025-09-05 17:07:10,414 - INFO - States: 1655, Commands: 1134, Duration: 16.5s
2025-09-05 17:07:10,414 - INFO - Successfully saved 1655 state data points
2025-09-05 17:07:10,414 - INFO - Successfully saved 1134 control commands
2025-09-05 17:07:10,414 - INFO - Closing link
2025-09-05 17:07:10,415 - INFO - Callback->Disconnected from [radio://0/80/2M/E7E7E7E7E6]
