2025-09-05 17:10:16,000 - INFO - === Fixed continuous data collector ===
2025-09-05 17:10:16,001 - INFO - Mission: triangle_large
2025-09-05 17:10:16,001 - INFO - Waypoints (absolute coordinates): [(0, 0, 0.6), (0.8, 0, 0.6), (0.4, 0.6, 0.6), (0, 0, 0.6)]
2025-09-05 17:10:16,001 - INFO - Callback->Connection initialized[radio://0/80/2M/E7E7E7E7E6]
2025-09-05 17:10:16,251 - INFO - We are connected[radio://0/80/2M/E7E7E7E7E6], request connection setup
2025-09-05 17:10:16,252 - INFO - Request _request_protocol_version()
2025-09-05 17:10:16,255 - INFO - Callback->Connected to [radio://0/80/2M/E7E7E7E7E6]
2025-09-05 17:10:16,259 - INFO - _crt_service_callback
2025-09-05 17:10:16,259 - INFO - Request protocol version
2025-09-05 17:10:16,263 - INFO - _platform_callback
2025-09-05 17:10:16,264 - INFO - Protocol version (platform): 9
2025-09-05 17:10:16,283 - INFO - TOC for port [5] found in cache
2025-09-05 17:10:16,284 - INFO - Log TOC finished updating
2025-09-05 17:10:16,288 - INFO - 6 memories found
2025-09-05 17:10:16,372 - INFO - Memories finished updating
2025-09-05 17:10:16,385 - INFO - TOC for port [2] found in cache
2025-09-05 17:10:16,845 - INFO - Param TOC finished updating
2025-09-05 17:10:16,845 - INFO - Callback->Connection setup finished [radio://0/80/2M/E7E7E7E7E6]
2025-09-05 17:10:16,846 - INFO - Connected: radio://0/80/2M/E7E7E7E7E6
2025-09-05 17:10:16,855 - INFO - Have successfully started logging for id=1
2025-09-05 17:10:16,954 - INFO - Battery: 3.80V (low)
2025-09-05 17:10:16,955 - ERROR - Battery voltage too low: 3.80V < 3.8V
2025-09-05 17:10:16,955 - INFO - Closing link
2025-09-05 17:10:16,958 - INFO - Have successfully stopped logging for id=1
2025-09-05 17:10:16,958 - INFO - Callback->Disconnected from [radio://0/80/2M/E7E7E7E7E6]
