2025-09-04 14:19:47,844 - INFO - === Fixed continuous data collector ===
2025-09-04 14:19:47,844 - INFO - Mission: vertical_med
2025-09-04 14:19:47,844 - INFO - Waypoints (absolute coordinates): [(0, 0, 0.4), (0, 0, 0.8), (0, 0, 0.4)]
2025-09-04 14:19:47,845 - INFO - Callback->Connection initialized[radio://0/80/2M/E7E7E7E7E6]
2025-09-04 14:19:48,095 - INFO - We are connected[radio://0/80/2M/E7E7E7E7E6], request connection setup
2025-09-04 14:19:48,095 - INFO - Request _request_protocol_version()
2025-09-04 14:19:48,097 - INFO - Callback->Connected to [radio://0/80/2M/E7E7E7E7E6]
2025-09-04 14:19:48,101 - INFO - _crt_service_callback
2025-09-04 14:19:48,101 - INFO - Request protocol version
2025-09-04 14:19:48,104 - INFO - _platform_callback
2025-09-04 14:19:48,104 - INFO - Protocol version (platform): 9
2025-09-04 14:19:48,115 - INFO - TOC for port [5] found in cache
2025-09-04 14:19:48,116 - INFO - Log TOC finished updating
2025-09-04 14:19:48,119 - INFO - 6 memories found
2025-09-04 14:19:48,202 - INFO - Memories finished updating
2025-09-04 14:19:48,209 - INFO - TOC for port [2] found in cache
2025-09-04 14:19:48,693 - INFO - Param TOC finished updating
2025-09-04 14:19:48,693 - INFO - Callback->Connection setup finished [radio://0/80/2M/E7E7E7E7E6]
2025-09-04 14:19:48,694 - INFO - Connected: radio://0/80/2M/E7E7E7E7E6
2025-09-04 14:19:48,705 - INFO - Have successfully started logging for id=1
2025-09-04 14:19:48,807 - INFO - Battery: 4.03V (safe)
2025-09-04 14:19:48,809 - INFO - Battery check passed: 4.03V
2025-09-04 14:19:48,809 - INFO - Initializing position estimator to origin...
2025-09-04 14:19:48,811 - INFO - Have successfully stopped logging for id=1
2025-09-04 14:19:48,812 - INFO - Have successfully deleted id=1
2025-09-04 14:19:50,157 - INFO - All parameters updated
2025-09-04 14:19:50,158 - INFO - Callback->Connection completed [radio://0/80/2M/E7E7E7E7E6]
2025-09-04 14:19:50,266 - INFO - Have successfully started logging for id=2
2025-09-04 14:19:56,762 - INFO - Waiting for position estimator...
2025-09-04 14:19:56,765 - INFO - Have successfully stopped logging for id=2
2025-09-04 14:19:56,766 - INFO - Have successfully deleted id=2
2025-09-04 14:19:56,776 - INFO - Have successfully started logging for id=3
2025-09-04 14:19:57,772 - INFO - Position estimator ready
2025-09-04 14:19:57,773 - INFO - Controller parameters optimized
2025-09-04 14:19:57,777 - INFO - Have successfully stopped logging for id=3
2025-09-04 14:19:57,779 - INFO - Have successfully deleted id=3
2025-09-04 14:20:11,854 - INFO - Start collection (slot:10ms)
2025-09-04 14:20:11,859 - INFO - Data collector started
2025-09-04 14:20:11,860 - INFO - Position manager started
2025-09-04 14:20:11,875 - INFO - Have successfully started logging for id=4
2025-09-04 14:20:11,878 - INFO - Have successfully started logging for id=5
2025-09-04 14:20:11,880 - INFO - Have successfully started logging for id=6
2025-09-04 14:20:11,960 - INFO - Position manager data flow is normal
2025-09-04 14:20:13,961 - INFO - Current position: (0.030, 0.040, -0.012, 89.8째)
2025-09-04 14:20:13,961 - INFO - Using absolute coordinate system, ignoring takeoff position offset
2025-09-04 14:20:14,961 - INFO - Pre-flight stabilization to first waypoint: (0.000, 0.000, 0.400)
2025-09-04 14:20:15,116 - INFO - Waypoint1: absolute coordinates(0.000, 0.000, 0.400, yaw=90.0째)
2025-09-04 14:20:15,117 - INFO - Flying to coordinate: (0.000, 0.000, 0.400)
2025-09-04 14:20:16,127 - INFO - Approaching target (error=0.147m), entering stabilization phase
2025-09-04 14:20:16,667 - INFO - Reached waypoint (error=0.040m, stable_count=30)
2025-09-04 14:20:17,267 - INFO - Waypoint2: absolute coordinates(0.000, 0.000, 0.800, yaw=90.0째)
2025-09-04 14:20:17,267 - INFO - Flying to coordinate: (0.000, 0.000, 0.800)
2025-09-04 14:20:17,777 - INFO - Approaching target (error=0.147m), entering stabilization phase
2025-09-04 14:20:22,507 - INFO - Reached waypoint (error=0.055m, stable_count=30)
2025-09-04 14:20:23,108 - INFO - Waypoint3: absolute coordinates(0.000, 0.000, 0.400, yaw=90.0째)
2025-09-04 14:20:23,108 - INFO - Flying to coordinate: (0.000, 0.000, 0.400)
2025-09-04 14:20:23,818 - INFO - Approaching target (error=0.147m), entering stabilization phase
2025-09-04 14:20:24,458 - INFO - Reached waypoint (error=0.019m, stable_count=30)
2025-09-04 14:20:25,058 - INFO - Returning to origin and landing...
2025-09-04 14:20:25,058 - INFO - Flying to coordinate: (0.000, 0.000, 0.200)
2025-09-04 14:20:25,428 - INFO - Approaching target (error=0.143m), entering stabilization phase
2025-09-04 14:20:25,908 - INFO - Reached waypoint (error=0.054m, stable_count=30)
2025-09-04 14:20:25,908 - INFO - Landing...
2025-09-04 14:20:25,910 - INFO - Landing complete
2025-09-04 14:20:25,918 - INFO - Have successfully stopped logging for id=6
2025-09-04 14:20:26,011 - INFO - Position manager stopped
2025-09-04 14:20:26,013 - INFO - Flight mission complete
2025-09-04 14:20:26,014 - INFO - Stopping data collector...
2025-09-04 14:20:26,015 - INFO - Collection complete - stats: {'created': 1415, 'complete': 1415, 'merged': 0, 'dropped': 0}
2025-09-04 14:20:26,022 - INFO - Have successfully stopped logging for id=4
2025-09-04 14:20:26,025 - INFO - Have successfully stopped logging for id=5
2025-09-04 14:20:26,064 - INFO - Data saved: training_data/vertical_med_20250904_142026.json
2025-09-04 14:20:26,064 - INFO - States: 1415, Commands: 945, Duration: 14.2s
2025-09-04 14:20:26,064 - INFO - Successfully saved 1415 state data points
2025-09-04 14:20:26,064 - INFO - Successfully saved 945 control commands
2025-09-04 14:20:26,064 - INFO - Closing link
2025-09-04 14:20:26,065 - INFO - Callback->Disconnected from [radio://0/80/2M/E7E7E7E7E6]
