2025-09-05 13:57:27,948 - INFO - === Fixed continuous data collector ===
2025-09-05 13:57:27,948 - INFO - Mission: square_med
2025-09-05 13:57:27,948 - INFO - Waypoints (absolute coordinates): [(0, 0, 0.4), (0.5, 0, 0.4), (0.5, 0.5, 0.4), (0, 0.5, 0.4), (0, 0, 0.4)]
2025-09-05 13:57:27,949 - INFO - Callback->Connection initialized[radio://0/80/2M/E7E7E7E7E6]
2025-09-05 13:57:28,199 - INFO - We are connected[radio://0/80/2M/E7E7E7E7E6], request connection setup
2025-09-05 13:57:28,200 - INFO - Request _request_protocol_version()
2025-09-05 13:57:28,204 - INFO - Callback->Connected to [radio://0/80/2M/E7E7E7E7E6]
2025-09-05 13:57:28,208 - INFO - _crt_service_callback
2025-09-05 13:57:28,208 - INFO - Request protocol version
2025-09-05 13:57:28,211 - INFO - _platform_callback
2025-09-05 13:57:28,211 - INFO - Protocol version (platform): 9
2025-09-05 13:57:28,225 - INFO - TOC for port [5] found in cache
2025-09-05 13:57:28,225 - INFO - Log TOC finished updating
2025-09-05 13:57:28,228 - INFO - 6 memories found
2025-09-05 13:57:28,304 - INFO - Memories finished updating
2025-09-05 13:57:28,311 - INFO - TOC for port [2] found in cache
2025-09-05 13:57:28,867 - INFO - Param TOC finished updating
2025-09-05 13:57:28,868 - INFO - Callback->Connection setup finished [radio://0/80/2M/E7E7E7E7E6]
2025-09-05 13:57:28,869 - INFO - Connected: radio://0/80/2M/E7E7E7E7E6
2025-09-05 13:57:28,879 - INFO - Have successfully started logging for id=1
2025-09-05 13:57:28,978 - INFO - Battery: 3.83V (safe)
2025-09-05 13:57:28,981 - INFO - Battery check passed: 3.83V
2025-09-05 13:57:28,981 - INFO - Initializing position estimator to origin...
2025-09-05 13:57:28,984 - INFO - Have successfully stopped logging for id=1
2025-09-05 13:57:28,985 - INFO - Have successfully deleted id=1
2025-09-05 13:57:30,131 - INFO - All parameters updated
2025-09-05 13:57:30,131 - INFO - Callback->Connection completed [radio://0/80/2M/E7E7E7E7E6]
2025-09-05 13:57:30,239 - INFO - Have successfully started logging for id=2
2025-09-05 13:57:36,734 - INFO - Waiting for position estimator...
2025-09-05 13:57:36,736 - INFO - Have successfully stopped logging for id=2
2025-09-05 13:57:36,737 - INFO - Have successfully deleted id=2
2025-09-05 13:57:36,744 - INFO - Have successfully started logging for id=3
2025-09-05 13:57:37,745 - INFO - Position estimator ready
2025-09-05 13:57:37,745 - INFO - Controller parameters optimized
2025-09-05 13:57:37,748 - INFO - Have successfully stopped logging for id=3
2025-09-05 13:57:37,749 - INFO - Have successfully deleted id=3
2025-09-05 13:57:40,070 - INFO - Start collection (slot:10ms)
2025-09-05 13:57:40,070 - INFO - Data collector started
2025-09-05 13:57:40,071 - INFO - Position manager started
2025-09-05 13:57:40,077 - INFO - Have successfully started logging for id=4
2025-09-05 13:57:40,078 - INFO - Have successfully started logging for id=5
2025-09-05 13:57:40,079 - INFO - Have successfully started logging for id=6
2025-09-05 13:57:40,171 - INFO - Position manager data flow is normal
2025-09-05 13:57:42,172 - INFO - Current position: (0.006, 0.046, -0.070, 90.1°)
2025-09-05 13:57:42,172 - INFO - Using absolute coordinate system, ignoring takeoff position offset
2025-09-05 13:57:43,172 - INFO - Pre-flight stabilization to first waypoint: (0.000, 0.000, 0.400)
2025-09-05 13:57:43,322 - INFO - Waypoint1: absolute coordinates(0.000, 0.000, 0.400, yaw=90.0°)
2025-09-05 13:57:43,322 - INFO - Flying to coordinate: (0.000, 0.000, 0.400)
2025-09-05 13:57:44,183 - INFO - Approaching target (error=0.142m), entering stabilization phase
2025-09-05 13:57:44,673 - INFO - Reached waypoint (error=0.049m, stable_count=30)
2025-09-05 13:57:45,275 - INFO - Waypoint2: absolute coordinates(0.500, 0.000, 0.400, yaw=90.0°)
2025-09-05 13:57:45,275 - INFO - Flying to coordinate: (0.500, 0.000, 0.400)
2025-09-05 13:57:46,475 - INFO - Approaching target (error=0.148m), entering stabilization phase
2025-09-05 13:57:48,615 - INFO - Reached waypoint (error=0.078m, stable_count=30)
2025-09-05 13:57:49,216 - INFO - Waypoint3: absolute coordinates(0.500, 0.500, 0.400, yaw=90.0°)
2025-09-05 13:57:49,216 - INFO - Flying to coordinate: (0.500, 0.500, 0.400)
2025-09-05 13:57:49,776 - INFO - Approaching target (error=0.144m), entering stabilization phase
2025-09-05 13:57:50,666 - INFO - Reached waypoint (error=0.045m, stable_count=30)
2025-09-05 13:57:51,266 - INFO - Waypoint4: absolute coordinates(0.000, 0.500, 0.400, yaw=90.0°)
2025-09-05 13:57:51,266 - INFO - Flying to coordinate: (0.000, 0.500, 0.400)
2025-09-05 13:57:51,926 - INFO - Approaching target (error=0.143m), entering stabilization phase
2025-09-05 13:57:52,366 - INFO - Reached waypoint (error=0.038m, stable_count=30)
2025-09-05 13:57:52,967 - INFO - Waypoint5: absolute coordinates(0.000, 0.000, 0.400, yaw=90.0°)
2025-09-05 13:57:52,967 - INFO - Flying to coordinate: (0.000, 0.000, 0.400)
2025-09-05 13:57:53,777 - INFO - Approaching target (error=0.134m), entering stabilization phase
2025-09-05 13:57:54,267 - INFO - Reached waypoint (error=0.040m, stable_count=30)
2025-09-05 13:57:54,867 - INFO - Returning to origin and landing...
2025-09-05 13:57:54,867 - INFO - Flying to coordinate: (0.000, 0.000, 0.200)
2025-09-05 13:57:55,277 - INFO - Approaching target (error=0.147m), entering stabilization phase
2025-09-05 13:57:56,367 - INFO - Reached waypoint (error=0.044m, stable_count=30)
2025-09-05 13:57:56,367 - INFO - Landing...
2025-09-05 13:57:56,367 - INFO - Landing complete
2025-09-05 13:57:56,371 - INFO - Have successfully stopped logging for id=6
2025-09-05 13:57:56,468 - INFO - Position manager stopped
2025-09-05 13:57:56,469 - INFO - Flight mission complete
2025-09-05 13:57:56,469 - INFO - Stopping data collector...
2025-09-05 13:57:56,471 - INFO - Collection complete - stats: {'created': 1640, 'complete': 1640, 'merged': 0, 'dropped': 0}
2025-09-05 13:57:56,477 - INFO - Have successfully stopped logging for id=4
2025-09-05 13:57:56,481 - INFO - Have successfully stopped logging for id=5
2025-09-05 13:57:56,527 - INFO - Data saved: training_data/square_med_20250905_135756.json
2025-09-05 13:57:56,527 - INFO - States: 1640, Commands: 1070, Duration: 16.4s
2025-09-05 13:57:56,528 - INFO - Successfully saved 1640 state data points
2025-09-05 13:57:56,528 - INFO - Successfully saved 1070 control commands
2025-09-05 13:57:56,528 - INFO - Closing link
2025-09-05 13:57:56,528 - INFO - Callback->Disconnected from [radio://0/80/2M/E7E7E7E7E6]
