2025-09-05 16:31:20,900 - INFO - === Fixed continuous data collector ===
2025-09-05 16:31:20,900 - INFO - Mission: triangle_med
2025-09-05 16:31:20,900 - INFO - Waypoints (absolute coordinates): [(0, 0, 0.6), (0.5, 0, 0.6), (0.25, 0.5, 0.6), (0, 0, 0.6)]
2025-09-05 16:31:20,901 - INFO - Callback->Connection initialized[radio://0/80/2M/E7E7E7E7E6]
2025-09-05 16:31:21,150 - INFO - We are connected[radio://0/80/2M/E7E7E7E7E6], request connection setup
2025-09-05 16:31:21,151 - INFO - Request _request_protocol_version()
2025-09-05 16:31:21,154 - INFO - Callback->Connected to [radio://0/80/2M/E7E7E7E7E6]
2025-09-05 16:31:21,158 - INFO - _crt_service_callback
2025-09-05 16:31:21,158 - INFO - Request protocol version
2025-09-05 16:31:21,162 - INFO - _platform_callback
2025-09-05 16:31:21,162 - INFO - Protocol version (platform): 9
2025-09-05 16:31:21,174 - INFO - TOC for port [5] found in cache
2025-09-05 16:31:21,174 - INFO - Log TOC finished updating
2025-09-05 16:31:21,176 - INFO - 6 memories found
2025-09-05 16:31:21,255 - INFO - Memories finished updating
2025-09-05 16:31:21,263 - INFO - TOC for port [2] found in cache
2025-09-05 16:31:21,765 - INFO - Param TOC finished updating
2025-09-05 16:31:21,765 - INFO - Callback->Connection setup finished [radio://0/80/2M/E7E7E7E7E6]
2025-09-05 16:31:21,766 - INFO - Connected: radio://0/80/2M/E7E7E7E7E6
2025-09-05 16:31:21,773 - INFO - Have successfully started logging for id=1
2025-09-05 16:31:21,874 - INFO - Battery: 4.03V (safe)
2025-09-05 16:31:21,875 - INFO - Battery check passed: 4.03V
2025-09-05 16:31:21,875 - INFO - Initializing position estimator to origin...
2025-09-05 16:31:21,879 - INFO - Have successfully stopped logging for id=1
2025-09-05 16:31:21,880 - INFO - Have successfully deleted id=1
2025-09-05 16:31:22,966 - INFO - All parameters updated
2025-09-05 16:31:22,966 - INFO - Callback->Connection completed [radio://0/80/2M/E7E7E7E7E6]
2025-09-05 16:31:23,076 - INFO - Have successfully started logging for id=2
2025-09-05 16:31:29,570 - INFO - Waiting for position estimator...
2025-09-05 16:31:29,573 - INFO - Have successfully stopped logging for id=2
2025-09-05 16:31:29,573 - INFO - Have successfully deleted id=2
2025-09-05 16:31:29,582 - INFO - Have successfully started logging for id=3
2025-09-05 16:31:30,580 - INFO - Position estimator ready
2025-09-05 16:31:30,582 - INFO - Controller parameters optimized
2025-09-05 16:31:30,586 - INFO - Have successfully stopped logging for id=3
2025-09-05 16:31:30,587 - INFO - Have successfully deleted id=3
2025-09-05 16:31:32,155 - INFO - Start collection (slot:10ms)
2025-09-05 16:31:32,156 - INFO - Data collector started
2025-09-05 16:31:32,157 - INFO - Position manager started
2025-09-05 16:31:32,164 - INFO - Have successfully started logging for id=4
2025-09-05 16:31:32,165 - INFO - Have successfully started logging for id=5
2025-09-05 16:31:32,166 - INFO - Have successfully started logging for id=6
2025-09-05 16:31:32,257 - INFO - Position manager data flow is normal
2025-09-05 16:31:34,258 - INFO - Current position: (-0.002, 0.040, 0.006, 89.7°)
2025-09-05 16:31:34,258 - INFO - Using absolute coordinate system, ignoring takeoff position offset
2025-09-05 16:31:35,258 - INFO - Pre-flight stabilization to first waypoint: (0.000, 0.000, 0.600)
2025-09-05 16:31:35,409 - INFO - Waypoint1: absolute coordinates(0.000, 0.000, 0.600, yaw=90.0°)
2025-09-05 16:31:35,409 - INFO - Flying to coordinate: (0.000, 0.000, 0.600)
2025-09-05 16:31:36,469 - INFO - Approaching target (error=0.140m), entering stabilization phase
2025-09-05 16:31:36,959 - INFO - Reached waypoint (error=0.018m, stable_count=30)
2025-09-05 16:31:37,560 - INFO - Waypoint2: absolute coordinates(0.500, 0.000, 0.600, yaw=90.0°)
2025-09-05 16:31:37,560 - INFO - Flying to coordinate: (0.500, 0.000, 0.600)
2025-09-05 16:31:38,320 - INFO - Approaching target (error=0.120m), entering stabilization phase
2025-09-05 16:31:40,660 - INFO - Reached waypoint (error=0.074m, stable_count=30)
2025-09-05 16:31:41,260 - INFO - Waypoint3: absolute coordinates(0.250, 0.500, 0.600, yaw=90.0°)
2025-09-05 16:31:41,260 - INFO - Flying to coordinate: (0.250, 0.500, 0.600)
2025-09-05 16:31:41,960 - INFO - Approaching target (error=0.144m), entering stabilization phase
2025-09-05 16:31:42,350 - INFO - Reached waypoint (error=0.069m, stable_count=30)
2025-09-05 16:31:42,951 - INFO - Waypoint4: absolute coordinates(0.000, 0.000, 0.600, yaw=90.0°)
2025-09-05 16:31:42,951 - INFO - Flying to coordinate: (0.000, 0.000, 0.600)
2025-09-05 16:31:43,961 - INFO - Approaching target (error=0.149m), entering stabilization phase
2025-09-05 16:31:45,451 - INFO - Reached waypoint (error=0.036m, stable_count=30)
2025-09-05 16:31:46,051 - INFO - Returning to origin and landing...
2025-09-05 16:31:46,051 - INFO - Flying to coordinate: (0.000, 0.000, 0.200)
2025-09-05 16:31:46,811 - INFO - Approaching target (error=0.140m), entering stabilization phase
2025-09-05 16:31:47,401 - INFO - Reached waypoint (error=0.056m, stable_count=30)
2025-09-05 16:31:47,401 - INFO - Landing...
2025-09-05 16:31:47,402 - INFO - Landing complete
2025-09-05 16:31:47,407 - INFO - Have successfully stopped logging for id=6
2025-09-05 16:31:47,503 - INFO - Position manager stopped
2025-09-05 16:31:47,505 - INFO - Flight mission complete
2025-09-05 16:31:47,505 - INFO - Stopping data collector...
2025-09-05 16:31:47,507 - INFO - Collection complete - stats: {'created': 1535, 'complete': 1535, 'merged': 0, 'dropped': 0}
2025-09-05 16:31:47,516 - INFO - Have successfully stopped logging for id=4
2025-09-05 16:31:47,520 - INFO - Have successfully stopped logging for id=5
2025-09-05 16:31:47,561 - INFO - Data saved: training_data/triangle_med_20250905_163147.json
2025-09-05 16:31:47,561 - INFO - States: 1535, Commands: 1015, Duration: 15.3s
2025-09-05 16:31:47,561 - INFO - Successfully saved 1535 state data points
2025-09-05 16:31:47,561 - INFO - Successfully saved 1015 control commands
2025-09-05 16:31:47,561 - INFO - Closing link
2025-09-05 16:31:47,562 - INFO - Callback->Disconnected from [radio://0/80/2M/E7E7E7E7E6]
