2025-09-05 15:26:10,098 - INFO - === Fixed continuous data collector ===
2025-09-05 15:26:10,098 - INFO - Mission: triangle_small
2025-09-05 15:26:10,098 - INFO - Waypoints (absolute coordinates): [(0, 0, 0.6), (0.4, 0, 0.6), (0.2, 0.4, 0.6), (0, 0, 0.6)]
2025-09-05 15:26:10,099 - INFO - Callback->Connection initialized[radio://0/80/2M/E7E7E7E7E6]
2025-09-05 15:26:10,352 - INFO - We are connected[radio://0/80/2M/E7E7E7E7E6], request connection setup
2025-09-05 15:26:10,352 - INFO - Request _request_protocol_version()
2025-09-05 15:26:10,355 - INFO - Callback->Connected to [radio://0/80/2M/E7E7E7E7E6]
2025-09-05 15:26:10,437 - INFO - _crt_service_callback
2025-09-05 15:26:10,437 - INFO - Request protocol version
2025-09-05 15:26:10,440 - INFO - _platform_callback
2025-09-05 15:26:10,440 - INFO - Protocol version (platform): 9
2025-09-05 15:26:10,454 - INFO - TOC for port [5] found in cache
2025-09-05 15:26:10,454 - INFO - Log TOC finished updating
2025-09-05 15:26:10,458 - INFO - 6 memories found
2025-09-05 15:26:10,538 - INFO - Memories finished updating
2025-09-05 15:26:10,544 - INFO - TOC for port [2] found in cache
2025-09-05 15:26:11,206 - INFO - Param TOC finished updating
2025-09-05 15:26:11,206 - INFO - Callback->Connection setup finished [radio://0/80/2M/E7E7E7E7E6]
2025-09-05 15:26:11,207 - INFO - Connected: radio://0/80/2M/E7E7E7E7E6
2025-09-05 15:26:11,217 - INFO - Have successfully started logging for id=1
2025-09-05 15:26:11,318 - INFO - Battery: 4.13V (safe)
2025-09-05 15:26:11,320 - INFO - Battery check passed: 4.13V
2025-09-05 15:26:11,320 - INFO - Initializing position estimator to origin...
2025-09-05 15:26:11,326 - INFO - Have successfully stopped logging for id=1
2025-09-05 15:26:11,328 - INFO - Have successfully deleted id=1
2025-09-05 15:26:12,645 - INFO - All parameters updated
2025-09-05 15:26:12,646 - INFO - Callback->Connection completed [radio://0/80/2M/E7E7E7E7E6]
2025-09-05 15:26:12,755 - INFO - Have successfully started logging for id=2
2025-09-05 15:26:19,249 - INFO - Waiting for position estimator...
2025-09-05 15:26:19,254 - INFO - Have successfully stopped logging for id=2
2025-09-05 15:26:19,255 - INFO - Have successfully deleted id=2
2025-09-05 15:26:19,262 - INFO - Have successfully started logging for id=3
2025-09-05 15:26:20,262 - INFO - Position estimator ready
2025-09-05 15:26:20,263 - INFO - Controller parameters optimized
2025-09-05 15:26:20,268 - INFO - Have successfully stopped logging for id=3
2025-09-05 15:26:20,270 - INFO - Have successfully deleted id=3
2025-09-05 15:26:22,845 - INFO - Start collection (slot:10ms)
2025-09-05 15:26:22,847 - INFO - Data collector started
2025-09-05 15:26:22,848 - INFO - Position manager started
2025-09-05 15:26:22,856 - INFO - Have successfully started logging for id=4
2025-09-05 15:26:22,856 - INFO - Have successfully started logging for id=5
2025-09-05 15:26:22,858 - INFO - Have successfully started logging for id=6
2025-09-05 15:26:22,948 - INFO - Position manager data flow is normal
2025-09-05 15:26:24,949 - INFO - Current position: (0.001, 0.026, 0.011, 90.7°)
2025-09-05 15:26:24,949 - INFO - Using absolute coordinate system, ignoring takeoff position offset
2025-09-05 15:26:25,949 - INFO - Pre-flight stabilization to first waypoint: (0.000, 0.000, 0.600)
2025-09-05 15:26:26,100 - INFO - Waypoint1: absolute coordinates(0.000, 0.000, 0.600, yaw=90.0°)
2025-09-05 15:26:26,100 - INFO - Flying to coordinate: (0.000, 0.000, 0.600)
2025-09-05 15:26:27,110 - INFO - Approaching target (error=0.143m), entering stabilization phase
2025-09-05 15:26:27,650 - INFO - Reached waypoint (error=0.021m, stable_count=30)
2025-09-05 15:26:28,250 - INFO - Waypoint2: absolute coordinates(0.400, 0.000, 0.600, yaw=90.0°)
2025-09-05 15:26:28,250 - INFO - Flying to coordinate: (0.400, 0.000, 0.600)
2025-09-05 15:26:29,061 - INFO - Approaching target (error=0.126m), entering stabilization phase
2025-09-05 15:26:30,303 - WARNING - Control timing drift detected - resyncing
2025-09-05 15:26:30,961 - INFO - Reached waypoint (error=0.066m, stable_count=30)
2025-09-05 15:26:31,562 - INFO - Waypoint3: absolute coordinates(0.200, 0.400, 0.600, yaw=90.0°)
2025-09-05 15:26:31,562 - INFO - Flying to coordinate: (0.200, 0.400, 0.600)
2025-09-05 15:26:32,172 - INFO - Approaching target (error=0.142m), entering stabilization phase
2025-09-05 15:26:33,102 - INFO - Reached waypoint (error=0.049m, stable_count=30)
2025-09-05 15:26:33,703 - INFO - Waypoint4: absolute coordinates(0.000, 0.000, 0.600, yaw=90.0°)
2025-09-05 15:26:33,703 - INFO - Flying to coordinate: (0.000, 0.000, 0.600)
2025-09-05 15:26:34,504 - INFO - Approaching target (error=0.135m), entering stabilization phase
2025-09-05 15:26:34,994 - INFO - Reached waypoint (error=0.071m, stable_count=30)
2025-09-05 15:26:35,595 - INFO - Returning to origin and landing...
2025-09-05 15:26:35,595 - INFO - Flying to coordinate: (0.000, 0.000, 0.200)
2025-09-05 15:26:36,405 - INFO - Approaching target (error=0.139m), entering stabilization phase
2025-09-05 15:26:37,095 - INFO - Reached waypoint (error=0.060m, stable_count=30)
2025-09-05 15:26:37,095 - INFO - Landing...
2025-09-05 15:26:37,096 - INFO - Landing complete
2025-09-05 15:26:37,100 - INFO - Have successfully stopped logging for id=6
2025-09-05 15:26:37,197 - INFO - Position manager stopped
2025-09-05 15:26:37,199 - INFO - Flight mission complete
2025-09-05 15:26:37,199 - INFO - Stopping data collector...
2025-09-05 15:26:37,200 - INFO - Collection complete - stats: {'created': 1435, 'complete': 1435, 'merged': 0, 'dropped': 0}
2025-09-05 15:26:37,212 - INFO - Have successfully stopped logging for id=4
2025-09-05 15:26:37,216 - INFO - Have successfully stopped logging for id=5
2025-09-05 15:26:37,250 - INFO - Data saved: training_data/triangle_small_20250905_152637.json
2025-09-05 15:26:37,250 - INFO - States: 1435, Commands: 915, Duration: 14.3s
2025-09-05 15:26:37,250 - INFO - Successfully saved 1435 state data points
2025-09-05 15:26:37,250 - INFO - Successfully saved 915 control commands
2025-09-05 15:26:37,250 - INFO - Closing link
2025-09-05 15:26:37,251 - INFO - Callback->Disconnected from [radio://0/80/2M/E7E7E7E7E6]
