2025-09-05 13:16:02,168 - INFO - === Fixed continuous data collector ===
2025-09-05 13:16:02,168 - INFO - Mission: square_med
2025-09-05 13:16:02,168 - INFO - Waypoints (absolute coordinates): [(0, 0, 0.4), (0.5, 0, 0.4), (0.5, 0.5, 0.4), (0, 0.5, 0.4), (0, 0, 0.4)]
2025-09-05 13:16:02,169 - INFO - Callback->Connection initialized[radio://0/80/2M/E7E7E7E7E6]
2025-09-05 13:16:02,420 - INFO - We are connected[radio://0/80/2M/E7E7E7E7E6], request connection setup
2025-09-05 13:16:02,421 - INFO - Request _request_protocol_version()
2025-09-05 13:16:02,426 - INFO - Callback->Connected to [radio://0/80/2M/E7E7E7E7E6]
2025-09-05 13:16:02,430 - INFO - _crt_service_callback
2025-09-05 13:16:02,430 - INFO - Request protocol version
2025-09-05 13:16:02,435 - INFO - _platform_callback
2025-09-05 13:16:02,435 - INFO - Protocol version (platform): 9
2025-09-05 13:16:02,447 - INFO - TOC for port [5] found in cache
2025-09-05 13:16:02,447 - INFO - Log TOC finished updating
2025-09-05 13:16:02,450 - INFO - 6 memories found
2025-09-05 13:16:02,531 - INFO - Memories finished updating
2025-09-05 13:16:02,536 - INFO - TOC for port [2] found in cache
2025-09-05 13:16:03,028 - INFO - Param TOC finished updating
2025-09-05 13:16:03,028 - INFO - Callback->Connection setup finished [radio://0/80/2M/E7E7E7E7E6]
2025-09-05 13:16:03,029 - INFO - Connected: radio://0/80/2M/E7E7E7E7E6
2025-09-05 13:16:03,040 - INFO - Have successfully started logging for id=1
2025-09-05 13:16:03,138 - INFO - Battery: 3.81V (safe)
2025-09-05 13:16:03,139 - INFO - Battery check passed: 3.81V
2025-09-05 13:16:03,139 - INFO - Initializing position estimator to origin...
2025-09-05 13:16:03,142 - INFO - Have successfully stopped logging for id=1
2025-09-05 13:16:03,143 - INFO - Have successfully deleted id=1
2025-09-05 13:16:04,408 - INFO - All parameters updated
2025-09-05 13:16:04,409 - INFO - Callback->Connection completed [radio://0/80/2M/E7E7E7E7E6]
2025-09-05 13:16:04,520 - INFO - Have successfully started logging for id=2
2025-09-05 13:16:11,015 - INFO - Waiting for position estimator...
2025-09-05 13:16:11,018 - INFO - Have successfully stopped logging for id=2
2025-09-05 13:16:11,019 - INFO - Have successfully deleted id=2
2025-09-05 13:16:11,025 - INFO - Have successfully started logging for id=3
2025-09-05 13:16:12,026 - INFO - Position estimator ready
2025-09-05 13:16:12,026 - INFO - Controller parameters optimized
2025-09-05 13:16:12,029 - INFO - Have successfully stopped logging for id=3
2025-09-05 13:16:12,030 - INFO - Have successfully deleted id=3
2025-09-05 13:16:14,645 - INFO - Start collection (slot:10ms)
2025-09-05 13:16:14,646 - INFO - Data collector started
2025-09-05 13:16:14,647 - INFO - Position manager started
2025-09-05 13:16:14,659 - INFO - Have successfully started logging for id=4
2025-09-05 13:16:14,661 - INFO - Have successfully started logging for id=5
2025-09-05 13:16:14,662 - INFO - Have successfully started logging for id=6
2025-09-05 13:16:14,747 - INFO - Position manager data flow is normal
2025-09-05 13:16:16,747 - INFO - Current position: (0.008, 0.015, 0.003, 90.0°)
2025-09-05 13:16:16,747 - INFO - Using absolute coordinate system, ignoring takeoff position offset
2025-09-05 13:16:17,748 - INFO - Pre-flight stabilization to first waypoint: (0.000, 0.000, 0.400)
2025-09-05 13:16:17,898 - INFO - Waypoint1: absolute coordinates(0.000, 0.000, 0.400, yaw=90.0°)
2025-09-05 13:16:17,898 - INFO - Flying to coordinate: (0.000, 0.000, 0.400)
2025-09-05 13:16:18,908 - INFO - Approaching target (error=0.143m), entering stabilization phase
2025-09-05 13:16:19,448 - INFO - Reached waypoint (error=0.053m, stable_count=30)
2025-09-05 13:16:20,048 - INFO - Waypoint2: absolute coordinates(0.500, 0.000, 0.400, yaw=90.0°)
2025-09-05 13:16:20,048 - INFO - Flying to coordinate: (0.500, 0.000, 0.400)
2025-09-05 13:16:20,858 - INFO - Approaching target (error=0.129m), entering stabilization phase
2025-09-05 13:16:24,298 - INFO - Reached waypoint (error=0.044m, stable_count=30)
2025-09-05 13:16:24,899 - INFO - Waypoint3: absolute coordinates(0.500, 0.500, 0.400, yaw=90.0°)
2025-09-05 13:16:24,899 - INFO - Flying to coordinate: (0.500, 0.500, 0.400)
2025-09-05 13:16:25,559 - INFO - Approaching target (error=0.144m), entering stabilization phase
2025-09-05 13:16:25,949 - INFO - Reached waypoint (error=0.066m, stable_count=30)
2025-09-05 13:16:26,549 - INFO - Waypoint4: absolute coordinates(0.000, 0.500, 0.400, yaw=90.0°)
2025-09-05 13:16:26,549 - INFO - Flying to coordinate: (0.000, 0.500, 0.400)
2025-09-05 13:16:27,309 - INFO - Approaching target (error=0.102m), entering stabilization phase
2025-09-05 13:16:27,639 - INFO - Reached waypoint (error=0.053m, stable_count=30)
2025-09-05 13:16:28,240 - INFO - Waypoint5: absolute coordinates(0.000, 0.000, 0.400, yaw=90.0°)
2025-09-05 13:16:28,240 - INFO - Flying to coordinate: (0.000, 0.000, 0.400)
2025-09-05 13:16:29,000 - INFO - Approaching target (error=0.145m), entering stabilization phase
2025-09-05 13:16:29,390 - INFO - Reached waypoint (error=0.068m, stable_count=30)
2025-09-05 13:16:29,990 - INFO - Returning to origin and landing...
2025-09-05 13:16:29,990 - INFO - Flying to coordinate: (0.000, 0.000, 0.200)
2025-09-05 13:16:30,400 - INFO - Approaching target (error=0.145m), entering stabilization phase
2025-09-05 13:16:31,090 - INFO - Reached waypoint (error=0.066m, stable_count=30)
2025-09-05 13:16:31,090 - INFO - Landing...
2025-09-05 13:16:31,092 - INFO - Landing complete
2025-09-05 13:16:31,097 - INFO - Have successfully stopped logging for id=6
2025-09-05 13:16:31,193 - INFO - Position manager stopped
2025-09-05 13:16:31,195 - INFO - Flight mission complete
2025-09-05 13:16:31,195 - INFO - Stopping data collector...
2025-09-05 13:16:31,197 - INFO - Collection complete - stats: {'created': 1655, 'complete': 1655, 'merged': 0, 'dropped': 0}
2025-09-05 13:16:31,206 - INFO - Have successfully stopped logging for id=4
2025-09-05 13:16:31,209 - INFO - Have successfully stopped logging for id=5
2025-09-05 13:16:31,255 - INFO - Data saved: training_data/square_med_20250905_131631.json
2025-09-05 13:16:31,255 - INFO - States: 1655, Commands: 1084, Duration: 16.5s
2025-09-05 13:16:31,256 - INFO - Successfully saved 1655 state data points
2025-09-05 13:16:31,256 - INFO - Successfully saved 1084 control commands
2025-09-05 13:16:31,256 - INFO - Closing link
2025-09-05 13:16:31,256 - INFO - Callback->Disconnected from [radio://0/80/2M/E7E7E7E7E6]
