2025-09-05 16:41:22,127 - INFO - === Fixed continuous data collector ===
2025-09-05 16:41:22,127 - INFO - Mission: triangle_med
2025-09-05 16:41:22,127 - INFO - Waypoints (absolute coordinates): [(0, 0, 0.6), (0.5, 0, 0.6), (0.25, 0.5, 0.6), (0, 0, 0.6)]
2025-09-05 16:41:22,127 - INFO - Callback->Connection initialized[radio://0/80/2M/E7E7E7E7E6]
2025-09-05 16:41:22,378 - INFO - We are connected[radio://0/80/2M/E7E7E7E7E6], request connection setup
2025-09-05 16:41:22,379 - INFO - Request _request_protocol_version()
2025-09-05 16:41:22,381 - INFO - Callback->Connected to [radio://0/80/2M/E7E7E7E7E6]
2025-09-05 16:41:22,387 - INFO - _crt_service_callback
2025-09-05 16:41:22,387 - INFO - Request protocol version
2025-09-05 16:41:22,390 - INFO - _platform_callback
2025-09-05 16:41:22,390 - INFO - Protocol version (platform): 9
2025-09-05 16:41:22,401 - INFO - TOC for port [5] found in cache
2025-09-05 16:41:22,401 - INFO - Log TOC finished updating
2025-09-05 16:41:22,404 - INFO - 6 memories found
2025-09-05 16:41:22,484 - INFO - Memories finished updating
2025-09-05 16:41:22,490 - INFO - TOC for port [2] found in cache
2025-09-05 16:41:22,942 - INFO - Param TOC finished updating
2025-09-05 16:41:22,942 - INFO - Callback->Connection setup finished [radio://0/80/2M/E7E7E7E7E6]
2025-09-05 16:41:22,943 - INFO - Connected: radio://0/80/2M/E7E7E7E7E6
2025-09-05 16:41:22,955 - INFO - Have successfully started logging for id=1
2025-09-05 16:41:23,055 - INFO - Battery: 4.06V (safe)
2025-09-05 16:41:23,056 - INFO - Battery check passed: 4.06V
2025-09-05 16:41:23,056 - INFO - Initializing position estimator to origin...
2025-09-05 16:41:23,058 - INFO - Have successfully stopped logging for id=1
2025-09-05 16:41:23,059 - INFO - Have successfully deleted id=1
2025-09-05 16:41:24,059 - INFO - All parameters updated
2025-09-05 16:41:24,060 - INFO - Callback->Connection completed [radio://0/80/2M/E7E7E7E7E6]
2025-09-05 16:41:24,167 - INFO - Have successfully started logging for id=2
2025-09-05 16:41:30,663 - INFO - Waiting for position estimator...
2025-09-05 16:41:30,669 - INFO - Have successfully stopped logging for id=2
2025-09-05 16:41:30,670 - INFO - Have successfully deleted id=2
2025-09-05 16:41:30,674 - INFO - Have successfully started logging for id=3
2025-09-05 16:41:31,675 - INFO - Position estimator ready
2025-09-05 16:41:31,676 - INFO - Controller parameters optimized
2025-09-05 16:41:31,679 - INFO - Have successfully stopped logging for id=3
2025-09-05 16:41:31,679 - INFO - Have successfully deleted id=3
2025-09-05 16:41:39,413 - INFO - Start collection (slot:10ms)
2025-09-05 16:41:39,414 - INFO - Data collector started
2025-09-05 16:41:39,415 - INFO - Position manager started
2025-09-05 16:41:39,423 - INFO - Have successfully started logging for id=4
2025-09-05 16:41:39,424 - INFO - Have successfully started logging for id=5
2025-09-05 16:41:39,425 - INFO - Have successfully started logging for id=6
2025-09-05 16:41:39,515 - INFO - Position manager data flow is normal
2025-09-05 16:41:41,515 - INFO - Current position: (-0.014, 0.013, 0.037, 89.9°)
2025-09-05 16:41:41,516 - INFO - Using absolute coordinate system, ignoring takeoff position offset
2025-09-05 16:41:42,516 - INFO - Pre-flight stabilization to first waypoint: (0.000, 0.000, 0.600)
2025-09-05 16:41:42,666 - INFO - Waypoint1: absolute coordinates(0.000, 0.000, 0.600, yaw=90.0°)
2025-09-05 16:41:42,666 - INFO - Flying to coordinate: (0.000, 0.000, 0.600)
2025-09-05 16:41:43,676 - INFO - Approaching target (error=0.149m), entering stabilization phase
2025-09-05 16:41:44,216 - INFO - Reached waypoint (error=0.025m, stable_count=30)
2025-09-05 16:41:44,817 - INFO - Waypoint2: absolute coordinates(0.500, 0.000, 0.600, yaw=90.0°)
2025-09-05 16:41:44,818 - INFO - Flying to coordinate: (0.500, 0.000, 0.600)
2025-09-05 16:41:45,528 - INFO - Approaching target (error=0.126m), entering stabilization phase
2025-09-05 16:41:48,118 - INFO - Reached waypoint (error=0.075m, stable_count=30)
2025-09-05 16:41:48,718 - INFO - Waypoint3: absolute coordinates(0.250, 0.500, 0.600, yaw=90.0°)
2025-09-05 16:41:48,718 - INFO - Flying to coordinate: (0.250, 0.500, 0.600)
2025-09-05 16:41:49,429 - INFO - Approaching target (error=0.144m), entering stabilization phase
2025-09-05 16:41:49,819 - INFO - Reached waypoint (error=0.078m, stable_count=30)
2025-09-05 16:41:50,419 - INFO - Waypoint4: absolute coordinates(0.000, 0.000, 0.600, yaw=90.0°)
2025-09-05 16:41:50,419 - INFO - Flying to coordinate: (0.000, 0.000, 0.600)
2025-09-05 16:41:51,269 - INFO - Approaching target (error=0.135m), entering stabilization phase
2025-09-05 16:41:52,859 - INFO - Reached waypoint (error=0.039m, stable_count=30)
2025-09-05 16:41:53,460 - INFO - Returning to origin and landing...
2025-09-05 16:41:53,460 - INFO - Flying to coordinate: (0.000, 0.000, 0.200)
2025-09-05 16:41:54,270 - INFO - Approaching target (error=0.140m), entering stabilization phase
2025-09-05 16:41:55,060 - INFO - Reached waypoint (error=0.062m, stable_count=30)
2025-09-05 16:41:55,060 - INFO - Landing...
2025-09-05 16:41:55,061 - INFO - Landing complete
2025-09-05 16:41:55,067 - INFO - Have successfully stopped logging for id=6
2025-09-05 16:41:55,162 - INFO - Position manager stopped
2025-09-05 16:41:55,164 - INFO - Flight mission complete
2025-09-05 16:41:55,164 - INFO - Stopping data collector...
2025-09-05 16:41:55,166 - INFO - Collection complete - stats: {'created': 1575, 'complete': 1575, 'merged': 0, 'dropped': 0}
2025-09-05 16:41:55,174 - INFO - Have successfully stopped logging for id=4
2025-09-05 16:41:55,177 - INFO - Have successfully stopped logging for id=5
2025-09-05 16:41:55,219 - INFO - Data saved: training_data/triangle_med_20250905_164155.json
2025-09-05 16:41:55,219 - INFO - States: 1575, Commands: 1056, Duration: 15.7s
2025-09-05 16:41:55,220 - INFO - Successfully saved 1575 state data points
2025-09-05 16:41:55,220 - INFO - Successfully saved 1056 control commands
2025-09-05 16:41:55,220 - INFO - Closing link
2025-09-05 16:41:55,220 - INFO - Callback->Disconnected from [radio://0/80/2M/E7E7E7E7E6]
