2025-09-05 16:17:13,637 - INFO - === Fixed continuous data collector ===
2025-09-05 16:17:13,637 - INFO - Mission: triangle_med
2025-09-05 16:17:13,637 - INFO - Waypoints (absolute coordinates): [(0, 0, 0.6), (0.5, 0, 0.6), (0.25, 0.5, 0.6), (0, 0, 0.6)]
2025-09-05 16:17:13,637 - INFO - Callback->Connection initialized[radio://0/80/2M/E7E7E7E7E6]
2025-09-05 16:17:13,887 - INFO - We are connected[radio://0/80/2M/E7E7E7E7E6], request connection setup
2025-09-05 16:17:13,887 - INFO - Request _request_protocol_version()
2025-09-05 16:17:13,890 - INFO - Callback->Connected to [radio://0/80/2M/E7E7E7E7E6]
2025-09-05 16:17:13,988 - INFO - _crt_service_callback
2025-09-05 16:17:13,988 - INFO - Request protocol version
2025-09-05 16:17:13,993 - INFO - _platform_callback
2025-09-05 16:17:13,993 - INFO - Protocol version (platform): 9
2025-09-05 16:17:14,004 - INFO - TOC for port [5] found in cache
2025-09-05 16:17:14,004 - INFO - Log TOC finished updating
2025-09-05 16:17:14,007 - INFO - 6 memories found
2025-09-05 16:17:14,089 - INFO - Memories finished updating
2025-09-05 16:17:14,094 - INFO - TOC for port [2] found in cache
2025-09-05 16:17:14,645 - INFO - Param TOC finished updating
2025-09-05 16:17:14,645 - INFO - Callback->Connection setup finished [radio://0/80/2M/E7E7E7E7E6]
2025-09-05 16:17:14,646 - INFO - Connected: radio://0/80/2M/E7E7E7E7E6
2025-09-05 16:17:14,658 - INFO - Have successfully started logging for id=1
2025-09-05 16:17:14,759 - INFO - Battery: 3.80V (low)
2025-09-05 16:17:14,760 - ERROR - Battery voltage too low: 3.80V < 3.8V
2025-09-05 16:17:14,760 - INFO - Closing link
2025-09-05 16:17:14,764 - INFO - Callback->Disconnected from [radio://0/80/2M/E7E7E7E7E6]
