2025-09-04 13:20:47,536 - INFO - === Fixed continuous data collector ===
2025-09-04 13:20:47,536 - INFO - Mission: vertical_small
2025-09-04 13:20:47,536 - INFO - Waypoints (absolute coordinates): [(0, 0, 0.3), (0, 0, 0.6), (0, 0, 0.9), (0, 0, 0.6), (0, 0, 0.3)]
2025-09-04 13:20:47,536 - INFO - Callback->Connection initialized[radio://0/80/2M/E7E7E7E7E6]
2025-09-04 13:20:47,786 - INFO - We are connected[radio://0/80/2M/E7E7E7E7E6], request connection setup
2025-09-04 13:20:47,787 - INFO - Request _request_protocol_version()
2025-09-04 13:20:47,789 - INFO - Callback->Connected to [radio://0/80/2M/E7E7E7E7E6]
2025-09-04 13:20:47,794 - INFO - _crt_service_callback
2025-09-04 13:20:47,794 - INFO - Request protocol version
2025-09-04 13:20:47,797 - INFO - _platform_callback
2025-09-04 13:20:47,797 - INFO - Protocol version (platform): 9
2025-09-04 13:20:47,806 - INFO - TOC for port [5] found in cache
2025-09-04 13:20:47,806 - INFO - Log TOC finished updating
2025-09-04 13:20:47,809 - INFO - 6 memories found
2025-09-04 13:20:47,888 - INFO - Memories finished updating
2025-09-04 13:20:47,895 - INFO - TOC for port [2] found in cache
2025-09-04 13:20:48,390 - INFO - Param TOC finished updating
2025-09-04 13:20:48,390 - INFO - Callback->Connection setup finished [radio://0/80/2M/E7E7E7E7E6]
2025-09-04 13:20:48,391 - INFO - Connected: radio://0/80/2M/E7E7E7E7E6
2025-09-04 13:20:48,399 - INFO - Have successfully started logging for id=1
2025-09-04 13:20:48,499 - INFO - Battery: 3.92V (safe)
2025-09-04 13:20:48,500 - INFO - Battery check passed: 3.92V
2025-09-04 13:20:48,500 - INFO - Initializing position estimator to origin...
2025-09-04 13:20:48,502 - INFO - Have successfully stopped logging for id=1
2025-09-04 13:20:48,503 - INFO - Have successfully deleted id=1
2025-09-04 13:20:49,710 - INFO - All parameters updated
2025-09-04 13:20:49,710 - INFO - Callback->Connection completed [radio://0/80/2M/E7E7E7E7E6]
2025-09-04 13:20:49,823 - INFO - Have successfully started logging for id=2
2025-09-04 13:20:56,320 - INFO - Waiting for position estimator...
2025-09-04 13:20:56,325 - INFO - Have successfully stopped logging for id=2
2025-09-04 13:20:56,328 - INFO - Have successfully deleted id=2
2025-09-04 13:20:56,334 - INFO - Have successfully started logging for id=3
2025-09-04 13:20:57,333 - INFO - Position estimator ready
2025-09-04 13:20:57,334 - INFO - Controller parameters optimized
2025-09-04 13:20:57,336 - INFO - Have successfully stopped logging for id=3
2025-09-04 13:20:57,337 - INFO - Have successfully deleted id=3
2025-09-04 13:21:01,179 - INFO - Start collection (slot:10ms)
2025-09-04 13:21:01,180 - INFO - Data collector started
2025-09-04 13:21:01,183 - INFO - Position manager started
2025-09-04 13:21:01,191 - INFO - Have successfully started logging for id=4
2025-09-04 13:21:01,196 - INFO - Have successfully started logging for id=5
2025-09-04 13:21:01,197 - INFO - Have successfully started logging for id=6
2025-09-04 13:21:01,283 - INFO - Position manager data flow is normal
2025-09-04 13:21:03,283 - INFO - Current position: (0.011, 0.063, 0.014, 90.4°)
2025-09-04 13:21:03,283 - INFO - Using absolute coordinate system, ignoring takeoff position offset
2025-09-04 13:21:04,283 - INFO - Pre-flight stabilization to first waypoint: (0.000, 0.000, 0.300)
2025-09-04 13:21:04,434 - INFO - Waypoint1: absolute coordinates(0.000, 0.000, 0.300, yaw=90.0°)
2025-09-04 13:21:04,434 - INFO - Flying to coordinate: (0.000, 0.000, 0.300)
2025-09-04 13:21:05,494 - INFO - Approaching target (error=0.137m), entering stabilization phase
2025-09-04 13:21:06,284 - INFO - Reached waypoint (error=0.066m, stable_count=30)
2025-09-04 13:21:06,884 - INFO - Waypoint2: absolute coordinates(0.000, 0.000, 0.600, yaw=90.0°)
2025-09-04 13:21:06,884 - INFO - Flying to coordinate: (0.000, 0.000, 0.600)
2025-09-04 13:21:07,344 - INFO - Approaching target (error=0.145m), entering stabilization phase
2025-09-04 13:21:07,884 - INFO - Reached waypoint (error=0.050m, stable_count=30)
2025-09-04 13:21:08,484 - INFO - Waypoint3: absolute coordinates(0.000, 0.000, 0.900, yaw=90.0°)
2025-09-04 13:21:08,484 - INFO - Flying to coordinate: (0.000, 0.000, 0.900)
2025-09-04 13:21:08,845 - INFO - Approaching target (error=0.149m), entering stabilization phase
2025-09-04 13:21:09,335 - INFO - Reached waypoint (error=0.019m, stable_count=30)
2025-09-04 13:21:09,935 - INFO - Waypoint4: absolute coordinates(0.000, 0.000, 0.600, yaw=90.0°)
2025-09-04 13:21:09,935 - INFO - Flying to coordinate: (0.000, 0.000, 0.600)
2025-09-04 13:21:10,995 - INFO - Approaching target (error=0.150m), entering stabilization phase
2025-09-04 13:21:12,085 - INFO - Reached waypoint (error=0.075m, stable_count=30)
2025-09-04 13:21:12,685 - INFO - Waypoint5: absolute coordinates(0.000, 0.000, 0.300, yaw=90.0°)
2025-09-04 13:21:12,685 - INFO - Flying to coordinate: (0.000, 0.000, 0.300)
2025-09-04 13:21:13,586 - INFO - Approaching target (error=0.147m), entering stabilization phase
2025-09-04 13:21:14,425 - INFO - Reached waypoint (error=0.077m, stable_count=30)
2025-09-04 13:21:15,027 - INFO - Returning to origin and landing...
2025-09-04 13:21:15,027 - INFO - Flying to coordinate: (0.000, 0.000, 0.200)
2025-09-04 13:21:15,027 - INFO - Approaching target (error=0.105m), entering stabilization phase
2025-09-04 13:21:15,377 - INFO - Reached waypoint (error=0.028m, stable_count=30)
2025-09-04 13:21:15,377 - INFO - Landing...
2025-09-04 13:21:15,378 - INFO - Landing complete
2025-09-04 13:21:15,383 - INFO - Have successfully stopped logging for id=6
2025-09-04 13:21:15,478 - INFO - Position manager stopped
2025-09-04 13:21:15,480 - INFO - Flight mission complete
2025-09-04 13:21:15,480 - INFO - Stopping data collector...
2025-09-04 13:21:15,483 - INFO - Collection complete - stats: {'created': 1430, 'complete': 1429, 'merged': 0, 'dropped': 0}
2025-09-04 13:21:15,493 - INFO - Have successfully stopped logging for id=4
2025-09-04 13:21:15,498 - INFO - Have successfully stopped logging for id=5
2025-09-04 13:21:15,535 - INFO - Data saved: training_data/vertical_small_20250904_132115.json
2025-09-04 13:21:15,535 - INFO - States: 1429, Commands: 860, Duration: 14.3s
2025-09-04 13:21:15,535 - INFO - Successfully saved 1429 state data points
2025-09-04 13:21:15,535 - INFO - Successfully saved 860 control commands
2025-09-04 13:21:15,535 - INFO - Closing link
2025-09-04 13:21:15,536 - INFO - Callback->Disconnected from [radio://0/80/2M/E7E7E7E7E6]
