2025-09-05 17:32:31,581 - INFO - === Fixed continuous data collector ===
2025-09-05 17:32:31,582 - INFO - Mission: triangle_large
2025-09-05 17:32:31,582 - INFO - Waypoints (absolute coordinates): [(0, 0, 0.6), (0.8, 0, 0.6), (0.4, 0.6, 0.6), (0, 0, 0.6)]
2025-09-05 17:32:31,582 - INFO - Callback->Connection initialized[radio://0/80/2M/E7E7E7E7E6]
2025-09-05 17:32:31,833 - INFO - We are connected[radio://0/80/2M/E7E7E7E7E6], request connection setup
2025-09-05 17:32:31,833 - INFO - Request _request_protocol_version()
2025-09-05 17:32:31,835 - INFO - Callback->Connected to [radio://0/80/2M/E7E7E7E7E6]
2025-09-05 17:32:31,839 - INFO - _crt_service_callback
2025-09-05 17:32:31,839 - INFO - Request protocol version
2025-09-05 17:32:31,842 - INFO - _platform_callback
2025-09-05 17:32:31,842 - INFO - Protocol version (platform): 9
2025-09-05 17:32:31,852 - INFO - TOC for port [5] found in cache
2025-09-05 17:32:31,852 - INFO - Log TOC finished updating
2025-09-05 17:32:31,854 - INFO - 6 memories found
2025-09-05 17:32:31,929 - INFO - Memories finished updating
2025-09-05 17:32:31,935 - INFO - TOC for port [2] found in cache
2025-09-05 17:32:32,395 - INFO - Param TOC finished updating
2025-09-05 17:32:32,395 - INFO - Callback->Connection setup finished [radio://0/80/2M/E7E7E7E7E6]
2025-09-05 17:32:32,396 - INFO - Connected: radio://0/80/2M/E7E7E7E7E6
2025-09-05 17:32:32,406 - INFO - Have successfully started logging for id=1
2025-09-05 17:32:32,508 - INFO - Battery: 3.86V (safe)
2025-09-05 17:32:32,509 - INFO - Battery check passed: 3.86V
2025-09-05 17:32:32,509 - INFO - Initializing position estimator to origin...
2025-09-05 17:32:32,513 - INFO - Have successfully stopped logging for id=1
2025-09-05 17:32:32,514 - INFO - Have successfully deleted id=1
2025-09-05 17:32:33,570 - INFO - All parameters updated
2025-09-05 17:32:33,571 - INFO - Callback->Connection completed [radio://0/80/2M/E7E7E7E7E6]
2025-09-05 17:32:33,679 - INFO - Have successfully started logging for id=2
2025-09-05 17:32:40,173 - INFO - Waiting for position estimator...
2025-09-05 17:32:40,176 - INFO - Have successfully stopped logging for id=2
2025-09-05 17:32:40,176 - INFO - Have successfully deleted id=2
2025-09-05 17:32:40,182 - INFO - Have successfully started logging for id=3
2025-09-05 17:32:41,183 - INFO - Position estimator ready
2025-09-05 17:32:41,183 - INFO - Controller parameters optimized
2025-09-05 17:32:41,186 - INFO - Have successfully stopped logging for id=3
2025-09-05 17:32:41,188 - INFO - Have successfully deleted id=3
2025-09-05 17:32:43,358 - INFO - Start collection (slot:10ms)
2025-09-05 17:32:43,359 - INFO - Data collector started
2025-09-05 17:32:43,360 - INFO - Position manager started
2025-09-05 17:32:43,367 - INFO - Have successfully started logging for id=4
2025-09-05 17:32:43,367 - INFO - Have successfully started logging for id=5
2025-09-05 17:32:43,368 - INFO - Have successfully started logging for id=6
2025-09-05 17:32:43,460 - INFO - Position manager data flow is normal
2025-09-05 17:32:45,460 - INFO - Current position: (-0.010, -0.012, 0.037, 89.9°)
2025-09-05 17:32:45,460 - INFO - Using absolute coordinate system, ignoring takeoff position offset
2025-09-05 17:32:46,461 - INFO - Pre-flight stabilization to first waypoint: (0.000, 0.000, 0.600)
2025-09-05 17:32:46,612 - INFO - Waypoint1: absolute coordinates(0.000, 0.000, 0.600, yaw=90.0°)
2025-09-05 17:32:46,612 - INFO - Flying to coordinate: (0.000, 0.000, 0.600)
2025-09-05 17:32:47,672 - INFO - Approaching target (error=0.137m), entering stabilization phase
2025-09-05 17:32:48,262 - INFO - Reached waypoint (error=0.049m, stable_count=30)
2025-09-05 17:32:48,862 - INFO - Waypoint2: absolute coordinates(0.800, 0.000, 0.600, yaw=90.0°)
2025-09-05 17:32:48,862 - INFO - Flying to coordinate: (0.800, 0.000, 0.600)
2025-09-05 17:32:49,822 - INFO - Approaching target (error=0.134m), entering stabilization phase
2025-09-05 17:32:51,563 - INFO - Reached waypoint (error=0.063m, stable_count=30)
2025-09-05 17:32:52,164 - INFO - Waypoint3: absolute coordinates(0.400, 0.600, 0.600, yaw=90.0°)
2025-09-05 17:32:52,164 - INFO - Flying to coordinate: (0.400, 0.600, 0.600)
2025-09-05 17:32:52,914 - INFO - Approaching target (error=0.125m), entering stabilization phase
2025-09-05 17:32:53,304 - INFO - Reached waypoint (error=0.045m, stable_count=30)
2025-09-05 17:32:53,904 - INFO - Waypoint4: absolute coordinates(0.000, 0.000, 0.600, yaw=90.0°)
2025-09-05 17:32:53,904 - INFO - Flying to coordinate: (0.000, 0.000, 0.600)
2025-09-05 17:32:54,714 - INFO - Approaching target (error=0.133m), entering stabilization phase
2025-09-05 17:32:55,104 - INFO - Reached waypoint (error=0.032m, stable_count=30)
2025-09-05 17:32:55,705 - INFO - Returning to origin and landing...
2025-09-05 17:32:55,705 - INFO - Flying to coordinate: (0.000, 0.000, 0.200)
2025-09-05 17:32:56,515 - INFO - Approaching target (error=0.145m), entering stabilization phase
2025-09-05 17:32:59,155 - INFO - Reached waypoint (error=0.068m, stable_count=30)
2025-09-05 17:32:59,155 - INFO - Landing...
2025-09-05 17:32:59,155 - INFO - Landing complete
2025-09-05 17:32:59,161 - INFO - Have successfully stopped logging for id=6
2025-09-05 17:32:59,257 - INFO - Position manager stopped
2025-09-05 17:32:59,259 - INFO - Flight mission complete
2025-09-05 17:32:59,259 - INFO - Stopping data collector...
2025-09-05 17:32:59,261 - INFO - Collection complete - stats: {'created': 1590, 'complete': 1590, 'merged': 0, 'dropped': 0}
2025-09-05 17:32:59,273 - INFO - Have successfully stopped logging for id=4
2025-09-05 17:32:59,275 - INFO - Have successfully stopped logging for id=5
2025-09-05 17:32:59,316 - INFO - Data saved: training_data/triangle_large_20250905_173259.json
2025-09-05 17:32:59,316 - INFO - States: 1590, Commands: 1071, Duration: 15.9s
2025-09-05 17:32:59,317 - INFO - Successfully saved 1590 state data points
2025-09-05 17:32:59,317 - INFO - Successfully saved 1071 control commands
2025-09-05 17:32:59,317 - INFO - Closing link
2025-09-05 17:32:59,318 - INFO - Callback->Disconnected from [radio://0/80/2M/E7E7E7E7E6]
