2025-09-05 16:20:39,026 - INFO - === Fixed continuous data collector ===
2025-09-05 16:20:39,027 - INFO - Mission: triangle_med
2025-09-05 16:20:39,027 - INFO - Waypoints (absolute coordinates): [(0, 0, 0.6), (0.5, 0, 0.6), (0.25, 0.5, 0.6), (0, 0, 0.6)]
2025-09-05 16:20:39,027 - INFO - Callback->Connection initialized[radio://0/80/2M/E7E7E7E7E6]
2025-09-05 16:20:39,279 - INFO - We are connected[radio://0/80/2M/E7E7E7E7E6], request connection setup
2025-09-05 16:20:39,279 - INFO - Request _request_protocol_version()
2025-09-05 16:20:39,296 - INFO - Callback->Connected to [radio://0/80/2M/E7E7E7E7E6]
2025-09-05 16:20:39,369 - INFO - _crt_service_callback
2025-09-05 16:20:39,369 - INFO - Request protocol version
2025-09-05 16:20:39,372 - INFO - _platform_callback
2025-09-05 16:20:39,372 - INFO - Protocol version (platform): 9
2025-09-05 16:20:39,383 - INFO - TOC for port [5] found in cache
2025-09-05 16:20:39,383 - INFO - Log TOC finished updating
2025-09-05 16:20:39,388 - INFO - 6 memories found
2025-09-05 16:20:39,473 - INFO - Memories finished updating
2025-09-05 16:20:39,479 - INFO - TOC for port [2] found in cache
2025-09-05 16:20:39,970 - INFO - Param TOC finished updating
2025-09-05 16:20:39,970 - INFO - Callback->Connection setup finished [radio://0/80/2M/E7E7E7E7E6]
2025-09-05 16:20:39,971 - INFO - Connected: radio://0/80/2M/E7E7E7E7E6
2025-09-05 16:20:39,981 - INFO - Have successfully started logging for id=1
2025-09-05 16:20:40,079 - INFO - Battery: 4.14V (safe)
2025-09-05 16:20:40,079 - INFO - Battery check passed: 4.14V
2025-09-05 16:20:40,079 - INFO - Initializing position estimator to origin...
2025-09-05 16:20:40,082 - INFO - Have successfully stopped logging for id=1
2025-09-05 16:20:40,084 - INFO - Have successfully deleted id=1
2025-09-05 16:20:41,342 - INFO - All parameters updated
2025-09-05 16:20:41,342 - INFO - Callback->Connection completed [radio://0/80/2M/E7E7E7E7E6]
2025-09-05 16:20:41,450 - INFO - Have successfully started logging for id=2
2025-09-05 16:20:47,945 - INFO - Waiting for position estimator...
2025-09-05 16:20:47,949 - INFO - Have successfully stopped logging for id=2
2025-09-05 16:20:47,950 - INFO - Have successfully deleted id=2
2025-09-05 16:20:47,954 - INFO - Have successfully started logging for id=3
2025-09-05 16:20:48,953 - INFO - Position estimator ready
2025-09-05 16:20:48,954 - INFO - Controller parameters optimized
2025-09-05 16:20:48,956 - INFO - Have successfully stopped logging for id=3
2025-09-05 16:20:48,957 - INFO - Have successfully deleted id=3
2025-09-05 16:20:52,848 - INFO - Start collection (slot:10ms)
2025-09-05 16:20:52,849 - INFO - Data collector started
2025-09-05 16:20:52,851 - INFO - Position manager started
2025-09-05 16:20:52,857 - INFO - Have successfully started logging for id=4
2025-09-05 16:20:52,858 - INFO - Have successfully started logging for id=5
2025-09-05 16:20:52,861 - INFO - Have successfully started logging for id=6
2025-09-05 16:20:52,951 - INFO - Position manager data flow is normal
2025-09-05 16:20:54,951 - INFO - Current position: (-0.022, -0.009, 0.002, 89.8°)
2025-09-05 16:20:54,951 - INFO - Using absolute coordinate system, ignoring takeoff position offset
2025-09-05 16:20:55,951 - INFO - Pre-flight stabilization to first waypoint: (0.000, 0.000, 0.600)
2025-09-05 16:20:56,101 - INFO - Waypoint1: absolute coordinates(0.000, 0.000, 0.600, yaw=90.0°)
2025-09-05 16:20:56,102 - INFO - Flying to coordinate: (0.000, 0.000, 0.600)
2025-09-05 16:20:57,162 - INFO - Approaching target (error=0.141m), entering stabilization phase
2025-09-05 16:20:57,702 - INFO - Reached waypoint (error=0.052m, stable_count=30)
2025-09-05 16:20:58,302 - INFO - Waypoint2: absolute coordinates(0.500, 0.000, 0.600, yaw=90.0°)
2025-09-05 16:20:58,302 - INFO - Flying to coordinate: (0.500, 0.000, 0.600)
2025-09-05 16:20:59,062 - INFO - Approaching target (error=0.125m), entering stabilization phase
2025-09-05 16:21:01,202 - INFO - Reached waypoint (error=0.060m, stable_count=30)
2025-09-05 16:21:01,802 - INFO - Waypoint3: absolute coordinates(0.250, 0.500, 0.600, yaw=90.0°)
2025-09-05 16:21:01,802 - INFO - Flying to coordinate: (0.250, 0.500, 0.600)
2025-09-05 16:21:02,512 - INFO - Approaching target (error=0.139m), entering stabilization phase
2025-09-05 16:21:02,903 - INFO - Reached waypoint (error=0.055m, stable_count=30)
2025-09-05 16:21:03,503 - INFO - Waypoint4: absolute coordinates(0.000, 0.000, 0.600, yaw=90.0°)
2025-09-05 16:21:03,503 - INFO - Flying to coordinate: (0.000, 0.000, 0.600)
2025-09-05 16:21:04,503 - INFO - Approaching target (error=0.147m), entering stabilization phase
2025-09-05 16:21:05,943 - INFO - Reached waypoint (error=0.030m, stable_count=30)
2025-09-05 16:21:06,543 - INFO - Returning to origin and landing...
2025-09-05 16:21:06,543 - INFO - Flying to coordinate: (0.000, 0.000, 0.200)
2025-09-05 16:21:07,303 - INFO - Approaching target (error=0.139m), entering stabilization phase
2025-09-05 16:21:07,993 - INFO - Reached waypoint (error=0.073m, stable_count=30)
2025-09-05 16:21:07,993 - INFO - Landing...
2025-09-05 16:21:07,994 - INFO - Landing complete
2025-09-05 16:21:08,001 - INFO - Have successfully stopped logging for id=6
2025-09-05 16:21:08,096 - INFO - Position manager stopped
2025-09-05 16:21:08,098 - INFO - Flight mission complete
2025-09-05 16:21:08,098 - INFO - Stopping data collector...
2025-09-05 16:21:08,100 - INFO - Collection complete - stats: {'created': 1525, 'complete': 1525, 'merged': 0, 'dropped': 0}
2025-09-05 16:21:08,106 - INFO - Have successfully stopped logging for id=4
2025-09-05 16:21:08,110 - INFO - Have successfully stopped logging for id=5
2025-09-05 16:21:08,153 - INFO - Data saved: training_data/triangle_med_20250905_162108.json
2025-09-05 16:21:08,154 - INFO - States: 1525, Commands: 1004, Duration: 15.2s
2025-09-05 16:21:08,154 - INFO - Successfully saved 1525 state data points
2025-09-05 16:21:08,154 - INFO - Successfully saved 1004 control commands
2025-09-05 16:21:08,154 - INFO - Closing link
2025-09-05 16:21:08,155 - INFO - Callback->Disconnected from [radio://0/80/2M/E7E7E7E7E6]
