2025-09-04 12:20:06,645 - INFO - === Fixed continuous data collector ===
2025-09-04 12:20:06,645 - INFO - Mission: vertical_small
2025-09-04 12:20:06,645 - INFO - Waypoints (absolute coordinates): [(0, 0, 0.3), (0, 0, 0.6), (0, 0, 0.9), (0, 0, 0.6), (0, 0, 0.3)]
2025-09-04 12:20:06,646 - INFO - Callback->Connection initialized[radio://0/80/2M/E7E7E7E7E6]
2025-09-04 12:20:06,897 - INFO - We are connected[radio://0/80/2M/E7E7E7E7E6], request connection setup
2025-09-04 12:20:06,898 - INFO - Request _request_protocol_version()
2025-09-04 12:20:06,903 - INFO - Callback->Connected to [radio://0/80/2M/E7E7E7E7E6]
2025-09-04 12:20:06,909 - INFO - _crt_service_callback
2025-09-04 12:20:06,909 - INFO - Request protocol version
2025-09-04 12:20:06,912 - INFO - _platform_callback
2025-09-04 12:20:06,912 - INFO - Protocol version (platform): 9
2025-09-04 12:20:06,923 - INFO - TOC for port [5] found in cache
2025-09-04 12:20:06,923 - INFO - Log TOC finished updating
2025-09-04 12:20:06,927 - INFO - 6 memories found
2025-09-04 12:20:07,004 - INFO - Memories finished updating
2025-09-04 12:20:07,010 - INFO - TOC for port [2] found in cache
2025-09-04 12:20:07,587 - INFO - Param TOC finished updating
2025-09-04 12:20:07,587 - INFO - Callback->Connection setup finished [radio://0/80/2M/E7E7E7E7E6]
2025-09-04 12:20:07,588 - INFO - Connected: radio://0/80/2M/E7E7E7E7E6
2025-09-04 12:20:07,597 - INFO - Have successfully started logging for id=1
2025-09-04 12:20:07,700 - INFO - Battery: 3.81V (safe)
2025-09-04 12:20:07,701 - INFO - Battery check passed: 3.81V
2025-09-04 12:20:07,701 - INFO - Initializing position estimator to origin...
2025-09-04 12:20:07,706 - INFO - Have successfully stopped logging for id=1
2025-09-04 12:20:07,709 - INFO - Have successfully deleted id=1
2025-09-04 12:20:09,082 - INFO - All parameters updated
2025-09-04 12:20:09,082 - INFO - Callback->Connection completed [radio://0/80/2M/E7E7E7E7E6]
2025-09-04 12:20:09,190 - INFO - Have successfully started logging for id=2
2025-09-04 12:20:17,185 - INFO - Waiting for position estimator...
2025-09-04 12:20:17,189 - INFO - Have successfully stopped logging for id=2
2025-09-04 12:20:17,190 - INFO - Have successfully deleted id=2
2025-09-04 12:20:17,194 - INFO - Have successfully started logging for id=3
2025-09-04 12:20:18,193 - INFO - Position estimator ready
2025-09-04 12:20:18,194 - INFO - Controller parameters optimized
2025-09-04 12:20:18,197 - INFO - Have successfully stopped logging for id=3
2025-09-04 12:20:18,197 - INFO - Have successfully deleted id=3
2025-09-04 12:20:22,874 - INFO - Start collection (slot:10ms)
2025-09-04 12:20:22,877 - INFO - Data collector started
2025-09-04 12:20:22,879 - INFO - Position manager started
2025-09-04 12:20:22,886 - INFO - Have successfully started logging for id=4
2025-09-04 12:20:22,887 - INFO - Have successfully started logging for id=5
2025-09-04 12:20:22,889 - INFO - Have successfully started logging for id=6
2025-09-04 12:20:22,979 - INFO - Position manager data flow is normal
2025-09-04 12:20:24,979 - INFO - Current position: (0.025, 0.047, 0.015, 89.9°)
2025-09-04 12:20:24,979 - INFO - Using absolute coordinate system, ignoring takeoff position offset
2025-09-04 12:20:25,979 - INFO - Pre-flight stabilization to first waypoint: (0.000, 0.000, 0.300)
2025-09-04 12:20:26,129 - INFO - Waypoint1: absolute coordinates(0.000, 0.000, 0.300, yaw=90.0°)
2025-09-04 12:20:26,130 - INFO - Flying to coordinate: (0.000, 0.000, 0.300)
2025-09-04 12:20:36,130 - WARNING - Waypoint timeout 10.0s (final error may still be acceptable)
2025-09-04 12:20:36,130 - WARNING - Waypoint1 not fully reached, continuing execution
2025-09-04 12:20:36,730 - INFO - Waypoint2: absolute coordinates(0.000, 0.000, 0.600, yaw=90.0°)
2025-09-04 12:20:36,730 - INFO - Flying to coordinate: (0.000, 0.000, 0.600)
2025-09-04 12:20:38,444 - INFO - Have successfully stopped logging for id=6
2025-09-04 12:20:38,538 - INFO - Position manager stopped
2025-09-04 12:20:38,541 - INFO - Stopping data collector...
2025-09-04 12:20:38,548 - INFO - Collection complete - stats: {'created': 1566, 'complete': 1566, 'merged': 0, 'dropped': 0}
2025-09-04 12:20:38,555 - INFO - Have successfully stopped logging for id=4
2025-09-04 12:20:38,559 - INFO - Have successfully stopped logging for id=5
2025-09-04 12:20:38,604 - INFO - Data saved: training_data/vertical_small_20250904_122038.json
2025-09-04 12:20:38,604 - INFO - States: 1566, Commands: 1196, Duration: 15.7s
2025-09-04 12:20:38,605 - INFO - Successfully saved 1566 state data points
2025-09-04 12:20:38,605 - INFO - Successfully saved 1196 control commands
2025-09-04 12:20:38,605 - INFO - Closing link
2025-09-04 12:20:38,605 - INFO - Callback->Disconnected from [radio://0/80/2M/E7E7E7E7E6]
2025-09-04 12:20:38,646 - INFO - User interrupted
