2025-09-04 14:37:52,480 - INFO - === Fixed continuous data collector ===
2025-09-04 14:37:52,480 - INFO - Mission: vertical_med
2025-09-04 14:37:52,480 - INFO - Waypoints (absolute coordinates): [(0, 0, 0.4), (0, 0, 0.8), (0, 0, 0.4)]
2025-09-04 14:37:52,481 - INFO - Callback->Connection initialized[radio://0/80/2M/E7E7E7E7E6]
2025-09-04 14:37:52,733 - INFO - We are connected[radio://0/80/2M/E7E7E7E7E6], request connection setup
2025-09-04 14:37:52,733 - INFO - Request _request_protocol_version()
2025-09-04 14:37:52,736 - INFO - Callback->Connected to [radio://0/80/2M/E7E7E7E7E6]
2025-09-04 14:37:52,743 - INFO - _crt_service_callback
2025-09-04 14:37:52,743 - INFO - Request protocol version
2025-09-04 14:37:52,747 - INFO - _platform_callback
2025-09-04 14:37:52,747 - INFO - Protocol version (platform): 9
2025-09-04 14:37:52,759 - INFO - TOC for port [5] found in cache
2025-09-04 14:37:52,759 - INFO - Log TOC finished updating
2025-09-04 14:37:52,763 - INFO - 6 memories found
2025-09-04 14:37:52,839 - INFO - Memories finished updating
2025-09-04 14:37:52,845 - INFO - TOC for port [2] found in cache
2025-09-04 14:37:53,406 - INFO - Param TOC finished updating
2025-09-04 14:37:53,406 - INFO - Callback->Connection setup finished [radio://0/80/2M/E7E7E7E7E6]
2025-09-04 14:37:53,407 - INFO - Connected: radio://0/80/2M/E7E7E7E7E6
2025-09-04 14:37:53,416 - INFO - Have successfully started logging for id=1
2025-09-04 14:37:53,518 - INFO - Battery: 3.78V (low)
2025-09-04 14:37:53,519 - ERROR - Battery voltage too low: 3.78V < 3.8V
2025-09-04 14:37:53,519 - INFO - Closing link
2025-09-04 14:37:53,521 - INFO - Callback->Disconnected from [radio://0/80/2M/E7E7E7E7E6]
