2025-09-05 16:43:23,511 - INFO - === Fixed continuous data collector ===
2025-09-05 16:43:23,511 - INFO - Mission: triangle_med
2025-09-05 16:43:23,511 - INFO - Waypoints (absolute coordinates): [(0, 0, 0.6), (0.5, 0, 0.6), (0.25, 0.5, 0.6), (0, 0, 0.6)]
2025-09-05 16:43:23,511 - INFO - Callback->Connection initialized[radio://0/80/2M/E7E7E7E7E6]
2025-09-05 16:43:23,763 - INFO - We are connected[radio://0/80/2M/E7E7E7E7E6], request connection setup
2025-09-05 16:43:23,763 - INFO - Request _request_protocol_version()
2025-09-05 16:43:23,765 - INFO - Callback->Connected to [radio://0/80/2M/E7E7E7E7E6]
2025-09-05 16:43:23,769 - INFO - _crt_service_callback
2025-09-05 16:43:23,769 - INFO - Request protocol version
2025-09-05 16:43:23,772 - INFO - _platform_callback
2025-09-05 16:43:23,772 - INFO - Protocol version (platform): 9
2025-09-05 16:43:23,782 - INFO - TOC for port [5] found in cache
2025-09-05 16:43:23,782 - INFO - Log TOC finished updating
2025-09-05 16:43:23,785 - INFO - 6 memories found
2025-09-05 16:43:23,860 - INFO - Memories finished updating
2025-09-05 16:43:23,865 - INFO - TOC for port [2] found in cache
2025-09-05 16:43:24,282 - INFO - Param TOC finished updating
2025-09-05 16:43:24,282 - INFO - Callback->Connection setup finished [radio://0/80/2M/E7E7E7E7E6]
2025-09-05 16:43:24,283 - INFO - Connected: radio://0/80/2M/E7E7E7E7E6
2025-09-05 16:43:24,291 - INFO - Have successfully started logging for id=1
2025-09-05 16:43:24,391 - INFO - Battery: 3.96V (safe)
2025-09-05 16:43:24,392 - INFO - Battery check passed: 3.96V
2025-09-05 16:43:24,392 - INFO - Initializing position estimator to origin...
2025-09-05 16:43:24,394 - INFO - Have successfully stopped logging for id=1
2025-09-05 16:43:24,395 - INFO - Have successfully deleted id=1
2025-09-05 16:43:25,342 - INFO - All parameters updated
2025-09-05 16:43:25,342 - INFO - Callback->Connection completed [radio://0/80/2M/E7E7E7E7E6]
2025-09-05 16:43:25,450 - INFO - Have successfully started logging for id=2
2025-09-05 16:43:31,947 - INFO - Waiting for position estimator...
2025-09-05 16:43:31,950 - INFO - Have successfully stopped logging for id=2
2025-09-05 16:43:31,951 - INFO - Have successfully deleted id=2
2025-09-05 16:43:31,955 - INFO - Have successfully started logging for id=3
2025-09-05 16:43:32,955 - INFO - Position estimator ready
2025-09-05 16:43:32,955 - INFO - Controller parameters optimized
2025-09-05 16:43:32,958 - INFO - Have successfully stopped logging for id=3
2025-09-05 16:43:32,958 - INFO - Have successfully deleted id=3
2025-09-05 16:43:35,125 - INFO - Start collection (slot:10ms)
2025-09-05 16:43:35,126 - INFO - Data collector started
2025-09-05 16:43:35,127 - INFO - Position manager started
2025-09-05 16:43:35,134 - INFO - Have successfully started logging for id=4
2025-09-05 16:43:35,135 - INFO - Have successfully started logging for id=5
2025-09-05 16:43:35,135 - INFO - Have successfully started logging for id=6
2025-09-05 16:43:35,227 - INFO - Position manager data flow is normal
2025-09-05 16:43:37,227 - INFO - Current position: (-0.018, 0.015, 0.038, 89.9°)
2025-09-05 16:43:37,227 - INFO - Using absolute coordinate system, ignoring takeoff position offset
2025-09-05 16:43:38,227 - INFO - Pre-flight stabilization to first waypoint: (0.000, 0.000, 0.600)
2025-09-05 16:43:38,379 - INFO - Waypoint1: absolute coordinates(0.000, 0.000, 0.600, yaw=90.0°)
2025-09-05 16:43:38,379 - INFO - Flying to coordinate: (0.000, 0.000, 0.600)
2025-09-05 16:43:39,439 - INFO - Approaching target (error=0.131m), entering stabilization phase
2025-09-05 16:43:39,929 - INFO - Reached waypoint (error=0.019m, stable_count=30)
2025-09-05 16:43:40,529 - INFO - Waypoint2: absolute coordinates(0.500, 0.000, 0.600, yaw=90.0°)
2025-09-05 16:43:40,529 - INFO - Flying to coordinate: (0.500, 0.000, 0.600)
2025-09-05 16:43:41,290 - INFO - Approaching target (error=0.131m), entering stabilization phase
2025-09-05 16:43:43,520 - INFO - Reached waypoint (error=0.071m, stable_count=30)
2025-09-05 16:43:44,120 - INFO - Waypoint3: absolute coordinates(0.250, 0.500, 0.600, yaw=90.0°)
2025-09-05 16:43:44,120 - INFO - Flying to coordinate: (0.250, 0.500, 0.600)
2025-09-05 16:43:44,830 - INFO - Approaching target (error=0.141m), entering stabilization phase
2025-09-05 16:43:45,220 - INFO - Reached waypoint (error=0.061m, stable_count=30)
2025-09-05 16:43:45,820 - INFO - Waypoint4: absolute coordinates(0.000, 0.000, 0.600, yaw=90.0°)
2025-09-05 16:43:45,820 - INFO - Flying to coordinate: (0.000, 0.000, 0.600)
2025-09-05 16:43:46,781 - INFO - Approaching target (error=0.141m), entering stabilization phase
2025-09-05 16:43:48,271 - INFO - Reached waypoint (error=0.046m, stable_count=30)
2025-09-05 16:43:48,872 - INFO - Returning to origin and landing...
2025-09-05 16:43:48,872 - INFO - Flying to coordinate: (0.000, 0.000, 0.200)
2025-09-05 16:43:49,632 - INFO - Approaching target (error=0.140m), entering stabilization phase
2025-09-05 16:43:50,322 - INFO - Reached waypoint (error=0.063m, stable_count=30)
2025-09-05 16:43:50,322 - INFO - Landing...
2025-09-05 16:43:50,322 - INFO - Landing complete
2025-09-05 16:43:50,328 - INFO - Have successfully stopped logging for id=6
2025-09-05 16:43:50,425 - INFO - Position manager stopped
2025-09-05 16:43:50,426 - INFO - Flight mission complete
2025-09-05 16:43:50,426 - INFO - Stopping data collector...
2025-09-05 16:43:50,428 - INFO - Collection complete - stats: {'created': 1531, 'complete': 1529, 'merged': 0, 'dropped': 1}
2025-09-05 16:43:50,440 - INFO - Have successfully stopped logging for id=4
2025-09-05 16:43:50,443 - INFO - Have successfully stopped logging for id=5
2025-09-05 16:43:50,481 - INFO - Data saved: training_data/triangle_med_20250905_164350.json
2025-09-05 16:43:50,481 - INFO - States: 1529, Commands: 1011, Duration: 15.3s
2025-09-05 16:43:50,481 - INFO - Successfully saved 1529 state data points
2025-09-05 16:43:50,481 - INFO - Successfully saved 1011 control commands
2025-09-05 16:43:50,481 - INFO - Closing link
2025-09-05 16:43:50,482 - INFO - Callback->Disconnected from [radio://0/80/2M/E7E7E7E7E6]
