2025-09-05 14:42:32,259 - INFO - === Fixed continuous data collector ===
2025-09-05 14:42:32,259 - INFO - Mission: square_large
2025-09-05 14:42:32,259 - INFO - Waypoints (absolute coordinates): [(0, 0, 0.5), (0.7, 0, 0.5), (0.7, 0.7, 0.5), (0, 0.7, 0.5), (0, 0, 0.5)]
2025-09-05 14:42:32,260 - INFO - Callback->Connection initialized[radio://0/80/2M/E7E7E7E7E6]
2025-09-05 14:42:32,510 - INFO - We are connected[radio://0/80/2M/E7E7E7E7E6], request connection setup
2025-09-05 14:42:32,510 - INFO - Request _request_protocol_version()
2025-09-05 14:42:32,514 - INFO - Callback->Connected to [radio://0/80/2M/E7E7E7E7E6]
2025-09-05 14:42:32,591 - INFO - _crt_service_callback
2025-09-05 14:42:32,591 - INFO - Request protocol version
2025-09-05 14:42:32,595 - INFO - _platform_callback
2025-09-05 14:42:32,595 - INFO - Protocol version (platform): 9
2025-09-05 14:42:32,604 - INFO - TOC for port [5] found in cache
2025-09-05 14:42:32,605 - INFO - Log TOC finished updating
2025-09-05 14:42:32,609 - INFO - 6 memories found
2025-09-05 14:42:32,684 - INFO - Memories finished updating
2025-09-05 14:42:32,690 - INFO - TOC for port [2] found in cache
2025-09-05 14:42:33,119 - INFO - Param TOC finished updating
2025-09-05 14:42:33,119 - INFO - Callback->Connection setup finished [radio://0/80/2M/E7E7E7E7E6]
2025-09-05 14:42:33,120 - INFO - Connected: radio://0/80/2M/E7E7E7E7E6
2025-09-05 14:42:33,130 - INFO - Have successfully started logging for id=1
2025-09-05 14:42:33,229 - INFO - Battery: 4.08V (safe)
2025-09-05 14:42:33,230 - INFO - Battery check passed: 4.08V
2025-09-05 14:42:33,230 - INFO - Initializing position estimator to origin...
2025-09-05 14:42:33,232 - INFO - Have successfully stopped logging for id=1
2025-09-05 14:42:33,233 - INFO - Have successfully deleted id=1
2025-09-05 14:42:34,444 - INFO - All parameters updated
2025-09-05 14:42:34,444 - INFO - Callback->Connection completed [radio://0/80/2M/E7E7E7E7E6]
2025-09-05 14:42:34,553 - INFO - Have successfully started logging for id=2
2025-09-05 14:42:41,548 - INFO - Waiting for position estimator...
2025-09-05 14:42:41,551 - INFO - Have successfully stopped logging for id=2
2025-09-05 14:42:41,552 - INFO - Have successfully deleted id=2
2025-09-05 14:42:41,557 - INFO - Have successfully started logging for id=3
2025-09-05 14:42:42,557 - INFO - Position estimator ready
2025-09-05 14:42:42,558 - INFO - Controller parameters optimized
2025-09-05 14:42:42,562 - INFO - Have successfully stopped logging for id=3
2025-09-05 14:42:42,563 - INFO - Have successfully deleted id=3
2025-09-05 14:42:44,737 - INFO - Start collection (slot:10ms)
2025-09-05 14:42:44,738 - INFO - Data collector started
2025-09-05 14:42:44,739 - INFO - Position manager started
2025-09-05 14:42:44,745 - INFO - Have successfully started logging for id=4
2025-09-05 14:42:44,747 - INFO - Have successfully started logging for id=5
2025-09-05 14:42:44,748 - INFO - Have successfully started logging for id=6
2025-09-05 14:42:44,840 - INFO - Position manager data flow is normal
2025-09-05 14:42:46,840 - INFO - Current position: (0.010, 0.042, -0.012, 89.1°)
2025-09-05 14:42:46,840 - INFO - Using absolute coordinate system, ignoring takeoff position offset
2025-09-05 14:42:47,840 - INFO - Pre-flight stabilization to first waypoint: (0.000, 0.000, 0.500)
2025-09-05 14:42:47,990 - INFO - Waypoint1: absolute coordinates(0.000, 0.000, 0.500, yaw=90.0°)
2025-09-05 14:42:47,991 - INFO - Flying to coordinate: (0.000, 0.000, 0.500)
2025-09-05 14:42:48,951 - INFO - Approaching target (error=0.138m), entering stabilization phase
2025-09-05 14:42:49,491 - INFO - Reached waypoint (error=0.029m, stable_count=30)
2025-09-05 14:42:50,091 - INFO - Waypoint2: absolute coordinates(0.700, 0.000, 0.500, yaw=90.0°)
2025-09-05 14:42:50,091 - INFO - Flying to coordinate: (0.700, 0.000, 0.500)
2025-09-05 14:42:51,001 - INFO - Approaching target (error=0.148m), entering stabilization phase
2025-09-05 14:42:53,591 - INFO - Reached waypoint (error=0.035m, stable_count=30)
2025-09-05 14:42:54,191 - INFO - Waypoint3: absolute coordinates(0.700, 0.700, 0.500, yaw=90.0°)
2025-09-05 14:42:54,191 - INFO - Flying to coordinate: (0.700, 0.700, 0.500)
2025-09-05 14:42:54,941 - INFO - Approaching target (error=0.132m), entering stabilization phase
2025-09-05 14:42:55,781 - INFO - Reached waypoint (error=0.031m, stable_count=30)
2025-09-05 14:42:56,382 - INFO - Waypoint4: absolute coordinates(0.000, 0.700, 0.500, yaw=90.0°)
2025-09-05 14:42:56,382 - INFO - Flying to coordinate: (0.000, 0.700, 0.500)
2025-09-05 14:42:57,542 - INFO - Approaching target (error=0.137m), entering stabilization phase
2025-09-05 14:42:58,782 - INFO - Reached waypoint (error=0.073m, stable_count=30)
2025-09-05 14:42:59,382 - INFO - Waypoint5: absolute coordinates(0.000, 0.000, 0.500, yaw=90.0°)
2025-09-05 14:42:59,382 - INFO - Flying to coordinate: (0.000, 0.000, 0.500)
2025-09-05 14:43:00,342 - INFO - Approaching target (error=0.124m), entering stabilization phase
2025-09-05 14:43:02,282 - INFO - Reached waypoint (error=0.077m, stable_count=30)
2025-09-05 14:43:02,883 - INFO - Returning to origin and landing...
2025-09-05 14:43:02,883 - INFO - Flying to coordinate: (0.000, 0.000, 0.200)
2025-09-05 14:43:03,593 - INFO - Approaching target (error=0.142m), entering stabilization phase
2025-09-05 14:43:04,173 - INFO - Reached waypoint (error=0.044m, stable_count=30)
2025-09-05 14:43:04,173 - INFO - Landing...
2025-09-05 14:43:04,173 - INFO - Landing complete
2025-09-05 14:43:04,179 - INFO - Have successfully stopped logging for id=6
2025-09-05 14:43:04,274 - INFO - Position manager stopped
2025-09-05 14:43:04,275 - INFO - Flight mission complete
2025-09-05 14:43:04,275 - INFO - Stopping data collector...
2025-09-05 14:43:04,277 - INFO - Collection complete - stats: {'created': 1955, 'complete': 1953, 'merged': 0, 'dropped': 1}
2025-09-05 14:43:04,287 - INFO - Have successfully stopped logging for id=4
2025-09-05 14:43:04,288 - INFO - Have successfully stopped logging for id=5
2025-09-05 14:43:04,348 - INFO - Data saved: training_data/square_large_20250905_144304.json
2025-09-05 14:43:04,348 - INFO - States: 1953, Commands: 1383, Duration: 19.5s
2025-09-05 14:43:04,349 - INFO - Successfully saved 1953 state data points
2025-09-05 14:43:04,349 - INFO - Successfully saved 1383 control commands
2025-09-05 14:43:04,349 - INFO - Closing link
2025-09-05 14:43:04,350 - INFO - Callback->Disconnected from [radio://0/80/2M/E7E7E7E7E6]
