2025-09-04 15:07:26,869 - INFO - === Fixed continuous data collector ===
2025-09-04 15:07:26,869 - INFO - Mission: vertical_large
2025-09-04 15:07:26,869 - INFO - Waypoints (absolute coordinates): [(0, 0, 0.5), (0, 0, 1.0), (0, 0, 0.5)]
2025-09-04 15:07:26,869 - INFO - Callback->Connection initialized[radio://0/80/2M/E7E7E7E7E6]
2025-09-04 15:07:27,121 - INFO - We are connected[radio://0/80/2M/E7E7E7E7E6], request connection setup
2025-09-04 15:07:27,121 - INFO - Request _request_protocol_version()
2025-09-04 15:07:27,123 - INFO - Callback->Connected to [radio://0/80/2M/E7E7E7E7E6]
2025-09-04 15:07:27,128 - INFO - _crt_service_callback
2025-09-04 15:07:27,128 - INFO - Request protocol version
2025-09-04 15:07:27,131 - INFO - _platform_callback
2025-09-04 15:07:27,131 - INFO - Protocol version (platform): 9
2025-09-04 15:07:27,143 - INFO - TOC for port [5] found in cache
2025-09-04 15:07:27,143 - INFO - Log TOC finished updating
2025-09-04 15:07:27,148 - INFO - 6 memories found
2025-09-04 15:07:27,231 - INFO - Memories finished updating
2025-09-04 15:07:27,238 - INFO - TOC for port [2] found in cache
2025-09-04 15:07:27,745 - INFO - Param TOC finished updating
2025-09-04 15:07:27,745 - INFO - Callback->Connection setup finished [radio://0/80/2M/E7E7E7E7E6]
2025-09-04 15:07:27,746 - INFO - Connected: radio://0/80/2M/E7E7E7E7E6
2025-09-04 15:07:27,760 - INFO - Have successfully started logging for id=1
2025-09-04 15:07:27,856 - INFO - Battery: 4.01V (safe)
2025-09-04 15:07:27,857 - INFO - Battery check passed: 4.01V
2025-09-04 15:07:27,857 - INFO - Initializing position estimator to origin...
2025-09-04 15:07:27,864 - INFO - Have successfully stopped logging for id=1
2025-09-04 15:07:27,865 - INFO - Have successfully deleted id=1
2025-09-04 15:07:29,240 - INFO - All parameters updated
2025-09-04 15:07:29,240 - INFO - Callback->Connection completed [radio://0/80/2M/E7E7E7E7E6]
2025-09-04 15:07:29,350 - INFO - Have successfully started logging for id=2
2025-09-04 15:07:35,847 - INFO - Waiting for position estimator...
2025-09-04 15:07:35,851 - INFO - Have successfully stopped logging for id=2
2025-09-04 15:07:35,852 - INFO - Have successfully deleted id=2
2025-09-04 15:07:35,858 - INFO - Have successfully started logging for id=3
2025-09-04 15:07:36,859 - INFO - Position estimator ready
2025-09-04 15:07:36,859 - INFO - Controller parameters optimized
2025-09-04 15:07:36,863 - INFO - Have successfully stopped logging for id=3
2025-09-04 15:07:36,864 - INFO - Have successfully deleted id=3
2025-09-04 15:07:39,402 - INFO - Start collection (slot:10ms)
2025-09-04 15:07:39,403 - INFO - Data collector started
2025-09-04 15:07:39,404 - INFO - Position manager started
2025-09-04 15:07:39,418 - INFO - Have successfully started logging for id=4
2025-09-04 15:07:39,419 - INFO - Have successfully started logging for id=5
2025-09-04 15:07:39,421 - INFO - Have successfully started logging for id=6
2025-09-04 15:07:39,505 - INFO - Position manager data flow is normal
2025-09-04 15:07:41,505 - INFO - Current position: (0.007, 0.057, 0.013, 89.4°)
2025-09-04 15:07:41,505 - INFO - Using absolute coordinate system, ignoring takeoff position offset
2025-09-04 15:07:42,505 - INFO - Pre-flight stabilization to first waypoint: (0.000, 0.000, 0.500)
2025-09-04 15:07:42,657 - INFO - Waypoint1: absolute coordinates(0.000, 0.000, 0.500, yaw=90.0°)
2025-09-04 15:07:42,658 - INFO - Flying to coordinate: (0.000, 0.000, 0.500)
2025-09-04 15:07:52,658 - WARNING - Waypoint timeout 10.0s (final error may still be acceptable)
2025-09-04 15:07:52,658 - WARNING - Waypoint1 not fully reached, continuing execution
2025-09-04 15:07:53,258 - INFO - Waypoint2: absolute coordinates(0.000, 0.000, 1.000, yaw=90.0°)
2025-09-04 15:07:53,258 - INFO - Flying to coordinate: (0.000, 0.000, 1.000)
2025-09-04 15:08:01,414 - INFO - Have successfully stopped logging for id=6
2025-09-04 15:08:01,507 - INFO - Position manager stopped
2025-09-04 15:08:01,514 - INFO - Stopping data collector...
2025-09-04 15:08:01,516 - INFO - Collection complete - stats: {'created': 2211, 'complete': 2211, 'merged': 0, 'dropped': 0}
2025-09-04 15:08:01,528 - INFO - Have successfully stopped logging for id=4
2025-09-04 15:08:01,529 - INFO - Have successfully stopped logging for id=5
2025-09-04 15:08:01,593 - INFO - Data saved: training_data/vertical_large_20250904_150801.json
2025-09-04 15:08:01,593 - INFO - States: 2211, Commands: 1842, Duration: 22.1s
2025-09-04 15:08:01,593 - INFO - Successfully saved 2211 state data points
2025-09-04 15:08:01,593 - INFO - Successfully saved 1842 control commands
2025-09-04 15:08:01,593 - INFO - Closing link
2025-09-04 15:08:01,594 - INFO - Callback->Disconnected from [radio://0/80/2M/E7E7E7E7E6]
2025-09-04 15:08:01,606 - INFO - User interrupted
