2025-09-04 13:21:37,165 - INFO - === Fixed continuous data collector ===
2025-09-04 13:21:37,165 - INFO - Mission: vertical_small
2025-09-04 13:21:37,165 - INFO - Waypoints (absolute coordinates): [(0, 0, 0.3), (0, 0, 0.6), (0, 0, 0.9), (0, 0, 0.6), (0, 0, 0.3)]
2025-09-04 13:21:37,166 - INFO - Callback->Connection initialized[radio://0/80/2M/E7E7E7E7E6]
2025-09-04 13:21:37,417 - INFO - We are connected[radio://0/80/2M/E7E7E7E7E6], request connection setup
2025-09-04 13:21:37,417 - INFO - Request _request_protocol_version()
2025-09-04 13:21:37,423 - INFO - Callback->Connected to [radio://0/80/2M/E7E7E7E7E6]
2025-09-04 13:21:37,428 - INFO - _crt_service_callback
2025-09-04 13:21:37,428 - INFO - Request protocol version
2025-09-04 13:21:37,431 - INFO - _platform_callback
2025-09-04 13:21:37,431 - INFO - Protocol version (platform): 9
2025-09-04 13:21:37,441 - INFO - TOC for port [5] found in cache
2025-09-04 13:21:37,441 - INFO - Log TOC finished updating
2025-09-04 13:21:37,445 - INFO - 6 memories found
2025-09-04 13:21:37,529 - INFO - Memories finished updating
2025-09-04 13:21:37,534 - INFO - TOC for port [2] found in cache
2025-09-04 13:21:38,012 - INFO - Param TOC finished updating
2025-09-04 13:21:38,012 - INFO - Callback->Connection setup finished [radio://0/80/2M/E7E7E7E7E6]
2025-09-04 13:21:38,013 - INFO - Connected: radio://0/80/2M/E7E7E7E7E6
2025-09-04 13:21:38,025 - INFO - Have successfully started logging for id=1
2025-09-04 13:21:38,123 - INFO - Battery: 3.90V (safe)
2025-09-04 13:21:38,125 - INFO - Battery check passed: 3.90V
2025-09-04 13:21:38,125 - INFO - Initializing position estimator to origin...
2025-09-04 13:21:38,128 - INFO - Have successfully stopped logging for id=1
2025-09-04 13:21:38,132 - INFO - Have successfully deleted id=1
2025-09-04 13:21:39,333 - INFO - All parameters updated
2025-09-04 13:21:39,333 - INFO - Callback->Connection completed [radio://0/80/2M/E7E7E7E7E6]
2025-09-04 13:21:39,443 - INFO - Have successfully started logging for id=2
2025-09-04 13:21:45,939 - INFO - Waiting for position estimator...
2025-09-04 13:21:45,943 - INFO - Have successfully stopped logging for id=2
2025-09-04 13:21:45,944 - INFO - Have successfully deleted id=2
2025-09-04 13:21:45,950 - INFO - Have successfully started logging for id=3
2025-09-04 13:21:46,948 - INFO - Position estimator ready
2025-09-04 13:21:46,949 - INFO - Controller parameters optimized
2025-09-04 13:21:46,952 - INFO - Have successfully stopped logging for id=3
2025-09-04 13:21:46,952 - INFO - Have successfully deleted id=3
2025-09-04 13:21:57,446 - INFO - Start collection (slot:10ms)
2025-09-04 13:21:57,447 - INFO - Data collector started
2025-09-04 13:21:57,448 - INFO - Position manager started
2025-09-04 13:21:57,455 - INFO - Have successfully started logging for id=4
2025-09-04 13:21:57,456 - INFO - Have successfully started logging for id=5
2025-09-04 13:21:57,457 - INFO - Have successfully started logging for id=6
2025-09-04 13:21:57,548 - INFO - Position manager data flow is normal
2025-09-04 13:21:59,548 - INFO - Current position: (-0.002, 0.065, 0.015, 90.4°)
2025-09-04 13:21:59,548 - INFO - Using absolute coordinate system, ignoring takeoff position offset
2025-09-04 13:22:00,548 - INFO - Pre-flight stabilization to first waypoint: (0.000, 0.000, 0.300)
2025-09-04 13:22:00,700 - INFO - Waypoint1: absolute coordinates(0.000, 0.000, 0.300, yaw=90.0°)
2025-09-04 13:22:00,700 - INFO - Flying to coordinate: (0.000, 0.000, 0.300)
2025-09-04 13:22:01,710 - INFO - Approaching target (error=0.142m), entering stabilization phase
2025-09-04 13:22:02,500 - INFO - Reached waypoint (error=0.067m, stable_count=30)
2025-09-04 13:22:03,100 - INFO - Waypoint2: absolute coordinates(0.000, 0.000, 0.600, yaw=90.0°)
2025-09-04 13:22:03,100 - INFO - Flying to coordinate: (0.000, 0.000, 0.600)
2025-09-04 13:22:03,560 - INFO - Approaching target (error=0.138m), entering stabilization phase
2025-09-04 13:22:04,050 - INFO - Reached waypoint (error=0.050m, stable_count=30)
2025-09-04 13:22:04,651 - INFO - Waypoint3: absolute coordinates(0.000, 0.000, 0.900, yaw=90.0°)
2025-09-04 13:22:04,651 - INFO - Flying to coordinate: (0.000, 0.000, 0.900)
2025-09-04 13:22:05,011 - INFO - Approaching target (error=0.127m), entering stabilization phase
2025-09-04 13:22:05,451 - INFO - Reached waypoint (error=0.055m, stable_count=30)
2025-09-04 13:22:06,051 - INFO - Waypoint4: absolute coordinates(0.000, 0.000, 0.600, yaw=90.0°)
2025-09-04 13:22:06,051 - INFO - Flying to coordinate: (0.000, 0.000, 0.600)
2025-09-04 13:22:07,151 - INFO - Approaching target (error=0.144m), entering stabilization phase
2025-09-04 13:22:09,441 - INFO - Reached waypoint (error=0.054m, stable_count=30)
2025-09-04 13:22:10,042 - INFO - Waypoint5: absolute coordinates(0.000, 0.000, 0.300, yaw=90.0°)
2025-09-04 13:22:10,042 - INFO - Flying to coordinate: (0.000, 0.000, 0.300)
2025-09-04 13:22:10,852 - INFO - Approaching target (error=0.147m), entering stabilization phase
2025-09-04 13:22:13,142 - INFO - Reached waypoint (error=0.046m, stable_count=30)
2025-09-04 13:22:13,742 - INFO - Returning to origin and landing...
2025-09-04 13:22:13,742 - INFO - Flying to coordinate: (0.000, 0.000, 0.200)
2025-09-04 13:22:13,742 - INFO - Approaching target (error=0.088m), entering stabilization phase
2025-09-04 13:22:14,342 - INFO - Reached waypoint (error=0.025m, stable_count=30)
2025-09-04 13:22:14,342 - INFO - Landing...
2025-09-04 13:22:14,343 - INFO - Landing complete
2025-09-04 13:22:14,348 - INFO - Have successfully stopped logging for id=6
2025-09-04 13:22:14,444 - INFO - Position manager stopped
2025-09-04 13:22:14,445 - INFO - Flight mission complete
2025-09-04 13:22:14,445 - INFO - Stopping data collector...
2025-09-04 13:22:14,447 - INFO - Collection complete - stats: {'created': 1700, 'complete': 1700, 'merged': 0, 'dropped': 0}
2025-09-04 13:22:14,456 - INFO - Have successfully stopped logging for id=4
2025-09-04 13:22:14,458 - INFO - Have successfully stopped logging for id=5
2025-09-04 13:22:14,506 - INFO - Data saved: training_data/vertical_small_20250904_132214.json
2025-09-04 13:22:14,506 - INFO - States: 1700, Commands: 1130, Duration: 17.0s
2025-09-04 13:22:14,506 - INFO - Successfully saved 1700 state data points
2025-09-04 13:22:14,507 - INFO - Successfully saved 1130 control commands
2025-09-04 13:22:14,507 - INFO - Closing link
2025-09-04 13:22:14,507 - INFO - Callback->Disconnected from [radio://0/80/2M/E7E7E7E7E6]
