2025-09-05 16:26:35,039 - INFO - === Fixed continuous data collector ===
2025-09-05 16:26:35,039 - INFO - Mission: triangle_med
2025-09-05 16:26:35,039 - INFO - Waypoints (absolute coordinates): [(0, 0, 0.6), (0.5, 0, 0.6), (0.25, 0.5, 0.6), (0, 0, 0.6)]
2025-09-05 16:26:35,039 - INFO - Callback->Connection initialized[radio://0/80/2M/E7E7E7E7E6]
2025-09-05 16:26:35,289 - INFO - We are connected[radio://0/80/2M/E7E7E7E7E6], request connection setup
2025-09-05 16:26:35,289 - INFO - Request _request_protocol_version()
2025-09-05 16:26:35,292 - INFO - Callback->Connected to [radio://0/80/2M/E7E7E7E7E6]
2025-09-05 16:26:35,297 - INFO - _crt_service_callback
2025-09-05 16:26:35,297 - INFO - Request protocol version
2025-09-05 16:26:35,302 - INFO - _platform_callback
2025-09-05 16:26:35,303 - INFO - Protocol version (platform): 9
2025-09-05 16:26:35,317 - INFO - TOC for port [5] found in cache
2025-09-05 16:26:35,317 - INFO - Log TOC finished updating
2025-09-05 16:26:35,320 - INFO - 6 memories found
2025-09-05 16:26:35,395 - INFO - Memories finished updating
2025-09-05 16:26:35,401 - INFO - TOC for port [2] found in cache
2025-09-05 16:26:35,815 - INFO - Param TOC finished updating
2025-09-05 16:26:35,815 - INFO - Callback->Connection setup finished [radio://0/80/2M/E7E7E7E7E6]
2025-09-05 16:26:35,816 - INFO - Connected: radio://0/80/2M/E7E7E7E7E6
2025-09-05 16:26:35,824 - INFO - Have successfully started logging for id=1
2025-09-05 16:26:35,924 - INFO - Battery: 3.85V (safe)
2025-09-05 16:26:35,925 - INFO - Battery check passed: 3.85V
2025-09-05 16:26:35,925 - INFO - Initializing position estimator to origin...
2025-09-05 16:26:35,927 - INFO - Have successfully stopped logging for id=1
2025-09-05 16:26:35,928 - INFO - Have successfully deleted id=1
2025-09-05 16:26:37,006 - INFO - All parameters updated
2025-09-05 16:26:37,006 - INFO - Callback->Connection completed [radio://0/80/2M/E7E7E7E7E6]
2025-09-05 16:26:37,117 - INFO - Have successfully started logging for id=2
2025-09-05 16:26:43,611 - INFO - Waiting for position estimator...
2025-09-05 16:26:43,615 - INFO - Have successfully stopped logging for id=2
2025-09-05 16:26:43,616 - INFO - Have successfully deleted id=2
2025-09-05 16:26:43,622 - INFO - Have successfully started logging for id=3
2025-09-05 16:26:44,621 - INFO - Position estimator ready
2025-09-05 16:26:44,622 - INFO - Controller parameters optimized
2025-09-05 16:26:44,624 - INFO - Have successfully stopped logging for id=3
2025-09-05 16:26:44,625 - INFO - Have successfully deleted id=3
2025-09-05 16:26:46,821 - INFO - Start collection (slot:10ms)
2025-09-05 16:26:46,822 - INFO - Data collector started
2025-09-05 16:26:46,823 - INFO - Position manager started
2025-09-05 16:26:46,831 - INFO - Have successfully started logging for id=4
2025-09-05 16:26:46,832 - INFO - Have successfully started logging for id=5
2025-09-05 16:26:46,833 - INFO - Have successfully started logging for id=6
2025-09-05 16:26:46,923 - INFO - Position manager data flow is normal
2025-09-05 16:26:48,924 - INFO - Current position: (-0.038, 0.032, -0.003, 90.3°)
2025-09-05 16:26:48,924 - INFO - Using absolute coordinate system, ignoring takeoff position offset
2025-09-05 16:26:49,924 - INFO - Pre-flight stabilization to first waypoint: (0.000, 0.000, 0.600)
2025-09-05 16:26:50,074 - INFO - Waypoint1: absolute coordinates(0.000, 0.000, 0.600, yaw=90.0°)
2025-09-05 16:26:50,074 - INFO - Flying to coordinate: (0.000, 0.000, 0.600)
2025-09-05 16:26:59,536 - INFO - Have successfully stopped logging for id=6
2025-09-05 16:26:59,629 - INFO - Position manager stopped
2025-09-05 16:26:59,630 - INFO - Stopping data collector...
2025-09-05 16:26:59,633 - INFO - Collection complete - stats: {'created': 1281, 'complete': 1280, 'merged': 0, 'dropped': 0}
2025-09-05 16:26:59,641 - INFO - Have successfully stopped logging for id=4
2025-09-05 16:26:59,643 - INFO - Have successfully stopped logging for id=5
2025-09-05 16:26:59,681 - INFO - Data saved: training_data/triangle_med_20250905_162659.json
2025-09-05 16:26:59,681 - INFO - States: 1280, Commands: 961, Duration: 12.8s
2025-09-05 16:26:59,681 - INFO - Successfully saved 1280 state data points
2025-09-05 16:26:59,681 - INFO - Successfully saved 961 control commands
2025-09-05 16:26:59,681 - INFO - Closing link
2025-09-05 16:26:59,681 - INFO - Callback->Disconnected from [radio://0/80/2M/E7E7E7E7E6]
2025-09-05 16:26:59,740 - INFO - User interrupted
