2025-09-05 16:08:28,893 - INFO - === Fixed continuous data collector ===
2025-09-05 16:08:28,893 - INFO - Mission: triangle_small
2025-09-05 16:08:28,893 - INFO - Waypoints (absolute coordinates): [(0, 0, 0.6), (0.4, 0, 0.6), (0.2, 0.4, 0.6), (0, 0, 0.6)]
2025-09-05 16:08:28,893 - INFO - Callback->Connection initialized[radio://0/80/2M/E7E7E7E7E6]
2025-09-05 16:08:29,143 - INFO - We are connected[radio://0/80/2M/E7E7E7E7E6], request connection setup
2025-09-05 16:08:29,143 - INFO - Request _request_protocol_version()
2025-09-05 16:08:29,146 - INFO - Callback->Connected to [radio://0/80/2M/E7E7E7E7E6]
2025-09-05 16:08:29,220 - INFO - _crt_service_callback
2025-09-05 16:08:29,220 - INFO - Request protocol version
2025-09-05 16:08:29,223 - INFO - _platform_callback
2025-09-05 16:08:29,223 - INFO - Protocol version (platform): 9
2025-09-05 16:08:29,234 - INFO - TOC for port [5] found in cache
2025-09-05 16:08:29,234 - INFO - Log TOC finished updating
2025-09-05 16:08:29,237 - INFO - 6 memories found
2025-09-05 16:08:29,313 - INFO - Memories finished updating
2025-09-05 16:08:29,319 - INFO - TOC for port [2] found in cache
2025-09-05 16:08:29,873 - INFO - Param TOC finished updating
2025-09-05 16:08:29,873 - INFO - Callback->Connection setup finished [radio://0/80/2M/E7E7E7E7E6]
2025-09-05 16:08:29,874 - INFO - Connected: radio://0/80/2M/E7E7E7E7E6
2025-09-05 16:08:29,884 - INFO - Have successfully started logging for id=1
2025-09-05 16:08:29,983 - INFO - Battery: 4.13V (safe)
2025-09-05 16:08:29,983 - INFO - Battery check passed: 4.13V
2025-09-05 16:08:29,983 - INFO - Initializing position estimator to origin...
2025-09-05 16:08:29,986 - INFO - Have successfully stopped logging for id=1
2025-09-05 16:08:29,991 - INFO - Have successfully deleted id=1
2025-09-05 16:08:31,268 - INFO - All parameters updated
2025-09-05 16:08:31,268 - INFO - Callback->Connection completed [radio://0/80/2M/E7E7E7E7E6]
2025-09-05 16:08:31,378 - INFO - Have successfully started logging for id=2
2025-09-05 16:08:39,373 - INFO - Waiting for position estimator...
2025-09-05 16:08:39,376 - INFO - Have successfully stopped logging for id=2
2025-09-05 16:08:39,377 - INFO - Have successfully deleted id=2
2025-09-05 16:08:39,382 - INFO - Have successfully started logging for id=3
2025-09-05 16:08:40,381 - INFO - Position estimator ready
2025-09-05 16:08:40,382 - INFO - Controller parameters optimized
2025-09-05 16:08:40,384 - INFO - Have successfully stopped logging for id=3
2025-09-05 16:08:40,385 - INFO - Have successfully deleted id=3
2025-09-05 16:08:42,219 - INFO - Start collection (slot:10ms)
2025-09-05 16:08:42,220 - INFO - Data collector started
2025-09-05 16:08:42,224 - INFO - Position manager started
2025-09-05 16:08:42,233 - INFO - Have successfully started logging for id=4
2025-09-05 16:08:42,233 - INFO - Have successfully started logging for id=5
2025-09-05 16:08:42,234 - INFO - Have successfully started logging for id=6
2025-09-05 16:08:42,324 - INFO - Position manager data flow is normal
2025-09-05 16:08:44,324 - INFO - Current position: (-0.022, 0.020, 0.013, 90.0°)
2025-09-05 16:08:44,324 - INFO - Using absolute coordinate system, ignoring takeoff position offset
2025-09-05 16:08:45,324 - INFO - Pre-flight stabilization to first waypoint: (0.000, 0.000, 0.600)
2025-09-05 16:08:45,474 - INFO - Waypoint1: absolute coordinates(0.000, 0.000, 0.600, yaw=90.0°)
2025-09-05 16:08:45,475 - INFO - Flying to coordinate: (0.000, 0.000, 0.600)
2025-09-05 16:08:46,485 - INFO - Approaching target (error=0.148m), entering stabilization phase
2025-09-05 16:08:47,025 - INFO - Reached waypoint (error=0.028m, stable_count=30)
2025-09-05 16:08:47,625 - INFO - Waypoint2: absolute coordinates(0.400, 0.000, 0.600, yaw=90.0°)
2025-09-05 16:08:47,625 - INFO - Flying to coordinate: (0.400, 0.000, 0.600)
2025-09-05 16:08:48,385 - INFO - Approaching target (error=0.129m), entering stabilization phase
2025-09-05 16:08:51,325 - INFO - Reached waypoint (error=0.069m, stable_count=30)
2025-09-05 16:08:51,925 - INFO - Waypoint3: absolute coordinates(0.200, 0.400, 0.600, yaw=90.0°)
2025-09-05 16:08:51,926 - INFO - Flying to coordinate: (0.200, 0.400, 0.600)
2025-09-05 16:08:52,546 - INFO - Approaching target (error=0.132m), entering stabilization phase
2025-09-05 16:08:52,926 - INFO - Reached waypoint (error=0.077m, stable_count=30)
2025-09-05 16:08:53,526 - INFO - Waypoint4: absolute coordinates(0.000, 0.000, 0.600, yaw=90.0°)
2025-09-05 16:08:53,526 - INFO - Flying to coordinate: (0.000, 0.000, 0.600)
2025-09-05 16:08:54,326 - INFO - Approaching target (error=0.124m), entering stabilization phase
2025-09-05 16:08:54,716 - INFO - Reached waypoint (error=0.041m, stable_count=30)
2025-09-05 16:08:55,317 - INFO - Returning to origin and landing...
2025-09-05 16:08:55,317 - INFO - Flying to coordinate: (0.000, 0.000, 0.200)
2025-09-05 16:08:56,077 - INFO - Approaching target (error=0.148m), entering stabilization phase
2025-09-05 16:08:56,767 - INFO - Reached waypoint (error=0.041m, stable_count=30)
2025-09-05 16:08:56,767 - INFO - Landing...
2025-09-05 16:08:56,768 - INFO - Landing complete
2025-09-05 16:08:56,773 - INFO - Have successfully stopped logging for id=6
2025-09-05 16:08:56,869 - INFO - Position manager stopped
2025-09-05 16:08:56,871 - INFO - Flight mission complete
2025-09-05 16:08:56,871 - INFO - Stopping data collector...
2025-09-05 16:08:56,873 - INFO - Collection complete - stats: {'created': 1465, 'complete': 1465, 'merged': 0, 'dropped': 0}
2025-09-05 16:08:56,884 - INFO - Have successfully stopped logging for id=4
2025-09-05 16:08:56,885 - INFO - Have successfully stopped logging for id=5
2025-09-05 16:08:56,931 - INFO - Data saved: training_data/triangle_small_20250905_160856.json
2025-09-05 16:08:56,931 - INFO - States: 1465, Commands: 944, Duration: 14.6s
2025-09-05 16:08:56,932 - INFO - Successfully saved 1465 state data points
2025-09-05 16:08:56,932 - INFO - Successfully saved 944 control commands
2025-09-05 16:08:56,932 - INFO - Closing link
2025-09-05 16:08:56,933 - INFO - Callback->Disconnected from [radio://0/80/2M/E7E7E7E7E6]
