2025-09-04 15:03:17,900 - INFO - === Fixed continuous data collector ===
2025-09-04 15:03:17,900 - INFO - Mission: vertical_large
2025-09-04 15:03:17,900 - INFO - Waypoints (absolute coordinates): [(0, 0, 0.5), (0, 0, 1.0), (0, 0, 0.5)]
2025-09-04 15:03:17,901 - INFO - Callback->Connection initialized[radio://0/80/2M/E7E7E7E7E6]
2025-09-04 15:03:18,150 - INFO - We are connected[radio://0/80/2M/E7E7E7E7E6], request connection setup
2025-09-04 15:03:18,150 - INFO - Request _request_protocol_version()
2025-09-04 15:03:18,154 - INFO - Callback->Connected to [radio://0/80/2M/E7E7E7E7E6]
2025-09-04 15:03:18,157 - INFO - _crt_service_callback
2025-09-04 15:03:18,157 - INFO - Request protocol version
2025-09-04 15:03:18,161 - INFO - _platform_callback
2025-09-04 15:03:18,161 - INFO - Protocol version (platform): 9
2025-09-04 15:03:18,173 - INFO - TOC for port [5] found in cache
2025-09-04 15:03:18,173 - INFO - Log TOC finished updating
2025-09-04 15:03:18,175 - INFO - 6 memories found
2025-09-04 15:03:18,261 - INFO - Memories finished updating
2025-09-04 15:03:18,266 - INFO - TOC for port [2] found in cache
2025-09-04 15:03:18,769 - INFO - Param TOC finished updating
2025-09-04 15:03:18,769 - INFO - Callback->Connection setup finished [radio://0/80/2M/E7E7E7E7E6]
2025-09-04 15:03:18,770 - INFO - Connected: radio://0/80/2M/E7E7E7E7E6
2025-09-04 15:03:18,781 - INFO - Have successfully started logging for id=1
2025-09-04 15:03:18,879 - INFO - Battery: 3.81V (safe)
2025-09-04 15:03:18,879 - INFO - Battery check passed: 3.81V
2025-09-04 15:03:18,879 - INFO - Initializing position estimator to origin...
2025-09-04 15:03:18,882 - INFO - Have successfully stopped logging for id=1
2025-09-04 15:03:18,883 - INFO - Have successfully deleted id=1
2025-09-04 15:03:20,230 - INFO - All parameters updated
2025-09-04 15:03:20,230 - INFO - Callback->Connection completed [radio://0/80/2M/E7E7E7E7E6]
2025-09-04 15:03:20,337 - INFO - Have successfully started logging for id=2
2025-09-04 15:03:26,833 - INFO - Waiting for position estimator...
2025-09-04 15:03:26,837 - INFO - Have successfully stopped logging for id=2
2025-09-04 15:03:26,838 - INFO - Have successfully deleted id=2
2025-09-04 15:03:26,843 - INFO - Have successfully started logging for id=3
2025-09-04 15:03:27,841 - INFO - Position estimator ready
2025-09-04 15:03:27,842 - INFO - Controller parameters optimized
2025-09-04 15:03:27,844 - INFO - Have successfully stopped logging for id=3
2025-09-04 15:03:27,845 - INFO - Have successfully deleted id=3
2025-09-04 15:03:34,437 - INFO - Start collection (slot:10ms)
2025-09-04 15:03:34,439 - INFO - Data collector started
2025-09-04 15:03:34,441 - INFO - Position manager started
2025-09-04 15:03:34,450 - INFO - Have successfully started logging for id=4
2025-09-04 15:03:34,452 - INFO - Have successfully started logging for id=5
2025-09-04 15:03:34,453 - INFO - Have successfully started logging for id=6
2025-09-04 15:03:34,541 - INFO - Position manager data flow is normal
2025-09-04 15:03:36,541 - INFO - Current position: (0.027, 0.047, 0.023, 90.2째)
2025-09-04 15:03:36,541 - INFO - Using absolute coordinate system, ignoring takeoff position offset
2025-09-04 15:03:37,542 - INFO - Pre-flight stabilization to first waypoint: (0.000, 0.000, 0.500)
2025-09-04 15:03:37,692 - INFO - Waypoint1: absolute coordinates(0.000, 0.000, 0.500, yaw=90.0째)
2025-09-04 15:03:37,692 - INFO - Flying to coordinate: (0.000, 0.000, 0.500)
2025-09-04 15:03:38,752 - INFO - Approaching target (error=0.133m), entering stabilization phase
2025-09-04 15:03:39,242 - INFO - Reached waypoint (error=0.028m, stable_count=30)
2025-09-04 15:03:39,842 - INFO - Waypoint2: absolute coordinates(0.000, 0.000, 1.000, yaw=90.0째)
2025-09-04 15:03:39,842 - INFO - Flying to coordinate: (0.000, 0.000, 1.000)
2025-09-04 15:03:40,402 - INFO - Approaching target (error=0.147m), entering stabilization phase
2025-09-04 15:03:40,842 - INFO - Reached waypoint (error=0.077m, stable_count=30)
2025-09-04 15:03:41,443 - INFO - Waypoint3: absolute coordinates(0.000, 0.000, 0.500, yaw=90.0째)
2025-09-04 15:03:41,443 - INFO - Flying to coordinate: (0.000, 0.000, 0.500)
2025-09-04 15:03:42,403 - INFO - Approaching target (error=0.145m), entering stabilization phase
2025-09-04 15:03:42,993 - INFO - Reached waypoint (error=0.055m, stable_count=30)
2025-09-04 15:03:43,593 - INFO - Returning to origin and landing...
2025-09-04 15:03:43,593 - INFO - Flying to coordinate: (0.000, 0.000, 0.200)
2025-09-04 15:03:44,253 - INFO - Approaching target (error=0.149m), entering stabilization phase
2025-09-04 15:03:44,943 - INFO - Reached waypoint (error=0.043m, stable_count=30)
2025-09-04 15:03:44,943 - INFO - Landing...
2025-09-04 15:03:44,944 - INFO - Landing complete
2025-09-04 15:03:44,950 - INFO - Have successfully stopped logging for id=6
2025-09-04 15:03:45,045 - INFO - Position manager stopped
2025-09-04 15:03:45,047 - INFO - Flight mission complete
2025-09-04 15:03:45,047 - INFO - Stopping data collector...
2025-09-04 15:03:45,049 - INFO - Collection complete - stats: {'created': 1060, 'complete': 1060, 'merged': 0, 'dropped': 0}
2025-09-04 15:03:45,060 - INFO - Have successfully stopped logging for id=4
2025-09-04 15:03:45,061 - INFO - Have successfully stopped logging for id=5
2025-09-04 15:03:45,085 - INFO - Data saved: training_data/vertical_large_20250904_150345.json
2025-09-04 15:03:45,085 - INFO - States: 1060, Commands: 590, Duration: 10.6s
2025-09-04 15:03:45,085 - INFO - Successfully saved 1060 state data points
2025-09-04 15:03:45,085 - INFO - Successfully saved 590 control commands
2025-09-04 15:03:45,085 - INFO - Closing link
2025-09-04 15:03:45,086 - INFO - Callback->Disconnected from [radio://0/80/2M/E7E7E7E7E6]
