2025-09-05 15:57:20,872 - INFO - === Fixed continuous data collector ===
2025-09-05 15:57:20,872 - INFO - Mission: triangle_small
2025-09-05 15:57:20,872 - INFO - Waypoints (absolute coordinates): [(0, 0, 0.6), (0.4, 0, 0.6), (0.2, 0.4, 0.6), (0, 0, 0.6)]
2025-09-05 15:57:20,873 - INFO - Callback->Connection initialized[radio://0/80/2M/E7E7E7E7E6]
2025-09-05 15:57:21,123 - INFO - We are connected[radio://0/80/2M/E7E7E7E7E6], request connection setup
2025-09-05 15:57:21,124 - INFO - Request _request_protocol_version()
2025-09-05 15:57:21,126 - INFO - Callback->Connected to [radio://0/80/2M/E7E7E7E7E6]
2025-09-05 15:57:21,134 - INFO - _crt_service_callback
2025-09-05 15:57:21,135 - INFO - Request protocol version
2025-09-05 15:57:21,139 - INFO - _platform_callback
2025-09-05 15:57:21,139 - INFO - Protocol version (platform): 9
2025-09-05 15:57:21,152 - INFO - TOC for port [5] found in cache
2025-09-05 15:57:21,152 - INFO - Log TOC finished updating
2025-09-05 15:57:21,156 - INFO - 6 memories found
2025-09-05 15:57:21,241 - INFO - Memories finished updating
2025-09-05 15:57:21,246 - INFO - TOC for port [2] found in cache
2025-09-05 15:57:21,757 - INFO - Param TOC finished updating
2025-09-05 15:57:21,758 - INFO - Callback->Connection setup finished [radio://0/80/2M/E7E7E7E7E6]
2025-09-05 15:57:21,758 - INFO - Connected: radio://0/80/2M/E7E7E7E7E6
2025-09-05 15:57:21,766 - INFO - Have successfully started logging for id=1
2025-09-05 15:57:21,866 - INFO - Battery: 3.84V (safe)
2025-09-05 15:57:21,868 - INFO - Battery check passed: 3.84V
2025-09-05 15:57:21,868 - INFO - Initializing position estimator to origin...
2025-09-05 15:57:21,871 - INFO - Have successfully stopped logging for id=1
2025-09-05 15:57:21,872 - INFO - Have successfully deleted id=1
2025-09-05 15:57:22,973 - INFO - All parameters updated
2025-09-05 15:57:22,973 - INFO - Callback->Connection completed [radio://0/80/2M/E7E7E7E7E6]
2025-09-05 15:57:23,081 - INFO - Have successfully started logging for id=2
2025-09-05 15:57:29,577 - INFO - Waiting for position estimator...
2025-09-05 15:57:29,582 - INFO - Have successfully stopped logging for id=2
2025-09-05 15:57:29,585 - INFO - Have successfully deleted id=2
2025-09-05 15:57:29,591 - INFO - Have successfully started logging for id=3
2025-09-05 15:57:30,588 - INFO - Position estimator ready
2025-09-05 15:57:30,589 - INFO - Controller parameters optimized
2025-09-05 15:57:30,591 - INFO - Have successfully stopped logging for id=3
2025-09-05 15:57:30,592 - INFO - Have successfully deleted id=3
2025-09-05 15:57:32,952 - INFO - Start collection (slot:10ms)
2025-09-05 15:57:32,953 - INFO - Data collector started
2025-09-05 15:57:32,954 - INFO - Position manager started
2025-09-05 15:57:32,963 - INFO - Have successfully started logging for id=4
2025-09-05 15:57:32,964 - INFO - Have successfully started logging for id=5
2025-09-05 15:57:32,965 - INFO - Have successfully started logging for id=6
2025-09-05 15:57:33,054 - INFO - Position manager data flow is normal
2025-09-05 15:57:35,054 - INFO - Current position: (-0.033, 0.006, 0.007, 89.4°)
2025-09-05 15:57:35,054 - INFO - Using absolute coordinate system, ignoring takeoff position offset
2025-09-05 15:57:36,054 - INFO - Pre-flight stabilization to first waypoint: (0.000, 0.000, 0.600)
2025-09-05 15:57:36,204 - INFO - Waypoint1: absolute coordinates(0.000, 0.000, 0.600, yaw=90.0°)
2025-09-05 15:57:36,204 - INFO - Flying to coordinate: (0.000, 0.000, 0.600)
2025-09-05 15:57:37,215 - INFO - Approaching target (error=0.143m), entering stabilization phase
2025-09-05 15:57:37,755 - INFO - Reached waypoint (error=0.021m, stable_count=30)
2025-09-05 15:57:38,355 - INFO - Waypoint2: absolute coordinates(0.400, 0.000, 0.600, yaw=90.0°)
2025-09-05 15:57:38,355 - INFO - Flying to coordinate: (0.400, 0.000, 0.600)
2025-09-05 15:57:39,065 - INFO - Approaching target (error=0.125m), entering stabilization phase
2025-09-05 15:57:41,855 - INFO - Reached waypoint (error=0.076m, stable_count=30)
2025-09-05 15:57:42,455 - INFO - Waypoint3: absolute coordinates(0.200, 0.400, 0.600, yaw=90.0°)
2025-09-05 15:57:42,455 - INFO - Flying to coordinate: (0.200, 0.400, 0.600)
2025-09-05 15:57:43,166 - INFO - Approaching target (error=0.139m), entering stabilization phase
2025-09-05 15:57:43,606 - INFO - Reached waypoint (error=0.037m, stable_count=30)
2025-09-05 15:57:44,207 - INFO - Waypoint4: absolute coordinates(0.000, 0.000, 0.600, yaw=90.0°)
2025-09-05 15:57:44,207 - INFO - Flying to coordinate: (0.000, 0.000, 0.600)
2025-09-05 15:57:45,107 - INFO - Approaching target (error=0.143m), entering stabilization phase
2025-09-05 15:57:46,547 - INFO - Reached waypoint (error=0.040m, stable_count=30)
2025-09-05 15:57:47,147 - INFO - Returning to origin and landing...
2025-09-05 15:57:47,147 - INFO - Flying to coordinate: (0.000, 0.000, 0.200)
2025-09-05 15:57:47,858 - INFO - Approaching target (error=0.150m), entering stabilization phase
2025-09-05 15:57:48,547 - INFO - Reached waypoint (error=0.068m, stable_count=30)
2025-09-05 15:57:48,548 - INFO - Landing...
2025-09-05 15:57:48,548 - INFO - Landing complete
2025-09-05 15:57:48,557 - INFO - Have successfully stopped logging for id=6
2025-09-05 15:57:48,652 - INFO - Position manager stopped
2025-09-05 15:57:48,655 - INFO - Flight mission complete
2025-09-05 15:57:48,655 - INFO - Stopping data collector...
2025-09-05 15:57:48,659 - INFO - Collection complete - stats: {'created': 1571, 'complete': 1569, 'merged': 0, 'dropped': 1}
2025-09-05 15:57:48,673 - INFO - Have successfully stopped logging for id=4
2025-09-05 15:57:48,676 - INFO - Have successfully stopped logging for id=5
2025-09-05 15:57:48,713 - INFO - Data saved: training_data/triangle_small_20250905_155748.json
2025-09-05 15:57:48,713 - INFO - States: 1569, Commands: 1050, Duration: 15.7s
2025-09-05 15:57:48,713 - INFO - Successfully saved 1569 state data points
2025-09-05 15:57:48,713 - INFO - Successfully saved 1050 control commands
2025-09-05 15:57:48,714 - INFO - Closing link
2025-09-05 15:57:48,714 - INFO - Callback->Disconnected from [radio://0/80/2M/E7E7E7E7E6]
