2025-09-04 14:36:06,933 - INFO - === Fixed continuous data collector ===
2025-09-04 14:36:06,933 - INFO - Mission: vertical_med
2025-09-04 14:36:06,933 - INFO - Waypoints (absolute coordinates): [(0, 0, 0.4), (0, 0, 0.8), (0, 0, 0.4)]
2025-09-04 14:36:06,934 - INFO - Callback->Connection initialized[radio://0/80/2M/E7E7E7E7E6]
2025-09-04 14:36:07,183 - INFO - We are connected[radio://0/80/2M/E7E7E7E7E6], request connection setup
2025-09-04 14:36:07,184 - INFO - Request _request_protocol_version()
2025-09-04 14:36:07,187 - INFO - Callback->Connected to [radio://0/80/2M/E7E7E7E7E6]
2025-09-04 14:36:07,190 - INFO - _crt_service_callback
2025-09-04 14:36:07,190 - INFO - Request protocol version
2025-09-04 14:36:07,194 - INFO - _platform_callback
2025-09-04 14:36:07,194 - INFO - Protocol version (platform): 9
2025-09-04 14:36:07,205 - INFO - TOC for port [5] found in cache
2025-09-04 14:36:07,205 - INFO - Log TOC finished updating
2025-09-04 14:36:07,209 - INFO - 6 memories found
2025-09-04 14:36:07,287 - INFO - Memories finished updating
2025-09-04 14:36:07,292 - INFO - TOC for port [2] found in cache
2025-09-04 14:36:07,815 - INFO - Param TOC finished updating
2025-09-04 14:36:07,815 - INFO - Callback->Connection setup finished [radio://0/80/2M/E7E7E7E7E6]
2025-09-04 14:36:07,816 - INFO - Connected: radio://0/80/2M/E7E7E7E7E6
2025-09-04 14:36:07,826 - INFO - Have successfully started logging for id=1
2025-09-04 14:36:07,924 - INFO - Battery: 3.84V (safe)
2025-09-04 14:36:07,925 - INFO - Battery check passed: 3.84V
2025-09-04 14:36:07,925 - INFO - Initializing position estimator to origin...
2025-09-04 14:36:07,929 - INFO - Have successfully stopped logging for id=1
2025-09-04 14:36:07,929 - INFO - Have successfully deleted id=1
2025-09-04 14:36:09,293 - INFO - All parameters updated
2025-09-04 14:36:09,293 - INFO - Callback->Connection completed [radio://0/80/2M/E7E7E7E7E6]
2025-09-04 14:36:09,405 - INFO - Have successfully started logging for id=2
2025-09-04 14:36:15,899 - INFO - Waiting for position estimator...
2025-09-04 14:36:15,902 - INFO - Have successfully stopped logging for id=2
2025-09-04 14:36:15,903 - INFO - Have successfully deleted id=2
2025-09-04 14:36:15,909 - INFO - Have successfully started logging for id=3
2025-09-04 14:36:16,907 - INFO - Position estimator ready
2025-09-04 14:36:16,908 - INFO - Controller parameters optimized
2025-09-04 14:36:16,912 - INFO - Have successfully stopped logging for id=3
2025-09-04 14:36:16,913 - INFO - Have successfully deleted id=3
2025-09-04 14:36:19,326 - INFO - Start collection (slot:10ms)
2025-09-04 14:36:19,328 - INFO - Data collector started
2025-09-04 14:36:19,329 - INFO - Position manager started
2025-09-04 14:36:19,340 - INFO - Have successfully started logging for id=4
2025-09-04 14:36:19,342 - INFO - Have successfully started logging for id=5
2025-09-04 14:36:19,343 - INFO - Have successfully started logging for id=6
2025-09-04 14:36:19,429 - INFO - Position manager data flow is normal
2025-09-04 14:36:21,429 - INFO - Current position: (0.026, 0.028, 0.012, 90.1째)
2025-09-04 14:36:21,429 - INFO - Using absolute coordinate system, ignoring takeoff position offset
2025-09-04 14:36:22,429 - INFO - Pre-flight stabilization to first waypoint: (0.000, 0.000, 0.400)
2025-09-04 14:36:22,582 - INFO - Waypoint1: absolute coordinates(0.000, 0.000, 0.400, yaw=90.0째)
2025-09-04 14:36:22,582 - INFO - Flying to coordinate: (0.000, 0.000, 0.400)
2025-09-04 14:36:23,592 - INFO - Approaching target (error=0.147m), entering stabilization phase
2025-09-04 14:36:24,182 - INFO - Reached waypoint (error=0.040m, stable_count=30)
2025-09-04 14:36:24,787 - INFO - Waypoint2: absolute coordinates(0.000, 0.000, 0.800, yaw=90.0째)
2025-09-04 14:36:24,788 - INFO - Flying to coordinate: (0.000, 0.000, 0.800)
2025-09-04 14:36:25,348 - INFO - Approaching target (error=0.142m), entering stabilization phase
2025-09-04 14:36:29,528 - INFO - Reached waypoint (error=0.070m, stable_count=30)
2025-09-04 14:36:30,128 - INFO - Waypoint3: absolute coordinates(0.000, 0.000, 0.400, yaw=90.0째)
2025-09-04 14:36:30,128 - INFO - Flying to coordinate: (0.000, 0.000, 0.400)
2025-09-04 14:36:31,088 - INFO - Approaching target (error=0.146m), entering stabilization phase
2025-09-04 14:36:31,878 - INFO - Reached waypoint (error=0.041m, stable_count=30)
2025-09-04 14:36:32,478 - INFO - Returning to origin and landing...
2025-09-04 14:36:32,479 - INFO - Flying to coordinate: (0.000, 0.000, 0.200)
2025-09-04 14:36:32,839 - INFO - Approaching target (error=0.140m), entering stabilization phase
2025-09-04 14:36:33,379 - INFO - Reached waypoint (error=0.036m, stable_count=30)
2025-09-04 14:36:33,379 - INFO - Landing...
2025-09-04 14:36:33,379 - INFO - Landing complete
2025-09-04 14:36:33,385 - INFO - Have successfully stopped logging for id=6
2025-09-04 14:36:33,481 - INFO - Position manager stopped
2025-09-04 14:36:33,482 - INFO - Flight mission complete
2025-09-04 14:36:33,482 - INFO - Stopping data collector...
2025-09-04 14:36:33,484 - INFO - Collection complete - stats: {'created': 1416, 'complete': 1414, 'merged': 0, 'dropped': 1}
2025-09-04 14:36:33,492 - INFO - Have successfully stopped logging for id=4
2025-09-04 14:36:33,497 - INFO - Have successfully stopped logging for id=5
2025-09-04 14:36:33,533 - INFO - Data saved: training_data/vertical_med_20250904_143633.json
2025-09-04 14:36:33,533 - INFO - States: 1414, Commands: 946, Duration: 14.1s
2025-09-04 14:36:33,534 - INFO - Successfully saved 1414 state data points
2025-09-04 14:36:33,534 - INFO - Successfully saved 946 control commands
2025-09-04 14:36:33,534 - INFO - Closing link
2025-09-04 14:36:33,534 - INFO - Callback->Disconnected from [radio://0/80/2M/E7E7E7E7E6]
