2025-09-05 17:08:02,694 - INFO - === Fixed continuous data collector ===
2025-09-05 17:08:02,694 - INFO - Mission: triangle_large
2025-09-05 17:08:02,694 - INFO - Waypoints (absolute coordinates): [(0, 0, 0.6), (0.8, 0, 0.6), (0.4, 0.6, 0.6), (0, 0, 0.6)]
2025-09-05 17:08:02,695 - INFO - Callback->Connection initialized[radio://0/80/2M/E7E7E7E7E6]
2025-09-05 17:08:02,946 - INFO - We are connected[radio://0/80/2M/E7E7E7E7E6], request connection setup
2025-09-05 17:08:02,946 - INFO - Request _request_protocol_version()
2025-09-05 17:08:02,948 - INFO - Callback->Connected to [radio://0/80/2M/E7E7E7E7E6]
2025-09-05 17:08:02,951 - INFO - _crt_service_callback
2025-09-05 17:08:02,951 - INFO - Request protocol version
2025-09-05 17:08:02,955 - INFO - _platform_callback
2025-09-05 17:08:02,955 - INFO - Protocol version (platform): 9
2025-09-05 17:08:02,964 - INFO - TOC for port [5] found in cache
2025-09-05 17:08:02,964 - INFO - Log TOC finished updating
2025-09-05 17:08:02,968 - INFO - 6 memories found
2025-09-05 17:08:03,041 - INFO - Memories finished updating
2025-09-05 17:08:03,048 - INFO - TOC for port [2] found in cache
2025-09-05 17:08:03,466 - INFO - Param TOC finished updating
2025-09-05 17:08:03,466 - INFO - Callback->Connection setup finished [radio://0/80/2M/E7E7E7E7E6]
2025-09-05 17:08:03,467 - INFO - Connected: radio://0/80/2M/E7E7E7E7E6
2025-09-05 17:08:03,477 - INFO - Have successfully started logging for id=1
2025-09-05 17:08:03,576 - INFO - Battery: 3.86V (safe)
2025-09-05 17:08:03,578 - INFO - Battery check passed: 3.86V
2025-09-05 17:08:03,578 - INFO - Initializing position estimator to origin...
2025-09-05 17:08:03,580 - INFO - Have successfully stopped logging for id=1
2025-09-05 17:08:03,581 - INFO - Have successfully deleted id=1
2025-09-05 17:08:04,640 - INFO - All parameters updated
2025-09-05 17:08:04,640 - INFO - Callback->Connection completed [radio://0/80/2M/E7E7E7E7E6]
2025-09-05 17:08:04,748 - INFO - Have successfully started logging for id=2
2025-09-05 17:08:11,242 - INFO - Waiting for position estimator...
2025-09-05 17:08:11,244 - INFO - Have successfully stopped logging for id=2
2025-09-05 17:08:11,246 - INFO - Have successfully deleted id=2
2025-09-05 17:08:11,251 - INFO - Have successfully started logging for id=3
2025-09-05 17:08:12,249 - INFO - Position estimator ready
2025-09-05 17:08:12,250 - INFO - Controller parameters optimized
2025-09-05 17:08:12,253 - INFO - Have successfully stopped logging for id=3
2025-09-05 17:08:12,253 - INFO - Have successfully deleted id=3
2025-09-05 17:08:14,262 - INFO - Start collection (slot:10ms)
2025-09-05 17:08:14,263 - INFO - Data collector started
2025-09-05 17:08:14,264 - INFO - Position manager started
2025-09-05 17:08:14,272 - INFO - Have successfully started logging for id=4
2025-09-05 17:08:14,273 - INFO - Have successfully started logging for id=5
2025-09-05 17:08:14,275 - INFO - Have successfully started logging for id=6
2025-09-05 17:08:14,364 - INFO - Position manager data flow is normal
2025-09-05 17:08:16,365 - INFO - Current position: (-0.018, 0.006, 0.026, 89.7°)
2025-09-05 17:08:16,365 - INFO - Using absolute coordinate system, ignoring takeoff position offset
2025-09-05 17:08:17,365 - INFO - Pre-flight stabilization to first waypoint: (0.000, 0.000, 0.600)
2025-09-05 17:08:17,515 - INFO - Waypoint1: absolute coordinates(0.000, 0.000, 0.600, yaw=90.0°)
2025-09-05 17:08:17,515 - INFO - Flying to coordinate: (0.000, 0.000, 0.600)
2025-09-05 17:08:18,535 - INFO - Approaching target (error=0.144m), entering stabilization phase
2025-09-05 17:08:19,015 - INFO - Reached waypoint (error=0.034m, stable_count=30)
2025-09-05 17:08:19,615 - INFO - Waypoint2: absolute coordinates(0.800, 0.000, 0.600, yaw=90.0°)
2025-09-05 17:08:19,615 - INFO - Flying to coordinate: (0.800, 0.000, 0.600)
2025-09-05 17:08:20,576 - INFO - Approaching target (error=0.149m), entering stabilization phase
2025-09-05 17:08:22,716 - INFO - Reached waypoint (error=0.030m, stable_count=30)
2025-09-05 17:08:23,316 - INFO - Waypoint3: absolute coordinates(0.400, 0.600, 0.600, yaw=90.0°)
2025-09-05 17:08:23,316 - INFO - Flying to coordinate: (0.400, 0.600, 0.600)
2025-09-05 17:08:24,076 - INFO - Approaching target (error=0.126m), entering stabilization phase
2025-09-05 17:08:25,966 - INFO - Reached waypoint (error=0.070m, stable_count=30)
2025-09-05 17:08:26,566 - INFO - Waypoint4: absolute coordinates(0.000, 0.000, 0.600, yaw=90.0°)
2025-09-05 17:08:26,566 - INFO - Flying to coordinate: (0.000, 0.000, 0.600)
2025-09-05 17:08:27,617 - INFO - Approaching target (error=0.145m), entering stabilization phase
2025-09-05 17:08:29,106 - INFO - Reached waypoint (error=0.043m, stable_count=30)
2025-09-05 17:08:29,707 - INFO - Returning to origin and landing...
2025-09-05 17:08:29,707 - INFO - Flying to coordinate: (0.000, 0.000, 0.200)
2025-09-05 17:08:30,567 - INFO - Approaching target (error=0.142m), entering stabilization phase
2025-09-05 17:08:33,007 - INFO - Reached waypoint (error=0.058m, stable_count=30)
2025-09-05 17:08:33,007 - INFO - Landing...
2025-09-05 17:08:33,009 - INFO - Landing complete
2025-09-05 17:08:33,013 - INFO - Have successfully stopped logging for id=6
2025-09-05 17:08:33,110 - INFO - Position manager stopped
2025-09-05 17:08:33,111 - INFO - Flight mission complete
2025-09-05 17:08:33,111 - INFO - Stopping data collector...
2025-09-05 17:08:33,113 - INFO - Collection complete - stats: {'created': 1885, 'complete': 1885, 'merged': 0, 'dropped': 0}
2025-09-05 17:08:33,129 - INFO - Have successfully stopped logging for id=4
2025-09-05 17:08:33,132 - INFO - Have successfully stopped logging for id=5
2025-09-05 17:08:33,179 - INFO - Data saved: training_data/triangle_large_20250905_170833.json
2025-09-05 17:08:33,180 - INFO - States: 1885, Commands: 1364, Duration: 18.8s
2025-09-05 17:08:33,180 - INFO - Successfully saved 1885 state data points
2025-09-05 17:08:33,180 - INFO - Successfully saved 1364 control commands
2025-09-05 17:08:33,180 - INFO - Closing link
2025-09-05 17:08:33,180 - INFO - Callback->Disconnected from [radio://0/80/2M/E7E7E7E7E6]
