2025-09-04 12:58:43,123 - INFO - === Fixed continuous data collector ===
2025-09-04 12:58:43,123 - INFO - Mission: vertical_small
2025-09-04 12:58:43,123 - INFO - Waypoints (absolute coordinates): [(0, 0, 0.3), (0, 0, 0.6), (0, 0, 0.9), (0, 0, 0.6), (0, 0, 0.3)]
2025-09-04 12:58:43,123 - INFO - Callback->Connection initialized[radio://0/80/2M/E7E7E7E7E6]
2025-09-04 12:58:43,377 - INFO - We are connected[radio://0/80/2M/E7E7E7E7E6], request connection setup
2025-09-04 12:58:43,377 - INFO - Request _request_protocol_version()
2025-09-04 12:58:43,380 - INFO - Callback->Connected to [radio://0/80/2M/E7E7E7E7E6]
2025-09-04 12:58:43,385 - INFO - _crt_service_callback
2025-09-04 12:58:43,385 - INFO - Request protocol version
2025-09-04 12:58:43,391 - INFO - _platform_callback
2025-09-04 12:58:43,391 - INFO - Protocol version (platform): 9
2025-09-04 12:58:43,406 - INFO - TOC for port [5] found in cache
2025-09-04 12:58:43,406 - INFO - Log TOC finished updating
2025-09-04 12:58:43,408 - INFO - 6 memories found
2025-09-04 12:58:43,486 - INFO - Memories finished updating
2025-09-04 12:58:43,493 - INFO - TOC for port [2] found in cache
2025-09-04 12:58:43,954 - INFO - Param TOC finished updating
2025-09-04 12:58:43,954 - INFO - Callback->Connection setup finished [radio://0/80/2M/E7E7E7E7E6]
2025-09-04 12:58:43,955 - INFO - Connected: radio://0/80/2M/E7E7E7E7E6
2025-09-04 12:58:43,964 - INFO - Have successfully started logging for id=1
2025-09-04 12:58:44,063 - INFO - Battery: 3.83V (safe)
2025-09-04 12:58:44,064 - INFO - Battery check passed: 3.83V
2025-09-04 12:58:44,064 - INFO - Initializing position estimator to origin...
2025-09-04 12:58:44,066 - INFO - Have successfully stopped logging for id=1
2025-09-04 12:58:44,068 - INFO - Have successfully deleted id=1
2025-09-04 12:58:45,351 - INFO - All parameters updated
2025-09-04 12:58:45,351 - INFO - Callback->Connection completed [radio://0/80/2M/E7E7E7E7E6]
2025-09-04 12:58:45,460 - INFO - Have successfully started logging for id=2
2025-09-04 12:58:52,953 - INFO - Waiting for position estimator...
2025-09-04 12:58:52,955 - INFO - Have successfully stopped logging for id=2
2025-09-04 12:58:52,956 - INFO - Have successfully deleted id=2
2025-09-04 12:58:52,961 - INFO - Have successfully started logging for id=3
2025-09-04 12:58:53,962 - INFO - Position estimator ready
2025-09-04 12:58:53,963 - INFO - Controller parameters optimized
2025-09-04 12:58:53,965 - INFO - Have successfully stopped logging for id=3
2025-09-04 12:58:53,966 - INFO - Have successfully deleted id=3
2025-09-04 12:58:56,659 - INFO - Start collection (slot:10ms)
2025-09-04 12:58:56,660 - INFO - Data collector started
2025-09-04 12:58:56,661 - INFO - Position manager started
2025-09-04 12:58:56,668 - INFO - Have successfully started logging for id=4
2025-09-04 12:58:56,670 - INFO - Have successfully started logging for id=5
2025-09-04 12:58:56,671 - INFO - Have successfully started logging for id=6
2025-09-04 12:58:56,761 - INFO - Position manager data flow is normal
2025-09-04 12:58:58,762 - INFO - Current position: (0.027, 0.044, 0.051, 90.4°)
2025-09-04 12:58:58,762 - INFO - Using absolute coordinate system, ignoring takeoff position offset
2025-09-04 12:58:59,762 - INFO - Pre-flight stabilization to first waypoint: (0.000, 0.000, 0.300)
2025-09-04 12:58:59,912 - INFO - Waypoint1: absolute coordinates(0.000, 0.000, 0.300, yaw=90.0°)
2025-09-04 12:58:59,912 - INFO - Flying to coordinate: (0.000, 0.000, 0.300)
2025-09-04 12:59:01,022 - INFO - Approaching target (error=0.144m), entering stabilization phase
2025-09-04 12:59:01,812 - INFO - Reached waypoint (error=0.076m, stable_count=30)
2025-09-04 12:59:02,414 - INFO - Waypoint2: absolute coordinates(0.000, 0.000, 0.600, yaw=90.0°)
2025-09-04 12:59:02,414 - INFO - Flying to coordinate: (0.000, 0.000, 0.600)
2025-09-04 12:59:02,874 - INFO - Approaching target (error=0.144m), entering stabilization phase
2025-09-04 12:59:03,414 - INFO - Reached waypoint (error=0.043m, stable_count=30)
2025-09-04 12:59:04,014 - INFO - Waypoint3: absolute coordinates(0.000, 0.000, 0.900, yaw=90.0°)
2025-09-04 12:59:04,014 - INFO - Flying to coordinate: (0.000, 0.000, 0.900)
2025-09-04 12:59:04,374 - INFO - Approaching target (error=0.139m), entering stabilization phase
2025-09-04 12:59:04,864 - INFO - Reached waypoint (error=0.017m, stable_count=30)
2025-09-04 12:59:05,465 - INFO - Waypoint4: absolute coordinates(0.000, 0.000, 0.600, yaw=90.0°)
2025-09-04 12:59:05,465 - INFO - Flying to coordinate: (0.000, 0.000, 0.600)
2025-09-04 12:59:06,565 - INFO - Approaching target (error=0.143m), entering stabilization phase
2025-09-04 12:59:07,705 - INFO - Reached waypoint (error=0.032m, stable_count=30)
2025-09-04 12:59:08,305 - INFO - Waypoint5: absolute coordinates(0.000, 0.000, 0.300, yaw=90.0°)
2025-09-04 12:59:08,305 - INFO - Flying to coordinate: (0.000, 0.000, 0.300)
2025-09-04 12:59:09,015 - INFO - Approaching target (error=0.144m), entering stabilization phase
2025-09-04 12:59:09,655 - INFO - Reached waypoint (error=0.060m, stable_count=30)
2025-09-04 12:59:10,256 - INFO - Returning to origin and landing...
2025-09-04 12:59:10,256 - INFO - Flying to coordinate: (0.000, 0.000, 0.200)
2025-09-04 12:59:10,256 - INFO - Approaching target (error=0.103m), entering stabilization phase
2025-09-04 12:59:10,806 - INFO - Reached waypoint (error=0.020m, stable_count=30)
2025-09-04 12:59:10,806 - INFO - Landing...
2025-09-04 12:59:10,806 - INFO - Landing complete
2025-09-04 12:59:10,812 - INFO - Have successfully stopped logging for id=6
2025-09-04 12:59:10,908 - INFO - Position manager stopped
2025-09-04 12:59:10,910 - INFO - Flight mission complete
2025-09-04 12:59:10,910 - INFO - Stopping data collector...
2025-09-04 12:59:10,911 - INFO - Collection complete - stats: {'created': 1425, 'complete': 1425, 'merged': 0, 'dropped': 0}
2025-09-04 12:59:10,917 - INFO - Have successfully stopped logging for id=4
2025-09-04 12:59:10,920 - INFO - Have successfully stopped logging for id=5
2025-09-04 12:59:10,961 - INFO - Data saved: training_data/vertical_small_20250904_125910.json
2025-09-04 12:59:10,961 - INFO - States: 1425, Commands: 855, Duration: 14.2s
2025-09-04 12:59:10,961 - INFO - Successfully saved 1425 state data points
2025-09-04 12:59:10,961 - INFO - Successfully saved 855 control commands
2025-09-04 12:59:10,961 - INFO - Closing link
2025-09-04 12:59:10,961 - INFO - Callback->Disconnected from [radio://0/80/2M/E7E7E7E7E6]
