2025-09-05 16:31:56,983 - INFO - === Fixed continuous data collector ===
2025-09-05 16:31:56,984 - INFO - Mission: triangle_med
2025-09-05 16:31:56,984 - INFO - Waypoints (absolute coordinates): [(0, 0, 0.6), (0.5, 0, 0.6), (0.25, 0.5, 0.6), (0, 0, 0.6)]
2025-09-05 16:31:56,984 - INFO - Callback->Connection initialized[radio://0/80/2M/E7E7E7E7E6]
2025-09-05 16:31:57,234 - INFO - We are connected[radio://0/80/2M/E7E7E7E7E6], request connection setup
2025-09-05 16:31:57,234 - INFO - Request _request_protocol_version()
2025-09-05 16:31:57,236 - INFO - Callback->Connected to [radio://0/80/2M/E7E7E7E7E6]
2025-09-05 16:31:57,241 - INFO - _crt_service_callback
2025-09-05 16:31:57,241 - INFO - Request protocol version
2025-09-05 16:31:57,247 - INFO - _platform_callback
2025-09-05 16:31:57,247 - INFO - Protocol version (platform): 9
2025-09-05 16:31:57,257 - INFO - TOC for port [5] found in cache
2025-09-05 16:31:57,257 - INFO - Log TOC finished updating
2025-09-05 16:31:57,263 - INFO - 6 memories found
2025-09-05 16:31:57,339 - INFO - Memories finished updating
2025-09-05 16:31:57,345 - INFO - TOC for port [2] found in cache
2025-09-05 16:31:57,821 - INFO - Param TOC finished updating
2025-09-05 16:31:57,821 - INFO - Callback->Connection setup finished [radio://0/80/2M/E7E7E7E7E6]
2025-09-05 16:31:57,822 - INFO - Connected: radio://0/80/2M/E7E7E7E7E6
2025-09-05 16:31:57,830 - INFO - Have successfully started logging for id=1
2025-09-05 16:31:57,930 - INFO - Battery: 4.00V (safe)
2025-09-05 16:31:57,931 - INFO - Battery check passed: 4.00V
2025-09-05 16:31:57,933 - INFO - Initializing position estimator to origin...
2025-09-05 16:31:57,934 - INFO - Have successfully stopped logging for id=1
2025-09-05 16:31:57,935 - INFO - Have successfully deleted id=1
2025-09-05 16:31:59,047 - INFO - All parameters updated
2025-09-05 16:31:59,047 - INFO - Callback->Connection completed [radio://0/80/2M/E7E7E7E7E6]
2025-09-05 16:31:59,156 - INFO - Have successfully started logging for id=2
2025-09-05 16:32:05,651 - INFO - Waiting for position estimator...
2025-09-05 16:32:05,653 - INFO - Have successfully stopped logging for id=2
2025-09-05 16:32:05,654 - INFO - Have successfully deleted id=2
2025-09-05 16:32:05,659 - INFO - Have successfully started logging for id=3
2025-09-05 16:32:06,658 - INFO - Position estimator ready
2025-09-05 16:32:06,660 - INFO - Controller parameters optimized
2025-09-05 16:32:06,662 - INFO - Have successfully stopped logging for id=3
2025-09-05 16:32:06,664 - INFO - Have successfully deleted id=3
2025-09-05 16:32:09,856 - INFO - Start collection (slot:10ms)
2025-09-05 16:32:09,858 - INFO - Data collector started
2025-09-05 16:32:09,859 - INFO - Position manager started
2025-09-05 16:32:09,868 - INFO - Have successfully started logging for id=4
2025-09-05 16:32:09,870 - INFO - Have successfully started logging for id=5
2025-09-05 16:32:09,871 - INFO - Have successfully started logging for id=6
2025-09-05 16:32:09,959 - INFO - Position manager data flow is normal
2025-09-05 16:32:11,959 - INFO - Current position: (-0.008, 0.025, 0.001, 89.7°)
2025-09-05 16:32:11,959 - INFO - Using absolute coordinate system, ignoring takeoff position offset
2025-09-05 16:32:12,960 - INFO - Pre-flight stabilization to first waypoint: (0.000, 0.000, 0.600)
2025-09-05 16:32:13,111 - INFO - Waypoint1: absolute coordinates(0.000, 0.000, 0.600, yaw=90.0°)
2025-09-05 16:32:13,111 - INFO - Flying to coordinate: (0.000, 0.000, 0.600)
2025-09-05 16:32:14,171 - INFO - Approaching target (error=0.135m), entering stabilization phase
2025-09-05 16:32:14,661 - INFO - Reached waypoint (error=0.015m, stable_count=30)
2025-09-05 16:32:15,261 - INFO - Waypoint2: absolute coordinates(0.500, 0.000, 0.600, yaw=90.0°)
2025-09-05 16:32:15,261 - INFO - Flying to coordinate: (0.500, 0.000, 0.600)
2025-09-05 16:32:16,072 - INFO - Approaching target (error=0.117m), entering stabilization phase
2025-09-05 16:32:16,462 - INFO - Reached waypoint (error=0.068m, stable_count=30)
2025-09-05 16:32:17,063 - INFO - Waypoint3: absolute coordinates(0.250, 0.500, 0.600, yaw=90.0°)
2025-09-05 16:32:17,063 - INFO - Flying to coordinate: (0.250, 0.500, 0.600)
2025-09-05 16:32:17,823 - INFO - Approaching target (error=0.139m), entering stabilization phase
2025-09-05 16:32:20,253 - INFO - Reached waypoint (error=0.032m, stable_count=30)
2025-09-05 16:32:20,854 - INFO - Waypoint4: absolute coordinates(0.000, 0.000, 0.600, yaw=90.0°)
2025-09-05 16:32:20,854 - INFO - Flying to coordinate: (0.000, 0.000, 0.600)
2025-09-05 16:32:21,664 - INFO - Approaching target (error=0.130m), entering stabilization phase
2025-09-05 16:32:22,254 - INFO - Reached waypoint (error=0.053m, stable_count=30)
2025-09-05 16:32:22,854 - INFO - Returning to origin and landing...
2025-09-05 16:32:22,854 - INFO - Flying to coordinate: (0.000, 0.000, 0.200)
2025-09-05 16:32:23,614 - INFO - Approaching target (error=0.138m), entering stabilization phase
2025-09-05 16:32:24,254 - INFO - Reached waypoint (error=0.041m, stable_count=30)
2025-09-05 16:32:24,254 - INFO - Landing...
2025-09-05 16:32:24,256 - INFO - Landing complete
2025-09-05 16:32:24,261 - INFO - Have successfully stopped logging for id=6
2025-09-05 16:32:24,356 - INFO - Position manager stopped
2025-09-05 16:32:24,358 - INFO - Flight mission complete
2025-09-05 16:32:24,358 - INFO - Stopping data collector...
2025-09-05 16:32:24,360 - INFO - Collection complete - stats: {'created': 1450, 'complete': 1449, 'merged': 0, 'dropped': 0}
2025-09-05 16:32:24,367 - INFO - Have successfully stopped logging for id=4
2025-09-05 16:32:24,368 - INFO - Have successfully stopped logging for id=5
2025-09-05 16:32:24,413 - INFO - Data saved: training_data/triangle_med_20250905_163224.json
2025-09-05 16:32:24,413 - INFO - States: 1449, Commands: 931, Duration: 14.5s
2025-09-05 16:32:24,414 - INFO - Successfully saved 1449 state data points
2025-09-05 16:32:24,414 - INFO - Successfully saved 931 control commands
2025-09-05 16:32:24,414 - INFO - Closing link
2025-09-05 16:32:24,414 - INFO - Callback->Disconnected from [radio://0/80/2M/E7E7E7E7E6]
