2025-09-05 17:33:50,817 - INFO - === Fixed continuous data collector ===
2025-09-05 17:33:50,817 - INFO - Mission: triangle_large
2025-09-05 17:33:50,817 - INFO - Waypoints (absolute coordinates): [(0, 0, 0.6), (0.8, 0, 0.6), (0.4, 0.6, 0.6), (0, 0, 0.6)]
2025-09-05 17:33:50,818 - INFO - Callback->Connection initialized[radio://0/80/2M/E7E7E7E7E6]
2025-09-05 17:33:51,070 - INFO - We are connected[radio://0/80/2M/E7E7E7E7E6], request connection setup
2025-09-05 17:33:51,071 - INFO - Request _request_protocol_version()
2025-09-05 17:33:51,075 - INFO - Callback->Connected to [radio://0/80/2M/E7E7E7E7E6]
2025-09-05 17:33:51,078 - INFO - _crt_service_callback
2025-09-05 17:33:51,078 - INFO - Request protocol version
2025-09-05 17:33:51,081 - INFO - _platform_callback
2025-09-05 17:33:51,081 - INFO - Protocol version (platform): 9
2025-09-05 17:33:51,091 - INFO - TOC for port [5] found in cache
2025-09-05 17:33:51,091 - INFO - Log TOC finished updating
2025-09-05 17:33:51,094 - INFO - 6 memories found
2025-09-05 17:33:51,168 - INFO - Memories finished updating
2025-09-05 17:33:51,174 - INFO - TOC for port [2] found in cache
2025-09-05 17:33:51,616 - INFO - Param TOC finished updating
2025-09-05 17:33:51,616 - INFO - Callback->Connection setup finished [radio://0/80/2M/E7E7E7E7E6]
2025-09-05 17:33:51,617 - INFO - Connected: radio://0/80/2M/E7E7E7E7E6
2025-09-05 17:33:51,628 - INFO - Have successfully started logging for id=1
2025-09-05 17:33:51,725 - INFO - Battery: 3.82V (safe)
2025-09-05 17:33:51,726 - INFO - Battery check passed: 3.82V
2025-09-05 17:33:51,726 - INFO - Initializing position estimator to origin...
2025-09-05 17:33:51,728 - INFO - Have successfully stopped logging for id=1
2025-09-05 17:33:51,729 - INFO - Have successfully deleted id=1
2025-09-05 17:33:52,664 - INFO - All parameters updated
2025-09-05 17:33:52,664 - INFO - Callback->Connection completed [radio://0/80/2M/E7E7E7E7E6]
2025-09-05 17:33:52,772 - INFO - Have successfully started logging for id=2
2025-09-05 17:33:59,267 - INFO - Waiting for position estimator...
2025-09-05 17:33:59,269 - INFO - Have successfully stopped logging for id=2
2025-09-05 17:33:59,270 - INFO - Have successfully deleted id=2
2025-09-05 17:33:59,275 - INFO - Have successfully started logging for id=3
2025-09-05 17:34:00,273 - INFO - Position estimator ready
2025-09-05 17:34:00,274 - INFO - Controller parameters optimized
2025-09-05 17:34:00,277 - INFO - Have successfully stopped logging for id=3
2025-09-05 17:34:00,278 - INFO - Have successfully deleted id=3
2025-09-05 17:34:02,767 - INFO - Start collection (slot:10ms)
2025-09-05 17:34:02,769 - INFO - Data collector started
2025-09-05 17:34:02,769 - INFO - Position manager started
2025-09-05 17:34:02,777 - INFO - Have successfully started logging for id=4
2025-09-05 17:34:02,780 - INFO - Have successfully started logging for id=5
2025-09-05 17:34:02,781 - INFO - Have successfully started logging for id=6
2025-09-05 17:34:02,870 - INFO - Position manager data flow is normal
2025-09-05 17:34:04,870 - INFO - Current position: (-0.016, -0.001, 0.042, 89.9°)
2025-09-05 17:34:04,870 - INFO - Using absolute coordinate system, ignoring takeoff position offset
2025-09-05 17:34:05,870 - INFO - Pre-flight stabilization to first waypoint: (0.000, 0.000, 0.600)
2025-09-05 17:34:06,020 - INFO - Waypoint1: absolute coordinates(0.000, 0.000, 0.600, yaw=90.0°)
2025-09-05 17:34:06,020 - INFO - Flying to coordinate: (0.000, 0.000, 0.600)
2025-09-05 17:34:07,081 - INFO - Approaching target (error=0.133m), entering stabilization phase
2025-09-05 17:34:07,571 - INFO - Reached waypoint (error=0.031m, stable_count=30)
2025-09-05 17:34:08,171 - INFO - Waypoint2: absolute coordinates(0.800, 0.000, 0.600, yaw=90.0°)
2025-09-05 17:34:08,171 - INFO - Flying to coordinate: (0.800, 0.000, 0.600)
2025-09-05 17:34:09,231 - INFO - Approaching target (error=0.140m), entering stabilization phase
2025-09-05 17:34:11,171 - INFO - Reached waypoint (error=0.037m, stable_count=30)
2025-09-05 17:34:11,771 - INFO - Waypoint3: absolute coordinates(0.400, 0.600, 0.600, yaw=90.0°)
2025-09-05 17:34:11,771 - INFO - Flying to coordinate: (0.400, 0.600, 0.600)
2025-09-05 17:34:12,531 - INFO - Approaching target (error=0.147m), entering stabilization phase
2025-09-05 17:34:13,021 - INFO - Reached waypoint (error=0.024m, stable_count=30)
2025-09-05 17:34:13,622 - INFO - Waypoint4: absolute coordinates(0.000, 0.000, 0.600, yaw=90.0°)
2025-09-05 17:34:13,622 - INFO - Flying to coordinate: (0.000, 0.000, 0.600)
2025-09-05 17:34:14,372 - INFO - Approaching target (error=0.130m), entering stabilization phase
2025-09-05 17:34:14,762 - INFO - Reached waypoint (error=0.061m, stable_count=30)
2025-09-05 17:34:15,362 - INFO - Returning to origin and landing...
2025-09-05 17:34:15,362 - INFO - Flying to coordinate: (0.000, 0.000, 0.200)
2025-09-05 17:34:16,172 - INFO - Approaching target (error=0.148m), entering stabilization phase
2025-09-05 17:34:19,112 - INFO - Reached waypoint (error=0.072m, stable_count=30)
2025-09-05 17:34:19,113 - INFO - Landing...
2025-09-05 17:34:19,113 - INFO - Landing complete
2025-09-05 17:34:19,119 - INFO - Have successfully stopped logging for id=6
2025-09-05 17:34:19,215 - INFO - Position manager stopped
2025-09-05 17:34:19,216 - INFO - Flight mission complete
2025-09-05 17:34:19,216 - INFO - Stopping data collector...
2025-09-05 17:34:19,218 - INFO - Collection complete - stats: {'created': 1645, 'complete': 1645, 'merged': 0, 'dropped': 0}
2025-09-05 17:34:19,225 - INFO - Have successfully stopped logging for id=4
2025-09-05 17:34:19,229 - INFO - Have successfully stopped logging for id=5
2025-09-05 17:34:19,275 - INFO - Data saved: training_data/triangle_large_20250905_173419.json
2025-09-05 17:34:19,275 - INFO - States: 1645, Commands: 1124, Duration: 16.4s
2025-09-05 17:34:19,275 - INFO - Successfully saved 1645 state data points
2025-09-05 17:34:19,275 - INFO - Successfully saved 1124 control commands
2025-09-05 17:34:19,275 - INFO - Closing link
2025-09-05 17:34:19,276 - INFO - Callback->Disconnected from [radio://0/80/2M/E7E7E7E7E6]
