2025-09-05 17:58:00,576 - INFO - === Fixed continuous data collector ===
2025-09-05 17:58:00,576 - INFO - Mission: triangle_large
2025-09-05 17:58:00,576 - INFO - Waypoints (absolute coordinates): [(0, 0, 0.6), (0.8, 0, 0.6), (0.4, 0.6, 0.6), (0, 0, 0.6)]
2025-09-05 17:58:00,577 - INFO - Callback->Connection initialized[radio://0/80/2M/E7E7E7E7E6]
2025-09-05 17:58:00,827 - INFO - We are connected[radio://0/80/2M/E7E7E7E7E6], request connection setup
2025-09-05 17:58:00,827 - INFO - Request _request_protocol_version()
2025-09-05 17:58:00,831 - INFO - Callback->Connected to [radio://0/80/2M/E7E7E7E7E6]
2025-09-05 17:58:00,900 - INFO - _crt_service_callback
2025-09-05 17:58:00,900 - INFO - Request protocol version
2025-09-05 17:58:00,904 - INFO - _platform_callback
2025-09-05 17:58:00,904 - INFO - Protocol version (platform): 9
2025-09-05 17:58:00,916 - INFO - TOC for port [5] found in cache
2025-09-05 17:58:00,916 - INFO - Log TOC finished updating
2025-09-05 17:58:00,918 - INFO - 6 memories found
2025-09-05 17:58:00,993 - INFO - Memories finished updating
2025-09-05 17:58:00,998 - INFO - TOC for port [2] found in cache
2025-09-05 17:58:01,451 - INFO - Param TOC finished updating
2025-09-05 17:58:01,451 - INFO - Callback->Connection setup finished [radio://0/80/2M/E7E7E7E7E6]
2025-09-05 17:58:01,452 - INFO - Connected: radio://0/80/2M/E7E7E7E7E6
2025-09-05 17:58:01,460 - INFO - Have successfully started logging for id=1
2025-09-05 17:58:01,560 - INFO - Battery: 3.98V (safe)
2025-09-05 17:58:01,561 - INFO - Battery check passed: 3.98V
2025-09-05 17:58:01,561 - INFO - Initializing position estimator to origin...
2025-09-05 17:58:01,564 - INFO - Have successfully stopped logging for id=1
2025-09-05 17:58:01,565 - INFO - Have successfully deleted id=1
2025-09-05 17:58:02,610 - INFO - All parameters updated
2025-09-05 17:58:02,610 - INFO - Callback->Connection completed [radio://0/80/2M/E7E7E7E7E6]
2025-09-05 17:58:02,718 - INFO - Have successfully started logging for id=2
2025-09-05 17:58:09,214 - INFO - Waiting for position estimator...
2025-09-05 17:58:09,216 - INFO - Have successfully stopped logging for id=2
2025-09-05 17:58:09,217 - INFO - Have successfully deleted id=2
2025-09-05 17:58:09,222 - INFO - Have successfully started logging for id=3
2025-09-05 17:58:10,220 - INFO - Position estimator ready
2025-09-05 17:58:10,221 - INFO - Controller parameters optimized
2025-09-05 17:58:10,223 - INFO - Have successfully stopped logging for id=3
2025-09-05 17:58:10,224 - INFO - Have successfully deleted id=3
2025-09-05 17:58:13,220 - INFO - Start collection (slot:10ms)
2025-09-05 17:58:13,222 - INFO - Data collector started
2025-09-05 17:58:13,223 - INFO - Position manager started
2025-09-05 17:58:13,228 - INFO - Have successfully started logging for id=4
2025-09-05 17:58:13,229 - INFO - Have successfully started logging for id=5
2025-09-05 17:58:13,231 - INFO - Have successfully started logging for id=6
2025-09-05 17:58:13,323 - INFO - Position manager data flow is normal
2025-09-05 17:58:15,323 - INFO - Current position: (-0.016, 0.001, 0.019, 90.6°)
2025-09-05 17:58:15,323 - INFO - Using absolute coordinate system, ignoring takeoff position offset
2025-09-05 17:58:16,323 - INFO - Pre-flight stabilization to first waypoint: (0.000, 0.000, 0.600)
2025-09-05 17:58:16,474 - INFO - Waypoint1: absolute coordinates(0.000, 0.000, 0.600, yaw=90.0°)
2025-09-05 17:58:16,474 - INFO - Flying to coordinate: (0.000, 0.000, 0.600)
2025-09-05 17:58:17,484 - INFO - Approaching target (error=0.140m), entering stabilization phase
2025-09-05 17:58:18,024 - INFO - Reached waypoint (error=0.032m, stable_count=30)
2025-09-05 17:58:18,624 - INFO - Waypoint2: absolute coordinates(0.800, 0.000, 0.600, yaw=90.0°)
2025-09-05 17:58:18,624 - INFO - Flying to coordinate: (0.800, 0.000, 0.600)
2025-09-05 17:58:19,634 - INFO - Approaching target (error=0.137m), entering stabilization phase
2025-09-05 17:58:21,624 - INFO - Reached waypoint (error=0.036m, stable_count=30)
2025-09-05 17:58:22,225 - INFO - Waypoint3: absolute coordinates(0.400, 0.600, 0.600, yaw=90.0°)
2025-09-05 17:58:22,225 - INFO - Flying to coordinate: (0.400, 0.600, 0.600)
2025-09-05 17:58:22,329 - WARNING - Control timing drift detected - resyncing
2025-09-05 17:58:22,977 - INFO - Approaching target (error=0.138m), entering stabilization phase
2025-09-05 17:58:24,717 - INFO - Reached waypoint (error=0.056m, stable_count=30)
2025-09-05 17:58:25,318 - INFO - Waypoint4: absolute coordinates(0.000, 0.000, 0.600, yaw=90.0°)
2025-09-05 17:58:25,318 - INFO - Flying to coordinate: (0.000, 0.000, 0.600)
2025-09-05 17:58:27,228 - INFO - Approaching target (error=0.140m), entering stabilization phase
2025-09-05 17:58:27,728 - INFO - Reached waypoint (error=0.052m, stable_count=30)
2025-09-05 17:58:28,332 - INFO - Returning to origin and landing...
2025-09-05 17:58:28,332 - INFO - Flying to coordinate: (0.000, 0.000, 0.200)
2025-09-05 17:58:29,222 - INFO - Approaching target (error=0.143m), entering stabilization phase
2025-09-05 17:58:31,362 - INFO - Reached waypoint (error=0.067m, stable_count=30)
2025-09-05 17:58:31,362 - INFO - Landing...
2025-09-05 17:58:31,363 - INFO - Landing complete
2025-09-05 17:58:31,368 - INFO - Have successfully stopped logging for id=6
2025-09-05 17:58:31,465 - INFO - Position manager stopped
2025-09-05 17:58:31,466 - INFO - Flight mission complete
2025-09-05 17:58:31,466 - INFO - Stopping data collector...
2025-09-05 17:58:31,468 - INFO - Collection complete - stats: {'created': 1825, 'complete': 1825, 'merged': 0, 'dropped': 0}
2025-09-05 17:58:31,474 - INFO - Have successfully stopped logging for id=4
2025-09-05 17:58:31,477 - INFO - Have successfully stopped logging for id=5
2025-09-05 17:58:31,533 - INFO - Data saved: training_data/triangle_large_20250905_175831.json
2025-09-05 17:58:31,533 - INFO - States: 1825, Commands: 1301, Duration: 18.2s
2025-09-05 17:58:31,533 - INFO - Successfully saved 1825 state data points
2025-09-05 17:58:31,533 - INFO - Successfully saved 1301 control commands
2025-09-05 17:58:31,533 - INFO - Closing link
2025-09-05 17:58:31,535 - INFO - Callback->Disconnected from [radio://0/80/2M/E7E7E7E7E6]
