2025-09-05 14:55:07,127 - INFO - === Fixed continuous data collector ===
2025-09-05 14:55:07,127 - INFO - Mission: square_large
2025-09-05 14:55:07,127 - INFO - Waypoints (absolute coordinates): [(0, 0, 0.5), (0.7, 0, 0.5), (0.7, 0.7, 0.5), (0, 0.7, 0.5), (0, 0, 0.5)]
2025-09-05 14:55:07,128 - INFO - Callback->Connection initialized[radio://0/80/2M/E7E7E7E7E6]
2025-09-05 14:55:07,378 - INFO - We are connected[radio://0/80/2M/E7E7E7E7E6], request connection setup
2025-09-05 14:55:07,378 - INFO - Request _request_protocol_version()
2025-09-05 14:55:07,383 - INFO - Callback->Connected to [radio://0/80/2M/E7E7E7E7E6]
2025-09-05 14:55:07,387 - INFO - _crt_service_callback
2025-09-05 14:55:07,387 - INFO - Request protocol version
2025-09-05 14:55:07,391 - INFO - _platform_callback
2025-09-05 14:55:07,391 - INFO - Protocol version (platform): 9
2025-09-05 14:55:07,405 - INFO - TOC for port [5] found in cache
2025-09-05 14:55:07,405 - INFO - Log TOC finished updating
2025-09-05 14:55:07,408 - INFO - 6 memories found
2025-09-05 14:55:07,490 - INFO - Memories finished updating
2025-09-05 14:55:07,496 - INFO - TOC for port [2] found in cache
2025-09-05 14:55:07,998 - INFO - Param TOC finished updating
2025-09-05 14:55:07,998 - INFO - Callback->Connection setup finished [radio://0/80/2M/E7E7E7E7E6]
2025-09-05 14:55:07,999 - INFO - Connected: radio://0/80/2M/E7E7E7E7E6
2025-09-05 14:55:08,008 - INFO - Have successfully started logging for id=1
2025-09-05 14:55:08,107 - INFO - Battery: 3.84V (safe)
2025-09-05 14:55:08,110 - INFO - Battery check passed: 3.84V
2025-09-05 14:55:08,110 - INFO - Initializing position estimator to origin...
2025-09-05 14:55:08,113 - INFO - Have successfully stopped logging for id=1
2025-09-05 14:55:08,113 - INFO - Have successfully deleted id=1
2025-09-05 14:55:09,324 - INFO - All parameters updated
2025-09-05 14:55:09,324 - INFO - Callback->Connection completed [radio://0/80/2M/E7E7E7E7E6]
2025-09-05 14:55:09,433 - INFO - Have successfully started logging for id=2
2025-09-05 14:55:15,927 - INFO - Waiting for position estimator...
2025-09-05 14:55:15,933 - INFO - Have successfully stopped logging for id=2
2025-09-05 14:55:15,934 - INFO - Have successfully deleted id=2
2025-09-05 14:55:15,940 - INFO - Have successfully started logging for id=3
2025-09-05 14:55:16,938 - INFO - Position estimator ready
2025-09-05 14:55:16,940 - INFO - Controller parameters optimized
2025-09-05 14:55:16,946 - INFO - Have successfully stopped logging for id=3
2025-09-05 14:55:16,947 - INFO - Have successfully deleted id=3
2025-09-05 14:55:18,861 - INFO - Start collection (slot:10ms)
2025-09-05 14:55:18,863 - INFO - Data collector started
2025-09-05 14:55:18,865 - INFO - Position manager started
2025-09-05 14:55:18,877 - INFO - Have successfully started logging for id=4
2025-09-05 14:55:18,878 - INFO - Have successfully started logging for id=5
2025-09-05 14:55:18,881 - INFO - Have successfully started logging for id=6
2025-09-05 14:55:18,965 - INFO - Position manager data flow is normal
2025-09-05 14:55:20,965 - INFO - Current position: (0.024, 0.014, 0.047, 90.6°)
2025-09-05 14:55:20,966 - INFO - Using absolute coordinate system, ignoring takeoff position offset
2025-09-05 14:55:21,966 - INFO - Pre-flight stabilization to first waypoint: (0.000, 0.000, 0.500)
2025-09-05 14:55:22,117 - INFO - Waypoint1: absolute coordinates(0.000, 0.000, 0.500, yaw=90.0°)
2025-09-05 14:55:22,117 - INFO - Flying to coordinate: (0.000, 0.000, 0.500)
2025-09-05 14:55:23,177 - INFO - Approaching target (error=0.133m), entering stabilization phase
2025-09-05 14:55:23,667 - INFO - Reached waypoint (error=0.018m, stable_count=30)
2025-09-05 14:55:24,268 - INFO - Waypoint2: absolute coordinates(0.700, 0.000, 0.500, yaw=90.0°)
2025-09-05 14:55:24,269 - INFO - Flying to coordinate: (0.700, 0.000, 0.500)
2025-09-05 14:55:25,329 - INFO - Approaching target (error=0.143m), entering stabilization phase
2025-09-05 14:55:27,119 - INFO - Reached waypoint (error=0.070m, stable_count=30)
2025-09-05 14:55:27,720 - INFO - Waypoint3: absolute coordinates(0.700, 0.700, 0.500, yaw=90.0°)
2025-09-05 14:55:27,720 - INFO - Flying to coordinate: (0.700, 0.700, 0.500)
2025-09-05 14:55:28,530 - INFO - Approaching target (error=0.137m), entering stabilization phase
2025-09-05 14:55:28,920 - INFO - Reached waypoint (error=0.064m, stable_count=30)
2025-09-05 14:55:29,521 - INFO - Waypoint4: absolute coordinates(0.000, 0.700, 0.500, yaw=90.0°)
2025-09-05 14:55:29,521 - INFO - Flying to coordinate: (0.000, 0.700, 0.500)
2025-09-05 14:55:30,491 - INFO - Approaching target (error=0.132m), entering stabilization phase
2025-09-05 14:55:31,861 - INFO - Reached waypoint (error=0.067m, stable_count=30)
2025-09-05 14:55:32,467 - INFO - Waypoint5: absolute coordinates(0.000, 0.000, 0.500, yaw=90.0°)
2025-09-05 14:55:32,467 - INFO - Flying to coordinate: (0.000, 0.000, 0.500)
2025-09-05 14:55:33,478 - INFO - Approaching target (error=0.144m), entering stabilization phase
2025-09-05 14:55:36,758 - INFO - Reached waypoint (error=0.060m, stable_count=30)
2025-09-05 14:55:37,358 - INFO - Returning to origin and landing...
2025-09-05 14:55:37,358 - INFO - Flying to coordinate: (0.000, 0.000, 0.200)
2025-09-05 14:55:37,968 - INFO - Approaching target (error=0.146m), entering stabilization phase
2025-09-05 14:55:38,908 - INFO - Reached waypoint (error=0.032m, stable_count=30)
2025-09-05 14:55:38,908 - INFO - Landing...
2025-09-05 14:55:38,909 - INFO - Landing complete
2025-09-05 14:55:38,915 - INFO - Have successfully stopped logging for id=6
2025-09-05 14:55:39,010 - INFO - Position manager stopped
2025-09-05 14:55:39,012 - INFO - Flight mission complete
2025-09-05 14:55:39,012 - INFO - Stopping data collector...
2025-09-05 14:55:39,013 - INFO - Collection complete - stats: {'created': 2016, 'complete': 2014, 'merged': 0, 'dropped': 1}
2025-09-05 14:55:39,021 - INFO - Have successfully stopped logging for id=4
2025-09-05 14:55:39,033 - INFO - Have successfully stopped logging for id=5
2025-09-05 14:55:39,084 - INFO - Data saved: training_data/square_large_20250905_145539.json
2025-09-05 14:55:39,084 - INFO - States: 2014, Commands: 1447, Duration: 20.1s
2025-09-05 14:55:39,085 - INFO - Successfully saved 2014 state data points
2025-09-05 14:55:39,085 - INFO - Successfully saved 1447 control commands
2025-09-05 14:55:39,085 - INFO - Closing link
2025-09-05 14:55:39,085 - INFO - Callback->Disconnected from [radio://0/80/2M/E7E7E7E7E6]
