2025-09-05 12:06:36,053 - INFO - === Fixed continuous data collector ===
2025-09-05 12:06:36,053 - INFO - Mission: square_small
2025-09-05 12:06:36,053 - INFO - Waypoints (absolute coordinates): [(0, 0, 0.3), (0.3, 0, 0.3), (0.3, 0.3, 0.3), (0, 0.3, 0.3), (0, 0, 0.3)]
2025-09-05 12:06:36,054 - INFO - Callback->Connection initialized[radio://0/80/2M/E7E7E7E7E6]
2025-09-05 12:06:36,303 - INFO - We are connected[radio://0/80/2M/E7E7E7E7E6], request connection setup
2025-09-05 12:06:36,304 - INFO - Request _request_protocol_version()
2025-09-05 12:06:36,306 - INFO - Callback->Connected to [radio://0/80/2M/E7E7E7E7E6]
2025-09-05 12:06:36,311 - INFO - _crt_service_callback
2025-09-05 12:06:36,311 - INFO - Request protocol version
2025-09-05 12:06:36,319 - INFO - _platform_callback
2025-09-05 12:06:36,319 - INFO - Protocol version (platform): 9
2025-09-05 12:06:36,331 - INFO - TOC for port [5] found in cache
2025-09-05 12:06:36,331 - INFO - Log TOC finished updating
2025-09-05 12:06:36,335 - INFO - 6 memories found
2025-09-05 12:06:36,428 - INFO - Memories finished updating
2025-09-05 12:06:36,434 - INFO - TOC for port [2] found in cache
2025-09-05 12:06:37,105 - INFO - Param TOC finished updating
2025-09-05 12:06:37,105 - INFO - Callback->Connection setup finished [radio://0/80/2M/E7E7E7E7E6]
2025-09-05 12:06:37,106 - INFO - Connected: radio://0/80/2M/E7E7E7E7E6
2025-09-05 12:06:37,115 - INFO - Have successfully started logging for id=1
2025-09-05 12:06:37,218 - INFO - Battery: 4.01V (safe)
2025-09-05 12:06:37,218 - INFO - Battery check passed: 4.01V
2025-09-05 12:06:37,218 - INFO - Initializing position estimator to origin...
2025-09-05 12:06:37,221 - INFO - Have successfully stopped logging for id=1
2025-09-05 12:06:37,224 - INFO - Have successfully deleted id=1
2025-09-05 12:06:38,794 - INFO - All parameters updated
2025-09-05 12:06:38,794 - INFO - Callback->Connection completed [radio://0/80/2M/E7E7E7E7E6]
2025-09-05 12:06:38,910 - INFO - Have successfully started logging for id=2
2025-09-05 12:06:45,403 - INFO - Waiting for position estimator...
2025-09-05 12:06:45,406 - INFO - Have successfully stopped logging for id=2
2025-09-05 12:06:45,407 - INFO - Have successfully deleted id=2
2025-09-05 12:06:45,418 - INFO - Have successfully started logging for id=3
2025-09-05 12:06:46,414 - INFO - Position estimator ready
2025-09-05 12:06:46,415 - INFO - Controller parameters optimized
2025-09-05 12:06:46,419 - INFO - Have successfully stopped logging for id=3
2025-09-05 12:06:46,421 - INFO - Have successfully deleted id=3
2025-09-05 12:06:48,963 - INFO - Start collection (slot:10ms)
2025-09-05 12:06:48,965 - INFO - Data collector started
2025-09-05 12:06:48,965 - INFO - Position manager started
2025-09-05 12:06:48,973 - INFO - Have successfully started logging for id=4
2025-09-05 12:06:48,975 - INFO - Have successfully started logging for id=5
2025-09-05 12:06:48,975 - INFO - Have successfully started logging for id=6
2025-09-05 12:06:49,065 - INFO - Position manager data flow is normal
2025-09-05 12:06:51,066 - INFO - Current position: (-0.007, 0.031, -0.036, 90.2°)
2025-09-05 12:06:51,066 - INFO - Using absolute coordinate system, ignoring takeoff position offset
2025-09-05 12:06:52,066 - INFO - Pre-flight stabilization to first waypoint: (0.000, 0.000, 0.300)
2025-09-05 12:06:52,216 - INFO - Waypoint1: absolute coordinates(0.000, 0.000, 0.300, yaw=90.0°)
2025-09-05 12:06:52,216 - INFO - Flying to coordinate: (0.000, 0.000, 0.300)
2025-09-05 12:06:53,076 - INFO - Approaching target (error=0.141m), entering stabilization phase
2025-09-05 12:06:53,616 - INFO - Reached waypoint (error=0.072m, stable_count=30)
2025-09-05 12:06:54,216 - INFO - Waypoint2: absolute coordinates(0.300, 0.000, 0.300, yaw=90.0°)
2025-09-05 12:06:54,217 - INFO - Flying to coordinate: (0.300, 0.000, 0.300)
2025-09-05 12:06:54,827 - INFO - Approaching target (error=0.134m), entering stabilization phase
2025-09-05 12:06:55,367 - INFO - Reached waypoint (error=0.074m, stable_count=30)
2025-09-05 12:06:55,967 - INFO - Waypoint3: absolute coordinates(0.300, 0.300, 0.300, yaw=90.0°)
2025-09-05 12:06:55,967 - INFO - Flying to coordinate: (0.300, 0.300, 0.300)
2025-09-05 12:06:56,577 - INFO - Approaching target (error=0.149m), entering stabilization phase
2025-09-05 12:06:57,067 - INFO - Reached waypoint (error=0.049m, stable_count=30)
2025-09-05 12:06:57,667 - INFO - Waypoint4: absolute coordinates(0.000, 0.300, 0.300, yaw=90.0°)
2025-09-05 12:06:57,667 - INFO - Flying to coordinate: (0.000, 0.300, 0.300)
2025-09-05 12:06:58,128 - INFO - Approaching target (error=0.121m), entering stabilization phase
2025-09-05 12:06:58,518 - INFO - Reached waypoint (error=0.063m, stable_count=30)
2025-09-05 12:06:59,118 - INFO - Waypoint5: absolute coordinates(0.000, 0.000, 0.300, yaw=90.0°)
2025-09-05 12:06:59,118 - INFO - Flying to coordinate: (0.000, 0.000, 0.300)
2025-09-05 12:06:59,728 - INFO - Approaching target (error=0.139m), entering stabilization phase
2025-09-05 12:07:01,558 - INFO - Reached waypoint (error=0.051m, stable_count=30)
2025-09-05 12:07:02,158 - INFO - Returning to origin and landing...
2025-09-05 12:07:02,158 - INFO - Flying to coordinate: (0.000, 0.000, 0.200)
2025-09-05 12:07:02,158 - INFO - Approaching target (error=0.136m), entering stabilization phase
2025-09-05 12:07:02,758 - INFO - Reached waypoint (error=0.057m, stable_count=30)
2025-09-05 12:07:02,758 - INFO - Landing...
2025-09-05 12:07:02,759 - INFO - Landing complete
2025-09-05 12:07:02,765 - INFO - Have successfully stopped logging for id=6
2025-09-05 12:07:02,860 - INFO - Position manager stopped
2025-09-05 12:07:02,862 - INFO - Flight mission complete
2025-09-05 12:07:02,862 - INFO - Stopping data collector...
2025-09-05 12:07:02,864 - INFO - Collection complete - stats: {'created': 1390, 'complete': 1389, 'merged': 0, 'dropped': 0}
2025-09-05 12:07:02,873 - INFO - Have successfully stopped logging for id=4
2025-09-05 12:07:02,877 - INFO - Have successfully stopped logging for id=5
2025-09-05 12:07:02,912 - INFO - Data saved: training_data/square_small_20250905_120702.json
2025-09-05 12:07:02,912 - INFO - States: 1389, Commands: 819, Duration: 13.9s
2025-09-05 12:07:02,913 - INFO - Successfully saved 1389 state data points
2025-09-05 12:07:02,913 - INFO - Successfully saved 819 control commands
2025-09-05 12:07:02,913 - INFO - Closing link
2025-09-05 12:07:02,913 - INFO - Callback->Disconnected from [radio://0/80/2M/E7E7E7E7E6]
