2025-09-04 14:54:24,926 - INFO - === Fixed continuous data collector ===
2025-09-04 14:54:24,926 - INFO - Mission: vertical_med
2025-09-04 14:54:24,926 - INFO - Waypoints (absolute coordinates): [(0, 0, 0.4), (0, 0, 0.8), (0, 0, 0.4)]
2025-09-04 14:54:24,927 - INFO - Callback->Connection initialized[radio://0/80/2M/E7E7E7E7E6]
2025-09-04 14:54:25,177 - INFO - We are connected[radio://0/80/2M/E7E7E7E7E6], request connection setup
2025-09-04 14:54:25,177 - INFO - Request _request_protocol_version()
2025-09-04 14:54:25,180 - INFO - Callback->Connected to [radio://0/80/2M/E7E7E7E7E6]
2025-09-04 14:54:25,185 - INFO - _crt_service_callback
2025-09-04 14:54:25,186 - INFO - Request protocol version
2025-09-04 14:54:25,191 - INFO - _platform_callback
2025-09-04 14:54:25,191 - INFO - Protocol version (platform): 9
2025-09-04 14:54:25,203 - INFO - TOC for port [5] found in cache
2025-09-04 14:54:25,203 - INFO - Log TOC finished updating
2025-09-04 14:54:25,210 - INFO - 6 memories found
2025-09-04 14:54:25,289 - INFO - Memories finished updating
2025-09-04 14:54:25,294 - INFO - TOC for port [2] found in cache
2025-09-04 14:54:25,789 - INFO - Param TOC finished updating
2025-09-04 14:54:25,789 - INFO - Callback->Connection setup finished [radio://0/80/2M/E7E7E7E7E6]
2025-09-04 14:54:25,790 - INFO - Connected: radio://0/80/2M/E7E7E7E7E6
2025-09-04 14:54:25,801 - INFO - Have successfully started logging for id=1
2025-09-04 14:54:25,900 - INFO - Battery: 4.03V (safe)
2025-09-04 14:54:25,901 - INFO - Battery check passed: 4.03V
2025-09-04 14:54:25,901 - INFO - Initializing position estimator to origin...
2025-09-04 14:54:25,907 - INFO - Have successfully stopped logging for id=1
2025-09-04 14:54:25,908 - INFO - Have successfully deleted id=1
2025-09-04 14:54:27,417 - INFO - All parameters updated
2025-09-04 14:54:27,417 - INFO - Callback->Connection completed [radio://0/80/2M/E7E7E7E7E6]
2025-09-04 14:54:27,531 - INFO - Have successfully started logging for id=2
2025-09-04 14:54:34,025 - INFO - Waiting for position estimator...
2025-09-04 14:54:34,028 - INFO - Have successfully stopped logging for id=2
2025-09-04 14:54:34,029 - INFO - Have successfully deleted id=2
2025-09-04 14:54:34,033 - INFO - Have successfully started logging for id=3
2025-09-04 14:54:35,034 - INFO - Position estimator ready
2025-09-04 14:54:35,037 - INFO - Controller parameters optimized
2025-09-04 14:54:35,040 - INFO - Have successfully stopped logging for id=3
2025-09-04 14:54:35,041 - INFO - Have successfully deleted id=3
2025-09-04 14:54:37,263 - INFO - Start collection (slot:10ms)
2025-09-04 14:54:37,264 - INFO - Data collector started
2025-09-04 14:54:37,265 - INFO - Position manager started
2025-09-04 14:54:37,272 - INFO - Have successfully started logging for id=4
2025-09-04 14:54:37,281 - INFO - Have successfully started logging for id=5
2025-09-04 14:54:37,284 - INFO - Have successfully started logging for id=6
2025-09-04 14:54:37,365 - INFO - Position manager data flow is normal
2025-09-04 14:54:39,365 - INFO - Current position: (0.024, 0.074, -0.053, 90.6째)
2025-09-04 14:54:39,365 - INFO - Using absolute coordinate system, ignoring takeoff position offset
2025-09-04 14:54:40,366 - INFO - Pre-flight stabilization to first waypoint: (0.000, 0.000, 0.400)
2025-09-04 14:54:40,516 - INFO - Waypoint1: absolute coordinates(0.000, 0.000, 0.400, yaw=90.0째)
2025-09-04 14:54:40,516 - INFO - Flying to coordinate: (0.000, 0.000, 0.400)
2025-09-04 14:54:41,426 - INFO - Approaching target (error=0.142m), entering stabilization phase
2025-09-04 14:54:41,916 - INFO - Reached waypoint (error=0.050m, stable_count=30)
2025-09-04 14:54:42,516 - INFO - Waypoint2: absolute coordinates(0.000, 0.000, 0.800, yaw=90.0째)
2025-09-04 14:54:42,516 - INFO - Flying to coordinate: (0.000, 0.000, 0.800)
2025-09-04 14:54:42,976 - INFO - Approaching target (error=0.127m), entering stabilization phase
2025-09-04 14:54:48,606 - INFO - Reached waypoint (error=0.071m, stable_count=30)
2025-09-04 14:54:49,207 - INFO - Waypoint3: absolute coordinates(0.000, 0.000, 0.400, yaw=90.0째)
2025-09-04 14:54:49,207 - INFO - Flying to coordinate: (0.000, 0.000, 0.400)
2025-09-04 14:54:49,917 - INFO - Approaching target (error=0.141m), entering stabilization phase
2025-09-04 14:54:50,507 - INFO - Reached waypoint (error=0.039m, stable_count=30)
2025-09-04 14:54:51,107 - INFO - Returning to origin and landing...
2025-09-04 14:54:51,107 - INFO - Flying to coordinate: (0.000, 0.000, 0.200)
2025-09-04 14:54:51,367 - INFO - Approaching target (error=0.150m), entering stabilization phase
2025-09-04 14:54:52,007 - INFO - Reached waypoint (error=0.049m, stable_count=30)
2025-09-04 14:54:52,008 - INFO - Landing...
2025-09-04 14:54:52,009 - INFO - Landing complete
2025-09-04 14:54:52,018 - INFO - Have successfully stopped logging for id=6
2025-09-04 14:54:52,110 - INFO - Position manager stopped
2025-09-04 14:54:52,112 - INFO - Flight mission complete
2025-09-04 14:54:52,112 - INFO - Stopping data collector...
2025-09-04 14:54:52,113 - INFO - Collection complete - stats: {'created': 1486, 'complete': 1484, 'merged': 0, 'dropped': 1}
2025-09-04 14:54:52,122 - INFO - Have successfully stopped logging for id=4
2025-09-04 14:54:52,126 - INFO - Have successfully stopped logging for id=5
2025-09-04 14:54:52,165 - INFO - Data saved: training_data/vertical_med_20250904_145452.json
2025-09-04 14:54:52,165 - INFO - States: 1484, Commands: 1014, Duration: 14.8s
2025-09-04 14:54:52,166 - INFO - Successfully saved 1484 state data points
2025-09-04 14:54:52,166 - INFO - Successfully saved 1014 control commands
2025-09-04 14:54:52,166 - INFO - Closing link
2025-09-04 14:54:52,166 - INFO - Callback->Disconnected from [radio://0/80/2M/E7E7E7E7E6]
