2025-09-05 17:33:09,587 - INFO - === Fixed continuous data collector ===
2025-09-05 17:33:09,587 - INFO - Mission: triangle_large
2025-09-05 17:33:09,587 - INFO - Waypoints (absolute coordinates): [(0, 0, 0.6), (0.8, 0, 0.6), (0.4, 0.6, 0.6), (0, 0, 0.6)]
2025-09-05 17:33:09,588 - INFO - Callback->Connection initialized[radio://0/80/2M/E7E7E7E7E6]
2025-09-05 17:33:09,838 - INFO - We are connected[radio://0/80/2M/E7E7E7E7E6], request connection setup
2025-09-05 17:33:09,838 - INFO - Request _request_protocol_version()
2025-09-05 17:33:09,840 - INFO - Callback->Connected to [radio://0/80/2M/E7E7E7E7E6]
2025-09-05 17:33:09,845 - INFO - _crt_service_callback
2025-09-05 17:33:09,845 - INFO - Request protocol version
2025-09-05 17:33:09,848 - INFO - _platform_callback
2025-09-05 17:33:09,848 - INFO - Protocol version (platform): 9
2025-09-05 17:33:09,858 - INFO - TOC for port [5] found in cache
2025-09-05 17:33:09,858 - INFO - Log TOC finished updating
2025-09-05 17:33:09,861 - INFO - 6 memories found
2025-09-05 17:33:09,937 - INFO - Memories finished updating
2025-09-05 17:33:09,942 - INFO - TOC for port [2] found in cache
2025-09-05 17:33:10,355 - INFO - Param TOC finished updating
2025-09-05 17:33:10,355 - INFO - Callback->Connection setup finished [radio://0/80/2M/E7E7E7E7E6]
2025-09-05 17:33:10,356 - INFO - Connected: radio://0/80/2M/E7E7E7E7E6
2025-09-05 17:33:10,365 - INFO - Have successfully started logging for id=1
2025-09-05 17:33:10,465 - INFO - Battery: 3.84V (safe)
2025-09-05 17:33:10,465 - INFO - Battery check passed: 3.84V
2025-09-05 17:33:10,465 - INFO - Initializing position estimator to origin...
2025-09-05 17:33:10,468 - INFO - Have successfully stopped logging for id=1
2025-09-05 17:33:10,469 - INFO - Have successfully deleted id=1
2025-09-05 17:33:11,419 - INFO - All parameters updated
2025-09-05 17:33:11,419 - INFO - Callback->Connection completed [radio://0/80/2M/E7E7E7E7E6]
2025-09-05 17:33:11,529 - INFO - Have successfully started logging for id=2
2025-09-05 17:33:18,022 - INFO - Waiting for position estimator...
2025-09-05 17:33:18,025 - INFO - Have successfully stopped logging for id=2
2025-09-05 17:33:18,026 - INFO - Have successfully deleted id=2
2025-09-05 17:33:18,030 - INFO - Have successfully started logging for id=3
2025-09-05 17:33:19,029 - INFO - Position estimator ready
2025-09-05 17:33:19,030 - INFO - Controller parameters optimized
2025-09-05 17:33:19,032 - INFO - Have successfully stopped logging for id=3
2025-09-05 17:33:19,033 - INFO - Have successfully deleted id=3
2025-09-05 17:33:24,200 - INFO - Start collection (slot:10ms)
2025-09-05 17:33:24,200 - INFO - Data collector started
2025-09-05 17:33:24,201 - INFO - Position manager started
2025-09-05 17:33:24,208 - INFO - Have successfully started logging for id=4
2025-09-05 17:33:24,209 - INFO - Have successfully started logging for id=5
2025-09-05 17:33:24,212 - INFO - Have successfully started logging for id=6
2025-09-05 17:33:24,302 - INFO - Position manager data flow is normal
2025-09-05 17:33:26,302 - INFO - Current position: (-0.023, 0.004, 0.035, 89.9°)
2025-09-05 17:33:26,302 - INFO - Using absolute coordinate system, ignoring takeoff position offset
2025-09-05 17:33:27,302 - INFO - Pre-flight stabilization to first waypoint: (0.000, 0.000, 0.600)
2025-09-05 17:33:27,452 - INFO - Waypoint1: absolute coordinates(0.000, 0.000, 0.600, yaw=90.0°)
2025-09-05 17:33:27,452 - INFO - Flying to coordinate: (0.000, 0.000, 0.600)
2025-09-05 17:33:28,512 - INFO - Approaching target (error=0.140m), entering stabilization phase
2025-09-05 17:33:29,052 - INFO - Reached waypoint (error=0.042m, stable_count=30)
2025-09-05 17:33:29,653 - INFO - Waypoint2: absolute coordinates(0.800, 0.000, 0.600, yaw=90.0°)
2025-09-05 17:33:29,653 - INFO - Flying to coordinate: (0.800, 0.000, 0.600)
2025-09-05 17:33:30,663 - INFO - Approaching target (error=0.140m), entering stabilization phase
2025-09-05 17:33:32,303 - INFO - Reached waypoint (error=0.056m, stable_count=30)
2025-09-05 17:33:32,903 - INFO - Waypoint3: absolute coordinates(0.400, 0.600, 0.600, yaw=90.0°)
2025-09-05 17:33:32,903 - INFO - Flying to coordinate: (0.400, 0.600, 0.600)
2025-09-05 17:33:33,663 - INFO - Approaching target (error=0.124m), entering stabilization phase
2025-09-05 17:33:34,183 - INFO - Reached waypoint (error=0.067m, stable_count=30)
2025-09-05 17:33:34,784 - INFO - Waypoint4: absolute coordinates(0.000, 0.000, 0.600, yaw=90.0°)
2025-09-05 17:33:34,784 - INFO - Flying to coordinate: (0.000, 0.000, 0.600)
2025-09-05 17:33:35,554 - INFO - Approaching target (error=0.135m), entering stabilization phase
2025-09-05 17:33:35,944 - INFO - Reached waypoint (error=0.021m, stable_count=30)
2025-09-05 17:33:36,544 - INFO - Returning to origin and landing...
2025-09-05 17:33:36,544 - INFO - Flying to coordinate: (0.000, 0.000, 0.200)
2025-09-05 17:33:37,354 - INFO - Approaching target (error=0.147m), entering stabilization phase
2025-09-05 17:33:38,044 - INFO - Reached waypoint (error=0.068m, stable_count=30)
2025-09-05 17:33:38,044 - INFO - Landing...
2025-09-05 17:33:38,045 - INFO - Landing complete
2025-09-05 17:33:38,051 - INFO - Have successfully stopped logging for id=6
2025-09-05 17:33:38,146 - INFO - Position manager stopped
2025-09-05 17:33:38,149 - INFO - Flight mission complete
2025-09-05 17:33:38,149 - INFO - Stopping data collector...
2025-09-05 17:33:38,150 - INFO - Collection complete - stats: {'created': 1395, 'complete': 1395, 'merged': 0, 'dropped': 0}
2025-09-05 17:33:38,158 - INFO - Have successfully stopped logging for id=4
2025-09-05 17:33:38,161 - INFO - Have successfully stopped logging for id=5
2025-09-05 17:33:38,198 - INFO - Data saved: training_data/triangle_large_20250905_173338.json
2025-09-05 17:33:38,198 - INFO - States: 1395, Commands: 874, Duration: 13.9s
2025-09-05 17:33:38,199 - INFO - Successfully saved 1395 state data points
2025-09-05 17:33:38,199 - INFO - Successfully saved 874 control commands
2025-09-05 17:33:38,199 - INFO - Closing link
2025-09-05 17:33:38,200 - INFO - Callback->Disconnected from [radio://0/80/2M/E7E7E7E7E6]
