2025-09-05 14:04:37,596 - INFO - === Fixed continuous data collector ===
2025-09-05 14:04:37,596 - INFO - Mission: square_med
2025-09-05 14:04:37,596 - INFO - Waypoints (absolute coordinates): [(0, 0, 0.4), (0.5, 0, 0.4), (0.5, 0.5, 0.4), (0, 0.5, 0.4), (0, 0, 0.4)]
2025-09-05 14:04:37,597 - INFO - Callback->Connection initialized[radio://0/80/2M/E7E7E7E7E6]
2025-09-05 14:04:37,847 - INFO - We are connected[radio://0/80/2M/E7E7E7E7E6], request connection setup
2025-09-05 14:04:37,848 - INFO - Request _request_protocol_version()
2025-09-05 14:04:37,851 - INFO - Callback->Connected to [radio://0/80/2M/E7E7E7E7E6]
2025-09-05 14:04:37,855 - INFO - _crt_service_callback
2025-09-05 14:04:37,855 - INFO - Request protocol version
2025-09-05 14:04:37,860 - INFO - _platform_callback
2025-09-05 14:04:37,860 - INFO - Protocol version (platform): 9
2025-09-05 14:04:37,869 - INFO - TOC for port [5] found in cache
2025-09-05 14:04:37,869 - INFO - Log TOC finished updating
2025-09-05 14:04:37,872 - INFO - 6 memories found
2025-09-05 14:04:37,950 - INFO - Memories finished updating
2025-09-05 14:04:37,956 - INFO - TOC for port [2] found in cache
2025-09-05 14:04:38,405 - INFO - Param TOC finished updating
2025-09-05 14:04:38,405 - INFO - Callback->Connection setup finished [radio://0/80/2M/E7E7E7E7E6]
2025-09-05 14:04:38,406 - INFO - Connected: radio://0/80/2M/E7E7E7E7E6
2025-09-05 14:04:38,417 - INFO - Have successfully started logging for id=1
2025-09-05 14:04:38,515 - INFO - Battery: 4.02V (safe)
2025-09-05 14:04:38,516 - INFO - Battery check passed: 4.02V
2025-09-05 14:04:38,516 - INFO - Initializing position estimator to origin...
2025-09-05 14:04:38,519 - INFO - Have successfully stopped logging for id=1
2025-09-05 14:04:38,519 - INFO - Have successfully deleted id=1
2025-09-05 14:04:39,525 - INFO - All parameters updated
2025-09-05 14:04:39,525 - INFO - Callback->Connection completed [radio://0/80/2M/E7E7E7E7E6]
2025-09-05 14:04:39,634 - INFO - Have successfully started logging for id=2
2025-09-05 14:04:46,130 - INFO - Waiting for position estimator...
2025-09-05 14:04:46,133 - INFO - Have successfully stopped logging for id=2
2025-09-05 14:04:46,135 - INFO - Have successfully deleted id=2
2025-09-05 14:04:46,141 - INFO - Have successfully started logging for id=3
2025-09-05 14:04:47,139 - INFO - Position estimator ready
2025-09-05 14:04:47,140 - INFO - Controller parameters optimized
2025-09-05 14:04:47,142 - INFO - Have successfully stopped logging for id=3
2025-09-05 14:04:47,143 - INFO - Have successfully deleted id=3
2025-09-05 14:05:00,074 - INFO - Start collection (slot:10ms)
2025-09-05 14:05:00,075 - INFO - Data collector started
2025-09-05 14:05:00,076 - INFO - Position manager started
2025-09-05 14:05:00,082 - INFO - Have successfully started logging for id=4
2025-09-05 14:05:00,085 - INFO - Have successfully started logging for id=5
2025-09-05 14:05:00,090 - INFO - Have successfully started logging for id=6
2025-09-05 14:05:00,176 - INFO - Position manager data flow is normal
2025-09-05 14:05:02,176 - INFO - Current position: (0.017, 0.044, 0.037, 89.8°)
2025-09-05 14:05:02,177 - INFO - Using absolute coordinate system, ignoring takeoff position offset
2025-09-05 14:05:03,177 - INFO - Pre-flight stabilization to first waypoint: (0.000, 0.000, 0.400)
2025-09-05 14:05:03,327 - INFO - Waypoint1: absolute coordinates(0.000, 0.000, 0.400, yaw=90.0°)
2025-09-05 14:05:03,327 - INFO - Flying to coordinate: (0.000, 0.000, 0.400)
2025-09-05 14:05:04,437 - INFO - Approaching target (error=0.137m), entering stabilization phase
2025-09-05 14:05:05,077 - INFO - Reached waypoint (error=0.034m, stable_count=30)
2025-09-05 14:05:05,677 - INFO - Waypoint2: absolute coordinates(0.500, 0.000, 0.400, yaw=90.0°)
2025-09-05 14:05:05,678 - INFO - Flying to coordinate: (0.500, 0.000, 0.400)
2025-09-05 14:05:06,488 - INFO - Approaching target (error=0.142m), entering stabilization phase
2025-09-05 14:05:08,178 - INFO - Reached waypoint (error=0.074m, stable_count=30)
2025-09-05 14:05:08,778 - INFO - Waypoint3: absolute coordinates(0.500, 0.500, 0.400, yaw=90.0°)
2025-09-05 14:05:08,778 - INFO - Flying to coordinate: (0.500, 0.500, 0.400)
2025-09-05 14:05:09,478 - INFO - Approaching target (error=0.130m), entering stabilization phase
2025-09-05 14:05:10,518 - INFO - Reached waypoint (error=0.065m, stable_count=30)
2025-09-05 14:05:11,118 - INFO - Waypoint4: absolute coordinates(0.000, 0.500, 0.400, yaw=90.0°)
2025-09-05 14:05:11,118 - INFO - Flying to coordinate: (0.000, 0.500, 0.400)
2025-09-05 14:05:11,778 - INFO - Approaching target (error=0.136m), entering stabilization phase
2025-09-05 14:05:13,268 - INFO - Reached waypoint (error=0.047m, stable_count=30)
2025-09-05 14:05:13,869 - INFO - Waypoint5: absolute coordinates(0.000, 0.000, 0.400, yaw=90.0°)
2025-09-05 14:05:13,869 - INFO - Flying to coordinate: (0.000, 0.000, 0.400)
2025-09-05 14:05:14,579 - INFO - Approaching target (error=0.136m), entering stabilization phase
2025-09-05 14:05:15,119 - INFO - Reached waypoint (error=0.043m, stable_count=30)
2025-09-05 14:05:15,728 - INFO - Returning to origin and landing...
2025-09-05 14:05:15,728 - INFO - Flying to coordinate: (0.000, 0.000, 0.200)
2025-09-05 14:05:16,229 - INFO - Approaching target (error=0.148m), entering stabilization phase
2025-09-05 14:05:17,069 - INFO - Reached waypoint (error=0.052m, stable_count=30)
2025-09-05 14:05:17,069 - INFO - Landing...
2025-09-05 14:05:17,070 - INFO - Landing complete
2025-09-05 14:05:17,075 - INFO - Have successfully stopped logging for id=6
2025-09-05 14:05:17,171 - INFO - Position manager stopped
2025-09-05 14:05:17,172 - INFO - Flight mission complete
2025-09-05 14:05:17,172 - INFO - Stopping data collector...
2025-09-05 14:05:17,174 - INFO - Collection complete - stats: {'created': 1710, 'complete': 1710, 'merged': 0, 'dropped': 0}
2025-09-05 14:05:17,180 - INFO - Have successfully stopped logging for id=4
2025-09-05 14:05:17,183 - INFO - Have successfully stopped logging for id=5
2025-09-05 14:05:17,235 - INFO - Data saved: training_data/square_med_20250905_140517.json
2025-09-05 14:05:17,235 - INFO - States: 1710, Commands: 1139, Duration: 17.1s
2025-09-05 14:05:17,235 - INFO - Successfully saved 1710 state data points
2025-09-05 14:05:17,235 - INFO - Successfully saved 1139 control commands
2025-09-05 14:05:17,235 - INFO - Closing link
2025-09-05 14:05:17,236 - INFO - Callback->Disconnected from [radio://0/80/2M/E7E7E7E7E6]
