2025-09-04 12:35:48,841 - INFO - === Fixed continuous data collector ===
2025-09-04 12:35:48,841 - INFO - Mission: vertical_small
2025-09-04 12:35:48,841 - INFO - Waypoints (absolute coordinates): [(0, 0, 0.3), (0, 0, 0.6), (0, 0, 0.9), (0, 0, 0.6), (0, 0, 0.3)]
2025-09-04 12:35:48,842 - INFO - Callback->Connection initialized[radio://0/80/2M/E7E7E7E7E6]
2025-09-04 12:35:49,092 - INFO - We are connected[radio://0/80/2M/E7E7E7E7E6], request connection setup
2025-09-04 12:35:49,092 - INFO - Request _request_protocol_version()
2025-09-04 12:35:49,095 - INFO - Callback->Connected to [radio://0/80/2M/E7E7E7E7E6]
2025-09-04 12:35:49,099 - INFO - _crt_service_callback
2025-09-04 12:35:49,099 - INFO - Request protocol version
2025-09-04 12:35:49,105 - INFO - _platform_callback
2025-09-04 12:35:49,105 - INFO - Protocol version (platform): 9
2025-09-04 12:35:49,117 - INFO - TOC for port [5] found in cache
2025-09-04 12:35:49,117 - INFO - Log TOC finished updating
2025-09-04 12:35:49,120 - INFO - 6 memories found
2025-09-04 12:35:49,204 - INFO - Memories finished updating
2025-09-04 12:35:49,210 - INFO - TOC for port [2] found in cache
2025-09-04 12:35:49,866 - INFO - Param TOC finished updating
2025-09-04 12:35:49,866 - INFO - Callback->Connection setup finished [radio://0/80/2M/E7E7E7E7E6]
2025-09-04 12:35:49,867 - INFO - Connected: radio://0/80/2M/E7E7E7E7E6
2025-09-04 12:35:49,878 - INFO - Have successfully started logging for id=1
2025-09-04 12:35:49,978 - INFO - Battery: 3.84V (safe)
2025-09-04 12:35:49,979 - INFO - Battery check passed: 3.84V
2025-09-04 12:35:49,979 - INFO - Initializing position estimator to origin...
2025-09-04 12:35:49,983 - INFO - Have successfully stopped logging for id=1
2025-09-04 12:35:49,984 - INFO - Have successfully deleted id=1
2025-09-04 12:35:51,099 - INFO - All parameters updated
2025-09-04 12:35:51,099 - INFO - Callback->Connection completed [radio://0/80/2M/E7E7E7E7E6]
2025-09-04 12:35:51,208 - INFO - Have successfully started logging for id=2
2025-09-04 12:35:57,703 - INFO - Waiting for position estimator...
2025-09-04 12:35:57,706 - INFO - Have successfully stopped logging for id=2
2025-09-04 12:35:57,708 - INFO - Have successfully deleted id=2
2025-09-04 12:35:57,713 - INFO - Have successfully started logging for id=3
2025-09-04 12:35:58,712 - INFO - Position estimator ready
2025-09-04 12:35:58,713 - INFO - Controller parameters optimized
2025-09-04 12:35:58,716 - INFO - Have successfully stopped logging for id=3
2025-09-04 12:35:58,717 - INFO - Have successfully deleted id=3
2025-09-04 12:36:14,750 - INFO - Start collection (slot:10ms)
2025-09-04 12:36:14,751 - INFO - Data collector started
2025-09-04 12:36:14,752 - INFO - Position manager started
2025-09-04 12:36:14,763 - INFO - Have successfully started logging for id=4
2025-09-04 12:36:14,764 - INFO - Have successfully started logging for id=5
2025-09-04 12:36:14,765 - INFO - Have successfully started logging for id=6
2025-09-04 12:36:14,853 - INFO - Position manager data flow is normal
2025-09-04 12:36:16,853 - INFO - Current position: (0.039, 0.053, 0.015, 90.2°)
2025-09-04 12:36:16,853 - INFO - Using absolute coordinate system, ignoring takeoff position offset
2025-09-04 12:36:17,853 - INFO - Pre-flight stabilization to first waypoint: (0.000, 0.000, 0.300)
2025-09-04 12:36:18,003 - INFO - Waypoint1: absolute coordinates(0.000, 0.000, 0.300, yaw=90.0°)
2025-09-04 12:36:18,003 - INFO - Flying to coordinate: (0.000, 0.000, 0.300)
2025-09-04 12:36:19,164 - INFO - Approaching target (error=0.147m), entering stabilization phase
2025-09-04 12:36:22,704 - INFO - Reached waypoint (error=0.067m, stable_count=30)
2025-09-04 12:36:23,304 - INFO - Waypoint2: absolute coordinates(0.000, 0.000, 0.600, yaw=90.0°)
2025-09-04 12:36:23,304 - INFO - Flying to coordinate: (0.000, 0.000, 0.600)
2025-09-04 12:36:23,764 - INFO - Approaching target (error=0.144m), entering stabilization phase
2025-09-04 12:36:24,404 - INFO - Reached waypoint (error=0.045m, stable_count=30)
2025-09-04 12:36:25,004 - INFO - Waypoint3: absolute coordinates(0.000, 0.000, 0.900, yaw=90.0°)
2025-09-04 12:36:25,005 - INFO - Flying to coordinate: (0.000, 0.000, 0.900)
2025-09-04 12:36:25,365 - INFO - Approaching target (error=0.149m), entering stabilization phase
2025-09-04 12:36:26,105 - INFO - Reached waypoint (error=0.038m, stable_count=30)
2025-09-04 12:36:26,705 - INFO - Waypoint4: absolute coordinates(0.000, 0.000, 0.600, yaw=90.0°)
2025-09-04 12:36:26,705 - INFO - Flying to coordinate: (0.000, 0.000, 0.600)
2025-09-04 12:36:27,565 - INFO - Approaching target (error=0.138m), entering stabilization phase
2025-09-04 12:36:28,195 - INFO - Reached waypoint (error=0.056m, stable_count=30)
2025-09-04 12:36:28,795 - INFO - Waypoint5: absolute coordinates(0.000, 0.000, 0.300, yaw=90.0°)
2025-09-04 12:36:28,796 - INFO - Flying to coordinate: (0.000, 0.000, 0.300)
2025-09-04 12:36:29,406 - INFO - Approaching target (error=0.146m), entering stabilization phase
2025-09-04 12:36:30,096 - INFO - Reached waypoint (error=0.031m, stable_count=30)
2025-09-04 12:36:30,696 - INFO - Returning to origin and landing...
2025-09-04 12:36:30,696 - INFO - Flying to coordinate: (0.000, 0.000, 0.200)
2025-09-04 12:36:30,696 - INFO - Approaching target (error=0.056m), entering stabilization phase
2025-09-04 12:36:30,996 - INFO - Reached waypoint (error=0.037m, stable_count=30)
2025-09-04 12:36:30,996 - INFO - Landing...
2025-09-04 12:36:30,996 - INFO - Landing complete
2025-09-04 12:36:31,002 - INFO - Have successfully stopped logging for id=6
2025-09-04 12:36:31,097 - INFO - Position manager stopped
2025-09-04 12:36:31,099 - INFO - Flight mission complete
2025-09-04 12:36:31,099 - INFO - Stopping data collector...
2025-09-04 12:36:31,102 - INFO - Collection complete - stats: {'created': 1634, 'complete': 1634, 'merged': 0, 'dropped': 0}
2025-09-04 12:36:31,112 - INFO - Have successfully stopped logging for id=4
2025-09-04 12:36:31,114 - INFO - Have successfully stopped logging for id=5
2025-09-04 12:36:31,159 - INFO - Data saved: training_data/vertical_small_20250904_123631.json
2025-09-04 12:36:31,159 - INFO - States: 1634, Commands: 1064, Duration: 16.3s
2025-09-04 12:36:31,159 - INFO - Successfully saved 1634 state data points
2025-09-04 12:36:31,159 - INFO - Successfully saved 1064 control commands
2025-09-04 12:36:31,159 - INFO - Closing link
2025-09-04 12:36:31,160 - INFO - Callback->Disconnected from [radio://0/80/2M/E7E7E7E7E6]
