2025-09-04 12:13:55,526 - INFO - === Fixed continuous data collector ===
2025-09-04 12:13:55,527 - INFO - Mission: vertical_small
2025-09-04 12:13:55,527 - INFO - Waypoints (absolute coordinates): [(0, 0, 0.3), (0, 0, 0.6), (0, 0, 0.9), (0, 0, 0.6), (0, 0, 0.3)]
2025-09-04 12:13:55,527 - INFO - Callback->Connection initialized[radio://0/80/2M/E7E7E7E7E6]
2025-09-04 12:13:55,777 - INFO - We are connected[radio://0/80/2M/E7E7E7E7E6], request connection setup
2025-09-04 12:13:55,777 - INFO - Request _request_protocol_version()
2025-09-04 12:13:55,780 - INFO - Callback->Connected to [radio://0/80/2M/E7E7E7E7E6]
2025-09-04 12:13:55,785 - INFO - _crt_service_callback
2025-09-04 12:13:55,785 - INFO - Request protocol version
2025-09-04 12:13:55,789 - INFO - _platform_callback
2025-09-04 12:13:55,789 - INFO - Protocol version (platform): 9
2025-09-04 12:13:55,801 - INFO - TOC for port [5] found in cache
2025-09-04 12:13:55,801 - INFO - Log TOC finished updating
2025-09-04 12:13:55,806 - INFO - 6 memories found
2025-09-04 12:13:55,886 - INFO - Memories finished updating
2025-09-04 12:13:55,892 - INFO - TOC for port [2] found in cache
2025-09-04 12:13:56,479 - INFO - Param TOC finished updating
2025-09-04 12:13:56,479 - INFO - Callback->Connection setup finished [radio://0/80/2M/E7E7E7E7E6]
2025-09-04 12:13:56,481 - INFO - Connected: radio://0/80/2M/E7E7E7E7E6
2025-09-04 12:13:56,492 - INFO - Have successfully started logging for id=1
2025-09-04 12:13:56,591 - INFO - Battery: 3.98V (safe)
2025-09-04 12:13:56,594 - INFO - Battery check passed: 3.98V
2025-09-04 12:13:56,594 - INFO - Initializing position estimator to origin...
2025-09-04 12:13:56,600 - INFO - Have successfully stopped logging for id=1
2025-09-04 12:13:56,605 - INFO - Have successfully deleted id=1
2025-09-04 12:13:58,113 - INFO - All parameters updated
2025-09-04 12:13:58,113 - INFO - Callback->Connection completed [radio://0/80/2M/E7E7E7E7E6]
2025-09-04 12:13:58,231 - INFO - Have successfully started logging for id=2
2025-09-04 12:14:04,725 - INFO - Waiting for position estimator...
2025-09-04 12:14:04,730 - INFO - Have successfully stopped logging for id=2
2025-09-04 12:14:04,730 - INFO - Have successfully deleted id=2
2025-09-04 12:14:04,736 - INFO - Have successfully started logging for id=3
2025-09-04 12:14:05,734 - INFO - Position estimator ready
2025-09-04 12:14:05,734 - INFO - Controller parameters optimized
2025-09-04 12:14:05,737 - INFO - Have successfully stopped logging for id=3
2025-09-04 12:14:05,738 - INFO - Have successfully deleted id=3
2025-09-04 12:14:08,077 - INFO - Start collection (slot:10ms)
2025-09-04 12:14:08,078 - INFO - Data collector started
2025-09-04 12:14:08,079 - INFO - Position manager started
2025-09-04 12:14:08,086 - INFO - Have successfully started logging for id=4
2025-09-04 12:14:08,087 - INFO - Have successfully started logging for id=5
2025-09-04 12:14:08,089 - INFO - Have successfully started logging for id=6
2025-09-04 12:14:08,179 - INFO - Position manager data flow is normal
2025-09-04 12:14:10,180 - INFO - Current position: (0.032, 0.048, 0.019, 89.3°)
2025-09-04 12:14:10,180 - INFO - Using absolute coordinate system, ignoring takeoff position offset
2025-09-04 12:14:11,180 - INFO - Pre-flight stabilization to first waypoint: (0.000, 0.000, 0.300)
2025-09-04 12:14:11,332 - INFO - Waypoint1: absolute coordinates(0.000, 0.000, 0.300, yaw=90.0°)
2025-09-04 12:14:11,333 - INFO - Flying to coordinate: (0.000, 0.000, 0.300)
2025-09-04 12:14:12,393 - INFO - Approaching target (error=0.148m), entering stabilization phase
2025-09-04 12:14:15,683 - INFO - Reached waypoint (error=0.064m, stable_count=30)
2025-09-04 12:14:16,283 - INFO - Waypoint2: absolute coordinates(0.000, 0.000, 0.600, yaw=90.0°)
2025-09-04 12:14:16,283 - INFO - Flying to coordinate: (0.000, 0.000, 0.600)
2025-09-04 12:14:16,693 - INFO - Approaching target (error=0.150m), entering stabilization phase
2025-09-04 12:14:17,283 - INFO - Reached waypoint (error=0.054m, stable_count=30)
2025-09-04 12:14:17,883 - INFO - Waypoint3: absolute coordinates(0.000, 0.000, 0.900, yaw=90.0°)
2025-09-04 12:14:17,883 - INFO - Flying to coordinate: (0.000, 0.000, 0.900)
2025-09-04 12:14:18,294 - INFO - Approaching target (error=0.130m), entering stabilization phase
2025-09-04 12:14:18,774 - INFO - Reached waypoint (error=0.039m, stable_count=30)
2025-09-04 12:14:19,374 - INFO - Waypoint4: absolute coordinates(0.000, 0.000, 0.600, yaw=90.0°)
2025-09-04 12:14:19,374 - INFO - Flying to coordinate: (0.000, 0.000, 0.600)
2025-09-04 12:14:20,234 - INFO - Approaching target (error=0.148m), entering stabilization phase
2025-09-04 12:14:21,074 - INFO - Reached waypoint (error=0.061m, stable_count=30)
2025-09-04 12:14:21,674 - INFO - Waypoint5: absolute coordinates(0.000, 0.000, 0.300, yaw=90.0°)
2025-09-04 12:14:21,674 - INFO - Flying to coordinate: (0.000, 0.000, 0.300)
2025-09-04 12:14:22,284 - INFO - Approaching target (error=0.144m), entering stabilization phase
2025-09-04 12:14:22,924 - INFO - Reached waypoint (error=0.037m, stable_count=30)
2025-09-04 12:14:23,525 - INFO - Returning to origin and landing...
2025-09-04 12:14:23,525 - INFO - Flying to coordinate: (0.000, 0.000, 0.200)
2025-09-04 12:14:23,525 - INFO - Approaching target (error=0.103m), entering stabilization phase
2025-09-04 12:14:23,975 - INFO - Reached waypoint (error=0.032m, stable_count=30)
2025-09-04 12:14:23,975 - INFO - Landing...
2025-09-04 12:14:23,975 - INFO - Landing complete
2025-09-04 12:14:23,980 - INFO - Have successfully stopped logging for id=6
2025-09-04 12:14:24,077 - INFO - Position manager stopped
2025-09-04 12:14:24,078 - INFO - Flight mission complete
2025-09-04 12:14:24,078 - INFO - Stopping data collector...
2025-09-04 12:14:24,080 - INFO - Collection complete - stats: {'created': 1600, 'complete': 1600, 'merged': 0, 'dropped': 0}
2025-09-04 12:14:24,087 - INFO - Have successfully stopped logging for id=4
2025-09-04 12:14:24,092 - INFO - Have successfully stopped logging for id=5
2025-09-04 12:14:24,136 - INFO - Data saved: training_data/vertical_small_20250904_121424.json
2025-09-04 12:14:24,136 - INFO - States: 1600, Commands: 1030, Duration: 16.0s
2025-09-04 12:14:24,136 - INFO - Successfully saved 1600 state data points
2025-09-04 12:14:24,136 - INFO - Successfully saved 1030 control commands
2025-09-04 12:14:24,136 - INFO - Closing link
2025-09-04 12:14:24,137 - INFO - Callback->Disconnected from [radio://0/80/2M/E7E7E7E7E6]
