2025-09-05 14:47:12,623 - INFO - === Fixed continuous data collector ===
2025-09-05 14:47:12,624 - INFO - Mission: square_large
2025-09-05 14:47:12,624 - INFO - Waypoints (absolute coordinates): [(0, 0, 0.5), (0.7, 0, 0.5), (0.7, 0.7, 0.5), (0, 0.7, 0.5), (0, 0, 0.5)]
2025-09-05 14:47:12,624 - INFO - Callback->Connection initialized[radio://0/80/2M/E7E7E7E7E6]
2025-09-05 14:47:12,877 - INFO - We are connected[radio://0/80/2M/E7E7E7E7E6], request connection setup
2025-09-05 14:47:12,878 - INFO - Request _request_protocol_version()
2025-09-05 14:47:12,880 - INFO - Callback->Connected to [radio://0/80/2M/E7E7E7E7E6]
2025-09-05 14:47:12,884 - INFO - _crt_service_callback
2025-09-05 14:47:12,884 - INFO - Request protocol version
2025-09-05 14:47:12,887 - INFO - _platform_callback
2025-09-05 14:47:12,887 - INFO - Protocol version (platform): 9
2025-09-05 14:47:12,897 - INFO - TOC for port [5] found in cache
2025-09-05 14:47:12,897 - INFO - Log TOC finished updating
2025-09-05 14:47:12,901 - INFO - 6 memories found
2025-09-05 14:47:12,976 - INFO - Memories finished updating
2025-09-05 14:47:12,981 - INFO - TOC for port [2] found in cache
2025-09-05 14:47:13,502 - INFO - Param TOC finished updating
2025-09-05 14:47:13,502 - INFO - Callback->Connection setup finished [radio://0/80/2M/E7E7E7E7E6]
2025-09-05 14:47:13,503 - INFO - Connected: radio://0/80/2M/E7E7E7E7E6
2025-09-05 14:47:13,512 - INFO - Have successfully started logging for id=1
2025-09-05 14:47:13,612 - INFO - Battery: 3.83V (safe)
2025-09-05 14:47:13,613 - INFO - Battery check passed: 3.83V
2025-09-05 14:47:13,613 - INFO - Initializing position estimator to origin...
2025-09-05 14:47:13,615 - INFO - Have successfully stopped logging for id=1
2025-09-05 14:47:13,618 - INFO - Have successfully deleted id=1
2025-09-05 14:47:14,815 - INFO - All parameters updated
2025-09-05 14:47:14,815 - INFO - Callback->Connection completed [radio://0/80/2M/E7E7E7E7E6]
2025-09-05 14:47:14,925 - INFO - Have successfully started logging for id=2
2025-09-05 14:47:21,420 - INFO - Waiting for position estimator...
2025-09-05 14:47:21,424 - INFO - Have successfully stopped logging for id=2
2025-09-05 14:47:21,425 - INFO - Have successfully deleted id=2
2025-09-05 14:47:21,431 - INFO - Have successfully started logging for id=3
2025-09-05 14:47:22,430 - INFO - Position estimator ready
2025-09-05 14:47:22,431 - INFO - Controller parameters optimized
2025-09-05 14:47:22,433 - INFO - Have successfully stopped logging for id=3
2025-09-05 14:47:22,434 - INFO - Have successfully deleted id=3
2025-09-05 14:47:26,950 - INFO - Start collection (slot:10ms)
2025-09-05 14:47:26,950 - INFO - Data collector started
2025-09-05 14:47:26,951 - INFO - Position manager started
2025-09-05 14:47:26,959 - INFO - Have successfully started logging for id=4
2025-09-05 14:47:26,962 - INFO - Have successfully started logging for id=5
2025-09-05 14:47:26,963 - INFO - Have successfully started logging for id=6
2025-09-05 14:47:27,052 - INFO - Position manager data flow is normal
2025-09-05 14:47:29,052 - INFO - Current position: (0.012, 0.015, 0.014, 89.1°)
2025-09-05 14:47:29,052 - INFO - Using absolute coordinate system, ignoring takeoff position offset
2025-09-05 14:47:30,052 - INFO - Pre-flight stabilization to first waypoint: (0.000, 0.000, 0.500)
2025-09-05 14:47:30,202 - INFO - Waypoint1: absolute coordinates(0.000, 0.000, 0.500, yaw=90.0°)
2025-09-05 14:47:30,202 - INFO - Flying to coordinate: (0.000, 0.000, 0.500)
2025-09-05 14:47:31,212 - INFO - Approaching target (error=0.146m), entering stabilization phase
2025-09-05 14:47:31,702 - INFO - Reached waypoint (error=0.022m, stable_count=30)
2025-09-05 14:47:32,304 - INFO - Waypoint2: absolute coordinates(0.700, 0.000, 0.500, yaw=90.0°)
2025-09-05 14:47:32,304 - INFO - Flying to coordinate: (0.700, 0.000, 0.500)
2025-09-05 14:47:33,314 - INFO - Approaching target (error=0.150m), entering stabilization phase
2025-09-05 14:47:35,004 - INFO - Reached waypoint (error=0.060m, stable_count=30)
2025-09-05 14:47:35,605 - INFO - Waypoint3: absolute coordinates(0.700, 0.700, 0.500, yaw=90.0°)
2025-09-05 14:47:35,605 - INFO - Flying to coordinate: (0.700, 0.700, 0.500)
2025-09-05 14:47:36,415 - INFO - Approaching target (error=0.137m), entering stabilization phase
2025-09-05 14:47:36,795 - INFO - Reached waypoint (error=0.077m, stable_count=30)
2025-09-05 14:47:37,397 - INFO - Waypoint4: absolute coordinates(0.000, 0.700, 0.500, yaw=90.0°)
2025-09-05 14:47:37,397 - INFO - Flying to coordinate: (0.000, 0.700, 0.500)
2025-09-05 14:47:38,507 - INFO - Approaching target (error=0.137m), entering stabilization phase
2025-09-05 14:47:42,547 - INFO - Reached waypoint (error=0.071m, stable_count=30)
2025-09-05 14:47:43,148 - INFO - Waypoint5: absolute coordinates(0.000, 0.000, 0.500, yaw=90.0°)
2025-09-05 14:47:43,148 - INFO - Flying to coordinate: (0.000, 0.000, 0.500)
2025-09-05 14:47:43,958 - INFO - Approaching target (error=0.136m), entering stabilization phase
2025-09-05 14:47:44,338 - INFO - Reached waypoint (error=0.052m, stable_count=30)
2025-09-05 14:47:44,938 - INFO - Returning to origin and landing...
2025-09-05 14:47:44,938 - INFO - Flying to coordinate: (0.000, 0.000, 0.200)
2025-09-05 14:47:45,548 - INFO - Approaching target (error=0.139m), entering stabilization phase
2025-09-05 14:47:46,388 - INFO - Reached waypoint (error=0.042m, stable_count=30)
2025-09-05 14:47:46,388 - INFO - Landing...
2025-09-05 14:47:46,389 - INFO - Landing complete
2025-09-05 14:47:46,395 - INFO - Have successfully stopped logging for id=6
2025-09-05 14:47:46,490 - INFO - Position manager stopped
2025-09-05 14:47:46,491 - INFO - Flight mission complete
2025-09-05 14:47:46,491 - INFO - Stopping data collector...
2025-09-05 14:47:46,494 - INFO - Collection complete - stats: {'created': 1955, 'complete': 1954, 'merged': 0, 'dropped': 0}
2025-09-05 14:47:46,500 - INFO - Have successfully stopped logging for id=4
2025-09-05 14:47:46,501 - INFO - Have successfully stopped logging for id=5
2025-09-05 14:47:46,564 - INFO - Data saved: training_data/square_large_20250905_144746.json
2025-09-05 14:47:46,564 - INFO - States: 1954, Commands: 1386, Duration: 19.5s
2025-09-05 14:47:46,564 - INFO - Successfully saved 1954 state data points
2025-09-05 14:47:46,564 - INFO - Successfully saved 1386 control commands
2025-09-05 14:47:46,564 - INFO - Closing link
2025-09-05 14:47:46,565 - INFO - Callback->Disconnected from [radio://0/80/2M/E7E7E7E7E6]
