2025-09-05 13:04:47,088 - INFO - === Fixed continuous data collector ===
2025-09-05 13:04:47,088 - INFO - Mission: square_small
2025-09-05 13:04:47,088 - INFO - Waypoints (absolute coordinates): [(0, 0, 0.3), (0.3, 0, 0.3), (0.3, 0.3, 0.3), (0, 0.3, 0.3), (0, 0, 0.3)]
2025-09-05 13:04:47,089 - INFO - Callback->Connection initialized[radio://0/80/2M/E7E7E7E7E6]
2025-09-05 13:04:47,340 - INFO - We are connected[radio://0/80/2M/E7E7E7E7E6], request connection setup
2025-09-05 13:04:47,341 - INFO - Request _request_protocol_version()
2025-09-05 13:04:47,342 - INFO - Callback->Connected to [radio://0/80/2M/E7E7E7E7E6]
2025-09-05 13:04:47,347 - INFO - _crt_service_callback
2025-09-05 13:04:47,347 - INFO - Request protocol version
2025-09-05 13:04:47,351 - INFO - _platform_callback
2025-09-05 13:04:47,351 - INFO - Protocol version (platform): 9
2025-09-05 13:04:47,364 - INFO - TOC for port [5] found in cache
2025-09-05 13:04:47,364 - INFO - Log TOC finished updating
2025-09-05 13:04:47,368 - INFO - 6 memories found
2025-09-05 13:04:47,446 - INFO - Memories finished updating
2025-09-05 13:04:47,452 - INFO - TOC for port [2] found in cache
2025-09-05 13:04:47,912 - INFO - Param TOC finished updating
2025-09-05 13:04:47,912 - INFO - Callback->Connection setup finished [radio://0/80/2M/E7E7E7E7E6]
2025-09-05 13:04:47,913 - INFO - Connected: radio://0/80/2M/E7E7E7E7E6
2025-09-05 13:04:47,923 - INFO - Have successfully started logging for id=1
2025-09-05 13:04:48,022 - INFO - Battery: 3.91V (safe)
2025-09-05 13:04:48,023 - INFO - Battery check passed: 3.91V
2025-09-05 13:04:48,023 - INFO - Initializing position estimator to origin...
2025-09-05 13:04:48,025 - INFO - Have successfully stopped logging for id=1
2025-09-05 13:04:48,027 - INFO - Have successfully deleted id=1
2025-09-05 13:04:49,111 - INFO - All parameters updated
2025-09-05 13:04:49,111 - INFO - Callback->Connection completed [radio://0/80/2M/E7E7E7E7E6]
2025-09-05 13:04:49,220 - INFO - Have successfully started logging for id=2
2025-09-05 13:04:55,715 - INFO - Waiting for position estimator...
2025-09-05 13:04:55,719 - INFO - Have successfully stopped logging for id=2
2025-09-05 13:04:55,720 - INFO - Have successfully deleted id=2
2025-09-05 13:04:55,724 - INFO - Have successfully started logging for id=3
2025-09-05 13:04:56,725 - INFO - Position estimator ready
2025-09-05 13:04:56,727 - INFO - Controller parameters optimized
2025-09-05 13:04:56,732 - INFO - Have successfully stopped logging for id=3
2025-09-05 13:04:56,733 - INFO - Have successfully deleted id=3
2025-09-05 13:04:59,860 - INFO - Start collection (slot:10ms)
2025-09-05 13:04:59,861 - INFO - Data collector started
2025-09-05 13:04:59,862 - INFO - Position manager started
2025-09-05 13:04:59,870 - INFO - Have successfully started logging for id=4
2025-09-05 13:04:59,871 - INFO - Have successfully started logging for id=5
2025-09-05 13:04:59,872 - INFO - Have successfully started logging for id=6
2025-09-05 13:04:59,962 - INFO - Position manager data flow is normal
2025-09-05 13:05:01,962 - INFO - Current position: (-0.013, -0.012, 0.008, 90.1°)
2025-09-05 13:05:01,962 - INFO - Using absolute coordinate system, ignoring takeoff position offset
2025-09-05 13:05:02,962 - INFO - Pre-flight stabilization to first waypoint: (0.000, 0.000, 0.300)
2025-09-05 13:05:03,113 - INFO - Waypoint1: absolute coordinates(0.000, 0.000, 0.300, yaw=90.0°)
2025-09-05 13:05:03,113 - INFO - Flying to coordinate: (0.000, 0.000, 0.300)
2025-09-05 13:05:04,023 - INFO - Approaching target (error=0.148m), entering stabilization phase
2025-09-05 13:05:04,713 - INFO - Reached waypoint (error=0.052m, stable_count=30)
2025-09-05 13:05:05,313 - INFO - Waypoint2: absolute coordinates(0.300, 0.000, 0.300, yaw=90.0°)
2025-09-05 13:05:05,313 - INFO - Flying to coordinate: (0.300, 0.000, 0.300)
2025-09-05 13:05:05,973 - INFO - Approaching target (error=0.136m), entering stabilization phase
2025-09-05 13:05:06,363 - INFO - Reached waypoint (error=0.048m, stable_count=30)
2025-09-05 13:05:06,964 - INFO - Waypoint3: absolute coordinates(0.300, 0.300, 0.300, yaw=90.0°)
2025-09-05 13:05:06,964 - INFO - Flying to coordinate: (0.300, 0.300, 0.300)
2025-09-05 13:05:07,574 - INFO - Approaching target (error=0.139m), entering stabilization phase
2025-09-05 13:05:08,914 - INFO - Reached waypoint (error=0.035m, stable_count=30)
2025-09-05 13:05:09,514 - INFO - Waypoint4: absolute coordinates(0.000, 0.300, 0.300, yaw=90.0°)
2025-09-05 13:05:09,514 - INFO - Flying to coordinate: (0.000, 0.300, 0.300)
2025-09-05 13:05:10,014 - INFO - Approaching target (error=0.142m), entering stabilization phase
2025-09-05 13:05:10,954 - INFO - Reached waypoint (error=0.018m, stable_count=30)
2025-09-05 13:05:11,554 - INFO - Waypoint5: absolute coordinates(0.000, 0.000, 0.300, yaw=90.0°)
2025-09-05 13:05:11,554 - INFO - Flying to coordinate: (0.000, 0.000, 0.300)
2025-09-05 13:05:12,165 - INFO - Approaching target (error=0.137m), entering stabilization phase
2025-09-05 13:05:13,905 - INFO - Reached waypoint (error=0.072m, stable_count=30)
2025-09-05 13:05:14,505 - INFO - Returning to origin and landing...
2025-09-05 13:05:14,505 - INFO - Flying to coordinate: (0.000, 0.000, 0.200)
2025-09-05 13:05:14,505 - INFO - Approaching target (error=0.114m), entering stabilization phase
2025-09-05 13:05:15,555 - INFO - Reached waypoint (error=0.035m, stable_count=30)
2025-09-05 13:05:15,555 - INFO - Landing...
2025-09-05 13:05:15,557 - INFO - Landing complete
2025-09-05 13:05:15,581 - INFO - Have successfully stopped logging for id=6
2025-09-05 13:05:15,659 - INFO - Position manager stopped
2025-09-05 13:05:15,660 - INFO - Flight mission complete
2025-09-05 13:05:15,660 - INFO - Stopping data collector...
2025-09-05 13:05:15,662 - INFO - Collection complete - stats: {'created': 1580, 'complete': 1580, 'merged': 0, 'dropped': 0}
2025-09-05 13:05:15,671 - INFO - Have successfully stopped logging for id=4
2025-09-05 13:05:15,676 - INFO - Have successfully stopped logging for id=5
2025-09-05 13:05:15,718 - INFO - Data saved: training_data/square_small_20250905_130515.json
2025-09-05 13:05:15,718 - INFO - States: 1580, Commands: 1009, Duration: 15.8s
2025-09-05 13:05:15,718 - INFO - Successfully saved 1580 state data points
2025-09-05 13:05:15,718 - INFO - Successfully saved 1009 control commands
2025-09-05 13:05:15,718 - INFO - Closing link
2025-09-05 13:05:15,719 - INFO - Callback->Disconnected from [radio://0/80/2M/E7E7E7E7E6]
