2025-09-05 15:22:50,464 - INFO - === Fixed continuous data collector ===
2025-09-05 15:22:50,464 - INFO - Mission: triangle_small
2025-09-05 15:22:50,464 - INFO - Waypoints (absolute coordinates): [(0, 0, 0.6), (0.4, 0, 0.6), (0.2, 0.4, 0.6), (0, 0, 0.6)]
2025-09-05 15:22:50,465 - INFO - Callback->Connection initialized[radio://0/80/2M/E7E7E7E7E6]
2025-09-05 15:22:50,713 - INFO - We are connected[radio://0/80/2M/E7E7E7E7E6], request connection setup
2025-09-05 15:22:50,713 - INFO - Request _request_protocol_version()
2025-09-05 15:22:50,722 - INFO - Callback->Connected to [radio://0/80/2M/E7E7E7E7E6]
2025-09-05 15:22:50,804 - INFO - _crt_service_callback
2025-09-05 15:22:50,804 - INFO - Request protocol version
2025-09-05 15:22:50,808 - INFO - _platform_callback
2025-09-05 15:22:50,808 - INFO - Protocol version (platform): 9
2025-09-05 15:22:50,818 - INFO - TOC for port [5] found in cache
2025-09-05 15:22:50,818 - INFO - Log TOC finished updating
2025-09-05 15:22:50,821 - INFO - 6 memories found
2025-09-05 15:22:50,900 - INFO - Memories finished updating
2025-09-05 15:22:50,906 - INFO - TOC for port [2] found in cache
2025-09-05 15:22:51,493 - INFO - Param TOC finished updating
2025-09-05 15:22:51,493 - INFO - Callback->Connection setup finished [radio://0/80/2M/E7E7E7E7E6]
2025-09-05 15:22:51,494 - INFO - Connected: radio://0/80/2M/E7E7E7E7E6
2025-09-05 15:22:51,505 - INFO - Have successfully started logging for id=1
2025-09-05 15:22:51,605 - INFO - Battery: 3.88V (safe)
2025-09-05 15:22:51,605 - INFO - Battery check passed: 3.88V
2025-09-05 15:22:51,605 - INFO - Initializing position estimator to origin...
2025-09-05 15:22:51,608 - INFO - Have successfully stopped logging for id=1
2025-09-05 15:22:51,608 - INFO - Have successfully deleted id=1
2025-09-05 15:22:52,688 - INFO - All parameters updated
2025-09-05 15:22:52,688 - INFO - Callback->Connection completed [radio://0/80/2M/E7E7E7E7E6]
2025-09-05 15:22:52,795 - INFO - Have successfully started logging for id=2
2025-09-05 15:22:59,291 - INFO - Waiting for position estimator...
2025-09-05 15:22:59,295 - INFO - Have successfully stopped logging for id=2
2025-09-05 15:22:59,296 - INFO - Have successfully deleted id=2
2025-09-05 15:22:59,301 - INFO - Have successfully started logging for id=3
2025-09-05 15:23:00,303 - INFO - Position estimator ready
2025-09-05 15:23:00,303 - INFO - Controller parameters optimized
2025-09-05 15:23:00,306 - INFO - Have successfully stopped logging for id=3
2025-09-05 15:23:00,307 - INFO - Have successfully deleted id=3
2025-09-05 15:23:02,507 - INFO - Start collection (slot:10ms)
2025-09-05 15:23:02,508 - INFO - Data collector started
2025-09-05 15:23:02,509 - INFO - Position manager started
2025-09-05 15:23:02,518 - INFO - Have successfully started logging for id=4
2025-09-05 15:23:02,520 - INFO - Have successfully started logging for id=5
2025-09-05 15:23:02,521 - INFO - Have successfully started logging for id=6
2025-09-05 15:23:02,609 - INFO - Position manager data flow is normal
2025-09-05 15:23:04,610 - INFO - Current position: (-0.014, 0.009, 0.018, 89.6°)
2025-09-05 15:23:04,610 - INFO - Using absolute coordinate system, ignoring takeoff position offset
2025-09-05 15:23:05,610 - INFO - Pre-flight stabilization to first waypoint: (0.000, 0.000, 0.600)
2025-09-05 15:23:05,760 - INFO - Waypoint1: absolute coordinates(0.000, 0.000, 0.600, yaw=90.0°)
2025-09-05 15:23:05,760 - INFO - Flying to coordinate: (0.000, 0.000, 0.600)
2025-09-05 15:23:06,770 - INFO - Approaching target (error=0.132m), entering stabilization phase
2025-09-05 15:23:07,260 - INFO - Reached waypoint (error=0.023m, stable_count=30)
2025-09-05 15:23:07,862 - INFO - Waypoint2: absolute coordinates(0.400, 0.000, 0.600, yaw=90.0°)
2025-09-05 15:23:07,862 - INFO - Flying to coordinate: (0.400, 0.000, 0.600)
2025-09-05 15:23:08,622 - INFO - Approaching target (error=0.132m), entering stabilization phase
2025-09-05 15:23:10,412 - INFO - Reached waypoint (error=0.070m, stable_count=30)
2025-09-05 15:23:11,013 - INFO - Waypoint3: absolute coordinates(0.200, 0.400, 0.600, yaw=90.0°)
2025-09-05 15:23:11,013 - INFO - Flying to coordinate: (0.200, 0.400, 0.600)
2025-09-05 15:23:11,623 - INFO - Approaching target (error=0.144m), entering stabilization phase
2025-09-05 15:23:12,003 - INFO - Reached waypoint (error=0.078m, stable_count=30)
2025-09-05 15:23:12,604 - INFO - Waypoint4: absolute coordinates(0.000, 0.000, 0.600, yaw=90.0°)
2025-09-05 15:23:12,604 - INFO - Flying to coordinate: (0.000, 0.000, 0.600)
2025-09-05 15:23:13,814 - INFO - Approaching target (error=0.148m), entering stabilization phase
2025-09-05 15:23:15,404 - INFO - Reached waypoint (error=0.059m, stable_count=30)
2025-09-05 15:23:16,004 - INFO - Returning to origin and landing...
2025-09-05 15:23:16,004 - INFO - Flying to coordinate: (0.000, 0.000, 0.200)
2025-09-05 15:23:16,714 - INFO - Approaching target (error=0.140m), entering stabilization phase
2025-09-05 15:23:18,204 - INFO - Reached waypoint (error=0.073m, stable_count=30)
2025-09-05 15:23:18,204 - INFO - Landing...
2025-09-05 15:23:18,204 - INFO - Landing complete
2025-09-05 15:23:18,210 - INFO - Have successfully stopped logging for id=6
2025-09-05 15:23:18,305 - INFO - Position manager stopped
2025-09-05 15:23:18,307 - INFO - Flight mission complete
2025-09-05 15:23:18,307 - INFO - Stopping data collector...
2025-09-05 15:23:18,309 - INFO - Collection complete - stats: {'created': 1581, 'complete': 1579, 'merged': 0, 'dropped': 1}
2025-09-05 15:23:18,319 - INFO - Have successfully stopped logging for id=4
2025-09-05 15:23:18,322 - INFO - Have successfully stopped logging for id=5
2025-09-05 15:23:18,364 - INFO - Data saved: training_data/triangle_small_20250905_152318.json
2025-09-05 15:23:18,364 - INFO - States: 1579, Commands: 1061, Duration: 15.8s
2025-09-05 15:23:18,364 - INFO - Successfully saved 1579 state data points
2025-09-05 15:23:18,364 - INFO - Successfully saved 1061 control commands
2025-09-05 15:23:18,364 - INFO - Closing link
2025-09-05 15:23:18,365 - INFO - Callback->Disconnected from [radio://0/80/2M/E7E7E7E7E6]
