2025-09-05 14:13:41,418 - INFO - === Fixed continuous data collector ===
2025-09-05 14:13:41,418 - INFO - Mission: square_large
2025-09-05 14:13:41,418 - INFO - Waypoints (absolute coordinates): [(0, 0, 0.5), (0.7, 0, 0.5), (0.7, 0.7, 0.5), (0, 0.7, 0.5), (0, 0, 0.5)]
2025-09-05 14:13:41,419 - INFO - Callback->Connection initialized[radio://0/80/2M/E7E7E7E7E6]
2025-09-05 14:13:41,669 - INFO - We are connected[radio://0/80/2M/E7E7E7E7E6], request connection setup
2025-09-05 14:13:41,670 - INFO - Request _request_protocol_version()
2025-09-05 14:13:41,673 - INFO - Callback->Connected to [radio://0/80/2M/E7E7E7E7E6]
2025-09-05 14:13:41,750 - INFO - _crt_service_callback
2025-09-05 14:13:41,750 - INFO - Request protocol version
2025-09-05 14:13:41,753 - INFO - _platform_callback
2025-09-05 14:13:41,753 - INFO - Protocol version (platform): 9
2025-09-05 14:13:41,764 - INFO - TOC for port [5] found in cache
2025-09-05 14:13:41,765 - INFO - Log TOC finished updating
2025-09-05 14:13:41,767 - INFO - 6 memories found
2025-09-05 14:13:41,842 - INFO - Memories finished updating
2025-09-05 14:13:41,847 - INFO - TOC for port [2] found in cache
2025-09-05 14:13:42,377 - INFO - Param TOC finished updating
2025-09-05 14:13:42,377 - INFO - Callback->Connection setup finished [radio://0/80/2M/E7E7E7E7E6]
2025-09-05 14:13:42,378 - INFO - Connected: radio://0/80/2M/E7E7E7E7E6
2025-09-05 14:13:42,390 - INFO - Have successfully started logging for id=1
2025-09-05 14:13:42,488 - INFO - Battery: 4.12V (safe)
2025-09-05 14:13:42,488 - INFO - Battery check passed: 4.12V
2025-09-05 14:13:42,488 - INFO - Initializing position estimator to origin...
2025-09-05 14:13:42,494 - INFO - Have successfully stopped logging for id=1
2025-09-05 14:13:42,496 - INFO - Have successfully deleted id=1
2025-09-05 14:13:43,772 - INFO - All parameters updated
2025-09-05 14:13:43,773 - INFO - Callback->Connection completed [radio://0/80/2M/E7E7E7E7E6]
2025-09-05 14:13:43,889 - INFO - Have successfully started logging for id=2
2025-09-05 14:13:50,385 - INFO - Waiting for position estimator...
2025-09-05 14:13:50,388 - INFO - Have successfully stopped logging for id=2
2025-09-05 14:13:50,391 - INFO - Have successfully deleted id=2
2025-09-05 14:13:50,396 - INFO - Have successfully started logging for id=3
2025-09-05 14:13:51,398 - INFO - Position estimator ready
2025-09-05 14:13:51,399 - INFO - Controller parameters optimized
2025-09-05 14:13:51,402 - INFO - Have successfully stopped logging for id=3
2025-09-05 14:13:51,405 - INFO - Have successfully deleted id=3
2025-09-05 14:13:57,483 - INFO - Start collection (slot:10ms)
2025-09-05 14:13:57,485 - INFO - Data collector started
2025-09-05 14:13:57,486 - INFO - Position manager started
2025-09-05 14:13:57,493 - INFO - Have successfully started logging for id=4
2025-09-05 14:13:57,494 - INFO - Have successfully started logging for id=5
2025-09-05 14:13:57,494 - INFO - Have successfully started logging for id=6
2025-09-05 14:13:57,586 - INFO - Position manager data flow is normal
2025-09-05 14:13:59,586 - INFO - Current position: (0.011, 0.024, 0.001, 90.0°)
2025-09-05 14:13:59,586 - INFO - Using absolute coordinate system, ignoring takeoff position offset
2025-09-05 14:14:00,587 - INFO - Pre-flight stabilization to first waypoint: (0.000, 0.000, 0.500)
2025-09-05 14:14:00,739 - INFO - Waypoint1: absolute coordinates(0.000, 0.000, 0.500, yaw=90.0°)
2025-09-05 14:14:00,739 - INFO - Flying to coordinate: (0.000, 0.000, 0.500)
2025-09-05 14:14:01,699 - INFO - Approaching target (error=0.145m), entering stabilization phase
2025-09-05 14:14:02,189 - INFO - Reached waypoint (error=0.025m, stable_count=30)
2025-09-05 14:14:02,821 - INFO - Waypoint2: absolute coordinates(0.700, 0.000, 0.500, yaw=90.0°)
2025-09-05 14:14:02,821 - INFO - Flying to coordinate: (0.700, 0.000, 0.500)
2025-09-05 14:14:03,751 - INFO - Approaching target (error=0.134m), entering stabilization phase
2025-09-05 14:14:05,381 - INFO - Reached waypoint (error=0.050m, stable_count=30)
2025-09-05 14:14:05,981 - INFO - Waypoint3: absolute coordinates(0.700, 0.700, 0.500, yaw=90.0°)
2025-09-05 14:14:05,981 - INFO - Flying to coordinate: (0.700, 0.700, 0.500)
2025-09-05 14:14:06,841 - INFO - Approaching target (error=0.131m), entering stabilization phase
2025-09-05 14:14:08,631 - INFO - Reached waypoint (error=0.063m, stable_count=30)
2025-09-05 14:14:09,232 - INFO - Waypoint4: absolute coordinates(0.000, 0.700, 0.500, yaw=90.0°)
2025-09-05 14:14:09,232 - INFO - Flying to coordinate: (0.000, 0.700, 0.500)
2025-09-05 14:14:10,192 - INFO - Approaching target (error=0.131m), entering stabilization phase
2025-09-05 14:14:11,582 - INFO - Reached waypoint (error=0.068m, stable_count=30)
2025-09-05 14:14:12,182 - INFO - Waypoint5: absolute coordinates(0.000, 0.000, 0.500, yaw=90.0°)
2025-09-05 14:14:12,182 - INFO - Flying to coordinate: (0.000, 0.000, 0.500)
2025-09-05 14:14:13,032 - INFO - Approaching target (error=0.147m), entering stabilization phase
2025-09-05 14:14:13,482 - INFO - Reached waypoint (error=0.037m, stable_count=30)
2025-09-05 14:14:14,082 - INFO - Returning to origin and landing...
2025-09-05 14:14:14,082 - INFO - Flying to coordinate: (0.000, 0.000, 0.200)
2025-09-05 14:14:14,783 - INFO - Approaching target (error=0.141m), entering stabilization phase
2025-09-05 14:14:15,672 - INFO - Reached waypoint (error=0.044m, stable_count=30)
2025-09-05 14:14:15,673 - INFO - Landing...
2025-09-05 14:14:15,673 - INFO - Landing complete
2025-09-05 14:14:15,681 - INFO - Have successfully stopped logging for id=6
2025-09-05 14:14:15,774 - INFO - Position manager stopped
2025-09-05 14:14:15,776 - INFO - Flight mission complete
2025-09-05 14:14:15,776 - INFO - Stopping data collector...
2025-09-05 14:14:15,778 - INFO - Collection complete - stats: {'created': 1829, 'complete': 1829, 'merged': 0, 'dropped': 0}
2025-09-05 14:14:15,791 - INFO - Have successfully stopped logging for id=4
2025-09-05 14:14:15,792 - INFO - Have successfully stopped logging for id=5
2025-09-05 14:14:15,842 - INFO - Data saved: training_data/square_large_20250905_141415.json
2025-09-05 14:14:15,842 - INFO - States: 1829, Commands: 1261, Duration: 18.3s
2025-09-05 14:14:15,842 - INFO - Successfully saved 1829 state data points
2025-09-05 14:14:15,842 - INFO - Successfully saved 1261 control commands
2025-09-05 14:14:15,842 - INFO - Closing link
2025-09-05 14:14:15,843 - INFO - Callback->Disconnected from [radio://0/80/2M/E7E7E7E7E6]
