2025-09-05 17:50:25,606 - INFO - === Fixed continuous data collector ===
2025-09-05 17:50:25,606 - INFO - Mission: triangle_large
2025-09-05 17:50:25,606 - INFO - Waypoints (absolute coordinates): [(0, 0, 0.6), (0.8, 0, 0.6), (0.4, 0.6, 0.6), (0, 0, 0.6)]
2025-09-05 17:50:25,606 - INFO - Callback->Connection initialized[radio://0/80/2M/E7E7E7E7E6]
2025-09-05 17:50:25,856 - INFO - We are connected[radio://0/80/2M/E7E7E7E7E6], request connection setup
2025-09-05 17:50:25,856 - INFO - Request _request_protocol_version()
2025-09-05 17:50:25,859 - INFO - Callback->Connected to [radio://0/80/2M/E7E7E7E7E6]
2025-09-05 17:50:25,863 - INFO - _crt_service_callback
2025-09-05 17:50:25,863 - INFO - Request protocol version
2025-09-05 17:50:25,866 - INFO - _platform_callback
2025-09-05 17:50:25,866 - INFO - Protocol version (platform): 9
2025-09-05 17:50:25,878 - INFO - TOC for port [5] found in cache
2025-09-05 17:50:25,878 - INFO - Log TOC finished updating
2025-09-05 17:50:25,881 - INFO - 6 memories found
2025-09-05 17:50:25,962 - INFO - Memories finished updating
2025-09-05 17:50:25,968 - INFO - TOC for port [2] found in cache
2025-09-05 17:50:26,432 - INFO - Param TOC finished updating
2025-09-05 17:50:26,432 - INFO - Callback->Connection setup finished [radio://0/80/2M/E7E7E7E7E6]
2025-09-05 17:50:26,433 - INFO - Connected: radio://0/80/2M/E7E7E7E7E6
2025-09-05 17:50:26,442 - INFO - Have successfully started logging for id=1
2025-09-05 17:50:26,541 - INFO - Battery: 3.85V (safe)
2025-09-05 17:50:26,542 - INFO - Battery check passed: 3.85V
2025-09-05 17:50:26,542 - INFO - Initializing position estimator to origin...
2025-09-05 17:50:26,545 - INFO - Have successfully stopped logging for id=1
2025-09-05 17:50:26,546 - INFO - Have successfully deleted id=1
2025-09-05 17:50:27,550 - INFO - All parameters updated
2025-09-05 17:50:27,550 - INFO - Callback->Connection completed [radio://0/80/2M/E7E7E7E7E6]
2025-09-05 17:50:27,658 - INFO - Have successfully started logging for id=2
2025-09-05 17:50:34,155 - INFO - Waiting for position estimator...
2025-09-05 17:50:34,158 - INFO - Have successfully stopped logging for id=2
2025-09-05 17:50:34,160 - INFO - Have successfully deleted id=2
2025-09-05 17:50:34,168 - INFO - Have successfully started logging for id=3
2025-09-05 17:50:35,166 - INFO - Position estimator ready
2025-09-05 17:50:35,167 - INFO - Controller parameters optimized
2025-09-05 17:50:35,170 - INFO - Have successfully stopped logging for id=3
2025-09-05 17:50:35,170 - INFO - Have successfully deleted id=3
2025-09-05 17:50:37,595 - INFO - Start collection (slot:10ms)
2025-09-05 17:50:37,596 - INFO - Data collector started
2025-09-05 17:50:37,597 - INFO - Position manager started
2025-09-05 17:50:37,604 - INFO - Have successfully started logging for id=4
2025-09-05 17:50:37,605 - INFO - Have successfully started logging for id=5
2025-09-05 17:50:37,606 - INFO - Have successfully started logging for id=6
2025-09-05 17:50:37,697 - INFO - Position manager data flow is normal
2025-09-05 17:50:39,697 - INFO - Current position: (-0.028, 0.008, 0.036, 90.6°)
2025-09-05 17:50:39,698 - INFO - Using absolute coordinate system, ignoring takeoff position offset
2025-09-05 17:50:40,698 - INFO - Pre-flight stabilization to first waypoint: (0.000, 0.000, 0.600)
2025-09-05 17:50:40,848 - INFO - Waypoint1: absolute coordinates(0.000, 0.000, 0.600, yaw=90.0°)
2025-09-05 17:50:40,848 - INFO - Flying to coordinate: (0.000, 0.000, 0.600)
2025-09-05 17:50:41,808 - INFO - Approaching target (error=0.148m), entering stabilization phase
2025-09-05 17:50:42,348 - INFO - Reached waypoint (error=0.041m, stable_count=30)
2025-09-05 17:50:42,949 - INFO - Waypoint2: absolute coordinates(0.800, 0.000, 0.600, yaw=90.0°)
2025-09-05 17:50:42,949 - INFO - Flying to coordinate: (0.800, 0.000, 0.600)
2025-09-05 17:50:43,959 - INFO - Approaching target (error=0.141m), entering stabilization phase
2025-09-05 17:50:45,799 - INFO - Reached waypoint (error=0.040m, stable_count=30)
2025-09-05 17:50:46,400 - INFO - Waypoint3: absolute coordinates(0.400, 0.600, 0.600, yaw=90.0°)
2025-09-05 17:50:46,400 - INFO - Flying to coordinate: (0.400, 0.600, 0.600)
2025-09-05 17:50:47,150 - INFO - Approaching target (error=0.133m), entering stabilization phase
2025-09-05 17:50:47,790 - INFO - Reached waypoint (error=0.079m, stable_count=30)
2025-09-05 17:50:48,391 - INFO - Waypoint4: absolute coordinates(0.000, 0.000, 0.600, yaw=90.0°)
2025-09-05 17:50:48,391 - INFO - Flying to coordinate: (0.000, 0.000, 0.600)
2025-09-05 17:50:49,151 - INFO - Approaching target (error=0.129m), entering stabilization phase
2025-09-05 17:50:49,541 - INFO - Reached waypoint (error=0.066m, stable_count=30)
2025-09-05 17:50:50,141 - INFO - Returning to origin and landing...
2025-09-05 17:50:50,141 - INFO - Flying to coordinate: (0.000, 0.000, 0.200)
2025-09-05 17:50:50,951 - INFO - Approaching target (error=0.135m), entering stabilization phase
2025-09-05 17:50:51,591 - INFO - Reached waypoint (error=0.077m, stable_count=30)
2025-09-05 17:50:51,591 - INFO - Landing...
2025-09-05 17:50:51,592 - INFO - Landing complete
2025-09-05 17:50:51,597 - INFO - Have successfully stopped logging for id=6
2025-09-05 17:50:51,694 - INFO - Position manager stopped
2025-09-05 17:50:51,695 - INFO - Flight mission complete
2025-09-05 17:50:51,696 - INFO - Stopping data collector...
2025-09-05 17:50:51,697 - INFO - Collection complete - stats: {'created': 1410, 'complete': 1410, 'merged': 0, 'dropped': 0}
2025-09-05 17:50:51,703 - INFO - Have successfully stopped logging for id=4
2025-09-05 17:50:51,706 - INFO - Have successfully stopped logging for id=5
2025-09-05 17:50:51,746 - INFO - Data saved: training_data/triangle_large_20250905_175051.json
2025-09-05 17:50:51,746 - INFO - States: 1410, Commands: 890, Duration: 14.1s
2025-09-05 17:50:51,747 - INFO - Successfully saved 1410 state data points
2025-09-05 17:50:51,747 - INFO - Successfully saved 890 control commands
2025-09-05 17:50:51,747 - INFO - Closing link
2025-09-05 17:50:51,747 - INFO - Callback->Disconnected from [radio://0/80/2M/E7E7E7E7E6]
