2025-09-04 14:50:07,467 - INFO - === Fixed continuous data collector ===
2025-09-04 14:50:07,468 - INFO - Mission: vertical_med
2025-09-04 14:50:07,468 - INFO - Waypoints (absolute coordinates): [(0, 0, 0.4), (0, 0, 0.8), (0, 0, 0.4)]
2025-09-04 14:50:07,468 - INFO - Callback->Connection initialized[radio://0/80/2M/E7E7E7E7E6]
2025-09-04 14:50:07,719 - INFO - We are connected[radio://0/80/2M/E7E7E7E7E6], request connection setup
2025-09-04 14:50:07,719 - INFO - Request _request_protocol_version()
2025-09-04 14:50:07,722 - INFO - Callback->Connected to [radio://0/80/2M/E7E7E7E7E6]
2025-09-04 14:50:07,796 - INFO - _crt_service_callback
2025-09-04 14:50:07,796 - INFO - Request protocol version
2025-09-04 14:50:07,800 - INFO - _platform_callback
2025-09-04 14:50:07,800 - INFO - Protocol version (platform): 9
2025-09-04 14:50:07,810 - INFO - TOC for port [5] found in cache
2025-09-04 14:50:07,810 - INFO - Log TOC finished updating
2025-09-04 14:50:07,813 - INFO - 6 memories found
2025-09-04 14:50:07,886 - INFO - Memories finished updating
2025-09-04 14:50:07,893 - INFO - TOC for port [2] found in cache
2025-09-04 14:50:08,345 - INFO - Param TOC finished updating
2025-09-04 14:50:08,345 - INFO - Callback->Connection setup finished [radio://0/80/2M/E7E7E7E7E6]
2025-09-04 14:50:08,346 - INFO - Connected: radio://0/80/2M/E7E7E7E7E6
2025-09-04 14:50:08,356 - INFO - Have successfully started logging for id=1
2025-09-04 14:50:08,454 - INFO - Battery: 3.87V (safe)
2025-09-04 14:50:08,455 - INFO - Battery check passed: 3.87V
2025-09-04 14:50:08,455 - INFO - Initializing position estimator to origin...
2025-09-04 14:50:08,457 - INFO - Have successfully stopped logging for id=1
2025-09-04 14:50:08,458 - INFO - Have successfully deleted id=1
2025-09-04 14:50:09,648 - INFO - All parameters updated
2025-09-04 14:50:09,648 - INFO - Callback->Connection completed [radio://0/80/2M/E7E7E7E7E6]
2025-09-04 14:50:09,759 - INFO - Have successfully started logging for id=2
2025-09-04 14:50:16,256 - INFO - Waiting for position estimator...
2025-09-04 14:50:16,259 - INFO - Have successfully stopped logging for id=2
2025-09-04 14:50:16,260 - INFO - Have successfully deleted id=2
2025-09-04 14:50:16,269 - INFO - Have successfully started logging for id=3
2025-09-04 14:50:17,265 - INFO - Position estimator ready
2025-09-04 14:50:17,266 - INFO - Controller parameters optimized
2025-09-04 14:50:17,268 - INFO - Have successfully stopped logging for id=3
2025-09-04 14:50:17,269 - INFO - Have successfully deleted id=3
2025-09-04 14:50:19,408 - INFO - Start collection (slot:10ms)
2025-09-04 14:50:19,410 - INFO - Data collector started
2025-09-04 14:50:19,411 - INFO - Position manager started
2025-09-04 14:50:19,422 - INFO - Have successfully started logging for id=4
2025-09-04 14:50:19,424 - INFO - Have successfully started logging for id=5
2025-09-04 14:50:19,425 - INFO - Have successfully started logging for id=6
2025-09-04 14:50:19,511 - INFO - Position manager data flow is normal
2025-09-04 14:50:21,511 - INFO - Current position: (0.016, 0.034, 0.006, 90.4째)
2025-09-04 14:50:21,511 - INFO - Using absolute coordinate system, ignoring takeoff position offset
2025-09-04 14:50:22,511 - INFO - Pre-flight stabilization to first waypoint: (0.000, 0.000, 0.400)
2025-09-04 14:50:22,662 - INFO - Waypoint1: absolute coordinates(0.000, 0.000, 0.400, yaw=90.0째)
2025-09-04 14:50:22,662 - INFO - Flying to coordinate: (0.000, 0.000, 0.400)
2025-09-04 14:50:23,672 - INFO - Approaching target (error=0.144m), entering stabilization phase
2025-09-04 14:50:24,272 - INFO - Reached waypoint (error=0.022m, stable_count=30)
2025-09-04 14:50:24,872 - INFO - Waypoint2: absolute coordinates(0.000, 0.000, 0.800, yaw=90.0째)
2025-09-04 14:50:24,872 - INFO - Flying to coordinate: (0.000, 0.000, 0.800)
2025-09-04 14:50:25,372 - INFO - Approaching target (error=0.127m), entering stabilization phase
2025-09-04 14:50:25,862 - INFO - Reached waypoint (error=0.070m, stable_count=30)
2025-09-04 14:50:26,463 - INFO - Waypoint3: absolute coordinates(0.000, 0.000, 0.400, yaw=90.0째)
2025-09-04 14:50:26,463 - INFO - Flying to coordinate: (0.000, 0.000, 0.400)
2025-09-04 14:50:27,423 - INFO - Approaching target (error=0.146m), entering stabilization phase
2025-09-04 14:50:28,213 - INFO - Reached waypoint (error=0.068m, stable_count=30)
2025-09-04 14:50:28,818 - INFO - Returning to origin and landing...
2025-09-04 14:50:28,818 - INFO - Flying to coordinate: (0.000, 0.000, 0.200)
2025-09-04 14:50:29,268 - INFO - Approaching target (error=0.147m), entering stabilization phase
2025-09-04 14:50:30,058 - INFO - Reached waypoint (error=0.032m, stable_count=30)
2025-09-04 14:50:30,058 - INFO - Landing...
2025-09-04 14:50:30,059 - INFO - Landing complete
2025-09-04 14:50:30,065 - INFO - Have successfully stopped logging for id=6
2025-09-04 14:50:30,160 - INFO - Position manager stopped
2025-09-04 14:50:30,162 - INFO - Flight mission complete
2025-09-04 14:50:30,162 - INFO - Stopping data collector...
2025-09-04 14:50:30,164 - INFO - Collection complete - stats: {'created': 1075, 'complete': 1074, 'merged': 0, 'dropped': 0}
2025-09-04 14:50:30,170 - INFO - Have successfully stopped logging for id=4
2025-09-04 14:50:30,172 - INFO - Have successfully stopped logging for id=5
2025-09-04 14:50:30,201 - INFO - Data saved: training_data/vertical_med_20250904_145030.json
2025-09-04 14:50:30,201 - INFO - States: 1074, Commands: 605, Duration: 10.7s
2025-09-04 14:50:30,201 - INFO - Successfully saved 1074 state data points
2025-09-04 14:50:30,201 - INFO - Successfully saved 605 control commands
2025-09-04 14:50:30,201 - INFO - Closing link
2025-09-04 14:50:30,201 - INFO - Callback->Disconnected from [radio://0/80/2M/E7E7E7E7E6]
