2025-09-04 16:15:07,221 - INFO - === Fixed continuous data collector ===
2025-09-04 16:15:07,222 - INFO - Mission: vertical_large
2025-09-04 16:15:07,222 - INFO - Waypoints (absolute coordinates): [(0, 0, 0.5), (0, 0, 1.0), (0, 0, 0.5)]
2025-09-04 16:15:07,223 - INFO - Callback->Connection initialized[radio://0/80/2M/E7E7E7E7E6]
2025-09-04 16:15:07,473 - INFO - We are connected[radio://0/80/2M/E7E7E7E7E6], request connection setup
2025-09-04 16:15:07,474 - INFO - Request _request_protocol_version()
2025-09-04 16:15:07,478 - INFO - Callback->Connected to [radio://0/80/2M/E7E7E7E7E6]
2025-09-04 16:15:07,485 - INFO - _crt_service_callback
2025-09-04 16:15:07,486 - INFO - Request protocol version
2025-09-04 16:15:07,490 - INFO - _platform_callback
2025-09-04 16:15:07,490 - INFO - Protocol version (platform): 9
2025-09-04 16:15:07,499 - INFO - TOC for port [5] found in cache
2025-09-04 16:15:07,499 - INFO - Log TOC finished updating
2025-09-04 16:15:07,503 - INFO - 6 memories found
2025-09-04 16:15:07,581 - INFO - Memories finished updating
2025-09-04 16:15:07,590 - INFO - TOC for port [2] found in cache
2025-09-04 16:15:08,067 - INFO - Param TOC finished updating
2025-09-04 16:15:08,067 - INFO - Callback->Connection setup finished [radio://0/80/2M/E7E7E7E7E6]
2025-09-04 16:15:08,068 - INFO - Connected: radio://0/80/2M/E7E7E7E7E6
2025-09-04 16:15:08,075 - INFO - Have successfully started logging for id=1
2025-09-04 16:15:08,177 - INFO - Battery: 3.92V (safe)
2025-09-04 16:15:08,178 - INFO - Battery check passed: 3.92V
2025-09-04 16:15:08,178 - INFO - Initializing position estimator to origin...
2025-09-04 16:15:08,181 - INFO - Have successfully stopped logging for id=1
2025-09-04 16:15:08,182 - INFO - Have successfully deleted id=1
2025-09-04 16:15:09,344 - INFO - All parameters updated
2025-09-04 16:15:09,344 - INFO - Callback->Connection completed [radio://0/80/2M/E7E7E7E7E6]
2025-09-04 16:15:09,455 - INFO - Have successfully started logging for id=2
2025-09-04 16:15:15,949 - INFO - Waiting for position estimator...
2025-09-04 16:15:15,953 - INFO - Have successfully stopped logging for id=2
2025-09-04 16:15:15,954 - INFO - Have successfully deleted id=2
2025-09-04 16:15:15,959 - INFO - Have successfully started logging for id=3
2025-09-04 16:15:16,958 - INFO - Position estimator ready
2025-09-04 16:15:16,958 - INFO - Controller parameters optimized
2025-09-04 16:15:16,961 - INFO - Have successfully stopped logging for id=3
2025-09-04 16:15:16,961 - INFO - Have successfully deleted id=3
2025-09-04 16:15:34,405 - INFO - Start collection (slot:10ms)
2025-09-04 16:15:34,405 - INFO - Data collector started
2025-09-04 16:15:34,410 - INFO - Position manager started
2025-09-04 16:15:34,420 - INFO - Have successfully started logging for id=4
2025-09-04 16:15:34,423 - INFO - Have successfully started logging for id=5
2025-09-04 16:15:34,424 - INFO - Have successfully started logging for id=6
2025-09-04 16:15:34,510 - INFO - Position manager data flow is normal
2025-09-04 16:15:36,510 - INFO - Current position: (0.022, 0.019, -0.003, 88.9째)
2025-09-04 16:15:36,510 - INFO - Using absolute coordinate system, ignoring takeoff position offset
2025-09-04 16:15:37,511 - INFO - Pre-flight stabilization to first waypoint: (0.000, 0.000, 0.500)
2025-09-04 16:15:37,662 - INFO - Waypoint1: absolute coordinates(0.000, 0.000, 0.500, yaw=90.0째)
2025-09-04 16:15:37,662 - INFO - Flying to coordinate: (0.000, 0.000, 0.500)
2025-09-04 16:15:38,672 - INFO - Approaching target (error=0.145m), entering stabilization phase
2025-09-04 16:15:39,162 - INFO - Reached waypoint (error=0.019m, stable_count=30)
2025-09-04 16:15:39,762 - INFO - Waypoint2: absolute coordinates(0.000, 0.000, 1.000, yaw=90.0째)
2025-09-04 16:15:39,763 - INFO - Flying to coordinate: (0.000, 0.000, 1.000)
2025-09-04 16:15:40,373 - INFO - Approaching target (error=0.138m), entering stabilization phase
2025-09-04 16:15:45,853 - INFO - Reached waypoint (error=0.055m, stable_count=30)
2025-09-04 16:15:46,454 - INFO - Waypoint3: absolute coordinates(0.000, 0.000, 0.500, yaw=90.0째)
2025-09-04 16:15:46,454 - INFO - Flying to coordinate: (0.000, 0.000, 0.500)
2025-09-04 16:15:47,264 - INFO - Approaching target (error=0.132m), entering stabilization phase
2025-09-04 16:15:47,704 - INFO - Reached waypoint (error=0.017m, stable_count=30)
2025-09-04 16:15:48,306 - INFO - Returning to origin and landing...
2025-09-04 16:15:48,306 - INFO - Flying to coordinate: (0.000, 0.000, 0.200)
2025-09-04 16:15:48,866 - INFO - Approaching target (error=0.149m), entering stabilization phase
2025-09-04 16:15:49,856 - INFO - Reached waypoint (error=0.077m, stable_count=30)
2025-09-04 16:15:49,856 - INFO - Landing...
2025-09-04 16:15:49,857 - INFO - Landing complete
2025-09-04 16:15:49,861 - INFO - Have successfully stopped logging for id=6
2025-09-04 16:15:49,958 - INFO - Position manager stopped
2025-09-04 16:15:49,959 - INFO - Flight mission complete
2025-09-04 16:15:49,959 - INFO - Stopping data collector...
2025-09-04 16:15:49,961 - INFO - Collection complete - stats: {'created': 1556, 'complete': 1554, 'merged': 0, 'dropped': 1}
2025-09-04 16:15:49,969 - INFO - Have successfully stopped logging for id=4
2025-09-04 16:15:49,972 - INFO - Have successfully stopped logging for id=5
2025-09-04 16:15:50,016 - INFO - Data saved: training_data/vertical_large_20250904_161549.json
2025-09-04 16:15:50,016 - INFO - States: 1554, Commands: 1087, Duration: 15.5s
2025-09-04 16:15:50,017 - INFO - Successfully saved 1554 state data points
2025-09-04 16:15:50,017 - INFO - Successfully saved 1087 control commands
2025-09-04 16:15:50,017 - INFO - Closing link
2025-09-04 16:15:50,017 - INFO - Callback->Disconnected from [radio://0/80/2M/E7E7E7E7E6]
