2025-09-05 16:21:52,543 - INFO - === Fixed continuous data collector ===
2025-09-05 16:21:52,543 - INFO - Mission: triangle_med
2025-09-05 16:21:52,543 - INFO - Waypoints (absolute coordinates): [(0, 0, 0.6), (0.5, 0, 0.6), (0.25, 0.5, 0.6), (0, 0, 0.6)]
2025-09-05 16:21:52,543 - INFO - Callback->Connection initialized[radio://0/80/2M/E7E7E7E7E6]
2025-09-05 16:21:52,793 - INFO - We are connected[radio://0/80/2M/E7E7E7E7E6], request connection setup
2025-09-05 16:21:52,793 - INFO - Request _request_protocol_version()
2025-09-05 16:21:52,795 - INFO - Callback->Connected to [radio://0/80/2M/E7E7E7E7E6]
2025-09-05 16:21:52,801 - INFO - _crt_service_callback
2025-09-05 16:21:52,801 - INFO - Request protocol version
2025-09-05 16:21:52,805 - INFO - _platform_callback
2025-09-05 16:21:52,805 - INFO - Protocol version (platform): 9
2025-09-05 16:21:52,818 - INFO - TOC for port [5] found in cache
2025-09-05 16:21:52,818 - INFO - Log TOC finished updating
2025-09-05 16:21:52,821 - INFO - 6 memories found
2025-09-05 16:21:52,895 - INFO - Memories finished updating
2025-09-05 16:21:52,902 - INFO - TOC for port [2] found in cache
2025-09-05 16:21:53,333 - INFO - Param TOC finished updating
2025-09-05 16:21:53,333 - INFO - Callback->Connection setup finished [radio://0/80/2M/E7E7E7E7E6]
2025-09-05 16:21:53,334 - INFO - Connected: radio://0/80/2M/E7E7E7E7E6
2025-09-05 16:21:53,344 - INFO - Have successfully started logging for id=1
2025-09-05 16:21:53,444 - INFO - Battery: 4.04V (safe)
2025-09-05 16:21:53,444 - INFO - Battery check passed: 4.04V
2025-09-05 16:21:53,444 - INFO - Initializing position estimator to origin...
2025-09-05 16:21:53,447 - INFO - Have successfully stopped logging for id=1
2025-09-05 16:21:53,448 - INFO - Have successfully deleted id=1
2025-09-05 16:21:54,430 - INFO - All parameters updated
2025-09-05 16:21:54,430 - INFO - Callback->Connection completed [radio://0/80/2M/E7E7E7E7E6]
2025-09-05 16:21:54,537 - INFO - Have successfully started logging for id=2
2025-09-05 16:22:01,033 - INFO - Waiting for position estimator...
2025-09-05 16:22:01,036 - INFO - Have successfully stopped logging for id=2
2025-09-05 16:22:01,037 - INFO - Have successfully deleted id=2
2025-09-05 16:22:01,040 - INFO - Have successfully started logging for id=3
2025-09-05 16:22:02,041 - INFO - Position estimator ready
2025-09-05 16:22:02,042 - INFO - Controller parameters optimized
2025-09-05 16:22:02,044 - INFO - Have successfully stopped logging for id=3
2025-09-05 16:22:02,046 - INFO - Have successfully deleted id=3
2025-09-05 16:22:04,854 - INFO - Start collection (slot:10ms)
2025-09-05 16:22:04,856 - INFO - Data collector started
2025-09-05 16:22:04,857 - INFO - Position manager started
2025-09-05 16:22:04,863 - INFO - Have successfully started logging for id=4
2025-09-05 16:22:04,864 - INFO - Have successfully started logging for id=5
2025-09-05 16:22:04,865 - INFO - Have successfully started logging for id=6
2025-09-05 16:22:04,957 - INFO - Position manager data flow is normal
2025-09-05 16:22:06,957 - INFO - Current position: (-0.029, 0.010, 0.005, 89.8°)
2025-09-05 16:22:06,957 - INFO - Using absolute coordinate system, ignoring takeoff position offset
2025-09-05 16:22:07,957 - INFO - Pre-flight stabilization to first waypoint: (0.000, 0.000, 0.600)
2025-09-05 16:22:08,109 - INFO - Waypoint1: absolute coordinates(0.000, 0.000, 0.600, yaw=90.0°)
2025-09-05 16:22:08,109 - INFO - Flying to coordinate: (0.000, 0.000, 0.600)
2025-09-05 16:22:09,119 - INFO - Approaching target (error=0.147m), entering stabilization phase
2025-09-05 16:22:09,709 - INFO - Reached waypoint (error=0.031m, stable_count=30)
2025-09-05 16:22:10,309 - INFO - Waypoint2: absolute coordinates(0.500, 0.000, 0.600, yaw=90.0°)
2025-09-05 16:22:10,309 - INFO - Flying to coordinate: (0.500, 0.000, 0.600)
2025-09-05 16:22:11,019 - INFO - Approaching target (error=0.118m), entering stabilization phase
2025-09-05 16:22:12,759 - INFO - Reached waypoint (error=0.068m, stable_count=30)
2025-09-05 16:22:13,397 - INFO - Waypoint3: absolute coordinates(0.250, 0.500, 0.600, yaw=90.0°)
2025-09-05 16:22:13,397 - INFO - Flying to coordinate: (0.250, 0.500, 0.600)
2025-09-05 16:22:14,118 - INFO - Approaching target (error=0.136m), entering stabilization phase
2025-09-05 16:22:14,508 - INFO - Reached waypoint (error=0.062m, stable_count=30)
2025-09-05 16:22:15,108 - INFO - Waypoint4: absolute coordinates(0.000, 0.000, 0.600, yaw=90.0°)
2025-09-05 16:22:15,108 - INFO - Flying to coordinate: (0.000, 0.000, 0.600)
2025-09-05 16:22:16,208 - INFO - Approaching target (error=0.146m), entering stabilization phase
2025-09-05 16:22:17,648 - INFO - Reached waypoint (error=0.032m, stable_count=30)
2025-09-05 16:22:18,248 - INFO - Returning to origin and landing...
2025-09-05 16:22:18,248 - INFO - Flying to coordinate: (0.000, 0.000, 0.200)
2025-09-05 16:22:19,008 - INFO - Approaching target (error=0.145m), entering stabilization phase
2025-09-05 16:22:19,648 - INFO - Reached waypoint (error=0.030m, stable_count=30)
2025-09-05 16:22:19,648 - INFO - Landing...
2025-09-05 16:22:19,649 - INFO - Landing complete
2025-09-05 16:22:19,654 - INFO - Have successfully stopped logging for id=6
2025-09-05 16:22:19,750 - INFO - Position manager stopped
2025-09-05 16:22:19,752 - INFO - Flight mission complete
2025-09-05 16:22:19,752 - INFO - Stopping data collector...
2025-09-05 16:22:19,755 - INFO - Collection complete - stats: {'created': 1490, 'complete': 1489, 'merged': 0, 'dropped': 0}
2025-09-05 16:22:19,761 - INFO - Have successfully stopped logging for id=4
2025-09-05 16:22:19,764 - INFO - Have successfully stopped logging for id=5
2025-09-05 16:22:19,808 - INFO - Data saved: training_data/triangle_med_20250905_162219.json
2025-09-05 16:22:19,808 - INFO - States: 1489, Commands: 970, Duration: 14.9s
2025-09-05 16:22:19,808 - INFO - Successfully saved 1489 state data points
2025-09-05 16:22:19,808 - INFO - Successfully saved 970 control commands
2025-09-05 16:22:19,808 - INFO - Closing link
2025-09-05 16:22:19,809 - INFO - Callback->Disconnected from [radio://0/80/2M/E7E7E7E7E6]
