2025-09-04 15:53:36,927 - INFO - === Fixed continuous data collector ===
2025-09-04 15:53:36,927 - INFO - Mission: vertical_large
2025-09-04 15:53:36,927 - INFO - Waypoints (absolute coordinates): [(0, 0, 0.5), (0, 0, 1.0), (0, 0, 0.5)]
2025-09-04 15:53:36,928 - INFO - Callback->Connection initialized[radio://0/80/2M/E7E7E7E7E6]
2025-09-04 15:53:37,177 - INFO - We are connected[radio://0/80/2M/E7E7E7E7E6], request connection setup
2025-09-04 15:53:37,178 - INFO - Request _request_protocol_version()
2025-09-04 15:53:37,183 - INFO - Callback->Connected to [radio://0/80/2M/E7E7E7E7E6]
2025-09-04 15:53:37,263 - INFO - _crt_service_callback
2025-09-04 15:53:37,263 - INFO - Request protocol version
2025-09-04 15:53:37,266 - INFO - _platform_callback
2025-09-04 15:53:37,266 - INFO - Protocol version (platform): 9
2025-09-04 15:53:37,277 - INFO - TOC for port [5] found in cache
2025-09-04 15:53:37,277 - INFO - Log TOC finished updating
2025-09-04 15:53:37,279 - INFO - 6 memories found
2025-09-04 15:53:37,358 - INFO - Memories finished updating
2025-09-04 15:53:37,364 - INFO - TOC for port [2] found in cache
2025-09-04 15:53:37,800 - INFO - Param TOC finished updating
2025-09-04 15:53:37,800 - INFO - Callback->Connection setup finished [radio://0/80/2M/E7E7E7E7E6]
2025-09-04 15:53:37,801 - INFO - Connected: radio://0/80/2M/E7E7E7E7E6
2025-09-04 15:53:37,808 - INFO - Have successfully started logging for id=1
2025-09-04 15:53:37,909 - INFO - Battery: 4.13V (safe)
2025-09-04 15:53:37,910 - INFO - Battery check passed: 4.13V
2025-09-04 15:53:37,910 - INFO - Initializing position estimator to origin...
2025-09-04 15:53:37,912 - INFO - Have successfully stopped logging for id=1
2025-09-04 15:53:37,913 - INFO - Have successfully deleted id=1
2025-09-04 15:53:38,969 - INFO - All parameters updated
2025-09-04 15:53:38,969 - INFO - Callback->Connection completed [radio://0/80/2M/E7E7E7E7E6]
2025-09-04 15:53:39,079 - INFO - Have successfully started logging for id=2
2025-09-04 15:53:45,574 - INFO - Waiting for position estimator...
2025-09-04 15:53:45,578 - INFO - Have successfully stopped logging for id=2
2025-09-04 15:53:45,579 - INFO - Have successfully deleted id=2
2025-09-04 15:53:45,584 - INFO - Have successfully started logging for id=3
2025-09-04 15:53:46,584 - INFO - Position estimator ready
2025-09-04 15:53:46,585 - INFO - Controller parameters optimized
2025-09-04 15:53:46,588 - INFO - Have successfully stopped logging for id=3
2025-09-04 15:53:46,589 - INFO - Have successfully deleted id=3
2025-09-04 15:53:49,275 - INFO - Start collection (slot:10ms)
2025-09-04 15:53:49,276 - INFO - Data collector started
2025-09-04 15:53:49,277 - INFO - Position manager started
2025-09-04 15:53:49,282 - INFO - Have successfully started logging for id=4
2025-09-04 15:53:49,284 - INFO - Have successfully started logging for id=5
2025-09-04 15:53:49,285 - INFO - Have successfully started logging for id=6
2025-09-04 15:53:49,377 - INFO - Position manager data flow is normal
2025-09-04 15:53:51,377 - INFO - Current position: (-0.021, 0.024, -0.010, 89.9째)
2025-09-04 15:53:51,377 - INFO - Using absolute coordinate system, ignoring takeoff position offset
2025-09-04 15:53:52,377 - INFO - Pre-flight stabilization to first waypoint: (0.000, 0.000, 0.500)
2025-09-04 15:53:52,528 - INFO - Waypoint1: absolute coordinates(0.000, 0.000, 0.500, yaw=90.0째)
2025-09-04 15:53:52,528 - INFO - Flying to coordinate: (0.000, 0.000, 0.500)
2025-09-04 15:53:53,538 - INFO - Approaching target (error=0.139m), entering stabilization phase
2025-09-04 15:53:54,028 - INFO - Reached waypoint (error=0.025m, stable_count=30)
2025-09-04 15:53:54,628 - INFO - Waypoint2: absolute coordinates(0.000, 0.000, 1.000, yaw=90.0째)
2025-09-04 15:53:54,628 - INFO - Flying to coordinate: (0.000, 0.000, 1.000)
2025-09-04 15:53:55,238 - INFO - Approaching target (error=0.133m), entering stabilization phase
2025-09-04 15:53:59,228 - INFO - Reached waypoint (error=0.076m, stable_count=30)
2025-09-04 15:53:59,829 - INFO - Waypoint3: absolute coordinates(0.000, 0.000, 0.500, yaw=90.0째)
2025-09-04 15:53:59,829 - INFO - Flying to coordinate: (0.000, 0.000, 0.500)
2025-09-04 15:54:00,779 - INFO - Approaching target (error=0.136m), entering stabilization phase
2025-09-04 15:54:01,319 - INFO - Reached waypoint (error=0.038m, stable_count=30)
2025-09-04 15:54:01,919 - INFO - Returning to origin and landing...
2025-09-04 15:54:01,919 - INFO - Flying to coordinate: (0.000, 0.000, 0.200)
2025-09-04 15:54:02,379 - INFO - Approaching target (error=0.149m), entering stabilization phase
2025-09-04 15:54:02,970 - INFO - Reached waypoint (error=0.042m, stable_count=30)
2025-09-04 15:54:02,970 - INFO - Landing...
2025-09-04 15:54:02,971 - INFO - Landing complete
2025-09-04 15:54:02,976 - INFO - Have successfully stopped logging for id=6
2025-09-04 15:54:03,072 - INFO - Position manager stopped
2025-09-04 15:54:03,074 - INFO - Flight mission complete
2025-09-04 15:54:03,074 - INFO - Stopping data collector...
2025-09-04 15:54:03,076 - INFO - Collection complete - stats: {'created': 1380, 'complete': 1380, 'merged': 0, 'dropped': 0}
2025-09-04 15:54:03,084 - INFO - Have successfully stopped logging for id=4
2025-09-04 15:54:03,088 - INFO - Have successfully stopped logging for id=5
2025-09-04 15:54:03,128 - INFO - Data saved: training_data/vertical_large_20250904_155403.json
2025-09-04 15:54:03,128 - INFO - States: 1380, Commands: 909, Duration: 13.8s
2025-09-04 15:54:03,128 - INFO - Successfully saved 1380 state data points
2025-09-04 15:54:03,128 - INFO - Successfully saved 909 control commands
2025-09-04 15:54:03,128 - INFO - Closing link
2025-09-04 15:54:03,129 - INFO - Callback->Disconnected from [radio://0/80/2M/E7E7E7E7E6]
