2025-09-05 17:02:59,321 - INFO - === Fixed continuous data collector ===
2025-09-05 17:02:59,321 - INFO - Mission: triangle_med
2025-09-05 17:02:59,321 - INFO - Waypoints (absolute coordinates): [(0, 0, 0.6), (0.5, 0, 0.6), (0.25, 0.5, 0.6), (0, 0, 0.6)]
2025-09-05 17:02:59,322 - INFO - Callback->Connection initialized[radio://0/80/2M/E7E7E7E7E6]
2025-09-05 17:02:59,572 - INFO - We are connected[radio://0/80/2M/E7E7E7E7E6], request connection setup
2025-09-05 17:02:59,573 - INFO - Request _request_protocol_version()
2025-09-05 17:02:59,575 - INFO - Callback->Connected to [radio://0/80/2M/E7E7E7E7E6]
2025-09-05 17:02:59,642 - INFO - _crt_service_callback
2025-09-05 17:02:59,642 - INFO - Request protocol version
2025-09-05 17:02:59,647 - INFO - _platform_callback
2025-09-05 17:02:59,647 - INFO - Protocol version (platform): 9
2025-09-05 17:02:59,660 - INFO - TOC for port [5] found in cache
2025-09-05 17:02:59,660 - INFO - Log TOC finished updating
2025-09-05 17:02:59,663 - INFO - 6 memories found
2025-09-05 17:02:59,740 - INFO - Memories finished updating
2025-09-05 17:02:59,745 - INFO - TOC for port [2] found in cache
2025-09-05 17:03:00,159 - INFO - Param TOC finished updating
2025-09-05 17:03:00,159 - INFO - Callback->Connection setup finished [radio://0/80/2M/E7E7E7E7E6]
2025-09-05 17:03:00,160 - INFO - Connected: radio://0/80/2M/E7E7E7E7E6
2025-09-05 17:03:00,168 - INFO - Have successfully started logging for id=1
2025-09-05 17:03:00,268 - INFO - Battery: 4.12V (safe)
2025-09-05 17:03:00,269 - INFO - Battery check passed: 4.12V
2025-09-05 17:03:00,269 - INFO - Initializing position estimator to origin...
2025-09-05 17:03:00,271 - INFO - Have successfully stopped logging for id=1
2025-09-05 17:03:00,272 - INFO - Have successfully deleted id=1
2025-09-05 17:03:01,238 - INFO - All parameters updated
2025-09-05 17:03:01,239 - INFO - Callback->Connection completed [radio://0/80/2M/E7E7E7E7E6]
2025-09-05 17:03:01,347 - INFO - Have successfully started logging for id=2
2025-09-05 17:03:07,842 - INFO - Waiting for position estimator...
2025-09-05 17:03:07,845 - INFO - Have successfully stopped logging for id=2
2025-09-05 17:03:07,846 - INFO - Have successfully deleted id=2
2025-09-05 17:03:07,851 - INFO - Have successfully started logging for id=3
2025-09-05 17:03:08,850 - INFO - Position estimator ready
2025-09-05 17:03:08,851 - INFO - Controller parameters optimized
2025-09-05 17:03:08,854 - INFO - Have successfully stopped logging for id=3
2025-09-05 17:03:08,854 - INFO - Have successfully deleted id=3
2025-09-05 17:03:11,361 - INFO - Start collection (slot:10ms)
2025-09-05 17:03:11,362 - INFO - Data collector started
2025-09-05 17:03:11,364 - INFO - Position manager started
2025-09-05 17:03:11,373 - INFO - Have successfully started logging for id=4
2025-09-05 17:03:11,374 - INFO - Have successfully started logging for id=5
2025-09-05 17:03:11,375 - INFO - Have successfully started logging for id=6
2025-09-05 17:03:11,464 - INFO - Position manager data flow is normal
2025-09-05 17:03:13,464 - INFO - Current position: (-0.039, 0.025, -0.018, 89.7°)
2025-09-05 17:03:13,465 - INFO - Using absolute coordinate system, ignoring takeoff position offset
2025-09-05 17:03:14,465 - INFO - Pre-flight stabilization to first waypoint: (0.000, 0.000, 0.600)
2025-09-05 17:03:14,616 - INFO - Waypoint1: absolute coordinates(0.000, 0.000, 0.600, yaw=90.0°)
2025-09-05 17:03:14,616 - INFO - Flying to coordinate: (0.000, 0.000, 0.600)
2025-09-05 17:03:15,626 - INFO - Approaching target (error=0.140m), entering stabilization phase
2025-09-05 17:03:16,116 - INFO - Reached waypoint (error=0.017m, stable_count=30)
2025-09-05 17:03:16,717 - INFO - Waypoint2: absolute coordinates(0.500, 0.000, 0.600, yaw=90.0°)
2025-09-05 17:03:16,717 - INFO - Flying to coordinate: (0.500, 0.000, 0.600)
2025-09-05 17:03:17,477 - INFO - Approaching target (error=0.133m), entering stabilization phase
2025-09-05 17:03:18,078 - WARNING - Control timing drift detected - resyncing
2025-09-05 17:03:21,062 - INFO - Reached waypoint (error=0.073m, stable_count=30)
2025-09-05 17:03:21,662 - INFO - Waypoint3: absolute coordinates(0.250, 0.500, 0.600, yaw=90.0°)
2025-09-05 17:03:21,662 - INFO - Flying to coordinate: (0.250, 0.500, 0.600)
2025-09-05 17:03:22,322 - INFO - Approaching target (error=0.146m), entering stabilization phase
2025-09-05 17:03:22,712 - INFO - Reached waypoint (error=0.065m, stable_count=30)
2025-09-05 17:03:23,313 - INFO - Waypoint4: absolute coordinates(0.000, 0.000, 0.600, yaw=90.0°)
2025-09-05 17:03:23,313 - INFO - Flying to coordinate: (0.000, 0.000, 0.600)
2025-09-05 17:03:24,223 - INFO - Approaching target (error=0.138m), entering stabilization phase
2025-09-05 17:03:25,813 - INFO - Reached waypoint (error=0.069m, stable_count=30)
2025-09-05 17:03:26,413 - INFO - Returning to origin and landing...
2025-09-05 17:03:26,413 - INFO - Flying to coordinate: (0.000, 0.000, 0.200)
2025-09-05 17:03:27,113 - INFO - Approaching target (error=0.145m), entering stabilization phase
2025-09-05 17:03:27,813 - INFO - Reached waypoint (error=0.042m, stable_count=30)
2025-09-05 17:03:27,813 - INFO - Landing...
2025-09-05 17:03:27,814 - INFO - Landing complete
2025-09-05 17:03:27,818 - INFO - Have successfully stopped logging for id=6
2025-09-05 17:03:27,915 - INFO - Position manager stopped
2025-09-05 17:03:27,916 - INFO - Flight mission complete
2025-09-05 17:03:27,916 - INFO - Stopping data collector...
2025-09-05 17:03:27,918 - INFO - Collection complete - stats: {'created': 1655, 'complete': 1655, 'merged': 0, 'dropped': 0}
2025-09-05 17:03:27,927 - INFO - Have successfully stopped logging for id=4
2025-09-05 17:03:27,927 - INFO - Have successfully stopped logging for id=5
2025-09-05 17:03:27,975 - INFO - Data saved: training_data/triangle_med_20250905_170327.json
2025-09-05 17:03:27,975 - INFO - States: 1655, Commands: 1133, Duration: 16.6s
2025-09-05 17:03:27,975 - INFO - Successfully saved 1655 state data points
2025-09-05 17:03:27,976 - INFO - Successfully saved 1133 control commands
2025-09-05 17:03:27,976 - INFO - Closing link
2025-09-05 17:03:27,977 - INFO - Callback->Disconnected from [radio://0/80/2M/E7E7E7E7E6]
