2025-09-04 15:06:06,277 - INFO - === Fixed continuous data collector ===
2025-09-04 15:06:06,277 - INFO - Mission: vertical_large
2025-09-04 15:06:06,277 - INFO - Waypoints (absolute coordinates): [(0, 0, 0.5), (0, 0, 1.0), (0, 0, 0.5)]
2025-09-04 15:06:06,277 - INFO - Callback->Connection initialized[radio://0/80/2M/E7E7E7E7E6]
2025-09-04 15:06:06,527 - INFO - We are connected[radio://0/80/2M/E7E7E7E7E6], request connection setup
2025-09-04 15:06:06,527 - INFO - Request _request_protocol_version()
2025-09-04 15:06:06,529 - INFO - Callback->Connected to [radio://0/80/2M/E7E7E7E7E6]
2025-09-04 15:06:06,533 - INFO - _crt_service_callback
2025-09-04 15:06:06,533 - INFO - Request protocol version
2025-09-04 15:06:06,538 - INFO - _platform_callback
2025-09-04 15:06:06,538 - INFO - Protocol version (platform): 9
2025-09-04 15:06:06,552 - INFO - TOC for port [5] found in cache
2025-09-04 15:06:06,552 - INFO - Log TOC finished updating
2025-09-04 15:06:06,557 - INFO - 6 memories found
2025-09-04 15:06:06,642 - INFO - Memories finished updating
2025-09-04 15:06:06,648 - INFO - TOC for port [2] found in cache
2025-09-04 15:06:07,183 - INFO - Param TOC finished updating
2025-09-04 15:06:07,183 - INFO - Callback->Connection setup finished [radio://0/80/2M/E7E7E7E7E6]
2025-09-04 15:06:07,184 - INFO - Connected: radio://0/80/2M/E7E7E7E7E6
2025-09-04 15:06:07,191 - INFO - Have successfully started logging for id=1
2025-09-04 15:06:07,291 - INFO - Battery: 4.07V (safe)
2025-09-04 15:06:07,292 - INFO - Battery check passed: 4.07V
2025-09-04 15:06:07,292 - INFO - Initializing position estimator to origin...
2025-09-04 15:06:07,295 - INFO - Have successfully stopped logging for id=1
2025-09-04 15:06:07,296 - INFO - Have successfully deleted id=1
2025-09-04 15:06:08,510 - INFO - All parameters updated
2025-09-04 15:06:08,510 - INFO - Callback->Connection completed [radio://0/80/2M/E7E7E7E7E6]
2025-09-04 15:06:08,620 - INFO - Have successfully started logging for id=2
2025-09-04 15:06:15,115 - INFO - Waiting for position estimator...
2025-09-04 15:06:15,119 - INFO - Have successfully stopped logging for id=2
2025-09-04 15:06:15,120 - INFO - Have successfully deleted id=2
2025-09-04 15:06:15,126 - INFO - Have successfully started logging for id=3
2025-09-04 15:06:16,125 - INFO - Position estimator ready
2025-09-04 15:06:16,126 - INFO - Controller parameters optimized
2025-09-04 15:06:16,131 - INFO - Have successfully stopped logging for id=3
2025-09-04 15:06:16,133 - INFO - Have successfully deleted id=3
2025-09-04 15:06:22,503 - INFO - Start collection (slot:10ms)
2025-09-04 15:06:22,505 - INFO - Data collector started
2025-09-04 15:06:22,506 - INFO - Position manager started
2025-09-04 15:06:22,512 - INFO - Have successfully started logging for id=4
2025-09-04 15:06:22,513 - INFO - Have successfully started logging for id=5
2025-09-04 15:06:22,514 - INFO - Have successfully started logging for id=6
2025-09-04 15:06:22,606 - INFO - Position manager data flow is normal
2025-09-04 15:06:24,607 - INFO - Current position: (0.015, 0.042, 0.010, 89.3째)
2025-09-04 15:06:24,607 - INFO - Using absolute coordinate system, ignoring takeoff position offset
2025-09-04 15:06:25,607 - INFO - Pre-flight stabilization to first waypoint: (0.000, 0.000, 0.500)
2025-09-04 15:06:25,757 - INFO - Waypoint1: absolute coordinates(0.000, 0.000, 0.500, yaw=90.0째)
2025-09-04 15:06:25,757 - INFO - Flying to coordinate: (0.000, 0.000, 0.500)
2025-09-04 15:06:26,817 - INFO - Approaching target (error=0.136m), entering stabilization phase
2025-09-04 15:06:27,307 - INFO - Reached waypoint (error=0.032m, stable_count=30)
2025-09-04 15:06:27,908 - INFO - Waypoint2: absolute coordinates(0.000, 0.000, 1.000, yaw=90.0째)
2025-09-04 15:06:27,908 - INFO - Flying to coordinate: (0.000, 0.000, 1.000)
2025-09-04 15:06:28,468 - INFO - Approaching target (error=0.150m), entering stabilization phase
2025-09-04 15:06:30,958 - INFO - Reached waypoint (error=0.060m, stable_count=30)
2025-09-04 15:06:31,560 - INFO - Waypoint3: absolute coordinates(0.000, 0.000, 0.500, yaw=90.0째)
2025-09-04 15:06:31,560 - INFO - Flying to coordinate: (0.000, 0.000, 0.500)
2025-09-04 15:06:32,560 - INFO - Approaching target (error=0.134m), entering stabilization phase
2025-09-04 15:06:33,150 - INFO - Reached waypoint (error=0.048m, stable_count=30)
2025-09-04 15:06:33,751 - INFO - Returning to origin and landing...
2025-09-04 15:06:33,751 - INFO - Flying to coordinate: (0.000, 0.000, 0.200)
2025-09-04 15:06:34,311 - INFO - Approaching target (error=0.141m), entering stabilization phase
2025-09-04 15:06:34,901 - INFO - Reached waypoint (error=0.062m, stable_count=30)
2025-09-04 15:06:34,901 - INFO - Landing...
2025-09-04 15:06:34,902 - INFO - Landing complete
2025-09-04 15:06:34,909 - INFO - Have successfully stopped logging for id=6
2025-09-04 15:06:35,004 - INFO - Position manager stopped
2025-09-04 15:06:35,005 - INFO - Flight mission complete
2025-09-04 15:06:35,005 - INFO - Stopping data collector...
2025-09-04 15:06:35,007 - INFO - Collection complete - stats: {'created': 1250, 'complete': 1250, 'merged': 0, 'dropped': 0}
2025-09-04 15:06:35,013 - INFO - Have successfully stopped logging for id=4
2025-09-04 15:06:35,015 - INFO - Have successfully stopped logging for id=5
2025-09-04 15:06:35,051 - INFO - Data saved: training_data/vertical_large_20250904_150635.json
2025-09-04 15:06:35,051 - INFO - States: 1250, Commands: 780, Duration: 12.5s
2025-09-04 15:06:35,051 - INFO - Successfully saved 1250 state data points
2025-09-04 15:06:35,051 - INFO - Successfully saved 780 control commands
2025-09-04 15:06:35,051 - INFO - Closing link
2025-09-04 15:06:35,052 - INFO - Callback->Disconnected from [radio://0/80/2M/E7E7E7E7E6]
