2025-09-05 13:19:52,024 - INFO - === Fixed continuous data collector ===
2025-09-05 13:19:52,024 - INFO - Mission: square_med
2025-09-05 13:19:52,024 - INFO - Waypoints (absolute coordinates): [(0, 0, 0.4), (0.5, 0, 0.4), (0.5, 0.5, 0.4), (0, 0.5, 0.4), (0, 0, 0.4)]
2025-09-05 13:19:52,025 - INFO - Callback->Connection initialized[radio://0/80/2M/E7E7E7E7E6]
2025-09-05 13:19:52,275 - INFO - We are connected[radio://0/80/2M/E7E7E7E7E6], request connection setup
2025-09-05 13:19:52,275 - INFO - Request _request_protocol_version()
2025-09-05 13:19:52,279 - INFO - Callback->Connected to [radio://0/80/2M/E7E7E7E7E6]
2025-09-05 13:19:52,285 - INFO - _crt_service_callback
2025-09-05 13:19:52,285 - INFO - Request protocol version
2025-09-05 13:19:52,289 - INFO - _platform_callback
2025-09-05 13:19:52,289 - INFO - Protocol version (platform): 9
2025-09-05 13:19:52,300 - INFO - TOC for port [5] found in cache
2025-09-05 13:19:52,300 - INFO - Log TOC finished updating
2025-09-05 13:19:52,303 - INFO - 6 memories found
2025-09-05 13:19:52,386 - INFO - Memories finished updating
2025-09-05 13:19:52,392 - INFO - TOC for port [2] found in cache
2025-09-05 13:19:52,893 - INFO - Param TOC finished updating
2025-09-05 13:19:52,893 - INFO - Callback->Connection setup finished [radio://0/80/2M/E7E7E7E7E6]
2025-09-05 13:19:52,894 - INFO - Connected: radio://0/80/2M/E7E7E7E7E6
2025-09-05 13:19:52,906 - INFO - Have successfully started logging for id=1
2025-09-05 13:19:53,006 - INFO - Battery: 4.00V (safe)
2025-09-05 13:19:53,007 - INFO - Battery check passed: 4.00V
2025-09-05 13:19:53,007 - INFO - Initializing position estimator to origin...
2025-09-05 13:19:53,010 - INFO - Have successfully stopped logging for id=1
2025-09-05 13:19:53,011 - INFO - Have successfully deleted id=1
2025-09-05 13:19:54,128 - INFO - All parameters updated
2025-09-05 13:19:54,128 - INFO - Callback->Connection completed [radio://0/80/2M/E7E7E7E7E6]
2025-09-05 13:19:54,239 - INFO - Have successfully started logging for id=2
2025-09-05 13:20:02,234 - INFO - Waiting for position estimator...
2025-09-05 13:20:02,238 - INFO - Have successfully stopped logging for id=2
2025-09-05 13:20:02,238 - INFO - Have successfully deleted id=2
2025-09-05 13:20:02,242 - INFO - Have successfully started logging for id=3
2025-09-05 13:20:03,242 - INFO - Position estimator ready
2025-09-05 13:20:03,243 - INFO - Controller parameters optimized
2025-09-05 13:20:03,245 - INFO - Have successfully stopped logging for id=3
2025-09-05 13:20:03,246 - INFO - Have successfully deleted id=3
2025-09-05 13:21:35,172 - INFO - Start collection (slot:10ms)
2025-09-05 13:21:35,173 - INFO - Data collector started
2025-09-05 13:21:35,174 - INFO - Position manager started
2025-09-05 13:21:35,181 - INFO - Have successfully started logging for id=4
2025-09-05 13:21:35,184 - INFO - Have successfully started logging for id=5
2025-09-05 13:21:35,186 - INFO - Have successfully started logging for id=6
2025-09-05 13:21:35,274 - INFO - Position manager data flow is normal
2025-09-05 13:21:37,275 - INFO - Current position: (0.042, 0.025, -0.001, 90.1°)
2025-09-05 13:21:37,275 - INFO - Using absolute coordinate system, ignoring takeoff position offset
2025-09-05 13:21:38,275 - INFO - Pre-flight stabilization to first waypoint: (0.000, 0.000, 0.400)
2025-09-05 13:21:38,425 - INFO - Waypoint1: absolute coordinates(0.000, 0.000, 0.400, yaw=90.0°)
2025-09-05 13:21:38,425 - INFO - Flying to coordinate: (0.000, 0.000, 0.400)
2025-09-05 13:21:39,435 - INFO - Approaching target (error=0.139m), entering stabilization phase
2025-09-05 13:21:40,025 - INFO - Reached waypoint (error=0.031m, stable_count=30)
2025-09-05 13:21:40,627 - INFO - Waypoint2: absolute coordinates(0.500, 0.000, 0.400, yaw=90.0°)
2025-09-05 13:21:40,627 - INFO - Flying to coordinate: (0.500, 0.000, 0.400)
2025-09-05 13:21:41,437 - INFO - Approaching target (error=0.138m), entering stabilization phase
2025-09-05 13:21:43,227 - INFO - Reached waypoint (error=0.067m, stable_count=30)
2025-09-05 13:21:43,828 - INFO - Waypoint3: absolute coordinates(0.500, 0.500, 0.400, yaw=90.0°)
2025-09-05 13:21:43,828 - INFO - Flying to coordinate: (0.500, 0.500, 0.400)
2025-09-05 13:21:44,528 - INFO - Approaching target (error=0.120m), entering stabilization phase
2025-09-05 13:21:45,428 - INFO - Reached waypoint (error=0.038m, stable_count=30)
2025-09-05 13:21:46,030 - INFO - Waypoint4: absolute coordinates(0.000, 0.500, 0.400, yaw=90.0°)
2025-09-05 13:21:46,030 - INFO - Flying to coordinate: (0.000, 0.500, 0.400)
2025-09-05 13:21:46,740 - INFO - Approaching target (error=0.121m), entering stabilization phase
2025-09-05 13:21:47,120 - INFO - Reached waypoint (error=0.032m, stable_count=30)
2025-09-05 13:21:47,720 - INFO - Waypoint5: absolute coordinates(0.000, 0.000, 0.400, yaw=90.0°)
2025-09-05 13:21:47,720 - INFO - Flying to coordinate: (0.000, 0.000, 0.400)
2025-09-05 13:21:48,430 - INFO - Approaching target (error=0.147m), entering stabilization phase
2025-09-05 13:21:48,900 - INFO - Reached waypoint (error=0.016m, stable_count=30)
2025-09-05 13:21:49,501 - INFO - Returning to origin and landing...
2025-09-05 13:21:49,501 - INFO - Flying to coordinate: (0.000, 0.000, 0.200)
2025-09-05 13:21:49,931 - INFO - Approaching target (error=0.147m), entering stabilization phase
2025-09-05 13:21:50,721 - INFO - Reached waypoint (error=0.039m, stable_count=30)
2025-09-05 13:21:50,721 - INFO - Landing...
2025-09-05 13:21:50,721 - INFO - Landing complete
2025-09-05 13:21:50,726 - INFO - Have successfully stopped logging for id=6
2025-09-05 13:21:50,822 - INFO - Position manager stopped
2025-09-05 13:21:50,823 - INFO - Flight mission complete
2025-09-05 13:21:50,823 - INFO - Stopping data collector...
2025-09-05 13:21:50,825 - INFO - Collection complete - stats: {'created': 1565, 'complete': 1565, 'merged': 0, 'dropped': 0}
2025-09-05 13:21:50,831 - INFO - Have successfully stopped logging for id=4
2025-09-05 13:21:50,834 - INFO - Have successfully stopped logging for id=5
2025-09-05 13:21:50,882 - INFO - Data saved: training_data/square_med_20250905_132150.json
2025-09-05 13:21:50,882 - INFO - States: 1565, Commands: 997, Duration: 15.6s
2025-09-05 13:21:50,882 - INFO - Successfully saved 1565 state data points
2025-09-05 13:21:50,883 - INFO - Successfully saved 997 control commands
2025-09-05 13:21:50,883 - INFO - Closing link
2025-09-05 13:21:50,883 - INFO - Callback->Disconnected from [radio://0/80/2M/E7E7E7E7E6]
