2025-09-05 15:31:36,226 - INFO - === Fixed continuous data collector ===
2025-09-05 15:31:36,226 - INFO - Mission: triangle_small
2025-09-05 15:31:36,227 - INFO - Waypoints (absolute coordinates): [(0, 0, 0.6), (0.4, 0, 0.6), (0.2, 0.4, 0.6), (0, 0, 0.6)]
2025-09-05 15:31:36,227 - INFO - Callback->Connection initialized[radio://0/80/2M/E7E7E7E7E6]
2025-09-05 15:31:36,477 - INFO - We are connected[radio://0/80/2M/E7E7E7E7E6], request connection setup
2025-09-05 15:31:36,477 - INFO - Request _request_protocol_version()
2025-09-05 15:31:36,484 - INFO - Callback->Connected to [radio://0/80/2M/E7E7E7E7E6]
2025-09-05 15:31:36,489 - INFO - _crt_service_callback
2025-09-05 15:31:36,489 - INFO - Request protocol version
2025-09-05 15:31:36,496 - INFO - _platform_callback
2025-09-05 15:31:36,496 - INFO - Protocol version (platform): 9
2025-09-05 15:31:36,511 - INFO - TOC for port [5] found in cache
2025-09-05 15:31:36,511 - INFO - Log TOC finished updating
2025-09-05 15:31:36,517 - INFO - 6 memories found
2025-09-05 15:31:36,606 - INFO - Memories finished updating
2025-09-05 15:31:36,612 - INFO - TOC for port [2] found in cache
2025-09-05 15:31:37,112 - INFO - Param TOC finished updating
2025-09-05 15:31:37,112 - INFO - Callback->Connection setup finished [radio://0/80/2M/E7E7E7E7E6]
2025-09-05 15:31:37,113 - INFO - Connected: radio://0/80/2M/E7E7E7E7E6
2025-09-05 15:31:37,123 - INFO - Have successfully started logging for id=1
2025-09-05 15:31:37,220 - INFO - Battery: 3.85V (safe)
2025-09-05 15:31:37,221 - INFO - Battery check passed: 3.85V
2025-09-05 15:31:37,221 - INFO - Initializing position estimator to origin...
2025-09-05 15:31:37,224 - INFO - Have successfully stopped logging for id=1
2025-09-05 15:31:37,225 - INFO - Have successfully deleted id=1
2025-09-05 15:31:38,516 - INFO - All parameters updated
2025-09-05 15:31:38,517 - INFO - Callback->Connection completed [radio://0/80/2M/E7E7E7E7E6]
2025-09-05 15:31:38,631 - INFO - Have successfully started logging for id=2
2025-09-05 15:31:45,126 - INFO - Waiting for position estimator...
2025-09-05 15:31:45,130 - INFO - Have successfully stopped logging for id=2
2025-09-05 15:31:45,131 - INFO - Have successfully deleted id=2
2025-09-05 15:31:45,136 - INFO - Have successfully started logging for id=3
2025-09-05 15:31:46,138 - INFO - Position estimator ready
2025-09-05 15:31:46,139 - INFO - Controller parameters optimized
2025-09-05 15:31:46,146 - INFO - Have successfully stopped logging for id=3
2025-09-05 15:31:46,151 - INFO - Have successfully deleted id=3
2025-09-05 15:31:54,418 - INFO - Start collection (slot:10ms)
2025-09-05 15:31:54,419 - INFO - Data collector started
2025-09-05 15:31:54,424 - INFO - Position manager started
2025-09-05 15:31:54,431 - INFO - Have successfully started logging for id=4
2025-09-05 15:31:54,432 - INFO - Have successfully started logging for id=5
2025-09-05 15:31:54,433 - INFO - Have successfully started logging for id=6
2025-09-05 15:31:54,524 - INFO - Position manager data flow is normal
2025-09-05 15:31:56,524 - INFO - Current position: (0.005, 0.023, 0.031, 90.8°)
2025-09-05 15:31:56,524 - INFO - Using absolute coordinate system, ignoring takeoff position offset
2025-09-05 15:31:57,524 - INFO - Pre-flight stabilization to first waypoint: (0.000, 0.000, 0.600)
2025-09-05 15:31:57,676 - INFO - Waypoint1: absolute coordinates(0.000, 0.000, 0.600, yaw=90.0°)
2025-09-05 15:31:57,676 - INFO - Flying to coordinate: (0.000, 0.000, 0.600)
2025-09-05 15:31:58,736 - INFO - Approaching target (error=0.131m), entering stabilization phase
2025-09-05 15:31:59,226 - INFO - Reached waypoint (error=0.026m, stable_count=30)
2025-09-05 15:31:59,826 - INFO - Waypoint2: absolute coordinates(0.400, 0.000, 0.600, yaw=90.0°)
2025-09-05 15:31:59,826 - INFO - Flying to coordinate: (0.400, 0.000, 0.600)
2025-09-05 15:32:00,586 - INFO - Approaching target (error=0.127m), entering stabilization phase
2025-09-05 15:32:00,855 - WARNING - Control timing drift detected - resyncing
2025-09-05 15:32:03,830 - INFO - Reached waypoint (error=0.065m, stable_count=30)
2025-09-05 15:32:04,430 - INFO - Waypoint3: absolute coordinates(0.200, 0.400, 0.600, yaw=90.0°)
2025-09-05 15:32:04,430 - INFO - Flying to coordinate: (0.200, 0.400, 0.600)
2025-09-05 15:32:04,980 - INFO - Approaching target (error=0.143m), entering stabilization phase
2025-09-05 15:32:05,370 - INFO - Reached waypoint (error=0.080m, stable_count=30)
2025-09-05 15:32:05,972 - INFO - Waypoint4: absolute coordinates(0.000, 0.000, 0.600, yaw=90.0°)
2025-09-05 15:32:05,972 - INFO - Flying to coordinate: (0.000, 0.000, 0.600)
2025-09-05 15:32:06,832 - INFO - Approaching target (error=0.149m), entering stabilization phase
2025-09-05 15:32:07,872 - INFO - Reached waypoint (error=0.057m, stable_count=30)
2025-09-05 15:32:08,472 - INFO - Returning to origin and landing...
2025-09-05 15:32:08,472 - INFO - Flying to coordinate: (0.000, 0.000, 0.200)
2025-09-05 15:32:09,322 - INFO - Approaching target (error=0.146m), entering stabilization phase
2025-09-05 15:32:10,212 - INFO - Reached waypoint (error=0.068m, stable_count=30)
2025-09-05 15:32:10,212 - INFO - Landing...
2025-09-05 15:32:10,213 - INFO - Landing complete
2025-09-05 15:32:10,220 - INFO - Have successfully stopped logging for id=6
2025-09-05 15:32:10,314 - INFO - Position manager stopped
2025-09-05 15:32:10,315 - INFO - Flight mission complete
2025-09-05 15:32:10,315 - INFO - Stopping data collector...
2025-09-05 15:32:10,320 - INFO - Collection complete - stats: {'created': 1589, 'complete': 1589, 'merged': 0, 'dropped': 0}
2025-09-05 15:32:10,327 - INFO - Have successfully stopped logging for id=4
2025-09-05 15:32:10,330 - INFO - Have successfully stopped logging for id=5
2025-09-05 15:32:10,375 - INFO - Data saved: training_data/triangle_small_20250905_153210.json
2025-09-05 15:32:10,375 - INFO - States: 1589, Commands: 1062, Duration: 15.9s
2025-09-05 15:32:10,376 - INFO - Successfully saved 1589 state data points
2025-09-05 15:32:10,376 - INFO - Successfully saved 1062 control commands
2025-09-05 15:32:10,376 - INFO - Closing link
2025-09-05 15:32:10,376 - INFO - Callback->Disconnected from [radio://0/80/2M/E7E7E7E7E6]
