2025-09-05 16:03:07,546 - INFO - === Fixed continuous data collector ===
2025-09-05 16:03:07,546 - INFO - Mission: triangle_small
2025-09-05 16:03:07,546 - INFO - Waypoints (absolute coordinates): [(0, 0, 0.6), (0.4, 0, 0.6), (0.2, 0.4, 0.6), (0, 0, 0.6)]
2025-09-05 16:03:07,547 - INFO - Callback->Connection initialized[radio://0/80/2M/E7E7E7E7E6]
2025-09-05 16:03:07,798 - INFO - We are connected[radio://0/80/2M/E7E7E7E7E6], request connection setup
2025-09-05 16:03:07,799 - INFO - Request _request_protocol_version()
2025-09-05 16:03:07,801 - INFO - Callback->Connected to [radio://0/80/2M/E7E7E7E7E6]
2025-09-05 16:03:07,804 - INFO - _crt_service_callback
2025-09-05 16:03:07,805 - INFO - Request protocol version
2025-09-05 16:03:07,808 - INFO - _platform_callback
2025-09-05 16:03:07,808 - INFO - Protocol version (platform): 9
2025-09-05 16:03:07,822 - INFO - TOC for port [5] found in cache
2025-09-05 16:03:07,822 - INFO - Log TOC finished updating
2025-09-05 16:03:07,825 - INFO - 6 memories found
2025-09-05 16:03:07,913 - INFO - Memories finished updating
2025-09-05 16:03:07,922 - INFO - TOC for port [2] found in cache
2025-09-05 16:03:08,442 - INFO - Param TOC finished updating
2025-09-05 16:03:08,442 - INFO - Callback->Connection setup finished [radio://0/80/2M/E7E7E7E7E6]
2025-09-05 16:03:08,443 - INFO - Connected: radio://0/80/2M/E7E7E7E7E6
2025-09-05 16:03:08,456 - INFO - Have successfully started logging for id=1
2025-09-05 16:03:08,556 - INFO - Battery: 3.90V (safe)
2025-09-05 16:03:08,557 - INFO - Battery check passed: 3.90V
2025-09-05 16:03:08,557 - INFO - Initializing position estimator to origin...
2025-09-05 16:03:08,560 - INFO - Have successfully stopped logging for id=1
2025-09-05 16:03:08,562 - INFO - Have successfully deleted id=1
2025-09-05 16:03:09,744 - INFO - All parameters updated
2025-09-05 16:03:09,744 - INFO - Callback->Connection completed [radio://0/80/2M/E7E7E7E7E6]
2025-09-05 16:03:09,853 - INFO - Have successfully started logging for id=2
2025-09-05 16:03:16,348 - INFO - Waiting for position estimator...
2025-09-05 16:03:16,353 - INFO - Have successfully stopped logging for id=2
2025-09-05 16:03:16,354 - INFO - Have successfully deleted id=2
2025-09-05 16:03:16,359 - INFO - Have successfully started logging for id=3
2025-09-05 16:03:17,362 - INFO - Position estimator ready
2025-09-05 16:03:17,366 - INFO - Controller parameters optimized
2025-09-05 16:03:17,371 - INFO - Have successfully stopped logging for id=3
2025-09-05 16:03:17,374 - INFO - Have successfully deleted id=3
2025-09-05 16:03:20,150 - INFO - Start collection (slot:10ms)
2025-09-05 16:03:20,150 - INFO - Data collector started
2025-09-05 16:03:20,154 - INFO - Position manager started
2025-09-05 16:03:20,161 - INFO - Have successfully started logging for id=4
2025-09-05 16:03:20,163 - INFO - Have successfully started logging for id=5
2025-09-05 16:03:20,164 - INFO - Have successfully started logging for id=6
2025-09-05 16:03:20,254 - INFO - Position manager data flow is normal
2025-09-05 16:03:22,254 - INFO - Current position: (0.011, 0.012, 0.023, 89.9°)
2025-09-05 16:03:22,254 - INFO - Using absolute coordinate system, ignoring takeoff position offset
2025-09-05 16:03:23,254 - INFO - Pre-flight stabilization to first waypoint: (0.000, 0.000, 0.600)
2025-09-05 16:03:23,404 - INFO - Waypoint1: absolute coordinates(0.000, 0.000, 0.600, yaw=90.0°)
2025-09-05 16:03:23,404 - INFO - Flying to coordinate: (0.000, 0.000, 0.600)
2025-09-05 16:03:24,414 - INFO - Approaching target (error=0.150m), entering stabilization phase
2025-09-05 16:03:24,904 - INFO - Reached waypoint (error=0.026m, stable_count=30)
2025-09-05 16:03:25,505 - INFO - Waypoint2: absolute coordinates(0.400, 0.000, 0.600, yaw=90.0°)
2025-09-05 16:03:25,505 - INFO - Flying to coordinate: (0.400, 0.000, 0.600)
2025-09-05 16:03:26,265 - INFO - Approaching target (error=0.132m), entering stabilization phase
2025-09-05 16:03:27,723 - WARNING - Control timing drift detected - resyncing
2025-09-05 16:03:29,251 - INFO - Reached waypoint (error=0.056m, stable_count=30)
2025-09-05 16:03:29,851 - INFO - Waypoint3: absolute coordinates(0.200, 0.400, 0.600, yaw=90.0°)
2025-09-05 16:03:29,851 - INFO - Flying to coordinate: (0.200, 0.400, 0.600)
2025-09-05 16:03:30,471 - INFO - Approaching target (error=0.122m), entering stabilization phase
2025-09-05 16:03:31,501 - INFO - Reached waypoint (error=0.053m, stable_count=30)
2025-09-05 16:03:32,102 - INFO - Waypoint4: absolute coordinates(0.000, 0.000, 0.600, yaw=90.0°)
2025-09-05 16:03:32,102 - INFO - Flying to coordinate: (0.000, 0.000, 0.600)
2025-09-05 16:03:33,012 - INFO - Approaching target (error=0.122m), entering stabilization phase
2025-09-05 16:03:33,452 - INFO - Reached waypoint (error=0.068m, stable_count=30)
2025-09-05 16:03:34,106 - INFO - Returning to origin and landing...
2025-09-05 16:03:34,106 - INFO - Flying to coordinate: (0.000, 0.000, 0.200)
2025-09-05 16:03:34,807 - INFO - Approaching target (error=0.143m), entering stabilization phase
2025-09-05 16:03:36,897 - INFO - Reached waypoint (error=0.065m, stable_count=30)
2025-09-05 16:03:36,897 - INFO - Landing...
2025-09-05 16:03:36,897 - INFO - Landing complete
2025-09-05 16:03:36,903 - INFO - Have successfully stopped logging for id=6
2025-09-05 16:03:36,998 - INFO - Position manager stopped
2025-09-05 16:03:37,000 - INFO - Flight mission complete
2025-09-05 16:03:37,001 - INFO - Stopping data collector...
2025-09-05 16:03:37,002 - INFO - Collection complete - stats: {'created': 1685, 'complete': 1685, 'merged': 0, 'dropped': 0}
2025-09-05 16:03:37,011 - INFO - Have successfully stopped logging for id=4
2025-09-05 16:03:37,016 - INFO - Have successfully stopped logging for id=5
2025-09-05 16:03:37,061 - INFO - Data saved: training_data/triangle_small_20250905_160337.json
2025-09-05 16:03:37,061 - INFO - States: 1685, Commands: 1161, Duration: 16.8s
2025-09-05 16:03:37,061 - INFO - Successfully saved 1685 state data points
2025-09-05 16:03:37,061 - INFO - Successfully saved 1161 control commands
2025-09-05 16:03:37,061 - INFO - Closing link
2025-09-05 16:03:37,062 - INFO - Callback->Disconnected from [radio://0/80/2M/E7E7E7E7E6]
