2025-09-04 15:43:03,351 - INFO - === Fixed continuous data collector ===
2025-09-04 15:43:03,351 - INFO - Mission: vertical_large
2025-09-04 15:43:03,351 - INFO - Waypoints (absolute coordinates): [(0, 0, 0.5), (0, 0, 1.0), (0, 0, 0.5)]
2025-09-04 15:43:03,351 - INFO - Callback->Connection initialized[radio://0/80/2M/E7E7E7E7E6]
2025-09-04 15:43:03,601 - INFO - We are connected[radio://0/80/2M/E7E7E7E7E6], request connection setup
2025-09-04 15:43:03,602 - INFO - Request _request_protocol_version()
2025-09-04 15:43:03,607 - INFO - Callback->Connected to [radio://0/80/2M/E7E7E7E7E6]
2025-09-04 15:43:03,611 - INFO - _crt_service_callback
2025-09-04 15:43:03,611 - INFO - Request protocol version
2025-09-04 15:43:03,615 - INFO - _platform_callback
2025-09-04 15:43:03,615 - INFO - Protocol version (platform): 9
2025-09-04 15:43:03,626 - INFO - TOC for port [5] found in cache
2025-09-04 15:43:03,626 - INFO - Log TOC finished updating
2025-09-04 15:43:03,630 - INFO - 6 memories found
2025-09-04 15:43:03,705 - INFO - Memories finished updating
2025-09-04 15:43:03,711 - INFO - TOC for port [2] found in cache
2025-09-04 15:43:04,209 - INFO - Param TOC finished updating
2025-09-04 15:43:04,209 - INFO - Callback->Connection setup finished [radio://0/80/2M/E7E7E7E7E6]
2025-09-04 15:43:04,210 - INFO - Connected: radio://0/80/2M/E7E7E7E7E6
2025-09-04 15:43:04,221 - INFO - Have successfully started logging for id=1
2025-09-04 15:43:04,317 - INFO - Battery: 4.02V (safe)
2025-09-04 15:43:04,319 - INFO - Battery check passed: 4.02V
2025-09-04 15:43:04,319 - INFO - Initializing position estimator to origin...
2025-09-04 15:43:04,322 - INFO - Have successfully stopped logging for id=1
2025-09-04 15:43:04,322 - INFO - Have successfully deleted id=1
2025-09-04 15:43:05,537 - INFO - All parameters updated
2025-09-04 15:43:05,537 - INFO - Callback->Connection completed [radio://0/80/2M/E7E7E7E7E6]
2025-09-04 15:43:05,648 - INFO - Have successfully started logging for id=2
2025-09-04 15:43:12,143 - INFO - Waiting for position estimator...
2025-09-04 15:43:12,147 - INFO - Have successfully stopped logging for id=2
2025-09-04 15:43:12,148 - INFO - Have successfully deleted id=2
2025-09-04 15:43:12,155 - INFO - Have successfully started logging for id=3
2025-09-04 15:43:13,153 - INFO - Position estimator ready
2025-09-04 15:43:13,155 - INFO - Controller parameters optimized
2025-09-04 15:43:13,157 - INFO - Have successfully stopped logging for id=3
2025-09-04 15:43:13,158 - INFO - Have successfully deleted id=3
2025-09-04 15:43:20,779 - INFO - Start collection (slot:10ms)
2025-09-04 15:43:20,781 - INFO - Data collector started
2025-09-04 15:43:20,782 - INFO - Position manager started
2025-09-04 15:43:20,790 - INFO - Have successfully started logging for id=4
2025-09-04 15:43:20,791 - INFO - Have successfully started logging for id=5
2025-09-04 15:43:20,793 - INFO - Have successfully started logging for id=6
2025-09-04 15:43:20,882 - INFO - Position manager data flow is normal
2025-09-04 15:43:22,882 - INFO - Current position: (0.021, 0.045, 0.023, 90.0째)
2025-09-04 15:43:22,882 - INFO - Using absolute coordinate system, ignoring takeoff position offset
2025-09-04 15:43:23,883 - INFO - Pre-flight stabilization to first waypoint: (0.000, 0.000, 0.500)
2025-09-04 15:43:24,033 - INFO - Waypoint1: absolute coordinates(0.000, 0.000, 0.500, yaw=90.0째)
2025-09-04 15:43:24,033 - INFO - Flying to coordinate: (0.000, 0.000, 0.500)
2025-09-04 15:43:25,093 - INFO - Approaching target (error=0.134m), entering stabilization phase
2025-09-04 15:43:25,633 - INFO - Reached waypoint (error=0.016m, stable_count=30)
2025-09-04 15:43:26,233 - INFO - Waypoint2: absolute coordinates(0.000, 0.000, 1.000, yaw=90.0째)
2025-09-04 15:43:26,233 - INFO - Flying to coordinate: (0.000, 0.000, 1.000)
2025-09-04 15:43:26,793 - INFO - Approaching target (error=0.139m), entering stabilization phase
2025-09-04 15:43:27,233 - INFO - Reached waypoint (error=0.057m, stable_count=30)
2025-09-04 15:43:27,834 - INFO - Waypoint3: absolute coordinates(0.000, 0.000, 0.500, yaw=90.0째)
2025-09-04 15:43:27,834 - INFO - Flying to coordinate: (0.000, 0.000, 0.500)
2025-09-04 15:43:28,794 - INFO - Approaching target (error=0.148m), entering stabilization phase
2025-09-04 15:43:29,334 - INFO - Reached waypoint (error=0.053m, stable_count=30)
2025-09-04 15:43:29,934 - INFO - Returning to origin and landing...
2025-09-04 15:43:29,934 - INFO - Flying to coordinate: (0.000, 0.000, 0.200)
2025-09-04 15:43:30,684 - INFO - Approaching target (error=0.143m), entering stabilization phase
2025-09-04 15:43:31,374 - INFO - Reached waypoint (error=0.030m, stable_count=30)
2025-09-04 15:43:31,374 - INFO - Landing...
2025-09-04 15:43:31,375 - INFO - Landing complete
2025-09-04 15:43:31,379 - INFO - Have successfully stopped logging for id=6
2025-09-04 15:43:31,476 - INFO - Position manager stopped
2025-09-04 15:43:31,477 - INFO - Flight mission complete
2025-09-04 15:43:31,477 - INFO - Stopping data collector...
2025-09-04 15:43:31,479 - INFO - Collection complete - stats: {'created': 1069, 'complete': 1069, 'merged': 0, 'dropped': 0}
2025-09-04 15:43:31,485 - INFO - Have successfully stopped logging for id=4
2025-09-04 15:43:31,488 - INFO - Have successfully stopped logging for id=5
2025-09-04 15:43:31,516 - INFO - Data saved: training_data/vertical_large_20250904_154331.json
2025-09-04 15:43:31,516 - INFO - States: 1069, Commands: 599, Duration: 10.7s
2025-09-04 15:43:31,516 - INFO - Successfully saved 1069 state data points
2025-09-04 15:43:31,517 - INFO - Successfully saved 599 control commands
2025-09-04 15:43:31,517 - INFO - Closing link
2025-09-04 15:43:31,517 - INFO - Callback->Disconnected from [radio://0/80/2M/E7E7E7E7E6]
