2025-09-05 13:56:02,401 - INFO - === Fixed continuous data collector ===
2025-09-05 13:56:02,401 - INFO - Mission: square_med
2025-09-05 13:56:02,401 - INFO - Waypoints (absolute coordinates): [(0, 0, 0.4), (0.5, 0, 0.4), (0.5, 0.5, 0.4), (0, 0.5, 0.4), (0, 0, 0.4)]
2025-09-05 13:56:02,401 - INFO - Callback->Connection initialized[radio://0/80/2M/E7E7E7E7E6]
2025-09-05 13:56:02,651 - INFO - We are connected[radio://0/80/2M/E7E7E7E7E6], request connection setup
2025-09-05 13:56:02,651 - INFO - Request _request_protocol_version()
2025-09-05 13:56:02,657 - INFO - Callback->Connected to [radio://0/80/2M/E7E7E7E7E6]
2025-09-05 13:56:02,661 - INFO - _crt_service_callback
2025-09-05 13:56:02,661 - INFO - Request protocol version
2025-09-05 13:56:02,664 - INFO - _platform_callback
2025-09-05 13:56:02,665 - INFO - Protocol version (platform): 9
2025-09-05 13:56:02,674 - INFO - TOC for port [5] found in cache
2025-09-05 13:56:02,674 - INFO - Log TOC finished updating
2025-09-05 13:56:02,677 - INFO - 6 memories found
2025-09-05 13:56:02,754 - INFO - Memories finished updating
2025-09-05 13:56:02,761 - INFO - TOC for port [2] found in cache
2025-09-05 13:56:03,247 - INFO - Param TOC finished updating
2025-09-05 13:56:03,247 - INFO - Callback->Connection setup finished [radio://0/80/2M/E7E7E7E7E6]
2025-09-05 13:56:03,248 - INFO - Connected: radio://0/80/2M/E7E7E7E7E6
2025-09-05 13:56:03,255 - INFO - Have successfully started logging for id=1
2025-09-05 13:56:03,355 - INFO - Battery: 3.89V (safe)
2025-09-05 13:56:03,355 - INFO - Battery check passed: 3.89V
2025-09-05 13:56:03,355 - INFO - Initializing position estimator to origin...
2025-09-05 13:56:03,361 - INFO - Have successfully stopped logging for id=1
2025-09-05 13:56:03,361 - INFO - Have successfully deleted id=1
2025-09-05 13:56:04,439 - INFO - All parameters updated
2025-09-05 13:56:04,439 - INFO - Callback->Connection completed [radio://0/80/2M/E7E7E7E7E6]
2025-09-05 13:56:04,548 - INFO - Have successfully started logging for id=2
2025-09-05 13:56:11,042 - INFO - Waiting for position estimator...
2025-09-05 13:56:11,049 - INFO - Have successfully stopped logging for id=2
2025-09-05 13:56:11,050 - INFO - Have successfully deleted id=2
2025-09-05 13:56:11,056 - INFO - Have successfully started logging for id=3
2025-09-05 13:56:12,056 - INFO - Position estimator ready
2025-09-05 13:56:12,057 - INFO - Controller parameters optimized
2025-09-05 13:56:12,060 - INFO - Have successfully stopped logging for id=3
2025-09-05 13:56:12,061 - INFO - Have successfully deleted id=3
2025-09-05 13:56:14,715 - INFO - Start collection (slot:10ms)
2025-09-05 13:56:14,717 - INFO - Data collector started
2025-09-05 13:56:14,717 - INFO - Position manager started
2025-09-05 13:56:14,727 - INFO - Have successfully started logging for id=4
2025-09-05 13:56:14,727 - INFO - Have successfully started logging for id=5
2025-09-05 13:56:14,728 - INFO - Have successfully started logging for id=6
2025-09-05 13:56:14,818 - INFO - Position manager data flow is normal
2025-09-05 13:56:16,818 - INFO - Current position: (0.020, 0.042, -0.076, 90.1°)
2025-09-05 13:56:16,818 - INFO - Using absolute coordinate system, ignoring takeoff position offset
2025-09-05 13:56:17,818 - INFO - Pre-flight stabilization to first waypoint: (0.000, 0.000, 0.400)
2025-09-05 13:56:17,969 - INFO - Waypoint1: absolute coordinates(0.000, 0.000, 0.400, yaw=90.0°)
2025-09-05 13:56:17,969 - INFO - Flying to coordinate: (0.000, 0.000, 0.400)
2025-09-05 13:56:18,879 - INFO - Approaching target (error=0.131m), entering stabilization phase
2025-09-05 13:56:19,319 - INFO - Reached waypoint (error=0.044m, stable_count=30)
2025-09-05 13:56:19,919 - INFO - Waypoint2: absolute coordinates(0.500, 0.000, 0.400, yaw=90.0°)
2025-09-05 13:56:19,919 - INFO - Flying to coordinate: (0.500, 0.000, 0.400)
2025-09-05 13:56:21,129 - INFO - Approaching target (error=0.147m), entering stabilization phase
2025-09-05 13:56:24,619 - INFO - Reached waypoint (error=0.080m, stable_count=30)
2025-09-05 13:56:25,219 - INFO - Waypoint3: absolute coordinates(0.500, 0.500, 0.400, yaw=90.0°)
2025-09-05 13:56:25,220 - INFO - Flying to coordinate: (0.500, 0.500, 0.400)
2025-09-05 13:56:25,920 - INFO - Approaching target (error=0.115m), entering stabilization phase
2025-09-05 13:56:26,920 - INFO - Reached waypoint (error=0.060m, stable_count=30)
2025-09-05 13:56:27,520 - INFO - Waypoint4: absolute coordinates(0.000, 0.500, 0.400, yaw=90.0°)
2025-09-05 13:56:27,520 - INFO - Flying to coordinate: (0.000, 0.500, 0.400)
2025-09-05 13:56:28,220 - INFO - Approaching target (error=0.130m), entering stabilization phase
2025-09-05 13:56:28,710 - INFO - Reached waypoint (error=0.043m, stable_count=30)
2025-09-05 13:56:29,310 - INFO - Waypoint5: absolute coordinates(0.000, 0.000, 0.400, yaw=90.0°)
2025-09-05 13:56:29,310 - INFO - Flying to coordinate: (0.000, 0.000, 0.400)
2025-09-05 13:56:30,071 - INFO - Approaching target (error=0.116m), entering stabilization phase
2025-09-05 13:56:30,461 - INFO - Reached waypoint (error=0.034m, stable_count=30)
2025-09-05 13:56:31,061 - INFO - Returning to origin and landing...
2025-09-05 13:56:31,061 - INFO - Flying to coordinate: (0.000, 0.000, 0.200)
2025-09-05 13:56:31,421 - INFO - Approaching target (error=0.150m), entering stabilization phase
2025-09-05 13:56:32,861 - INFO - Reached waypoint (error=0.045m, stable_count=30)
2025-09-05 13:56:32,861 - INFO - Landing...
2025-09-05 13:56:32,862 - INFO - Landing complete
2025-09-05 13:56:32,867 - INFO - Have successfully stopped logging for id=6
2025-09-05 13:56:32,963 - INFO - Position manager stopped
2025-09-05 13:56:32,965 - INFO - Flight mission complete
2025-09-05 13:56:32,965 - INFO - Stopping data collector...
2025-09-05 13:56:32,967 - INFO - Collection complete - stats: {'created': 1825, 'complete': 1825, 'merged': 0, 'dropped': 0}
2025-09-05 13:56:32,975 - INFO - Have successfully stopped logging for id=4
2025-09-05 13:56:32,979 - INFO - Have successfully stopped logging for id=5
2025-09-05 13:56:33,031 - INFO - Data saved: training_data/square_med_20250905_135632.json
2025-09-05 13:56:33,031 - INFO - States: 1825, Commands: 1254, Duration: 18.2s
2025-09-05 13:56:33,031 - INFO - Successfully saved 1825 state data points
2025-09-05 13:56:33,031 - INFO - Successfully saved 1254 control commands
2025-09-05 13:56:33,031 - INFO - Closing link
2025-09-05 13:56:33,031 - INFO - Callback->Disconnected from [radio://0/80/2M/E7E7E7E7E6]
