2025-09-05 12:16:59,381 - INFO - === Fixed continuous data collector ===
2025-09-05 12:16:59,381 - INFO - Mission: square_small
2025-09-05 12:16:59,381 - INFO - Waypoints (absolute coordinates): [(0, 0, 0.3), (0.3, 0, 0.3), (0.3, 0.3, 0.3), (0, 0.3, 0.3), (0, 0, 0.3)]
2025-09-05 12:16:59,382 - INFO - Callback->Connection initialized[radio://0/80/2M/E7E7E7E7E6]
2025-09-05 12:16:59,632 - INFO - We are connected[radio://0/80/2M/E7E7E7E7E6], request connection setup
2025-09-05 12:16:59,633 - INFO - Request _request_protocol_version()
2025-09-05 12:16:59,636 - INFO - Callback->Connected to [radio://0/80/2M/E7E7E7E7E6]
2025-09-05 12:16:59,640 - INFO - _crt_service_callback
2025-09-05 12:16:59,640 - INFO - Request protocol version
2025-09-05 12:16:59,644 - INFO - _platform_callback
2025-09-05 12:16:59,644 - INFO - Protocol version (platform): 9
2025-09-05 12:16:59,656 - INFO - TOC for port [5] found in cache
2025-09-05 12:16:59,656 - INFO - Log TOC finished updating
2025-09-05 12:16:59,660 - INFO - 6 memories found
2025-09-05 12:16:59,734 - INFO - Memories finished updating
2025-09-05 12:16:59,740 - INFO - TOC for port [2] found in cache
2025-09-05 12:17:00,186 - INFO - Param TOC finished updating
2025-09-05 12:17:00,187 - INFO - Callback->Connection setup finished [radio://0/80/2M/E7E7E7E7E6]
2025-09-05 12:17:00,188 - INFO - Connected: radio://0/80/2M/E7E7E7E7E6
2025-09-05 12:17:00,200 - INFO - Have successfully started logging for id=1
2025-09-05 12:17:00,298 - INFO - Battery: 4.02V (safe)
2025-09-05 12:17:00,300 - INFO - Battery check passed: 4.02V
2025-09-05 12:17:00,301 - INFO - Initializing position estimator to origin...
2025-09-05 12:17:00,303 - INFO - Have successfully stopped logging for id=1
2025-09-05 12:17:00,305 - INFO - Have successfully deleted id=1
2025-09-05 12:17:01,536 - INFO - All parameters updated
2025-09-05 12:17:01,536 - INFO - Callback->Connection completed [radio://0/80/2M/E7E7E7E7E6]
2025-09-05 12:17:01,642 - INFO - Have successfully started logging for id=2
2025-09-05 12:17:08,138 - INFO - Waiting for position estimator...
2025-09-05 12:17:08,141 - INFO - Have successfully stopped logging for id=2
2025-09-05 12:17:08,141 - INFO - Have successfully deleted id=2
2025-09-05 12:17:08,147 - INFO - Have successfully started logging for id=3
2025-09-05 12:17:09,144 - INFO - Position estimator ready
2025-09-05 12:17:09,145 - INFO - Controller parameters optimized
2025-09-05 12:17:09,148 - INFO - Have successfully stopped logging for id=3
2025-09-05 12:17:09,148 - INFO - Have successfully deleted id=3
2025-09-05 12:17:12,916 - INFO - Start collection (slot:10ms)
2025-09-05 12:17:12,917 - INFO - Data collector started
2025-09-05 12:17:12,918 - INFO - Position manager started
2025-09-05 12:17:12,924 - INFO - Have successfully started logging for id=4
2025-09-05 12:17:12,925 - INFO - Have successfully started logging for id=5
2025-09-05 12:17:12,927 - INFO - Have successfully started logging for id=6
2025-09-05 12:17:13,018 - INFO - Position manager data flow is normal
2025-09-05 12:17:15,018 - INFO - Current position: (-0.002, -0.028, 0.054, 90.2°)
2025-09-05 12:17:15,018 - INFO - Using absolute coordinate system, ignoring takeoff position offset
2025-09-05 12:17:16,018 - INFO - Pre-flight stabilization to first waypoint: (0.000, 0.000, 0.300)
2025-09-05 12:17:16,169 - INFO - Waypoint1: absolute coordinates(0.000, 0.000, 0.300, yaw=90.0°)
2025-09-05 12:17:16,169 - INFO - Flying to coordinate: (0.000, 0.000, 0.300)
2025-09-05 12:17:17,129 - INFO - Approaching target (error=0.148m), entering stabilization phase
2025-09-05 12:17:17,919 - INFO - Reached waypoint (error=0.052m, stable_count=30)
2025-09-05 12:17:18,519 - INFO - Waypoint2: absolute coordinates(0.300, 0.000, 0.300, yaw=90.0°)
2025-09-05 12:17:18,519 - INFO - Flying to coordinate: (0.300, 0.000, 0.300)
2025-09-05 12:17:19,229 - INFO - Approaching target (error=0.141m), entering stabilization phase
2025-09-05 12:17:21,119 - INFO - Reached waypoint (error=0.064m, stable_count=30)
2025-09-05 12:17:21,719 - INFO - Waypoint3: absolute coordinates(0.300, 0.300, 0.300, yaw=90.0°)
2025-09-05 12:17:21,719 - INFO - Flying to coordinate: (0.300, 0.300, 0.300)
2025-09-05 12:17:22,230 - INFO - Approaching target (error=0.141m), entering stabilization phase
2025-09-05 12:17:25,160 - INFO - Reached waypoint (error=0.046m, stable_count=30)
2025-09-05 12:17:25,760 - INFO - Waypoint4: absolute coordinates(0.000, 0.300, 0.300, yaw=90.0°)
2025-09-05 12:17:25,760 - INFO - Flying to coordinate: (0.000, 0.300, 0.300)
2025-09-05 12:17:26,320 - INFO - Approaching target (error=0.143m), entering stabilization phase
2025-09-05 12:17:27,510 - INFO - Reached waypoint (error=0.068m, stable_count=30)
2025-09-05 12:17:28,110 - INFO - Waypoint5: absolute coordinates(0.000, 0.000, 0.300, yaw=90.0°)
2025-09-05 12:17:28,110 - INFO - Flying to coordinate: (0.000, 0.000, 0.300)
2025-09-05 12:17:28,670 - INFO - Approaching target (error=0.137m), entering stabilization phase
2025-09-05 12:17:29,110 - INFO - Reached waypoint (error=0.045m, stable_count=30)
2025-09-05 12:17:29,711 - INFO - Returning to origin and landing...
2025-09-05 12:17:29,711 - INFO - Flying to coordinate: (0.000, 0.000, 0.200)
2025-09-05 12:17:29,921 - INFO - Approaching target (error=0.138m), entering stabilization phase
2025-09-05 12:17:30,861 - INFO - Reached waypoint (error=0.073m, stable_count=30)
2025-09-05 12:17:30,861 - INFO - Landing...
2025-09-05 12:17:30,862 - INFO - Landing complete
2025-09-05 12:17:30,866 - INFO - Have successfully stopped logging for id=6
2025-09-05 12:17:30,963 - INFO - Position manager stopped
2025-09-05 12:17:30,964 - INFO - Flight mission complete
2025-09-05 12:17:30,964 - INFO - Stopping data collector...
2025-09-05 12:17:30,966 - INFO - Collection complete - stats: {'created': 1805, 'complete': 1805, 'merged': 0, 'dropped': 0}
2025-09-05 12:17:30,982 - INFO - Have successfully stopped logging for id=4
2025-09-05 12:17:30,985 - INFO - Have successfully stopped logging for id=5
2025-09-05 12:17:31,028 - INFO - Data saved: training_data/square_small_20250905_121730.json
2025-09-05 12:17:31,028 - INFO - States: 1805, Commands: 1234, Duration: 18.0s
2025-09-05 12:17:31,029 - INFO - Successfully saved 1805 state data points
2025-09-05 12:17:31,029 - INFO - Successfully saved 1234 control commands
2025-09-05 12:17:31,029 - INFO - Closing link
2025-09-05 12:17:31,030 - INFO - Callback->Disconnected from [radio://0/80/2M/E7E7E7E7E6]
