2025-09-05 17:51:42,463 - INFO - === Fixed continuous data collector ===
2025-09-05 17:51:42,463 - INFO - Mission: triangle_large
2025-09-05 17:51:42,464 - INFO - Waypoints (absolute coordinates): [(0, 0, 0.6), (0.8, 0, 0.6), (0.4, 0.6, 0.6), (0, 0, 0.6)]
2025-09-05 17:51:42,464 - INFO - Callback->Connection initialized[radio://0/80/2M/E7E7E7E7E6]
2025-09-05 17:51:42,714 - INFO - We are connected[radio://0/80/2M/E7E7E7E7E6], request connection setup
2025-09-05 17:51:42,715 - INFO - Request _request_protocol_version()
2025-09-05 17:51:42,716 - INFO - Callback->Connected to [radio://0/80/2M/E7E7E7E7E6]
2025-09-05 17:51:42,722 - INFO - _crt_service_callback
2025-09-05 17:51:42,722 - INFO - Request protocol version
2025-09-05 17:51:42,726 - INFO - _platform_callback
2025-09-05 17:51:42,726 - INFO - Protocol version (platform): 9
2025-09-05 17:51:42,736 - INFO - TOC for port [5] found in cache
2025-09-05 17:51:42,736 - INFO - Log TOC finished updating
2025-09-05 17:51:42,739 - INFO - 6 memories found
2025-09-05 17:51:42,814 - INFO - Memories finished updating
2025-09-05 17:51:42,819 - INFO - TOC for port [2] found in cache
2025-09-05 17:51:43,256 - INFO - Param TOC finished updating
2025-09-05 17:51:43,256 - INFO - Callback->Connection setup finished [radio://0/80/2M/E7E7E7E7E6]
2025-09-05 17:51:43,257 - INFO - Connected: radio://0/80/2M/E7E7E7E7E6
2025-09-05 17:51:43,266 - INFO - Have successfully started logging for id=1
2025-09-05 17:51:43,365 - INFO - Battery: 3.81V (safe)
2025-09-05 17:51:43,366 - INFO - Battery check passed: 3.81V
2025-09-05 17:51:43,366 - INFO - Initializing position estimator to origin...
2025-09-05 17:51:43,369 - INFO - Have successfully stopped logging for id=1
2025-09-05 17:51:43,370 - INFO - Have successfully deleted id=1
2025-09-05 17:51:44,373 - INFO - All parameters updated
2025-09-05 17:51:44,373 - INFO - Callback->Connection completed [radio://0/80/2M/E7E7E7E7E6]
2025-09-05 17:51:44,484 - INFO - Have successfully started logging for id=2
2025-09-05 17:51:50,977 - INFO - Waiting for position estimator...
2025-09-05 17:51:50,979 - INFO - Have successfully stopped logging for id=2
2025-09-05 17:51:50,982 - INFO - Have successfully deleted id=2
2025-09-05 17:51:50,986 - INFO - Have successfully started logging for id=3
2025-09-05 17:51:51,984 - INFO - Position estimator ready
2025-09-05 17:51:51,985 - INFO - Controller parameters optimized
2025-09-05 17:51:51,987 - INFO - Have successfully stopped logging for id=3
2025-09-05 17:51:51,990 - INFO - Have successfully deleted id=3
2025-09-05 17:51:54,697 - INFO - Start collection (slot:10ms)
2025-09-05 17:51:54,698 - INFO - Data collector started
2025-09-05 17:51:54,699 - INFO - Position manager started
2025-09-05 17:51:54,707 - INFO - Have successfully started logging for id=4
2025-09-05 17:51:54,708 - INFO - Have successfully started logging for id=5
2025-09-05 17:51:54,710 - INFO - Have successfully started logging for id=6
2025-09-05 17:51:54,799 - INFO - Position manager data flow is normal
2025-09-05 17:51:56,800 - INFO - Current position: (-0.015, 0.002, 0.040, 90.7°)
2025-09-05 17:51:56,800 - INFO - Using absolute coordinate system, ignoring takeoff position offset
2025-09-05 17:51:57,800 - INFO - Pre-flight stabilization to first waypoint: (0.000, 0.000, 0.600)
2025-09-05 17:51:57,951 - INFO - Waypoint1: absolute coordinates(0.000, 0.000, 0.600, yaw=90.0°)
2025-09-05 17:51:57,951 - INFO - Flying to coordinate: (0.000, 0.000, 0.600)
2025-09-05 17:52:07,951 - WARNING - Waypoint timeout 10.0s (final error may still be acceptable)
2025-09-05 17:52:07,951 - WARNING - Waypoint1 not fully reached, continuing execution
2025-09-05 17:52:08,552 - INFO - Waypoint2: absolute coordinates(0.800, 0.000, 0.600, yaw=90.0°)
2025-09-05 17:52:08,552 - INFO - Flying to coordinate: (0.800, 0.000, 0.600)
2025-09-05 17:52:09,658 - INFO - Have successfully stopped logging for id=6
2025-09-05 17:52:09,754 - INFO - Position manager stopped
2025-09-05 17:52:09,758 - INFO - Stopping data collector...
2025-09-05 17:52:09,759 - INFO - Collection complete - stats: {'created': 1507, 'complete': 1505, 'merged': 0, 'dropped': 1}
2025-09-05 17:52:09,765 - INFO - Have successfully stopped logging for id=4
2025-09-05 17:52:09,768 - INFO - Have successfully stopped logging for id=5
2025-09-05 17:52:09,812 - INFO - Data saved: training_data/triangle_large_20250905_175209.json
2025-09-05 17:52:09,813 - INFO - States: 1505, Commands: 1137, Duration: 15.1s
2025-09-05 17:52:09,813 - INFO - Successfully saved 1505 state data points
2025-09-05 17:52:09,813 - INFO - Successfully saved 1137 control commands
2025-09-05 17:52:09,813 - INFO - Closing link
2025-09-05 17:52:09,813 - INFO - Callback->Disconnected from [radio://0/80/2M/E7E7E7E7E6]
2025-09-05 17:52:09,895 - INFO - User interrupted
