2025-09-05 17:07:20,803 - INFO - === Fixed continuous data collector ===
2025-09-05 17:07:20,803 - INFO - Mission: triangle_large
2025-09-05 17:07:20,803 - INFO - Waypoints (absolute coordinates): [(0, 0, 0.6), (0.8, 0, 0.6), (0.4, 0.6, 0.6), (0, 0, 0.6)]
2025-09-05 17:07:20,803 - INFO - Callback->Connection initialized[radio://0/80/2M/E7E7E7E7E6]
2025-09-05 17:07:21,053 - INFO - We are connected[radio://0/80/2M/E7E7E7E7E6], request connection setup
2025-09-05 17:07:21,053 - INFO - Request _request_protocol_version()
2025-09-05 17:07:21,056 - INFO - Callback->Connected to [radio://0/80/2M/E7E7E7E7E6]
2025-09-05 17:07:21,060 - INFO - _crt_service_callback
2025-09-05 17:07:21,060 - INFO - Request protocol version
2025-09-05 17:07:21,064 - INFO - _platform_callback
2025-09-05 17:07:21,064 - INFO - Protocol version (platform): 9
2025-09-05 17:07:21,075 - INFO - TOC for port [5] found in cache
2025-09-05 17:07:21,075 - INFO - Log TOC finished updating
2025-09-05 17:07:21,081 - INFO - 6 memories found
2025-09-05 17:07:21,162 - INFO - Memories finished updating
2025-09-05 17:07:21,170 - INFO - TOC for port [2] found in cache
2025-09-05 17:07:21,654 - INFO - Param TOC finished updating
2025-09-05 17:07:21,654 - INFO - Callback->Connection setup finished [radio://0/80/2M/E7E7E7E7E6]
2025-09-05 17:07:21,655 - INFO - Connected: radio://0/80/2M/E7E7E7E7E6
2025-09-05 17:07:21,663 - INFO - Have successfully started logging for id=1
2025-09-05 17:07:21,763 - INFO - Battery: 3.89V (safe)
2025-09-05 17:07:21,764 - INFO - Battery check passed: 3.89V
2025-09-05 17:07:21,764 - INFO - Initializing position estimator to origin...
2025-09-05 17:07:21,768 - INFO - Have successfully stopped logging for id=1
2025-09-05 17:07:21,769 - INFO - Have successfully deleted id=1
2025-09-05 17:07:22,899 - INFO - All parameters updated
2025-09-05 17:07:22,899 - INFO - Callback->Connection completed [radio://0/80/2M/E7E7E7E7E6]
2025-09-05 17:07:23,008 - INFO - Have successfully started logging for id=2
2025-09-05 17:07:29,505 - INFO - Waiting for position estimator...
2025-09-05 17:07:29,508 - INFO - Have successfully stopped logging for id=2
2025-09-05 17:07:29,509 - INFO - Have successfully deleted id=2
2025-09-05 17:07:29,518 - INFO - Have successfully started logging for id=3
2025-09-05 17:07:30,517 - INFO - Position estimator ready
2025-09-05 17:07:30,518 - INFO - Controller parameters optimized
2025-09-05 17:07:30,520 - INFO - Have successfully stopped logging for id=3
2025-09-05 17:07:30,521 - INFO - Have successfully deleted id=3
2025-09-05 17:07:33,017 - INFO - Start collection (slot:10ms)
2025-09-05 17:07:33,018 - INFO - Data collector started
2025-09-05 17:07:33,019 - INFO - Position manager started
2025-09-05 17:07:33,025 - INFO - Have successfully started logging for id=4
2025-09-05 17:07:33,026 - INFO - Have successfully started logging for id=5
2025-09-05 17:07:33,030 - INFO - Have successfully started logging for id=6
2025-09-05 17:07:33,120 - INFO - Position manager data flow is normal
2025-09-05 17:07:35,120 - INFO - Current position: (-0.026, 0.023, 0.003, 89.6°)
2025-09-05 17:07:35,120 - INFO - Using absolute coordinate system, ignoring takeoff position offset
2025-09-05 17:07:36,120 - INFO - Pre-flight stabilization to first waypoint: (0.000, 0.000, 0.600)
2025-09-05 17:07:36,270 - INFO - Waypoint1: absolute coordinates(0.000, 0.000, 0.600, yaw=90.0°)
2025-09-05 17:07:36,271 - INFO - Flying to coordinate: (0.000, 0.000, 0.600)
2025-09-05 17:07:37,281 - INFO - Approaching target (error=0.144m), entering stabilization phase
2025-09-05 17:07:37,645 - WARNING - Control timing drift detected - resyncing
2025-09-05 17:07:37,798 - INFO - Reached waypoint (error=0.029m, stable_count=30)
2025-09-05 17:07:38,398 - INFO - Waypoint2: absolute coordinates(0.800, 0.000, 0.600, yaw=90.0°)
2025-09-05 17:07:38,398 - INFO - Flying to coordinate: (0.800, 0.000, 0.600)
2025-09-05 17:07:39,428 - INFO - Approaching target (error=0.135m), entering stabilization phase
2025-09-05 17:07:41,068 - INFO - Reached waypoint (error=0.051m, stable_count=30)
2025-09-05 17:07:41,671 - INFO - Waypoint3: absolute coordinates(0.400, 0.600, 0.600, yaw=90.0°)
2025-09-05 17:07:41,671 - INFO - Flying to coordinate: (0.400, 0.600, 0.600)
2025-09-05 17:07:42,431 - INFO - Approaching target (error=0.143m), entering stabilization phase
2025-09-05 17:07:44,161 - INFO - Reached waypoint (error=0.044m, stable_count=30)
2025-09-05 17:07:44,761 - INFO - Waypoint4: absolute coordinates(0.000, 0.000, 0.600, yaw=90.0°)
2025-09-05 17:07:44,761 - INFO - Flying to coordinate: (0.000, 0.000, 0.600)
2025-09-05 17:07:46,671 - INFO - Approaching target (error=0.145m), entering stabilization phase
2025-09-05 17:07:47,271 - INFO - Reached waypoint (error=0.048m, stable_count=30)
2025-09-05 17:07:47,871 - INFO - Returning to origin and landing...
2025-09-05 17:07:47,871 - INFO - Flying to coordinate: (0.000, 0.000, 0.200)
2025-09-05 17:07:48,722 - INFO - Approaching target (error=0.145m), entering stabilization phase
2025-09-05 17:07:51,262 - INFO - Reached waypoint (error=0.071m, stable_count=30)
2025-09-05 17:07:51,262 - INFO - Landing...
2025-09-05 17:07:51,262 - INFO - Landing complete
2025-09-05 17:07:51,268 - INFO - Have successfully stopped logging for id=6
2025-09-05 17:07:51,365 - INFO - Position manager stopped
2025-09-05 17:07:51,366 - INFO - Flight mission complete
2025-09-05 17:07:51,366 - INFO - Stopping data collector...
2025-09-05 17:07:51,368 - INFO - Collection complete - stats: {'created': 1835, 'complete': 1835, 'merged': 0, 'dropped': 0}
2025-09-05 17:07:51,374 - INFO - Have successfully stopped logging for id=4
2025-09-05 17:07:51,380 - INFO - Have successfully stopped logging for id=5
2025-09-05 17:07:51,432 - INFO - Data saved: training_data/triangle_large_20250905_170751.json
2025-09-05 17:07:51,432 - INFO - States: 1835, Commands: 1312, Duration: 18.3s
2025-09-05 17:07:51,432 - INFO - Successfully saved 1835 state data points
2025-09-05 17:07:51,432 - INFO - Successfully saved 1312 control commands
2025-09-05 17:07:51,432 - INFO - Closing link
2025-09-05 17:07:51,433 - INFO - Callback->Disconnected from [radio://0/80/2M/E7E7E7E7E6]
