2025-09-04 14:06:40,957 - INFO - === Fixed continuous data collector ===
2025-09-04 14:06:40,957 - INFO - Mission: vertical_med
2025-09-04 14:06:40,957 - INFO - Waypoints (absolute coordinates): [(0, 0, 0.4), (0, 0, 0.8), (0, 0, 0.4)]
2025-09-04 14:06:40,958 - INFO - Callback->Connection initialized[radio://0/80/2M/E7E7E7E7E6]
2025-09-04 14:06:41,208 - INFO - We are connected[radio://0/80/2M/E7E7E7E7E6], request connection setup
2025-09-04 14:06:41,209 - INFO - Request _request_protocol_version()
2025-09-04 14:06:41,211 - INFO - Callback->Connected to [radio://0/80/2M/E7E7E7E7E6]
2025-09-04 14:06:41,217 - INFO - _crt_service_callback
2025-09-04 14:06:41,217 - INFO - Request protocol version
2025-09-04 14:06:41,222 - INFO - _platform_callback
2025-09-04 14:06:41,222 - INFO - Protocol version (platform): 9
2025-09-04 14:06:41,236 - INFO - TOC for port [5] found in cache
2025-09-04 14:06:41,236 - INFO - Log TOC finished updating
2025-09-04 14:06:41,242 - INFO - 6 memories found
2025-09-04 14:06:41,326 - INFO - Memories finished updating
2025-09-04 14:06:41,332 - INFO - TOC for port [2] found in cache
2025-09-04 14:06:42,007 - INFO - Param TOC finished updating
2025-09-04 14:06:42,007 - INFO - Callback->Connection setup finished [radio://0/80/2M/E7E7E7E7E6]
2025-09-04 14:06:42,008 - INFO - Connected: radio://0/80/2M/E7E7E7E7E6
2025-09-04 14:06:42,020 - INFO - Have successfully started logging for id=1
2025-09-04 14:06:42,119 - INFO - Battery: 3.96V (safe)
2025-09-04 14:06:42,119 - INFO - Battery check passed: 3.96V
2025-09-04 14:06:42,119 - INFO - Initializing position estimator to origin...
2025-09-04 14:06:42,124 - INFO - Have successfully stopped logging for id=1
2025-09-04 14:06:42,125 - INFO - Have successfully deleted id=1
2025-09-04 14:06:43,499 - INFO - All parameters updated
2025-09-04 14:06:43,499 - INFO - Callback->Connection completed [radio://0/80/2M/E7E7E7E7E6]
2025-09-04 14:06:43,607 - INFO - Have successfully started logging for id=2
2025-09-04 14:06:50,105 - INFO - Waiting for position estimator...
2025-09-04 14:06:50,108 - INFO - Have successfully stopped logging for id=2
2025-09-04 14:06:50,109 - INFO - Have successfully deleted id=2
2025-09-04 14:06:50,114 - INFO - Have successfully started logging for id=3
2025-09-04 14:06:51,113 - INFO - Position estimator ready
2025-09-04 14:06:51,114 - INFO - Controller parameters optimized
2025-09-04 14:06:51,117 - INFO - Have successfully stopped logging for id=3
2025-09-04 14:06:51,118 - INFO - Have successfully deleted id=3
2025-09-04 14:06:54,395 - INFO - Start collection (slot:10ms)
2025-09-04 14:06:54,397 - INFO - Data collector started
2025-09-04 14:06:54,398 - INFO - Position manager started
2025-09-04 14:06:54,404 - INFO - Have successfully started logging for id=4
2025-09-04 14:06:54,407 - INFO - Have successfully started logging for id=5
2025-09-04 14:06:54,407 - INFO - Have successfully started logging for id=6
2025-09-04 14:06:54,498 - INFO - Position manager data flow is normal
2025-09-04 14:06:56,499 - INFO - Current position: (0.018, 0.062, 0.001, 90.8째)
2025-09-04 14:06:56,499 - INFO - Using absolute coordinate system, ignoring takeoff position offset
2025-09-04 14:06:57,499 - INFO - Pre-flight stabilization to first waypoint: (0.000, 0.000, 0.400)
2025-09-04 14:06:57,649 - INFO - Waypoint1: absolute coordinates(0.000, 0.000, 0.400, yaw=90.0째)
2025-09-04 14:06:57,649 - INFO - Flying to coordinate: (0.000, 0.000, 0.400)
2025-09-04 14:06:58,709 - INFO - Approaching target (error=0.146m), entering stabilization phase
2025-09-04 14:06:59,299 - INFO - Reached waypoint (error=0.047m, stable_count=30)
2025-09-04 14:06:59,900 - INFO - Waypoint2: absolute coordinates(0.000, 0.000, 0.800, yaw=90.0째)
2025-09-04 14:06:59,900 - INFO - Flying to coordinate: (0.000, 0.000, 0.800)
2025-09-04 14:07:00,460 - INFO - Approaching target (error=0.148m), entering stabilization phase
2025-09-04 14:07:04,100 - INFO - Reached waypoint (error=0.075m, stable_count=30)
2025-09-04 14:07:04,700 - INFO - Waypoint3: absolute coordinates(0.000, 0.000, 0.400, yaw=90.0째)
2025-09-04 14:07:04,700 - INFO - Flying to coordinate: (0.000, 0.000, 0.400)
2025-09-04 14:07:05,550 - INFO - Approaching target (error=0.139m), entering stabilization phase
2025-09-04 14:07:06,190 - INFO - Reached waypoint (error=0.047m, stable_count=30)
2025-09-04 14:07:06,790 - INFO - Returning to origin and landing...
2025-09-04 14:07:06,791 - INFO - Flying to coordinate: (0.000, 0.000, 0.200)
2025-09-04 14:07:07,051 - INFO - Approaching target (error=0.150m), entering stabilization phase
2025-09-04 14:07:07,641 - INFO - Reached waypoint (error=0.041m, stable_count=30)
2025-09-04 14:07:07,641 - INFO - Landing...
2025-09-04 14:07:07,641 - INFO - Landing complete
2025-09-04 14:07:07,646 - INFO - Have successfully stopped logging for id=6
2025-09-04 14:07:07,742 - INFO - Position manager stopped
2025-09-04 14:07:07,744 - INFO - Flight mission complete
2025-09-04 14:07:07,744 - INFO - Stopping data collector...
2025-09-04 14:07:07,746 - INFO - Collection complete - stats: {'created': 1335, 'complete': 1334, 'merged': 0, 'dropped': 0}
2025-09-04 14:07:07,752 - INFO - Have successfully stopped logging for id=4
2025-09-04 14:07:07,752 - INFO - Have successfully stopped logging for id=5
2025-09-04 14:07:07,793 - INFO - Data saved: training_data/vertical_med_20250904_140707.json
2025-09-04 14:07:07,793 - INFO - States: 1334, Commands: 864, Duration: 13.3s
2025-09-04 14:07:07,793 - INFO - Successfully saved 1334 state data points
2025-09-04 14:07:07,793 - INFO - Successfully saved 864 control commands
2025-09-04 14:07:07,793 - INFO - Closing link
2025-09-04 14:07:07,794 - INFO - Callback->Disconnected from [radio://0/80/2M/E7E7E7E7E6]
