2025-09-04 13:19:59,030 - INFO - === Fixed continuous data collector ===
2025-09-04 13:19:59,030 - INFO - Mission: vertical_small
2025-09-04 13:19:59,030 - INFO - Waypoints (absolute coordinates): [(0, 0, 0.3), (0, 0, 0.6), (0, 0, 0.9), (0, 0, 0.6), (0, 0, 0.3)]
2025-09-04 13:19:59,031 - INFO - Callback->Connection initialized[radio://0/80/2M/E7E7E7E7E6]
2025-09-04 13:19:59,280 - INFO - We are connected[radio://0/80/2M/E7E7E7E7E6], request connection setup
2025-09-04 13:19:59,281 - INFO - Request _request_protocol_version()
2025-09-04 13:19:59,285 - INFO - Callback->Connected to [radio://0/80/2M/E7E7E7E7E6]
2025-09-04 13:19:59,291 - INFO - _crt_service_callback
2025-09-04 13:19:59,291 - INFO - Request protocol version
2025-09-04 13:19:59,296 - INFO - _platform_callback
2025-09-04 13:19:59,296 - INFO - Protocol version (platform): 9
2025-09-04 13:19:59,307 - INFO - TOC for port [5] found in cache
2025-09-04 13:19:59,307 - INFO - Log TOC finished updating
2025-09-04 13:19:59,315 - INFO - 6 memories found
2025-09-04 13:19:59,399 - INFO - Memories finished updating
2025-09-04 13:19:59,407 - INFO - TOC for port [2] found in cache
2025-09-04 13:19:59,983 - INFO - Param TOC finished updating
2025-09-04 13:19:59,983 - INFO - Callback->Connection setup finished [radio://0/80/2M/E7E7E7E7E6]
2025-09-04 13:19:59,984 - INFO - Connected: radio://0/80/2M/E7E7E7E7E6
2025-09-04 13:19:59,995 - INFO - Have successfully started logging for id=1
2025-09-04 13:20:00,096 - INFO - Battery: 3.95V (safe)
2025-09-04 13:20:00,096 - INFO - Battery check passed: 3.95V
2025-09-04 13:20:00,096 - INFO - Initializing position estimator to origin...
2025-09-04 13:20:00,101 - INFO - Have successfully stopped logging for id=1
2025-09-04 13:20:00,102 - INFO - Have successfully deleted id=1
2025-09-04 13:20:01,350 - INFO - All parameters updated
2025-09-04 13:20:01,350 - INFO - Callback->Connection completed [radio://0/80/2M/E7E7E7E7E6]
2025-09-04 13:20:01,464 - INFO - Have successfully started logging for id=2
2025-09-04 13:20:07,958 - INFO - Waiting for position estimator...
2025-09-04 13:20:07,961 - INFO - Have successfully stopped logging for id=2
2025-09-04 13:20:07,962 - INFO - Have successfully deleted id=2
2025-09-04 13:20:07,966 - INFO - Have successfully started logging for id=3
2025-09-04 13:20:08,966 - INFO - Position estimator ready
2025-09-04 13:20:08,968 - INFO - Controller parameters optimized
2025-09-04 13:20:08,971 - INFO - Have successfully stopped logging for id=3
2025-09-04 13:20:08,973 - INFO - Have successfully deleted id=3
2025-09-04 13:20:10,993 - INFO - Start collection (slot:10ms)
2025-09-04 13:20:10,994 - INFO - Data collector started
2025-09-04 13:20:10,996 - INFO - Position manager started
2025-09-04 13:20:11,006 - INFO - Have successfully started logging for id=4
2025-09-04 13:20:11,007 - INFO - Have successfully started logging for id=5
2025-09-04 13:20:11,009 - INFO - Have successfully started logging for id=6
2025-09-04 13:20:11,096 - INFO - Position manager data flow is normal
2025-09-04 13:20:13,096 - INFO - Current position: (0.002, 0.066, 0.023, 90.3°)
2025-09-04 13:20:13,096 - INFO - Using absolute coordinate system, ignoring takeoff position offset
2025-09-04 13:20:14,096 - INFO - Pre-flight stabilization to first waypoint: (0.000, 0.000, 0.300)
2025-09-04 13:20:14,246 - INFO - Waypoint1: absolute coordinates(0.000, 0.000, 0.300, yaw=90.0°)
2025-09-04 13:20:14,246 - INFO - Flying to coordinate: (0.000, 0.000, 0.300)
2025-09-04 13:20:15,256 - INFO - Approaching target (error=0.146m), entering stabilization phase
2025-09-04 13:20:16,046 - INFO - Reached waypoint (error=0.065m, stable_count=30)
2025-09-04 13:20:16,647 - INFO - Waypoint2: absolute coordinates(0.000, 0.000, 0.600, yaw=90.0°)
2025-09-04 13:20:16,647 - INFO - Flying to coordinate: (0.000, 0.000, 0.600)
2025-09-04 13:20:17,107 - INFO - Approaching target (error=0.141m), entering stabilization phase
2025-09-04 13:20:19,447 - INFO - Reached waypoint (error=0.073m, stable_count=30)
2025-09-04 13:20:20,047 - INFO - Waypoint3: absolute coordinates(0.000, 0.000, 0.900, yaw=90.0°)
2025-09-04 13:20:20,047 - INFO - Flying to coordinate: (0.000, 0.000, 0.900)
2025-09-04 13:20:20,458 - INFO - Approaching target (error=0.138m), entering stabilization phase
2025-09-04 13:20:21,648 - INFO - Reached waypoint (error=0.072m, stable_count=30)
2025-09-04 13:20:22,248 - INFO - Waypoint4: absolute coordinates(0.000, 0.000, 0.600, yaw=90.0°)
2025-09-04 13:20:22,248 - INFO - Flying to coordinate: (0.000, 0.000, 0.600)
2025-09-04 13:20:23,158 - INFO - Approaching target (error=0.142m), entering stabilization phase
2025-09-04 13:20:23,848 - INFO - Reached waypoint (error=0.056m, stable_count=30)
2025-09-04 13:20:24,448 - INFO - Waypoint5: absolute coordinates(0.000, 0.000, 0.300, yaw=90.0°)
2025-09-04 13:20:24,448 - INFO - Flying to coordinate: (0.000, 0.000, 0.300)
2025-09-04 13:20:25,198 - INFO - Approaching target (error=0.141m), entering stabilization phase
2025-09-04 13:20:27,538 - INFO - Reached waypoint (error=0.060m, stable_count=30)
2025-09-04 13:20:28,139 - INFO - Returning to origin and landing...
2025-09-04 13:20:28,139 - INFO - Flying to coordinate: (0.000, 0.000, 0.200)
2025-09-04 13:20:28,139 - INFO - Approaching target (error=0.108m), entering stabilization phase
2025-09-04 13:20:28,639 - INFO - Reached waypoint (error=0.051m, stable_count=30)
2025-09-04 13:20:28,639 - INFO - Landing...
2025-09-04 13:20:28,639 - INFO - Landing complete
2025-09-04 13:20:28,646 - INFO - Have successfully stopped logging for id=6
2025-09-04 13:20:28,741 - INFO - Position manager stopped
2025-09-04 13:20:28,742 - INFO - Flight mission complete
2025-09-04 13:20:28,742 - INFO - Stopping data collector...
2025-09-04 13:20:28,744 - INFO - Collection complete - stats: {'created': 1775, 'complete': 1775, 'merged': 0, 'dropped': 0}
2025-09-04 13:20:28,752 - INFO - Have successfully stopped logging for id=4
2025-09-04 13:20:28,755 - INFO - Have successfully stopped logging for id=5
2025-09-04 13:20:28,807 - INFO - Data saved: training_data/vertical_small_20250904_132028.json
2025-09-04 13:20:28,807 - INFO - States: 1775, Commands: 1204, Duration: 17.7s
2025-09-04 13:20:28,807 - INFO - Successfully saved 1775 state data points
2025-09-04 13:20:28,807 - INFO - Successfully saved 1204 control commands
2025-09-04 13:20:28,807 - INFO - Closing link
2025-09-04 13:20:28,807 - INFO - Callback->Disconnected from [radio://0/80/2M/E7E7E7E7E6]
