2025-09-04 16:10:04,457 - INFO - === Fixed continuous data collector ===
2025-09-04 16:10:04,457 - INFO - Mission: vertical_large
2025-09-04 16:10:04,457 - INFO - Waypoints (absolute coordinates): [(0, 0, 0.5), (0, 0, 1.0), (0, 0, 0.5)]
2025-09-04 16:10:04,458 - INFO - Callback->Connection initialized[radio://0/80/2M/E7E7E7E7E6]
2025-09-04 16:10:04,708 - INFO - We are connected[radio://0/80/2M/E7E7E7E7E6], request connection setup
2025-09-04 16:10:04,708 - INFO - Request _request_protocol_version()
2025-09-04 16:10:04,711 - INFO - Callback->Connected to [radio://0/80/2M/E7E7E7E7E6]
2025-09-04 16:10:04,716 - INFO - _crt_service_callback
2025-09-04 16:10:04,716 - INFO - Request protocol version
2025-09-04 16:10:04,719 - INFO - _platform_callback
2025-09-04 16:10:04,719 - INFO - Protocol version (platform): 9
2025-09-04 16:10:04,730 - INFO - TOC for port [5] found in cache
2025-09-04 16:10:04,730 - INFO - Log TOC finished updating
2025-09-04 16:10:04,733 - INFO - 6 memories found
2025-09-04 16:10:04,809 - INFO - Memories finished updating
2025-09-04 16:10:04,816 - INFO - TOC for port [2] found in cache
2025-09-04 16:10:05,279 - INFO - Param TOC finished updating
2025-09-04 16:10:05,279 - INFO - Callback->Connection setup finished [radio://0/80/2M/E7E7E7E7E6]
2025-09-04 16:10:05,280 - INFO - Connected: radio://0/80/2M/E7E7E7E7E6
2025-09-04 16:10:05,291 - INFO - Have successfully started logging for id=1
2025-09-04 16:10:05,390 - INFO - Battery: 4.07V (safe)
2025-09-04 16:10:05,391 - INFO - Battery check passed: 4.07V
2025-09-04 16:10:05,391 - INFO - Initializing position estimator to origin...
2025-09-04 16:10:05,395 - INFO - Have successfully stopped logging for id=1
2025-09-04 16:10:05,396 - INFO - Have successfully deleted id=1
2025-09-04 16:10:06,476 - INFO - All parameters updated
2025-09-04 16:10:06,476 - INFO - Callback->Connection completed [radio://0/80/2M/E7E7E7E7E6]
2025-09-04 16:10:06,584 - INFO - Have successfully started logging for id=2
2025-09-04 16:10:13,081 - INFO - Waiting for position estimator...
2025-09-04 16:10:13,086 - INFO - Have successfully stopped logging for id=2
2025-09-04 16:10:13,087 - INFO - Have successfully deleted id=2
2025-09-04 16:10:13,092 - INFO - Have successfully started logging for id=3
2025-09-04 16:10:14,092 - INFO - Position estimator ready
2025-09-04 16:10:14,094 - INFO - Controller parameters optimized
2025-09-04 16:10:14,096 - INFO - Have successfully stopped logging for id=3
2025-09-04 16:10:14,097 - INFO - Have successfully deleted id=3
2025-09-04 16:10:26,577 - INFO - Start collection (slot:10ms)
2025-09-04 16:10:26,580 - INFO - Data collector started
2025-09-04 16:10:26,586 - INFO - Position manager started
2025-09-04 16:10:26,597 - INFO - Have successfully started logging for id=4
2025-09-04 16:10:26,598 - INFO - Have successfully started logging for id=5
2025-09-04 16:10:26,599 - INFO - Have successfully started logging for id=6
2025-09-04 16:10:26,687 - INFO - Position manager data flow is normal
2025-09-04 16:10:28,687 - INFO - Current position: (0.027, 0.030, 0.016, 89.0째)
2025-09-04 16:10:28,687 - INFO - Using absolute coordinate system, ignoring takeoff position offset
2025-09-04 16:10:29,687 - INFO - Pre-flight stabilization to first waypoint: (0.000, 0.000, 0.500)
2025-09-04 16:10:29,840 - INFO - Waypoint1: absolute coordinates(0.000, 0.000, 0.500, yaw=90.0째)
2025-09-04 16:10:29,840 - INFO - Flying to coordinate: (0.000, 0.000, 0.500)
2025-09-04 16:10:30,900 - INFO - Approaching target (error=0.137m), entering stabilization phase
2025-09-04 16:10:31,390 - INFO - Reached waypoint (error=0.018m, stable_count=30)
2025-09-04 16:10:31,990 - INFO - Waypoint2: absolute coordinates(0.000, 0.000, 1.000, yaw=90.0째)
2025-09-04 16:10:31,990 - INFO - Flying to coordinate: (0.000, 0.000, 1.000)
2025-09-04 16:10:32,550 - INFO - Approaching target (error=0.149m), entering stabilization phase
2025-09-04 16:10:33,040 - INFO - Reached waypoint (error=0.076m, stable_count=30)
2025-09-04 16:10:33,641 - INFO - Waypoint3: absolute coordinates(0.000, 0.000, 0.500, yaw=90.0째)
2025-09-04 16:10:33,641 - INFO - Flying to coordinate: (0.000, 0.000, 0.500)
2025-09-04 16:10:34,551 - INFO - Approaching target (error=0.146m), entering stabilization phase
2025-09-04 16:10:35,091 - INFO - Reached waypoint (error=0.040m, stable_count=30)
2025-09-04 16:10:35,691 - INFO - Returning to origin and landing...
2025-09-04 16:10:35,691 - INFO - Flying to coordinate: (0.000, 0.000, 0.200)
2025-09-04 16:10:36,461 - INFO - Approaching target (error=0.148m), entering stabilization phase
2025-09-04 16:10:37,131 - INFO - Reached waypoint (error=0.062m, stable_count=30)
2025-09-04 16:10:37,131 - INFO - Landing...
2025-09-04 16:10:37,132 - INFO - Landing complete
2025-09-04 16:10:37,136 - INFO - Have successfully stopped logging for id=6
2025-09-04 16:10:37,233 - INFO - Position manager stopped
2025-09-04 16:10:37,234 - INFO - Flight mission complete
2025-09-04 16:10:37,234 - INFO - Stopping data collector...
2025-09-04 16:10:37,236 - INFO - Collection complete - stats: {'created': 1064, 'complete': 1064, 'merged': 0, 'dropped': 0}
2025-09-04 16:10:37,243 - INFO - Have successfully stopped logging for id=4
2025-09-04 16:10:37,247 - INFO - Have successfully stopped logging for id=5
2025-09-04 16:10:37,273 - INFO - Data saved: training_data/vertical_large_20250904_161037.json
2025-09-04 16:10:37,273 - INFO - States: 1064, Commands: 596, Duration: 10.7s
2025-09-04 16:10:37,273 - INFO - Successfully saved 1064 state data points
2025-09-04 16:10:37,273 - INFO - Successfully saved 596 control commands
2025-09-04 16:10:37,273 - INFO - Closing link
2025-09-04 16:10:37,274 - INFO - Callback->Disconnected from [radio://0/80/2M/E7E7E7E7E6]
