2025-09-04 12:33:24,796 - INFO - === Fixed continuous data collector ===
2025-09-04 12:33:24,796 - INFO - Mission: vertical_small
2025-09-04 12:33:24,796 - INFO - Waypoints (absolute coordinates): [(0, 0, 0.3), (0, 0, 0.6), (0, 0, 0.9), (0, 0, 0.6), (0, 0, 0.3)]
2025-09-04 12:33:24,796 - INFO - Callback->Connection initialized[radio://0/80/2M/E7E7E7E7E6]
2025-09-04 12:33:25,047 - INFO - We are connected[radio://0/80/2M/E7E7E7E7E6], request connection setup
2025-09-04 12:33:25,047 - INFO - Request _request_protocol_version()
2025-09-04 12:33:25,050 - INFO - Callback->Connected to [radio://0/80/2M/E7E7E7E7E6]
2025-09-04 12:33:25,054 - INFO - _crt_service_callback
2025-09-04 12:33:25,054 - INFO - Request protocol version
2025-09-04 12:33:25,058 - INFO - _platform_callback
2025-09-04 12:33:25,058 - INFO - Protocol version (platform): 9
2025-09-04 12:33:25,071 - INFO - TOC for port [5] found in cache
2025-09-04 12:33:25,071 - INFO - Log TOC finished updating
2025-09-04 12:33:25,074 - INFO - 6 memories found
2025-09-04 12:33:25,154 - INFO - Memories finished updating
2025-09-04 12:33:25,159 - INFO - TOC for port [2] found in cache
2025-09-04 12:33:25,712 - INFO - Param TOC finished updating
2025-09-04 12:33:25,712 - INFO - Callback->Connection setup finished [radio://0/80/2M/E7E7E7E7E6]
2025-09-04 12:33:25,713 - INFO - Connected: radio://0/80/2M/E7E7E7E7E6
2025-09-04 12:33:25,731 - INFO - Have successfully started logging for id=1
2025-09-04 12:33:25,831 - INFO - Battery: 3.89V (safe)
2025-09-04 12:33:25,833 - INFO - Battery check passed: 3.89V
2025-09-04 12:33:25,833 - INFO - Initializing position estimator to origin...
2025-09-04 12:33:25,840 - INFO - Have successfully stopped logging for id=1
2025-09-04 12:33:25,843 - INFO - Have successfully deleted id=1
2025-09-04 12:33:27,599 - INFO - All parameters updated
2025-09-04 12:33:27,599 - INFO - Callback->Connection completed [radio://0/80/2M/E7E7E7E7E6]
2025-09-04 12:33:27,710 - INFO - Have successfully started logging for id=2
2025-09-04 12:33:34,207 - INFO - Waiting for position estimator...
2025-09-04 12:33:34,210 - INFO - Have successfully stopped logging for id=2
2025-09-04 12:33:34,211 - INFO - Have successfully deleted id=2
2025-09-04 12:33:34,219 - INFO - Have successfully started logging for id=3
2025-09-04 12:33:35,218 - INFO - Position estimator ready
2025-09-04 12:33:35,218 - INFO - Controller parameters optimized
2025-09-04 12:33:35,221 - INFO - Have successfully stopped logging for id=3
2025-09-04 12:33:35,222 - INFO - Have successfully deleted id=3
2025-09-04 12:33:37,845 - INFO - Start collection (slot:10ms)
2025-09-04 12:33:37,846 - INFO - Data collector started
2025-09-04 12:33:37,849 - INFO - Position manager started
2025-09-04 12:33:37,857 - INFO - Have successfully started logging for id=4
2025-09-04 12:33:37,858 - INFO - Have successfully started logging for id=5
2025-09-04 12:33:37,862 - INFO - Have successfully started logging for id=6
2025-09-04 12:33:37,949 - INFO - Position manager data flow is normal
2025-09-04 12:33:39,950 - INFO - Current position: (0.045, 0.070, -0.008, 90.1°)
2025-09-04 12:33:39,950 - INFO - Using absolute coordinate system, ignoring takeoff position offset
2025-09-04 12:33:40,950 - INFO - Pre-flight stabilization to first waypoint: (0.000, 0.000, 0.300)
2025-09-04 12:33:41,100 - INFO - Waypoint1: absolute coordinates(0.000, 0.000, 0.300, yaw=90.0°)
2025-09-04 12:33:41,100 - INFO - Flying to coordinate: (0.000, 0.000, 0.300)
2025-09-04 12:33:42,260 - INFO - Approaching target (error=0.144m), entering stabilization phase
2025-09-04 12:33:45,900 - INFO - Reached waypoint (error=0.066m, stable_count=30)
2025-09-04 12:33:46,501 - INFO - Waypoint2: absolute coordinates(0.000, 0.000, 0.600, yaw=90.0°)
2025-09-04 12:33:46,501 - INFO - Flying to coordinate: (0.000, 0.000, 0.600)
2025-09-04 12:33:47,061 - INFO - Approaching target (error=0.136m), entering stabilization phase
2025-09-04 12:33:47,601 - INFO - Reached waypoint (error=0.021m, stable_count=30)
2025-09-04 12:33:48,201 - INFO - Waypoint3: absolute coordinates(0.000, 0.000, 0.900, yaw=90.0°)
2025-09-04 12:33:48,201 - INFO - Flying to coordinate: (0.000, 0.000, 0.900)
2025-09-04 12:33:48,561 - INFO - Approaching target (error=0.149m), entering stabilization phase
2025-09-04 12:33:49,141 - INFO - Reached waypoint (error=0.019m, stable_count=30)
2025-09-04 12:33:49,742 - INFO - Waypoint4: absolute coordinates(0.000, 0.000, 0.600, yaw=90.0°)
2025-09-04 12:33:49,742 - INFO - Flying to coordinate: (0.000, 0.000, 0.600)
2025-09-04 12:33:50,653 - INFO - Approaching target (error=0.142m), entering stabilization phase
2025-09-04 12:33:51,293 - INFO - Reached waypoint (error=0.057m, stable_count=30)
2025-09-04 12:33:51,893 - INFO - Waypoint5: absolute coordinates(0.000, 0.000, 0.300, yaw=90.0°)
2025-09-04 12:33:51,893 - INFO - Flying to coordinate: (0.000, 0.000, 0.300)
2025-09-04 12:33:52,503 - INFO - Approaching target (error=0.140m), entering stabilization phase
2025-09-04 12:33:53,143 - INFO - Reached waypoint (error=0.049m, stable_count=30)
2025-09-04 12:33:53,745 - INFO - Returning to origin and landing...
2025-09-04 12:33:53,745 - INFO - Flying to coordinate: (0.000, 0.000, 0.200)
2025-09-04 12:33:53,745 - INFO - Approaching target (error=0.076m), entering stabilization phase
2025-09-04 12:33:54,045 - INFO - Reached waypoint (error=0.052m, stable_count=30)
2025-09-04 12:33:54,045 - INFO - Landing...
2025-09-04 12:33:54,045 - INFO - Landing complete
2025-09-04 12:33:54,052 - INFO - Have successfully stopped logging for id=6
2025-09-04 12:33:54,147 - INFO - Position manager stopped
2025-09-04 12:33:54,148 - INFO - Flight mission complete
2025-09-04 12:33:54,149 - INFO - Stopping data collector...
2025-09-04 12:33:54,151 - INFO - Collection complete - stats: {'created': 1630, 'complete': 1630, 'merged': 0, 'dropped': 0}
2025-09-04 12:33:54,162 - INFO - Have successfully stopped logging for id=4
2025-09-04 12:33:54,164 - INFO - Have successfully stopped logging for id=5
2025-09-04 12:33:54,208 - INFO - Data saved: training_data/vertical_small_20250904_123354.json
2025-09-04 12:33:54,208 - INFO - States: 1630, Commands: 1061, Duration: 16.3s
2025-09-04 12:33:54,208 - INFO - Successfully saved 1630 state data points
2025-09-04 12:33:54,208 - INFO - Successfully saved 1061 control commands
2025-09-04 12:33:54,209 - INFO - Closing link
2025-09-04 12:33:54,209 - INFO - Callback->Disconnected from [radio://0/80/2M/E7E7E7E7E6]
