2025-09-05 12:17:59,925 - INFO - === Fixed continuous data collector ===
2025-09-05 12:17:59,925 - INFO - Mission: square_small
2025-09-05 12:17:59,926 - INFO - Waypoints (absolute coordinates): [(0, 0, 0.3), (0.3, 0, 0.3), (0.3, 0.3, 0.3), (0, 0.3, 0.3), (0, 0, 0.3)]
2025-09-05 12:17:59,926 - INFO - Callback->Connection initialized[radio://0/80/2M/E7E7E7E7E6]
2025-09-05 12:18:00,178 - INFO - We are connected[radio://0/80/2M/E7E7E7E7E6], request connection setup
2025-09-05 12:18:00,179 - INFO - Request _request_protocol_version()
2025-09-05 12:18:00,183 - INFO - Callback->Connected to [radio://0/80/2M/E7E7E7E7E6]
2025-09-05 12:18:00,188 - INFO - _crt_service_callback
2025-09-05 12:18:00,188 - INFO - Request protocol version
2025-09-05 12:18:00,193 - INFO - _platform_callback
2025-09-05 12:18:00,193 - INFO - Protocol version (platform): 9
2025-09-05 12:18:00,207 - INFO - TOC for port [5] found in cache
2025-09-05 12:18:00,207 - INFO - Log TOC finished updating
2025-09-05 12:18:00,211 - INFO - 6 memories found
2025-09-05 12:18:00,297 - INFO - Memories finished updating
2025-09-05 12:18:00,302 - INFO - TOC for port [2] found in cache
2025-09-05 12:18:00,807 - INFO - Param TOC finished updating
2025-09-05 12:18:00,807 - INFO - Callback->Connection setup finished [radio://0/80/2M/E7E7E7E7E6]
2025-09-05 12:18:00,808 - INFO - Connected: radio://0/80/2M/E7E7E7E7E6
2025-09-05 12:18:00,817 - INFO - Have successfully started logging for id=1
2025-09-05 12:18:00,917 - INFO - Battery: 3.97V (safe)
2025-09-05 12:18:00,918 - INFO - Battery check passed: 3.97V
2025-09-05 12:18:00,918 - INFO - Initializing position estimator to origin...
2025-09-05 12:18:00,921 - INFO - Have successfully stopped logging for id=1
2025-09-05 12:18:00,922 - INFO - Have successfully deleted id=1
2025-09-05 12:18:01,975 - INFO - All parameters updated
2025-09-05 12:18:01,975 - INFO - Callback->Connection completed [radio://0/80/2M/E7E7E7E7E6]
2025-09-05 12:18:02,087 - INFO - Have successfully started logging for id=2
2025-09-05 12:18:08,581 - INFO - Waiting for position estimator...
2025-09-05 12:18:08,584 - INFO - Have successfully stopped logging for id=2
2025-09-05 12:18:08,586 - INFO - Have successfully deleted id=2
2025-09-05 12:18:08,591 - INFO - Have successfully started logging for id=3
2025-09-05 12:18:09,590 - INFO - Position estimator ready
2025-09-05 12:18:09,590 - INFO - Controller parameters optimized
2025-09-05 12:18:09,593 - INFO - Have successfully stopped logging for id=3
2025-09-05 12:18:09,597 - INFO - Have successfully deleted id=3
2025-09-05 12:18:11,757 - INFO - Start collection (slot:10ms)
2025-09-05 12:18:11,758 - INFO - Data collector started
2025-09-05 12:18:11,760 - INFO - Position manager started
2025-09-05 12:18:11,767 - INFO - Have successfully started logging for id=4
2025-09-05 12:18:11,769 - INFO - Have successfully started logging for id=5
2025-09-05 12:18:11,770 - INFO - Have successfully started logging for id=6
2025-09-05 12:18:11,860 - INFO - Position manager data flow is normal
2025-09-05 12:18:13,860 - INFO - Current position: (-0.011, -0.034, 0.055, 90.1°)
2025-09-05 12:18:13,860 - INFO - Using absolute coordinate system, ignoring takeoff position offset
2025-09-05 12:18:14,861 - INFO - Pre-flight stabilization to first waypoint: (0.000, 0.000, 0.300)
2025-09-05 12:18:15,011 - INFO - Waypoint1: absolute coordinates(0.000, 0.000, 0.300, yaw=90.0°)
2025-09-05 12:18:15,011 - INFO - Flying to coordinate: (0.000, 0.000, 0.300)
2025-09-05 12:18:16,021 - INFO - Approaching target (error=0.145m), entering stabilization phase
2025-09-05 12:18:16,611 - INFO - Reached waypoint (error=0.061m, stable_count=30)
2025-09-05 12:18:17,211 - INFO - Waypoint2: absolute coordinates(0.300, 0.000, 0.300, yaw=90.0°)
2025-09-05 12:18:17,211 - INFO - Flying to coordinate: (0.300, 0.000, 0.300)
2025-09-05 12:18:17,922 - INFO - Approaching target (error=0.138m), entering stabilization phase
2025-09-05 12:18:20,062 - INFO - Reached waypoint (error=0.057m, stable_count=30)
2025-09-05 12:18:20,662 - INFO - Waypoint3: absolute coordinates(0.300, 0.300, 0.300, yaw=90.0°)
2025-09-05 12:18:20,662 - INFO - Flying to coordinate: (0.300, 0.300, 0.300)
2025-09-05 12:18:21,272 - INFO - Approaching target (error=0.142m), entering stabilization phase
2025-09-05 12:18:22,362 - INFO - Reached waypoint (error=0.046m, stable_count=30)
2025-09-05 12:18:22,962 - INFO - Waypoint4: absolute coordinates(0.000, 0.300, 0.300, yaw=90.0°)
2025-09-05 12:18:22,962 - INFO - Flying to coordinate: (0.000, 0.300, 0.300)
2025-09-05 12:18:23,462 - INFO - Approaching target (error=0.141m), entering stabilization phase
2025-09-05 12:18:24,652 - INFO - Reached waypoint (error=0.057m, stable_count=30)
2025-09-05 12:18:25,253 - INFO - Waypoint5: absolute coordinates(0.000, 0.000, 0.300, yaw=90.0°)
2025-09-05 12:18:25,253 - INFO - Flying to coordinate: (0.000, 0.000, 0.300)
2025-09-05 12:18:26,013 - INFO - Approaching target (error=0.141m), entering stabilization phase
2025-09-05 12:18:26,403 - INFO - Reached waypoint (error=0.070m, stable_count=30)
2025-09-05 12:18:27,003 - INFO - Returning to origin and landing...
2025-09-05 12:18:27,003 - INFO - Flying to coordinate: (0.000, 0.000, 0.200)
2025-09-05 12:18:27,003 - INFO - Approaching target (error=0.145m), entering stabilization phase
2025-09-05 12:18:27,753 - INFO - Reached waypoint (error=0.071m, stable_count=30)
2025-09-05 12:18:27,753 - INFO - Landing...
2025-09-05 12:18:27,754 - INFO - Landing complete
2025-09-05 12:18:27,759 - INFO - Have successfully stopped logging for id=6
2025-09-05 12:18:27,855 - INFO - Position manager stopped
2025-09-05 12:18:27,856 - INFO - Flight mission complete
2025-09-05 12:18:27,856 - INFO - Stopping data collector...
2025-09-05 12:18:27,858 - INFO - Collection complete - stats: {'created': 1610, 'complete': 1610, 'merged': 0, 'dropped': 0}
2025-09-05 12:18:27,865 - INFO - Have successfully stopped logging for id=4
2025-09-05 12:18:27,868 - INFO - Have successfully stopped logging for id=5
2025-09-05 12:18:27,917 - INFO - Data saved: training_data/square_small_20250905_121827.json
2025-09-05 12:18:27,918 - INFO - States: 1610, Commands: 1039, Duration: 16.1s
2025-09-05 12:18:27,918 - INFO - Successfully saved 1610 state data points
2025-09-05 12:18:27,918 - INFO - Successfully saved 1039 control commands
2025-09-05 12:18:27,918 - INFO - Closing link
2025-09-05 12:18:27,918 - INFO - Callback->Disconnected from [radio://0/80/2M/E7E7E7E7E6]
