2025-09-05 17:46:34,067 - INFO - === Fixed continuous data collector ===
2025-09-05 17:46:34,067 - INFO - Mission: triangle_large
2025-09-05 17:46:34,067 - INFO - Waypoints (absolute coordinates): [(0, 0, 0.6), (0.8, 0, 0.6), (0.4, 0.6, 0.6), (0, 0, 0.6)]
2025-09-05 17:46:34,068 - INFO - Callback->Connection initialized[radio://0/80/2M/E7E7E7E7E6]
2025-09-05 17:46:34,320 - INFO - We are connected[radio://0/80/2M/E7E7E7E7E6], request connection setup
2025-09-05 17:46:34,320 - INFO - Request _request_protocol_version()
2025-09-05 17:46:34,322 - INFO - Callback->Connected to [radio://0/80/2M/E7E7E7E7E6]
2025-09-05 17:46:34,331 - INFO - _crt_service_callback
2025-09-05 17:46:34,331 - INFO - Request protocol version
2025-09-05 17:46:34,334 - INFO - _platform_callback
2025-09-05 17:46:34,334 - INFO - Protocol version (platform): 9
2025-09-05 17:46:34,343 - INFO - TOC for port [5] found in cache
2025-09-05 17:46:34,343 - INFO - Log TOC finished updating
2025-09-05 17:46:34,346 - INFO - 6 memories found
2025-09-05 17:46:34,420 - INFO - Memories finished updating
2025-09-05 17:46:34,425 - INFO - TOC for port [2] found in cache
2025-09-05 17:46:34,829 - INFO - Param TOC finished updating
2025-09-05 17:46:34,829 - INFO - Callback->Connection setup finished [radio://0/80/2M/E7E7E7E7E6]
2025-09-05 17:46:34,830 - INFO - Connected: radio://0/80/2M/E7E7E7E7E6
2025-09-05 17:46:34,838 - INFO - Have successfully started logging for id=1
2025-09-05 17:46:34,937 - INFO - Battery: 4.00V (safe)
2025-09-05 17:46:34,937 - INFO - Battery check passed: 4.00V
2025-09-05 17:46:34,937 - INFO - Initializing position estimator to origin...
2025-09-05 17:46:34,940 - INFO - Have successfully stopped logging for id=1
2025-09-05 17:46:34,941 - INFO - Have successfully deleted id=1
2025-09-05 17:46:35,885 - INFO - All parameters updated
2025-09-05 17:46:35,885 - INFO - Callback->Connection completed [radio://0/80/2M/E7E7E7E7E6]
2025-09-05 17:46:35,995 - INFO - Have successfully started logging for id=2
2025-09-05 17:46:42,491 - INFO - Waiting for position estimator...
2025-09-05 17:46:42,494 - INFO - Have successfully stopped logging for id=2
2025-09-05 17:46:42,494 - INFO - Have successfully deleted id=2
2025-09-05 17:46:42,500 - INFO - Have successfully started logging for id=3
2025-09-05 17:46:43,500 - INFO - Position estimator ready
2025-09-05 17:46:43,501 - INFO - Controller parameters optimized
2025-09-05 17:46:43,503 - INFO - Have successfully stopped logging for id=3
2025-09-05 17:46:43,504 - INFO - Have successfully deleted id=3
2025-09-05 17:46:46,454 - INFO - Start collection (slot:10ms)
2025-09-05 17:46:46,455 - INFO - Data collector started
2025-09-05 17:46:46,456 - INFO - Position manager started
2025-09-05 17:46:46,463 - INFO - Have successfully started logging for id=4
2025-09-05 17:46:46,464 - INFO - Have successfully started logging for id=5
2025-09-05 17:46:46,465 - INFO - Have successfully started logging for id=6
2025-09-05 17:46:46,557 - INFO - Position manager data flow is normal
2025-09-05 17:46:48,557 - INFO - Current position: (-0.023, 0.005, 0.032, 90.0째)
2025-09-05 17:46:48,557 - INFO - Using absolute coordinate system, ignoring takeoff position offset
2025-09-05 17:46:49,557 - INFO - Pre-flight stabilization to first waypoint: (0.000, 0.000, 0.600)
2025-09-05 17:46:49,707 - INFO - Waypoint1: absolute coordinates(0.000, 0.000, 0.600, yaw=90.0째)
2025-09-05 17:46:49,707 - INFO - Flying to coordinate: (0.000, 0.000, 0.600)
2025-09-05 17:46:59,707 - WARNING - Waypoint timeout 10.0s (final error may still be acceptable)
2025-09-05 17:46:59,708 - WARNING - Waypoint1 not fully reached, continuing execution
2025-09-05 17:47:00,308 - INFO - Waypoint2: absolute coordinates(0.800, 0.000, 0.600, yaw=90.0째)
2025-09-05 17:47:00,308 - INFO - Flying to coordinate: (0.800, 0.000, 0.600)
2025-09-05 17:47:10,308 - WARNING - Waypoint timeout 10.0s (final error may still be acceptable)
2025-09-05 17:47:10,308 - WARNING - Waypoint2 not fully reached, continuing execution
2025-09-05 17:47:10,908 - INFO - Waypoint3: absolute coordinates(0.400, 0.600, 0.600, yaw=90.0째)
2025-09-05 17:47:10,908 - INFO - Flying to coordinate: (0.400, 0.600, 0.600)
2025-09-05 17:47:12,070 - INFO - Have successfully stopped logging for id=6
2025-09-05 17:47:12,166 - INFO - Position manager stopped
2025-09-05 17:47:12,167 - INFO - Stopping data collector...
2025-09-05 17:47:12,171 - INFO - Collection complete - stats: {'created': 2572, 'complete': 2572, 'merged': 0, 'dropped': 0}
2025-09-05 17:47:12,183 - INFO - Have successfully stopped logging for id=4
2025-09-05 17:47:12,185 - INFO - Have successfully stopped logging for id=5
2025-09-05 17:47:12,265 - INFO - Data saved: training_data/triangle_large_20250905_174712.json
2025-09-05 17:47:12,265 - INFO - States: 2572, Commands: 2151, Duration: 25.7s
2025-09-05 17:47:12,266 - INFO - Successfully saved 2572 state data points
2025-09-05 17:47:12,266 - INFO - Successfully saved 2151 control commands
2025-09-05 17:47:12,266 - INFO - Closing link
2025-09-05 17:47:12,267 - INFO - Callback->Disconnected from [radio://0/80/2M/E7E7E7E7E6]
2025-09-05 17:47:12,286 - INFO - User interrupted
