2025-09-05 17:27:03,680 - INFO - === Fixed continuous data collector ===
2025-09-05 17:27:03,680 - INFO - Mission: triangle_large
2025-09-05 17:27:03,680 - INFO - Waypoints (absolute coordinates): [(0, 0, 0.6), (0.8, 0, 0.6), (0.4, 0.6, 0.6), (0, 0, 0.6)]
2025-09-05 17:27:03,681 - INFO - Callback->Connection initialized[radio://0/80/2M/E7E7E7E7E6]
2025-09-05 17:27:03,931 - INFO - We are connected[radio://0/80/2M/E7E7E7E7E6], request connection setup
2025-09-05 17:27:03,931 - INFO - Request _request_protocol_version()
2025-09-05 17:27:03,934 - INFO - Callback->Connected to [radio://0/80/2M/E7E7E7E7E6]
2025-09-05 17:27:03,998 - INFO - _crt_service_callback
2025-09-05 17:27:03,998 - INFO - Request protocol version
2025-09-05 17:27:04,003 - INFO - _platform_callback
2025-09-05 17:27:04,003 - INFO - Protocol version (platform): 9
2025-09-05 17:27:04,012 - INFO - TOC for port [5] found in cache
2025-09-05 17:27:04,013 - INFO - Log TOC finished updating
2025-09-05 17:27:04,016 - INFO - 6 memories found
2025-09-05 17:27:04,088 - INFO - Memories finished updating
2025-09-05 17:27:04,093 - INFO - TOC for port [2] found in cache
2025-09-05 17:27:04,490 - INFO - Param TOC finished updating
2025-09-05 17:27:04,490 - INFO - Callback->Connection setup finished [radio://0/80/2M/E7E7E7E7E6]
2025-09-05 17:27:04,491 - INFO - Connected: radio://0/80/2M/E7E7E7E7E6
2025-09-05 17:27:04,499 - INFO - Have successfully started logging for id=1
2025-09-05 17:27:04,600 - INFO - Battery: 4.13V (safe)
2025-09-05 17:27:04,600 - INFO - Battery check passed: 4.13V
2025-09-05 17:27:04,601 - INFO - Initializing position estimator to origin...
2025-09-05 17:27:04,603 - INFO - Have successfully stopped logging for id=1
2025-09-05 17:27:04,604 - INFO - Have successfully deleted id=1
2025-09-05 17:27:05,518 - INFO - All parameters updated
2025-09-05 17:27:05,518 - INFO - Callback->Connection completed [radio://0/80/2M/E7E7E7E7E6]
2025-09-05 17:27:05,627 - INFO - Have successfully started logging for id=2
2025-09-05 17:27:12,122 - INFO - Waiting for position estimator...
2025-09-05 17:27:12,125 - INFO - Have successfully stopped logging for id=2
2025-09-05 17:27:12,125 - INFO - Have successfully deleted id=2
2025-09-05 17:27:12,131 - INFO - Have successfully started logging for id=3
2025-09-05 17:27:13,129 - INFO - Position estimator ready
2025-09-05 17:27:13,130 - INFO - Controller parameters optimized
2025-09-05 17:27:13,133 - INFO - Have successfully stopped logging for id=3
2025-09-05 17:27:13,134 - INFO - Have successfully deleted id=3
2025-09-05 17:27:21,709 - INFO - Start collection (slot:10ms)
2025-09-05 17:27:21,710 - INFO - Data collector started
2025-09-05 17:27:21,711 - INFO - Position manager started
2025-09-05 17:27:21,721 - INFO - Have successfully started logging for id=4
2025-09-05 17:27:21,722 - INFO - Have successfully started logging for id=5
2025-09-05 17:27:21,723 - INFO - Have successfully started logging for id=6
2025-09-05 17:27:21,811 - INFO - Position manager data flow is normal
2025-09-05 17:27:23,811 - INFO - Current position: (0.005, 0.029, 0.010, 89.9°)
2025-09-05 17:27:23,811 - INFO - Using absolute coordinate system, ignoring takeoff position offset
2025-09-05 17:27:24,811 - INFO - Pre-flight stabilization to first waypoint: (0.000, 0.000, 0.600)
2025-09-05 17:27:24,962 - INFO - Waypoint1: absolute coordinates(0.000, 0.000, 0.600, yaw=90.0°)
2025-09-05 17:27:24,962 - INFO - Flying to coordinate: (0.000, 0.000, 0.600)
2025-09-05 17:27:25,972 - INFO - Approaching target (error=0.137m), entering stabilization phase
2025-09-05 17:27:26,512 - INFO - Reached waypoint (error=0.066m, stable_count=30)
2025-09-05 17:27:27,113 - INFO - Waypoint2: absolute coordinates(0.800, 0.000, 0.600, yaw=90.0°)
2025-09-05 17:27:27,113 - INFO - Flying to coordinate: (0.800, 0.000, 0.600)
2025-09-05 17:27:28,023 - INFO - Approaching target (error=0.137m), entering stabilization phase
2025-09-05 17:27:29,863 - INFO - Reached waypoint (error=0.063m, stable_count=30)
2025-09-05 17:27:30,464 - INFO - Waypoint3: absolute coordinates(0.400, 0.600, 0.600, yaw=90.0°)
2025-09-05 17:27:30,464 - INFO - Flying to coordinate: (0.400, 0.600, 0.600)
2025-09-05 17:27:31,214 - INFO - Approaching target (error=0.139m), entering stabilization phase
2025-09-05 17:27:31,614 - INFO - Reached waypoint (error=0.066m, stable_count=30)
2025-09-05 17:27:32,214 - INFO - Waypoint4: absolute coordinates(0.000, 0.000, 0.600, yaw=90.0°)
2025-09-05 17:27:32,214 - INFO - Flying to coordinate: (0.000, 0.000, 0.600)
2025-09-05 17:27:33,014 - INFO - Approaching target (error=0.119m), entering stabilization phase
2025-09-05 17:27:33,354 - INFO - Reached waypoint (error=0.057m, stable_count=30)
2025-09-05 17:27:33,955 - INFO - Returning to origin and landing...
2025-09-05 17:27:33,955 - INFO - Flying to coordinate: (0.000, 0.000, 0.200)
2025-09-05 17:27:34,815 - INFO - Approaching target (error=0.132m), entering stabilization phase
2025-09-05 17:27:35,455 - INFO - Reached waypoint (error=0.045m, stable_count=30)
2025-09-05 17:27:35,455 - INFO - Landing...
2025-09-05 17:27:35,456 - INFO - Landing complete
2025-09-05 17:27:35,461 - INFO - Have successfully stopped logging for id=6
2025-09-05 17:27:35,557 - INFO - Position manager stopped
2025-09-05 17:27:35,559 - INFO - Flight mission complete
2025-09-05 17:27:35,559 - INFO - Stopping data collector...
2025-09-05 17:27:35,561 - INFO - Collection complete - stats: {'created': 1385, 'complete': 1385, 'merged': 0, 'dropped': 0}
2025-09-05 17:27:35,567 - INFO - Have successfully stopped logging for id=4
2025-09-05 17:27:35,569 - INFO - Have successfully stopped logging for id=5
2025-09-05 17:27:35,608 - INFO - Data saved: training_data/triangle_large_20250905_172735.json
2025-09-05 17:27:35,608 - INFO - States: 1385, Commands: 865, Duration: 13.8s
2025-09-05 17:27:35,608 - INFO - Successfully saved 1385 state data points
2025-09-05 17:27:35,608 - INFO - Successfully saved 865 control commands
2025-09-05 17:27:35,608 - INFO - Closing link
2025-09-05 17:27:35,609 - INFO - Callback->Disconnected from [radio://0/80/2M/E7E7E7E7E6]
