2025-09-05 16:58:39,747 - INFO - === Fixed continuous data collector ===
2025-09-05 16:58:39,747 - INFO - Mission: triangle_med
2025-09-05 16:58:39,747 - INFO - Waypoints (absolute coordinates): [(0, 0, 0.6), (0.5, 0, 0.6), (0.25, 0.5, 0.6), (0, 0, 0.6)]
2025-09-05 16:58:39,748 - INFO - Callback->Connection initialized[radio://0/80/2M/E7E7E7E7E6]
2025-09-05 16:58:39,998 - INFO - We are connected[radio://0/80/2M/E7E7E7E7E6], request connection setup
2025-09-05 16:58:39,998 - INFO - Request _request_protocol_version()
2025-09-05 16:58:40,000 - INFO - Callback->Connected to [radio://0/80/2M/E7E7E7E7E6]
2025-09-05 16:58:40,004 - INFO - _crt_service_callback
2025-09-05 16:58:40,004 - INFO - Request protocol version
2025-09-05 16:58:40,007 - INFO - _platform_callback
2025-09-05 16:58:40,007 - INFO - Protocol version (platform): 9
2025-09-05 16:58:40,018 - INFO - TOC for port [5] found in cache
2025-09-05 16:58:40,018 - INFO - Log TOC finished updating
2025-09-05 16:58:40,021 - INFO - 6 memories found
2025-09-05 16:58:40,098 - INFO - Memories finished updating
2025-09-05 16:58:40,104 - INFO - TOC for port [2] found in cache
2025-09-05 16:58:40,529 - INFO - Param TOC finished updating
2025-09-05 16:58:40,529 - INFO - Callback->Connection setup finished [radio://0/80/2M/E7E7E7E7E6]
2025-09-05 16:58:40,530 - INFO - Connected: radio://0/80/2M/E7E7E7E7E6
2025-09-05 16:58:40,538 - INFO - Have successfully started logging for id=1
2025-09-05 16:58:40,637 - INFO - Battery: 3.89V (safe)
2025-09-05 16:58:40,638 - INFO - Battery check passed: 3.89V
2025-09-05 16:58:40,638 - INFO - Initializing position estimator to origin...
2025-09-05 16:58:40,641 - INFO - Have successfully stopped logging for id=1
2025-09-05 16:58:40,642 - INFO - Have successfully deleted id=1
2025-09-05 16:58:41,684 - INFO - All parameters updated
2025-09-05 16:58:41,684 - INFO - Callback->Connection completed [radio://0/80/2M/E7E7E7E7E6]
2025-09-05 16:58:41,793 - INFO - Have successfully started logging for id=2
2025-09-05 16:58:48,287 - INFO - Waiting for position estimator...
2025-09-05 16:58:48,291 - INFO - Have successfully stopped logging for id=2
2025-09-05 16:58:48,293 - INFO - Have successfully deleted id=2
2025-09-05 16:58:48,299 - INFO - Have successfully started logging for id=3
2025-09-05 16:58:49,297 - INFO - Position estimator ready
2025-09-05 16:58:49,298 - INFO - Controller parameters optimized
2025-09-05 16:58:49,300 - INFO - Have successfully stopped logging for id=3
2025-09-05 16:58:49,303 - INFO - Have successfully deleted id=3
2025-09-05 16:58:57,869 - INFO - Start collection (slot:10ms)
2025-09-05 16:58:57,871 - INFO - Data collector started
2025-09-05 16:58:57,872 - INFO - Position manager started
2025-09-05 16:58:57,879 - INFO - Have successfully started logging for id=4
2025-09-05 16:58:57,879 - INFO - Have successfully started logging for id=5
2025-09-05 16:58:57,880 - INFO - Have successfully started logging for id=6
2025-09-05 16:58:57,972 - INFO - Position manager data flow is normal
2025-09-05 16:58:59,972 - INFO - Current position: (-0.027, 0.018, 0.032, 89.6°)
2025-09-05 16:58:59,972 - INFO - Using absolute coordinate system, ignoring takeoff position offset
2025-09-05 16:59:00,972 - INFO - Pre-flight stabilization to first waypoint: (0.000, 0.000, 0.600)
2025-09-05 16:59:01,122 - INFO - Waypoint1: absolute coordinates(0.000, 0.000, 0.600, yaw=90.0°)
2025-09-05 16:59:01,122 - INFO - Flying to coordinate: (0.000, 0.000, 0.600)
2025-09-05 16:59:02,192 - INFO - Approaching target (error=0.134m), entering stabilization phase
2025-09-05 16:59:02,672 - INFO - Reached waypoint (error=0.031m, stable_count=30)
2025-09-05 16:59:03,273 - INFO - Waypoint2: absolute coordinates(0.500, 0.000, 0.600, yaw=90.0°)
2025-09-05 16:59:03,273 - INFO - Flying to coordinate: (0.500, 0.000, 0.600)
2025-09-05 16:59:04,033 - INFO - Approaching target (error=0.118m), entering stabilization phase
2025-09-05 16:59:04,423 - INFO - Reached waypoint (error=0.075m, stable_count=30)
2025-09-05 16:59:05,024 - INFO - Waypoint3: absolute coordinates(0.250, 0.500, 0.600, yaw=90.0°)
2025-09-05 16:59:05,024 - INFO - Flying to coordinate: (0.250, 0.500, 0.600)
2025-09-05 16:59:05,824 - INFO - Approaching target (error=0.144m), entering stabilization phase
2025-09-05 16:59:08,114 - INFO - Reached waypoint (error=0.047m, stable_count=30)
2025-09-05 16:59:08,714 - INFO - Waypoint4: absolute coordinates(0.000, 0.000, 0.600, yaw=90.0°)
2025-09-05 16:59:08,715 - INFO - Flying to coordinate: (0.000, 0.000, 0.600)
2025-09-05 16:59:09,475 - INFO - Approaching target (error=0.114m), entering stabilization phase
2025-09-05 16:59:09,815 - INFO - Reached waypoint (error=0.070m, stable_count=30)
2025-09-05 16:59:10,415 - INFO - Returning to origin and landing...
2025-09-05 16:59:10,415 - INFO - Flying to coordinate: (0.000, 0.000, 0.200)
2025-09-05 16:59:11,175 - INFO - Approaching target (error=0.143m), entering stabilization phase
2025-09-05 16:59:11,815 - INFO - Reached waypoint (error=0.060m, stable_count=30)
2025-09-05 16:59:11,815 - INFO - Landing...
2025-09-05 16:59:11,816 - INFO - Landing complete
2025-09-05 16:59:11,824 - INFO - Have successfully stopped logging for id=6
2025-09-05 16:59:11,918 - INFO - Position manager stopped
2025-09-05 16:59:11,921 - INFO - Flight mission complete
2025-09-05 16:59:11,921 - INFO - Stopping data collector...
2025-09-05 16:59:11,923 - INFO - Collection complete - stats: {'created': 1405, 'complete': 1405, 'merged': 0, 'dropped': 0}
2025-09-05 16:59:11,931 - INFO - Have successfully stopped logging for id=4
2025-09-05 16:59:11,934 - INFO - Have successfully stopped logging for id=5
2025-09-05 16:59:11,971 - INFO - Data saved: training_data/triangle_med_20250905_165911.json
2025-09-05 16:59:11,971 - INFO - States: 1405, Commands: 885, Duration: 14.0s
2025-09-05 16:59:11,971 - INFO - Successfully saved 1405 state data points
2025-09-05 16:59:11,971 - INFO - Successfully saved 885 control commands
2025-09-05 16:59:11,971 - INFO - Closing link
2025-09-05 16:59:11,972 - INFO - Callback->Disconnected from [radio://0/80/2M/E7E7E7E7E6]
