2025-09-04 15:15:56,344 - INFO - === Fixed continuous data collector ===
2025-09-04 15:15:56,345 - INFO - Mission: vertical_large
2025-09-04 15:15:56,345 - INFO - Waypoints (absolute coordinates): [(0, 0, 0.5), (0, 0, 1.0), (0, 0, 0.5)]
2025-09-04 15:15:56,345 - INFO - Callback->Connection initialized[radio://0/80/2M/E7E7E7E7E6]
2025-09-04 15:15:56,598 - INFO - We are connected[radio://0/80/2M/E7E7E7E7E6], request connection setup
2025-09-04 15:15:56,598 - INFO - Request _request_protocol_version()
2025-09-04 15:15:56,603 - INFO - Callback->Connected to [radio://0/80/2M/E7E7E7E7E6]
2025-09-04 15:15:56,725 - INFO - _crt_service_callback
2025-09-04 15:15:56,726 - INFO - Request protocol version
2025-09-04 15:15:56,733 - INFO - _platform_callback
2025-09-04 15:15:56,734 - INFO - Protocol version (platform): 9
2025-09-04 15:15:56,758 - INFO - TOC for port [5] found in cache
2025-09-04 15:15:56,758 - INFO - Log TOC finished updating
2025-09-04 15:15:56,763 - INFO - 6 memories found
2025-09-04 15:15:56,873 - INFO - Memories finished updating
2025-09-04 15:15:56,885 - INFO - TOC for port [2] found in cache
2025-09-04 15:15:57,421 - INFO - Param TOC finished updating
2025-09-04 15:15:57,421 - INFO - Callback->Connection setup finished [radio://0/80/2M/E7E7E7E7E6]
2025-09-04 15:15:57,422 - INFO - Connected: radio://0/80/2M/E7E7E7E7E6
2025-09-04 15:15:57,429 - INFO - Have successfully started logging for id=1
2025-09-04 15:15:57,528 - INFO - Battery: 4.12V (safe)
2025-09-04 15:15:57,529 - INFO - Battery check passed: 4.12V
2025-09-04 15:15:57,529 - INFO - Initializing position estimator to origin...
2025-09-04 15:15:57,532 - INFO - Have successfully stopped logging for id=1
2025-09-04 15:15:57,533 - INFO - Have successfully deleted id=1
2025-09-04 15:15:58,866 - INFO - All parameters updated
2025-09-04 15:15:58,866 - INFO - Callback->Connection completed [radio://0/80/2M/E7E7E7E7E6]
2025-09-04 15:15:58,977 - INFO - Have successfully started logging for id=2
2025-09-04 15:16:05,472 - INFO - Waiting for position estimator...
2025-09-04 15:16:05,476 - INFO - Have successfully stopped logging for id=2
2025-09-04 15:16:05,476 - INFO - Have successfully deleted id=2
2025-09-04 15:16:05,482 - INFO - Have successfully started logging for id=3
2025-09-04 15:16:06,480 - INFO - Position estimator ready
2025-09-04 15:16:06,480 - INFO - Controller parameters optimized
2025-09-04 15:16:06,483 - INFO - Have successfully stopped logging for id=3
2025-09-04 15:16:06,483 - INFO - Have successfully deleted id=3
2025-09-04 15:16:08,665 - INFO - Start collection (slot:10ms)
2025-09-04 15:16:08,666 - INFO - Data collector started
2025-09-04 15:16:08,668 - INFO - Position manager started
2025-09-04 15:16:08,674 - INFO - Have successfully started logging for id=4
2025-09-04 15:16:08,675 - INFO - Have successfully started logging for id=5
2025-09-04 15:16:08,676 - INFO - Have successfully started logging for id=6
2025-09-04 15:16:08,768 - INFO - Position manager data flow is normal
2025-09-04 15:16:10,768 - INFO - Current position: (0.023, 0.055, 0.012, 90.3째)
2025-09-04 15:16:10,768 - INFO - Using absolute coordinate system, ignoring takeoff position offset
2025-09-04 15:16:11,768 - INFO - Pre-flight stabilization to first waypoint: (0.000, 0.000, 0.500)
2025-09-04 15:16:11,924 - INFO - Waypoint1: absolute coordinates(0.000, 0.000, 0.500, yaw=90.0째)
2025-09-04 15:16:11,924 - INFO - Flying to coordinate: (0.000, 0.000, 0.500)
2025-09-04 15:16:12,984 - INFO - Approaching target (error=0.146m), entering stabilization phase
2025-09-04 15:16:13,524 - INFO - Reached waypoint (error=0.037m, stable_count=30)
2025-09-04 15:16:14,124 - INFO - Waypoint2: absolute coordinates(0.000, 0.000, 1.000, yaw=90.0째)
2025-09-04 15:16:14,124 - INFO - Flying to coordinate: (0.000, 0.000, 1.000)
2025-09-04 15:16:14,724 - INFO - Approaching target (error=0.128m), entering stabilization phase
2025-09-04 15:16:17,014 - INFO - Reached waypoint (error=0.047m, stable_count=30)
2025-09-04 15:16:17,615 - INFO - Waypoint3: absolute coordinates(0.000, 0.000, 0.500, yaw=90.0째)
2025-09-04 15:16:17,615 - INFO - Flying to coordinate: (0.000, 0.000, 0.500)
2025-09-04 15:16:18,525 - INFO - Approaching target (error=0.147m), entering stabilization phase
2025-09-04 15:16:19,115 - INFO - Reached waypoint (error=0.052m, stable_count=30)
2025-09-04 15:16:19,716 - INFO - Returning to origin and landing...
2025-09-04 15:16:19,716 - INFO - Flying to coordinate: (0.000, 0.000, 0.200)
2025-09-04 15:16:20,376 - INFO - Approaching target (error=0.134m), entering stabilization phase
2025-09-04 15:16:21,566 - INFO - Reached waypoint (error=0.056m, stable_count=30)
2025-09-04 15:16:21,566 - INFO - Landing...
2025-09-04 15:16:21,568 - INFO - Landing complete
2025-09-04 15:16:21,572 - INFO - Have successfully stopped logging for id=6
2025-09-04 15:16:21,668 - INFO - Position manager stopped
2025-09-04 15:16:21,670 - INFO - Flight mission complete
2025-09-04 15:16:21,670 - INFO - Stopping data collector...
2025-09-04 15:16:21,671 - INFO - Collection complete - stats: {'created': 1300, 'complete': 1300, 'merged': 0, 'dropped': 0}
2025-09-04 15:16:21,680 - INFO - Have successfully stopped logging for id=4
2025-09-04 15:16:21,681 - INFO - Have successfully stopped logging for id=5
2025-09-04 15:16:21,716 - INFO - Data saved: training_data/vertical_large_20250904_151621.json
2025-09-04 15:16:21,716 - INFO - States: 1300, Commands: 831, Duration: 13.0s
2025-09-04 15:16:21,716 - INFO - Successfully saved 1300 state data points
2025-09-04 15:16:21,716 - INFO - Successfully saved 831 control commands
2025-09-04 15:16:21,716 - INFO - Closing link
2025-09-04 15:16:21,717 - INFO - Callback->Disconnected from [radio://0/80/2M/E7E7E7E7E6]
