2025-09-05 16:52:40,428 - INFO - === Fixed continuous data collector ===
2025-09-05 16:52:40,428 - INFO - Mission: triangle_med
2025-09-05 16:52:40,428 - INFO - Waypoints (absolute coordinates): [(0, 0, 0.6), (0.5, 0, 0.6), (0.25, 0.5, 0.6), (0, 0, 0.6)]
2025-09-05 16:52:40,429 - INFO - Callback->Connection initialized[radio://0/80/2M/E7E7E7E7E6]
2025-09-05 16:52:40,680 - INFO - We are connected[radio://0/80/2M/E7E7E7E7E6], request connection setup
2025-09-05 16:52:40,681 - INFO - Request _request_protocol_version()
2025-09-05 16:52:40,684 - INFO - Callback->Connected to [radio://0/80/2M/E7E7E7E7E6]
2025-09-05 16:52:40,753 - INFO - _crt_service_callback
2025-09-05 16:52:40,753 - INFO - Request protocol version
2025-09-05 16:52:40,756 - INFO - _platform_callback
2025-09-05 16:52:40,756 - INFO - Protocol version (platform): 9
2025-09-05 16:52:40,767 - INFO - TOC for port [5] found in cache
2025-09-05 16:52:40,767 - INFO - Log TOC finished updating
2025-09-05 16:52:40,770 - INFO - 6 memories found
2025-09-05 16:52:40,845 - INFO - Memories finished updating
2025-09-05 16:52:40,850 - INFO - TOC for port [2] found in cache
2025-09-05 16:52:41,326 - INFO - Param TOC finished updating
2025-09-05 16:52:41,326 - INFO - Callback->Connection setup finished [radio://0/80/2M/E7E7E7E7E6]
2025-09-05 16:52:41,327 - INFO - Connected: radio://0/80/2M/E7E7E7E7E6
2025-09-05 16:52:41,337 - INFO - Have successfully started logging for id=1
2025-09-05 16:52:41,437 - INFO - Battery: 4.14V (safe)
2025-09-05 16:52:41,439 - INFO - Battery check passed: 4.14V
2025-09-05 16:52:41,439 - INFO - Initializing position estimator to origin...
2025-09-05 16:52:41,442 - INFO - Have successfully stopped logging for id=1
2025-09-05 16:52:41,442 - INFO - Have successfully deleted id=1
2025-09-05 16:52:42,528 - INFO - All parameters updated
2025-09-05 16:52:42,528 - INFO - Callback->Connection completed [radio://0/80/2M/E7E7E7E7E6]
2025-09-05 16:52:42,636 - INFO - Have successfully started logging for id=2
2025-09-05 16:52:49,132 - INFO - Waiting for position estimator...
2025-09-05 16:52:49,136 - INFO - Have successfully stopped logging for id=2
2025-09-05 16:52:49,136 - INFO - Have successfully deleted id=2
2025-09-05 16:52:49,141 - INFO - Have successfully started logging for id=3
2025-09-05 16:52:50,141 - INFO - Position estimator ready
2025-09-05 16:52:50,142 - INFO - Controller parameters optimized
2025-09-05 16:52:50,144 - INFO - Have successfully stopped logging for id=3
2025-09-05 16:52:50,145 - INFO - Have successfully deleted id=3
2025-09-05 16:53:03,060 - INFO - Start collection (slot:10ms)
2025-09-05 16:53:03,061 - INFO - Data collector started
2025-09-05 16:53:03,065 - INFO - Position manager started
2025-09-05 16:53:03,070 - INFO - Have successfully started logging for id=4
2025-09-05 16:53:03,071 - INFO - Have successfully started logging for id=5
2025-09-05 16:53:03,075 - INFO - Have successfully started logging for id=6
2025-09-05 16:53:03,165 - INFO - Position manager data flow is normal
2025-09-05 16:53:05,165 - INFO - Current position: (-0.026, 0.020, -0.001, 89.6°)
2025-09-05 16:53:05,165 - INFO - Using absolute coordinate system, ignoring takeoff position offset
2025-09-05 16:53:06,165 - INFO - Pre-flight stabilization to first waypoint: (0.000, 0.000, 0.600)
2025-09-05 16:53:06,317 - INFO - Waypoint1: absolute coordinates(0.000, 0.000, 0.600, yaw=90.0°)
2025-09-05 16:53:06,317 - INFO - Flying to coordinate: (0.000, 0.000, 0.600)
2025-09-05 16:53:07,327 - INFO - Approaching target (error=0.149m), entering stabilization phase
2025-09-05 16:53:07,867 - INFO - Reached waypoint (error=0.033m, stable_count=30)
2025-09-05 16:53:08,469 - INFO - Waypoint2: absolute coordinates(0.500, 0.000, 0.600, yaw=90.0°)
2025-09-05 16:53:08,469 - INFO - Flying to coordinate: (0.500, 0.000, 0.600)
2025-09-05 16:53:09,219 - INFO - Approaching target (error=0.134m), entering stabilization phase
2025-09-05 16:53:11,619 - INFO - Reached waypoint (error=0.074m, stable_count=30)
2025-09-05 16:53:12,220 - INFO - Waypoint3: absolute coordinates(0.250, 0.500, 0.600, yaw=90.0°)
2025-09-05 16:53:12,220 - INFO - Flying to coordinate: (0.250, 0.500, 0.600)
2025-09-05 16:53:12,920 - INFO - Approaching target (error=0.146m), entering stabilization phase
2025-09-05 16:53:15,360 - INFO - Reached waypoint (error=0.066m, stable_count=30)
2025-09-05 16:53:15,960 - INFO - Waypoint4: absolute coordinates(0.000, 0.000, 0.600, yaw=90.0°)
2025-09-05 16:53:15,960 - INFO - Flying to coordinate: (0.000, 0.000, 0.600)
2025-09-05 16:53:16,670 - INFO - Approaching target (error=0.135m), entering stabilization phase
2025-09-05 16:53:17,060 - INFO - Reached waypoint (error=0.024m, stable_count=30)
2025-09-05 16:53:17,661 - INFO - Returning to origin and landing...
2025-09-05 16:53:17,661 - INFO - Flying to coordinate: (0.000, 0.000, 0.200)
2025-09-05 16:53:18,461 - INFO - Approaching target (error=0.142m), entering stabilization phase
2025-09-05 16:53:19,251 - INFO - Reached waypoint (error=0.060m, stable_count=30)
2025-09-05 16:53:19,251 - INFO - Landing...
2025-09-05 16:53:19,252 - INFO - Landing complete
2025-09-05 16:53:19,258 - INFO - Have successfully stopped logging for id=6
2025-09-05 16:53:19,353 - INFO - Position manager stopped
2025-09-05 16:53:19,354 - INFO - Flight mission complete
2025-09-05 16:53:19,354 - INFO - Stopping data collector...
2025-09-05 16:53:19,357 - INFO - Collection complete - stats: {'created': 1629, 'complete': 1629, 'merged': 0, 'dropped': 0}
2025-09-05 16:53:19,363 - INFO - Have successfully stopped logging for id=4
2025-09-05 16:53:19,366 - INFO - Have successfully stopped logging for id=5
2025-09-05 16:53:19,414 - INFO - Data saved: training_data/triangle_med_20250905_165319.json
2025-09-05 16:53:19,414 - INFO - States: 1629, Commands: 1110, Duration: 16.3s
2025-09-05 16:53:19,414 - INFO - Successfully saved 1629 state data points
2025-09-05 16:53:19,414 - INFO - Successfully saved 1110 control commands
2025-09-05 16:53:19,414 - INFO - Closing link
2025-09-05 16:53:19,415 - INFO - Callback->Disconnected from [radio://0/80/2M/E7E7E7E7E6]
