2025-09-05 13:14:36,685 - INFO - === Fixed continuous data collector ===
2025-09-05 13:14:36,685 - INFO - Mission: square_med
2025-09-05 13:14:36,685 - INFO - Waypoints (absolute coordinates): [(0, 0, 0.4), (0.5, 0, 0.4), (0.5, 0.5, 0.4), (0, 0.5, 0.4), (0, 0, 0.4)]
2025-09-05 13:14:36,686 - INFO - Callback->Connection initialized[radio://0/80/2M/E7E7E7E7E6]
2025-09-05 13:14:36,935 - INFO - We are connected[radio://0/80/2M/E7E7E7E7E6], request connection setup
2025-09-05 13:14:36,936 - INFO - Request _request_protocol_version()
2025-09-05 13:14:36,939 - INFO - Callback->Connected to [radio://0/80/2M/E7E7E7E7E6]
2025-09-05 13:14:36,943 - INFO - _crt_service_callback
2025-09-05 13:14:36,943 - INFO - Request protocol version
2025-09-05 13:14:36,947 - INFO - _platform_callback
2025-09-05 13:14:36,947 - INFO - Protocol version (platform): 9
2025-09-05 13:14:36,958 - INFO - TOC for port [5] found in cache
2025-09-05 13:14:36,958 - INFO - Log TOC finished updating
2025-09-05 13:14:36,961 - INFO - 6 memories found
2025-09-05 13:14:37,041 - INFO - Memories finished updating
2025-09-05 13:14:37,047 - INFO - TOC for port [2] found in cache
2025-09-05 13:14:37,533 - INFO - Param TOC finished updating
2025-09-05 13:14:37,533 - INFO - Callback->Connection setup finished [radio://0/80/2M/E7E7E7E7E6]
2025-09-05 13:14:37,534 - INFO - Connected: radio://0/80/2M/E7E7E7E7E6
2025-09-05 13:14:37,543 - INFO - Have successfully started logging for id=1
2025-09-05 13:14:37,643 - INFO - Battery: 3.85V (safe)
2025-09-05 13:14:37,645 - INFO - Battery check passed: 3.85V
2025-09-05 13:14:37,645 - INFO - Initializing position estimator to origin...
2025-09-05 13:14:37,648 - INFO - Have successfully stopped logging for id=1
2025-09-05 13:14:37,648 - INFO - Have successfully deleted id=1
2025-09-05 13:14:38,816 - INFO - All parameters updated
2025-09-05 13:14:38,816 - INFO - Callback->Connection completed [radio://0/80/2M/E7E7E7E7E6]
2025-09-05 13:14:38,926 - INFO - Have successfully started logging for id=2
2025-09-05 13:14:45,420 - INFO - Waiting for position estimator...
2025-09-05 13:14:45,425 - INFO - Have successfully stopped logging for id=2
2025-09-05 13:14:45,426 - INFO - Have successfully deleted id=2
2025-09-05 13:14:45,433 - INFO - Have successfully started logging for id=3
2025-09-05 13:14:46,432 - INFO - Position estimator ready
2025-09-05 13:14:46,433 - INFO - Controller parameters optimized
2025-09-05 13:14:46,436 - INFO - Have successfully stopped logging for id=3
2025-09-05 13:14:46,436 - INFO - Have successfully deleted id=3
2025-09-05 13:14:48,532 - INFO - Start collection (slot:10ms)
2025-09-05 13:14:48,533 - INFO - Data collector started
2025-09-05 13:14:48,534 - INFO - Position manager started
2025-09-05 13:14:48,541 - INFO - Have successfully started logging for id=4
2025-09-05 13:14:48,548 - INFO - Have successfully started logging for id=5
2025-09-05 13:14:48,551 - INFO - Have successfully started logging for id=6
2025-09-05 13:14:48,634 - INFO - Position manager data flow is normal
2025-09-05 13:14:50,634 - INFO - Current position: (0.009, -0.009, 0.006, 90.0°)
2025-09-05 13:14:50,634 - INFO - Using absolute coordinate system, ignoring takeoff position offset
2025-09-05 13:14:51,635 - INFO - Pre-flight stabilization to first waypoint: (0.000, 0.000, 0.400)
2025-09-05 13:14:51,785 - INFO - Waypoint1: absolute coordinates(0.000, 0.000, 0.400, yaw=90.0°)
2025-09-05 13:14:51,785 - INFO - Flying to coordinate: (0.000, 0.000, 0.400)
2025-09-05 13:14:52,795 - INFO - Approaching target (error=0.147m), entering stabilization phase
2025-09-05 13:14:53,335 - INFO - Reached waypoint (error=0.041m, stable_count=30)
2025-09-05 13:14:53,935 - INFO - Waypoint2: absolute coordinates(0.500, 0.000, 0.400, yaw=90.0°)
2025-09-05 13:14:53,935 - INFO - Flying to coordinate: (0.500, 0.000, 0.400)
2025-09-05 13:14:54,695 - INFO - Approaching target (error=0.133m), entering stabilization phase
2025-09-05 13:14:57,735 - INFO - Reached waypoint (error=0.075m, stable_count=30)
2025-09-05 13:14:58,336 - INFO - Waypoint3: absolute coordinates(0.500, 0.500, 0.400, yaw=90.0°)
2025-09-05 13:14:58,336 - INFO - Flying to coordinate: (0.500, 0.500, 0.400)
2025-09-05 13:14:59,036 - INFO - Approaching target (error=0.120m), entering stabilization phase
2025-09-05 13:14:59,376 - INFO - Reached waypoint (error=0.078m, stable_count=30)
2025-09-05 13:14:59,976 - INFO - Waypoint4: absolute coordinates(0.000, 0.500, 0.400, yaw=90.0°)
2025-09-05 13:14:59,976 - INFO - Flying to coordinate: (0.000, 0.500, 0.400)
2025-09-05 13:15:00,636 - INFO - Approaching target (error=0.135m), entering stabilization phase
2025-09-05 13:15:01,026 - INFO - Reached waypoint (error=0.068m, stable_count=30)
2025-09-05 13:15:01,627 - INFO - Waypoint5: absolute coordinates(0.000, 0.000, 0.400, yaw=90.0°)
2025-09-05 13:15:01,627 - INFO - Flying to coordinate: (0.000, 0.000, 0.400)
2025-09-05 13:15:02,337 - INFO - Approaching target (error=0.138m), entering stabilization phase
2025-09-05 13:15:02,727 - INFO - Reached waypoint (error=0.029m, stable_count=30)
2025-09-05 13:15:03,327 - INFO - Returning to origin and landing...
2025-09-05 13:15:03,327 - INFO - Flying to coordinate: (0.000, 0.000, 0.200)
2025-09-05 13:15:03,887 - INFO - Approaching target (error=0.139m), entering stabilization phase
2025-09-05 13:15:04,977 - INFO - Reached waypoint (error=0.058m, stable_count=30)
2025-09-05 13:15:04,977 - INFO - Landing...
2025-09-05 13:15:04,978 - INFO - Landing complete
2025-09-05 13:15:04,984 - INFO - Have successfully stopped logging for id=6
2025-09-05 13:15:05,079 - INFO - Position manager stopped
2025-09-05 13:15:05,080 - INFO - Flight mission complete
2025-09-05 13:15:05,080 - INFO - Stopping data collector...
2025-09-05 13:15:05,082 - INFO - Collection complete - stats: {'created': 1655, 'complete': 1655, 'merged': 0, 'dropped': 0}
2025-09-05 13:15:05,090 - INFO - Have successfully stopped logging for id=4
2025-09-05 13:15:05,092 - INFO - Have successfully stopped logging for id=5
2025-09-05 13:15:05,140 - INFO - Data saved: training_data/square_med_20250905_131505.json
2025-09-05 13:15:05,140 - INFO - States: 1655, Commands: 1084, Duration: 16.5s
2025-09-05 13:15:05,140 - INFO - Successfully saved 1655 state data points
2025-09-05 13:15:05,140 - INFO - Successfully saved 1084 control commands
2025-09-05 13:15:05,140 - INFO - Closing link
2025-09-05 13:15:05,141 - INFO - Callback->Disconnected from [radio://0/80/2M/E7E7E7E7E6]
