2025-09-04 15:57:16,644 - INFO - === Fixed continuous data collector ===
2025-09-04 15:57:16,644 - INFO - Mission: vertical_large
2025-09-04 15:57:16,644 - INFO - Waypoints (absolute coordinates): [(0, 0, 0.5), (0, 0, 1.0), (0, 0, 0.5)]
2025-09-04 15:57:16,645 - INFO - Callback->Connection initialized[radio://0/80/2M/E7E7E7E7E6]
2025-09-04 15:57:16,896 - INFO - We are connected[radio://0/80/2M/E7E7E7E7E6], request connection setup
2025-09-04 15:57:16,897 - INFO - Request _request_protocol_version()
2025-09-04 15:57:16,899 - INFO - Callback->Connected to [radio://0/80/2M/E7E7E7E7E6]
2025-09-04 15:57:16,911 - INFO - _crt_service_callback
2025-09-04 15:57:16,911 - INFO - Request protocol version
2025-09-04 15:57:16,914 - INFO - _platform_callback
2025-09-04 15:57:16,914 - INFO - Protocol version (platform): 9
2025-09-04 15:57:16,925 - INFO - TOC for port [5] found in cache
2025-09-04 15:57:16,925 - INFO - Log TOC finished updating
2025-09-04 15:57:16,927 - INFO - 6 memories found
2025-09-04 15:57:17,008 - INFO - Memories finished updating
2025-09-04 15:57:17,014 - INFO - TOC for port [2] found in cache
2025-09-04 15:57:17,500 - INFO - Param TOC finished updating
2025-09-04 15:57:17,501 - INFO - Callback->Connection setup finished [radio://0/80/2M/E7E7E7E7E6]
2025-09-04 15:57:17,502 - INFO - Connected: radio://0/80/2M/E7E7E7E7E6
2025-09-04 15:57:17,511 - INFO - Have successfully started logging for id=1
2025-09-04 15:57:17,611 - INFO - Battery: 4.03V (safe)
2025-09-04 15:57:17,612 - INFO - Battery check passed: 4.03V
2025-09-04 15:57:17,612 - INFO - Initializing position estimator to origin...
2025-09-04 15:57:17,614 - INFO - Have successfully stopped logging for id=1
2025-09-04 15:57:17,615 - INFO - Have successfully deleted id=1
2025-09-04 15:57:18,720 - INFO - All parameters updated
2025-09-04 15:57:18,720 - INFO - Callback->Connection completed [radio://0/80/2M/E7E7E7E7E6]
2025-09-04 15:57:18,826 - INFO - Have successfully started logging for id=2
2025-09-04 15:57:25,323 - INFO - Waiting for position estimator...
2025-09-04 15:57:25,326 - INFO - Have successfully stopped logging for id=2
2025-09-04 15:57:25,327 - INFO - Have successfully deleted id=2
2025-09-04 15:57:25,331 - INFO - Have successfully started logging for id=3
2025-09-04 15:57:26,330 - INFO - Position estimator ready
2025-09-04 15:57:26,331 - INFO - Controller parameters optimized
2025-09-04 15:57:26,333 - INFO - Have successfully stopped logging for id=3
2025-09-04 15:57:26,334 - INFO - Have successfully deleted id=3
2025-09-04 15:57:33,697 - INFO - Start collection (slot:10ms)
2025-09-04 15:57:33,698 - INFO - Data collector started
2025-09-04 15:57:33,699 - INFO - Position manager started
2025-09-04 15:57:33,705 - INFO - Have successfully started logging for id=4
2025-09-04 15:57:33,706 - INFO - Have successfully started logging for id=5
2025-09-04 15:57:33,707 - INFO - Have successfully started logging for id=6
2025-09-04 15:57:33,799 - INFO - Position manager data flow is normal
2025-09-04 15:57:35,799 - INFO - Current position: (0.007, 0.043, 0.010, 89.9째)
2025-09-04 15:57:35,799 - INFO - Using absolute coordinate system, ignoring takeoff position offset
2025-09-04 15:57:36,799 - INFO - Pre-flight stabilization to first waypoint: (0.000, 0.000, 0.500)
2025-09-04 15:57:36,950 - INFO - Waypoint1: absolute coordinates(0.000, 0.000, 0.500, yaw=90.0째)
2025-09-04 15:57:36,950 - INFO - Flying to coordinate: (0.000, 0.000, 0.500)
2025-09-04 15:57:46,950 - WARNING - Waypoint timeout 10.0s (final error may still be acceptable)
2025-09-04 15:57:46,950 - WARNING - Waypoint1 not fully reached, continuing execution
2025-09-04 15:57:47,550 - INFO - Waypoint2: absolute coordinates(0.000, 0.000, 1.000, yaw=90.0째)
2025-09-04 15:57:47,550 - INFO - Flying to coordinate: (0.000, 0.000, 1.000)
2025-09-04 15:57:57,550 - WARNING - Waypoint timeout 10.0s (final error may still be acceptable)
2025-09-04 15:57:57,550 - WARNING - Waypoint2 not fully reached, continuing execution
2025-09-04 15:57:58,150 - INFO - Waypoint3: absolute coordinates(0.000, 0.000, 0.500, yaw=90.0째)
2025-09-04 15:57:58,151 - INFO - Flying to coordinate: (0.000, 0.000, 0.500)
2025-09-04 15:57:58,823 - INFO - Have successfully stopped logging for id=6
2025-09-04 15:57:58,919 - INFO - Position manager stopped
2025-09-04 15:57:58,920 - INFO - Stopping data collector...
2025-09-04 15:57:58,923 - INFO - Collection complete - stats: {'created': 2523, 'complete': 2523, 'merged': 0, 'dropped': 0}
2025-09-04 15:57:58,933 - INFO - Have successfully stopped logging for id=4
2025-09-04 15:57:58,934 - INFO - Have successfully stopped logging for id=5
2025-09-04 15:57:59,010 - INFO - Data saved: training_data/vertical_large_20250904_155758.json
2025-09-04 15:57:59,010 - INFO - States: 2523, Commands: 2102, Duration: 25.2s
2025-09-04 15:57:59,011 - INFO - Successfully saved 2523 state data points
2025-09-04 15:57:59,011 - INFO - Successfully saved 2102 control commands
2025-09-04 15:57:59,011 - INFO - Closing link
2025-09-04 15:57:59,012 - INFO - Callback->Disconnected from [radio://0/80/2M/E7E7E7E7E6]
2025-09-04 15:57:59,070 - INFO - User interrupted
