2025-09-05 13:13:49,332 - INFO - === Fixed continuous data collector ===
2025-09-05 13:13:49,332 - INFO - Mission: square_med
2025-09-05 13:13:49,332 - INFO - Waypoints (absolute coordinates): [(0, 0, 0.4), (0.5, 0, 0.4), (0.5, 0.5, 0.4), (0, 0.5, 0.4), (0, 0, 0.4)]
2025-09-05 13:13:49,332 - INFO - Callback->Connection initialized[radio://0/80/2M/E7E7E7E7E6]
2025-09-05 13:13:49,583 - INFO - We are connected[radio://0/80/2M/E7E7E7E7E6], request connection setup
2025-09-05 13:13:49,583 - INFO - Request _request_protocol_version()
2025-09-05 13:13:49,585 - INFO - Callback->Connected to [radio://0/80/2M/E7E7E7E7E6]
2025-09-05 13:13:49,590 - INFO - _crt_service_callback
2025-09-05 13:13:49,590 - INFO - Request protocol version
2025-09-05 13:13:49,594 - INFO - _platform_callback
2025-09-05 13:13:49,594 - INFO - Protocol version (platform): 9
2025-09-05 13:13:49,605 - INFO - TOC for port [5] found in cache
2025-09-05 13:13:49,605 - INFO - Log TOC finished updating
2025-09-05 13:13:49,609 - INFO - 6 memories found
2025-09-05 13:13:49,686 - INFO - Memories finished updating
2025-09-05 13:13:49,692 - INFO - TOC for port [2] found in cache
2025-09-05 13:13:50,179 - INFO - Param TOC finished updating
2025-09-05 13:13:50,179 - INFO - Callback->Connection setup finished [radio://0/80/2M/E7E7E7E7E6]
2025-09-05 13:13:50,180 - INFO - Connected: radio://0/80/2M/E7E7E7E7E6
2025-09-05 13:13:50,190 - INFO - Have successfully started logging for id=1
2025-09-05 13:13:50,290 - INFO - Battery: 3.89V (safe)
2025-09-05 13:13:50,291 - INFO - Battery check passed: 3.89V
2025-09-05 13:13:50,291 - INFO - Initializing position estimator to origin...
2025-09-05 13:13:50,294 - INFO - Have successfully stopped logging for id=1
2025-09-05 13:13:50,295 - INFO - Have successfully deleted id=1
2025-09-05 13:13:51,481 - INFO - All parameters updated
2025-09-05 13:13:51,481 - INFO - Callback->Connection completed [radio://0/80/2M/E7E7E7E7E6]
2025-09-05 13:13:51,589 - INFO - Have successfully started logging for id=2
2025-09-05 13:13:58,087 - INFO - Waiting for position estimator...
2025-09-05 13:13:58,092 - INFO - Have successfully stopped logging for id=2
2025-09-05 13:13:58,094 - INFO - Have successfully deleted id=2
2025-09-05 13:13:58,100 - INFO - Have successfully started logging for id=3
2025-09-05 13:13:59,099 - INFO - Position estimator ready
2025-09-05 13:13:59,101 - INFO - Controller parameters optimized
2025-09-05 13:13:59,105 - INFO - Have successfully stopped logging for id=3
2025-09-05 13:13:59,106 - INFO - Have successfully deleted id=3
2025-09-05 13:14:11,252 - INFO - Start collection (slot:10ms)
2025-09-05 13:14:11,253 - INFO - Data collector started
2025-09-05 13:14:11,255 - INFO - Position manager started
2025-09-05 13:14:11,262 - INFO - Have successfully started logging for id=4
2025-09-05 13:14:11,263 - INFO - Have successfully started logging for id=5
2025-09-05 13:14:11,264 - INFO - Have successfully started logging for id=6
2025-09-05 13:14:11,355 - INFO - Position manager data flow is normal
2025-09-05 13:14:13,356 - INFO - Current position: (0.022, -0.000, 0.009, 90.0°)
2025-09-05 13:14:13,356 - INFO - Using absolute coordinate system, ignoring takeoff position offset
2025-09-05 13:14:14,356 - INFO - Pre-flight stabilization to first waypoint: (0.000, 0.000, 0.400)
2025-09-05 13:14:14,506 - INFO - Waypoint1: absolute coordinates(0.000, 0.000, 0.400, yaw=90.0°)
2025-09-05 13:14:14,506 - INFO - Flying to coordinate: (0.000, 0.000, 0.400)
2025-09-05 13:14:15,616 - INFO - Approaching target (error=0.149m), entering stabilization phase
2025-09-05 13:14:16,156 - INFO - Reached waypoint (error=0.042m, stable_count=30)
2025-09-05 13:14:16,756 - INFO - Waypoint2: absolute coordinates(0.500, 0.000, 0.400, yaw=90.0°)
2025-09-05 13:14:16,757 - INFO - Flying to coordinate: (0.500, 0.000, 0.400)
2025-09-05 13:14:17,567 - INFO - Approaching target (error=0.144m), entering stabilization phase
2025-09-05 13:14:18,350 - WARNING - Control timing drift detected - resyncing
2025-09-05 13:14:19,301 - INFO - Reached waypoint (error=0.062m, stable_count=30)
2025-09-05 13:14:19,901 - INFO - Waypoint3: absolute coordinates(0.500, 0.500, 0.400, yaw=90.0°)
2025-09-05 13:14:19,901 - INFO - Flying to coordinate: (0.500, 0.500, 0.400)
2025-09-05 13:14:20,611 - INFO - Approaching target (error=0.110m), entering stabilization phase
2025-09-05 13:14:21,651 - INFO - Reached waypoint (error=0.064m, stable_count=30)
2025-09-05 13:14:22,252 - INFO - Waypoint4: absolute coordinates(0.000, 0.500, 0.400, yaw=90.0°)
2025-09-05 13:14:22,252 - INFO - Flying to coordinate: (0.000, 0.500, 0.400)
2025-09-05 13:14:22,912 - INFO - Approaching target (error=0.136m), entering stabilization phase
2025-09-05 13:14:23,352 - INFO - Reached waypoint (error=0.039m, stable_count=30)
2025-09-05 13:14:23,953 - INFO - Waypoint5: absolute coordinates(0.000, 0.000, 0.400, yaw=90.0°)
2025-09-05 13:14:23,953 - INFO - Flying to coordinate: (0.000, 0.000, 0.400)
2025-09-05 13:14:24,713 - INFO - Approaching target (error=0.107m), entering stabilization phase
2025-09-05 13:14:26,303 - INFO - Reached waypoint (error=0.025m, stable_count=30)
2025-09-05 13:14:26,904 - INFO - Returning to origin and landing...
2025-09-05 13:14:26,904 - INFO - Flying to coordinate: (0.000, 0.000, 0.200)
2025-09-05 13:14:27,404 - INFO - Approaching target (error=0.142m), entering stabilization phase
2025-09-05 13:14:28,094 - INFO - Reached waypoint (error=0.074m, stable_count=30)
2025-09-05 13:14:28,094 - INFO - Landing...
2025-09-05 13:14:28,094 - INFO - Landing complete
2025-09-05 13:14:28,103 - INFO - Have successfully stopped logging for id=6
2025-09-05 13:14:28,195 - INFO - Position manager stopped
2025-09-05 13:14:28,198 - INFO - Flight mission complete
2025-09-05 13:14:28,198 - INFO - Stopping data collector...
2025-09-05 13:14:28,200 - INFO - Collection complete - stats: {'created': 1695, 'complete': 1694, 'merged': 0, 'dropped': 0}
2025-09-05 13:14:28,208 - INFO - Have successfully stopped logging for id=4
2025-09-05 13:14:28,209 - INFO - Have successfully stopped logging for id=5
2025-09-05 13:14:28,259 - INFO - Data saved: training_data/square_med_20250905_131428.json
2025-09-05 13:14:28,259 - INFO - States: 1694, Commands: 1121, Duration: 16.9s
2025-09-05 13:14:28,260 - INFO - Successfully saved 1694 state data points
2025-09-05 13:14:28,260 - INFO - Successfully saved 1121 control commands
2025-09-05 13:14:28,260 - INFO - Closing link
2025-09-05 13:14:28,260 - INFO - Callback->Disconnected from [radio://0/80/2M/E7E7E7E7E6]
