2025-09-05 12:45:28,303 - INFO - === Fixed continuous data collector ===
2025-09-05 12:45:28,303 - INFO - Mission: square_small
2025-09-05 12:45:28,303 - INFO - Waypoints (absolute coordinates): [(0, 0, 0.3), (0.3, 0, 0.3), (0.3, 0.3, 0.3), (0, 0.3, 0.3), (0, 0, 0.3)]
2025-09-05 12:45:28,303 - INFO - Callback->Connection initialized[radio://0/80/2M/E7E7E7E7E6]
2025-09-05 12:45:28,555 - INFO - We are connected[radio://0/80/2M/E7E7E7E7E6], request connection setup
2025-09-05 12:45:28,555 - INFO - Request _request_protocol_version()
2025-09-05 12:45:28,559 - INFO - Callback->Connected to [radio://0/80/2M/E7E7E7E7E6]
2025-09-05 12:45:28,565 - INFO - _crt_service_callback
2025-09-05 12:45:28,565 - INFO - Request protocol version
2025-09-05 12:45:28,573 - INFO - _platform_callback
2025-09-05 12:45:28,573 - INFO - Protocol version (platform): 9
2025-09-05 12:45:28,583 - INFO - TOC for port [5] found in cache
2025-09-05 12:45:28,584 - INFO - Log TOC finished updating
2025-09-05 12:45:28,587 - INFO - 6 memories found
2025-09-05 12:45:28,671 - INFO - Memories finished updating
2025-09-05 12:45:28,677 - INFO - TOC for port [2] found in cache
2025-09-05 12:45:29,193 - INFO - Param TOC finished updating
2025-09-05 12:45:29,193 - INFO - Callback->Connection setup finished [radio://0/80/2M/E7E7E7E7E6]
2025-09-05 12:45:29,194 - INFO - Connected: radio://0/80/2M/E7E7E7E7E6
2025-09-05 12:45:29,207 - INFO - Have successfully started logging for id=1
2025-09-05 12:45:29,302 - INFO - Battery: 4.03V (safe)
2025-09-05 12:45:29,303 - INFO - Battery check passed: 4.03V
2025-09-05 12:45:29,303 - INFO - Initializing position estimator to origin...
2025-09-05 12:45:29,305 - INFO - Have successfully stopped logging for id=1
2025-09-05 12:45:29,309 - INFO - Have successfully deleted id=1
2025-09-05 12:45:30,580 - INFO - All parameters updated
2025-09-05 12:45:30,580 - INFO - Callback->Connection completed [radio://0/80/2M/E7E7E7E7E6]
2025-09-05 12:45:30,693 - INFO - Have successfully started logging for id=2
2025-09-05 12:45:37,184 - INFO - Waiting for position estimator...
2025-09-05 12:45:37,187 - INFO - Have successfully stopped logging for id=2
2025-09-05 12:45:37,188 - INFO - Have successfully deleted id=2
2025-09-05 12:45:37,195 - INFO - Have successfully started logging for id=3
2025-09-05 12:45:38,192 - INFO - Position estimator ready
2025-09-05 12:45:38,193 - INFO - Controller parameters optimized
2025-09-05 12:45:38,196 - INFO - Have successfully stopped logging for id=3
2025-09-05 12:45:38,197 - INFO - Have successfully deleted id=3
2025-09-05 12:45:42,568 - INFO - Start collection (slot:10ms)
2025-09-05 12:45:42,569 - INFO - Data collector started
2025-09-05 12:45:42,570 - INFO - Position manager started
2025-09-05 12:45:42,579 - INFO - Have successfully started logging for id=4
2025-09-05 12:45:42,580 - INFO - Have successfully started logging for id=5
2025-09-05 12:45:42,583 - INFO - Have successfully started logging for id=6
2025-09-05 12:45:42,671 - INFO - Position manager data flow is normal
2025-09-05 12:45:44,671 - INFO - Current position: (0.027, 0.002, -0.010, 89.9°)
2025-09-05 12:45:44,671 - INFO - Using absolute coordinate system, ignoring takeoff position offset
2025-09-05 12:45:45,671 - INFO - Pre-flight stabilization to first waypoint: (0.000, 0.000, 0.300)
2025-09-05 12:45:45,822 - INFO - Waypoint1: absolute coordinates(0.000, 0.000, 0.300, yaw=90.0°)
2025-09-05 12:45:45,822 - INFO - Flying to coordinate: (0.000, 0.000, 0.300)
2025-09-05 12:45:46,832 - INFO - Approaching target (error=0.140m), entering stabilization phase
2025-09-05 12:45:47,283 - INFO - Reached waypoint (error=0.051m, stable_count=30)
2025-09-05 12:45:47,884 - INFO - Waypoint2: absolute coordinates(0.300, 0.000, 0.300, yaw=90.0°)
2025-09-05 12:45:47,884 - INFO - Flying to coordinate: (0.300, 0.000, 0.300)
2025-09-05 12:45:48,534 - INFO - Approaching target (error=0.146m), entering stabilization phase
2025-09-05 12:45:50,974 - INFO - Reached waypoint (error=0.074m, stable_count=30)
2025-09-05 12:45:51,575 - INFO - Waypoint3: absolute coordinates(0.300, 0.300, 0.300, yaw=90.0°)
2025-09-05 12:45:51,575 - INFO - Flying to coordinate: (0.300, 0.300, 0.300)
2025-09-05 12:45:52,085 - INFO - Approaching target (error=0.132m), entering stabilization phase
2025-09-05 12:45:52,515 - INFO - Reached waypoint (error=0.064m, stable_count=30)
2025-09-05 12:45:53,115 - INFO - Waypoint4: absolute coordinates(0.000, 0.300, 0.300, yaw=90.0°)
2025-09-05 12:45:53,115 - INFO - Flying to coordinate: (0.000, 0.300, 0.300)
2025-09-05 12:45:53,675 - INFO - Approaching target (error=0.148m), entering stabilization phase
2025-09-05 12:45:54,165 - INFO - Reached waypoint (error=0.072m, stable_count=30)
2025-09-05 12:45:54,767 - INFO - Waypoint5: absolute coordinates(0.000, 0.000, 0.300, yaw=90.0°)
2025-09-05 12:45:54,767 - INFO - Flying to coordinate: (0.000, 0.000, 0.300)
2025-09-05 12:45:55,477 - INFO - Approaching target (error=0.142m), entering stabilization phase
2025-09-05 12:45:55,867 - INFO - Reached waypoint (error=0.036m, stable_count=30)
2025-09-05 12:45:56,467 - INFO - Returning to origin and landing...
2025-09-05 12:45:56,467 - INFO - Flying to coordinate: (0.000, 0.000, 0.200)
2025-09-05 12:45:56,467 - INFO - Approaching target (error=0.107m), entering stabilization phase
2025-09-05 12:45:57,967 - INFO - Reached waypoint (error=0.020m, stable_count=30)
2025-09-05 12:45:57,967 - INFO - Landing...
2025-09-05 12:45:57,969 - INFO - Landing complete
2025-09-05 12:45:57,974 - INFO - Have successfully stopped logging for id=6
2025-09-05 12:45:58,071 - INFO - Position manager stopped
2025-09-05 12:45:58,075 - INFO - Flight mission complete
2025-09-05 12:45:58,075 - INFO - Stopping data collector...
2025-09-05 12:45:58,081 - INFO - Collection complete - stats: {'created': 1550, 'complete': 1550, 'merged': 0, 'dropped': 0}
2025-09-05 12:45:58,089 - INFO - Have successfully stopped logging for id=4
2025-09-05 12:45:58,093 - INFO - Have successfully stopped logging for id=5
2025-09-05 12:45:58,134 - INFO - Data saved: training_data/square_small_20250905_124558.json
2025-09-05 12:45:58,135 - INFO - States: 1550, Commands: 982, Duration: 15.5s
2025-09-05 12:45:58,135 - INFO - Successfully saved 1550 state data points
2025-09-05 12:45:58,135 - INFO - Successfully saved 982 control commands
2025-09-05 12:45:58,135 - INFO - Closing link
2025-09-05 12:45:58,136 - INFO - Callback->Disconnected from [radio://0/80/2M/E7E7E7E7E6]
