2025-09-05 13:26:18,584 - INFO - === Fixed continuous data collector ===
2025-09-05 13:26:18,584 - INFO - Mission: square_med
2025-09-05 13:26:18,584 - INFO - Waypoints (absolute coordinates): [(0, 0, 0.4), (0.5, 0, 0.4), (0.5, 0.5, 0.4), (0, 0.5, 0.4), (0, 0, 0.4)]
2025-09-05 13:26:18,585 - INFO - Callback->Connection initialized[radio://0/80/2M/E7E7E7E7E6]
2025-09-05 13:26:18,836 - INFO - We are connected[radio://0/80/2M/E7E7E7E7E6], request connection setup
2025-09-05 13:26:18,837 - INFO - Request _request_protocol_version()
2025-09-05 13:26:18,839 - INFO - Callback->Connected to [radio://0/80/2M/E7E7E7E7E6]
2025-09-05 13:26:18,843 - INFO - _crt_service_callback
2025-09-05 13:26:18,843 - INFO - Request protocol version
2025-09-05 13:26:18,847 - INFO - _platform_callback
2025-09-05 13:26:18,847 - INFO - Protocol version (platform): 9
2025-09-05 13:26:18,858 - INFO - TOC for port [5] found in cache
2025-09-05 13:26:18,858 - INFO - Log TOC finished updating
2025-09-05 13:26:18,861 - INFO - 6 memories found
2025-09-05 13:26:18,942 - INFO - Memories finished updating
2025-09-05 13:26:18,948 - INFO - TOC for port [2] found in cache
2025-09-05 13:26:19,450 - INFO - Param TOC finished updating
2025-09-05 13:26:19,450 - INFO - Callback->Connection setup finished [radio://0/80/2M/E7E7E7E7E6]
2025-09-05 13:26:19,451 - INFO - Connected: radio://0/80/2M/E7E7E7E7E6
2025-09-05 13:26:19,462 - INFO - Have successfully started logging for id=1
2025-09-05 13:26:19,562 - INFO - Battery: 3.80V (low)
2025-09-05 13:26:19,563 - ERROR - Battery voltage too low: 3.80V < 3.8V
2025-09-05 13:26:19,563 - INFO - Closing link
2025-09-05 13:26:19,565 - INFO - Callback->Disconnected from [radio://0/80/2M/E7E7E7E7E6]
