2025-09-04 13:58:26,151 - INFO - === Fixed continuous data collector ===
2025-09-04 13:58:26,151 - INFO - Mission: vertical_med
2025-09-04 13:58:26,151 - INFO - Waypoints (absolute coordinates): [(0, 0, 0.4), (0, 0, 0.8), (0, 0, 0.4)]
2025-09-04 13:58:26,151 - INFO - Callback->Connection initialized[radio://0/80/2M/E7E7E7E7E6]
2025-09-04 13:58:26,403 - INFO - We are connected[radio://0/80/2M/E7E7E7E7E6], request connection setup
2025-09-04 13:58:26,403 - INFO - Request _request_protocol_version()
2025-09-04 13:58:26,410 - INFO - Callback->Connected to [radio://0/80/2M/E7E7E7E7E6]
2025-09-04 13:58:26,514 - INFO - _crt_service_callback
2025-09-04 13:58:26,514 - INFO - Request protocol version
2025-09-04 13:58:26,518 - INFO - _platform_callback
2025-09-04 13:58:26,518 - INFO - Protocol version (platform): 9
2025-09-04 13:58:26,531 - INFO - TOC for port [5] found in cache
2025-09-04 13:58:26,531 - INFO - Log TOC finished updating
2025-09-04 13:58:26,536 - INFO - 6 memories found
2025-09-04 13:58:26,626 - INFO - Memories finished updating
2025-09-04 13:58:26,635 - INFO - TOC for port [2] found in cache
2025-09-04 13:58:27,261 - INFO - Param TOC finished updating
2025-09-04 13:58:27,261 - INFO - Callback->Connection setup finished [radio://0/80/2M/E7E7E7E7E6]
2025-09-04 13:58:27,262 - INFO - Connected: radio://0/80/2M/E7E7E7E7E6
2025-09-04 13:58:27,271 - INFO - Have successfully started logging for id=1
2025-09-04 13:58:27,372 - INFO - Battery: 3.86V (safe)
2025-09-04 13:58:27,373 - INFO - Battery check passed: 3.86V
2025-09-04 13:58:27,373 - INFO - Initializing position estimator to origin...
2025-09-04 13:58:27,375 - INFO - Have successfully stopped logging for id=1
2025-09-04 13:58:27,379 - INFO - Have successfully deleted id=1
2025-09-04 13:58:28,740 - INFO - All parameters updated
2025-09-04 13:58:28,740 - INFO - Callback->Connection completed [radio://0/80/2M/E7E7E7E7E6]
2025-09-04 13:58:28,848 - INFO - Have successfully started logging for id=2
2025-09-04 13:58:35,343 - INFO - Waiting for position estimator...
2025-09-04 13:58:35,346 - INFO - Have successfully stopped logging for id=2
2025-09-04 13:58:35,347 - INFO - Have successfully deleted id=2
2025-09-04 13:58:35,354 - INFO - Have successfully started logging for id=3
2025-09-04 13:58:36,351 - INFO - Position estimator ready
2025-09-04 13:58:36,352 - INFO - Controller parameters optimized
2025-09-04 13:58:36,354 - INFO - Have successfully stopped logging for id=3
2025-09-04 13:58:36,356 - INFO - Have successfully deleted id=3
2025-09-04 13:58:40,536 - INFO - Start collection (slot:10ms)
2025-09-04 13:58:40,537 - INFO - Data collector started
2025-09-04 13:58:40,538 - INFO - Position manager started
2025-09-04 13:58:40,545 - INFO - Have successfully started logging for id=4
2025-09-04 13:58:40,546 - INFO - Have successfully started logging for id=5
2025-09-04 13:58:40,547 - INFO - Have successfully started logging for id=6
2025-09-04 13:58:40,638 - INFO - Position manager data flow is normal
2025-09-04 13:58:42,638 - INFO - Current position: (0.031, 0.039, 0.003, 89.9째)
2025-09-04 13:58:42,638 - INFO - Using absolute coordinate system, ignoring takeoff position offset
2025-09-04 13:58:43,639 - INFO - Pre-flight stabilization to first waypoint: (0.000, 0.000, 0.400)
2025-09-04 13:58:43,789 - INFO - Waypoint1: absolute coordinates(0.000, 0.000, 0.400, yaw=90.0째)
2025-09-04 13:58:43,789 - INFO - Flying to coordinate: (0.000, 0.000, 0.400)
2025-09-04 13:58:44,899 - INFO - Approaching target (error=0.132m), entering stabilization phase
2025-09-04 13:58:45,389 - INFO - Reached waypoint (error=0.044m, stable_count=30)
2025-09-04 13:58:45,989 - INFO - Waypoint2: absolute coordinates(0.000, 0.000, 0.800, yaw=90.0째)
2025-09-04 13:58:45,989 - INFO - Flying to coordinate: (0.000, 0.000, 0.800)
2025-09-04 13:58:46,499 - INFO - Approaching target (error=0.137m), entering stabilization phase
2025-09-04 13:58:46,989 - INFO - Reached waypoint (error=0.047m, stable_count=30)
2025-09-04 13:58:47,590 - INFO - Waypoint3: absolute coordinates(0.000, 0.000, 0.400, yaw=90.0째)
2025-09-04 13:58:47,590 - INFO - Flying to coordinate: (0.000, 0.000, 0.400)
2025-09-04 13:58:48,550 - INFO - Approaching target (error=0.144m), entering stabilization phase
2025-09-04 13:58:49,290 - INFO - Reached waypoint (error=0.061m, stable_count=30)
2025-09-04 13:58:49,890 - INFO - Returning to origin and landing...
2025-09-04 13:58:49,890 - INFO - Flying to coordinate: (0.000, 0.000, 0.200)
2025-09-04 13:58:50,400 - INFO - Approaching target (error=0.138m), entering stabilization phase
2025-09-04 13:58:51,190 - INFO - Reached waypoint (error=0.053m, stable_count=30)
2025-09-04 13:58:51,190 - INFO - Landing...
2025-09-04 13:58:51,191 - INFO - Landing complete
2025-09-04 13:58:51,196 - INFO - Have successfully stopped logging for id=6
2025-09-04 13:58:51,292 - INFO - Position manager stopped
2025-09-04 13:58:51,301 - INFO - Flight mission complete
2025-09-04 13:58:51,302 - INFO - Stopping data collector...
2025-09-04 13:58:51,312 - INFO - Collection complete - stats: {'created': 1075, 'complete': 1075, 'merged': 0, 'dropped': 0}
2025-09-04 13:58:51,324 - INFO - Have successfully stopped logging for id=4
2025-09-04 13:58:51,331 - INFO - Have successfully stopped logging for id=5
2025-09-04 13:58:51,349 - INFO - Data saved: training_data/vertical_med_20250904_135851.json
2025-09-04 13:58:51,349 - INFO - States: 1075, Commands: 605, Duration: 10.8s
2025-09-04 13:58:51,350 - INFO - Successfully saved 1075 state data points
2025-09-04 13:58:51,350 - INFO - Successfully saved 605 control commands
2025-09-04 13:58:51,350 - INFO - Closing link
2025-09-04 13:58:51,350 - INFO - Callback->Disconnected from [radio://0/80/2M/E7E7E7E7E6]
