2025-09-04 15:01:31,092 - INFO - === Fixed continuous data collector ===
2025-09-04 15:01:31,092 - INFO - Mission: vertical_large
2025-09-04 15:01:31,092 - INFO - Waypoints (absolute coordinates): [(0, 0, 0.5), (0, 0, 1.0), (0, 0, 0.5)]
2025-09-04 15:01:31,093 - INFO - Callback->Connection initialized[radio://0/80/2M/E7E7E7E7E6]
2025-09-04 15:01:31,343 - INFO - We are connected[radio://0/80/2M/E7E7E7E7E6], request connection setup
2025-09-04 15:01:31,343 - INFO - Request _request_protocol_version()
2025-09-04 15:01:31,345 - INFO - Callback->Connected to [radio://0/80/2M/E7E7E7E7E6]
2025-09-04 15:01:31,352 - INFO - _crt_service_callback
2025-09-04 15:01:31,352 - INFO - Request protocol version
2025-09-04 15:01:31,358 - INFO - _platform_callback
2025-09-04 15:01:31,358 - INFO - Protocol version (platform): 9
2025-09-04 15:01:31,370 - INFO - TOC for port [5] found in cache
2025-09-04 15:01:31,370 - INFO - Log TOC finished updating
2025-09-04 15:01:31,373 - INFO - 6 memories found
2025-09-04 15:01:31,459 - INFO - Memories finished updating
2025-09-04 15:01:31,465 - INFO - TOC for port [2] found in cache
2025-09-04 15:01:31,996 - INFO - Param TOC finished updating
2025-09-04 15:01:31,997 - INFO - Callback->Connection setup finished [radio://0/80/2M/E7E7E7E7E6]
2025-09-04 15:01:31,998 - INFO - Connected: radio://0/80/2M/E7E7E7E7E6
2025-09-04 15:01:32,007 - INFO - Have successfully started logging for id=1
2025-09-04 15:01:32,106 - INFO - Battery: 3.84V (safe)
2025-09-04 15:01:32,107 - INFO - Battery check passed: 3.84V
2025-09-04 15:01:32,107 - INFO - Initializing position estimator to origin...
2025-09-04 15:01:32,110 - INFO - Have successfully stopped logging for id=1
2025-09-04 15:01:32,111 - INFO - Have successfully deleted id=1
2025-09-04 15:01:33,354 - INFO - All parameters updated
2025-09-04 15:01:33,354 - INFO - Callback->Connection completed [radio://0/80/2M/E7E7E7E7E6]
2025-09-04 15:01:33,466 - INFO - Have successfully started logging for id=2
2025-09-04 15:01:39,959 - INFO - Waiting for position estimator...
2025-09-04 15:01:39,963 - INFO - Have successfully stopped logging for id=2
2025-09-04 15:01:39,964 - INFO - Have successfully deleted id=2
2025-09-04 15:01:39,969 - INFO - Have successfully started logging for id=3
2025-09-04 15:01:40,971 - INFO - Position estimator ready
2025-09-04 15:01:40,974 - INFO - Controller parameters optimized
2025-09-04 15:01:40,981 - INFO - Have successfully stopped logging for id=3
2025-09-04 15:01:40,983 - INFO - Have successfully deleted id=3
2025-09-04 15:01:44,624 - INFO - Start collection (slot:10ms)
2025-09-04 15:01:44,628 - INFO - Data collector started
2025-09-04 15:01:44,629 - INFO - Position manager started
2025-09-04 15:01:44,638 - INFO - Have successfully started logging for id=4
2025-09-04 15:01:44,639 - INFO - Have successfully started logging for id=5
2025-09-04 15:01:44,640 - INFO - Have successfully started logging for id=6
2025-09-04 15:01:44,729 - INFO - Position manager data flow is normal
2025-09-04 15:01:46,729 - INFO - Current position: (0.042, 0.041, 0.016, 90.9째)
2025-09-04 15:01:46,729 - INFO - Using absolute coordinate system, ignoring takeoff position offset
2025-09-04 15:01:47,730 - INFO - Pre-flight stabilization to first waypoint: (0.000, 0.000, 0.500)
2025-09-04 15:01:47,881 - INFO - Waypoint1: absolute coordinates(0.000, 0.000, 0.500, yaw=90.0째)
2025-09-04 15:01:47,881 - INFO - Flying to coordinate: (0.000, 0.000, 0.500)
2025-09-04 15:01:57,881 - WARNING - Waypoint timeout 10.0s (final error may still be acceptable)
2025-09-04 15:01:57,881 - WARNING - Waypoint1 not fully reached, continuing execution
2025-09-04 15:01:58,483 - INFO - Waypoint2: absolute coordinates(0.000, 0.000, 1.000, yaw=90.0째)
2025-09-04 15:01:58,483 - INFO - Flying to coordinate: (0.000, 0.000, 1.000)
2025-09-04 15:02:08,483 - WARNING - Waypoint timeout 10.0s (final error may still be acceptable)
2025-09-04 15:02:08,483 - WARNING - Waypoint2 not fully reached, continuing execution
2025-09-04 15:02:09,084 - INFO - Waypoint3: absolute coordinates(0.000, 0.000, 0.500, yaw=90.0째)
2025-09-04 15:02:09,084 - INFO - Flying to coordinate: (0.000, 0.000, 0.500)
2025-09-04 15:02:12,640 - INFO - Have successfully stopped logging for id=6
2025-09-04 15:02:12,735 - INFO - Position manager stopped
2025-09-04 15:02:12,738 - INFO - Stopping data collector...
2025-09-04 15:02:12,740 - INFO - Collection complete - stats: {'created': 2812, 'complete': 2812, 'merged': 0, 'dropped': 0}
2025-09-04 15:02:12,749 - INFO - Have successfully stopped logging for id=4
2025-09-04 15:02:12,753 - INFO - Have successfully stopped logging for id=5
2025-09-04 15:02:12,839 - INFO - Data saved: training_data/vertical_large_20250904_150212.json
2025-09-04 15:02:12,839 - INFO - States: 2812, Commands: 2394, Duration: 28.1s
2025-09-04 15:02:12,839 - INFO - Successfully saved 2812 state data points
2025-09-04 15:02:12,839 - INFO - Successfully saved 2394 control commands
2025-09-04 15:02:12,839 - INFO - Closing link
2025-09-04 15:02:12,840 - INFO - Callback->Disconnected from [radio://0/80/2M/E7E7E7E7E6]
2025-09-04 15:02:12,852 - INFO - User interrupted
