2025-09-04 15:47:00,749 - INFO - === Fixed continuous data collector ===
2025-09-04 15:47:00,749 - INFO - Mission: vertical_large
2025-09-04 15:47:00,749 - INFO - Waypoints (absolute coordinates): [(0, 0, 0.5), (0, 0, 1.0), (0, 0, 0.5)]
2025-09-04 15:47:00,750 - INFO - Callback->Connection initialized[radio://0/80/2M/E7E7E7E7E6]
2025-09-04 15:47:00,999 - INFO - We are connected[radio://0/80/2M/E7E7E7E7E6], request connection setup
2025-09-04 15:47:01,000 - INFO - Request _request_protocol_version()
2025-09-04 15:47:01,003 - INFO - Callback->Connected to [radio://0/80/2M/E7E7E7E7E6]
2025-09-04 15:47:01,006 - INFO - _crt_service_callback
2025-09-04 15:47:01,006 - INFO - Request protocol version
2025-09-04 15:47:01,015 - INFO - _platform_callback
2025-09-04 15:47:01,015 - INFO - Protocol version (platform): 9
2025-09-04 15:47:01,025 - INFO - TOC for port [5] found in cache
2025-09-04 15:47:01,025 - INFO - Log TOC finished updating
2025-09-04 15:47:01,029 - INFO - 6 memories found
2025-09-04 15:47:01,110 - INFO - Memories finished updating
2025-09-04 15:47:01,116 - INFO - TOC for port [2] found in cache
2025-09-04 15:47:01,679 - INFO - Param TOC finished updating
2025-09-04 15:47:01,679 - INFO - Callback->Connection setup finished [radio://0/80/2M/E7E7E7E7E6]
2025-09-04 15:47:01,680 - INFO - Connected: radio://0/80/2M/E7E7E7E7E6
2025-09-04 15:47:01,694 - INFO - Have successfully started logging for id=1
2025-09-04 15:47:01,792 - INFO - Battery: 3.87V (safe)
2025-09-04 15:47:01,793 - INFO - Battery check passed: 3.87V
2025-09-04 15:47:01,793 - INFO - Initializing position estimator to origin...
2025-09-04 15:47:01,796 - INFO - Have successfully stopped logging for id=1
2025-09-04 15:47:01,797 - INFO - Have successfully deleted id=1
2025-09-04 15:47:02,838 - INFO - All parameters updated
2025-09-04 15:47:02,838 - INFO - Callback->Connection completed [radio://0/80/2M/E7E7E7E7E6]
2025-09-04 15:47:02,948 - INFO - Have successfully started logging for id=2
2025-09-04 15:47:09,443 - INFO - Waiting for position estimator...
2025-09-04 15:47:09,448 - INFO - Have successfully stopped logging for id=2
2025-09-04 15:47:09,450 - INFO - Have successfully deleted id=2
2025-09-04 15:47:09,455 - INFO - Have successfully started logging for id=3
2025-09-04 15:47:10,453 - INFO - Position estimator ready
2025-09-04 15:47:10,454 - INFO - Controller parameters optimized
2025-09-04 15:47:10,457 - INFO - Have successfully stopped logging for id=3
2025-09-04 15:47:10,457 - INFO - Have successfully deleted id=3
2025-09-04 15:47:17,194 - INFO - Start collection (slot:10ms)
2025-09-04 15:47:17,195 - INFO - Data collector started
2025-09-04 15:47:17,196 - INFO - Position manager started
2025-09-04 15:47:17,207 - INFO - Have successfully started logging for id=4
2025-09-04 15:47:17,208 - INFO - Have successfully started logging for id=5
2025-09-04 15:47:17,209 - INFO - Have successfully started logging for id=6
2025-09-04 15:47:17,297 - INFO - Position manager data flow is normal
2025-09-04 15:47:19,297 - INFO - Current position: (0.027, 0.023, 0.027, 89.7째)
2025-09-04 15:47:19,297 - INFO - Using absolute coordinate system, ignoring takeoff position offset
2025-09-04 15:47:20,297 - INFO - Pre-flight stabilization to first waypoint: (0.000, 0.000, 0.500)
2025-09-04 15:47:20,447 - INFO - Waypoint1: absolute coordinates(0.000, 0.000, 0.500, yaw=90.0째)
2025-09-04 15:47:20,447 - INFO - Flying to coordinate: (0.000, 0.000, 0.500)
2025-09-04 15:47:21,507 - INFO - Approaching target (error=0.136m), entering stabilization phase
2025-09-04 15:47:21,997 - INFO - Reached waypoint (error=0.016m, stable_count=30)
2025-09-04 15:47:22,597 - INFO - Waypoint2: absolute coordinates(0.000, 0.000, 1.000, yaw=90.0째)
2025-09-04 15:47:22,598 - INFO - Flying to coordinate: (0.000, 0.000, 1.000)
2025-09-04 15:47:23,158 - INFO - Approaching target (error=0.135m), entering stabilization phase
2025-09-04 15:47:23,598 - INFO - Reached waypoint (error=0.069m, stable_count=30)
2025-09-04 15:47:24,198 - INFO - Waypoint3: absolute coordinates(0.000, 0.000, 0.500, yaw=90.0째)
2025-09-04 15:47:24,198 - INFO - Flying to coordinate: (0.000, 0.000, 0.500)
2025-09-04 15:47:25,258 - INFO - Approaching target (error=0.134m), entering stabilization phase
2025-09-04 15:47:25,798 - INFO - Reached waypoint (error=0.054m, stable_count=30)
2025-09-04 15:47:26,398 - INFO - Returning to origin and landing...
2025-09-04 15:47:26,398 - INFO - Flying to coordinate: (0.000, 0.000, 0.200)
2025-09-04 15:47:27,159 - INFO - Approaching target (error=0.148m), entering stabilization phase
2025-09-04 15:47:27,899 - INFO - Reached waypoint (error=0.045m, stable_count=30)
2025-09-04 15:47:27,899 - INFO - Landing...
2025-09-04 15:47:27,899 - INFO - Landing complete
2025-09-04 15:47:27,904 - INFO - Have successfully stopped logging for id=6
2025-09-04 15:47:28,000 - INFO - Position manager stopped
2025-09-04 15:47:28,001 - INFO - Flight mission complete
2025-09-04 15:47:28,001 - INFO - Stopping data collector...
2025-09-04 15:47:28,003 - INFO - Collection complete - stats: {'created': 1080, 'complete': 1080, 'merged': 0, 'dropped': 0}
2025-09-04 15:47:28,011 - INFO - Have successfully stopped logging for id=4
2025-09-04 15:47:28,015 - INFO - Have successfully stopped logging for id=5
2025-09-04 15:47:28,040 - INFO - Data saved: training_data/vertical_large_20250904_154728.json
2025-09-04 15:47:28,040 - INFO - States: 1080, Commands: 610, Duration: 10.8s
2025-09-04 15:47:28,041 - INFO - Successfully saved 1080 state data points
2025-09-04 15:47:28,041 - INFO - Successfully saved 610 control commands
2025-09-04 15:47:28,041 - INFO - Closing link
2025-09-04 15:47:28,041 - INFO - Callback->Disconnected from [radio://0/80/2M/E7E7E7E7E6]
