2025-09-04 14:13:06,026 - INFO - === Fixed continuous data collector ===
2025-09-04 14:13:06,026 - INFO - Mission: vertical_med
2025-09-04 14:13:06,026 - INFO - Waypoints (absolute coordinates): [(0, 0, 0.4), (0, 0, 0.8), (0, 0, 0.4)]
2025-09-04 14:13:06,027 - INFO - Callback->Connection initialized[radio://0/80/2M/E7E7E7E7E6]
2025-09-04 14:13:06,278 - INFO - We are connected[radio://0/80/2M/E7E7E7E7E6], request connection setup
2025-09-04 14:13:06,278 - INFO - Request _request_protocol_version()
2025-09-04 14:13:06,280 - INFO - Callback->Connected to [radio://0/80/2M/E7E7E7E7E6]
2025-09-04 14:13:06,284 - INFO - _crt_service_callback
2025-09-04 14:13:06,284 - INFO - Request protocol version
2025-09-04 14:13:06,287 - INFO - _platform_callback
2025-09-04 14:13:06,287 - INFO - Protocol version (platform): 9
2025-09-04 14:13:06,298 - INFO - TOC for port [5] found in cache
2025-09-04 14:13:06,298 - INFO - Log TOC finished updating
2025-09-04 14:13:06,304 - INFO - 6 memories found
2025-09-04 14:13:06,387 - INFO - Memories finished updating
2025-09-04 14:13:06,393 - INFO - TOC for port [2] found in cache
2025-09-04 14:13:06,907 - INFO - Param TOC finished updating
2025-09-04 14:13:06,907 - INFO - Callback->Connection setup finished [radio://0/80/2M/E7E7E7E7E6]
2025-09-04 14:13:06,908 - INFO - Connected: radio://0/80/2M/E7E7E7E7E6
2025-09-04 14:13:06,918 - INFO - Have successfully started logging for id=1
2025-09-04 14:13:07,018 - INFO - Battery: 3.81V (safe)
2025-09-04 14:13:07,019 - INFO - Battery check passed: 3.81V
2025-09-04 14:13:07,019 - INFO - Initializing position estimator to origin...
2025-09-04 14:13:07,022 - INFO - Have successfully stopped logging for id=1
2025-09-04 14:13:07,023 - INFO - Have successfully deleted id=1
2025-09-04 14:13:08,187 - INFO - All parameters updated
2025-09-04 14:13:08,187 - INFO - Callback->Connection completed [radio://0/80/2M/E7E7E7E7E6]
2025-09-04 14:13:08,298 - INFO - Have successfully started logging for id=2
2025-09-04 14:13:14,793 - INFO - Waiting for position estimator...
2025-09-04 14:13:14,797 - INFO - Have successfully stopped logging for id=2
2025-09-04 14:13:14,799 - INFO - Have successfully deleted id=2
2025-09-04 14:13:14,810 - INFO - Have successfully started logging for id=3
2025-09-04 14:13:15,807 - INFO - Position estimator ready
2025-09-04 14:13:15,808 - INFO - Controller parameters optimized
2025-09-04 14:13:15,812 - INFO - Have successfully stopped logging for id=3
2025-09-04 14:13:15,813 - INFO - Have successfully deleted id=3
2025-09-04 14:13:19,912 - INFO - Start collection (slot:10ms)
2025-09-04 14:13:19,913 - INFO - Data collector started
2025-09-04 14:13:19,916 - INFO - Position manager started
2025-09-04 14:13:19,921 - INFO - Have successfully started logging for id=4
2025-09-04 14:13:19,922 - INFO - Have successfully started logging for id=5
2025-09-04 14:13:19,924 - INFO - Have successfully started logging for id=6
2025-09-04 14:13:20,016 - INFO - Position manager data flow is normal
2025-09-04 14:13:22,016 - INFO - Current position: (0.028, 0.048, -0.005, 89.9째)
2025-09-04 14:13:22,016 - INFO - Using absolute coordinate system, ignoring takeoff position offset
2025-09-04 14:13:23,016 - INFO - Pre-flight stabilization to first waypoint: (0.000, 0.000, 0.400)
2025-09-04 14:13:23,167 - INFO - Waypoint1: absolute coordinates(0.000, 0.000, 0.400, yaw=90.0째)
2025-09-04 14:13:23,167 - INFO - Flying to coordinate: (0.000, 0.000, 0.400)
2025-09-04 14:13:24,227 - INFO - Approaching target (error=0.144m), entering stabilization phase
2025-09-04 14:13:24,817 - INFO - Reached waypoint (error=0.064m, stable_count=30)
2025-09-04 14:13:25,418 - INFO - Waypoint2: absolute coordinates(0.000, 0.000, 0.800, yaw=90.0째)
2025-09-04 14:13:25,418 - INFO - Flying to coordinate: (0.000, 0.000, 0.800)
2025-09-04 14:13:26,028 - INFO - Approaching target (error=0.142m), entering stabilization phase
2025-09-04 14:13:30,068 - INFO - Reached waypoint (error=0.070m, stable_count=30)
2025-09-04 14:13:30,669 - INFO - Waypoint3: absolute coordinates(0.000, 0.000, 0.400, yaw=90.0째)
2025-09-04 14:13:30,669 - INFO - Flying to coordinate: (0.000, 0.000, 0.400)
2025-09-04 14:13:31,519 - INFO - Approaching target (error=0.147m), entering stabilization phase
2025-09-04 14:13:32,359 - INFO - Reached waypoint (error=0.068m, stable_count=30)
2025-09-04 14:13:32,959 - INFO - Returning to origin and landing...
2025-09-04 14:13:32,959 - INFO - Flying to coordinate: (0.000, 0.000, 0.200)
2025-09-04 14:13:33,219 - INFO - Approaching target (error=0.148m), entering stabilization phase
2025-09-04 14:13:33,759 - INFO - Reached waypoint (error=0.045m, stable_count=30)
2025-09-04 14:13:33,759 - INFO - Landing...
2025-09-04 14:13:33,760 - INFO - Landing complete
2025-09-04 14:13:33,767 - INFO - Have successfully stopped logging for id=6
2025-09-04 14:13:33,861 - INFO - Position manager stopped
2025-09-04 14:13:33,865 - INFO - Flight mission complete
2025-09-04 14:13:33,865 - INFO - Stopping data collector...
2025-09-04 14:13:33,870 - INFO - Collection complete - stats: {'created': 1394, 'complete': 1394, 'merged': 0, 'dropped': 0}
2025-09-04 14:13:33,882 - INFO - Have successfully stopped logging for id=4
2025-09-04 14:13:33,890 - INFO - Have successfully stopped logging for id=5
2025-09-04 14:13:33,918 - INFO - Data saved: training_data/vertical_med_20250904_141333.json
2025-09-04 14:13:33,918 - INFO - States: 1394, Commands: 925, Duration: 13.9s
2025-09-04 14:13:33,919 - INFO - Successfully saved 1394 state data points
2025-09-04 14:13:33,919 - INFO - Successfully saved 925 control commands
2025-09-04 14:13:33,919 - INFO - Closing link
2025-09-04 14:13:33,919 - INFO - Callback->Disconnected from [radio://0/80/2M/E7E7E7E7E6]
