2025-09-04 14:53:03,260 - INFO - === Fixed continuous data collector ===
2025-09-04 14:53:03,260 - INFO - Mission: vertical_med
2025-09-04 14:53:03,260 - INFO - Waypoints (absolute coordinates): [(0, 0, 0.4), (0, 0, 0.8), (0, 0, 0.4)]
2025-09-04 14:53:03,260 - INFO - Callback->Connection initialized[radio://0/80/2M/E7E7E7E7E6]
2025-09-04 14:53:03,511 - INFO - We are connected[radio://0/80/2M/E7E7E7E7E6], request connection setup
2025-09-04 14:53:03,512 - INFO - Request _request_protocol_version()
2025-09-04 14:53:03,525 - INFO - Callback->Connected to [radio://0/80/2M/E7E7E7E7E6]
2025-09-04 14:53:03,611 - INFO - _crt_service_callback
2025-09-04 14:53:03,611 - INFO - Request protocol version
2025-09-04 14:53:03,614 - INFO - _platform_callback
2025-09-04 14:53:03,614 - INFO - Protocol version (platform): 9
2025-09-04 14:53:03,624 - INFO - TOC for port [5] found in cache
2025-09-04 14:53:03,624 - INFO - Log TOC finished updating
2025-09-04 14:53:03,626 - INFO - 6 memories found
2025-09-04 14:53:03,707 - INFO - Memories finished updating
2025-09-04 14:53:03,713 - INFO - TOC for port [2] found in cache
2025-09-04 14:53:04,219 - INFO - Param TOC finished updating
2025-09-04 14:53:04,219 - INFO - Callback->Connection setup finished [radio://0/80/2M/E7E7E7E7E6]
2025-09-04 14:53:04,220 - INFO - Connected: radio://0/80/2M/E7E7E7E7E6
2025-09-04 14:53:04,229 - INFO - Have successfully started logging for id=1
2025-09-04 14:53:04,327 - INFO - Battery: 4.12V (safe)
2025-09-04 14:53:04,328 - INFO - Battery check passed: 4.12V
2025-09-04 14:53:04,329 - INFO - Initializing position estimator to origin...
2025-09-04 14:53:04,332 - INFO - Have successfully stopped logging for id=1
2025-09-04 14:53:04,333 - INFO - Have successfully deleted id=1
2025-09-04 14:53:05,597 - INFO - All parameters updated
2025-09-04 14:53:05,597 - INFO - Callback->Connection completed [radio://0/80/2M/E7E7E7E7E6]
2025-09-04 14:53:05,704 - INFO - Have successfully started logging for id=2
2025-09-04 14:53:12,701 - INFO - Waiting for position estimator...
2025-09-04 14:53:12,706 - INFO - Have successfully stopped logging for id=2
2025-09-04 14:53:12,708 - INFO - Have successfully deleted id=2
2025-09-04 14:53:12,712 - INFO - Have successfully started logging for id=3
2025-09-04 14:53:13,714 - INFO - Position estimator ready
2025-09-04 14:53:13,715 - INFO - Controller parameters optimized
2025-09-04 14:53:13,718 - INFO - Have successfully stopped logging for id=3
2025-09-04 14:53:13,719 - INFO - Have successfully deleted id=3
2025-09-04 14:53:22,327 - INFO - Start collection (slot:10ms)
2025-09-04 14:53:22,328 - INFO - Data collector started
2025-09-04 14:53:22,329 - INFO - Position manager started
2025-09-04 14:53:22,338 - INFO - Have successfully started logging for id=4
2025-09-04 14:53:22,339 - INFO - Have successfully started logging for id=5
2025-09-04 14:53:22,339 - INFO - Have successfully started logging for id=6
2025-09-04 14:53:22,429 - INFO - Position manager data flow is normal
2025-09-04 14:53:24,429 - INFO - Current position: (0.025, 0.067, -0.068, 90.7째)
2025-09-04 14:53:24,430 - INFO - Using absolute coordinate system, ignoring takeoff position offset
2025-09-04 14:53:25,430 - INFO - Pre-flight stabilization to first waypoint: (0.000, 0.000, 0.400)
2025-09-04 14:53:25,583 - INFO - Waypoint1: absolute coordinates(0.000, 0.000, 0.400, yaw=90.0째)
2025-09-04 14:53:25,583 - INFO - Flying to coordinate: (0.000, 0.000, 0.400)
2025-09-04 14:53:26,443 - INFO - Approaching target (error=0.146m), entering stabilization phase
2025-09-04 14:53:26,933 - INFO - Reached waypoint (error=0.051m, stable_count=30)
2025-09-04 14:53:27,534 - INFO - Waypoint2: absolute coordinates(0.000, 0.000, 0.800, yaw=90.0째)
2025-09-04 14:53:27,534 - INFO - Flying to coordinate: (0.000, 0.000, 0.800)
2025-09-04 14:53:27,944 - INFO - Approaching target (error=0.149m), entering stabilization phase
2025-09-04 14:53:33,434 - INFO - Reached waypoint (error=0.059m, stable_count=30)
2025-09-04 14:53:34,034 - INFO - Waypoint3: absolute coordinates(0.000, 0.000, 0.400, yaw=90.0째)
2025-09-04 14:53:34,034 - INFO - Flying to coordinate: (0.000, 0.000, 0.400)
2025-09-04 14:53:34,884 - INFO - Approaching target (error=0.136m), entering stabilization phase
2025-09-04 14:53:35,424 - INFO - Reached waypoint (error=0.066m, stable_count=30)
2025-09-04 14:53:36,024 - INFO - Returning to origin and landing...
2025-09-04 14:53:36,024 - INFO - Flying to coordinate: (0.000, 0.000, 0.200)
2025-09-04 14:53:36,335 - INFO - Approaching target (error=0.142m), entering stabilization phase
2025-09-04 14:53:36,925 - INFO - Reached waypoint (error=0.037m, stable_count=30)
2025-09-04 14:53:36,925 - INFO - Landing...
2025-09-04 14:53:36,925 - INFO - Landing complete
2025-09-04 14:53:36,931 - INFO - Have successfully stopped logging for id=6
2025-09-04 14:53:37,027 - INFO - Position manager stopped
2025-09-04 14:53:37,030 - INFO - Flight mission complete
2025-09-04 14:53:37,030 - INFO - Stopping data collector...
2025-09-04 14:53:37,031 - INFO - Collection complete - stats: {'created': 1470, 'complete': 1470, 'merged': 0, 'dropped': 0}
2025-09-04 14:53:37,039 - INFO - Have successfully stopped logging for id=4
2025-09-04 14:53:37,042 - INFO - Have successfully stopped logging for id=5
2025-09-04 14:53:37,083 - INFO - Data saved: training_data/vertical_med_20250904_145337.json
2025-09-04 14:53:37,083 - INFO - States: 1470, Commands: 1000, Duration: 14.7s
2025-09-04 14:53:37,083 - INFO - Successfully saved 1470 state data points
2025-09-04 14:53:37,083 - INFO - Successfully saved 1000 control commands
2025-09-04 14:53:37,083 - INFO - Closing link
2025-09-04 14:53:37,084 - INFO - Callback->Disconnected from [radio://0/80/2M/E7E7E7E7E6]
