2025-09-04 13:40:26,629 - INFO - === Fixed continuous data collector ===
2025-09-04 13:40:26,629 - INFO - Mission: vertical_med
2025-09-04 13:40:26,629 - INFO - Waypoints (absolute coordinates): [(0, 0, 0.4), (0, 0, 0.8), (0, 0, 0.4)]
2025-09-04 13:40:26,629 - INFO - Callback->Connection initialized[radio://0/80/2M/E7E7E7E7E6]
2025-09-04 13:40:26,880 - INFO - We are connected[radio://0/80/2M/E7E7E7E7E6], request connection setup
2025-09-04 13:40:26,881 - INFO - Request _request_protocol_version()
2025-09-04 13:40:26,883 - INFO - Callback->Connected to [radio://0/80/2M/E7E7E7E7E6]
2025-09-04 13:40:26,888 - INFO - _crt_service_callback
2025-09-04 13:40:26,888 - INFO - Request protocol version
2025-09-04 13:40:26,891 - INFO - _platform_callback
2025-09-04 13:40:26,891 - INFO - Protocol version (platform): 9
2025-09-04 13:40:26,901 - INFO - TOC for port [5] found in cache
2025-09-04 13:40:26,901 - INFO - Log TOC finished updating
2025-09-04 13:40:26,907 - INFO - 6 memories found
2025-09-04 13:40:26,991 - INFO - Memories finished updating
2025-09-04 13:40:26,996 - INFO - TOC for port [2] found in cache
2025-09-04 13:40:27,565 - INFO - Param TOC finished updating
2025-09-04 13:40:27,565 - INFO - Callback->Connection setup finished [radio://0/80/2M/E7E7E7E7E6]
2025-09-04 13:40:27,566 - INFO - Connected: radio://0/80/2M/E7E7E7E7E6
2025-09-04 13:40:27,575 - INFO - Have successfully started logging for id=1
2025-09-04 13:40:27,677 - INFO - Battery: 3.86V (safe)
2025-09-04 13:40:27,678 - INFO - Battery check passed: 3.86V
2025-09-04 13:40:27,678 - INFO - Initializing position estimator to origin...
2025-09-04 13:40:27,681 - INFO - Have successfully stopped logging for id=1
2025-09-04 13:40:27,682 - INFO - Have successfully deleted id=1
2025-09-04 13:40:29,065 - INFO - All parameters updated
2025-09-04 13:40:29,065 - INFO - Callback->Connection completed [radio://0/80/2M/E7E7E7E7E6]
2025-09-04 13:40:29,173 - INFO - Have successfully started logging for id=2
2025-09-04 13:40:35,670 - INFO - Waiting for position estimator...
2025-09-04 13:40:35,673 - INFO - Have successfully stopped logging for id=2
2025-09-04 13:40:35,674 - INFO - Have successfully deleted id=2
2025-09-04 13:40:35,679 - INFO - Have successfully started logging for id=3
2025-09-04 13:40:36,680 - INFO - Position estimator ready
2025-09-04 13:40:36,682 - INFO - Controller parameters optimized
2025-09-04 13:40:36,685 - INFO - Have successfully stopped logging for id=3
2025-09-04 13:40:36,686 - INFO - Have successfully deleted id=3
2025-09-04 13:40:39,866 - INFO - Start collection (slot:10ms)
2025-09-04 13:40:39,867 - INFO - Data collector started
2025-09-04 13:40:39,868 - INFO - Position manager started
2025-09-04 13:40:39,875 - INFO - Have successfully started logging for id=4
2025-09-04 13:40:39,876 - INFO - Have successfully started logging for id=5
2025-09-04 13:40:39,879 - INFO - Have successfully started logging for id=6
2025-09-04 13:40:39,968 - INFO - Position manager data flow is normal
2025-09-04 13:40:41,968 - INFO - Current position: (0.014, 0.052, 0.010, 90.0째)
2025-09-04 13:40:41,968 - INFO - Using absolute coordinate system, ignoring takeoff position offset
2025-09-04 13:40:42,968 - INFO - Pre-flight stabilization to first waypoint: (0.000, 0.000, 0.400)
2025-09-04 13:40:43,119 - INFO - Waypoint1: absolute coordinates(0.000, 0.000, 0.400, yaw=90.0째)
2025-09-04 13:40:43,119 - INFO - Flying to coordinate: (0.000, 0.000, 0.400)
2025-09-04 13:40:44,129 - INFO - Approaching target (error=0.145m), entering stabilization phase
2025-09-04 13:40:44,719 - INFO - Reached waypoint (error=0.044m, stable_count=30)
2025-09-04 13:40:45,319 - INFO - Waypoint2: absolute coordinates(0.000, 0.000, 0.800, yaw=90.0째)
2025-09-04 13:40:45,319 - INFO - Flying to coordinate: (0.000, 0.000, 0.800)
2025-09-04 13:40:45,879 - INFO - Approaching target (error=0.135m), entering stabilization phase
2025-09-04 13:40:46,319 - INFO - Reached waypoint (error=0.032m, stable_count=30)
2025-09-04 13:40:46,919 - INFO - Waypoint3: absolute coordinates(0.000, 0.000, 0.400, yaw=90.0째)
2025-09-04 13:40:46,919 - INFO - Flying to coordinate: (0.000, 0.000, 0.400)
2025-09-04 13:40:48,029 - INFO - Approaching target (error=0.140m), entering stabilization phase
2025-09-04 13:40:48,669 - INFO - Reached waypoint (error=0.051m, stable_count=30)
2025-09-04 13:40:49,270 - INFO - Returning to origin and landing...
2025-09-04 13:40:49,270 - INFO - Flying to coordinate: (0.000, 0.000, 0.200)
2025-09-04 13:40:49,780 - INFO - Approaching target (error=0.150m), entering stabilization phase
2025-09-04 13:40:50,620 - INFO - Reached waypoint (error=0.044m, stable_count=30)
2025-09-04 13:40:50,620 - INFO - Landing...
2025-09-04 13:40:50,620 - INFO - Landing complete
2025-09-04 13:40:50,625 - INFO - Have successfully stopped logging for id=6
2025-09-04 13:40:50,721 - INFO - Position manager stopped
2025-09-04 13:40:50,723 - INFO - Flight mission complete
2025-09-04 13:40:50,723 - INFO - Stopping data collector...
2025-09-04 13:40:50,725 - INFO - Collection complete - stats: {'created': 1086, 'complete': 1084, 'merged': 0, 'dropped': 1}
2025-09-04 13:40:50,735 - INFO - Have successfully stopped logging for id=4
2025-09-04 13:40:50,737 - INFO - Have successfully stopped logging for id=5
2025-09-04 13:40:50,762 - INFO - Data saved: training_data/vertical_med_20250904_134050.json
2025-09-04 13:40:50,762 - INFO - States: 1084, Commands: 615, Duration: 10.8s
2025-09-04 13:40:50,762 - INFO - Successfully saved 1084 state data points
2025-09-04 13:40:50,762 - INFO - Successfully saved 615 control commands
2025-09-04 13:40:50,762 - INFO - Closing link
2025-09-04 13:40:50,763 - INFO - Callback->Disconnected from [radio://0/80/2M/E7E7E7E7E6]
