2025-09-04 15:22:58,471 - INFO - === Fixed continuous data collector ===
2025-09-04 15:22:58,471 - INFO - Mission: vertical_large
2025-09-04 15:22:58,471 - INFO - Waypoints (absolute coordinates): [(0, 0, 0.5), (0, 0, 1.0), (0, 0, 0.5)]
2025-09-04 15:22:58,472 - INFO - Callback->Connection initialized[radio://0/80/2M/E7E7E7E7E6]
2025-09-04 15:22:58,722 - INFO - We are connected[radio://0/80/2M/E7E7E7E7E6], request connection setup
2025-09-04 15:22:58,722 - INFO - Request _request_protocol_version()
2025-09-04 15:22:58,726 - INFO - Callback->Connected to [radio://0/80/2M/E7E7E7E7E6]
2025-09-04 15:22:58,734 - INFO - _crt_service_callback
2025-09-04 15:22:58,734 - INFO - Request protocol version
2025-09-04 15:22:58,737 - INFO - _platform_callback
2025-09-04 15:22:58,737 - INFO - Protocol version (platform): 9
2025-09-04 15:22:58,748 - INFO - TOC for port [5] found in cache
2025-09-04 15:22:58,748 - INFO - Log TOC finished updating
2025-09-04 15:22:58,752 - INFO - 6 memories found
2025-09-04 15:22:58,834 - INFO - Memories finished updating
2025-09-04 15:22:58,839 - INFO - TOC for port [2] found in cache
2025-09-04 15:22:59,366 - INFO - Param TOC finished updating
2025-09-04 15:22:59,366 - INFO - Callback->Connection setup finished [radio://0/80/2M/E7E7E7E7E6]
2025-09-04 15:22:59,367 - INFO - Connected: radio://0/80/2M/E7E7E7E7E6
2025-09-04 15:22:59,375 - INFO - Have successfully started logging for id=1
2025-09-04 15:22:59,474 - INFO - Battery: 3.89V (safe)
2025-09-04 15:22:59,475 - INFO - Battery check passed: 3.89V
2025-09-04 15:22:59,475 - INFO - Initializing position estimator to origin...
2025-09-04 15:22:59,480 - INFO - Have successfully stopped logging for id=1
2025-09-04 15:22:59,481 - INFO - Have successfully deleted id=1
2025-09-04 15:23:00,814 - INFO - All parameters updated
2025-09-04 15:23:00,814 - INFO - Callback->Connection completed [radio://0/80/2M/E7E7E7E7E6]
2025-09-04 15:23:00,922 - INFO - Have successfully started logging for id=2
2025-09-04 15:23:07,418 - INFO - Waiting for position estimator...
2025-09-04 15:23:07,421 - INFO - Have successfully stopped logging for id=2
2025-09-04 15:23:07,422 - INFO - Have successfully deleted id=2
2025-09-04 15:23:07,428 - INFO - Have successfully started logging for id=3
2025-09-04 15:23:08,431 - INFO - Position estimator ready
2025-09-04 15:23:08,432 - INFO - Controller parameters optimized
2025-09-04 15:23:08,435 - INFO - Have successfully stopped logging for id=3
2025-09-04 15:23:08,436 - INFO - Have successfully deleted id=3
2025-09-04 15:23:11,284 - INFO - Start collection (slot:10ms)
2025-09-04 15:23:11,285 - INFO - Data collector started
2025-09-04 15:23:11,286 - INFO - Position manager started
2025-09-04 15:23:11,295 - INFO - Have successfully started logging for id=4
2025-09-04 15:23:11,297 - INFO - Have successfully started logging for id=5
2025-09-04 15:23:11,298 - INFO - Have successfully started logging for id=6
2025-09-04 15:23:11,386 - INFO - Position manager data flow is normal
2025-09-04 15:23:13,386 - INFO - Current position: (0.012, 0.036, -0.005, 89.9째)
2025-09-04 15:23:13,387 - INFO - Using absolute coordinate system, ignoring takeoff position offset
2025-09-04 15:23:14,387 - INFO - Pre-flight stabilization to first waypoint: (0.000, 0.000, 0.500)
2025-09-04 15:23:14,537 - INFO - Waypoint1: absolute coordinates(0.000, 0.000, 0.500, yaw=90.0째)
2025-09-04 15:23:14,537 - INFO - Flying to coordinate: (0.000, 0.000, 0.500)
2025-09-04 15:23:15,547 - INFO - Approaching target (error=0.137m), entering stabilization phase
2025-09-04 15:23:16,037 - INFO - Reached waypoint (error=0.013m, stable_count=30)
2025-09-04 15:23:16,638 - INFO - Waypoint2: absolute coordinates(0.000, 0.000, 1.000, yaw=90.0째)
2025-09-04 15:23:16,638 - INFO - Flying to coordinate: (0.000, 0.000, 1.000)
2025-09-04 15:23:17,249 - INFO - Approaching target (error=0.134m), entering stabilization phase
2025-09-04 15:23:19,989 - INFO - Reached waypoint (error=0.068m, stable_count=30)
2025-09-04 15:23:20,589 - INFO - Waypoint3: absolute coordinates(0.000, 0.000, 0.500, yaw=90.0째)
2025-09-04 15:23:20,589 - INFO - Flying to coordinate: (0.000, 0.000, 0.500)
2025-09-04 15:23:21,539 - INFO - Approaching target (error=0.150m), entering stabilization phase
2025-09-04 15:23:22,189 - INFO - Reached waypoint (error=0.053m, stable_count=30)
2025-09-04 15:23:22,789 - INFO - Returning to origin and landing...
2025-09-04 15:23:22,789 - INFO - Flying to coordinate: (0.000, 0.000, 0.200)
2025-09-04 15:23:23,340 - INFO - Approaching target (error=0.143m), entering stabilization phase
2025-09-04 15:23:23,880 - INFO - Reached waypoint (error=0.036m, stable_count=30)
2025-09-04 15:23:23,880 - INFO - Landing...
2025-09-04 15:23:23,880 - INFO - Landing complete
2025-09-04 15:23:23,886 - INFO - Have successfully stopped logging for id=6
2025-09-04 15:23:23,981 - INFO - Position manager stopped
2025-09-04 15:23:23,982 - INFO - Flight mission complete
2025-09-04 15:23:23,982 - INFO - Stopping data collector...
2025-09-04 15:23:23,985 - INFO - Collection complete - stats: {'created': 1269, 'complete': 1269, 'merged': 0, 'dropped': 0}
2025-09-04 15:23:23,991 - INFO - Have successfully stopped logging for id=4
2025-09-04 15:23:23,992 - INFO - Have successfully stopped logging for id=5
2025-09-04 15:23:24,029 - INFO - Data saved: training_data/vertical_large_20250904_152323.json
2025-09-04 15:23:24,030 - INFO - States: 1269, Commands: 800, Duration: 12.7s
2025-09-04 15:23:24,030 - INFO - Successfully saved 1269 state data points
2025-09-04 15:23:24,030 - INFO - Successfully saved 800 control commands
2025-09-04 15:23:24,030 - INFO - Closing link
2025-09-04 15:23:24,030 - INFO - Callback->Disconnected from [radio://0/80/2M/E7E7E7E7E6]
