2025-09-05 12:19:51,233 - INFO - === Fixed continuous data collector ===
2025-09-05 12:19:51,233 - INFO - Mission: square_small
2025-09-05 12:19:51,233 - INFO - Waypoints (absolute coordinates): [(0, 0, 0.3), (0.3, 0, 0.3), (0.3, 0.3, 0.3), (0, 0.3, 0.3), (0, 0, 0.3)]
2025-09-05 12:19:51,233 - INFO - Callback->Connection initialized[radio://0/80/2M/E7E7E7E7E6]
2025-09-05 12:19:51,482 - INFO - We are connected[radio://0/80/2M/E7E7E7E7E6], request connection setup
2025-09-05 12:19:51,483 - INFO - Request _request_protocol_version()
2025-09-05 12:19:51,485 - INFO - Callback->Connected to [radio://0/80/2M/E7E7E7E7E6]
2025-09-05 12:19:51,490 - INFO - _crt_service_callback
2025-09-05 12:19:51,490 - INFO - Request protocol version
2025-09-05 12:19:51,493 - INFO - _platform_callback
2025-09-05 12:19:51,493 - INFO - Protocol version (platform): 9
2025-09-05 12:19:51,504 - INFO - TOC for port [5] found in cache
2025-09-05 12:19:51,504 - INFO - Log TOC finished updating
2025-09-05 12:19:51,508 - INFO - 6 memories found
2025-09-05 12:19:51,590 - INFO - Memories finished updating
2025-09-05 12:19:51,596 - INFO - TOC for port [2] found in cache
2025-09-05 12:19:52,076 - INFO - Param TOC finished updating
2025-09-05 12:19:52,076 - INFO - Callback->Connection setup finished [radio://0/80/2M/E7E7E7E7E6]
2025-09-05 12:19:52,077 - INFO - Connected: radio://0/80/2M/E7E7E7E7E6
2025-09-05 12:19:52,087 - INFO - Have successfully started logging for id=1
2025-09-05 12:19:52,185 - INFO - Battery: 3.90V (safe)
2025-09-05 12:19:52,186 - INFO - Battery check passed: 3.90V
2025-09-05 12:19:52,186 - INFO - Initializing position estimator to origin...
2025-09-05 12:19:52,189 - INFO - Have successfully stopped logging for id=1
2025-09-05 12:19:52,190 - INFO - Have successfully deleted id=1
2025-09-05 12:19:53,320 - INFO - All parameters updated
2025-09-05 12:19:53,320 - INFO - Callback->Connection completed [radio://0/80/2M/E7E7E7E7E6]
2025-09-05 12:19:53,428 - INFO - Have successfully started logging for id=2
2025-09-05 12:19:59,923 - INFO - Waiting for position estimator...
2025-09-05 12:19:59,926 - INFO - Have successfully stopped logging for id=2
2025-09-05 12:19:59,926 - INFO - Have successfully deleted id=2
2025-09-05 12:19:59,932 - INFO - Have successfully started logging for id=3
2025-09-05 12:20:00,932 - INFO - Position estimator ready
2025-09-05 12:20:00,933 - INFO - Controller parameters optimized
2025-09-05 12:20:00,935 - INFO - Have successfully stopped logging for id=3
2025-09-05 12:20:00,936 - INFO - Have successfully deleted id=3
2025-09-05 12:20:03,666 - INFO - Start collection (slot:10ms)
2025-09-05 12:20:03,667 - INFO - Data collector started
2025-09-05 12:20:03,668 - INFO - Position manager started
2025-09-05 12:20:03,675 - INFO - Have successfully started logging for id=4
2025-09-05 12:20:03,676 - INFO - Have successfully started logging for id=5
2025-09-05 12:20:03,679 - INFO - Have successfully started logging for id=6
2025-09-05 12:20:03,768 - INFO - Position manager data flow is normal
2025-09-05 12:20:05,769 - INFO - Current position: (-0.004, -0.034, 0.040, 90.2°)
2025-09-05 12:20:05,769 - INFO - Using absolute coordinate system, ignoring takeoff position offset
2025-09-05 12:20:06,769 - INFO - Pre-flight stabilization to first waypoint: (0.000, 0.000, 0.300)
2025-09-05 12:20:06,919 - INFO - Waypoint1: absolute coordinates(0.000, 0.000, 0.300, yaw=90.0°)
2025-09-05 12:20:06,919 - INFO - Flying to coordinate: (0.000, 0.000, 0.300)
2025-09-05 12:20:07,779 - INFO - Approaching target (error=0.149m), entering stabilization phase
2025-09-05 12:20:08,869 - INFO - Reached waypoint (error=0.061m, stable_count=30)
2025-09-05 12:20:09,469 - INFO - Waypoint2: absolute coordinates(0.300, 0.000, 0.300, yaw=90.0°)
2025-09-05 12:20:09,469 - INFO - Flying to coordinate: (0.300, 0.000, 0.300)
2025-09-05 12:20:10,180 - INFO - Approaching target (error=0.143m), entering stabilization phase
2025-09-05 12:20:11,770 - INFO - Reached waypoint (error=0.050m, stable_count=30)
2025-09-05 12:20:12,370 - INFO - Waypoint3: absolute coordinates(0.300, 0.300, 0.300, yaw=90.0°)
2025-09-05 12:20:12,370 - INFO - Flying to coordinate: (0.300, 0.300, 0.300)
2025-09-05 12:20:12,830 - INFO - Approaching target (error=0.138m), entering stabilization phase
2025-09-05 12:20:13,320 - INFO - Reached waypoint (error=0.053m, stable_count=30)
2025-09-05 12:20:13,920 - INFO - Waypoint4: absolute coordinates(0.000, 0.300, 0.300, yaw=90.0°)
2025-09-05 12:20:13,920 - INFO - Flying to coordinate: (0.000, 0.300, 0.300)
2025-09-05 12:20:14,470 - INFO - Approaching target (error=0.124m), entering stabilization phase
2025-09-05 12:20:15,760 - INFO - Reached waypoint (error=0.067m, stable_count=30)
2025-09-05 12:20:16,361 - INFO - Waypoint5: absolute coordinates(0.000, 0.000, 0.300, yaw=90.0°)
2025-09-05 12:20:16,361 - INFO - Flying to coordinate: (0.000, 0.000, 0.300)
2025-09-05 12:20:16,971 - INFO - Approaching target (error=0.149m), entering stabilization phase
2025-09-05 12:20:17,411 - INFO - Reached waypoint (error=0.048m, stable_count=30)
2025-09-05 12:20:18,011 - INFO - Returning to origin and landing...
2025-09-05 12:20:18,011 - INFO - Flying to coordinate: (0.000, 0.000, 0.200)
2025-09-05 12:20:18,072 - INFO - Approaching target (error=0.137m), entering stabilization phase
2025-09-05 12:20:19,512 - INFO - Reached waypoint (error=0.048m, stable_count=30)
2025-09-05 12:20:19,512 - INFO - Landing...
2025-09-05 12:20:19,512 - INFO - Landing complete
2025-09-05 12:20:19,520 - INFO - Have successfully stopped logging for id=6
2025-09-05 12:20:19,616 - INFO - Position manager stopped
2025-09-05 12:20:19,618 - INFO - Flight mission complete
2025-09-05 12:20:19,618 - INFO - Stopping data collector...
2025-09-05 12:20:19,623 - INFO - Collection complete - stats: {'created': 1595, 'complete': 1595, 'merged': 0, 'dropped': 0}
2025-09-05 12:20:19,634 - INFO - Have successfully stopped logging for id=4
2025-09-05 12:20:19,635 - INFO - Have successfully stopped logging for id=5
2025-09-05 12:20:19,679 - INFO - Data saved: training_data/square_small_20250905_122019.json
2025-09-05 12:20:19,679 - INFO - States: 1595, Commands: 1024, Duration: 15.9s
2025-09-05 12:20:19,679 - INFO - Successfully saved 1595 state data points
2025-09-05 12:20:19,679 - INFO - Successfully saved 1024 control commands
2025-09-05 12:20:19,679 - INFO - Closing link
2025-09-05 12:20:19,680 - INFO - Callback->Disconnected from [radio://0/80/2M/E7E7E7E7E6]
