2025-09-05 14:31:59,192 - INFO - === Fixed continuous data collector ===
2025-09-05 14:31:59,192 - INFO - Mission: square_large
2025-09-05 14:31:59,192 - INFO - Waypoints (absolute coordinates): [(0, 0, 0.5), (0.7, 0, 0.5), (0.7, 0.7, 0.5), (0, 0.7, 0.5), (0, 0, 0.5)]
2025-09-05 14:31:59,193 - INFO - Callback->Connection initialized[radio://0/80/2M/E7E7E7E7E6]
2025-09-05 14:31:59,444 - INFO - We are connected[radio://0/80/2M/E7E7E7E7E6], request connection setup
2025-09-05 14:31:59,444 - INFO - Request _request_protocol_version()
2025-09-05 14:31:59,448 - INFO - Callback->Connected to [radio://0/80/2M/E7E7E7E7E6]
2025-09-05 14:31:59,453 - INFO - _crt_service_callback
2025-09-05 14:31:59,453 - INFO - Request protocol version
2025-09-05 14:31:59,457 - INFO - _platform_callback
2025-09-05 14:31:59,457 - INFO - Protocol version (platform): 9
2025-09-05 14:31:59,471 - INFO - TOC for port [5] found in cache
2025-09-05 14:31:59,471 - INFO - Log TOC finished updating
2025-09-05 14:31:59,474 - INFO - 6 memories found
2025-09-05 14:31:59,569 - INFO - Memories finished updating
2025-09-05 14:31:59,574 - INFO - TOC for port [2] found in cache
2025-09-05 14:32:00,081 - INFO - Param TOC finished updating
2025-09-05 14:32:00,082 - INFO - Callback->Connection setup finished [radio://0/80/2M/E7E7E7E7E6]
2025-09-05 14:32:00,082 - INFO - Connected: radio://0/80/2M/E7E7E7E7E6
2025-09-05 14:32:00,091 - INFO - Have successfully started logging for id=1
2025-09-05 14:32:00,192 - INFO - Battery: 3.84V (safe)
2025-09-05 14:32:00,193 - INFO - Battery check passed: 3.84V
2025-09-05 14:32:00,193 - INFO - Initializing position estimator to origin...
2025-09-05 14:32:00,196 - INFO - Have successfully stopped logging for id=1
2025-09-05 14:32:00,197 - INFO - Have successfully deleted id=1
2025-09-05 14:32:01,399 - INFO - All parameters updated
2025-09-05 14:32:01,399 - INFO - Callback->Connection completed [radio://0/80/2M/E7E7E7E7E6]
2025-09-05 14:32:01,507 - INFO - Have successfully started logging for id=2
2025-09-05 14:32:08,504 - INFO - Waiting for position estimator...
2025-09-05 14:32:08,507 - INFO - Have successfully stopped logging for id=2
2025-09-05 14:32:08,508 - INFO - Have successfully deleted id=2
2025-09-05 14:32:08,513 - INFO - Have successfully started logging for id=3
2025-09-05 14:32:09,514 - INFO - Position estimator ready
2025-09-05 14:32:09,515 - INFO - Controller parameters optimized
2025-09-05 14:32:09,518 - INFO - Have successfully stopped logging for id=3
2025-09-05 14:32:09,519 - INFO - Have successfully deleted id=3
2025-09-05 14:32:18,979 - INFO - Start collection (slot:10ms)
2025-09-05 14:32:18,980 - INFO - Data collector started
2025-09-05 14:32:18,981 - INFO - Position manager started
2025-09-05 14:32:18,990 - INFO - Have successfully started logging for id=4
2025-09-05 14:32:18,990 - INFO - Have successfully started logging for id=5
2025-09-05 14:32:18,993 - INFO - Have successfully started logging for id=6
2025-09-05 14:32:19,081 - INFO - Position manager data flow is normal
2025-09-05 14:32:21,081 - INFO - Current position: (-0.008, 0.021, 0.016, 90.1°)
2025-09-05 14:32:21,081 - INFO - Using absolute coordinate system, ignoring takeoff position offset
2025-09-05 14:32:22,081 - INFO - Pre-flight stabilization to first waypoint: (0.000, 0.000, 0.500)
2025-09-05 14:32:22,232 - INFO - Waypoint1: absolute coordinates(0.000, 0.000, 0.500, yaw=90.0°)
2025-09-05 14:32:22,232 - INFO - Flying to coordinate: (0.000, 0.000, 0.500)
2025-09-05 14:32:23,242 - INFO - Approaching target (error=0.143m), entering stabilization phase
2025-09-05 14:32:23,782 - INFO - Reached waypoint (error=0.019m, stable_count=30)
2025-09-05 14:32:24,382 - INFO - Waypoint2: absolute coordinates(0.700, 0.000, 0.500, yaw=90.0°)
2025-09-05 14:32:24,382 - INFO - Flying to coordinate: (0.700, 0.000, 0.500)
2025-09-05 14:32:25,292 - INFO - Approaching target (error=0.147m), entering stabilization phase
2025-09-05 14:32:27,032 - INFO - Reached waypoint (error=0.051m, stable_count=30)
2025-09-05 14:32:27,633 - INFO - Waypoint3: absolute coordinates(0.700, 0.700, 0.500, yaw=90.0°)
2025-09-05 14:32:27,633 - INFO - Flying to coordinate: (0.700, 0.700, 0.500)
2025-09-05 14:32:28,443 - INFO - Approaching target (error=0.146m), entering stabilization phase
2025-09-05 14:32:28,833 - INFO - Reached waypoint (error=0.031m, stable_count=30)
2025-09-05 14:32:29,433 - INFO - Waypoint4: absolute coordinates(0.000, 0.700, 0.500, yaw=90.0°)
2025-09-05 14:32:29,433 - INFO - Flying to coordinate: (0.000, 0.700, 0.500)
2025-09-05 14:32:30,733 - INFO - Approaching target (error=0.142m), entering stabilization phase
2025-09-05 14:32:33,423 - INFO - Reached waypoint (error=0.077m, stable_count=30)
2025-09-05 14:32:34,075 - INFO - Waypoint5: absolute coordinates(0.000, 0.000, 0.500, yaw=90.0°)
2025-09-05 14:32:34,075 - INFO - Flying to coordinate: (0.000, 0.000, 0.500)
2025-09-05 14:32:34,885 - INFO - Approaching target (error=0.147m), entering stabilization phase
2025-09-05 14:32:35,575 - INFO - Reached waypoint (error=0.061m, stable_count=30)
2025-09-05 14:32:36,176 - INFO - Returning to origin and landing...
2025-09-05 14:32:36,176 - INFO - Flying to coordinate: (0.000, 0.000, 0.200)
2025-09-05 14:32:36,986 - INFO - Approaching target (error=0.145m), entering stabilization phase
2025-09-05 14:32:37,976 - INFO - Reached waypoint (error=0.043m, stable_count=30)
2025-09-05 14:32:37,976 - INFO - Landing...
2025-09-05 14:32:37,976 - INFO - Landing complete
2025-09-05 14:32:37,981 - INFO - Have successfully stopped logging for id=6
2025-09-05 14:32:38,077 - INFO - Position manager stopped
2025-09-05 14:32:38,078 - INFO - Flight mission complete
2025-09-05 14:32:38,078 - INFO - Stopping data collector...
2025-09-05 14:32:38,080 - INFO - Collection complete - stats: {'created': 1910, 'complete': 1910, 'merged': 0, 'dropped': 0}
2025-09-05 14:32:38,087 - INFO - Have successfully stopped logging for id=4
2025-09-05 14:32:38,092 - INFO - Have successfully stopped logging for id=5
2025-09-05 14:32:38,147 - INFO - Data saved: training_data/square_large_20250905_143238.json
2025-09-05 14:32:38,147 - INFO - States: 1910, Commands: 1340, Duration: 19.1s
2025-09-05 14:32:38,148 - INFO - Successfully saved 1910 state data points
2025-09-05 14:32:38,148 - INFO - Successfully saved 1340 control commands
2025-09-05 14:32:38,148 - INFO - Closing link
2025-09-05 14:32:38,148 - INFO - Callback->Disconnected from [radio://0/80/2M/E7E7E7E7E6]
