2025-09-04 14:06:06,182 - INFO - === Fixed continuous data collector ===
2025-09-04 14:06:06,182 - INFO - Mission: vertical_med
2025-09-04 14:06:06,182 - INFO - Waypoints (absolute coordinates): [(0, 0, 0.4), (0, 0, 0.8), (0, 0, 0.4)]
2025-09-04 14:06:06,182 - INFO - Callback->Connection initialized[radio://0/80/2M/E7E7E7E7E6]
2025-09-04 14:06:06,433 - INFO - We are connected[radio://0/80/2M/E7E7E7E7E6], request connection setup
2025-09-04 14:06:06,434 - INFO - Request _request_protocol_version()
2025-09-04 14:06:06,436 - INFO - Callback->Connected to [radio://0/80/2M/E7E7E7E7E6]
2025-09-04 14:06:06,514 - INFO - _crt_service_callback
2025-09-04 14:06:06,514 - INFO - Request protocol version
2025-09-04 14:06:06,520 - INFO - _platform_callback
2025-09-04 14:06:06,520 - INFO - Protocol version (platform): 9
2025-09-04 14:06:06,529 - INFO - TOC for port [5] found in cache
2025-09-04 14:06:06,529 - INFO - Log TOC finished updating
2025-09-04 14:06:06,533 - INFO - 6 memories found
2025-09-04 14:06:06,618 - INFO - Memories finished updating
2025-09-04 14:06:06,626 - INFO - TOC for port [2] found in cache
2025-09-04 14:06:07,117 - INFO - Param TOC finished updating
2025-09-04 14:06:07,117 - INFO - Callback->Connection setup finished [radio://0/80/2M/E7E7E7E7E6]
2025-09-04 14:06:07,118 - INFO - Connected: radio://0/80/2M/E7E7E7E7E6
2025-09-04 14:06:07,127 - INFO - Have successfully started logging for id=1
2025-09-04 14:06:07,225 - INFO - Battery: 4.03V (safe)
2025-09-04 14:06:07,226 - INFO - Battery check passed: 4.03V
2025-09-04 14:06:07,226 - INFO - Initializing position estimator to origin...
2025-09-04 14:06:07,229 - INFO - Have successfully stopped logging for id=1
2025-09-04 14:06:07,230 - INFO - Have successfully deleted id=1
2025-09-04 14:06:08,366 - INFO - All parameters updated
2025-09-04 14:06:08,366 - INFO - Callback->Connection completed [radio://0/80/2M/E7E7E7E7E6]
2025-09-04 14:06:08,476 - INFO - Have successfully started logging for id=2
2025-09-04 14:06:14,971 - INFO - Waiting for position estimator...
2025-09-04 14:06:14,975 - INFO - Have successfully stopped logging for id=2
2025-09-04 14:06:14,976 - INFO - Have successfully deleted id=2
2025-09-04 14:06:14,985 - INFO - Have successfully started logging for id=3
2025-09-04 14:06:15,985 - INFO - Position estimator ready
2025-09-04 14:06:15,987 - INFO - Controller parameters optimized
2025-09-04 14:06:15,989 - INFO - Have successfully stopped logging for id=3
2025-09-04 14:06:15,990 - INFO - Have successfully deleted id=3
2025-09-04 14:06:19,056 - INFO - Start collection (slot:10ms)
2025-09-04 14:06:19,057 - INFO - Data collector started
2025-09-04 14:06:19,058 - INFO - Position manager started
2025-09-04 14:06:19,064 - INFO - Have successfully started logging for id=4
2025-09-04 14:06:19,065 - INFO - Have successfully started logging for id=5
2025-09-04 14:06:19,067 - INFO - Have successfully started logging for id=6
2025-09-04 14:06:19,158 - INFO - Position manager data flow is normal
2025-09-04 14:06:21,158 - INFO - Current position: (0.037, 0.049, 0.009, 90.7째)
2025-09-04 14:06:21,158 - INFO - Using absolute coordinate system, ignoring takeoff position offset
2025-09-04 14:06:22,158 - INFO - Pre-flight stabilization to first waypoint: (0.000, 0.000, 0.400)
2025-09-04 14:06:22,310 - INFO - Waypoint1: absolute coordinates(0.000, 0.000, 0.400, yaw=90.0째)
2025-09-04 14:06:22,310 - INFO - Flying to coordinate: (0.000, 0.000, 0.400)
2025-09-04 14:06:23,370 - INFO - Approaching target (error=0.146m), entering stabilization phase
2025-09-04 14:06:23,960 - INFO - Reached waypoint (error=0.049m, stable_count=30)
2025-09-04 14:06:24,560 - INFO - Waypoint2: absolute coordinates(0.000, 0.000, 0.800, yaw=90.0째)
2025-09-04 14:06:24,560 - INFO - Flying to coordinate: (0.000, 0.000, 0.800)
2025-09-04 14:06:25,113 - INFO - Approaching target (error=0.144m), entering stabilization phase
2025-09-04 14:06:28,103 - INFO - Reached waypoint (error=0.072m, stable_count=30)
2025-09-04 14:06:28,704 - INFO - Waypoint3: absolute coordinates(0.000, 0.000, 0.400, yaw=90.0째)
2025-09-04 14:06:28,704 - INFO - Flying to coordinate: (0.000, 0.000, 0.400)
2025-09-04 14:06:29,464 - INFO - Approaching target (error=0.149m), entering stabilization phase
2025-09-04 14:06:30,054 - INFO - Reached waypoint (error=0.040m, stable_count=30)
2025-09-04 14:06:30,655 - INFO - Returning to origin and landing...
2025-09-04 14:06:30,655 - INFO - Flying to coordinate: (0.000, 0.000, 0.200)
2025-09-04 14:06:31,015 - INFO - Approaching target (error=0.137m), entering stabilization phase
2025-09-04 14:06:31,555 - INFO - Reached waypoint (error=0.057m, stable_count=30)
2025-09-04 14:06:31,555 - INFO - Landing...
2025-09-04 14:06:31,558 - INFO - Landing complete
2025-09-04 14:06:31,562 - INFO - Have successfully stopped logging for id=6
2025-09-04 14:06:31,659 - INFO - Position manager stopped
2025-09-04 14:06:31,660 - INFO - Flight mission complete
2025-09-04 14:06:31,660 - INFO - Stopping data collector...
2025-09-04 14:06:31,662 - INFO - Collection complete - stats: {'created': 1260, 'complete': 1260, 'merged': 0, 'dropped': 0}
2025-09-04 14:06:31,671 - INFO - Have successfully stopped logging for id=4
2025-09-04 14:06:31,672 - INFO - Have successfully stopped logging for id=5
2025-09-04 14:06:31,705 - INFO - Data saved: training_data/vertical_med_20250904_140631.json
2025-09-04 14:06:31,705 - INFO - States: 1260, Commands: 791, Duration: 12.6s
2025-09-04 14:06:31,706 - INFO - Successfully saved 1260 state data points
2025-09-04 14:06:31,706 - INFO - Successfully saved 791 control commands
2025-09-04 14:06:31,706 - INFO - Closing link
2025-09-04 14:06:31,706 - INFO - Callback->Disconnected from [radio://0/80/2M/E7E7E7E7E6]
