2025-09-04 12:58:01,635 - INFO - === Fixed continuous data collector ===
2025-09-04 12:58:01,635 - INFO - Mission: vertical_small
2025-09-04 12:58:01,635 - INFO - Waypoints (absolute coordinates): [(0, 0, 0.3), (0, 0, 0.6), (0, 0, 0.9), (0, 0, 0.6), (0, 0, 0.3)]
2025-09-04 12:58:01,636 - INFO - Callback->Connection initialized[radio://0/80/2M/E7E7E7E7E6]
2025-09-04 12:58:01,886 - INFO - We are connected[radio://0/80/2M/E7E7E7E7E6], request connection setup
2025-09-04 12:58:01,886 - INFO - Request _request_protocol_version()
2025-09-04 12:58:01,891 - INFO - Callback->Connected to [radio://0/80/2M/E7E7E7E7E6]
2025-09-04 12:58:01,895 - INFO - _crt_service_callback
2025-09-04 12:58:01,895 - INFO - Request protocol version
2025-09-04 12:58:01,899 - INFO - _platform_callback
2025-09-04 12:58:01,899 - INFO - Protocol version (platform): 9
2025-09-04 12:58:01,911 - INFO - TOC for port [5] found in cache
2025-09-04 12:58:01,911 - INFO - Log TOC finished updating
2025-09-04 12:58:01,916 - INFO - 6 memories found
2025-09-04 12:58:01,990 - INFO - Memories finished updating
2025-09-04 12:58:01,996 - INFO - TOC for port [2] found in cache
2025-09-04 12:58:02,495 - INFO - Param TOC finished updating
2025-09-04 12:58:02,495 - INFO - Callback->Connection setup finished [radio://0/80/2M/E7E7E7E7E6]
2025-09-04 12:58:02,497 - INFO - Connected: radio://0/80/2M/E7E7E7E7E6
2025-09-04 12:58:02,506 - INFO - Have successfully started logging for id=1
2025-09-04 12:58:02,606 - INFO - Battery: 3.85V (safe)
2025-09-04 12:58:02,606 - INFO - Battery check passed: 3.85V
2025-09-04 12:58:02,607 - INFO - Initializing position estimator to origin...
2025-09-04 12:58:02,610 - INFO - Have successfully stopped logging for id=1
2025-09-04 12:58:02,610 - INFO - Have successfully deleted id=1
2025-09-04 12:58:03,706 - INFO - All parameters updated
2025-09-04 12:58:03,706 - INFO - Callback->Connection completed [radio://0/80/2M/E7E7E7E7E6]
2025-09-04 12:58:03,814 - INFO - Have successfully started logging for id=2
2025-09-04 12:58:10,312 - INFO - Waiting for position estimator...
2025-09-04 12:58:10,317 - INFO - Have successfully stopped logging for id=2
2025-09-04 12:58:10,318 - INFO - Have successfully deleted id=2
2025-09-04 12:58:10,324 - INFO - Have successfully started logging for id=3
2025-09-04 12:58:11,321 - INFO - Position estimator ready
2025-09-04 12:58:11,324 - INFO - Controller parameters optimized
2025-09-04 12:58:11,327 - INFO - Have successfully stopped logging for id=3
2025-09-04 12:58:11,328 - INFO - Have successfully deleted id=3
2025-09-04 12:58:17,268 - INFO - Start collection (slot:10ms)
2025-09-04 12:58:17,268 - INFO - Data collector started
2025-09-04 12:58:17,269 - INFO - Position manager started
2025-09-04 12:58:17,278 - INFO - Have successfully started logging for id=4
2025-09-04 12:58:17,279 - INFO - Have successfully started logging for id=5
2025-09-04 12:58:17,281 - INFO - Have successfully started logging for id=6
2025-09-04 12:58:17,370 - INFO - Position manager data flow is normal
2025-09-04 12:58:19,370 - INFO - Current position: (0.020, 0.053, 0.041, 90.5°)
2025-09-04 12:58:19,370 - INFO - Using absolute coordinate system, ignoring takeoff position offset
2025-09-04 12:58:20,370 - INFO - Pre-flight stabilization to first waypoint: (0.000, 0.000, 0.300)
2025-09-04 12:58:20,521 - INFO - Waypoint1: absolute coordinates(0.000, 0.000, 0.300, yaw=90.0°)
2025-09-04 12:58:20,521 - INFO - Flying to coordinate: (0.000, 0.000, 0.300)
2025-09-04 12:58:21,631 - INFO - Approaching target (error=0.145m), entering stabilization phase
2025-09-04 12:58:24,021 - INFO - Reached waypoint (error=0.067m, stable_count=30)
2025-09-04 12:58:24,622 - INFO - Waypoint2: absolute coordinates(0.000, 0.000, 0.600, yaw=90.0°)
2025-09-04 12:58:24,622 - INFO - Flying to coordinate: (0.000, 0.000, 0.600)
2025-09-04 12:58:25,082 - INFO - Approaching target (error=0.131m), entering stabilization phase
2025-09-04 12:58:25,572 - INFO - Reached waypoint (error=0.048m, stable_count=30)
2025-09-04 12:58:26,172 - INFO - Waypoint3: absolute coordinates(0.000, 0.000, 0.900, yaw=90.0°)
2025-09-04 12:58:26,172 - INFO - Flying to coordinate: (0.000, 0.000, 0.900)
2025-09-04 12:58:26,532 - INFO - Approaching target (error=0.135m), entering stabilization phase
2025-09-04 12:58:26,818 - WARNING - Control timing drift detected - resyncing
2025-09-04 12:58:27,224 - INFO - Reached waypoint (error=0.046m, stable_count=30)
2025-09-04 12:58:27,825 - INFO - Waypoint4: absolute coordinates(0.000, 0.000, 0.600, yaw=90.0°)
2025-09-04 12:58:27,825 - INFO - Flying to coordinate: (0.000, 0.000, 0.600)
2025-09-04 12:58:28,775 - INFO - Approaching target (error=0.137m), entering stabilization phase
2025-09-04 12:58:29,315 - INFO - Reached waypoint (error=0.054m, stable_count=30)
2025-09-04 12:58:29,915 - INFO - Waypoint5: absolute coordinates(0.000, 0.000, 0.300, yaw=90.0°)
2025-09-04 12:58:29,915 - INFO - Flying to coordinate: (0.000, 0.000, 0.300)
2025-09-04 12:58:30,676 - INFO - Approaching target (error=0.145m), entering stabilization phase
2025-09-04 12:58:31,426 - INFO - Reached waypoint (error=0.019m, stable_count=30)
2025-09-04 12:58:32,026 - INFO - Returning to origin and landing...
2025-09-04 12:58:32,026 - INFO - Flying to coordinate: (0.000, 0.000, 0.200)
2025-09-04 12:58:32,026 - INFO - Approaching target (error=0.102m), entering stabilization phase
2025-09-04 12:58:32,516 - INFO - Reached waypoint (error=0.025m, stable_count=30)
2025-09-04 12:58:32,516 - INFO - Landing...
2025-09-04 12:58:32,517 - INFO - Landing complete
2025-09-04 12:58:32,522 - INFO - Have successfully stopped logging for id=6
2025-09-04 12:58:32,617 - INFO - Position manager stopped
2025-09-04 12:58:32,619 - INFO - Flight mission complete
2025-09-04 12:58:32,619 - INFO - Stopping data collector...
2025-09-04 12:58:32,620 - INFO - Collection complete - stats: {'created': 1535, 'complete': 1535, 'merged': 0, 'dropped': 0}
2025-09-04 12:58:32,629 - INFO - Have successfully stopped logging for id=4
2025-09-04 12:58:32,632 - INFO - Have successfully stopped logging for id=5
2025-09-04 12:58:32,674 - INFO - Data saved: training_data/vertical_small_20250904_125832.json
2025-09-04 12:58:32,674 - INFO - States: 1535, Commands: 963, Duration: 15.3s
2025-09-04 12:58:32,674 - INFO - Successfully saved 1535 state data points
2025-09-04 12:58:32,674 - INFO - Successfully saved 963 control commands
2025-09-04 12:58:32,675 - INFO - Closing link
2025-09-04 12:58:32,675 - INFO - Callback->Disconnected from [radio://0/80/2M/E7E7E7E7E6]
