2025-09-05 15:16:38,081 - INFO - === Fixed continuous data collector ===
2025-09-05 15:16:38,081 - INFO - Mission: triangle_small
2025-09-05 15:16:38,081 - INFO - Waypoints (absolute coordinates): [(0, 0, 0.6), (0.3, 0, 0.6), (0.15, 0.26, 0.6), (0, 0, 0.6)]
2025-09-05 15:16:38,082 - INFO - Callback->Connection initialized[radio://0/80/2M/E7E7E7E7E6]
2025-09-05 15:16:38,331 - INFO - We are connected[radio://0/80/2M/E7E7E7E7E6], request connection setup
2025-09-05 15:16:38,332 - INFO - Request _request_protocol_version()
2025-09-05 15:16:38,334 - INFO - Callback->Connected to [radio://0/80/2M/E7E7E7E7E6]
2025-09-05 15:16:38,338 - INFO - _crt_service_callback
2025-09-05 15:16:38,338 - INFO - Request protocol version
2025-09-05 15:16:38,342 - INFO - _platform_callback
2025-09-05 15:16:38,342 - INFO - Protocol version (platform): 9
2025-09-05 15:16:38,353 - INFO - TOC for port [5] found in cache
2025-09-05 15:16:38,353 - INFO - Log TOC finished updating
2025-09-05 15:16:38,356 - INFO - 6 memories found
2025-09-05 15:16:38,437 - INFO - Memories finished updating
2025-09-05 15:16:38,442 - INFO - TOC for port [2] found in cache
2025-09-05 15:16:38,897 - INFO - Param TOC finished updating
2025-09-05 15:16:38,897 - INFO - Callback->Connection setup finished [radio://0/80/2M/E7E7E7E7E6]
2025-09-05 15:16:38,898 - INFO - Connected: radio://0/80/2M/E7E7E7E7E6
2025-09-05 15:16:38,906 - INFO - Have successfully started logging for id=1
2025-09-05 15:16:39,004 - INFO - Battery: 4.01V (safe)
2025-09-05 15:16:39,005 - INFO - Battery check passed: 4.01V
2025-09-05 15:16:39,005 - INFO - Initializing position estimator to origin...
2025-09-05 15:16:39,009 - INFO - Have successfully stopped logging for id=1
2025-09-05 15:16:39,010 - INFO - Have successfully deleted id=1
2025-09-05 15:16:40,080 - INFO - All parameters updated
2025-09-05 15:16:40,080 - INFO - Callback->Connection completed [radio://0/80/2M/E7E7E7E7E6]
2025-09-05 15:16:40,189 - INFO - Have successfully started logging for id=2
2025-09-05 15:16:46,684 - INFO - Waiting for position estimator...
2025-09-05 15:16:46,686 - INFO - Have successfully stopped logging for id=2
2025-09-05 15:16:46,687 - INFO - Have successfully deleted id=2
2025-09-05 15:16:46,692 - INFO - Have successfully started logging for id=3
2025-09-05 15:16:47,692 - INFO - Position estimator ready
2025-09-05 15:16:47,694 - INFO - Controller parameters optimized
2025-09-05 15:16:47,697 - INFO - Have successfully stopped logging for id=3
2025-09-05 15:16:47,699 - INFO - Have successfully deleted id=3
2025-09-05 15:16:51,034 - INFO - Start collection (slot:10ms)
2025-09-05 15:16:51,035 - INFO - Data collector started
2025-09-05 15:16:51,036 - INFO - Position manager started
2025-09-05 15:16:51,045 - INFO - Have successfully started logging for id=4
2025-09-05 15:16:51,046 - INFO - Have successfully started logging for id=5
2025-09-05 15:16:51,047 - INFO - Have successfully started logging for id=6
2025-09-05 15:16:51,136 - INFO - Position manager data flow is normal
2025-09-05 15:16:53,136 - INFO - Current position: (0.006, 0.029, 0.046, 89.9°)
2025-09-05 15:16:53,136 - INFO - Using absolute coordinate system, ignoring takeoff position offset
2025-09-05 15:16:54,136 - INFO - Pre-flight stabilization to first waypoint: (0.000, 0.000, 0.600)
2025-09-05 15:16:54,287 - INFO - Waypoint1: absolute coordinates(0.000, 0.000, 0.600, yaw=90.0°)
2025-09-05 15:16:54,287 - INFO - Flying to coordinate: (0.000, 0.000, 0.600)
2025-09-05 15:16:55,347 - INFO - Approaching target (error=0.134m), entering stabilization phase
2025-09-05 15:16:55,887 - INFO - Reached waypoint (error=0.025m, stable_count=30)
2025-09-05 15:16:56,488 - INFO - Waypoint2: absolute coordinates(0.300, 0.000, 0.600, yaw=90.0°)
2025-09-05 15:16:56,488 - INFO - Flying to coordinate: (0.300, 0.000, 0.600)
2025-09-05 15:16:57,148 - INFO - Approaching target (error=0.126m), entering stabilization phase
2025-09-05 15:16:58,838 - INFO - Reached waypoint (error=0.078m, stable_count=30)
2025-09-05 15:16:59,439 - INFO - Waypoint3: absolute coordinates(0.150, 0.260, 0.600, yaw=90.0°)
2025-09-05 15:16:59,439 - INFO - Flying to coordinate: (0.150, 0.260, 0.600)
2025-09-05 15:16:59,949 - INFO - Approaching target (error=0.126m), entering stabilization phase
2025-09-05 15:17:01,089 - INFO - Reached waypoint (error=0.050m, stable_count=30)
2025-09-05 15:17:01,689 - INFO - Waypoint4: absolute coordinates(0.000, 0.000, 0.600, yaw=90.0°)
2025-09-05 15:17:01,689 - INFO - Flying to coordinate: (0.000, 0.000, 0.600)
2025-09-05 15:17:02,539 - INFO - Approaching target (error=0.148m), entering stabilization phase
2025-09-05 15:17:04,379 - INFO - Reached waypoint (error=0.044m, stable_count=30)
2025-09-05 15:17:04,981 - INFO - Returning to origin and landing...
2025-09-05 15:17:04,981 - INFO - Flying to coordinate: (0.000, 0.000, 0.200)
2025-09-05 15:17:05,691 - INFO - Approaching target (error=0.135m), entering stabilization phase
2025-09-05 15:17:06,281 - INFO - Reached waypoint (error=0.013m, stable_count=30)
2025-09-05 15:17:06,281 - INFO - Landing...
2025-09-05 15:17:06,282 - INFO - Landing complete
2025-09-05 15:17:06,289 - INFO - Have successfully stopped logging for id=6
2025-09-05 15:17:06,383 - INFO - Position manager stopped
2025-09-05 15:17:06,385 - INFO - Flight mission complete
2025-09-05 15:17:06,385 - INFO - Stopping data collector...
2025-09-05 15:17:06,387 - INFO - Collection complete - stats: {'created': 1535, 'complete': 1535, 'merged': 0, 'dropped': 0}
2025-09-05 15:17:06,393 - INFO - Have successfully stopped logging for id=4
2025-09-05 15:17:06,396 - INFO - Have successfully stopped logging for id=5
2025-09-05 15:17:06,440 - INFO - Data saved: training_data/triangle_small_20250905_151706.json
2025-09-05 15:17:06,441 - INFO - States: 1535, Commands: 1016, Duration: 15.3s
2025-09-05 15:17:06,441 - INFO - Successfully saved 1535 state data points
2025-09-05 15:17:06,441 - INFO - Successfully saved 1016 control commands
2025-09-05 15:17:06,441 - INFO - Closing link
2025-09-05 15:17:06,441 - INFO - Callback->Disconnected from [radio://0/80/2M/E7E7E7E7E6]
