2025-09-04 15:18:27,008 - INFO - === Fixed continuous data collector ===
2025-09-04 15:18:27,008 - INFO - Mission: vertical_large
2025-09-04 15:18:27,008 - INFO - Waypoints (absolute coordinates): [(0, 0, 0.5), (0, 0, 1.0), (0, 0, 0.5)]
2025-09-04 15:18:27,009 - INFO - Callback->Connection initialized[radio://0/80/2M/E7E7E7E7E6]
2025-09-04 15:18:27,260 - INFO - We are connected[radio://0/80/2M/E7E7E7E7E6], request connection setup
2025-09-04 15:18:27,260 - INFO - Request _request_protocol_version()
2025-09-04 15:18:27,262 - INFO - Callback->Connected to [radio://0/80/2M/E7E7E7E7E6]
2025-09-04 15:18:27,266 - INFO - _crt_service_callback
2025-09-04 15:18:27,266 - INFO - Request protocol version
2025-09-04 15:18:27,270 - INFO - _platform_callback
2025-09-04 15:18:27,270 - INFO - Protocol version (platform): 9
2025-09-04 15:18:27,280 - INFO - TOC for port [5] found in cache
2025-09-04 15:18:27,281 - INFO - Log TOC finished updating
2025-09-04 15:18:27,284 - INFO - 6 memories found
2025-09-04 15:18:27,365 - INFO - Memories finished updating
2025-09-04 15:18:27,371 - INFO - TOC for port [2] found in cache
2025-09-04 15:18:27,870 - INFO - Param TOC finished updating
2025-09-04 15:18:27,870 - INFO - Callback->Connection setup finished [radio://0/80/2M/E7E7E7E7E6]
2025-09-04 15:18:27,871 - INFO - Connected: radio://0/80/2M/E7E7E7E7E6
2025-09-04 15:18:27,878 - INFO - Have successfully started logging for id=1
2025-09-04 15:18:27,979 - INFO - Battery: 4.02V (safe)
2025-09-04 15:18:27,979 - INFO - Battery check passed: 4.02V
2025-09-04 15:18:27,979 - INFO - Initializing position estimator to origin...
2025-09-04 15:18:27,983 - INFO - Have successfully stopped logging for id=1
2025-09-04 15:18:27,984 - INFO - Have successfully deleted id=1
2025-09-04 15:18:29,407 - INFO - All parameters updated
2025-09-04 15:18:29,408 - INFO - Callback->Connection completed [radio://0/80/2M/E7E7E7E7E6]
2025-09-04 15:18:29,517 - INFO - Have successfully started logging for id=2
2025-09-04 15:18:36,010 - INFO - Waiting for position estimator...
2025-09-04 15:18:36,014 - INFO - Have successfully stopped logging for id=2
2025-09-04 15:18:36,018 - INFO - Have successfully deleted id=2
2025-09-04 15:18:36,026 - INFO - Have successfully started logging for id=3
2025-09-04 15:18:37,025 - INFO - Position estimator ready
2025-09-04 15:18:37,027 - INFO - Controller parameters optimized
2025-09-04 15:18:37,029 - INFO - Have successfully stopped logging for id=3
2025-09-04 15:18:37,031 - INFO - Have successfully deleted id=3
2025-09-04 15:18:39,798 - INFO - Start collection (slot:10ms)
2025-09-04 15:18:39,799 - INFO - Data collector started
2025-09-04 15:18:39,801 - INFO - Position manager started
2025-09-04 15:18:39,807 - INFO - Have successfully started logging for id=4
2025-09-04 15:18:39,808 - INFO - Have successfully started logging for id=5
2025-09-04 15:18:39,810 - INFO - Have successfully started logging for id=6
2025-09-04 15:18:39,901 - INFO - Position manager data flow is normal
2025-09-04 15:18:41,901 - INFO - Current position: (0.010, 0.040, -0.001, 90.4째)
2025-09-04 15:18:41,901 - INFO - Using absolute coordinate system, ignoring takeoff position offset
2025-09-04 15:18:42,902 - INFO - Pre-flight stabilization to first waypoint: (0.000, 0.000, 0.500)
2025-09-04 15:18:43,052 - INFO - Waypoint1: absolute coordinates(0.000, 0.000, 0.500, yaw=90.0째)
2025-09-04 15:18:43,052 - INFO - Flying to coordinate: (0.000, 0.000, 0.500)
2025-09-04 15:18:44,112 - INFO - Approaching target (error=0.139m), entering stabilization phase
2025-09-04 15:18:44,602 - INFO - Reached waypoint (error=0.039m, stable_count=30)
2025-09-04 15:18:45,202 - INFO - Waypoint2: absolute coordinates(0.000, 0.000, 1.000, yaw=90.0째)
2025-09-04 15:18:45,202 - INFO - Flying to coordinate: (0.000, 0.000, 1.000)
2025-09-04 15:18:45,762 - INFO - Approaching target (error=0.146m), entering stabilization phase
2025-09-04 15:18:46,202 - INFO - Reached waypoint (error=0.078m, stable_count=30)
2025-09-04 15:18:46,803 - INFO - Waypoint3: absolute coordinates(0.000, 0.000, 0.500, yaw=90.0째)
2025-09-04 15:18:46,803 - INFO - Flying to coordinate: (0.000, 0.000, 0.500)
2025-09-04 15:18:47,713 - INFO - Approaching target (error=0.148m), entering stabilization phase
2025-09-04 15:18:48,203 - INFO - Reached waypoint (error=0.045m, stable_count=30)
2025-09-04 15:18:48,803 - INFO - Returning to origin and landing...
2025-09-04 15:18:48,803 - INFO - Flying to coordinate: (0.000, 0.000, 0.200)
2025-09-04 15:18:49,603 - INFO - Approaching target (error=0.148m), entering stabilization phase
2025-09-04 15:18:50,343 - INFO - Reached waypoint (error=0.027m, stable_count=30)
2025-09-04 15:18:50,344 - INFO - Landing...
2025-09-04 15:18:50,345 - INFO - Landing complete
2025-09-04 15:18:50,355 - INFO - Have successfully stopped logging for id=6
2025-09-04 15:18:50,447 - INFO - Position manager stopped
2025-09-04 15:18:50,448 - INFO - Flight mission complete
2025-09-04 15:18:50,448 - INFO - Stopping data collector...
2025-09-04 15:18:50,451 - INFO - Collection complete - stats: {'created': 1064, 'complete': 1064, 'merged': 0, 'dropped': 0}
2025-09-04 15:18:50,460 - INFO - Have successfully stopped logging for id=4
2025-09-04 15:18:50,463 - INFO - Have successfully stopped logging for id=5
2025-09-04 15:18:50,488 - INFO - Data saved: training_data/vertical_large_20250904_151850.json
2025-09-04 15:18:50,488 - INFO - States: 1064, Commands: 594, Duration: 10.6s
2025-09-04 15:18:50,488 - INFO - Successfully saved 1064 state data points
2025-09-04 15:18:50,488 - INFO - Successfully saved 594 control commands
2025-09-04 15:18:50,488 - INFO - Closing link
2025-09-04 15:18:50,489 - INFO - Callback->Disconnected from [radio://0/80/2M/E7E7E7E7E6]
