2025-09-05 17:51:03,016 - INFO - === Fixed continuous data collector ===
2025-09-05 17:51:03,016 - INFO - Mission: triangle_large
2025-09-05 17:51:03,016 - INFO - Waypoints (absolute coordinates): [(0, 0, 0.6), (0.8, 0, 0.6), (0.4, 0.6, 0.6), (0, 0, 0.6)]
2025-09-05 17:51:03,016 - INFO - Callback->Connection initialized[radio://0/80/2M/E7E7E7E7E6]
2025-09-05 17:51:03,267 - INFO - We are connected[radio://0/80/2M/E7E7E7E7E6], request connection setup
2025-09-05 17:51:03,267 - INFO - Request _request_protocol_version()
2025-09-05 17:51:03,270 - INFO - Callback->Connected to [radio://0/80/2M/E7E7E7E7E6]
2025-09-05 17:51:03,275 - INFO - _crt_service_callback
2025-09-05 17:51:03,275 - INFO - Request protocol version
2025-09-05 17:51:03,278 - INFO - _platform_callback
2025-09-05 17:51:03,278 - INFO - Protocol version (platform): 9
2025-09-05 17:51:03,289 - INFO - TOC for port [5] found in cache
2025-09-05 17:51:03,289 - INFO - Log TOC finished updating
2025-09-05 17:51:03,292 - INFO - 6 memories found
2025-09-05 17:51:03,367 - INFO - Memories finished updating
2025-09-05 17:51:03,372 - INFO - TOC for port [2] found in cache
2025-09-05 17:51:03,821 - INFO - Param TOC finished updating
2025-09-05 17:51:03,821 - INFO - Callback->Connection setup finished [radio://0/80/2M/E7E7E7E7E6]
2025-09-05 17:51:03,822 - INFO - Connected: radio://0/80/2M/E7E7E7E7E6
2025-09-05 17:51:03,830 - INFO - Have successfully started logging for id=1
2025-09-05 17:51:03,929 - INFO - Battery: 3.83V (safe)
2025-09-05 17:51:03,930 - INFO - Battery check passed: 3.83V
2025-09-05 17:51:03,930 - INFO - Initializing position estimator to origin...
2025-09-05 17:51:03,933 - INFO - Have successfully stopped logging for id=1
2025-09-05 17:51:03,934 - INFO - Have successfully deleted id=1
2025-09-05 17:51:04,908 - INFO - All parameters updated
2025-09-05 17:51:04,908 - INFO - Callback->Connection completed [radio://0/80/2M/E7E7E7E7E6]
2025-09-05 17:51:05,016 - INFO - Have successfully started logging for id=2
2025-09-05 17:51:11,512 - INFO - Waiting for position estimator...
2025-09-05 17:51:11,515 - INFO - Have successfully stopped logging for id=2
2025-09-05 17:51:11,516 - INFO - Have successfully deleted id=2
2025-09-05 17:51:11,521 - INFO - Have successfully started logging for id=3
2025-09-05 17:51:12,518 - INFO - Position estimator ready
2025-09-05 17:51:12,519 - INFO - Controller parameters optimized
2025-09-05 17:51:12,521 - INFO - Have successfully stopped logging for id=3
2025-09-05 17:51:12,522 - INFO - Have successfully deleted id=3
2025-09-05 17:51:15,303 - INFO - Start collection (slot:10ms)
2025-09-05 17:51:15,304 - INFO - Data collector started
2025-09-05 17:51:15,306 - INFO - Position manager started
2025-09-05 17:51:15,312 - INFO - Have successfully started logging for id=4
2025-09-05 17:51:15,315 - INFO - Have successfully started logging for id=5
2025-09-05 17:51:15,315 - INFO - Have successfully started logging for id=6
2025-09-05 17:51:15,406 - INFO - Position manager data flow is normal
2025-09-05 17:51:17,406 - INFO - Current position: (-0.024, 0.012, 0.039, 90.7°)
2025-09-05 17:51:17,407 - INFO - Using absolute coordinate system, ignoring takeoff position offset
2025-09-05 17:51:18,407 - INFO - Pre-flight stabilization to first waypoint: (0.000, 0.000, 0.600)
2025-09-05 17:51:18,557 - INFO - Waypoint1: absolute coordinates(0.000, 0.000, 0.600, yaw=90.0°)
2025-09-05 17:51:18,557 - INFO - Flying to coordinate: (0.000, 0.000, 0.600)
2025-09-05 17:51:19,567 - INFO - Approaching target (error=0.139m), entering stabilization phase
2025-09-05 17:51:20,057 - INFO - Reached waypoint (error=0.020m, stable_count=30)
2025-09-05 17:51:20,657 - INFO - Waypoint2: absolute coordinates(0.800, 0.000, 0.600, yaw=90.0°)
2025-09-05 17:51:20,658 - INFO - Flying to coordinate: (0.800, 0.000, 0.600)
2025-09-05 17:51:21,718 - INFO - Approaching target (error=0.139m), entering stabilization phase
2025-09-05 17:51:23,698 - INFO - Reached waypoint (error=0.067m, stable_count=30)
2025-09-05 17:51:24,298 - INFO - Waypoint3: absolute coordinates(0.400, 0.600, 0.600, yaw=90.0°)
2025-09-05 17:51:24,298 - INFO - Flying to coordinate: (0.400, 0.600, 0.600)
2025-09-05 17:51:25,008 - INFO - Approaching target (error=0.148m), entering stabilization phase
2025-09-05 17:51:26,748 - INFO - Reached waypoint (error=0.065m, stable_count=30)
2025-09-05 17:51:27,348 - INFO - Waypoint4: absolute coordinates(0.000, 0.000, 0.600, yaw=90.0°)
2025-09-05 17:51:27,349 - INFO - Flying to coordinate: (0.000, 0.000, 0.600)
2025-09-05 17:51:28,359 - INFO - Approaching target (error=0.145m), entering stabilization phase
2025-09-05 17:51:29,699 - INFO - Reached waypoint (error=0.046m, stable_count=30)
2025-09-05 17:51:30,299 - INFO - Returning to origin and landing...
2025-09-05 17:51:30,299 - INFO - Flying to coordinate: (0.000, 0.000, 0.200)
2025-09-05 17:51:31,309 - INFO - Approaching target (error=0.146m), entering stabilization phase
2025-09-05 17:51:33,299 - INFO - Reached waypoint (error=0.078m, stable_count=30)
2025-09-05 17:51:33,299 - INFO - Landing...
2025-09-05 17:51:33,299 - INFO - Landing complete
2025-09-05 17:51:33,306 - INFO - Have successfully stopped logging for id=6
2025-09-05 17:51:33,401 - INFO - Position manager stopped
2025-09-05 17:51:33,402 - INFO - Flight mission complete
2025-09-05 17:51:33,402 - INFO - Stopping data collector...
2025-09-05 17:51:33,404 - INFO - Collection complete - stats: {'created': 1810, 'complete': 1810, 'merged': 0, 'dropped': 0}
2025-09-05 17:51:33,416 - INFO - Have successfully stopped logging for id=4
2025-09-05 17:51:33,422 - INFO - Have successfully stopped logging for id=5
2025-09-05 17:51:33,467 - INFO - Data saved: training_data/triangle_large_20250905_175133.json
2025-09-05 17:51:33,467 - INFO - States: 1810, Commands: 1289, Duration: 18.1s
2025-09-05 17:51:33,467 - INFO - Successfully saved 1810 state data points
2025-09-05 17:51:33,467 - INFO - Successfully saved 1289 control commands
2025-09-05 17:51:33,467 - INFO - Closing link
2025-09-05 17:51:33,468 - INFO - Callback->Disconnected from [radio://0/80/2M/E7E7E7E7E6]
