2025-09-04 13:54:12,720 - INFO - === Fixed continuous data collector ===
2025-09-04 13:54:12,721 - INFO - Mission: vertical_med
2025-09-04 13:54:12,721 - INFO - Waypoints (absolute coordinates): [(0, 0, 0.4), (0, 0, 0.8), (0, 0, 0.4)]
2025-09-04 13:54:12,721 - INFO - Callback->Connection initialized[radio://0/80/2M/E7E7E7E7E6]
2025-09-04 13:54:12,971 - INFO - We are connected[radio://0/80/2M/E7E7E7E7E6], request connection setup
2025-09-04 13:54:12,971 - INFO - Request _request_protocol_version()
2025-09-04 13:54:12,973 - INFO - Callback->Connected to [radio://0/80/2M/E7E7E7E7E6]
2025-09-04 13:54:12,978 - INFO - _crt_service_callback
2025-09-04 13:54:12,978 - INFO - Request protocol version
2025-09-04 13:54:12,984 - INFO - _platform_callback
2025-09-04 13:54:12,984 - INFO - Protocol version (platform): 9
2025-09-04 13:54:12,996 - INFO - TOC for port [5] found in cache
2025-09-04 13:54:12,996 - INFO - Log TOC finished updating
2025-09-04 13:54:13,003 - INFO - 6 memories found
2025-09-04 13:54:13,096 - INFO - Memories finished updating
2025-09-04 13:54:13,103 - INFO - TOC for port [2] found in cache
2025-09-04 13:54:13,686 - INFO - Param TOC finished updating
2025-09-04 13:54:13,686 - INFO - Callback->Connection setup finished [radio://0/80/2M/E7E7E7E7E6]
2025-09-04 13:54:13,687 - INFO - Connected: radio://0/80/2M/E7E7E7E7E6
2025-09-04 13:54:13,696 - INFO - Have successfully started logging for id=1
2025-09-04 13:54:13,795 - INFO - Battery: 3.90V (safe)
2025-09-04 13:54:13,797 - INFO - Battery check passed: 3.90V
2025-09-04 13:54:13,797 - INFO - Initializing position estimator to origin...
2025-09-04 13:54:13,801 - INFO - Have successfully stopped logging for id=1
2025-09-04 13:54:13,802 - INFO - Have successfully deleted id=1
2025-09-04 13:54:15,153 - INFO - All parameters updated
2025-09-04 13:54:15,153 - INFO - Callback->Connection completed [radio://0/80/2M/E7E7E7E7E6]
2025-09-04 13:54:15,264 - INFO - Have successfully started logging for id=2
2025-09-04 13:54:23,258 - INFO - Waiting for position estimator...
2025-09-04 13:54:23,262 - INFO - Have successfully stopped logging for id=2
2025-09-04 13:54:23,263 - INFO - Have successfully deleted id=2
2025-09-04 13:54:23,267 - INFO - Have successfully started logging for id=3
2025-09-04 13:54:24,265 - INFO - Position estimator ready
2025-09-04 13:54:24,266 - INFO - Controller parameters optimized
2025-09-04 13:54:24,271 - INFO - Have successfully stopped logging for id=3
2025-09-04 13:54:24,273 - INFO - Have successfully deleted id=3
2025-09-04 13:54:37,672 - INFO - Start collection (slot:10ms)
2025-09-04 13:54:37,674 - INFO - Data collector started
2025-09-04 13:54:37,674 - INFO - Position manager started
2025-09-04 13:54:37,681 - INFO - Have successfully started logging for id=4
2025-09-04 13:54:37,682 - INFO - Have successfully started logging for id=5
2025-09-04 13:54:37,684 - INFO - Have successfully started logging for id=6
2025-09-04 13:54:37,775 - INFO - Position manager data flow is normal
2025-09-04 13:54:39,775 - INFO - Current position: (0.034, 0.032, 0.007, 90.0°)
2025-09-04 13:54:39,775 - INFO - Using absolute coordinate system, ignoring takeoff position offset
2025-09-04 13:54:40,775 - INFO - Pre-flight stabilization to first waypoint: (0.000, 0.000, 0.400)
2025-09-04 13:54:40,926 - INFO - Waypoint1: absolute coordinates(0.000, 0.000, 0.400, yaw=90.0°)
2025-09-04 13:54:40,927 - INFO - Flying to coordinate: (0.000, 0.000, 0.400)
2025-09-04 13:54:50,927 - WARNING - Waypoint timeout 10.0s (final error may still be acceptable)
2025-09-04 13:54:50,927 - WARNING - Waypoint1 not fully reached, continuing execution
2025-09-04 13:54:51,527 - INFO - Waypoint2: absolute coordinates(0.000, 0.000, 0.800, yaw=90.0°)
2025-09-04 13:54:51,527 - INFO - Flying to coordinate: (0.000, 0.000, 0.800)
2025-09-04 13:55:01,527 - WARNING - Waypoint timeout 10.0s (final error may still be acceptable)
2025-09-04 13:55:01,527 - WARNING - Waypoint2 not fully reached, continuing execution
2025-09-04 13:55:01,816 - INFO - Have successfully stopped logging for id=6
2025-09-04 13:55:01,911 - INFO - Position manager stopped
2025-09-04 13:55:01,913 - INFO - Stopping data collector...
2025-09-04 13:55:01,915 - INFO - Collection complete - stats: {'created': 2425, 'complete': 2425, 'merged': 0, 'dropped': 0}
2025-09-04 13:55:01,923 - INFO - Have successfully stopped logging for id=4
2025-09-04 13:55:01,927 - INFO - Have successfully stopped logging for id=5
2025-09-04 13:55:02,004 - INFO - Data saved: training_data/vertical_med_20250904_135501.json
2025-09-04 13:55:02,005 - INFO - States: 2425, Commands: 2036, Duration: 24.2s
2025-09-04 13:55:02,005 - INFO - Successfully saved 2425 state data points
2025-09-04 13:55:02,005 - INFO - Successfully saved 2036 control commands
2025-09-04 13:55:02,005 - INFO - Closing link
2025-09-04 13:55:02,006 - INFO - Callback->Disconnected from [radio://0/80/2M/E7E7E7E7E6]
2025-09-04 13:55:02,069 - INFO - User interrupted
