2025-09-04 14:37:16,173 - INFO - === Fixed continuous data collector ===
2025-09-04 14:37:16,173 - INFO - Mission: vertical_med
2025-09-04 14:37:16,173 - INFO - Waypoints (absolute coordinates): [(0, 0, 0.4), (0, 0, 0.8), (0, 0, 0.4)]
2025-09-04 14:37:16,173 - INFO - Callback->Connection initialized[radio://0/80/2M/E7E7E7E7E6]
2025-09-04 14:37:16,423 - INFO - We are connected[radio://0/80/2M/E7E7E7E7E6], request connection setup
2025-09-04 14:37:16,424 - INFO - Request _request_protocol_version()
2025-09-04 14:37:16,425 - INFO - Callback->Connected to [radio://0/80/2M/E7E7E7E7E6]
2025-09-04 14:37:16,430 - INFO - _crt_service_callback
2025-09-04 14:37:16,430 - INFO - Request protocol version
2025-09-04 14:37:16,434 - INFO - _platform_callback
2025-09-04 14:37:16,434 - INFO - Protocol version (platform): 9
2025-09-04 14:37:16,445 - INFO - TOC for port [5] found in cache
2025-09-04 14:37:16,445 - INFO - Log TOC finished updating
2025-09-04 14:37:16,448 - INFO - 6 memories found
2025-09-04 14:37:16,529 - INFO - Memories finished updating
2025-09-04 14:37:16,535 - INFO - TOC for port [2] found in cache
2025-09-04 14:37:17,057 - INFO - Param TOC finished updating
2025-09-04 14:37:17,057 - INFO - Callback->Connection setup finished [radio://0/80/2M/E7E7E7E7E6]
2025-09-04 14:37:17,058 - INFO - Connected: radio://0/80/2M/E7E7E7E7E6
2025-09-04 14:37:17,067 - INFO - Have successfully started logging for id=1
2025-09-04 14:37:17,167 - INFO - Battery: 3.80V (safe)
2025-09-04 14:37:17,168 - INFO - Battery check passed: 3.80V
2025-09-04 14:37:17,168 - INFO - Initializing position estimator to origin...
2025-09-04 14:37:17,173 - INFO - Have successfully stopped logging for id=1
2025-09-04 14:37:17,174 - INFO - Have successfully deleted id=1
2025-09-04 14:37:18,417 - INFO - All parameters updated
2025-09-04 14:37:18,418 - INFO - Callback->Connection completed [radio://0/80/2M/E7E7E7E7E6]
2025-09-04 14:37:18,527 - INFO - Have successfully started logging for id=2
2025-09-04 14:37:25,521 - INFO - Waiting for position estimator...
2025-09-04 14:37:25,524 - INFO - Have successfully stopped logging for id=2
2025-09-04 14:37:25,527 - INFO - Have successfully deleted id=2
2025-09-04 14:37:25,532 - INFO - Have successfully started logging for id=3
2025-09-04 14:37:26,531 - INFO - Position estimator ready
2025-09-04 14:37:26,532 - INFO - Controller parameters optimized
2025-09-04 14:37:26,535 - INFO - Have successfully stopped logging for id=3
2025-09-04 14:37:26,537 - INFO - Have successfully deleted id=3
2025-09-04 14:37:28,750 - INFO - Start collection (slot:10ms)
2025-09-04 14:37:28,751 - INFO - Data collector started
2025-09-04 14:37:28,752 - INFO - Position manager started
2025-09-04 14:37:28,759 - INFO - Have successfully started logging for id=4
2025-09-04 14:37:28,762 - INFO - Have successfully started logging for id=5
2025-09-04 14:37:28,763 - INFO - Have successfully started logging for id=6
2025-09-04 14:37:28,852 - INFO - Position manager data flow is normal
2025-09-04 14:37:30,852 - INFO - Current position: (0.019, 0.049, -0.003, 90.1째)
2025-09-04 14:37:30,852 - INFO - Using absolute coordinate system, ignoring takeoff position offset
2025-09-04 14:37:31,853 - INFO - Pre-flight stabilization to first waypoint: (0.000, 0.000, 0.400)
2025-09-04 14:37:32,004 - INFO - Waypoint1: absolute coordinates(0.000, 0.000, 0.400, yaw=90.0째)
2025-09-04 14:37:32,004 - INFO - Flying to coordinate: (0.000, 0.000, 0.400)
2025-09-04 14:37:33,014 - INFO - Approaching target (error=0.147m), entering stabilization phase
2025-09-04 14:37:33,654 - INFO - Reached waypoint (error=0.050m, stable_count=30)
2025-09-04 14:37:34,256 - INFO - Waypoint2: absolute coordinates(0.000, 0.000, 0.800, yaw=90.0째)
2025-09-04 14:37:34,256 - INFO - Flying to coordinate: (0.000, 0.000, 0.800)
2025-09-04 14:37:34,816 - INFO - Approaching target (error=0.133m), entering stabilization phase
2025-09-04 14:37:38,196 - INFO - Reached waypoint (error=0.071m, stable_count=30)
2025-09-04 14:37:38,796 - INFO - Waypoint3: absolute coordinates(0.000, 0.000, 0.400, yaw=90.0째)
2025-09-04 14:37:38,796 - INFO - Flying to coordinate: (0.000, 0.000, 0.400)
2025-09-04 14:37:39,707 - INFO - Approaching target (error=0.150m), entering stabilization phase
2025-09-04 14:37:40,397 - INFO - Reached waypoint (error=0.058m, stable_count=30)
2025-09-04 14:37:40,997 - INFO - Returning to origin and landing...
2025-09-04 14:37:40,997 - INFO - Flying to coordinate: (0.000, 0.000, 0.200)
2025-09-04 14:37:41,307 - INFO - Approaching target (error=0.141m), entering stabilization phase
2025-09-04 14:37:41,897 - INFO - Reached waypoint (error=0.048m, stable_count=30)
2025-09-04 14:37:41,897 - INFO - Landing...
2025-09-04 14:37:41,898 - INFO - Landing complete
2025-09-04 14:37:41,908 - INFO - Have successfully stopped logging for id=6
2025-09-04 14:37:41,999 - INFO - Position manager stopped
2025-09-04 14:37:42,001 - INFO - Flight mission complete
2025-09-04 14:37:42,002 - INFO - Stopping data collector...
2025-09-04 14:37:42,003 - INFO - Collection complete - stats: {'created': 1325, 'complete': 1325, 'merged': 0, 'dropped': 0}
2025-09-04 14:37:42,011 - INFO - Have successfully stopped logging for id=4
2025-09-04 14:37:42,015 - INFO - Have successfully stopped logging for id=5
2025-09-04 14:37:42,050 - INFO - Data saved: training_data/vertical_med_20250904_143742.json
2025-09-04 14:37:42,050 - INFO - States: 1325, Commands: 856, Duration: 13.3s
2025-09-04 14:37:42,051 - INFO - Successfully saved 1325 state data points
2025-09-04 14:37:42,051 - INFO - Successfully saved 856 control commands
2025-09-04 14:37:42,051 - INFO - Closing link
2025-09-04 14:37:42,051 - INFO - Callback->Disconnected from [radio://0/80/2M/E7E7E7E7E6]
