2025-09-05 15:55:13,972 - INFO - === Fixed continuous data collector ===
2025-09-05 15:55:13,972 - INFO - Mission: triangle_small
2025-09-05 15:55:13,972 - INFO - Waypoints (absolute coordinates): [(0, 0, 0.6), (0.4, 0, 0.6), (0.2, 0.4, 0.6), (0, 0, 0.6)]
2025-09-05 15:55:13,973 - INFO - Callback->Connection initialized[radio://0/80/2M/E7E7E7E7E6]
2025-09-05 15:55:14,224 - INFO - We are connected[radio://0/80/2M/E7E7E7E7E6], request connection setup
2025-09-05 15:55:14,224 - INFO - Request _request_protocol_version()
2025-09-05 15:55:14,226 - INFO - Callback->Connected to [radio://0/80/2M/E7E7E7E7E6]
2025-09-05 15:55:14,233 - INFO - _crt_service_callback
2025-09-05 15:55:14,233 - INFO - Request protocol version
2025-09-05 15:55:14,237 - INFO - _platform_callback
2025-09-05 15:55:14,237 - INFO - Protocol version (platform): 9
2025-09-05 15:55:14,247 - INFO - TOC for port [5] found in cache
2025-09-05 15:55:14,247 - INFO - Log TOC finished updating
2025-09-05 15:55:14,250 - INFO - 6 memories found
2025-09-05 15:55:14,327 - INFO - Memories finished updating
2025-09-05 15:55:14,334 - INFO - TOC for port [2] found in cache
2025-09-05 15:55:14,884 - INFO - Param TOC finished updating
2025-09-05 15:55:14,884 - INFO - Callback->Connection setup finished [radio://0/80/2M/E7E7E7E7E6]
2025-09-05 15:55:14,885 - INFO - Connected: radio://0/80/2M/E7E7E7E7E6
2025-09-05 15:55:14,894 - INFO - Have successfully started logging for id=1
2025-09-05 15:55:14,993 - INFO - Battery: 3.90V (safe)
2025-09-05 15:55:14,994 - INFO - Battery check passed: 3.90V
2025-09-05 15:55:14,994 - INFO - Initializing position estimator to origin...
2025-09-05 15:55:14,996 - INFO - Have successfully stopped logging for id=1
2025-09-05 15:55:14,997 - INFO - Have successfully deleted id=1
2025-09-05 15:55:16,198 - INFO - All parameters updated
2025-09-05 15:55:16,198 - INFO - Callback->Connection completed [radio://0/80/2M/E7E7E7E7E6]
2025-09-05 15:55:16,305 - INFO - Have successfully started logging for id=2
2025-09-05 15:55:22,800 - INFO - Waiting for position estimator...
2025-09-05 15:55:22,803 - INFO - Have successfully stopped logging for id=2
2025-09-05 15:55:22,803 - INFO - Have successfully deleted id=2
2025-09-05 15:55:22,809 - INFO - Have successfully started logging for id=3
2025-09-05 15:55:23,810 - INFO - Position estimator ready
2025-09-05 15:55:23,811 - INFO - Controller parameters optimized
2025-09-05 15:55:23,814 - INFO - Have successfully stopped logging for id=3
2025-09-05 15:55:23,814 - INFO - Have successfully deleted id=3
2025-09-05 15:55:25,561 - INFO - Start collection (slot:10ms)
2025-09-05 15:55:25,561 - INFO - Data collector started
2025-09-05 15:55:25,563 - INFO - Position manager started
2025-09-05 15:55:25,571 - INFO - Have successfully started logging for id=4
2025-09-05 15:55:25,572 - INFO - Have successfully started logging for id=5
2025-09-05 15:55:25,573 - INFO - Have successfully started logging for id=6
2025-09-05 15:55:25,663 - INFO - Position manager data flow is normal
2025-09-05 15:55:27,663 - INFO - Current position: (-0.018, 0.021, -0.005, 90.7°)
2025-09-05 15:55:27,663 - INFO - Using absolute coordinate system, ignoring takeoff position offset
2025-09-05 15:55:28,663 - INFO - Pre-flight stabilization to first waypoint: (0.000, 0.000, 0.600)
2025-09-05 15:55:28,813 - INFO - Waypoint1: absolute coordinates(0.000, 0.000, 0.600, yaw=90.0°)
2025-09-05 15:55:28,813 - INFO - Flying to coordinate: (0.000, 0.000, 0.600)
2025-09-05 15:55:38,814 - WARNING - Waypoint timeout 10.0s (final error may still be acceptable)
2025-09-05 15:55:38,814 - WARNING - Waypoint1 not fully reached, continuing execution
2025-09-05 15:55:39,248 - INFO - Have successfully stopped logging for id=6
2025-09-05 15:55:39,345 - INFO - Position manager stopped
2025-09-05 15:55:39,346 - INFO - Stopping data collector...
2025-09-05 15:55:39,349 - INFO - Collection complete - stats: {'created': 1378, 'complete': 1378, 'merged': 0, 'dropped': 0}
2025-09-05 15:55:39,358 - INFO - Have successfully stopped logging for id=4
2025-09-05 15:55:39,360 - INFO - Have successfully stopped logging for id=5
2025-09-05 15:55:39,398 - INFO - Data saved: training_data/triangle_small_20250905_155539.json
2025-09-05 15:55:39,398 - INFO - States: 1378, Commands: 1025, Duration: 13.8s
2025-09-05 15:55:39,398 - INFO - Successfully saved 1378 state data points
2025-09-05 15:55:39,398 - INFO - Successfully saved 1025 control commands
2025-09-05 15:55:39,398 - INFO - Closing link
2025-09-05 15:55:39,400 - INFO - Callback->Disconnected from [radio://0/80/2M/E7E7E7E7E6]
2025-09-05 15:55:39,420 - INFO - User interrupted
