2025-09-04 13:15:23,263 - INFO - === Fixed continuous data collector ===
2025-09-04 13:15:23,263 - INFO - Mission: vertical_small
2025-09-04 13:15:23,263 - INFO - Waypoints (absolute coordinates): [(0, 0, 0.3), (0, 0, 0.6), (0, 0, 0.9), (0, 0, 0.6), (0, 0, 0.3)]
2025-09-04 13:15:23,263 - INFO - Callback->Connection initialized[radio://0/80/2M/E7E7E7E7E6]
2025-09-04 13:15:23,515 - INFO - We are connected[radio://0/80/2M/E7E7E7E7E6], request connection setup
2025-09-04 13:15:23,515 - INFO - Request _request_protocol_version()
2025-09-04 13:15:23,519 - INFO - Callback->Connected to [radio://0/80/2M/E7E7E7E7E6]
2025-09-04 13:15:23,594 - INFO - _crt_service_callback
2025-09-04 13:15:23,594 - INFO - Request protocol version
2025-09-04 13:15:23,598 - INFO - _platform_callback
2025-09-04 13:15:23,598 - INFO - Protocol version (platform): 9
2025-09-04 13:15:23,609 - INFO - TOC for port [5] found in cache
2025-09-04 13:15:23,609 - INFO - Log TOC finished updating
2025-09-04 13:15:23,611 - INFO - 6 memories found
2025-09-04 13:15:23,692 - INFO - Memories finished updating
2025-09-04 13:15:23,697 - INFO - TOC for port [2] found in cache
2025-09-04 13:15:24,237 - INFO - Param TOC finished updating
2025-09-04 13:15:24,237 - INFO - Callback->Connection setup finished [radio://0/80/2M/E7E7E7E7E6]
2025-09-04 13:15:24,238 - INFO - Connected: radio://0/80/2M/E7E7E7E7E6
2025-09-04 13:15:24,249 - INFO - Have successfully started logging for id=1
2025-09-04 13:15:24,352 - INFO - Battery: 4.13V (safe)
2025-09-04 13:15:24,353 - INFO - Battery check passed: 4.13V
2025-09-04 13:15:24,353 - INFO - Initializing position estimator to origin...
2025-09-04 13:15:24,356 - INFO - Have successfully stopped logging for id=1
2025-09-04 13:15:24,358 - INFO - Have successfully deleted id=1
2025-09-04 13:15:25,512 - INFO - All parameters updated
2025-09-04 13:15:25,513 - INFO - Callback->Connection completed [radio://0/80/2M/E7E7E7E7E6]
2025-09-04 13:15:25,621 - INFO - Have successfully started logging for id=2
2025-09-04 13:15:32,116 - INFO - Waiting for position estimator...
2025-09-04 13:15:32,118 - INFO - Have successfully stopped logging for id=2
2025-09-04 13:15:32,120 - INFO - Have successfully deleted id=2
2025-09-04 13:15:32,126 - INFO - Have successfully started logging for id=3
2025-09-04 13:15:33,124 - INFO - Position estimator ready
2025-09-04 13:15:33,124 - INFO - Controller parameters optimized
2025-09-04 13:15:33,127 - INFO - Have successfully stopped logging for id=3
2025-09-04 13:15:33,128 - INFO - Have successfully deleted id=3
2025-09-04 13:15:40,076 - INFO - Start collection (slot:10ms)
2025-09-04 13:15:40,077 - INFO - Data collector started
2025-09-04 13:15:40,078 - INFO - Position manager started
2025-09-04 13:15:40,086 - INFO - Have successfully started logging for id=4
2025-09-04 13:15:40,086 - INFO - Have successfully started logging for id=5
2025-09-04 13:15:40,088 - INFO - Have successfully started logging for id=6
2025-09-04 13:15:40,178 - INFO - Position manager data flow is normal
2025-09-04 13:15:42,178 - INFO - Current position: (-0.006, 0.060, 0.003, 89.8°)
2025-09-04 13:15:42,178 - INFO - Using absolute coordinate system, ignoring takeoff position offset
2025-09-04 13:15:43,179 - INFO - Pre-flight stabilization to first waypoint: (0.000, 0.000, 0.300)
2025-09-04 13:15:43,329 - INFO - Waypoint1: absolute coordinates(0.000, 0.000, 0.300, yaw=90.0°)
2025-09-04 13:15:43,329 - INFO - Flying to coordinate: (0.000, 0.000, 0.300)
2025-09-04 13:15:44,389 - INFO - Approaching target (error=0.146m), entering stabilization phase
2025-09-04 13:15:45,079 - INFO - Reached waypoint (error=0.068m, stable_count=30)
2025-09-04 13:15:45,679 - INFO - Waypoint2: absolute coordinates(0.000, 0.000, 0.600, yaw=90.0°)
2025-09-04 13:15:45,679 - INFO - Flying to coordinate: (0.000, 0.000, 0.600)
2025-09-04 13:15:46,140 - INFO - Approaching target (error=0.137m), entering stabilization phase
2025-09-04 13:15:46,630 - INFO - Reached waypoint (error=0.026m, stable_count=30)
2025-09-04 13:15:47,230 - INFO - Waypoint3: absolute coordinates(0.000, 0.000, 0.900, yaw=90.0°)
2025-09-04 13:15:47,230 - INFO - Flying to coordinate: (0.000, 0.000, 0.900)
2025-09-04 13:15:47,590 - INFO - Approaching target (error=0.132m), entering stabilization phase
2025-09-04 13:15:53,070 - INFO - Reached waypoint (error=0.060m, stable_count=30)
2025-09-04 13:15:53,670 - INFO - Waypoint4: absolute coordinates(0.000, 0.000, 0.600, yaw=90.0°)
2025-09-04 13:15:53,670 - INFO - Flying to coordinate: (0.000, 0.000, 0.600)
2025-09-04 13:15:54,331 - INFO - Approaching target (error=0.148m), entering stabilization phase
2025-09-04 13:15:55,021 - INFO - Reached waypoint (error=0.042m, stable_count=30)
2025-09-04 13:15:55,622 - INFO - Waypoint5: absolute coordinates(0.000, 0.000, 0.300, yaw=90.0°)
2025-09-04 13:15:55,622 - INFO - Flying to coordinate: (0.000, 0.000, 0.300)
2025-09-04 13:15:56,085 - INFO - Approaching target (error=0.148m), entering stabilization phase
2025-09-04 13:15:56,715 - INFO - Reached waypoint (error=0.038m, stable_count=30)
2025-09-04 13:15:57,316 - INFO - Returning to origin and landing...
2025-09-04 13:15:57,316 - INFO - Flying to coordinate: (0.000, 0.000, 0.200)
2025-09-04 13:15:57,316 - INFO - Approaching target (error=0.067m), entering stabilization phase
2025-09-04 13:15:58,066 - INFO - Reached waypoint (error=0.048m, stable_count=30)
2025-09-04 13:15:58,066 - INFO - Landing...
2025-09-04 13:15:58,066 - INFO - Landing complete
2025-09-04 13:15:58,073 - INFO - Have successfully stopped logging for id=6
2025-09-04 13:15:58,168 - INFO - Position manager stopped
2025-09-04 13:15:58,170 - INFO - Flight mission complete
2025-09-04 13:15:58,170 - INFO - Stopping data collector...
2025-09-04 13:15:58,172 - INFO - Collection complete - stats: {'created': 1810, 'complete': 1809, 'merged': 0, 'dropped': 0}
2025-09-04 13:15:58,182 - INFO - Have successfully stopped logging for id=4
2025-09-04 13:15:58,183 - INFO - Have successfully stopped logging for id=5
2025-09-04 13:15:58,237 - INFO - Data saved: training_data/vertical_small_20250904_131558.json
2025-09-04 13:15:58,237 - INFO - States: 1809, Commands: 1239, Duration: 18.1s
2025-09-04 13:15:58,237 - INFO - Successfully saved 1809 state data points
2025-09-04 13:15:58,237 - INFO - Successfully saved 1239 control commands
2025-09-04 13:15:58,237 - INFO - Closing link
2025-09-04 13:15:58,238 - INFO - Callback->Disconnected from [radio://0/80/2M/E7E7E7E7E6]
