2025-09-05 17:37:30,545 - INFO - === Fixed continuous data collector ===
2025-09-05 17:37:30,545 - INFO - Mission: triangle_large
2025-09-05 17:37:30,545 - INFO - Waypoints (absolute coordinates): [(0, 0, 0.6), (0.8, 0, 0.6), (0.4, 0.6, 0.6), (0, 0, 0.6)]
2025-09-05 17:37:30,545 - INFO - Callback->Connection initialized[radio://0/80/2M/E7E7E7E7E6]
2025-09-05 17:37:30,797 - INFO - We are connected[radio://0/80/2M/E7E7E7E7E6], request connection setup
2025-09-05 17:37:30,798 - INFO - Request _request_protocol_version()
2025-09-05 17:37:30,801 - INFO - Callback->Connected to [radio://0/80/2M/E7E7E7E7E6]
2025-09-05 17:37:30,869 - INFO - _crt_service_callback
2025-09-05 17:37:30,869 - INFO - Request protocol version
2025-09-05 17:37:30,872 - INFO - _platform_callback
2025-09-05 17:37:30,872 - INFO - Protocol version (platform): 9
2025-09-05 17:37:30,884 - INFO - TOC for port [5] found in cache
2025-09-05 17:37:30,884 - INFO - Log TOC finished updating
2025-09-05 17:37:30,886 - INFO - 6 memories found
2025-09-05 17:37:30,958 - INFO - Memories finished updating
2025-09-05 17:37:30,964 - INFO - TOC for port [2] found in cache
2025-09-05 17:37:31,380 - INFO - Param TOC finished updating
2025-09-05 17:37:31,380 - INFO - Callback->Connection setup finished [radio://0/80/2M/E7E7E7E7E6]
2025-09-05 17:37:31,381 - INFO - Connected: radio://0/80/2M/E7E7E7E7E6
2025-09-05 17:37:31,389 - INFO - Have successfully started logging for id=1
2025-09-05 17:37:31,489 - INFO - Battery: 4.04V (safe)
2025-09-05 17:37:31,490 - INFO - Battery check passed: 4.04V
2025-09-05 17:37:31,490 - INFO - Initializing position estimator to origin...
2025-09-05 17:37:31,492 - INFO - Have successfully stopped logging for id=1
2025-09-05 17:37:31,493 - INFO - Have successfully deleted id=1
2025-09-05 17:37:32,446 - INFO - All parameters updated
2025-09-05 17:37:32,446 - INFO - Callback->Connection completed [radio://0/80/2M/E7E7E7E7E6]
2025-09-05 17:37:32,554 - INFO - Have successfully started logging for id=2
2025-09-05 17:37:39,049 - INFO - Waiting for position estimator...
2025-09-05 17:37:39,052 - INFO - Have successfully stopped logging for id=2
2025-09-05 17:37:39,052 - INFO - Have successfully deleted id=2
2025-09-05 17:37:39,058 - INFO - Have successfully started logging for id=3
2025-09-05 17:37:40,056 - INFO - Position estimator ready
2025-09-05 17:37:40,057 - INFO - Controller parameters optimized
2025-09-05 17:37:40,059 - INFO - Have successfully stopped logging for id=3
2025-09-05 17:37:40,060 - INFO - Have successfully deleted id=3
2025-09-05 17:37:53,455 - INFO - Start collection (slot:10ms)
2025-09-05 17:37:53,456 - INFO - Data collector started
2025-09-05 17:37:53,457 - INFO - Position manager started
2025-09-05 17:37:53,464 - INFO - Have successfully started logging for id=4
2025-09-05 17:37:53,465 - INFO - Have successfully started logging for id=5
2025-09-05 17:37:53,465 - INFO - Have successfully started logging for id=6
2025-09-05 17:37:53,557 - INFO - Position manager data flow is normal
2025-09-05 17:37:55,557 - INFO - Current position: (-0.019, 0.005, 0.012, 90.0°)
2025-09-05 17:37:55,557 - INFO - Using absolute coordinate system, ignoring takeoff position offset
2025-09-05 17:37:56,557 - INFO - Pre-flight stabilization to first waypoint: (0.000, 0.000, 0.600)
2025-09-05 17:37:56,708 - INFO - Waypoint1: absolute coordinates(0.000, 0.000, 0.600, yaw=90.0°)
2025-09-05 17:37:56,708 - INFO - Flying to coordinate: (0.000, 0.000, 0.600)
2025-09-05 17:37:57,668 - INFO - Approaching target (error=0.148m), entering stabilization phase
2025-09-05 17:37:58,208 - INFO - Reached waypoint (error=0.030m, stable_count=30)
2025-09-05 17:37:58,808 - INFO - Waypoint2: absolute coordinates(0.800, 0.000, 0.600, yaw=90.0°)
2025-09-05 17:37:58,808 - INFO - Flying to coordinate: (0.800, 0.000, 0.600)
2025-09-05 17:37:59,718 - INFO - Approaching target (error=0.126m), entering stabilization phase
2025-09-05 17:38:01,508 - INFO - Reached waypoint (error=0.059m, stable_count=30)
2025-09-05 17:38:02,109 - INFO - Waypoint3: absolute coordinates(0.400, 0.600, 0.600, yaw=90.0°)
2025-09-05 17:38:02,109 - INFO - Flying to coordinate: (0.400, 0.600, 0.600)
2025-09-05 17:38:02,869 - INFO - Approaching target (error=0.127m), entering stabilization phase
2025-09-05 17:38:04,649 - INFO - Reached waypoint (error=0.036m, stable_count=30)
2025-09-05 17:38:05,250 - INFO - Waypoint4: absolute coordinates(0.000, 0.000, 0.600, yaw=90.0°)
2025-09-05 17:38:05,250 - INFO - Flying to coordinate: (0.000, 0.000, 0.600)
2025-09-05 17:38:07,110 - INFO - Approaching target (error=0.141m), entering stabilization phase
2025-09-05 17:38:07,700 - INFO - Reached waypoint (error=0.061m, stable_count=30)
2025-09-05 17:38:08,301 - INFO - Returning to origin and landing...
2025-09-05 17:38:08,301 - INFO - Flying to coordinate: (0.000, 0.000, 0.200)
2025-09-05 17:38:09,211 - INFO - Approaching target (error=0.147m), entering stabilization phase
2025-09-05 17:38:11,991 - INFO - Reached waypoint (error=0.070m, stable_count=30)
2025-09-05 17:38:11,991 - INFO - Landing...
2025-09-05 17:38:11,992 - INFO - Landing complete
2025-09-05 17:38:11,996 - INFO - Have successfully stopped logging for id=6
2025-09-05 17:38:12,093 - INFO - Position manager stopped
2025-09-05 17:38:12,094 - INFO - Flight mission complete
2025-09-05 17:38:12,094 - INFO - Stopping data collector...
2025-09-05 17:38:12,096 - INFO - Collection complete - stats: {'created': 1864, 'complete': 1864, 'merged': 0, 'dropped': 0}
2025-09-05 17:38:12,106 - INFO - Have successfully stopped logging for id=4
2025-09-05 17:38:12,107 - INFO - Have successfully stopped logging for id=5
2025-09-05 17:38:12,160 - INFO - Data saved: training_data/triangle_large_20250905_173812.json
2025-09-05 17:38:12,161 - INFO - States: 1864, Commands: 1344, Duration: 18.6s
2025-09-05 17:38:12,161 - INFO - Successfully saved 1864 state data points
2025-09-05 17:38:12,161 - INFO - Successfully saved 1344 control commands
2025-09-05 17:38:12,161 - INFO - Closing link
2025-09-05 17:38:12,161 - INFO - Callback->Disconnected from [radio://0/80/2M/E7E7E7E7E6]
