2025-09-04 14:40:18,978 - INFO - === Fixed continuous data collector ===
2025-09-04 14:40:18,978 - INFO - Mission: vertical_med
2025-09-04 14:40:18,978 - INFO - Waypoints (absolute coordinates): [(0, 0, 0.4), (0, 0, 0.8), (0, 0, 0.4)]
2025-09-04 14:40:18,979 - INFO - Callback->Connection initialized[radio://0/80/2M/E7E7E7E7E6]
2025-09-04 14:40:19,230 - INFO - We are connected[radio://0/80/2M/E7E7E7E7E6], request connection setup
2025-09-04 14:40:19,230 - INFO - Request _request_protocol_version()
2025-09-04 14:40:19,242 - INFO - Callback->Connected to [radio://0/80/2M/E7E7E7E7E6]
2025-09-04 14:40:19,323 - INFO - _crt_service_callback
2025-09-04 14:40:19,323 - INFO - Request protocol version
2025-09-04 14:40:19,327 - INFO - _platform_callback
2025-09-04 14:40:19,327 - INFO - Protocol version (platform): 9
2025-09-04 14:40:19,342 - INFO - TOC for port [5] found in cache
2025-09-04 14:40:19,342 - INFO - Log TOC finished updating
2025-09-04 14:40:19,345 - INFO - 6 memories found
2025-09-04 14:40:19,429 - INFO - Memories finished updating
2025-09-04 14:40:19,435 - INFO - TOC for port [2] found in cache
2025-09-04 14:40:19,994 - INFO - Param TOC finished updating
2025-09-04 14:40:19,994 - INFO - Callback->Connection setup finished [radio://0/80/2M/E7E7E7E7E6]
2025-09-04 14:40:19,995 - INFO - Connected: radio://0/80/2M/E7E7E7E7E6
2025-09-04 14:40:20,006 - INFO - Have successfully started logging for id=1
2025-09-04 14:40:20,104 - INFO - Battery: 4.13V (safe)
2025-09-04 14:40:20,105 - INFO - Battery check passed: 4.13V
2025-09-04 14:40:20,105 - INFO - Initializing position estimator to origin...
2025-09-04 14:40:20,110 - INFO - Have successfully stopped logging for id=1
2025-09-04 14:40:20,111 - INFO - Have successfully deleted id=1
2025-09-04 14:40:21,242 - INFO - All parameters updated
2025-09-04 14:40:21,242 - INFO - Callback->Connection completed [radio://0/80/2M/E7E7E7E7E6]
2025-09-04 14:40:21,351 - INFO - Have successfully started logging for id=2
2025-09-04 14:40:27,848 - INFO - Waiting for position estimator...
2025-09-04 14:40:27,851 - INFO - Have successfully stopped logging for id=2
2025-09-04 14:40:27,851 - INFO - Have successfully deleted id=2
2025-09-04 14:40:27,858 - INFO - Have successfully started logging for id=3
2025-09-04 14:40:28,856 - INFO - Position estimator ready
2025-09-04 14:40:28,857 - INFO - Controller parameters optimized
2025-09-04 14:40:28,860 - INFO - Have successfully stopped logging for id=3
2025-09-04 14:40:28,861 - INFO - Have successfully deleted id=3
2025-09-04 14:40:42,674 - INFO - Start collection (slot:10ms)
2025-09-04 14:40:42,674 - INFO - Data collector started
2025-09-04 14:40:42,676 - INFO - Position manager started
2025-09-04 14:40:42,683 - INFO - Have successfully started logging for id=4
2025-09-04 14:40:42,685 - INFO - Have successfully started logging for id=5
2025-09-04 14:40:42,686 - INFO - Have successfully started logging for id=6
2025-09-04 14:40:42,776 - INFO - Position manager data flow is normal
2025-09-04 14:40:44,776 - INFO - Current position: (0.019, 0.052, 0.013, 90.0째)
2025-09-04 14:40:44,776 - INFO - Using absolute coordinate system, ignoring takeoff position offset
2025-09-04 14:40:45,776 - INFO - Pre-flight stabilization to first waypoint: (0.000, 0.000, 0.400)
2025-09-04 14:40:45,927 - INFO - Waypoint1: absolute coordinates(0.000, 0.000, 0.400, yaw=90.0째)
2025-09-04 14:40:45,927 - INFO - Flying to coordinate: (0.000, 0.000, 0.400)
2025-09-04 14:40:47,037 - INFO - Approaching target (error=0.139m), entering stabilization phase
2025-09-04 14:40:47,577 - INFO - Reached waypoint (error=0.049m, stable_count=30)
2025-09-04 14:40:48,178 - INFO - Waypoint2: absolute coordinates(0.000, 0.000, 0.800, yaw=90.0째)
2025-09-04 14:40:48,178 - INFO - Flying to coordinate: (0.000, 0.000, 0.800)
2025-09-04 14:40:48,688 - INFO - Approaching target (error=0.128m), entering stabilization phase
2025-09-04 14:40:51,928 - INFO - Reached waypoint (error=0.074m, stable_count=30)
2025-09-04 14:40:52,529 - INFO - Waypoint3: absolute coordinates(0.000, 0.000, 0.400, yaw=90.0째)
2025-09-04 14:40:52,529 - INFO - Flying to coordinate: (0.000, 0.000, 0.400)
2025-09-04 14:40:53,329 - INFO - Approaching target (error=0.136m), entering stabilization phase
2025-09-04 14:40:53,969 - INFO - Reached waypoint (error=0.014m, stable_count=30)
2025-09-04 14:40:54,570 - INFO - Returning to origin and landing...
2025-09-04 14:40:54,570 - INFO - Flying to coordinate: (0.000, 0.000, 0.200)
2025-09-04 14:40:54,880 - INFO - Approaching target (error=0.145m), entering stabilization phase
2025-09-04 14:40:55,420 - INFO - Reached waypoint (error=0.039m, stable_count=30)
2025-09-04 14:40:55,420 - INFO - Landing...
2025-09-04 14:40:55,421 - INFO - Landing complete
2025-09-04 14:40:55,428 - INFO - Have successfully stopped logging for id=6
2025-09-04 14:40:55,522 - INFO - Position manager stopped
2025-09-04 14:40:55,523 - INFO - Flight mission complete
2025-09-04 14:40:55,523 - INFO - Stopping data collector...
2025-09-04 14:40:55,528 - INFO - Collection complete - stats: {'created': 1285, 'complete': 1284, 'merged': 0, 'dropped': 0}
2025-09-04 14:40:55,535 - INFO - Have successfully stopped logging for id=4
2025-09-04 14:40:55,539 - INFO - Have successfully stopped logging for id=5
2025-09-04 14:40:55,572 - INFO - Data saved: training_data/vertical_med_20250904_144055.json
2025-09-04 14:40:55,572 - INFO - States: 1284, Commands: 816, Duration: 12.8s
2025-09-04 14:40:55,573 - INFO - Successfully saved 1284 state data points
2025-09-04 14:40:55,573 - INFO - Successfully saved 816 control commands
2025-09-04 14:40:55,573 - INFO - Closing link
2025-09-04 14:40:55,573 - INFO - Callback->Disconnected from [radio://0/80/2M/E7E7E7E7E6]
