2025-09-05 17:08:42,116 - INFO - === Fixed continuous data collector ===
2025-09-05 17:08:42,116 - INFO - Mission: triangle_large
2025-09-05 17:08:42,116 - INFO - Waypoints (absolute coordinates): [(0, 0, 0.6), (0.8, 0, 0.6), (0.4, 0.6, 0.6), (0, 0, 0.6)]
2025-09-05 17:08:42,117 - INFO - Callback->Connection initialized[radio://0/80/2M/E7E7E7E7E6]
2025-09-05 17:08:42,368 - INFO - We are connected[radio://0/80/2M/E7E7E7E7E6], request connection setup
2025-09-05 17:08:42,369 - INFO - Request _request_protocol_version()
2025-09-05 17:08:42,371 - INFO - Callback->Connected to [radio://0/80/2M/E7E7E7E7E6]
2025-09-05 17:08:42,376 - INFO - _crt_service_callback
2025-09-05 17:08:42,376 - INFO - Request protocol version
2025-09-05 17:08:42,380 - INFO - _platform_callback
2025-09-05 17:08:42,380 - INFO - Protocol version (platform): 9
2025-09-05 17:08:42,390 - INFO - TOC for port [5] found in cache
2025-09-05 17:08:42,390 - INFO - Log TOC finished updating
2025-09-05 17:08:42,394 - INFO - 6 memories found
2025-09-05 17:08:42,471 - INFO - Memories finished updating
2025-09-05 17:08:42,477 - INFO - TOC for port [2] found in cache
2025-09-05 17:08:42,903 - INFO - Param TOC finished updating
2025-09-05 17:08:42,903 - INFO - Callback->Connection setup finished [radio://0/80/2M/E7E7E7E7E6]
2025-09-05 17:08:42,904 - INFO - Connected: radio://0/80/2M/E7E7E7E7E6
2025-09-05 17:08:42,913 - INFO - Have successfully started logging for id=1
2025-09-05 17:08:43,013 - INFO - Battery: 3.83V (safe)
2025-09-05 17:08:43,014 - INFO - Battery check passed: 3.83V
2025-09-05 17:08:43,014 - INFO - Initializing position estimator to origin...
2025-09-05 17:08:43,016 - INFO - Have successfully stopped logging for id=1
2025-09-05 17:08:43,017 - INFO - Have successfully deleted id=1
2025-09-05 17:08:44,044 - INFO - All parameters updated
2025-09-05 17:08:44,044 - INFO - Callback->Connection completed [radio://0/80/2M/E7E7E7E7E6]
2025-09-05 17:08:44,154 - INFO - Have successfully started logging for id=2
2025-09-05 17:08:51,148 - INFO - Waiting for position estimator...
2025-09-05 17:08:51,151 - INFO - Have successfully stopped logging for id=2
2025-09-05 17:08:51,152 - INFO - Have successfully deleted id=2
2025-09-05 17:08:51,157 - INFO - Have successfully started logging for id=3
2025-09-05 17:08:52,159 - INFO - Position estimator ready
2025-09-05 17:08:52,160 - INFO - Controller parameters optimized
2025-09-05 17:08:52,162 - INFO - Have successfully stopped logging for id=3
2025-09-05 17:08:52,164 - INFO - Have successfully deleted id=3
2025-09-05 17:08:55,317 - INFO - Start collection (slot:10ms)
2025-09-05 17:08:55,317 - INFO - Data collector started
2025-09-05 17:08:55,318 - INFO - Position manager started
2025-09-05 17:08:55,325 - INFO - Have successfully started logging for id=4
2025-09-05 17:08:55,326 - INFO - Have successfully started logging for id=5
2025-09-05 17:08:55,328 - INFO - Have successfully started logging for id=6
2025-09-05 17:08:55,419 - INFO - Position manager data flow is normal
2025-09-05 17:08:57,419 - INFO - Current position: (-0.017, 0.014, 0.043, 89.6°)
2025-09-05 17:08:57,419 - INFO - Using absolute coordinate system, ignoring takeoff position offset
2025-09-05 17:08:58,419 - INFO - Pre-flight stabilization to first waypoint: (0.000, 0.000, 0.600)
2025-09-05 17:08:58,571 - INFO - Waypoint1: absolute coordinates(0.000, 0.000, 0.600, yaw=90.0°)
2025-09-05 17:08:58,571 - INFO - Flying to coordinate: (0.000, 0.000, 0.600)
2025-09-05 17:09:08,571 - WARNING - Waypoint timeout 10.0s (final error may still be acceptable)
2025-09-05 17:09:08,572 - WARNING - Waypoint1 not fully reached, continuing execution
2025-09-05 17:09:09,172 - INFO - Waypoint2: absolute coordinates(0.800, 0.000, 0.600, yaw=90.0°)
2025-09-05 17:09:09,172 - INFO - Flying to coordinate: (0.800, 0.000, 0.600)
2025-09-05 17:09:10,104 - INFO - Have successfully stopped logging for id=6
2025-09-05 17:09:10,200 - INFO - Position manager stopped
2025-09-05 17:09:10,202 - INFO - Stopping data collector...
2025-09-05 17:09:10,205 - INFO - Collection complete - stats: {'created': 1489, 'complete': 1488, 'merged': 0, 'dropped': 0}
2025-09-05 17:09:10,212 - INFO - Have successfully stopped logging for id=4
2025-09-05 17:09:10,213 - INFO - Have successfully stopped logging for id=5
2025-09-05 17:09:10,260 - INFO - Data saved: training_data/triangle_large_20250905_170910.json
2025-09-05 17:09:10,260 - INFO - States: 1488, Commands: 1119, Duration: 14.9s
2025-09-05 17:09:10,260 - INFO - Successfully saved 1488 state data points
2025-09-05 17:09:10,260 - INFO - Successfully saved 1119 control commands
2025-09-05 17:09:10,260 - INFO - Closing link
2025-09-05 17:09:10,260 - INFO - Callback->Disconnected from [radio://0/80/2M/E7E7E7E7E6]
2025-09-05 17:09:10,348 - INFO - User interrupted
