2025-09-05 14:41:36,726 - INFO - === Fixed continuous data collector ===
2025-09-05 14:41:36,726 - INFO - Mission: square_large
2025-09-05 14:41:36,726 - INFO - Waypoints (absolute coordinates): [(0, 0, 0.5), (0.7, 0, 0.5), (0.7, 0.7, 0.5), (0, 0.7, 0.5), (0, 0, 0.5)]
2025-09-05 14:41:36,727 - INFO - Callback->Connection initialized[radio://0/80/2M/E7E7E7E7E6]
2025-09-05 14:41:36,978 - INFO - We are connected[radio://0/80/2M/E7E7E7E7E6], request connection setup
2025-09-05 14:41:36,979 - INFO - Request _request_protocol_version()
2025-09-05 14:41:36,980 - INFO - Callback->Connected to [radio://0/80/2M/E7E7E7E7E6]
2025-09-05 14:41:36,986 - INFO - _crt_service_callback
2025-09-05 14:41:36,986 - INFO - Request protocol version
2025-09-05 14:41:36,989 - INFO - _platform_callback
2025-09-05 14:41:36,989 - INFO - Protocol version (platform): 9
2025-09-05 14:41:36,998 - INFO - TOC for port [5] found in cache
2025-09-05 14:41:36,998 - INFO - Log TOC finished updating
2025-09-05 14:41:37,002 - INFO - 6 memories found
2025-09-05 14:41:37,080 - INFO - Memories finished updating
2025-09-05 14:41:37,085 - INFO - TOC for port [2] found in cache
2025-09-05 14:41:37,547 - INFO - Param TOC finished updating
2025-09-05 14:41:37,547 - INFO - Callback->Connection setup finished [radio://0/80/2M/E7E7E7E7E6]
2025-09-05 14:41:37,548 - INFO - Connected: radio://0/80/2M/E7E7E7E7E6
2025-09-05 14:41:37,555 - INFO - Have successfully started logging for id=1
2025-09-05 14:41:37,655 - INFO - Battery: 4.08V (safe)
2025-09-05 14:41:37,657 - INFO - Battery check passed: 4.08V
2025-09-05 14:41:37,657 - INFO - Initializing position estimator to origin...
2025-09-05 14:41:37,659 - INFO - Have successfully stopped logging for id=1
2025-09-05 14:41:37,660 - INFO - Have successfully deleted id=1
2025-09-05 14:41:38,749 - INFO - All parameters updated
2025-09-05 14:41:38,749 - INFO - Callback->Connection completed [radio://0/80/2M/E7E7E7E7E6]
2025-09-05 14:41:38,857 - INFO - Have successfully started logging for id=2
2025-09-05 14:41:45,354 - INFO - Waiting for position estimator...
2025-09-05 14:41:45,358 - INFO - Have successfully stopped logging for id=2
2025-09-05 14:41:45,359 - INFO - Have successfully deleted id=2
2025-09-05 14:41:45,367 - INFO - Have successfully started logging for id=3
2025-09-05 14:41:46,366 - INFO - Position estimator ready
2025-09-05 14:41:46,367 - INFO - Controller parameters optimized
2025-09-05 14:41:46,369 - INFO - Have successfully stopped logging for id=3
2025-09-05 14:41:46,370 - INFO - Have successfully deleted id=3
2025-09-05 14:41:48,627 - INFO - Start collection (slot:10ms)
2025-09-05 14:41:48,628 - INFO - Data collector started
2025-09-05 14:41:48,629 - INFO - Position manager started
2025-09-05 14:41:48,641 - INFO - Have successfully started logging for id=4
2025-09-05 14:41:48,642 - INFO - Have successfully started logging for id=5
2025-09-05 14:41:48,643 - INFO - Have successfully started logging for id=6
2025-09-05 14:41:48,730 - INFO - Position manager data flow is normal
2025-09-05 14:41:50,730 - INFO - Current position: (0.020, 0.054, 0.008, 90.0°)
2025-09-05 14:41:50,730 - INFO - Using absolute coordinate system, ignoring takeoff position offset
2025-09-05 14:41:51,730 - INFO - Pre-flight stabilization to first waypoint: (0.000, 0.000, 0.500)
2025-09-05 14:41:51,880 - INFO - Waypoint1: absolute coordinates(0.000, 0.000, 0.500, yaw=90.0°)
2025-09-05 14:41:51,880 - INFO - Flying to coordinate: (0.000, 0.000, 0.500)
2025-09-05 14:42:01,880 - WARNING - Waypoint timeout 10.0s (final error may still be acceptable)
2025-09-05 14:42:01,880 - WARNING - Waypoint1 not fully reached, continuing execution
2025-09-05 14:42:02,481 - INFO - Waypoint2: absolute coordinates(0.700, 0.000, 0.500, yaw=90.0°)
2025-09-05 14:42:02,481 - INFO - Flying to coordinate: (0.700, 0.000, 0.500)
2025-09-05 14:42:07,558 - INFO - Have successfully stopped logging for id=6
2025-09-05 14:42:07,655 - INFO - Position manager stopped
2025-09-05 14:42:07,657 - INFO - Stopping data collector...
2025-09-05 14:42:07,658 - INFO - Collection complete - stats: {'created': 1903, 'complete': 1903, 'merged': 0, 'dropped': 0}
2025-09-05 14:42:07,667 - INFO - Have successfully stopped logging for id=4
2025-09-05 14:42:07,670 - INFO - Have successfully stopped logging for id=5
2025-09-05 14:42:07,728 - INFO - Data saved: training_data/square_large_20250905_144207.json
2025-09-05 14:42:07,728 - INFO - States: 1903, Commands: 1533, Duration: 19.0s
2025-09-05 14:42:07,728 - INFO - Successfully saved 1903 state data points
2025-09-05 14:42:07,728 - INFO - Successfully saved 1533 control commands
2025-09-05 14:42:07,728 - INFO - Closing link
2025-09-05 14:42:07,729 - INFO - Callback->Disconnected from [radio://0/80/2M/E7E7E7E7E6]
2025-09-05 14:42:07,789 - INFO - User interrupted
