2025-09-05 16:15:46,764 - INFO - === Fixed continuous data collector ===
2025-09-05 16:15:46,764 - INFO - Mission: triangle_med
2025-09-05 16:15:46,764 - INFO - Waypoints (absolute coordinates): [(0, 0, 0.6), (0.5, 0, 0.6), (0.25, 0.5, 0.6), (0, 0, 0.6)]
2025-09-05 16:15:46,765 - INFO - Callback->Connection initialized[radio://0/80/2M/E7E7E7E7E6]
2025-09-05 16:15:47,015 - INFO - We are connected[radio://0/80/2M/E7E7E7E7E6], request connection setup
2025-09-05 16:15:47,016 - INFO - Request _request_protocol_version()
2025-09-05 16:15:47,021 - INFO - Callback->Connected to [radio://0/80/2M/E7E7E7E7E6]
2025-09-05 16:15:47,129 - INFO - _crt_service_callback
2025-09-05 16:15:47,129 - INFO - Request protocol version
2025-09-05 16:15:47,137 - INFO - _platform_callback
2025-09-05 16:15:47,137 - INFO - Protocol version (platform): 9
2025-09-05 16:15:47,163 - INFO - TOC for port [5] found in cache
2025-09-05 16:15:47,164 - INFO - Log TOC finished updating
2025-09-05 16:15:47,169 - INFO - 6 memories found
2025-09-05 16:15:47,253 - INFO - Memories finished updating
2025-09-05 16:15:47,261 - INFO - TOC for port [2] found in cache
2025-09-05 16:15:47,836 - INFO - Param TOC finished updating
2025-09-05 16:15:47,836 - INFO - Callback->Connection setup finished [radio://0/80/2M/E7E7E7E7E6]
2025-09-05 16:15:47,837 - INFO - Connected: radio://0/80/2M/E7E7E7E7E6
2025-09-05 16:15:47,848 - INFO - Have successfully started logging for id=1
2025-09-05 16:15:47,945 - INFO - Battery: 3.85V (safe)
2025-09-05 16:15:47,946 - INFO - Battery check passed: 3.85V
2025-09-05 16:15:47,946 - INFO - Initializing position estimator to origin...
2025-09-05 16:15:47,950 - INFO - Have successfully stopped logging for id=1
2025-09-05 16:15:47,951 - INFO - Have successfully deleted id=1
2025-09-05 16:15:49,336 - INFO - All parameters updated
2025-09-05 16:15:49,336 - INFO - Callback->Connection completed [radio://0/80/2M/E7E7E7E7E6]
2025-09-05 16:15:49,450 - INFO - Have successfully started logging for id=2
2025-09-05 16:15:57,444 - INFO - Waiting for position estimator...
2025-09-05 16:15:57,450 - INFO - Have successfully stopped logging for id=2
2025-09-05 16:15:57,451 - INFO - Have successfully deleted id=2
2025-09-05 16:15:57,457 - INFO - Have successfully started logging for id=3
2025-09-05 16:15:58,457 - INFO - Position estimator ready
2025-09-05 16:15:58,458 - INFO - Controller parameters optimized
2025-09-05 16:15:58,462 - INFO - Have successfully stopped logging for id=3
2025-09-05 16:15:58,463 - INFO - Have successfully deleted id=3
2025-09-05 16:16:01,602 - INFO - Start collection (slot:10ms)
2025-09-05 16:16:01,603 - INFO - Data collector started
2025-09-05 16:16:01,603 - INFO - Position manager started
2025-09-05 16:16:01,611 - INFO - Have successfully started logging for id=4
2025-09-05 16:16:01,613 - INFO - Have successfully started logging for id=5
2025-09-05 16:16:01,614 - INFO - Have successfully started logging for id=6
2025-09-05 16:16:01,704 - INFO - Position manager data flow is normal
2025-09-05 16:16:03,704 - INFO - Current position: (-0.015, 0.015, -0.001, 90.0°)
2025-09-05 16:16:03,704 - INFO - Using absolute coordinate system, ignoring takeoff position offset
2025-09-05 16:16:04,704 - INFO - Pre-flight stabilization to first waypoint: (0.000, 0.000, 0.600)
2025-09-05 16:16:04,854 - INFO - Waypoint1: absolute coordinates(0.000, 0.000, 0.600, yaw=90.0°)
2025-09-05 16:16:04,854 - INFO - Flying to coordinate: (0.000, 0.000, 0.600)
2025-09-05 16:16:05,864 - INFO - Approaching target (error=0.134m), entering stabilization phase
2025-09-05 16:16:06,354 - INFO - Reached waypoint (error=0.033m, stable_count=30)
2025-09-05 16:16:06,955 - INFO - Waypoint2: absolute coordinates(0.500, 0.000, 0.600, yaw=90.0°)
2025-09-05 16:16:06,955 - INFO - Flying to coordinate: (0.500, 0.000, 0.600)
2025-09-05 16:16:07,665 - INFO - Approaching target (error=0.148m), entering stabilization phase
2025-09-05 16:16:10,005 - INFO - Reached waypoint (error=0.074m, stable_count=30)
2025-09-05 16:16:10,607 - INFO - Waypoint3: absolute coordinates(0.250, 0.500, 0.600, yaw=90.0°)
2025-09-05 16:16:10,608 - INFO - Flying to coordinate: (0.250, 0.500, 0.600)
2025-09-05 16:16:11,318 - INFO - Approaching target (error=0.124m), entering stabilization phase
2025-09-05 16:16:11,698 - INFO - Reached waypoint (error=0.069m, stable_count=30)
2025-09-05 16:16:12,298 - INFO - Waypoint4: absolute coordinates(0.000, 0.000, 0.600, yaw=90.0°)
2025-09-05 16:16:12,298 - INFO - Flying to coordinate: (0.000, 0.000, 0.600)
2025-09-05 16:16:13,258 - INFO - Approaching target (error=0.146m), entering stabilization phase
2025-09-05 16:16:14,748 - INFO - Reached waypoint (error=0.014m, stable_count=30)
2025-09-05 16:16:15,351 - INFO - Returning to origin and landing...
2025-09-05 16:16:15,351 - INFO - Flying to coordinate: (0.000, 0.000, 0.200)
2025-09-05 16:16:16,051 - INFO - Approaching target (error=0.141m), entering stabilization phase
2025-09-05 16:16:16,741 - INFO - Reached waypoint (error=0.061m, stable_count=30)
2025-09-05 16:16:16,741 - INFO - Landing...
2025-09-05 16:16:16,742 - INFO - Landing complete
2025-09-05 16:16:16,748 - INFO - Have successfully stopped logging for id=6
2025-09-05 16:16:16,843 - INFO - Position manager stopped
2025-09-05 16:16:16,844 - INFO - Flight mission complete
2025-09-05 16:16:16,844 - INFO - Stopping data collector...
2025-09-05 16:16:16,847 - INFO - Collection complete - stats: {'created': 1524, 'complete': 1524, 'merged': 0, 'dropped': 0}
2025-09-05 16:16:16,855 - INFO - Have successfully stopped logging for id=4
2025-09-05 16:16:16,858 - INFO - Have successfully stopped logging for id=5
2025-09-05 16:16:16,902 - INFO - Data saved: training_data/triangle_med_20250905_161616.json
2025-09-05 16:16:16,902 - INFO - States: 1524, Commands: 1005, Duration: 15.2s
2025-09-05 16:16:16,902 - INFO - Successfully saved 1524 state data points
2025-09-05 16:16:16,902 - INFO - Successfully saved 1005 control commands
2025-09-05 16:16:16,902 - INFO - Closing link
2025-09-05 16:16:16,903 - INFO - Callback->Disconnected from [radio://0/80/2M/E7E7E7E7E6]
