2025-09-04 15:49:24,530 - INFO - === Fixed continuous data collector ===
2025-09-04 15:49:24,530 - INFO - Mission: vertical_large
2025-09-04 15:49:24,530 - INFO - Waypoints (absolute coordinates): [(0, 0, 0.5), (0, 0, 1.0), (0, 0, 0.5)]
2025-09-04 15:49:24,531 - INFO - Callback->Connection initialized[radio://0/80/2M/E7E7E7E7E6]
2025-09-04 15:49:24,782 - INFO - We are connected[radio://0/80/2M/E7E7E7E7E6], request connection setup
2025-09-04 15:49:24,782 - INFO - Request _request_protocol_version()
2025-09-04 15:49:24,785 - INFO - Callback->Connected to [radio://0/80/2M/E7E7E7E7E6]
2025-09-04 15:49:24,790 - INFO - _crt_service_callback
2025-09-04 15:49:24,790 - INFO - Request protocol version
2025-09-04 15:49:24,793 - INFO - _platform_callback
2025-09-04 15:49:24,793 - INFO - Protocol version (platform): 9
2025-09-04 15:49:24,805 - INFO - TOC for port [5] found in cache
2025-09-04 15:49:24,805 - INFO - Log TOC finished updating
2025-09-04 15:49:24,809 - INFO - 6 memories found
2025-09-04 15:49:24,889 - INFO - Memories finished updating
2025-09-04 15:49:24,894 - INFO - TOC for port [2] found in cache
2025-09-04 15:49:25,381 - INFO - Param TOC finished updating
2025-09-04 15:49:25,381 - INFO - Callback->Connection setup finished [radio://0/80/2M/E7E7E7E7E6]
2025-09-04 15:49:25,383 - INFO - Connected: radio://0/80/2M/E7E7E7E7E6
2025-09-04 15:49:25,393 - INFO - Have successfully started logging for id=1
2025-09-04 15:49:25,494 - INFO - Battery: 3.84V (safe)
2025-09-04 15:49:25,495 - INFO - Battery check passed: 3.84V
2025-09-04 15:49:25,495 - INFO - Initializing position estimator to origin...
2025-09-04 15:49:25,497 - INFO - Have successfully stopped logging for id=1
2025-09-04 15:49:25,498 - INFO - Have successfully deleted id=1
2025-09-04 15:49:26,716 - INFO - All parameters updated
2025-09-04 15:49:26,716 - INFO - Callback->Connection completed [radio://0/80/2M/E7E7E7E7E6]
2025-09-04 15:49:26,826 - INFO - Have successfully started logging for id=2
2025-09-04 15:49:33,320 - INFO - Waiting for position estimator...
2025-09-04 15:49:33,323 - INFO - Have successfully stopped logging for id=2
2025-09-04 15:49:33,323 - INFO - Have successfully deleted id=2
2025-09-04 15:49:33,329 - INFO - Have successfully started logging for id=3
2025-09-04 15:49:34,328 - INFO - Position estimator ready
2025-09-04 15:49:34,329 - INFO - Controller parameters optimized
2025-09-04 15:49:34,331 - INFO - Have successfully stopped logging for id=3
2025-09-04 15:49:34,332 - INFO - Have successfully deleted id=3
2025-09-04 15:49:47,790 - INFO - Start collection (slot:10ms)
2025-09-04 15:49:47,791 - INFO - Data collector started
2025-09-04 15:49:47,792 - INFO - Position manager started
2025-09-04 15:49:47,798 - INFO - Have successfully started logging for id=4
2025-09-04 15:49:47,799 - INFO - Have successfully started logging for id=5
2025-09-04 15:49:47,800 - INFO - Have successfully started logging for id=6
2025-09-04 15:49:47,892 - INFO - Position manager data flow is normal
2025-09-04 15:49:49,893 - INFO - Current position: (0.003, 0.046, 0.004, 89.7째)
2025-09-04 15:49:49,893 - INFO - Using absolute coordinate system, ignoring takeoff position offset
2025-09-04 15:49:50,893 - INFO - Pre-flight stabilization to first waypoint: (0.000, 0.000, 0.500)
2025-09-04 15:49:51,046 - INFO - Waypoint1: absolute coordinates(0.000, 0.000, 0.500, yaw=90.0째)
2025-09-04 15:49:51,046 - INFO - Flying to coordinate: (0.000, 0.000, 0.500)
2025-09-04 15:49:52,056 - INFO - Approaching target (error=0.132m), entering stabilization phase
2025-09-04 15:49:52,546 - INFO - Reached waypoint (error=0.005m, stable_count=30)
2025-09-04 15:49:53,146 - INFO - Waypoint2: absolute coordinates(0.000, 0.000, 1.000, yaw=90.0째)
2025-09-04 15:49:53,146 - INFO - Flying to coordinate: (0.000, 0.000, 1.000)
2025-09-04 15:49:53,757 - INFO - Approaching target (error=0.140m), entering stabilization phase
2025-09-04 15:49:59,137 - INFO - Reached waypoint (error=0.064m, stable_count=30)
2025-09-04 15:49:59,737 - INFO - Waypoint3: absolute coordinates(0.000, 0.000, 0.500, yaw=90.0째)
2025-09-04 15:49:59,737 - INFO - Flying to coordinate: (0.000, 0.000, 0.500)
2025-09-04 15:50:00,597 - INFO - Approaching target (error=0.147m), entering stabilization phase
2025-09-04 15:50:01,187 - INFO - Reached waypoint (error=0.060m, stable_count=30)
2025-09-04 15:50:01,787 - INFO - Returning to origin and landing...
2025-09-04 15:50:01,787 - INFO - Flying to coordinate: (0.000, 0.000, 0.200)
2025-09-04 15:50:02,298 - INFO - Approaching target (error=0.130m), entering stabilization phase
2025-09-04 15:50:02,838 - INFO - Reached waypoint (error=0.022m, stable_count=30)
2025-09-04 15:50:02,838 - INFO - Landing...
2025-09-04 15:50:02,838 - INFO - Landing complete
2025-09-04 15:50:02,843 - INFO - Have successfully stopped logging for id=6
2025-09-04 15:50:02,940 - INFO - Position manager stopped
2025-09-04 15:50:02,942 - INFO - Flight mission complete
2025-09-04 15:50:02,942 - INFO - Stopping data collector...
2025-09-04 15:50:02,944 - INFO - Collection complete - stats: {'created': 1515, 'complete': 1515, 'merged': 0, 'dropped': 0}
2025-09-04 15:50:02,954 - INFO - Have successfully stopped logging for id=4
2025-09-04 15:50:02,955 - INFO - Have successfully stopped logging for id=5
2025-09-04 15:50:02,998 - INFO - Data saved: training_data/vertical_large_20250904_155002.json
2025-09-04 15:50:02,998 - INFO - States: 1515, Commands: 1045, Duration: 15.1s
2025-09-04 15:50:02,998 - INFO - Successfully saved 1515 state data points
2025-09-04 15:50:02,998 - INFO - Successfully saved 1045 control commands
2025-09-04 15:50:02,998 - INFO - Closing link
2025-09-04 15:50:02,999 - INFO - Callback->Disconnected from [radio://0/80/2M/E7E7E7E7E6]
