2025-09-04 12:11:10,302 - INFO - === Fixed continuous data collector ===
2025-09-04 12:11:10,302 - INFO - Mission: vertical_small
2025-09-04 12:11:10,303 - INFO - Waypoints (absolute coordinates): [(0, 0, 0.3), (0, 0, 0.6), (0, 0, 0.9), (0, 0, 0.6), (0, 0, 0.3)]
2025-09-04 12:11:10,303 - INFO - Callback->Connection initialized[radio://0/80/2M/E7E7E7E7E6]
2025-09-04 12:11:10,554 - INFO - We are connected[radio://0/80/2M/E7E7E7E7E6], request connection setup
2025-09-04 12:11:10,554 - INFO - Request _request_protocol_version()
2025-09-04 12:11:10,557 - INFO - Callback->Connected to [radio://0/80/2M/E7E7E7E7E6]
2025-09-04 12:11:10,564 - INFO - _crt_service_callback
2025-09-04 12:11:10,564 - INFO - Request protocol version
2025-09-04 12:11:10,569 - INFO - _platform_callback
2025-09-04 12:11:10,569 - INFO - Protocol version (platform): 9
2025-09-04 12:11:10,583 - INFO - TOC for port [5] found in cache
2025-09-04 12:11:10,583 - INFO - Log TOC finished updating
2025-09-04 12:11:10,588 - INFO - 6 memories found
2025-09-04 12:11:10,668 - INFO - Memories finished updating
2025-09-04 12:11:10,678 - INFO - TOC for port [2] found in cache
2025-09-04 12:11:11,297 - INFO - Param TOC finished updating
2025-09-04 12:11:11,298 - INFO - Callback->Connection setup finished [radio://0/80/2M/E7E7E7E7E6]
2025-09-04 12:11:11,299 - INFO - Connected: radio://0/80/2M/E7E7E7E7E6
2025-09-04 12:11:11,312 - INFO - Have successfully started logging for id=1
2025-09-04 12:11:11,416 - INFO - Battery: 4.00V (safe)
2025-09-04 12:11:11,416 - INFO - Battery check passed: 4.00V
2025-09-04 12:11:11,417 - INFO - Initializing position estimator to origin...
2025-09-04 12:11:11,420 - INFO - Have successfully stopped logging for id=1
2025-09-04 12:11:11,421 - INFO - Have successfully deleted id=1
2025-09-04 12:11:12,823 - INFO - All parameters updated
2025-09-04 12:11:12,823 - INFO - Callback->Connection completed [radio://0/80/2M/E7E7E7E7E6]
2025-09-04 12:11:12,938 - INFO - Have successfully started logging for id=2
2025-09-04 12:11:19,441 - INFO - Waiting for position estimator...
2025-09-04 12:11:19,444 - INFO - Have successfully stopped logging for id=2
2025-09-04 12:11:19,446 - INFO - Have successfully deleted id=2
2025-09-04 12:11:19,449 - INFO - Have successfully started logging for id=3
2025-09-04 12:11:20,449 - INFO - Position estimator ready
2025-09-04 12:11:20,449 - INFO - Controller parameters optimized
2025-09-04 12:11:20,452 - INFO - Have successfully stopped logging for id=3
2025-09-04 12:11:20,454 - INFO - Have successfully deleted id=3
2025-09-04 12:11:21,988 - INFO - Start collection (slot:10ms)
2025-09-04 12:11:21,989 - INFO - Data collector started
2025-09-04 12:11:21,990 - INFO - Position manager started
2025-09-04 12:11:21,998 - INFO - Have successfully started logging for id=4
2025-09-04 12:11:21,999 - INFO - Have successfully started logging for id=5
2025-09-04 12:11:22,000 - INFO - Have successfully started logging for id=6
2025-09-04 12:11:22,090 - INFO - Position manager data flow is normal
2025-09-04 12:11:24,090 - INFO - Current position: (0.044, 0.061, 0.012, 90.0째)
2025-09-04 12:11:24,090 - INFO - Using absolute coordinate system, ignoring takeoff position offset
2025-09-04 12:11:25,091 - INFO - Pre-flight stabilization to first waypoint: (0.000, 0.000, 0.300)
2025-09-04 12:11:25,241 - INFO - Waypoint1: absolute coordinates(0.000, 0.000, 0.300, yaw=90.0째)
2025-09-04 12:11:25,241 - INFO - Flying to coordinate: (0.000, 0.000, 0.300)
2025-09-04 12:11:35,241 - WARNING - Waypoint timeout 10.0s (final error may still be acceptable)
2025-09-04 12:11:35,241 - WARNING - Waypoint1 not fully reached, continuing execution
2025-09-04 12:11:35,841 - INFO - Waypoint2: absolute coordinates(0.000, 0.000, 0.600, yaw=90.0째)
2025-09-04 12:11:35,841 - INFO - Flying to coordinate: (0.000, 0.000, 0.600)
2025-09-04 12:11:45,842 - WARNING - Waypoint timeout 10.0s (final error may still be acceptable)
2025-09-04 12:11:45,842 - WARNING - Waypoint2 not fully reached, continuing execution
2025-09-04 12:11:46,445 - INFO - Waypoint3: absolute coordinates(0.000, 0.000, 0.900, yaw=90.0째)
2025-09-04 12:11:46,446 - INFO - Flying to coordinate: (0.000, 0.000, 0.900)
2025-09-04 12:11:47,911 - INFO - Have successfully stopped logging for id=6
2025-09-04 12:11:48,008 - INFO - Position manager stopped
2025-09-04 12:11:48,009 - INFO - Stopping data collector...
2025-09-04 12:11:48,011 - INFO - Collection complete - stats: {'created': 2603, 'complete': 2602, 'merged': 0, 'dropped': 0}
2025-09-04 12:11:48,021 - INFO - Have successfully stopped logging for id=4
2025-09-04 12:11:48,025 - INFO - Have successfully stopped logging for id=5
2025-09-04 12:11:48,105 - INFO - Data saved: training_data/vertical_small_20250904_121148.json
2025-09-04 12:11:48,105 - INFO - States: 2602, Commands: 2183, Duration: 26.0s
2025-09-04 12:11:48,106 - INFO - Successfully saved 2602 state data points
2025-09-04 12:11:48,106 - INFO - Successfully saved 2183 control commands
2025-09-04 12:11:48,106 - INFO - Closing link
2025-09-04 12:11:48,107 - INFO - Callback->Disconnected from [radio://0/80/2M/E7E7E7E7E6]
2025-09-04 12:11:48,164 - INFO - User interrupted
