2025-09-05 15:34:22,786 - INFO - === Fixed continuous data collector ===
2025-09-05 15:34:22,786 - INFO - Mission: triangle_small
2025-09-05 15:34:22,786 - INFO - Waypoints (absolute coordinates): [(0, 0, 0.6), (0.4, 0, 0.6), (0.2, 0.4, 0.6), (0, 0, 0.6)]
2025-09-05 15:34:22,787 - INFO - Callback->Connection initialized[radio://0/80/2M/E7E7E7E7E6]
2025-09-05 15:34:23,039 - INFO - We are connected[radio://0/80/2M/E7E7E7E7E6], request connection setup
2025-09-05 15:34:23,039 - INFO - Request _request_protocol_version()
2025-09-05 15:34:23,050 - INFO - Callback->Connected to [radio://0/80/2M/E7E7E7E7E6]
2025-09-05 15:34:23,124 - INFO - _crt_service_callback
2025-09-05 15:34:23,124 - INFO - Request protocol version
2025-09-05 15:34:23,128 - INFO - _platform_callback
2025-09-05 15:34:23,128 - INFO - Protocol version (platform): 9
2025-09-05 15:34:23,138 - INFO - TOC for port [5] found in cache
2025-09-05 15:34:23,138 - INFO - Log TOC finished updating
2025-09-05 15:34:23,141 - INFO - 6 memories found
2025-09-05 15:34:23,224 - INFO - Memories finished updating
2025-09-05 15:34:23,229 - INFO - TOC for port [2] found in cache
2025-09-05 15:34:23,715 - INFO - Param TOC finished updating
2025-09-05 15:34:23,715 - INFO - Callback->Connection setup finished [radio://0/80/2M/E7E7E7E7E6]
2025-09-05 15:34:23,716 - INFO - Connected: radio://0/80/2M/E7E7E7E7E6
2025-09-05 15:34:23,724 - INFO - Have successfully started logging for id=1
2025-09-05 15:34:23,824 - INFO - Battery: 4.13V (safe)
2025-09-05 15:34:23,824 - INFO - Battery check passed: 4.13V
2025-09-05 15:34:23,824 - INFO - Initializing position estimator to origin...
2025-09-05 15:34:23,828 - INFO - Have successfully stopped logging for id=1
2025-09-05 15:34:23,828 - INFO - Have successfully deleted id=1
2025-09-05 15:34:24,960 - INFO - All parameters updated
2025-09-05 15:34:24,960 - INFO - Callback->Connection completed [radio://0/80/2M/E7E7E7E7E6]
2025-09-05 15:34:25,072 - INFO - Have successfully started logging for id=2
2025-09-05 15:34:31,567 - INFO - Waiting for position estimator...
2025-09-05 15:34:31,570 - INFO - Have successfully stopped logging for id=2
2025-09-05 15:34:31,571 - INFO - Have successfully deleted id=2
2025-09-05 15:34:31,575 - INFO - Have successfully started logging for id=3
2025-09-05 15:34:32,575 - INFO - Position estimator ready
2025-09-05 15:34:32,578 - INFO - Controller parameters optimized
2025-09-05 15:34:32,580 - INFO - Have successfully stopped logging for id=3
2025-09-05 15:34:32,581 - INFO - Have successfully deleted id=3
2025-09-05 15:34:34,758 - INFO - Start collection (slot:10ms)
2025-09-05 15:34:34,759 - INFO - Data collector started
2025-09-05 15:34:34,760 - INFO - Position manager started
2025-09-05 15:34:34,767 - INFO - Have successfully started logging for id=4
2025-09-05 15:34:34,768 - INFO - Have successfully started logging for id=5
2025-09-05 15:34:34,772 - INFO - Have successfully started logging for id=6
2025-09-05 15:34:34,860 - INFO - Position manager data flow is normal
2025-09-05 15:34:36,861 - INFO - Current position: (0.008, 0.055, -0.001, 90.7°)
2025-09-05 15:34:36,861 - INFO - Using absolute coordinate system, ignoring takeoff position offset
2025-09-05 15:34:37,861 - INFO - Pre-flight stabilization to first waypoint: (0.000, 0.000, 0.600)
2025-09-05 15:34:38,011 - INFO - Waypoint1: absolute coordinates(0.000, 0.000, 0.600, yaw=90.0°)
2025-09-05 15:34:38,011 - INFO - Flying to coordinate: (0.000, 0.000, 0.600)
2025-09-05 15:34:39,021 - INFO - Approaching target (error=0.146m), entering stabilization phase
2025-09-05 15:34:39,511 - INFO - Reached waypoint (error=0.038m, stable_count=30)
2025-09-05 15:34:40,112 - INFO - Waypoint2: absolute coordinates(0.400, 0.000, 0.600, yaw=90.0°)
2025-09-05 15:34:40,112 - INFO - Flying to coordinate: (0.400, 0.000, 0.600)
2025-09-05 15:34:40,872 - INFO - Approaching target (error=0.139m), entering stabilization phase
2025-09-05 15:34:43,212 - INFO - Reached waypoint (error=0.062m, stable_count=30)
2025-09-05 15:34:43,820 - INFO - Waypoint3: absolute coordinates(0.200, 0.400, 0.600, yaw=90.0°)
2025-09-05 15:34:43,820 - INFO - Flying to coordinate: (0.200, 0.400, 0.600)
2025-09-05 15:34:44,470 - INFO - Approaching target (error=0.145m), entering stabilization phase
2025-09-05 15:34:44,910 - INFO - Reached waypoint (error=0.006m, stable_count=30)
2025-09-05 15:34:45,513 - INFO - Waypoint4: absolute coordinates(0.000, 0.000, 0.600, yaw=90.0°)
2025-09-05 15:34:45,513 - INFO - Flying to coordinate: (0.000, 0.000, 0.600)
2025-09-05 15:34:46,313 - INFO - Approaching target (error=0.142m), entering stabilization phase
2025-09-05 15:34:47,653 - INFO - Reached waypoint (error=0.031m, stable_count=30)
2025-09-05 15:34:48,253 - INFO - Returning to origin and landing...
2025-09-05 15:34:48,253 - INFO - Flying to coordinate: (0.000, 0.000, 0.200)
2025-09-05 15:34:49,063 - INFO - Approaching target (error=0.145m), entering stabilization phase
2025-09-05 15:34:49,703 - INFO - Reached waypoint (error=0.044m, stable_count=30)
2025-09-05 15:34:49,704 - INFO - Landing...
2025-09-05 15:34:49,704 - INFO - Landing complete
2025-09-05 15:34:49,710 - INFO - Have successfully stopped logging for id=6
2025-09-05 15:34:49,806 - INFO - Position manager stopped
2025-09-05 15:34:49,807 - INFO - Flight mission complete
2025-09-05 15:34:49,807 - INFO - Stopping data collector...
2025-09-05 15:34:49,810 - INFO - Collection complete - stats: {'created': 1505, 'complete': 1505, 'merged': 0, 'dropped': 0}
2025-09-05 15:34:49,818 - INFO - Have successfully stopped logging for id=4
2025-09-05 15:34:49,822 - INFO - Have successfully stopped logging for id=5
2025-09-05 15:34:49,862 - INFO - Data saved: training_data/triangle_small_20250905_153449.json
2025-09-05 15:34:49,862 - INFO - States: 1505, Commands: 985, Duration: 15.0s
2025-09-05 15:34:49,862 - INFO - Successfully saved 1505 state data points
2025-09-05 15:34:49,862 - INFO - Successfully saved 985 control commands
2025-09-05 15:34:49,862 - INFO - Closing link
2025-09-05 15:34:49,863 - INFO - Callback->Disconnected from [radio://0/80/2M/E7E7E7E7E6]
