2025-09-04 15:29:34,210 - INFO - === Fixed continuous data collector ===
2025-09-04 15:29:34,210 - INFO - Mission: vertical_large
2025-09-04 15:29:34,210 - INFO - Waypoints (absolute coordinates): [(0, 0, 0.5), (0, 0, 1.0), (0, 0, 0.5)]
2025-09-04 15:29:34,211 - INFO - Callback->Connection initialized[radio://0/80/2M/E7E7E7E7E6]
2025-09-04 15:29:34,462 - INFO - We are connected[radio://0/80/2M/E7E7E7E7E6], request connection setup
2025-09-04 15:29:34,462 - INFO - Request _request_protocol_version()
2025-09-04 15:29:34,466 - INFO - Callback->Connected to [radio://0/80/2M/E7E7E7E7E6]
2025-09-04 15:29:34,557 - INFO - _crt_service_callback
2025-09-04 15:29:34,557 - INFO - Request protocol version
2025-09-04 15:29:34,560 - INFO - _platform_callback
2025-09-04 15:29:34,560 - INFO - Protocol version (platform): 9
2025-09-04 15:29:34,571 - INFO - TOC for port [5] found in cache
2025-09-04 15:29:34,571 - INFO - Log TOC finished updating
2025-09-04 15:29:34,574 - INFO - 6 memories found
2025-09-04 15:29:34,653 - INFO - Memories finished updating
2025-09-04 15:29:34,658 - INFO - TOC for port [2] found in cache
2025-09-04 15:29:35,110 - INFO - Param TOC finished updating
2025-09-04 15:29:35,110 - INFO - Callback->Connection setup finished [radio://0/80/2M/E7E7E7E7E6]
2025-09-04 15:29:35,111 - INFO - Connected: radio://0/80/2M/E7E7E7E7E6
2025-09-04 15:29:35,118 - INFO - Have successfully started logging for id=1
2025-09-04 15:29:35,219 - INFO - Battery: 4.12V (safe)
2025-09-04 15:29:35,220 - INFO - Battery check passed: 4.12V
2025-09-04 15:29:35,220 - INFO - Initializing position estimator to origin...
2025-09-04 15:29:35,222 - INFO - Have successfully stopped logging for id=1
2025-09-04 15:29:35,223 - INFO - Have successfully deleted id=1
2025-09-04 15:29:36,263 - INFO - All parameters updated
2025-09-04 15:29:36,264 - INFO - Callback->Connection completed [radio://0/80/2M/E7E7E7E7E6]
2025-09-04 15:29:36,370 - INFO - Have successfully started logging for id=2
2025-09-04 15:29:42,867 - INFO - Waiting for position estimator...
2025-09-04 15:29:42,870 - INFO - Have successfully stopped logging for id=2
2025-09-04 15:29:42,871 - INFO - Have successfully deleted id=2
2025-09-04 15:29:42,880 - INFO - Have successfully started logging for id=3
2025-09-04 15:29:43,881 - INFO - Position estimator ready
2025-09-04 15:29:43,883 - INFO - Controller parameters optimized
2025-09-04 15:29:43,887 - INFO - Have successfully stopped logging for id=3
2025-09-04 15:29:43,888 - INFO - Have successfully deleted id=3
2025-09-04 15:29:47,535 - INFO - Start collection (slot:10ms)
2025-09-04 15:29:47,536 - INFO - Data collector started
2025-09-04 15:29:47,537 - INFO - Position manager started
2025-09-04 15:29:47,545 - INFO - Have successfully started logging for id=4
2025-09-04 15:29:47,546 - INFO - Have successfully started logging for id=5
2025-09-04 15:29:47,547 - INFO - Have successfully started logging for id=6
2025-09-04 15:29:47,637 - INFO - Position manager data flow is normal
2025-09-04 15:29:49,637 - INFO - Current position: (0.022, 0.031, -0.009, 90.2째)
2025-09-04 15:29:49,637 - INFO - Using absolute coordinate system, ignoring takeoff position offset
2025-09-04 15:29:50,637 - INFO - Pre-flight stabilization to first waypoint: (0.000, 0.000, 0.500)
2025-09-04 15:29:50,787 - INFO - Waypoint1: absolute coordinates(0.000, 0.000, 0.500, yaw=90.0째)
2025-09-04 15:29:50,787 - INFO - Flying to coordinate: (0.000, 0.000, 0.500)
2025-09-04 15:29:51,848 - INFO - Approaching target (error=0.134m), entering stabilization phase
2025-09-04 15:29:52,338 - INFO - Reached waypoint (error=0.046m, stable_count=30)
2025-09-04 15:29:52,938 - INFO - Waypoint2: absolute coordinates(0.000, 0.000, 1.000, yaw=90.0째)
2025-09-04 15:29:52,938 - INFO - Flying to coordinate: (0.000, 0.000, 1.000)
2025-09-04 15:29:53,548 - INFO - Approaching target (error=0.128m), entering stabilization phase
2025-09-04 15:29:53,988 - INFO - Reached waypoint (error=0.069m, stable_count=30)
2025-09-04 15:29:54,588 - INFO - Waypoint3: absolute coordinates(0.000, 0.000, 0.500, yaw=90.0째)
2025-09-04 15:29:54,588 - INFO - Flying to coordinate: (0.000, 0.000, 0.500)
2025-09-04 15:29:55,549 - INFO - Approaching target (error=0.134m), entering stabilization phase
2025-09-04 15:29:56,089 - INFO - Reached waypoint (error=0.043m, stable_count=30)
2025-09-04 15:29:56,690 - INFO - Returning to origin and landing...
2025-09-04 15:29:56,690 - INFO - Flying to coordinate: (0.000, 0.000, 0.200)
2025-09-04 15:29:57,400 - INFO - Approaching target (error=0.149m), entering stabilization phase
2025-09-04 15:29:58,180 - INFO - Reached waypoint (error=0.053m, stable_count=30)
2025-09-04 15:29:58,180 - INFO - Landing...
2025-09-04 15:29:58,180 - INFO - Landing complete
2025-09-04 15:29:58,184 - INFO - Have successfully stopped logging for id=6
2025-09-04 15:29:58,281 - INFO - Position manager stopped
2025-09-04 15:29:58,282 - INFO - Flight mission complete
2025-09-04 15:29:58,283 - INFO - Stopping data collector...
2025-09-04 15:29:58,285 - INFO - Collection complete - stats: {'created': 1074, 'complete': 1074, 'merged': 0, 'dropped': 0}
2025-09-04 15:29:58,294 - INFO - Have successfully stopped logging for id=4
2025-09-04 15:29:58,295 - INFO - Have successfully stopped logging for id=5
2025-09-04 15:29:58,322 - INFO - Data saved: training_data/vertical_large_20250904_152958.json
2025-09-04 15:29:58,322 - INFO - States: 1074, Commands: 605, Duration: 10.7s
2025-09-04 15:29:58,323 - INFO - Successfully saved 1074 state data points
2025-09-04 15:29:58,323 - INFO - Successfully saved 605 control commands
2025-09-04 15:29:58,323 - INFO - Closing link
2025-09-04 15:29:58,323 - INFO - Callback->Disconnected from [radio://0/80/2M/E7E7E7E7E6]
