2025-09-05 12:48:07,159 - INFO - === Fixed continuous data collector ===
2025-09-05 12:48:07,159 - INFO - Mission: square_small
2025-09-05 12:48:07,159 - INFO - Waypoints (absolute coordinates): [(0, 0, 0.3), (0.3, 0, 0.3), (0.3, 0.3, 0.3), (0, 0.3, 0.3), (0, 0, 0.3)]
2025-09-05 12:48:07,159 - INFO - Callback->Connection initialized[radio://0/80/2M/E7E7E7E7E6]
2025-09-05 12:48:07,411 - INFO - We are connected[radio://0/80/2M/E7E7E7E7E6], request connection setup
2025-09-05 12:48:07,411 - INFO - Request _request_protocol_version()
2025-09-05 12:48:07,418 - INFO - Callback->Connected to [radio://0/80/2M/E7E7E7E7E6]
2025-09-05 12:48:07,423 - INFO - _crt_service_callback
2025-09-05 12:48:07,423 - INFO - Request protocol version
2025-09-05 12:48:07,428 - INFO - _platform_callback
2025-09-05 12:48:07,428 - INFO - Protocol version (platform): 9
2025-09-05 12:48:07,441 - INFO - TOC for port [5] found in cache
2025-09-05 12:48:07,441 - INFO - Log TOC finished updating
2025-09-05 12:48:07,444 - INFO - 6 memories found
2025-09-05 12:48:07,521 - INFO - Memories finished updating
2025-09-05 12:48:07,527 - INFO - TOC for port [2] found in cache
2025-09-05 12:48:08,011 - INFO - Param TOC finished updating
2025-09-05 12:48:08,011 - INFO - Callback->Connection setup finished [radio://0/80/2M/E7E7E7E7E6]
2025-09-05 12:48:08,012 - INFO - Connected: radio://0/80/2M/E7E7E7E7E6
2025-09-05 12:48:08,021 - INFO - Have successfully started logging for id=1
2025-09-05 12:48:08,120 - INFO - Battery: 3.86V (safe)
2025-09-05 12:48:08,121 - INFO - Battery check passed: 3.86V
2025-09-05 12:48:08,121 - INFO - Initializing position estimator to origin...
2025-09-05 12:48:08,123 - INFO - Have successfully stopped logging for id=1
2025-09-05 12:48:08,124 - INFO - Have successfully deleted id=1
2025-09-05 12:48:09,244 - INFO - All parameters updated
2025-09-05 12:48:09,244 - INFO - Callback->Connection completed [radio://0/80/2M/E7E7E7E7E6]
2025-09-05 12:48:09,351 - INFO - Have successfully started logging for id=2
2025-09-05 12:48:15,846 - INFO - Waiting for position estimator...
2025-09-05 12:48:15,851 - INFO - Have successfully stopped logging for id=2
2025-09-05 12:48:15,851 - INFO - Have successfully deleted id=2
2025-09-05 12:48:15,856 - INFO - Have successfully started logging for id=3
2025-09-05 12:48:16,855 - INFO - Position estimator ready
2025-09-05 12:48:16,856 - INFO - Controller parameters optimized
2025-09-05 12:48:16,859 - INFO - Have successfully stopped logging for id=3
2025-09-05 12:48:16,860 - INFO - Have successfully deleted id=3
2025-09-05 12:48:19,367 - INFO - Start collection (slot:10ms)
2025-09-05 12:48:19,368 - INFO - Data collector started
2025-09-05 12:48:19,369 - INFO - Position manager started
2025-09-05 12:48:19,376 - INFO - Have successfully started logging for id=4
2025-09-05 12:48:19,377 - INFO - Have successfully started logging for id=5
2025-09-05 12:48:19,378 - INFO - Have successfully started logging for id=6
2025-09-05 12:48:19,469 - INFO - Position manager data flow is normal
2025-09-05 12:48:21,469 - INFO - Current position: (0.027, 0.006, -0.006, 89.9°)
2025-09-05 12:48:21,469 - INFO - Using absolute coordinate system, ignoring takeoff position offset
2025-09-05 12:48:22,469 - INFO - Pre-flight stabilization to first waypoint: (0.000, 0.000, 0.300)
2025-09-05 12:48:22,620 - INFO - Waypoint1: absolute coordinates(0.000, 0.000, 0.300, yaw=90.0°)
2025-09-05 12:48:22,620 - INFO - Flying to coordinate: (0.000, 0.000, 0.300)
2025-09-05 12:48:23,480 - INFO - Approaching target (error=0.144m), entering stabilization phase
2025-09-05 12:48:24,220 - INFO - Reached waypoint (error=0.031m, stable_count=30)
2025-09-05 12:48:24,820 - INFO - Waypoint2: absolute coordinates(0.300, 0.000, 0.300, yaw=90.0°)
2025-09-05 12:48:24,820 - INFO - Flying to coordinate: (0.300, 0.000, 0.300)
2025-09-05 12:48:25,530 - INFO - Approaching target (error=0.138m), entering stabilization phase
2025-09-05 12:48:27,420 - INFO - Reached waypoint (error=0.069m, stable_count=30)
2025-09-05 12:48:28,020 - INFO - Waypoint3: absolute coordinates(0.300, 0.300, 0.300, yaw=90.0°)
2025-09-05 12:48:28,020 - INFO - Flying to coordinate: (0.300, 0.300, 0.300)
2025-09-05 12:48:28,531 - INFO - Approaching target (error=0.134m), entering stabilization phase
2025-09-05 12:48:28,971 - INFO - Reached waypoint (error=0.049m, stable_count=30)
2025-09-05 12:48:29,571 - INFO - Waypoint4: absolute coordinates(0.000, 0.300, 0.300, yaw=90.0°)
2025-09-05 12:48:29,571 - INFO - Flying to coordinate: (0.000, 0.300, 0.300)
2025-09-05 12:48:30,171 - INFO - Approaching target (error=0.142m), entering stabilization phase
2025-09-05 12:48:30,961 - INFO - Reached waypoint (error=0.060m, stable_count=30)
2025-09-05 12:48:31,561 - INFO - Waypoint5: absolute coordinates(0.000, 0.000, 0.300, yaw=90.0°)
2025-09-05 12:48:31,561 - INFO - Flying to coordinate: (0.000, 0.000, 0.300)
2025-09-05 12:48:32,271 - INFO - Approaching target (error=0.146m), entering stabilization phase
2025-09-05 12:48:32,811 - INFO - Reached waypoint (error=0.071m, stable_count=30)
2025-09-05 12:48:33,412 - INFO - Returning to origin and landing...
2025-09-05 12:48:33,412 - INFO - Flying to coordinate: (0.000, 0.000, 0.200)
2025-09-05 12:48:33,412 - INFO - Approaching target (error=0.150m), entering stabilization phase
2025-09-05 12:48:35,162 - INFO - Reached waypoint (error=0.018m, stable_count=30)
2025-09-05 12:48:35,162 - INFO - Landing...
2025-09-05 12:48:35,167 - INFO - Landing complete
2025-09-05 12:48:35,175 - INFO - Have successfully stopped logging for id=6
2025-09-05 12:48:35,270 - INFO - Position manager stopped
2025-09-05 12:48:35,271 - INFO - Flight mission complete
2025-09-05 12:48:35,271 - INFO - Stopping data collector...
2025-09-05 12:48:35,273 - INFO - Collection complete - stats: {'created': 1590, 'complete': 1590, 'merged': 0, 'dropped': 0}
2025-09-05 12:48:35,281 - INFO - Have successfully stopped logging for id=4
2025-09-05 12:48:35,283 - INFO - Have successfully stopped logging for id=5
2025-09-05 12:48:35,328 - INFO - Data saved: training_data/square_small_20250905_124835.json
2025-09-05 12:48:35,328 - INFO - States: 1590, Commands: 1019, Duration: 15.9s
2025-09-05 12:48:35,328 - INFO - Successfully saved 1590 state data points
2025-09-05 12:48:35,328 - INFO - Successfully saved 1019 control commands
2025-09-05 12:48:35,328 - INFO - Closing link
2025-09-05 12:48:35,329 - INFO - Callback->Disconnected from [radio://0/80/2M/E7E7E7E7E6]
