2025-09-05 15:30:58,959 - INFO - === Fixed continuous data collector ===
2025-09-05 15:30:58,959 - INFO - Mission: triangle_small
2025-09-05 15:30:58,959 - INFO - Waypoints (absolute coordinates): [(0, 0, 0.6), (0.4, 0, 0.6), (0.2, 0.4, 0.6), (0, 0, 0.6)]
2025-09-05 15:30:58,959 - INFO - Callback->Connection initialized[radio://0/80/2M/E7E7E7E7E6]
2025-09-05 15:30:59,210 - INFO - We are connected[radio://0/80/2M/E7E7E7E7E6], request connection setup
2025-09-05 15:30:59,210 - INFO - Request _request_protocol_version()
2025-09-05 15:30:59,213 - INFO - Callback->Connected to [radio://0/80/2M/E7E7E7E7E6]
2025-09-05 15:30:59,223 - INFO - _crt_service_callback
2025-09-05 15:30:59,223 - INFO - Request protocol version
2025-09-05 15:30:59,231 - INFO - _platform_callback
2025-09-05 15:30:59,231 - INFO - Protocol version (platform): 9
2025-09-05 15:30:59,245 - INFO - TOC for port [5] found in cache
2025-09-05 15:30:59,245 - INFO - Log TOC finished updating
2025-09-05 15:30:59,248 - INFO - 6 memories found
2025-09-05 15:30:59,327 - INFO - Memories finished updating
2025-09-05 15:30:59,335 - INFO - TOC for port [2] found in cache
2025-09-05 15:30:59,914 - INFO - Param TOC finished updating
2025-09-05 15:30:59,914 - INFO - Callback->Connection setup finished [radio://0/80/2M/E7E7E7E7E6]
2025-09-05 15:30:59,915 - INFO - Connected: radio://0/80/2M/E7E7E7E7E6
2025-09-05 15:30:59,926 - INFO - Have successfully started logging for id=1
2025-09-05 15:31:00,024 - INFO - Battery: 3.87V (safe)
2025-09-05 15:31:00,024 - INFO - Battery check passed: 3.87V
2025-09-05 15:31:00,025 - INFO - Initializing position estimator to origin...
2025-09-05 15:31:00,028 - INFO - Have successfully stopped logging for id=1
2025-09-05 15:31:00,029 - INFO - Have successfully deleted id=1
2025-09-05 15:31:01,364 - INFO - All parameters updated
2025-09-05 15:31:01,364 - INFO - Callback->Connection completed [radio://0/80/2M/E7E7E7E7E6]
2025-09-05 15:31:01,476 - INFO - Have successfully started logging for id=2
2025-09-05 15:31:07,970 - INFO - Waiting for position estimator...
2025-09-05 15:31:07,972 - INFO - Have successfully stopped logging for id=2
2025-09-05 15:31:07,974 - INFO - Have successfully deleted id=2
2025-09-05 15:31:07,981 - INFO - Have successfully started logging for id=3
2025-09-05 15:31:08,979 - INFO - Position estimator ready
2025-09-05 15:31:08,980 - INFO - Controller parameters optimized
2025-09-05 15:31:08,982 - INFO - Have successfully stopped logging for id=3
2025-09-05 15:31:08,983 - INFO - Have successfully deleted id=3
2025-09-05 15:31:11,360 - INFO - Start collection (slot:10ms)
2025-09-05 15:31:11,361 - INFO - Data collector started
2025-09-05 15:31:11,361 - INFO - Position manager started
2025-09-05 15:31:11,374 - INFO - Have successfully started logging for id=4
2025-09-05 15:31:11,375 - INFO - Have successfully started logging for id=5
2025-09-05 15:31:11,377 - INFO - Have successfully started logging for id=6
2025-09-05 15:31:11,462 - INFO - Position manager data flow is normal
2025-09-05 15:31:13,462 - INFO - Current position: (0.004, 0.020, 0.024, 90.7°)
2025-09-05 15:31:13,462 - INFO - Using absolute coordinate system, ignoring takeoff position offset
2025-09-05 15:31:14,462 - INFO - Pre-flight stabilization to first waypoint: (0.000, 0.000, 0.600)
2025-09-05 15:31:14,614 - INFO - Waypoint1: absolute coordinates(0.000, 0.000, 0.600, yaw=90.0°)
2025-09-05 15:31:14,614 - INFO - Flying to coordinate: (0.000, 0.000, 0.600)
2025-09-05 15:31:15,674 - INFO - Approaching target (error=0.132m), entering stabilization phase
2025-09-05 15:31:16,164 - INFO - Reached waypoint (error=0.034m, stable_count=30)
2025-09-05 15:31:16,764 - INFO - Waypoint2: absolute coordinates(0.400, 0.000, 0.600, yaw=90.0°)
2025-09-05 15:31:16,764 - INFO - Flying to coordinate: (0.400, 0.000, 0.600)
2025-09-05 15:31:17,484 - INFO - Approaching target (error=0.148m), entering stabilization phase
2025-09-05 15:31:19,214 - INFO - Reached waypoint (error=0.076m, stable_count=30)
2025-09-05 15:31:19,814 - INFO - Waypoint3: absolute coordinates(0.200, 0.400, 0.600, yaw=90.0°)
2025-09-05 15:31:19,814 - INFO - Flying to coordinate: (0.200, 0.400, 0.600)
2025-09-05 15:31:20,424 - INFO - Approaching target (error=0.140m), entering stabilization phase
2025-09-05 15:31:20,814 - INFO - Reached waypoint (error=0.078m, stable_count=30)
2025-09-05 15:31:21,415 - INFO - Waypoint4: absolute coordinates(0.000, 0.000, 0.600, yaw=90.0°)
2025-09-05 15:31:21,415 - INFO - Flying to coordinate: (0.000, 0.000, 0.600)
2025-09-05 15:31:22,425 - INFO - Approaching target (error=0.144m), entering stabilization phase
2025-09-05 15:31:24,205 - INFO - Reached waypoint (error=0.063m, stable_count=30)
2025-09-05 15:31:24,805 - INFO - Returning to origin and landing...
2025-09-05 15:31:24,805 - INFO - Flying to coordinate: (0.000, 0.000, 0.200)
2025-09-05 15:31:25,565 - INFO - Approaching target (error=0.147m), entering stabilization phase
2025-09-05 15:31:26,205 - INFO - Reached waypoint (error=0.067m, stable_count=30)
2025-09-05 15:31:26,205 - INFO - Landing...
2025-09-05 15:31:26,206 - INFO - Landing complete
2025-09-05 15:31:26,213 - INFO - Have successfully stopped logging for id=6
2025-09-05 15:31:26,308 - INFO - Position manager stopped
2025-09-05 15:31:26,310 - INFO - Flight mission complete
2025-09-05 15:31:26,310 - INFO - Stopping data collector...
2025-09-05 15:31:26,312 - INFO - Collection complete - stats: {'created': 1496, 'complete': 1494, 'merged': 0, 'dropped': 1}
2025-09-05 15:31:26,320 - INFO - Have successfully stopped logging for id=4
2025-09-05 15:31:26,324 - INFO - Have successfully stopped logging for id=5
2025-09-05 15:31:26,365 - INFO - Data saved: training_data/triangle_small_20250905_153126.json
2025-09-05 15:31:26,365 - INFO - States: 1494, Commands: 975, Duration: 14.9s
2025-09-05 15:31:26,365 - INFO - Successfully saved 1494 state data points
2025-09-05 15:31:26,365 - INFO - Successfully saved 975 control commands
2025-09-05 15:31:26,365 - INFO - Closing link
2025-09-05 15:31:26,366 - INFO - Callback->Disconnected from [radio://0/80/2M/E7E7E7E7E6]
