2025-09-05 16:22:29,136 - INFO - === Fixed continuous data collector ===
2025-09-05 16:22:29,136 - INFO - Mission: triangle_med
2025-09-05 16:22:29,136 - INFO - Waypoints (absolute coordinates): [(0, 0, 0.6), (0.5, 0, 0.6), (0.25, 0.5, 0.6), (0, 0, 0.6)]
2025-09-05 16:22:29,137 - INFO - Callback->Connection initialized[radio://0/80/2M/E7E7E7E7E6]
2025-09-05 16:22:29,387 - INFO - We are connected[radio://0/80/2M/E7E7E7E7E6], request connection setup
2025-09-05 16:22:29,387 - INFO - Request _request_protocol_version()
2025-09-05 16:22:29,391 - INFO - Callback->Connected to [radio://0/80/2M/E7E7E7E7E6]
2025-09-05 16:22:29,396 - INFO - _crt_service_callback
2025-09-05 16:22:29,396 - INFO - Request protocol version
2025-09-05 16:22:29,399 - INFO - _platform_callback
2025-09-05 16:22:29,399 - INFO - Protocol version (platform): 9
2025-09-05 16:22:29,409 - INFO - TOC for port [5] found in cache
2025-09-05 16:22:29,410 - INFO - Log TOC finished updating
2025-09-05 16:22:29,414 - INFO - 6 memories found
2025-09-05 16:22:29,491 - INFO - Memories finished updating
2025-09-05 16:22:29,497 - INFO - TOC for port [2] found in cache
2025-09-05 16:22:30,006 - INFO - Param TOC finished updating
2025-09-05 16:22:30,006 - INFO - Callback->Connection setup finished [radio://0/80/2M/E7E7E7E7E6]
2025-09-05 16:22:30,007 - INFO - Connected: radio://0/80/2M/E7E7E7E7E6
2025-09-05 16:22:30,015 - INFO - Have successfully started logging for id=1
2025-09-05 16:22:30,116 - INFO - Battery: 4.02V (safe)
2025-09-05 16:22:30,117 - INFO - Battery check passed: 4.02V
2025-09-05 16:22:30,117 - INFO - Initializing position estimator to origin...
2025-09-05 16:22:30,120 - INFO - Have successfully stopped logging for id=1
2025-09-05 16:22:30,121 - INFO - Have successfully deleted id=1
2025-09-05 16:22:31,206 - INFO - All parameters updated
2025-09-05 16:22:31,207 - INFO - Callback->Connection completed [radio://0/80/2M/E7E7E7E7E6]
2025-09-05 16:22:31,317 - INFO - Have successfully started logging for id=2
2025-09-05 16:22:37,815 - INFO - Waiting for position estimator...
2025-09-05 16:22:37,818 - INFO - Have successfully stopped logging for id=2
2025-09-05 16:22:37,819 - INFO - Have successfully deleted id=2
2025-09-05 16:22:37,827 - INFO - Have successfully started logging for id=3
2025-09-05 16:22:38,826 - INFO - Position estimator ready
2025-09-05 16:22:38,826 - INFO - Controller parameters optimized
2025-09-05 16:22:38,829 - INFO - Have successfully stopped logging for id=3
2025-09-05 16:22:38,829 - INFO - Have successfully deleted id=3
2025-09-05 16:22:41,103 - INFO - Start collection (slot:10ms)
2025-09-05 16:22:41,104 - INFO - Data collector started
2025-09-05 16:22:41,106 - INFO - Position manager started
2025-09-05 16:22:41,113 - INFO - Have successfully started logging for id=4
2025-09-05 16:22:41,114 - INFO - Have successfully started logging for id=5
2025-09-05 16:22:41,116 - INFO - Have successfully started logging for id=6
2025-09-05 16:22:41,206 - INFO - Position manager data flow is normal
2025-09-05 16:22:43,206 - INFO - Current position: (-0.007, -0.002, 0.014, 89.8°)
2025-09-05 16:22:43,206 - INFO - Using absolute coordinate system, ignoring takeoff position offset
2025-09-05 16:22:44,206 - INFO - Pre-flight stabilization to first waypoint: (0.000, 0.000, 0.600)
2025-09-05 16:22:44,357 - INFO - Waypoint1: absolute coordinates(0.000, 0.000, 0.600, yaw=90.0°)
2025-09-05 16:22:44,357 - INFO - Flying to coordinate: (0.000, 0.000, 0.600)
2025-09-05 16:22:45,418 - INFO - Approaching target (error=0.140m), entering stabilization phase
2025-09-05 16:22:45,958 - INFO - Reached waypoint (error=0.026m, stable_count=30)
2025-09-05 16:22:46,558 - INFO - Waypoint2: absolute coordinates(0.500, 0.000, 0.600, yaw=90.0°)
2025-09-05 16:22:46,558 - INFO - Flying to coordinate: (0.500, 0.000, 0.600)
2025-09-05 16:22:47,268 - INFO - Approaching target (error=0.131m), entering stabilization phase
2025-09-05 16:22:49,608 - INFO - Reached waypoint (error=0.067m, stable_count=30)
2025-09-05 16:22:50,208 - INFO - Waypoint3: absolute coordinates(0.250, 0.500, 0.600, yaw=90.0°)
2025-09-05 16:22:50,208 - INFO - Flying to coordinate: (0.250, 0.500, 0.600)
2025-09-05 16:22:50,869 - INFO - Approaching target (error=0.144m), entering stabilization phase
2025-09-05 16:22:56,349 - INFO - Reached waypoint (error=0.069m, stable_count=30)
2025-09-05 16:22:56,949 - INFO - Waypoint4: absolute coordinates(0.000, 0.000, 0.600, yaw=90.0°)
2025-09-05 16:22:56,949 - INFO - Flying to coordinate: (0.000, 0.000, 0.600)
2025-09-05 16:22:57,759 - INFO - Approaching target (error=0.149m), entering stabilization phase
2025-09-05 16:22:59,099 - INFO - Reached waypoint (error=0.047m, stable_count=30)
2025-09-05 16:22:59,699 - INFO - Returning to origin and landing...
2025-09-05 16:22:59,700 - INFO - Flying to coordinate: (0.000, 0.000, 0.200)
2025-09-05 16:23:00,360 - INFO - Approaching target (error=0.150m), entering stabilization phase
2025-09-05 16:23:01,150 - INFO - Reached waypoint (error=0.031m, stable_count=30)
2025-09-05 16:23:01,150 - INFO - Landing...
2025-09-05 16:23:01,151 - INFO - Landing complete
2025-09-05 16:23:01,155 - INFO - Have successfully stopped logging for id=6
2025-09-05 16:23:01,252 - INFO - Position manager stopped
2025-09-05 16:23:01,253 - INFO - Flight mission complete
2025-09-05 16:23:01,253 - INFO - Stopping data collector...
2025-09-05 16:23:01,256 - INFO - Collection complete - stats: {'created': 2015, 'complete': 2015, 'merged': 0, 'dropped': 0}
2025-09-05 16:23:01,265 - INFO - Have successfully stopped logging for id=4
2025-09-05 16:23:01,266 - INFO - Have successfully stopped logging for id=5
2025-09-05 16:23:01,329 - INFO - Data saved: training_data/triangle_med_20250905_162301.json
2025-09-05 16:23:01,329 - INFO - States: 2015, Commands: 1495, Duration: 20.1s
2025-09-05 16:23:01,329 - INFO - Successfully saved 2015 state data points
2025-09-05 16:23:01,329 - INFO - Successfully saved 1495 control commands
2025-09-05 16:23:01,330 - INFO - Closing link
2025-09-05 16:23:01,330 - INFO - Callback->Disconnected from [radio://0/80/2M/E7E7E7E7E6]
