2025-09-05 15:28:58,470 - INFO - === Fixed continuous data collector ===
2025-09-05 15:28:58,470 - INFO - Mission: triangle_small
2025-09-05 15:28:58,470 - INFO - Waypoints (absolute coordinates): [(0, 0, 0.6), (0.4, 0, 0.6), (0.2, 0.4, 0.6), (0, 0, 0.6)]
2025-09-05 15:28:58,471 - INFO - Callback->Connection initialized[radio://0/80/2M/E7E7E7E7E6]
2025-09-05 15:28:58,723 - INFO - We are connected[radio://0/80/2M/E7E7E7E7E6], request connection setup
2025-09-05 15:28:58,724 - INFO - Request _request_protocol_version()
2025-09-05 15:28:58,730 - INFO - Callback->Connected to [radio://0/80/2M/E7E7E7E7E6]
2025-09-05 15:28:58,734 - INFO - _crt_service_callback
2025-09-05 15:28:58,735 - INFO - Request protocol version
2025-09-05 15:28:58,740 - INFO - _platform_callback
2025-09-05 15:28:58,740 - INFO - Protocol version (platform): 9
2025-09-05 15:28:58,751 - INFO - TOC for port [5] found in cache
2025-09-05 15:28:58,751 - INFO - Log TOC finished updating
2025-09-05 15:28:58,760 - INFO - 6 memories found
2025-09-05 15:28:58,847 - INFO - Memories finished updating
2025-09-05 15:28:58,854 - INFO - TOC for port [2] found in cache
2025-09-05 15:28:59,365 - INFO - Param TOC finished updating
2025-09-05 15:28:59,365 - INFO - Callback->Connection setup finished [radio://0/80/2M/E7E7E7E7E6]
2025-09-05 15:28:59,366 - INFO - Connected: radio://0/80/2M/E7E7E7E7E6
2025-09-05 15:28:59,381 - INFO - Have successfully started logging for id=1
2025-09-05 15:28:59,480 - INFO - Battery: 3.97V (safe)
2025-09-05 15:28:59,480 - INFO - Battery check passed: 3.97V
2025-09-05 15:28:59,481 - INFO - Initializing position estimator to origin...
2025-09-05 15:28:59,483 - INFO - Have successfully stopped logging for id=1
2025-09-05 15:28:59,485 - INFO - Have successfully deleted id=1
2025-09-05 15:29:00,950 - INFO - All parameters updated
2025-09-05 15:29:00,950 - INFO - Callback->Connection completed [radio://0/80/2M/E7E7E7E7E6]
2025-09-05 15:29:01,058 - INFO - Have successfully started logging for id=2
2025-09-05 15:29:07,552 - INFO - Waiting for position estimator...
2025-09-05 15:29:07,556 - INFO - Have successfully stopped logging for id=2
2025-09-05 15:29:07,557 - INFO - Have successfully deleted id=2
2025-09-05 15:29:07,565 - INFO - Have successfully started logging for id=3
2025-09-05 15:29:08,563 - INFO - Position estimator ready
2025-09-05 15:29:08,564 - INFO - Controller parameters optimized
2025-09-05 15:29:08,567 - INFO - Have successfully stopped logging for id=3
2025-09-05 15:29:08,568 - INFO - Have successfully deleted id=3
2025-09-05 15:29:10,666 - INFO - Start collection (slot:10ms)
2025-09-05 15:29:10,668 - INFO - Data collector started
2025-09-05 15:29:10,669 - INFO - Position manager started
2025-09-05 15:29:10,677 - INFO - Have successfully started logging for id=4
2025-09-05 15:29:10,678 - INFO - Have successfully started logging for id=5
2025-09-05 15:29:10,679 - INFO - Have successfully started logging for id=6
2025-09-05 15:29:10,769 - INFO - Position manager data flow is normal
2025-09-05 15:29:12,769 - INFO - Current position: (0.004, 0.019, 0.042, 90.7°)
2025-09-05 15:29:12,769 - INFO - Using absolute coordinate system, ignoring takeoff position offset
2025-09-05 15:29:13,770 - INFO - Pre-flight stabilization to first waypoint: (0.000, 0.000, 0.600)
2025-09-05 15:29:13,920 - INFO - Waypoint1: absolute coordinates(0.000, 0.000, 0.600, yaw=90.0°)
2025-09-05 15:29:13,920 - INFO - Flying to coordinate: (0.000, 0.000, 0.600)
2025-09-05 15:29:14,980 - INFO - Approaching target (error=0.137m), entering stabilization phase
2025-09-05 15:29:15,520 - INFO - Reached waypoint (error=0.040m, stable_count=30)
2025-09-05 15:29:16,130 - INFO - Waypoint2: absolute coordinates(0.400, 0.000, 0.600, yaw=90.0°)
2025-09-05 15:29:16,130 - INFO - Flying to coordinate: (0.400, 0.000, 0.600)
2025-09-05 15:29:16,840 - INFO - Approaching target (error=0.141m), entering stabilization phase
2025-09-05 15:29:18,920 - INFO - Reached waypoint (error=0.052m, stable_count=30)
2025-09-05 15:29:19,521 - INFO - Waypoint3: absolute coordinates(0.200, 0.400, 0.600, yaw=90.0°)
2025-09-05 15:29:19,521 - INFO - Flying to coordinate: (0.200, 0.400, 0.600)
2025-09-05 15:29:20,131 - INFO - Approaching target (error=0.139m), entering stabilization phase
2025-09-05 15:29:21,121 - INFO - Reached waypoint (error=0.063m, stable_count=30)
2025-09-05 15:29:21,721 - INFO - Waypoint4: absolute coordinates(0.000, 0.000, 0.600, yaw=90.0°)
2025-09-05 15:29:21,721 - INFO - Flying to coordinate: (0.000, 0.000, 0.600)
2025-09-05 15:29:22,571 - INFO - Approaching target (error=0.137m), entering stabilization phase
2025-09-05 15:29:24,011 - INFO - Reached waypoint (error=0.062m, stable_count=30)
2025-09-05 15:29:24,611 - INFO - Returning to origin and landing...
2025-09-05 15:29:24,612 - INFO - Flying to coordinate: (0.000, 0.000, 0.200)
2025-09-05 15:29:25,372 - INFO - Approaching target (error=0.144m), entering stabilization phase
2025-09-05 15:29:26,062 - INFO - Reached waypoint (error=0.051m, stable_count=30)
2025-09-05 15:29:26,062 - INFO - Landing...
2025-09-05 15:29:26,062 - INFO - Landing complete
2025-09-05 15:29:26,070 - INFO - Have successfully stopped logging for id=6
2025-09-05 15:29:26,164 - INFO - Position manager stopped
2025-09-05 15:29:26,166 - INFO - Flight mission complete
2025-09-05 15:29:26,166 - INFO - Stopping data collector...
2025-09-05 15:29:26,168 - INFO - Collection complete - stats: {'created': 1550, 'complete': 1550, 'merged': 0, 'dropped': 0}
2025-09-05 15:29:26,173 - INFO - Have successfully stopped logging for id=4
2025-09-05 15:29:26,174 - INFO - Have successfully stopped logging for id=5
2025-09-05 15:29:26,222 - INFO - Data saved: training_data/triangle_small_20250905_152926.json
2025-09-05 15:29:26,222 - INFO - States: 1550, Commands: 1029, Duration: 15.5s
2025-09-05 15:29:26,222 - INFO - Successfully saved 1550 state data points
2025-09-05 15:29:26,222 - INFO - Successfully saved 1029 control commands
2025-09-05 15:29:26,222 - INFO - Closing link
2025-09-05 15:29:26,223 - INFO - Callback->Disconnected from [radio://0/80/2M/E7E7E7E7E6]
