2025-09-05 13:06:00,562 - INFO - === Fixed continuous data collector ===
2025-09-05 13:06:00,562 - INFO - Mission: square_small
2025-09-05 13:06:00,562 - INFO - Waypoints (absolute coordinates): [(0, 0, 0.3), (0.3, 0, 0.3), (0.3, 0.3, 0.3), (0, 0.3, 0.3), (0, 0, 0.3)]
2025-09-05 13:06:00,563 - INFO - Callback->Connection initialized[radio://0/80/2M/E7E7E7E7E6]
2025-09-05 13:06:00,811 - INFO - We are connected[radio://0/80/2M/E7E7E7E7E6], request connection setup
2025-09-05 13:06:00,811 - INFO - Request _request_protocol_version()
2025-09-05 13:06:00,815 - INFO - Callback->Connected to [radio://0/80/2M/E7E7E7E7E6]
2025-09-05 13:06:00,820 - INFO - _crt_service_callback
2025-09-05 13:06:00,820 - INFO - Request protocol version
2025-09-05 13:06:00,825 - INFO - _platform_callback
2025-09-05 13:06:00,825 - INFO - Protocol version (platform): 9
2025-09-05 13:06:00,836 - INFO - TOC for port [5] found in cache
2025-09-05 13:06:00,836 - INFO - Log TOC finished updating
2025-09-05 13:06:00,839 - INFO - 6 memories found
2025-09-05 13:06:00,916 - INFO - Memories finished updating
2025-09-05 13:06:00,921 - INFO - TOC for port [2] found in cache
2025-09-05 13:06:01,378 - INFO - Param TOC finished updating
2025-09-05 13:06:01,378 - INFO - Callback->Connection setup finished [radio://0/80/2M/E7E7E7E7E6]
2025-09-05 13:06:01,379 - INFO - Connected: radio://0/80/2M/E7E7E7E7E6
2025-09-05 13:06:01,389 - INFO - Have successfully started logging for id=1
2025-09-05 13:06:01,490 - INFO - Battery: 3.86V (safe)
2025-09-05 13:06:01,490 - INFO - Battery check passed: 3.86V
2025-09-05 13:06:01,490 - INFO - Initializing position estimator to origin...
2025-09-05 13:06:01,495 - INFO - Have successfully stopped logging for id=1
2025-09-05 13:06:01,496 - INFO - Have successfully deleted id=1
2025-09-05 13:06:02,635 - INFO - All parameters updated
2025-09-05 13:06:02,635 - INFO - Callback->Connection completed [radio://0/80/2M/E7E7E7E7E6]
2025-09-05 13:06:02,743 - INFO - Have successfully started logging for id=2
2025-09-05 13:06:09,237 - INFO - Waiting for position estimator...
2025-09-05 13:06:09,241 - INFO - Have successfully stopped logging for id=2
2025-09-05 13:06:09,241 - INFO - Have successfully deleted id=2
2025-09-05 13:06:09,246 - INFO - Have successfully started logging for id=3
2025-09-05 13:06:10,245 - INFO - Position estimator ready
2025-09-05 13:06:10,245 - INFO - Controller parameters optimized
2025-09-05 13:06:10,248 - INFO - Have successfully stopped logging for id=3
2025-09-05 13:06:10,249 - INFO - Have successfully deleted id=3
2025-09-05 13:06:13,751 - INFO - Start collection (slot:10ms)
2025-09-05 13:06:13,751 - INFO - Data collector started
2025-09-05 13:06:13,753 - INFO - Position manager started
2025-09-05 13:06:13,761 - INFO - Have successfully started logging for id=4
2025-09-05 13:06:13,762 - INFO - Have successfully started logging for id=5
2025-09-05 13:06:13,763 - INFO - Have successfully started logging for id=6
2025-09-05 13:06:13,853 - INFO - Position manager data flow is normal
2025-09-05 13:06:15,853 - INFO - Current position: (-0.021, 0.001, 0.014, 90.2°)
2025-09-05 13:06:15,854 - INFO - Using absolute coordinate system, ignoring takeoff position offset
2025-09-05 13:06:16,854 - INFO - Pre-flight stabilization to first waypoint: (0.000, 0.000, 0.300)
2025-09-05 13:06:17,005 - INFO - Waypoint1: absolute coordinates(0.000, 0.000, 0.300, yaw=90.0°)
2025-09-05 13:06:17,005 - INFO - Flying to coordinate: (0.000, 0.000, 0.300)
2025-09-05 13:06:17,765 - INFO - Approaching target (error=0.148m), entering stabilization phase
2025-09-05 13:06:18,705 - INFO - Reached waypoint (error=0.020m, stable_count=30)
2025-09-05 13:06:19,305 - INFO - Waypoint2: absolute coordinates(0.300, 0.000, 0.300, yaw=90.0°)
2025-09-05 13:06:19,306 - INFO - Flying to coordinate: (0.300, 0.000, 0.300)
2025-09-05 13:06:19,916 - INFO - Approaching target (error=0.127m), entering stabilization phase
2025-09-05 13:06:20,356 - INFO - Reached waypoint (error=0.055m, stable_count=30)
2025-09-05 13:06:20,956 - INFO - Waypoint3: absolute coordinates(0.300, 0.300, 0.300, yaw=90.0°)
2025-09-05 13:06:20,956 - INFO - Flying to coordinate: (0.300, 0.300, 0.300)
2025-09-05 13:06:21,566 - INFO - Approaching target (error=0.142m), entering stabilization phase
2025-09-05 13:06:22,106 - INFO - Reached waypoint (error=0.045m, stable_count=30)
2025-09-05 13:06:22,706 - INFO - Waypoint4: absolute coordinates(0.000, 0.300, 0.300, yaw=90.0°)
2025-09-05 13:06:22,706 - INFO - Flying to coordinate: (0.000, 0.300, 0.300)
2025-09-05 13:06:23,256 - INFO - Approaching target (error=0.122m), entering stabilization phase
2025-09-05 13:06:23,646 - INFO - Reached waypoint (error=0.066m, stable_count=30)
2025-09-05 13:06:24,248 - INFO - Waypoint5: absolute coordinates(0.000, 0.000, 0.300, yaw=90.0°)
2025-09-05 13:06:24,248 - INFO - Flying to coordinate: (0.000, 0.000, 0.300)
2025-09-05 13:06:24,858 - INFO - Approaching target (error=0.140m), entering stabilization phase
2025-09-05 13:06:25,348 - INFO - Reached waypoint (error=0.056m, stable_count=30)
2025-09-05 13:06:25,948 - INFO - Returning to origin and landing...
2025-09-05 13:06:25,948 - INFO - Flying to coordinate: (0.000, 0.000, 0.200)
2025-09-05 13:06:26,058 - INFO - Approaching target (error=0.142m), entering stabilization phase
2025-09-05 13:06:27,148 - INFO - Reached waypoint (error=0.049m, stable_count=30)
2025-09-05 13:06:27,148 - INFO - Landing...
2025-09-05 13:06:27,149 - INFO - Landing complete
2025-09-05 13:06:27,164 - INFO - Have successfully stopped logging for id=6
2025-09-05 13:06:27,251 - INFO - Position manager stopped
2025-09-05 13:06:27,253 - INFO - Flight mission complete
2025-09-05 13:06:27,253 - INFO - Stopping data collector...
2025-09-05 13:06:27,256 - INFO - Collection complete - stats: {'created': 1350, 'complete': 1350, 'merged': 0, 'dropped': 0}
2025-09-05 13:06:27,265 - INFO - Have successfully stopped logging for id=4
2025-09-05 13:06:27,267 - INFO - Have successfully stopped logging for id=5
2025-09-05 13:06:27,302 - INFO - Data saved: training_data/square_small_20250905_130627.json
2025-09-05 13:06:27,302 - INFO - States: 1350, Commands: 781, Duration: 13.5s
2025-09-05 13:06:27,302 - INFO - Successfully saved 1350 state data points
2025-09-05 13:06:27,302 - INFO - Successfully saved 781 control commands
2025-09-05 13:06:27,302 - INFO - Closing link
2025-09-05 13:06:27,303 - INFO - Callback->Disconnected from [radio://0/80/2M/E7E7E7E7E6]
