2025-09-05 12:43:22,046 - INFO - === Fixed continuous data collector ===
2025-09-05 12:43:22,046 - INFO - Mission: square_small
2025-09-05 12:43:22,046 - INFO - Waypoints (absolute coordinates): [(0, 0, 0.3), (0.3, 0, 0.3), (0.3, 0.3, 0.3), (0, 0.3, 0.3), (0, 0, 0.3)]
2025-09-05 12:43:22,046 - INFO - Callback->Connection initialized[radio://0/80/2M/E7E7E7E7E6]
2025-09-05 12:43:22,296 - INFO - We are connected[radio://0/80/2M/E7E7E7E7E6], request connection setup
2025-09-05 12:43:22,296 - INFO - Request _request_protocol_version()
2025-09-05 12:43:22,298 - INFO - Callback->Connected to [radio://0/80/2M/E7E7E7E7E6]
2025-09-05 12:43:22,377 - INFO - _crt_service_callback
2025-09-05 12:43:22,377 - INFO - Request protocol version
2025-09-05 12:43:22,381 - INFO - _platform_callback
2025-09-05 12:43:22,381 - INFO - Protocol version (platform): 9
2025-09-05 12:43:22,391 - INFO - TOC for port [5] found in cache
2025-09-05 12:43:22,391 - INFO - Log TOC finished updating
2025-09-05 12:43:22,394 - INFO - 6 memories found
2025-09-05 12:43:22,472 - INFO - Memories finished updating
2025-09-05 12:43:22,478 - INFO - TOC for port [2] found in cache
2025-09-05 12:43:22,976 - INFO - Param TOC finished updating
2025-09-05 12:43:22,976 - INFO - Callback->Connection setup finished [radio://0/80/2M/E7E7E7E7E6]
2025-09-05 12:43:22,977 - INFO - Connected: radio://0/80/2M/E7E7E7E7E6
2025-09-05 12:43:22,988 - INFO - Have successfully started logging for id=1
2025-09-05 12:43:23,085 - INFO - Battery: 4.13V (safe)
2025-09-05 12:43:23,086 - INFO - Battery check passed: 4.13V
2025-09-05 12:43:23,086 - INFO - Initializing position estimator to origin...
2025-09-05 12:43:23,089 - INFO - Have successfully stopped logging for id=1
2025-09-05 12:43:23,090 - INFO - Have successfully deleted id=1
2025-09-05 12:43:24,300 - INFO - All parameters updated
2025-09-05 12:43:24,300 - INFO - Callback->Connection completed [radio://0/80/2M/E7E7E7E7E6]
2025-09-05 12:43:24,408 - INFO - Have successfully started logging for id=2
2025-09-05 12:43:30,903 - INFO - Waiting for position estimator...
2025-09-05 12:43:30,906 - INFO - Have successfully stopped logging for id=2
2025-09-05 12:43:30,907 - INFO - Have successfully deleted id=2
2025-09-05 12:43:30,911 - INFO - Have successfully started logging for id=3
2025-09-05 12:43:31,912 - INFO - Position estimator ready
2025-09-05 12:43:31,913 - INFO - Controller parameters optimized
2025-09-05 12:43:31,915 - INFO - Have successfully stopped logging for id=3
2025-09-05 12:43:31,916 - INFO - Have successfully deleted id=3
2025-09-05 12:43:33,583 - INFO - Start collection (slot:10ms)
2025-09-05 12:43:33,584 - INFO - Data collector started
2025-09-05 12:43:33,586 - INFO - Position manager started
2025-09-05 12:43:33,597 - INFO - Have successfully started logging for id=4
2025-09-05 12:43:33,599 - INFO - Have successfully started logging for id=5
2025-09-05 12:43:33,600 - INFO - Have successfully started logging for id=6
2025-09-05 12:43:33,686 - INFO - Position manager data flow is normal
2025-09-05 12:43:35,687 - INFO - Current position: (0.021, 0.007, -0.025, 89.3°)
2025-09-05 12:43:35,687 - INFO - Using absolute coordinate system, ignoring takeoff position offset
2025-09-05 12:43:36,687 - INFO - Pre-flight stabilization to first waypoint: (0.000, 0.000, 0.300)
2025-09-05 12:43:36,837 - INFO - Waypoint1: absolute coordinates(0.000, 0.000, 0.300, yaw=90.0°)
2025-09-05 12:43:36,837 - INFO - Flying to coordinate: (0.000, 0.000, 0.300)
2025-09-05 12:43:37,748 - INFO - Approaching target (error=0.143m), entering stabilization phase
2025-09-05 12:43:38,488 - INFO - Reached waypoint (error=0.063m, stable_count=30)
2025-09-05 12:43:39,090 - INFO - Waypoint2: absolute coordinates(0.300, 0.000, 0.300, yaw=90.0°)
2025-09-05 12:43:39,090 - INFO - Flying to coordinate: (0.300, 0.000, 0.300)
2025-09-05 12:43:39,800 - INFO - Approaching target (error=0.131m), entering stabilization phase
2025-09-05 12:43:41,990 - INFO - Reached waypoint (error=0.062m, stable_count=30)
2025-09-05 12:43:42,592 - INFO - Waypoint3: absolute coordinates(0.300, 0.300, 0.300, yaw=90.0°)
2025-09-05 12:43:42,592 - INFO - Flying to coordinate: (0.300, 0.300, 0.300)
2025-09-05 12:43:43,002 - INFO - Approaching target (error=0.148m), entering stabilization phase
2025-09-05 12:43:43,432 - INFO - Reached waypoint (error=0.056m, stable_count=30)
2025-09-05 12:43:44,032 - INFO - Waypoint4: absolute coordinates(0.000, 0.300, 0.300, yaw=90.0°)
2025-09-05 12:43:44,032 - INFO - Flying to coordinate: (0.000, 0.300, 0.300)
2025-09-05 12:43:44,643 - INFO - Approaching target (error=0.118m), entering stabilization phase
2025-09-05 12:43:45,183 - INFO - Reached waypoint (error=0.079m, stable_count=30)
2025-09-05 12:43:45,783 - INFO - Waypoint5: absolute coordinates(0.000, 0.000, 0.300, yaw=90.0°)
2025-09-05 12:43:45,783 - INFO - Flying to coordinate: (0.000, 0.000, 0.300)
2025-09-05 12:43:46,493 - INFO - Approaching target (error=0.133m), entering stabilization phase
2025-09-05 12:43:48,333 - INFO - Reached waypoint (error=0.042m, stable_count=30)
2025-09-05 12:43:48,949 - INFO - Returning to origin and landing...
2025-09-05 12:43:48,949 - INFO - Flying to coordinate: (0.000, 0.000, 0.200)
2025-09-05 12:43:48,949 - INFO - Approaching target (error=0.118m), entering stabilization phase
2025-09-05 12:43:50,069 - INFO - Reached waypoint (error=0.059m, stable_count=30)
2025-09-05 12:43:50,069 - INFO - Landing...
2025-09-05 12:43:50,070 - INFO - Landing complete
2025-09-05 12:43:50,075 - INFO - Have successfully stopped logging for id=6
2025-09-05 12:43:50,171 - INFO - Position manager stopped
2025-09-05 12:43:50,173 - INFO - Flight mission complete
2025-09-05 12:43:50,173 - INFO - Stopping data collector...
2025-09-05 12:43:50,175 - INFO - Collection complete - stats: {'created': 1659, 'complete': 1659, 'merged': 0, 'dropped': 0}
2025-09-05 12:43:50,181 - INFO - Have successfully stopped logging for id=4
2025-09-05 12:43:50,182 - INFO - Have successfully stopped logging for id=5
2025-09-05 12:43:50,234 - INFO - Data saved: training_data/square_small_20250905_124350.json
2025-09-05 12:43:50,234 - INFO - States: 1659, Commands: 1090, Duration: 16.6s
2025-09-05 12:43:50,234 - INFO - Successfully saved 1659 state data points
2025-09-05 12:43:50,234 - INFO - Successfully saved 1090 control commands
2025-09-05 12:43:50,234 - INFO - Closing link
2025-09-05 12:43:50,235 - INFO - Callback->Disconnected from [radio://0/80/2M/E7E7E7E7E6]
