2025-09-04 14:48:31,869 - INFO - === Fixed continuous data collector ===
2025-09-04 14:48:31,869 - INFO - Mission: vertical_med
2025-09-04 14:48:31,870 - INFO - Waypoints (absolute coordinates): [(0, 0, 0.4), (0, 0, 0.8), (0, 0, 0.4)]
2025-09-04 14:48:31,870 - INFO - Callback->Connection initialized[radio://0/80/2M/E7E7E7E7E6]
2025-09-04 14:48:32,119 - INFO - We are connected[radio://0/80/2M/E7E7E7E7E6], request connection setup
2025-09-04 14:48:32,119 - INFO - Request _request_protocol_version()
2025-09-04 14:48:32,125 - INFO - Callback->Connected to [radio://0/80/2M/E7E7E7E7E6]
2025-09-04 14:48:32,131 - INFO - _crt_service_callback
2025-09-04 14:48:32,131 - INFO - Request protocol version
2025-09-04 14:48:32,136 - INFO - _platform_callback
2025-09-04 14:48:32,136 - INFO - Protocol version (platform): 9
2025-09-04 14:48:32,145 - INFO - TOC for port [5] found in cache
2025-09-04 14:48:32,145 - INFO - Log TOC finished updating
2025-09-04 14:48:32,149 - INFO - 6 memories found
2025-09-04 14:48:32,228 - INFO - Memories finished updating
2025-09-04 14:48:32,237 - INFO - TOC for port [2] found in cache
2025-09-04 14:48:32,702 - INFO - Param TOC finished updating
2025-09-04 14:48:32,702 - INFO - Callback->Connection setup finished [radio://0/80/2M/E7E7E7E7E6]
2025-09-04 14:48:32,703 - INFO - Connected: radio://0/80/2M/E7E7E7E7E6
2025-09-04 14:48:32,713 - INFO - Have successfully started logging for id=1
2025-09-04 14:48:32,813 - INFO - Battery: 3.86V (safe)
2025-09-04 14:48:32,813 - INFO - Battery check passed: 3.86V
2025-09-04 14:48:32,813 - INFO - Initializing position estimator to origin...
2025-09-04 14:48:32,816 - INFO - Have successfully stopped logging for id=1
2025-09-04 14:48:32,817 - INFO - Have successfully deleted id=1
2025-09-04 14:48:33,928 - INFO - All parameters updated
2025-09-04 14:48:33,928 - INFO - Callback->Connection completed [radio://0/80/2M/E7E7E7E7E6]
2025-09-04 14:48:34,039 - INFO - Have successfully started logging for id=2
2025-09-04 14:48:42,033 - INFO - Waiting for position estimator...
2025-09-04 14:48:42,039 - INFO - Have successfully stopped logging for id=2
2025-09-04 14:48:42,040 - INFO - Have successfully deleted id=2
2025-09-04 14:48:42,044 - INFO - Have successfully started logging for id=3
2025-09-04 14:48:43,043 - INFO - Position estimator ready
2025-09-04 14:48:43,044 - INFO - Controller parameters optimized
2025-09-04 14:48:43,047 - INFO - Have successfully stopped logging for id=3
2025-09-04 14:48:43,049 - INFO - Have successfully deleted id=3
2025-09-04 14:48:45,370 - INFO - Start collection (slot:10ms)
2025-09-04 14:48:45,371 - INFO - Data collector started
2025-09-04 14:48:45,372 - INFO - Position manager started
2025-09-04 14:48:45,379 - INFO - Have successfully started logging for id=4
2025-09-04 14:48:45,380 - INFO - Have successfully started logging for id=5
2025-09-04 14:48:45,382 - INFO - Have successfully started logging for id=6
2025-09-04 14:48:45,472 - INFO - Position manager data flow is normal
2025-09-04 14:48:47,472 - INFO - Current position: (0.009, 0.052, 0.000, 90.0°)
2025-09-04 14:48:47,472 - INFO - Using absolute coordinate system, ignoring takeoff position offset
2025-09-04 14:48:48,472 - INFO - Pre-flight stabilization to first waypoint: (0.000, 0.000, 0.400)
2025-09-04 14:48:48,625 - INFO - Waypoint1: absolute coordinates(0.000, 0.000, 0.400, yaw=90.0°)
2025-09-04 14:48:48,625 - INFO - Flying to coordinate: (0.000, 0.000, 0.400)
2025-09-04 14:48:58,625 - WARNING - Waypoint timeout 10.0s (final error may still be acceptable)
2025-09-04 14:48:58,625 - WARNING - Waypoint1 not fully reached, continuing execution
2025-09-04 14:48:59,225 - INFO - Waypoint2: absolute coordinates(0.000, 0.000, 0.800, yaw=90.0°)
2025-09-04 14:48:59,225 - INFO - Flying to coordinate: (0.000, 0.000, 0.800)
2025-09-04 14:49:00,612 - INFO - Have successfully stopped logging for id=6
2025-09-04 14:49:00,709 - INFO - Position manager stopped
2025-09-04 14:49:00,712 - INFO - Stopping data collector...
2025-09-04 14:49:00,713 - INFO - Collection complete - stats: {'created': 1534, 'complete': 1534, 'merged': 0, 'dropped': 0}
2025-09-04 14:49:00,720 - INFO - Have successfully stopped logging for id=4
2025-09-04 14:49:00,723 - INFO - Have successfully stopped logging for id=5
2025-09-04 14:49:00,769 - INFO - Data saved: training_data/vertical_med_20250904_144900.json
2025-09-04 14:49:00,769 - INFO - States: 1534, Commands: 1165, Duration: 15.3s
2025-09-04 14:49:00,769 - INFO - Successfully saved 1534 state data points
2025-09-04 14:49:00,769 - INFO - Successfully saved 1165 control commands
2025-09-04 14:49:00,769 - INFO - Closing link
2025-09-04 14:49:00,769 - INFO - Callback->Disconnected from [radio://0/80/2M/E7E7E7E7E6]
2025-09-04 14:49:00,835 - INFO - User interrupted
