2025-09-05 16:25:01,548 - INFO - === Fixed continuous data collector ===
2025-09-05 16:25:01,548 - INFO - Mission: triangle_med
2025-09-05 16:25:01,549 - INFO - Waypoints (absolute coordinates): [(0, 0, 0.6), (0.5, 0, 0.6), (0.25, 0.5, 0.6), (0, 0, 0.6)]
2025-09-05 16:25:01,549 - INFO - Callback->Connection initialized[radio://0/80/2M/E7E7E7E7E6]
2025-09-05 16:25:01,799 - INFO - We are connected[radio://0/80/2M/E7E7E7E7E6], request connection setup
2025-09-05 16:25:01,799 - INFO - Request _request_protocol_version()
2025-09-05 16:25:01,801 - INFO - Callback->Connected to [radio://0/80/2M/E7E7E7E7E6]
2025-09-05 16:25:01,805 - INFO - _crt_service_callback
2025-09-05 16:25:01,805 - INFO - Request protocol version
2025-09-05 16:25:01,810 - INFO - _platform_callback
2025-09-05 16:25:01,810 - INFO - Protocol version (platform): 9
2025-09-05 16:25:01,820 - INFO - TOC for port [5] found in cache
2025-09-05 16:25:01,820 - INFO - Log TOC finished updating
2025-09-05 16:25:01,824 - INFO - 6 memories found
2025-09-05 16:25:01,896 - INFO - Memories finished updating
2025-09-05 16:25:01,901 - INFO - TOC for port [2] found in cache
2025-09-05 16:25:02,359 - INFO - Param TOC finished updating
2025-09-05 16:25:02,359 - INFO - Callback->Connection setup finished [radio://0/80/2M/E7E7E7E7E6]
2025-09-05 16:25:02,361 - INFO - Connected: radio://0/80/2M/E7E7E7E7E6
2025-09-05 16:25:02,370 - INFO - Have successfully started logging for id=1
2025-09-05 16:25:02,469 - INFO - Battery: 3.88V (safe)
2025-09-05 16:25:02,470 - INFO - Battery check passed: 3.88V
2025-09-05 16:25:02,470 - INFO - Initializing position estimator to origin...
2025-09-05 16:25:02,472 - INFO - Have successfully stopped logging for id=1
2025-09-05 16:25:02,473 - INFO - Have successfully deleted id=1
2025-09-05 16:25:03,542 - INFO - All parameters updated
2025-09-05 16:25:03,542 - INFO - Callback->Connection completed [radio://0/80/2M/E7E7E7E7E6]
2025-09-05 16:25:03,651 - INFO - Have successfully started logging for id=2
2025-09-05 16:25:10,645 - INFO - Waiting for position estimator...
2025-09-05 16:25:10,647 - INFO - Have successfully stopped logging for id=2
2025-09-05 16:25:10,648 - INFO - Have successfully deleted id=2
2025-09-05 16:25:10,658 - INFO - Have successfully started logging for id=3
2025-09-05 16:25:11,656 - INFO - Position estimator ready
2025-09-05 16:25:11,657 - INFO - Controller parameters optimized
2025-09-05 16:25:11,659 - INFO - Have successfully stopped logging for id=3
2025-09-05 16:25:11,660 - INFO - Have successfully deleted id=3
2025-09-05 16:25:15,695 - INFO - Start collection (slot:10ms)
2025-09-05 16:25:15,696 - INFO - Data collector started
2025-09-05 16:25:15,697 - INFO - Position manager started
2025-09-05 16:25:15,705 - INFO - Have successfully started logging for id=4
2025-09-05 16:25:15,706 - INFO - Have successfully started logging for id=5
2025-09-05 16:25:15,707 - INFO - Have successfully started logging for id=6
2025-09-05 16:25:15,798 - INFO - Position manager data flow is normal
2025-09-05 16:25:17,798 - INFO - Current position: (-0.029, 0.013, 0.040, 89.8°)
2025-09-05 16:25:17,798 - INFO - Using absolute coordinate system, ignoring takeoff position offset
2025-09-05 16:25:18,798 - INFO - Pre-flight stabilization to first waypoint: (0.000, 0.000, 0.600)
2025-09-05 16:25:18,948 - INFO - Waypoint1: absolute coordinates(0.000, 0.000, 0.600, yaw=90.0°)
2025-09-05 16:25:18,948 - INFO - Flying to coordinate: (0.000, 0.000, 0.600)
2025-09-05 16:25:28,949 - WARNING - Waypoint timeout 10.0s (final error may still be acceptable)
2025-09-05 16:25:28,949 - WARNING - Waypoint1 not fully reached, continuing execution
2025-09-05 16:25:29,549 - INFO - Waypoint2: absolute coordinates(0.500, 0.000, 0.600, yaw=90.0°)
2025-09-05 16:25:29,549 - INFO - Flying to coordinate: (0.500, 0.000, 0.600)
2025-09-05 16:25:32,282 - INFO - Have successfully stopped logging for id=6
2025-09-05 16:25:32,377 - INFO - Position manager stopped
2025-09-05 16:25:32,380 - INFO - Stopping data collector...
2025-09-05 16:25:32,383 - INFO - Collection complete - stats: {'created': 1668, 'complete': 1668, 'merged': 0, 'dropped': 0}
2025-09-05 16:25:32,389 - INFO - Have successfully stopped logging for id=4
2025-09-05 16:25:32,393 - INFO - Have successfully stopped logging for id=5
2025-09-05 16:25:32,443 - INFO - Data saved: training_data/triangle_med_20250905_162532.json
2025-09-05 16:25:32,443 - INFO - States: 1668, Commands: 1298, Duration: 16.7s
2025-09-05 16:25:32,444 - INFO - Successfully saved 1668 state data points
2025-09-05 16:25:32,444 - INFO - Successfully saved 1298 control commands
2025-09-05 16:25:32,444 - INFO - Closing link
2025-09-05 16:25:32,444 - INFO - Callback->Disconnected from [radio://0/80/2M/E7E7E7E7E6]
2025-09-05 16:25:32,506 - INFO - User interrupted
