2025-09-04 12:49:51,372 - INFO - === Fixed continuous data collector ===
2025-09-04 12:49:51,372 - INFO - Mission: vertical_small
2025-09-04 12:49:51,372 - INFO - Waypoints (absolute coordinates): [(0, 0, 0.3), (0, 0, 0.6), (0, 0, 0.9), (0, 0, 0.6), (0, 0, 0.3)]
2025-09-04 12:49:51,372 - INFO - Callback->Connection initialized[radio://0/80/2M/E7E7E7E7E6]
2025-09-04 12:49:51,623 - INFO - We are connected[radio://0/80/2M/E7E7E7E7E6], request connection setup
2025-09-04 12:49:51,624 - INFO - Request _request_protocol_version()
2025-09-04 12:49:51,626 - INFO - Callback->Connected to [radio://0/80/2M/E7E7E7E7E6]
2025-09-04 12:49:51,631 - INFO - _crt_service_callback
2025-09-04 12:49:51,631 - INFO - Request protocol version
2025-09-04 12:49:51,634 - INFO - _platform_callback
2025-09-04 12:49:51,634 - INFO - Protocol version (platform): 9
2025-09-04 12:49:51,644 - INFO - TOC for port [5] found in cache
2025-09-04 12:49:51,644 - INFO - Log TOC finished updating
2025-09-04 12:49:51,649 - INFO - 6 memories found
2025-09-04 12:49:51,724 - INFO - Memories finished updating
2025-09-04 12:49:51,730 - INFO - TOC for port [2] found in cache
2025-09-04 12:49:52,197 - INFO - Param TOC finished updating
2025-09-04 12:49:52,198 - INFO - Callback->Connection setup finished [radio://0/80/2M/E7E7E7E7E6]
2025-09-04 12:49:52,199 - INFO - Connected: radio://0/80/2M/E7E7E7E7E6
2025-09-04 12:49:52,209 - INFO - Have successfully started logging for id=1
2025-09-04 12:49:52,309 - INFO - Battery: 3.81V (safe)
2025-09-04 12:49:52,309 - INFO - Battery check passed: 3.81V
2025-09-04 12:49:52,309 - INFO - Initializing position estimator to origin...
2025-09-04 12:49:52,312 - INFO - Have successfully stopped logging for id=1
2025-09-04 12:49:52,312 - INFO - Have successfully deleted id=1
2025-09-04 12:49:53,420 - INFO - All parameters updated
2025-09-04 12:49:53,420 - INFO - Callback->Connection completed [radio://0/80/2M/E7E7E7E7E6]
2025-09-04 12:49:53,529 - INFO - Have successfully started logging for id=2
2025-09-04 12:50:00,025 - INFO - Waiting for position estimator...
2025-09-04 12:50:00,028 - INFO - Have successfully stopped logging for id=2
2025-09-04 12:50:00,030 - INFO - Have successfully deleted id=2
2025-09-04 12:50:00,041 - INFO - Have successfully started logging for id=3
2025-09-04 12:50:01,041 - INFO - Position estimator ready
2025-09-04 12:50:01,043 - INFO - Controller parameters optimized
2025-09-04 12:50:01,046 - INFO - Have successfully stopped logging for id=3
2025-09-04 12:50:01,047 - INFO - Have successfully deleted id=3
2025-09-04 12:50:02,843 - INFO - Start collection (slot:10ms)
2025-09-04 12:50:02,844 - INFO - Data collector started
2025-09-04 12:50:02,845 - INFO - Position manager started
2025-09-04 12:50:02,851 - INFO - Have successfully started logging for id=4
2025-09-04 12:50:02,853 - INFO - Have successfully started logging for id=5
2025-09-04 12:50:02,854 - INFO - Have successfully started logging for id=6
2025-09-04 12:50:02,945 - INFO - Position manager data flow is normal
2025-09-04 12:50:04,945 - INFO - Current position: (0.019, 0.059, 0.012, 89.9°)
2025-09-04 12:50:04,945 - INFO - Using absolute coordinate system, ignoring takeoff position offset
2025-09-04 12:50:05,945 - INFO - Pre-flight stabilization to first waypoint: (0.000, 0.000, 0.300)
2025-09-04 12:50:06,097 - INFO - Waypoint1: absolute coordinates(0.000, 0.000, 0.300, yaw=90.0°)
2025-09-04 12:50:06,097 - INFO - Flying to coordinate: (0.000, 0.000, 0.300)
2025-09-04 12:50:07,207 - INFO - Approaching target (error=0.144m), entering stabilization phase
2025-09-04 12:50:07,997 - INFO - Reached waypoint (error=0.065m, stable_count=30)
2025-09-04 12:50:08,598 - INFO - Waypoint2: absolute coordinates(0.000, 0.000, 0.600, yaw=90.0°)
2025-09-04 12:50:08,598 - INFO - Flying to coordinate: (0.000, 0.000, 0.600)
2025-09-04 12:50:09,058 - INFO - Approaching target (error=0.132m), entering stabilization phase
2025-09-04 12:50:09,548 - INFO - Reached waypoint (error=0.025m, stable_count=30)
2025-09-04 12:50:10,149 - INFO - Waypoint3: absolute coordinates(0.000, 0.000, 0.900, yaw=90.0°)
2025-09-04 12:50:10,149 - INFO - Flying to coordinate: (0.000, 0.000, 0.900)
2025-09-04 12:50:10,509 - INFO - Approaching target (error=0.131m), entering stabilization phase
2025-09-04 12:50:10,999 - INFO - Reached waypoint (error=0.072m, stable_count=30)
2025-09-04 12:50:11,599 - INFO - Waypoint4: absolute coordinates(0.000, 0.000, 0.600, yaw=90.0°)
2025-09-04 12:50:11,599 - INFO - Flying to coordinate: (0.000, 0.000, 0.600)
2025-09-04 12:50:12,599 - INFO - Approaching target (error=0.149m), entering stabilization phase
2025-09-04 12:50:13,889 - INFO - Reached waypoint (error=0.068m, stable_count=30)
2025-09-04 12:50:14,490 - INFO - Waypoint5: absolute coordinates(0.000, 0.000, 0.300, yaw=90.0°)
2025-09-04 12:50:14,490 - INFO - Flying to coordinate: (0.000, 0.000, 0.300)
2025-09-04 12:50:15,150 - INFO - Approaching target (error=0.149m), entering stabilization phase
2025-09-04 12:50:15,840 - INFO - Reached waypoint (error=0.047m, stable_count=30)
2025-09-04 12:50:16,442 - INFO - Returning to origin and landing...
2025-09-04 12:50:16,442 - INFO - Flying to coordinate: (0.000, 0.000, 0.200)
2025-09-04 12:50:16,442 - INFO - Approaching target (error=0.130m), entering stabilization phase
2025-09-04 12:50:17,142 - INFO - Reached waypoint (error=0.048m, stable_count=30)
2025-09-04 12:50:17,142 - INFO - Landing...
2025-09-04 12:50:17,143 - INFO - Landing complete
2025-09-04 12:50:17,148 - INFO - Have successfully stopped logging for id=6
2025-09-04 12:50:17,244 - INFO - Position manager stopped
2025-09-04 12:50:17,245 - INFO - Flight mission complete
2025-09-04 12:50:17,245 - INFO - Stopping data collector...
2025-09-04 12:50:17,247 - INFO - Collection complete - stats: {'created': 1440, 'complete': 1440, 'merged': 0, 'dropped': 0}
2025-09-04 12:50:17,254 - INFO - Have successfully stopped logging for id=4
2025-09-04 12:50:17,257 - INFO - Have successfully stopped logging for id=5
2025-09-04 12:50:17,298 - INFO - Data saved: training_data/vertical_small_20250904_125017.json
2025-09-04 12:50:17,298 - INFO - States: 1440, Commands: 872, Duration: 14.4s
2025-09-04 12:50:17,298 - INFO - Successfully saved 1440 state data points
2025-09-04 12:50:17,298 - INFO - Successfully saved 872 control commands
2025-09-04 12:50:17,298 - INFO - Closing link
2025-09-04 12:50:17,299 - INFO - Callback->Disconnected from [radio://0/80/2M/E7E7E7E7E6]
