2025-09-05 12:09:45,141 - INFO - === Fixed continuous data collector ===
2025-09-05 12:09:45,141 - INFO - Mission: square_small
2025-09-05 12:09:45,141 - INFO - Waypoints (absolute coordinates): [(0, 0, 0.3), (0.3, 0, 0.3), (0.3, 0.3, 0.3), (0, 0.3, 0.3), (0, 0, 0.3)]
2025-09-05 12:09:45,142 - INFO - Callback->Connection initialized[radio://0/80/2M/E7E7E7E7E6]
2025-09-05 12:09:45,392 - INFO - We are connected[radio://0/80/2M/E7E7E7E7E6], request connection setup
2025-09-05 12:09:45,393 - INFO - Request _request_protocol_version()
2025-09-05 12:09:45,397 - INFO - Callback->Connected to [radio://0/80/2M/E7E7E7E7E6]
2025-09-05 12:09:45,404 - INFO - _crt_service_callback
2025-09-05 12:09:45,404 - INFO - Request protocol version
2025-09-05 12:09:45,408 - INFO - _platform_callback
2025-09-05 12:09:45,408 - INFO - Protocol version (platform): 9
2025-09-05 12:09:45,425 - INFO - TOC for port [5] found in cache
2025-09-05 12:09:45,425 - INFO - Log TOC finished updating
2025-09-05 12:09:45,430 - INFO - 6 memories found
2025-09-05 12:09:45,523 - INFO - Memories finished updating
2025-09-05 12:09:45,529 - INFO - TOC for port [2] found in cache
2025-09-05 12:09:46,027 - INFO - Param TOC finished updating
2025-09-05 12:09:46,027 - INFO - Callback->Connection setup finished [radio://0/80/2M/E7E7E7E7E6]
2025-09-05 12:09:46,028 - INFO - Connected: radio://0/80/2M/E7E7E7E7E6
2025-09-05 12:09:46,037 - INFO - Have successfully started logging for id=1
2025-09-05 12:09:46,137 - INFO - Battery: 3.87V (safe)
2025-09-05 12:09:46,138 - INFO - Battery check passed: 3.87V
2025-09-05 12:09:46,138 - INFO - Initializing position estimator to origin...
2025-09-05 12:09:46,142 - INFO - Have successfully stopped logging for id=1
2025-09-05 12:09:46,144 - INFO - Have successfully deleted id=1
2025-09-05 12:09:47,426 - INFO - All parameters updated
2025-09-05 12:09:47,426 - INFO - Callback->Connection completed [radio://0/80/2M/E7E7E7E7E6]
2025-09-05 12:09:47,536 - INFO - Have successfully started logging for id=2
2025-09-05 12:09:54,030 - INFO - Waiting for position estimator...
2025-09-05 12:09:54,033 - INFO - Have successfully stopped logging for id=2
2025-09-05 12:09:54,034 - INFO - Have successfully deleted id=2
2025-09-05 12:09:54,040 - INFO - Have successfully started logging for id=3
2025-09-05 12:09:55,040 - INFO - Position estimator ready
2025-09-05 12:09:55,041 - INFO - Controller parameters optimized
2025-09-05 12:09:55,043 - INFO - Have successfully stopped logging for id=3
2025-09-05 12:09:55,044 - INFO - Have successfully deleted id=3
2025-09-05 12:09:57,378 - INFO - Start collection (slot:10ms)
2025-09-05 12:09:57,379 - INFO - Data collector started
2025-09-05 12:09:57,380 - INFO - Position manager started
2025-09-05 12:09:57,391 - INFO - Have successfully started logging for id=4
2025-09-05 12:09:57,392 - INFO - Have successfully started logging for id=5
2025-09-05 12:09:57,394 - INFO - Have successfully started logging for id=6
2025-09-05 12:09:57,480 - INFO - Position manager data flow is normal
2025-09-05 12:09:59,480 - INFO - Current position: (-0.012, 0.027, -0.018, 90.2°)
2025-09-05 12:09:59,481 - INFO - Using absolute coordinate system, ignoring takeoff position offset
2025-09-05 12:10:00,481 - INFO - Pre-flight stabilization to first waypoint: (0.000, 0.000, 0.300)
2025-09-05 12:10:00,632 - INFO - Waypoint1: absolute coordinates(0.000, 0.000, 0.300, yaw=90.0°)
2025-09-05 12:10:00,632 - INFO - Flying to coordinate: (0.000, 0.000, 0.300)
2025-09-05 12:10:01,392 - INFO - Approaching target (error=0.147m), entering stabilization phase
2025-09-05 12:10:02,082 - INFO - Reached waypoint (error=0.059m, stable_count=30)
2025-09-05 12:10:02,684 - INFO - Waypoint2: absolute coordinates(0.300, 0.000, 0.300, yaw=90.0°)
2025-09-05 12:10:02,684 - INFO - Flying to coordinate: (0.300, 0.000, 0.300)
2025-09-05 12:10:03,244 - INFO - Approaching target (error=0.147m), entering stabilization phase
2025-09-05 12:10:05,034 - INFO - Reached waypoint (error=0.052m, stable_count=30)
2025-09-05 12:10:05,634 - INFO - Waypoint3: absolute coordinates(0.300, 0.300, 0.300, yaw=90.0°)
2025-09-05 12:10:05,634 - INFO - Flying to coordinate: (0.300, 0.300, 0.300)
2025-09-05 12:10:06,194 - INFO - Approaching target (error=0.131m), entering stabilization phase
2025-09-05 12:10:06,634 - INFO - Reached waypoint (error=0.050m, stable_count=30)
2025-09-05 12:10:07,236 - INFO - Waypoint4: absolute coordinates(0.000, 0.300, 0.300, yaw=90.0°)
2025-09-05 12:10:07,236 - INFO - Flying to coordinate: (0.000, 0.300, 0.300)
2025-09-05 12:10:07,736 - INFO - Approaching target (error=0.142m), entering stabilization phase
2025-09-05 12:10:08,176 - INFO - Reached waypoint (error=0.075m, stable_count=30)
2025-09-05 12:10:08,784 - INFO - Waypoint5: absolute coordinates(0.000, 0.000, 0.300, yaw=90.0°)
2025-09-05 12:10:08,784 - INFO - Flying to coordinate: (0.000, 0.000, 0.300)
2025-09-05 12:10:09,434 - INFO - Approaching target (error=0.147m), entering stabilization phase
2025-09-05 12:10:09,874 - INFO - Reached waypoint (error=0.051m, stable_count=30)
2025-09-05 12:10:10,474 - INFO - Returning to origin and landing...
2025-09-05 12:10:10,474 - INFO - Flying to coordinate: (0.000, 0.000, 0.200)
2025-09-05 12:10:10,484 - INFO - Approaching target (error=0.145m), entering stabilization phase
2025-09-05 12:10:11,474 - INFO - Reached waypoint (error=0.050m, stable_count=30)
2025-09-05 12:10:11,474 - INFO - Landing...
2025-09-05 12:10:11,476 - INFO - Landing complete
2025-09-05 12:10:11,485 - INFO - Have successfully stopped logging for id=6
2025-09-05 12:10:11,582 - INFO - Position manager stopped
2025-09-05 12:10:11,583 - INFO - Flight mission complete
2025-09-05 12:10:11,583 - INFO - Stopping data collector...
2025-09-05 12:10:11,585 - INFO - Collection complete - stats: {'created': 1421, 'complete': 1419, 'merged': 0, 'dropped': 1}
2025-09-05 12:10:11,594 - INFO - Have successfully stopped logging for id=4
2025-09-05 12:10:11,597 - INFO - Have successfully stopped logging for id=5
2025-09-05 12:10:11,634 - INFO - Data saved: training_data/square_small_20250905_121011.json
2025-09-05 12:10:11,634 - INFO - States: 1419, Commands: 852, Duration: 14.2s
2025-09-05 12:10:11,634 - INFO - Successfully saved 1419 state data points
2025-09-05 12:10:11,634 - INFO - Successfully saved 852 control commands
2025-09-05 12:10:11,634 - INFO - Closing link
2025-09-05 12:10:11,635 - INFO - Callback->Disconnected from [radio://0/80/2M/E7E7E7E7E6]
