2025-09-05 16:13:09,872 - INFO - === Fixed continuous data collector ===
2025-09-05 16:13:09,872 - INFO - Mission: triangle_med
2025-09-05 16:13:09,872 - INFO - Waypoints (absolute coordinates): [(0, 0, 0.6), (0.5, 0, 0.6), (0.25, 0.5, 0.6), (0, 0, 0.6)]
2025-09-05 16:13:09,873 - INFO - Callback->Connection initialized[radio://0/80/2M/E7E7E7E7E6]
2025-09-05 16:13:10,124 - INFO - We are connected[radio://0/80/2M/E7E7E7E7E6], request connection setup
2025-09-05 16:13:10,125 - INFO - Request _request_protocol_version()
2025-09-05 16:13:10,127 - INFO - Callback->Connected to [radio://0/80/2M/E7E7E7E7E6]
2025-09-05 16:13:10,131 - INFO - _crt_service_callback
2025-09-05 16:13:10,131 - INFO - Request protocol version
2025-09-05 16:13:10,135 - INFO - _platform_callback
2025-09-05 16:13:10,135 - INFO - Protocol version (platform): 9
2025-09-05 16:13:10,145 - INFO - TOC for port [5] found in cache
2025-09-05 16:13:10,145 - INFO - Log TOC finished updating
2025-09-05 16:13:10,148 - INFO - 6 memories found
2025-09-05 16:13:10,228 - INFO - Memories finished updating
2025-09-05 16:13:10,236 - INFO - TOC for port [2] found in cache
2025-09-05 16:13:10,723 - INFO - Param TOC finished updating
2025-09-05 16:13:10,724 - INFO - Callback->Connection setup finished [radio://0/80/2M/E7E7E7E7E6]
2025-09-05 16:13:10,725 - INFO - Connected: radio://0/80/2M/E7E7E7E7E6
2025-09-05 16:13:10,734 - INFO - Have successfully started logging for id=1
2025-09-05 16:13:10,833 - INFO - Battery: 3.89V (safe)
2025-09-05 16:13:10,834 - INFO - Battery check passed: 3.89V
2025-09-05 16:13:10,834 - INFO - Initializing position estimator to origin...
2025-09-05 16:13:10,837 - INFO - Have successfully stopped logging for id=1
2025-09-05 16:13:10,837 - INFO - Have successfully deleted id=1
2025-09-05 16:13:12,108 - INFO - All parameters updated
2025-09-05 16:13:12,108 - INFO - Callback->Connection completed [radio://0/80/2M/E7E7E7E7E6]
2025-09-05 16:13:12,216 - INFO - Have successfully started logging for id=2
2025-09-05 16:13:19,209 - INFO - Waiting for position estimator...
2025-09-05 16:13:19,213 - INFO - Have successfully stopped logging for id=2
2025-09-05 16:13:19,213 - INFO - Have successfully deleted id=2
2025-09-05 16:13:19,221 - INFO - Have successfully started logging for id=3
2025-09-05 16:13:20,219 - INFO - Position estimator ready
2025-09-05 16:13:20,220 - INFO - Controller parameters optimized
2025-09-05 16:13:20,223 - INFO - Have successfully stopped logging for id=3
2025-09-05 16:13:20,224 - INFO - Have successfully deleted id=3
2025-09-05 16:13:23,078 - INFO - Start collection (slot:10ms)
2025-09-05 16:13:23,079 - INFO - Data collector started
2025-09-05 16:13:23,081 - INFO - Position manager started
2025-09-05 16:13:23,087 - INFO - Have successfully started logging for id=4
2025-09-05 16:13:23,088 - INFO - Have successfully started logging for id=5
2025-09-05 16:13:23,089 - INFO - Have successfully started logging for id=6
2025-09-05 16:13:23,181 - INFO - Position manager data flow is normal
2025-09-05 16:13:25,181 - INFO - Current position: (0.003, 0.039, 0.006, 90.1°)
2025-09-05 16:13:25,181 - INFO - Using absolute coordinate system, ignoring takeoff position offset
2025-09-05 16:13:26,181 - INFO - Pre-flight stabilization to first waypoint: (0.000, 0.000, 0.600)
2025-09-05 16:13:26,333 - INFO - Waypoint1: absolute coordinates(0.000, 0.000, 0.600, yaw=90.0°)
2025-09-05 16:13:26,333 - INFO - Flying to coordinate: (0.000, 0.000, 0.600)
2025-09-05 16:13:27,393 - INFO - Approaching target (error=0.142m), entering stabilization phase
2025-09-05 16:13:27,883 - INFO - Reached waypoint (error=0.021m, stable_count=30)
2025-09-05 16:13:28,483 - INFO - Waypoint2: absolute coordinates(0.500, 0.000, 0.600, yaw=90.0°)
2025-09-05 16:13:28,483 - INFO - Flying to coordinate: (0.500, 0.000, 0.600)
2025-09-05 16:13:29,243 - INFO - Approaching target (error=0.134m), entering stabilization phase
2025-09-05 16:13:31,673 - INFO - Reached waypoint (error=0.063m, stable_count=30)
2025-09-05 16:13:32,274 - INFO - Waypoint3: absolute coordinates(0.250, 0.500, 0.600, yaw=90.0°)
2025-09-05 16:13:32,274 - INFO - Flying to coordinate: (0.250, 0.500, 0.600)
2025-09-05 16:13:33,034 - INFO - Approaching target (error=0.113m), entering stabilization phase
2025-09-05 16:13:33,374 - INFO - Reached waypoint (error=0.066m, stable_count=30)
2025-09-05 16:13:33,974 - INFO - Waypoint4: absolute coordinates(0.000, 0.000, 0.600, yaw=90.0°)
2025-09-05 16:13:33,974 - INFO - Flying to coordinate: (0.000, 0.000, 0.600)
2025-09-05 16:13:35,684 - INFO - Approaching target (error=0.149m), entering stabilization phase
2025-09-05 16:13:36,274 - INFO - Reached waypoint (error=0.029m, stable_count=30)
2025-09-05 16:13:36,874 - INFO - Returning to origin and landing...
2025-09-05 16:13:36,875 - INFO - Flying to coordinate: (0.000, 0.000, 0.200)
2025-09-05 16:13:37,635 - INFO - Approaching target (error=0.141m), entering stabilization phase
2025-09-05 16:13:38,375 - INFO - Reached waypoint (error=0.023m, stable_count=30)
2025-09-05 16:13:38,375 - INFO - Landing...
2025-09-05 16:13:38,376 - INFO - Landing complete
2025-09-05 16:13:38,380 - INFO - Have successfully stopped logging for id=6
2025-09-05 16:13:38,477 - INFO - Position manager stopped
2025-09-05 16:13:38,478 - INFO - Flight mission complete
2025-09-05 16:13:38,478 - INFO - Stopping data collector...
2025-09-05 16:13:38,480 - INFO - Collection complete - stats: {'created': 1540, 'complete': 1540, 'merged': 0, 'dropped': 0}
2025-09-05 16:13:38,485 - INFO - Have successfully stopped logging for id=4
2025-09-05 16:13:38,489 - INFO - Have successfully stopped logging for id=5
2025-09-05 16:13:38,534 - INFO - Data saved: training_data/triangle_med_20250905_161338.json
2025-09-05 16:13:38,534 - INFO - States: 1540, Commands: 1020, Duration: 15.4s
2025-09-05 16:13:38,535 - INFO - Successfully saved 1540 state data points
2025-09-05 16:13:38,535 - INFO - Successfully saved 1020 control commands
2025-09-05 16:13:38,535 - INFO - Closing link
2025-09-05 16:13:38,536 - INFO - Callback->Disconnected from [radio://0/80/2M/E7E7E7E7E6]
