2025-09-04 12:28:56,451 - INFO - === Fixed continuous data collector ===
2025-09-04 12:28:56,451 - INFO - Mission: vertical_small
2025-09-04 12:28:56,451 - INFO - Waypoints (absolute coordinates): [(0, 0, 0.3), (0, 0, 0.6), (0, 0, 0.9), (0, 0, 0.6), (0, 0, 0.3)]
2025-09-04 12:28:56,451 - INFO - Callback->Connection initialized[radio://0/80/2M/E7E7E7E7E6]
2025-09-04 12:28:56,703 - INFO - We are connected[radio://0/80/2M/E7E7E7E7E6], request connection setup
2025-09-04 12:28:56,703 - INFO - Request _request_protocol_version()
2025-09-04 12:28:56,706 - INFO - Callback->Connected to [radio://0/80/2M/E7E7E7E7E6]
2025-09-04 12:28:56,803 - INFO - _crt_service_callback
2025-09-04 12:28:56,803 - INFO - Request protocol version
2025-09-04 12:28:56,808 - INFO - _platform_callback
2025-09-04 12:28:56,808 - INFO - Protocol version (platform): 9
2025-09-04 12:28:56,819 - INFO - TOC for port [5] found in cache
2025-09-04 12:28:56,819 - INFO - Log TOC finished updating
2025-09-04 12:28:56,822 - INFO - 6 memories found
2025-09-04 12:28:56,906 - INFO - Memories finished updating
2025-09-04 12:28:56,912 - INFO - TOC for port [2] found in cache
2025-09-04 12:28:57,423 - INFO - Param TOC finished updating
2025-09-04 12:28:57,423 - INFO - Callback->Connection setup finished [radio://0/80/2M/E7E7E7E7E6]
2025-09-04 12:28:57,425 - INFO - Connected: radio://0/80/2M/E7E7E7E7E6
2025-09-04 12:28:57,433 - INFO - Have successfully started logging for id=1
2025-09-04 12:28:57,536 - INFO - Battery: 4.08V (safe)
2025-09-04 12:28:57,536 - INFO - Battery check passed: 4.08V
2025-09-04 12:28:57,536 - INFO - Initializing position estimator to origin...
2025-09-04 12:28:57,539 - INFO - Have successfully stopped logging for id=1
2025-09-04 12:28:57,540 - INFO - Have successfully deleted id=1
2025-09-04 12:28:58,953 - INFO - All parameters updated
2025-09-04 12:28:58,953 - INFO - Callback->Connection completed [radio://0/80/2M/E7E7E7E7E6]
2025-09-04 12:28:59,062 - INFO - Have successfully started logging for id=2
2025-09-04 12:29:05,557 - INFO - Waiting for position estimator...
2025-09-04 12:29:05,561 - INFO - Have successfully stopped logging for id=2
2025-09-04 12:29:05,561 - INFO - Have successfully deleted id=2
2025-09-04 12:29:05,568 - INFO - Have successfully started logging for id=3
2025-09-04 12:29:06,565 - INFO - Position estimator ready
2025-09-04 12:29:06,566 - INFO - Controller parameters optimized
2025-09-04 12:29:06,569 - INFO - Have successfully stopped logging for id=3
2025-09-04 12:29:06,570 - INFO - Have successfully deleted id=3
2025-09-04 12:29:09,511 - INFO - Start collection (slot:10ms)
2025-09-04 12:29:09,512 - INFO - Data collector started
2025-09-04 12:29:09,513 - INFO - Position manager started
2025-09-04 12:29:09,520 - INFO - Have successfully started logging for id=4
2025-09-04 12:29:09,522 - INFO - Have successfully started logging for id=5
2025-09-04 12:29:09,523 - INFO - Have successfully started logging for id=6
2025-09-04 12:29:09,613 - INFO - Position manager data flow is normal
2025-09-04 12:29:11,613 - INFO - Current position: (0.041, 0.058, 0.006, 89.9°)
2025-09-04 12:29:11,614 - INFO - Using absolute coordinate system, ignoring takeoff position offset
2025-09-04 12:29:12,614 - INFO - Pre-flight stabilization to first waypoint: (0.000, 0.000, 0.300)
2025-09-04 12:29:12,764 - INFO - Waypoint1: absolute coordinates(0.000, 0.000, 0.300, yaw=90.0°)
2025-09-04 12:29:12,764 - INFO - Flying to coordinate: (0.000, 0.000, 0.300)
2025-09-04 12:29:14,024 - INFO - Approaching target (error=0.148m), entering stabilization phase
2025-09-04 12:29:19,164 - INFO - Reached waypoint (error=0.055m, stable_count=30)
2025-09-04 12:29:19,767 - INFO - Waypoint2: absolute coordinates(0.000, 0.000, 0.600, yaw=90.0°)
2025-09-04 12:29:19,767 - INFO - Flying to coordinate: (0.000, 0.000, 0.600)
2025-09-04 12:29:20,367 - INFO - Approaching target (error=0.140m), entering stabilization phase
2025-09-04 12:29:21,007 - INFO - Reached waypoint (error=0.055m, stable_count=30)
2025-09-04 12:29:21,611 - INFO - Waypoint3: absolute coordinates(0.000, 0.000, 0.900, yaw=90.0°)
2025-09-04 12:29:21,611 - INFO - Flying to coordinate: (0.000, 0.000, 0.900)
2025-09-04 12:29:22,071 - INFO - Approaching target (error=0.139m), entering stabilization phase
2025-09-04 12:29:23,361 - INFO - Reached waypoint (error=0.055m, stable_count=30)
2025-09-04 12:29:23,961 - INFO - Waypoint4: absolute coordinates(0.000, 0.000, 0.600, yaw=90.0°)
2025-09-04 12:29:23,961 - INFO - Flying to coordinate: (0.000, 0.000, 0.600)
2025-09-04 12:29:24,671 - INFO - Approaching target (error=0.142m), entering stabilization phase
2025-09-04 12:29:25,201 - INFO - Reached waypoint (error=0.058m, stable_count=30)
2025-09-04 12:29:25,802 - INFO - Waypoint5: absolute coordinates(0.000, 0.000, 0.300, yaw=90.0°)
2025-09-04 12:29:25,802 - INFO - Flying to coordinate: (0.000, 0.000, 0.300)
2025-09-04 12:29:26,512 - INFO - Approaching target (error=0.149m), entering stabilization phase
2025-09-04 12:29:27,202 - INFO - Reached waypoint (error=0.054m, stable_count=30)
2025-09-04 12:29:27,802 - INFO - Returning to origin and landing...
2025-09-04 12:29:27,802 - INFO - Flying to coordinate: (0.000, 0.000, 0.200)
2025-09-04 12:29:27,802 - INFO - Approaching target (error=0.094m), entering stabilization phase
2025-09-04 12:29:28,553 - INFO - Reached waypoint (error=0.021m, stable_count=30)
2025-09-04 12:29:28,553 - INFO - Landing...
2025-09-04 12:29:28,553 - INFO - Landing complete
2025-09-04 12:29:28,559 - INFO - Have successfully stopped logging for id=6
2025-09-04 12:29:28,655 - INFO - Position manager stopped
2025-09-04 12:29:28,657 - INFO - Flight mission complete
2025-09-04 12:29:28,657 - INFO - Stopping data collector...
2025-09-04 12:29:28,659 - INFO - Collection complete - stats: {'created': 1915, 'complete': 1915, 'merged': 0, 'dropped': 0}
2025-09-04 12:29:28,667 - INFO - Have successfully stopped logging for id=4
2025-09-04 12:29:28,671 - INFO - Have successfully stopped logging for id=5
2025-09-04 12:29:28,726 - INFO - Data saved: training_data/vertical_small_20250904_122928.json
2025-09-04 12:29:28,726 - INFO - States: 1915, Commands: 1345, Duration: 19.1s
2025-09-04 12:29:28,726 - INFO - Successfully saved 1915 state data points
2025-09-04 12:29:28,726 - INFO - Successfully saved 1345 control commands
2025-09-04 12:29:28,726 - INFO - Closing link
2025-09-04 12:29:28,726 - INFO - Callback->Disconnected from [radio://0/80/2M/E7E7E7E7E6]
