2025-09-05 12:09:08,362 - INFO - === Fixed continuous data collector ===
2025-09-05 12:09:08,362 - INFO - Mission: square_small
2025-09-05 12:09:08,362 - INFO - Waypoints (absolute coordinates): [(0, 0, 0.3), (0.3, 0, 0.3), (0.3, 0.3, 0.3), (0, 0.3, 0.3), (0, 0, 0.3)]
2025-09-05 12:09:08,362 - INFO - Callback->Connection initialized[radio://0/80/2M/E7E7E7E7E6]
2025-09-05 12:09:08,614 - INFO - We are connected[radio://0/80/2M/E7E7E7E7E6], request connection setup
2025-09-05 12:09:08,615 - INFO - Request _request_protocol_version()
2025-09-05 12:09:08,617 - INFO - Callback->Connected to [radio://0/80/2M/E7E7E7E7E6]
2025-09-05 12:09:08,621 - INFO - _crt_service_callback
2025-09-05 12:09:08,621 - INFO - Request protocol version
2025-09-05 12:09:08,626 - INFO - _platform_callback
2025-09-05 12:09:08,626 - INFO - Protocol version (platform): 9
2025-09-05 12:09:08,638 - INFO - TOC for port [5] found in cache
2025-09-05 12:09:08,638 - INFO - Log TOC finished updating
2025-09-05 12:09:08,642 - INFO - 6 memories found
2025-09-05 12:09:08,716 - INFO - Memories finished updating
2025-09-05 12:09:08,722 - INFO - TOC for port [2] found in cache
2025-09-05 12:09:09,189 - INFO - Param TOC finished updating
2025-09-05 12:09:09,189 - INFO - Callback->Connection setup finished [radio://0/80/2M/E7E7E7E7E6]
2025-09-05 12:09:09,190 - INFO - Connected: radio://0/80/2M/E7E7E7E7E6
2025-09-05 12:09:09,202 - INFO - Have successfully started logging for id=1
2025-09-05 12:09:09,298 - INFO - Battery: 3.89V (safe)
2025-09-05 12:09:09,299 - INFO - Battery check passed: 3.89V
2025-09-05 12:09:09,299 - INFO - Initializing position estimator to origin...
2025-09-05 12:09:09,304 - INFO - Have successfully stopped logging for id=1
2025-09-05 12:09:09,305 - INFO - Have successfully deleted id=1
2025-09-05 12:09:10,399 - INFO - All parameters updated
2025-09-05 12:09:10,399 - INFO - Callback->Connection completed [radio://0/80/2M/E7E7E7E7E6]
2025-09-05 12:09:10,507 - INFO - Have successfully started logging for id=2
2025-09-05 12:09:17,003 - INFO - Waiting for position estimator...
2025-09-05 12:09:17,009 - INFO - Have successfully stopped logging for id=2
2025-09-05 12:09:17,009 - INFO - Have successfully deleted id=2
2025-09-05 12:09:17,017 - INFO - Have successfully started logging for id=3
2025-09-05 12:09:18,013 - INFO - Position estimator ready
2025-09-05 12:09:18,013 - INFO - Controller parameters optimized
2025-09-05 12:09:18,017 - INFO - Have successfully stopped logging for id=3
2025-09-05 12:09:18,018 - INFO - Have successfully deleted id=3
2025-09-05 12:09:20,988 - INFO - Start collection (slot:10ms)
2025-09-05 12:09:20,989 - INFO - Data collector started
2025-09-05 12:09:20,990 - INFO - Position manager started
2025-09-05 12:09:21,000 - INFO - Have successfully started logging for id=4
2025-09-05 12:09:21,001 - INFO - Have successfully started logging for id=5
2025-09-05 12:09:21,003 - INFO - Have successfully started logging for id=6
2025-09-05 12:09:21,091 - INFO - Position manager data flow is normal
2025-09-05 12:09:23,091 - INFO - Current position: (-0.010, 0.025, -0.020, 90.2°)
2025-09-05 12:09:23,091 - INFO - Using absolute coordinate system, ignoring takeoff position offset
2025-09-05 12:09:24,091 - INFO - Pre-flight stabilization to first waypoint: (0.000, 0.000, 0.300)
2025-09-05 12:09:24,242 - INFO - Waypoint1: absolute coordinates(0.000, 0.000, 0.300, yaw=90.0°)
2025-09-05 12:09:24,242 - INFO - Flying to coordinate: (0.000, 0.000, 0.300)
2025-09-05 12:09:24,952 - INFO - Approaching target (error=0.140m), entering stabilization phase
2025-09-05 12:09:26,043 - INFO - Reached waypoint (error=0.017m, stable_count=30)
2025-09-05 12:09:26,644 - INFO - Waypoint2: absolute coordinates(0.300, 0.000, 0.300, yaw=90.0°)
2025-09-05 12:09:26,644 - INFO - Flying to coordinate: (0.300, 0.000, 0.300)
2025-09-05 12:09:27,304 - INFO - Approaching target (error=0.132m), entering stabilization phase
2025-09-05 12:09:27,804 - INFO - Reached waypoint (error=0.055m, stable_count=30)
2025-09-05 12:09:28,404 - INFO - Waypoint3: absolute coordinates(0.300, 0.300, 0.300, yaw=90.0°)
2025-09-05 12:09:28,404 - INFO - Flying to coordinate: (0.300, 0.300, 0.300)
2025-09-05 12:09:29,004 - INFO - Approaching target (error=0.145m), entering stabilization phase
2025-09-05 12:09:29,494 - INFO - Reached waypoint (error=0.034m, stable_count=30)
2025-09-05 12:09:30,095 - INFO - Waypoint4: absolute coordinates(0.000, 0.300, 0.300, yaw=90.0°)
2025-09-05 12:09:30,095 - INFO - Flying to coordinate: (0.000, 0.300, 0.300)
2025-09-05 12:09:30,555 - INFO - Approaching target (error=0.146m), entering stabilization phase
2025-09-05 12:09:30,945 - INFO - Reached waypoint (error=0.062m, stable_count=30)
2025-09-05 12:09:31,545 - INFO - Waypoint5: absolute coordinates(0.000, 0.000, 0.300, yaw=90.0°)
2025-09-05 12:09:31,545 - INFO - Flying to coordinate: (0.000, 0.000, 0.300)
2025-09-05 12:09:32,145 - INFO - Approaching target (error=0.136m), entering stabilization phase
2025-09-05 12:09:33,686 - INFO - Reached waypoint (error=0.077m, stable_count=30)
2025-09-05 12:09:34,287 - INFO - Returning to origin and landing...
2025-09-05 12:09:34,287 - INFO - Flying to coordinate: (0.000, 0.000, 0.200)
2025-09-05 12:09:34,347 - INFO - Approaching target (error=0.143m), entering stabilization phase
2025-09-05 12:09:35,137 - INFO - Reached waypoint (error=0.039m, stable_count=30)
2025-09-05 12:09:35,137 - INFO - Landing...
2025-09-05 12:09:35,138 - INFO - Landing complete
2025-09-05 12:09:35,143 - INFO - Have successfully stopped logging for id=6
2025-09-05 12:09:35,239 - INFO - Position manager stopped
2025-09-05 12:09:35,242 - INFO - Flight mission complete
2025-09-05 12:09:35,242 - INFO - Stopping data collector...
2025-09-05 12:09:35,243 - INFO - Collection complete - stats: {'created': 1425, 'complete': 1425, 'merged': 0, 'dropped': 0}
2025-09-05 12:09:35,252 - INFO - Have successfully stopped logging for id=4
2025-09-05 12:09:35,256 - INFO - Have successfully stopped logging for id=5
2025-09-05 12:09:35,294 - INFO - Data saved: training_data/square_small_20250905_120935.json
2025-09-05 12:09:35,294 - INFO - States: 1425, Commands: 857, Duration: 14.2s
2025-09-05 12:09:35,295 - INFO - Successfully saved 1425 state data points
2025-09-05 12:09:35,295 - INFO - Successfully saved 857 control commands
2025-09-05 12:09:35,295 - INFO - Closing link
2025-09-05 12:09:35,295 - INFO - Callback->Disconnected from [radio://0/80/2M/E7E7E7E7E6]
