2025-09-04 14:36:41,690 - INFO - === Fixed continuous data collector ===
2025-09-04 14:36:41,690 - INFO - Mission: vertical_med
2025-09-04 14:36:41,690 - INFO - Waypoints (absolute coordinates): [(0, 0, 0.4), (0, 0, 0.8), (0, 0, 0.4)]
2025-09-04 14:36:41,691 - INFO - Callback->Connection initialized[radio://0/80/2M/E7E7E7E7E6]
2025-09-04 14:36:41,941 - INFO - We are connected[radio://0/80/2M/E7E7E7E7E6], request connection setup
2025-09-04 14:36:41,941 - INFO - Request _request_protocol_version()
2025-09-04 14:36:41,943 - INFO - Callback->Connected to [radio://0/80/2M/E7E7E7E7E6]
2025-09-04 14:36:41,947 - INFO - _crt_service_callback
2025-09-04 14:36:41,947 - INFO - Request protocol version
2025-09-04 14:36:41,951 - INFO - _platform_callback
2025-09-04 14:36:41,951 - INFO - Protocol version (platform): 9
2025-09-04 14:36:41,963 - INFO - TOC for port [5] found in cache
2025-09-04 14:36:41,963 - INFO - Log TOC finished updating
2025-09-04 14:36:41,966 - INFO - 6 memories found
2025-09-04 14:36:42,050 - INFO - Memories finished updating
2025-09-04 14:36:42,055 - INFO - TOC for port [2] found in cache
2025-09-04 14:36:42,577 - INFO - Param TOC finished updating
2025-09-04 14:36:42,577 - INFO - Callback->Connection setup finished [radio://0/80/2M/E7E7E7E7E6]
2025-09-04 14:36:42,578 - INFO - Connected: radio://0/80/2M/E7E7E7E7E6
2025-09-04 14:36:42,594 - INFO - Have successfully started logging for id=1
2025-09-04 14:36:42,695 - INFO - Battery: 3.82V (safe)
2025-09-04 14:36:42,695 - INFO - Battery check passed: 3.82V
2025-09-04 14:36:42,695 - INFO - Initializing position estimator to origin...
2025-09-04 14:36:42,699 - INFO - Have successfully stopped logging for id=1
2025-09-04 14:36:42,700 - INFO - Have successfully deleted id=1
2025-09-04 14:36:44,127 - INFO - All parameters updated
2025-09-04 14:36:44,127 - INFO - Callback->Connection completed [radio://0/80/2M/E7E7E7E7E6]
2025-09-04 14:36:44,237 - INFO - Have successfully started logging for id=2
2025-09-04 14:36:50,731 - INFO - Waiting for position estimator...
2025-09-04 14:36:50,733 - INFO - Have successfully stopped logging for id=2
2025-09-04 14:36:50,734 - INFO - Have successfully deleted id=2
2025-09-04 14:36:50,739 - INFO - Have successfully started logging for id=3
2025-09-04 14:36:51,738 - INFO - Position estimator ready
2025-09-04 14:36:51,739 - INFO - Controller parameters optimized
2025-09-04 14:36:51,743 - INFO - Have successfully stopped logging for id=3
2025-09-04 14:36:51,744 - INFO - Have successfully deleted id=3
2025-09-04 14:36:54,067 - INFO - Start collection (slot:10ms)
2025-09-04 14:36:54,069 - INFO - Data collector started
2025-09-04 14:36:54,070 - INFO - Position manager started
2025-09-04 14:36:54,082 - INFO - Have successfully started logging for id=4
2025-09-04 14:36:54,082 - INFO - Have successfully started logging for id=5
2025-09-04 14:36:54,084 - INFO - Have successfully started logging for id=6
2025-09-04 14:36:54,170 - INFO - Position manager data flow is normal
2025-09-04 14:36:56,170 - INFO - Current position: (0.018, 0.045, -0.001, 90.1째)
2025-09-04 14:36:56,170 - INFO - Using absolute coordinate system, ignoring takeoff position offset
2025-09-04 14:36:57,171 - INFO - Pre-flight stabilization to first waypoint: (0.000, 0.000, 0.400)
2025-09-04 14:36:57,321 - INFO - Waypoint1: absolute coordinates(0.000, 0.000, 0.400, yaw=90.0째)
2025-09-04 14:36:57,321 - INFO - Flying to coordinate: (0.000, 0.000, 0.400)
2025-09-04 14:36:58,391 - INFO - Approaching target (error=0.138m), entering stabilization phase
2025-09-04 14:36:58,971 - INFO - Reached waypoint (error=0.050m, stable_count=30)
2025-09-04 14:36:59,571 - INFO - Waypoint2: absolute coordinates(0.000, 0.000, 0.800, yaw=90.0째)
2025-09-04 14:36:59,571 - INFO - Flying to coordinate: (0.000, 0.000, 0.800)
2025-09-04 14:37:00,132 - INFO - Approaching target (error=0.147m), entering stabilization phase
2025-09-04 14:37:04,922 - INFO - Reached waypoint (error=0.076m, stable_count=30)
2025-09-04 14:37:05,524 - INFO - Waypoint3: absolute coordinates(0.000, 0.000, 0.400, yaw=90.0째)
2025-09-04 14:37:05,524 - INFO - Flying to coordinate: (0.000, 0.000, 0.400)
2025-09-04 14:37:06,374 - INFO - Approaching target (error=0.146m), entering stabilization phase
2025-09-04 14:37:07,064 - INFO - Reached waypoint (error=0.066m, stable_count=30)
2025-09-04 14:37:07,664 - INFO - Returning to origin and landing...
2025-09-04 14:37:07,665 - INFO - Flying to coordinate: (0.000, 0.000, 0.200)
2025-09-04 14:37:07,925 - INFO - Approaching target (error=0.143m), entering stabilization phase
2025-09-04 14:37:08,465 - INFO - Reached waypoint (error=0.075m, stable_count=30)
2025-09-04 14:37:08,465 - INFO - Landing...
2025-09-04 14:37:08,465 - INFO - Landing complete
2025-09-04 14:37:08,472 - INFO - Have successfully stopped logging for id=6
2025-09-04 14:37:08,566 - INFO - Position manager stopped
2025-09-04 14:37:08,567 - INFO - Flight mission complete
2025-09-04 14:37:08,567 - INFO - Stopping data collector...
2025-09-04 14:37:08,570 - INFO - Collection complete - stats: {'created': 1449, 'complete': 1449, 'merged': 0, 'dropped': 0}
2025-09-04 14:37:08,577 - INFO - Have successfully stopped logging for id=4
2025-09-04 14:37:08,578 - INFO - Have successfully stopped logging for id=5
2025-09-04 14:37:08,620 - INFO - Data saved: training_data/vertical_med_20250904_143708.json
2025-09-04 14:37:08,620 - INFO - States: 1449, Commands: 980, Duration: 14.5s
2025-09-04 14:37:08,621 - INFO - Successfully saved 1449 state data points
2025-09-04 14:37:08,621 - INFO - Successfully saved 980 control commands
2025-09-04 14:37:08,621 - INFO - Closing link
2025-09-04 14:37:08,621 - INFO - Callback->Disconnected from [radio://0/80/2M/E7E7E7E7E6]
