2025-09-05 12:03:01,255 - INFO - === Fixed continuous data collector ===
2025-09-05 12:03:01,255 - INFO - Mission: square_small
2025-09-05 12:03:01,255 - INFO - Waypoints (absolute coordinates): [(0, 0, 0.3), (0.3, 0, 0.3), (0.3, 0.3, 0.3), (0, 0.3, 0.3), (0, 0, 0.3)]
2025-09-05 12:03:01,256 - INFO - Callback->Connection initialized[radio://0/80/2M/E7E7E7E7E6]
2025-09-05 12:03:01,503 - INFO - We are connected[radio://0/80/2M/E7E7E7E7E6], request connection setup
2025-09-05 12:03:01,503 - INFO - Request _request_protocol_version()
2025-09-05 12:03:01,507 - INFO - Callback->Connected to [radio://0/80/2M/E7E7E7E7E6]
2025-09-05 12:03:01,575 - INFO - _crt_service_callback
2025-09-05 12:03:01,575 - INFO - Request protocol version
2025-09-05 12:03:01,578 - INFO - _platform_callback
2025-09-05 12:03:01,578 - INFO - Protocol version (platform): 9
2025-09-05 12:03:01,590 - INFO - TOC for port [5] found in cache
2025-09-05 12:03:01,590 - INFO - Log TOC finished updating
2025-09-05 12:03:01,593 - INFO - 6 memories found
2025-09-05 12:03:01,667 - INFO - Memories finished updating
2025-09-05 12:03:01,677 - INFO - TOC for port [2] found in cache
2025-09-05 12:03:02,229 - INFO - Param TOC finished updating
2025-09-05 12:03:02,229 - INFO - Callback->Connection setup finished [radio://0/80/2M/E7E7E7E7E6]
2025-09-05 12:03:02,230 - INFO - Connected: radio://0/80/2M/E7E7E7E7E6
2025-09-05 12:03:02,240 - INFO - Have successfully started logging for id=1
2025-09-05 12:03:02,341 - INFO - Battery: 4.11V (safe)
2025-09-05 12:03:02,342 - INFO - Battery check passed: 4.11V
2025-09-05 12:03:02,342 - INFO - Initializing position estimator to origin...
2025-09-05 12:03:02,347 - INFO - Have successfully stopped logging for id=1
2025-09-05 12:03:02,348 - INFO - Have successfully deleted id=1
2025-09-05 12:03:03,604 - INFO - All parameters updated
2025-09-05 12:03:03,604 - INFO - Callback->Connection completed [radio://0/80/2M/E7E7E7E7E6]
2025-09-05 12:03:03,715 - INFO - Have successfully started logging for id=2
2025-09-05 12:03:10,208 - INFO - Waiting for position estimator...
2025-09-05 12:03:10,211 - INFO - Have successfully stopped logging for id=2
2025-09-05 12:03:10,212 - INFO - Have successfully deleted id=2
2025-09-05 12:03:10,219 - INFO - Have successfully started logging for id=3
2025-09-05 12:03:11,218 - INFO - Position estimator ready
2025-09-05 12:03:11,219 - INFO - Controller parameters optimized
2025-09-05 12:03:11,221 - INFO - Have successfully stopped logging for id=3
2025-09-05 12:03:11,222 - INFO - Have successfully deleted id=3
2025-09-05 12:03:13,741 - INFO - Start collection (slot:10ms)
2025-09-05 12:03:13,742 - INFO - Data collector started
2025-09-05 12:03:13,743 - INFO - Position manager started
2025-09-05 12:03:13,757 - INFO - Have successfully started logging for id=4
2025-09-05 12:03:13,759 - INFO - Have successfully started logging for id=5
2025-09-05 12:03:13,760 - INFO - Have successfully started logging for id=6
2025-09-05 12:03:13,843 - INFO - Position manager data flow is normal
2025-09-05 12:03:15,843 - INFO - Current position: (-0.004, 0.037, -0.048, 89.2°)
2025-09-05 12:03:15,844 - INFO - Using absolute coordinate system, ignoring takeoff position offset
2025-09-05 12:03:16,844 - INFO - Pre-flight stabilization to first waypoint: (0.000, 0.000, 0.300)
2025-09-05 12:03:16,994 - INFO - Waypoint1: absolute coordinates(0.000, 0.000, 0.300, yaw=90.0°)
2025-09-05 12:03:16,994 - INFO - Flying to coordinate: (0.000, 0.000, 0.300)
2025-09-05 12:03:17,854 - INFO - Approaching target (error=0.147m), entering stabilization phase
2025-09-05 12:03:18,394 - INFO - Reached waypoint (error=0.071m, stable_count=30)
2025-09-05 12:03:18,995 - INFO - Waypoint2: absolute coordinates(0.300, 0.000, 0.300, yaw=90.0°)
2025-09-05 12:03:18,995 - INFO - Flying to coordinate: (0.300, 0.000, 0.300)
2025-09-05 12:03:19,755 - INFO - Approaching target (error=0.142m), entering stabilization phase
2025-09-05 12:03:21,345 - INFO - Reached waypoint (error=0.076m, stable_count=30)
2025-09-05 12:03:21,946 - INFO - Waypoint3: absolute coordinates(0.300, 0.300, 0.300, yaw=90.0°)
2025-09-05 12:03:21,946 - INFO - Flying to coordinate: (0.300, 0.300, 0.300)
2025-09-05 12:03:22,557 - INFO - Approaching target (error=0.143m), entering stabilization phase
2025-09-05 12:03:24,147 - INFO - Reached waypoint (error=0.077m, stable_count=30)
2025-09-05 12:03:24,747 - INFO - Waypoint4: absolute coordinates(0.000, 0.300, 0.300, yaw=90.0°)
2025-09-05 12:03:24,747 - INFO - Flying to coordinate: (0.000, 0.300, 0.300)
2025-09-05 12:03:25,297 - INFO - Approaching target (error=0.120m), entering stabilization phase
2025-09-05 12:03:26,237 - INFO - Reached waypoint (error=0.038m, stable_count=30)
2025-09-05 12:03:26,837 - INFO - Waypoint5: absolute coordinates(0.000, 0.000, 0.300, yaw=90.0°)
2025-09-05 12:03:26,837 - INFO - Flying to coordinate: (0.000, 0.000, 0.300)
2025-09-05 12:03:27,397 - INFO - Approaching target (error=0.148m), entering stabilization phase
2025-09-05 12:03:27,837 - INFO - Reached waypoint (error=0.047m, stable_count=30)
2025-09-05 12:03:28,438 - INFO - Returning to origin and landing...
2025-09-05 12:03:28,438 - INFO - Flying to coordinate: (0.000, 0.000, 0.200)
2025-09-05 12:03:28,438 - INFO - Approaching target (error=0.103m), entering stabilization phase
2025-09-05 12:03:30,738 - INFO - Reached waypoint (error=0.038m, stable_count=30)
2025-09-05 12:03:30,738 - INFO - Landing...
2025-09-05 12:03:30,738 - INFO - Landing complete
2025-09-05 12:03:30,745 - INFO - Have successfully stopped logging for id=6
2025-09-05 12:03:30,840 - INFO - Position manager stopped
2025-09-05 12:03:30,841 - INFO - Flight mission complete
2025-09-05 12:03:30,841 - INFO - Stopping data collector...
2025-09-05 12:03:30,843 - INFO - Collection complete - stats: {'created': 1710, 'complete': 1710, 'merged': 0, 'dropped': 0}
2025-09-05 12:03:30,851 - INFO - Have successfully stopped logging for id=4
2025-09-05 12:03:30,854 - INFO - Have successfully stopped logging for id=5
2025-09-05 12:03:30,912 - INFO - Data saved: training_data/square_small_20250905_120330.json
2025-09-05 12:03:30,912 - INFO - States: 1710, Commands: 1140, Duration: 17.1s
2025-09-05 12:03:30,912 - INFO - Successfully saved 1710 state data points
2025-09-05 12:03:30,912 - INFO - Successfully saved 1140 control commands
2025-09-05 12:03:30,912 - INFO - Closing link
2025-09-05 12:03:30,913 - INFO - Callback->Disconnected from [radio://0/80/2M/E7E7E7E7E6]
