2025-09-05 15:24:50,770 - INFO - === Fixed continuous data collector ===
2025-09-05 15:24:50,770 - INFO - Mission: triangle_small
2025-09-05 15:24:50,770 - INFO - Waypoints (absolute coordinates): [(0, 0, 0.6), (0.4, 0, 0.6), (0.2, 0.4, 0.6), (0, 0, 0.6)]
2025-09-05 15:24:50,770 - INFO - Callback->Connection initialized[radio://0/80/2M/E7E7E7E7E6]
2025-09-05 15:24:51,021 - INFO - We are connected[radio://0/80/2M/E7E7E7E7E6], request connection setup
2025-09-05 15:24:51,021 - INFO - Request _request_protocol_version()
2025-09-05 15:24:51,024 - INFO - Callback->Connected to [radio://0/80/2M/E7E7E7E7E6]
2025-09-05 15:24:51,126 - INFO - _crt_service_callback
2025-09-05 15:24:51,126 - INFO - Request protocol version
2025-09-05 15:24:51,131 - INFO - _platform_callback
2025-09-05 15:24:51,131 - INFO - Protocol version (platform): 9
2025-09-05 15:24:51,143 - INFO - TOC for port [5] found in cache
2025-09-05 15:24:51,143 - INFO - Log TOC finished updating
2025-09-05 15:24:51,148 - INFO - 6 memories found
2025-09-05 15:24:51,243 - INFO - Memories finished updating
2025-09-05 15:24:51,250 - INFO - TOC for port [2] found in cache
2025-09-05 15:24:51,839 - INFO - Param TOC finished updating
2025-09-05 15:24:51,839 - INFO - Callback->Connection setup finished [radio://0/80/2M/E7E7E7E7E6]
2025-09-05 15:24:51,840 - INFO - Connected: radio://0/80/2M/E7E7E7E7E6
2025-09-05 15:24:51,849 - INFO - Have successfully started logging for id=1
2025-09-05 15:24:51,949 - INFO - Battery: 3.83V (safe)
2025-09-05 15:24:51,950 - INFO - Battery check passed: 3.83V
2025-09-05 15:24:51,950 - INFO - Initializing position estimator to origin...
2025-09-05 15:24:51,953 - INFO - Have successfully stopped logging for id=1
2025-09-05 15:24:51,953 - INFO - Have successfully deleted id=1
2025-09-05 15:24:53,054 - INFO - All parameters updated
2025-09-05 15:24:53,054 - INFO - Callback->Connection completed [radio://0/80/2M/E7E7E7E7E6]
2025-09-05 15:24:53,163 - INFO - Have successfully started logging for id=2
2025-09-05 15:24:59,662 - INFO - Waiting for position estimator...
2025-09-05 15:24:59,666 - INFO - Have successfully stopped logging for id=2
2025-09-05 15:24:59,667 - INFO - Have successfully deleted id=2
2025-09-05 15:24:59,673 - INFO - Have successfully started logging for id=3
2025-09-05 15:25:00,674 - INFO - Position estimator ready
2025-09-05 15:25:00,674 - INFO - Controller parameters optimized
2025-09-05 15:25:00,677 - INFO - Have successfully stopped logging for id=3
2025-09-05 15:25:00,681 - INFO - Have successfully deleted id=3
2025-09-05 15:25:02,583 - INFO - Start collection (slot:10ms)
2025-09-05 15:25:02,584 - INFO - Data collector started
2025-09-05 15:25:02,586 - INFO - Position manager started
2025-09-05 15:25:02,593 - INFO - Have successfully started logging for id=4
2025-09-05 15:25:02,596 - INFO - Have successfully started logging for id=5
2025-09-05 15:25:02,597 - INFO - Have successfully started logging for id=6
2025-09-05 15:25:02,686 - INFO - Position manager data flow is normal
2025-09-05 15:25:04,687 - INFO - Current position: (-0.019, 0.008, 0.021, 90.0°)
2025-09-05 15:25:04,687 - INFO - Using absolute coordinate system, ignoring takeoff position offset
2025-09-05 15:25:05,687 - INFO - Pre-flight stabilization to first waypoint: (0.000, 0.000, 0.600)
2025-09-05 15:25:05,837 - INFO - Waypoint1: absolute coordinates(0.000, 0.000, 0.600, yaw=90.0°)
2025-09-05 15:25:05,837 - INFO - Flying to coordinate: (0.000, 0.000, 0.600)
2025-09-05 15:25:06,847 - INFO - Approaching target (error=0.144m), entering stabilization phase
2025-09-05 15:25:07,387 - INFO - Reached waypoint (error=0.032m, stable_count=30)
2025-09-05 15:25:07,987 - INFO - Waypoint2: absolute coordinates(0.400, 0.000, 0.600, yaw=90.0°)
2025-09-05 15:25:07,987 - INFO - Flying to coordinate: (0.400, 0.000, 0.600)
2025-09-05 15:25:08,698 - INFO - Approaching target (error=0.134m), entering stabilization phase
2025-09-05 15:25:11,438 - INFO - Reached waypoint (error=0.069m, stable_count=30)
2025-09-05 15:25:12,038 - INFO - Waypoint3: absolute coordinates(0.200, 0.400, 0.600, yaw=90.0°)
2025-09-05 15:25:12,038 - INFO - Flying to coordinate: (0.200, 0.400, 0.600)
2025-09-05 15:25:12,698 - INFO - Approaching target (error=0.123m), entering stabilization phase
2025-09-05 15:25:13,082 - INFO - Reached waypoint (error=0.059m, stable_count=30)
2025-09-05 15:25:13,689 - INFO - Waypoint4: absolute coordinates(0.000, 0.000, 0.600, yaw=90.0°)
2025-09-05 15:25:13,689 - INFO - Flying to coordinate: (0.000, 0.000, 0.600)
2025-09-05 15:25:14,639 - INFO - Approaching target (error=0.149m), entering stabilization phase
2025-09-05 15:25:16,079 - INFO - Reached waypoint (error=0.056m, stable_count=30)
2025-09-05 15:25:16,680 - INFO - Returning to origin and landing...
2025-09-05 15:25:16,680 - INFO - Flying to coordinate: (0.000, 0.000, 0.200)
2025-09-05 15:25:17,441 - INFO - Approaching target (error=0.142m), entering stabilization phase
2025-09-05 15:25:18,330 - INFO - Reached waypoint (error=0.061m, stable_count=30)
2025-09-05 15:25:18,331 - INFO - Landing...
2025-09-05 15:25:18,331 - INFO - Landing complete
2025-09-05 15:25:18,337 - INFO - Have successfully stopped logging for id=6
2025-09-05 15:25:18,433 - INFO - Position manager stopped
2025-09-05 15:25:18,434 - INFO - Flight mission complete
2025-09-05 15:25:18,434 - INFO - Stopping data collector...
2025-09-05 15:25:18,436 - INFO - Collection complete - stats: {'created': 1585, 'complete': 1585, 'merged': 0, 'dropped': 0}
2025-09-05 15:25:18,442 - INFO - Have successfully stopped logging for id=4
2025-09-05 15:25:18,447 - INFO - Have successfully stopped logging for id=5
2025-09-05 15:25:18,492 - INFO - Data saved: training_data/triangle_small_20250905_152518.json
2025-09-05 15:25:18,492 - INFO - States: 1585, Commands: 1065, Duration: 15.8s
2025-09-05 15:25:18,492 - INFO - Successfully saved 1585 state data points
2025-09-05 15:25:18,492 - INFO - Successfully saved 1065 control commands
2025-09-05 15:25:18,492 - INFO - Closing link
2025-09-05 15:25:18,493 - INFO - Callback->Disconnected from [radio://0/80/2M/E7E7E7E7E6]
