2025-09-05 14:29:07,868 - INFO - === Fixed continuous data collector ===
2025-09-05 14:29:07,868 - INFO - Mission: square_large
2025-09-05 14:29:07,868 - INFO - Waypoints (absolute coordinates): [(0, 0, 0.5), (0.7, 0, 0.5), (0.7, 0.7, 0.5), (0, 0.7, 0.5), (0, 0, 0.5)]
2025-09-05 14:29:07,869 - INFO - Callback->Connection initialized[radio://0/80/2M/E7E7E7E7E6]
2025-09-05 14:29:08,120 - INFO - We are connected[radio://0/80/2M/E7E7E7E7E6], request connection setup
2025-09-05 14:29:08,120 - INFO - Request _request_protocol_version()
2025-09-05 14:29:08,123 - INFO - Callback->Connected to [radio://0/80/2M/E7E7E7E7E6]
2025-09-05 14:29:08,129 - INFO - _crt_service_callback
2025-09-05 14:29:08,129 - INFO - Request protocol version
2025-09-05 14:29:08,132 - INFO - _platform_callback
2025-09-05 14:29:08,132 - INFO - Protocol version (platform): 9
2025-09-05 14:29:08,142 - INFO - TOC for port [5] found in cache
2025-09-05 14:29:08,142 - INFO - Log TOC finished updating
2025-09-05 14:29:08,147 - INFO - 6 memories found
2025-09-05 14:29:08,226 - INFO - Memories finished updating
2025-09-05 14:29:08,231 - INFO - TOC for port [2] found in cache
2025-09-05 14:29:08,711 - INFO - Param TOC finished updating
2025-09-05 14:29:08,711 - INFO - Callback->Connection setup finished [radio://0/80/2M/E7E7E7E7E6]
2025-09-05 14:29:08,712 - INFO - Connected: radio://0/80/2M/E7E7E7E7E6
2025-09-05 14:29:08,723 - INFO - Have successfully started logging for id=1
2025-09-05 14:29:08,820 - INFO - Battery: 3.95V (safe)
2025-09-05 14:29:08,820 - INFO - Battery check passed: 3.95V
2025-09-05 14:29:08,821 - INFO - Initializing position estimator to origin...
2025-09-05 14:29:08,825 - INFO - Have successfully stopped logging for id=1
2025-09-05 14:29:08,826 - INFO - Have successfully deleted id=1
2025-09-05 14:29:09,975 - INFO - All parameters updated
2025-09-05 14:29:09,975 - INFO - Callback->Connection completed [radio://0/80/2M/E7E7E7E7E6]
2025-09-05 14:29:10,082 - INFO - Have successfully started logging for id=2
2025-09-05 14:29:16,578 - INFO - Waiting for position estimator...
2025-09-05 14:29:16,581 - INFO - Have successfully stopped logging for id=2
2025-09-05 14:29:16,582 - INFO - Have successfully deleted id=2
2025-09-05 14:29:16,586 - INFO - Have successfully started logging for id=3
2025-09-05 14:29:17,593 - INFO - Position estimator ready
2025-09-05 14:29:17,593 - INFO - Controller parameters optimized
2025-09-05 14:29:17,596 - INFO - Have successfully stopped logging for id=3
2025-09-05 14:29:17,597 - INFO - Have successfully deleted id=3
2025-09-05 14:29:19,772 - INFO - Start collection (slot:10ms)
2025-09-05 14:29:19,773 - INFO - Data collector started
2025-09-05 14:29:19,774 - INFO - Position manager started
2025-09-05 14:29:19,784 - INFO - Have successfully started logging for id=4
2025-09-05 14:29:19,787 - INFO - Have successfully started logging for id=5
2025-09-05 14:29:19,788 - INFO - Have successfully started logging for id=6
2025-09-05 14:29:19,874 - INFO - Position manager data flow is normal
2025-09-05 14:29:21,874 - INFO - Current position: (-0.018, 0.036, 0.018, 90.2°)
2025-09-05 14:29:21,875 - INFO - Using absolute coordinate system, ignoring takeoff position offset
2025-09-05 14:29:22,875 - INFO - Pre-flight stabilization to first waypoint: (0.000, 0.000, 0.500)
2025-09-05 14:29:23,026 - INFO - Waypoint1: absolute coordinates(0.000, 0.000, 0.500, yaw=90.0°)
2025-09-05 14:29:23,026 - INFO - Flying to coordinate: (0.000, 0.000, 0.500)
2025-09-05 14:29:33,026 - WARNING - Waypoint timeout 10.0s (final error may still be acceptable)
2025-09-05 14:29:33,026 - WARNING - Waypoint1 not fully reached, continuing execution
2025-09-05 14:29:33,627 - INFO - Waypoint2: absolute coordinates(0.700, 0.000, 0.500, yaw=90.0°)
2025-09-05 14:29:33,627 - INFO - Flying to coordinate: (0.700, 0.000, 0.500)
2025-09-05 14:29:34,465 - INFO - Have successfully stopped logging for id=6
2025-09-05 14:29:34,562 - INFO - Position manager stopped
2025-09-05 14:29:34,564 - INFO - Stopping data collector...
2025-09-05 14:29:34,566 - INFO - Collection complete - stats: {'created': 1480, 'complete': 1478, 'merged': 0, 'dropped': 1}
2025-09-05 14:29:34,572 - INFO - Have successfully stopped logging for id=4
2025-09-05 14:29:34,573 - INFO - Have successfully stopped logging for id=5
2025-09-05 14:29:34,619 - INFO - Data saved: training_data/square_large_20250905_142934.json
2025-09-05 14:29:34,619 - INFO - States: 1478, Commands: 1110, Duration: 14.8s
2025-09-05 14:29:34,620 - INFO - Successfully saved 1478 state data points
2025-09-05 14:29:34,620 - INFO - Successfully saved 1110 control commands
2025-09-05 14:29:34,620 - INFO - Closing link
2025-09-05 14:29:34,621 - INFO - Callback->Disconnected from [radio://0/80/2M/E7E7E7E7E6]
2025-09-05 14:29:34,650 - INFO - User interrupted
