2025-09-05 13:45:34,248 - INFO - === Fixed continuous data collector ===
2025-09-05 13:45:34,248 - INFO - Mission: square_med
2025-09-05 13:45:34,248 - INFO - Waypoints (absolute coordinates): [(0, 0, 0.4), (0.5, 0, 0.4), (0.5, 0.5, 0.4), (0, 0.5, 0.4), (0, 0, 0.4)]
2025-09-05 13:45:34,248 - INFO - Callback->Connection initialized[radio://0/80/2M/E7E7E7E7E6]
2025-09-05 13:45:34,498 - INFO - We are connected[radio://0/80/2M/E7E7E7E7E6], request connection setup
2025-09-05 13:45:34,499 - INFO - Request _request_protocol_version()
2025-09-05 13:45:34,501 - INFO - Callback->Connected to [radio://0/80/2M/E7E7E7E7E6]
2025-09-05 13:45:34,505 - INFO - _crt_service_callback
2025-09-05 13:45:34,506 - INFO - Request protocol version
2025-09-05 13:45:34,510 - INFO - _platform_callback
2025-09-05 13:45:34,510 - INFO - Protocol version (platform): 9
2025-09-05 13:45:34,524 - INFO - TOC for port [5] found in cache
2025-09-05 13:45:34,524 - INFO - Log TOC finished updating
2025-09-05 13:45:34,527 - INFO - 6 memories found
2025-09-05 13:45:34,610 - INFO - Memories finished updating
2025-09-05 13:45:34,616 - INFO - TOC for port [2] found in cache
2025-09-05 13:45:35,137 - INFO - Param TOC finished updating
2025-09-05 13:45:35,137 - INFO - Callback->Connection setup finished [radio://0/80/2M/E7E7E7E7E6]
2025-09-05 13:45:35,138 - INFO - Connected: radio://0/80/2M/E7E7E7E7E6
2025-09-05 13:45:35,151 - INFO - Have successfully started logging for id=1
2025-09-05 13:45:35,252 - INFO - Battery: 3.85V (safe)
2025-09-05 13:45:35,252 - INFO - Battery check passed: 3.85V
2025-09-05 13:45:35,252 - INFO - Initializing position estimator to origin...
2025-09-05 13:45:35,255 - INFO - Have successfully stopped logging for id=1
2025-09-05 13:45:35,256 - INFO - Have successfully deleted id=1
2025-09-05 13:45:36,585 - INFO - All parameters updated
2025-09-05 13:45:36,585 - INFO - Callback->Connection completed [radio://0/80/2M/E7E7E7E7E6]
2025-09-05 13:45:36,695 - INFO - Have successfully started logging for id=2
2025-09-05 13:45:43,190 - INFO - Waiting for position estimator...
2025-09-05 13:45:43,194 - INFO - Have successfully stopped logging for id=2
2025-09-05 13:45:43,194 - INFO - Have successfully deleted id=2
2025-09-05 13:45:43,205 - INFO - Have successfully started logging for id=3
2025-09-05 13:45:44,198 - INFO - Position estimator ready
2025-09-05 13:45:44,200 - INFO - Controller parameters optimized
2025-09-05 13:45:44,202 - INFO - Have successfully stopped logging for id=3
2025-09-05 13:45:44,203 - INFO - Have successfully deleted id=3
2025-09-05 13:45:49,659 - INFO - Start collection (slot:10ms)
2025-09-05 13:45:49,662 - INFO - Data collector started
2025-09-05 13:45:49,663 - INFO - Position manager started
2025-09-05 13:45:49,673 - INFO - Have successfully started logging for id=4
2025-09-05 13:45:49,674 - INFO - Have successfully started logging for id=5
2025-09-05 13:45:49,675 - INFO - Have successfully started logging for id=6
2025-09-05 13:45:49,763 - INFO - Position manager data flow is normal
2025-09-05 13:45:51,764 - INFO - Current position: (0.031, 0.013, 0.017, 89.7°)
2025-09-05 13:45:51,764 - INFO - Using absolute coordinate system, ignoring takeoff position offset
2025-09-05 13:45:52,764 - INFO - Pre-flight stabilization to first waypoint: (0.000, 0.000, 0.400)
2025-09-05 13:45:52,914 - INFO - Waypoint1: absolute coordinates(0.000, 0.000, 0.400, yaw=90.0°)
2025-09-05 13:45:52,914 - INFO - Flying to coordinate: (0.000, 0.000, 0.400)
2025-09-05 13:45:53,974 - INFO - Approaching target (error=0.141m), entering stabilization phase
2025-09-05 13:45:54,564 - INFO - Reached waypoint (error=0.037m, stable_count=30)
2025-09-05 13:45:55,164 - INFO - Waypoint2: absolute coordinates(0.500, 0.000, 0.400, yaw=90.0°)
2025-09-05 13:45:55,165 - INFO - Flying to coordinate: (0.500, 0.000, 0.400)
2025-09-05 13:45:55,975 - INFO - Approaching target (error=0.129m), entering stabilization phase
2025-09-05 13:45:58,415 - INFO - Reached waypoint (error=0.067m, stable_count=30)
2025-09-05 13:45:59,016 - INFO - Waypoint3: absolute coordinates(0.500, 0.500, 0.400, yaw=90.0°)
2025-09-05 13:45:59,016 - INFO - Flying to coordinate: (0.500, 0.500, 0.400)
2025-09-05 13:45:59,676 - INFO - Approaching target (error=0.140m), entering stabilization phase
2025-09-05 13:46:00,516 - INFO - Reached waypoint (error=0.023m, stable_count=30)
2025-09-05 13:46:01,117 - INFO - Waypoint4: absolute coordinates(0.000, 0.500, 0.400, yaw=90.0°)
2025-09-05 13:46:01,117 - INFO - Flying to coordinate: (0.000, 0.500, 0.400)
2025-09-05 13:46:01,817 - INFO - Approaching target (error=0.127m), entering stabilization phase
2025-09-05 13:46:02,207 - INFO - Reached waypoint (error=0.039m, stable_count=30)
2025-09-05 13:46:02,807 - INFO - Waypoint5: absolute coordinates(0.000, 0.000, 0.400, yaw=90.0°)
2025-09-05 13:46:02,807 - INFO - Flying to coordinate: (0.000, 0.000, 0.400)
2025-09-05 13:46:03,517 - INFO - Approaching target (error=0.147m), entering stabilization phase
2025-09-05 13:46:03,957 - INFO - Reached waypoint (error=0.037m, stable_count=30)
2025-09-05 13:46:04,558 - INFO - Returning to origin and landing...
2025-09-05 13:46:04,558 - INFO - Flying to coordinate: (0.000, 0.000, 0.200)
2025-09-05 13:46:04,968 - INFO - Approaching target (error=0.141m), entering stabilization phase
2025-09-05 13:46:05,708 - INFO - Reached waypoint (error=0.053m, stable_count=30)
2025-09-05 13:46:05,708 - INFO - Landing...
2025-09-05 13:46:05,709 - INFO - Landing complete
2025-09-05 13:46:05,713 - INFO - Have successfully stopped logging for id=6
2025-09-05 13:46:05,810 - INFO - Position manager stopped
2025-09-05 13:46:05,812 - INFO - Flight mission complete
2025-09-05 13:46:05,812 - INFO - Stopping data collector...
2025-09-05 13:46:05,813 - INFO - Collection complete - stats: {'created': 1615, 'complete': 1615, 'merged': 0, 'dropped': 0}
2025-09-05 13:46:05,821 - INFO - Have successfully stopped logging for id=4
2025-09-05 13:46:05,824 - INFO - Have successfully stopped logging for id=5
2025-09-05 13:46:05,869 - INFO - Data saved: training_data/square_med_20250905_134605.json
2025-09-05 13:46:05,869 - INFO - States: 1615, Commands: 1045, Duration: 16.1s
2025-09-05 13:46:05,870 - INFO - Successfully saved 1615 state data points
2025-09-05 13:46:05,870 - INFO - Successfully saved 1045 control commands
2025-09-05 13:46:05,870 - INFO - Closing link
2025-09-05 13:46:05,870 - INFO - Callback->Disconnected from [radio://0/80/2M/E7E7E7E7E6]
