2025-09-04 13:08:32,667 - INFO - === Fixed continuous data collector ===
2025-09-04 13:08:32,667 - INFO - Mission: vertical_small
2025-09-04 13:08:32,667 - INFO - Waypoints (absolute coordinates): [(0, 0, 0.3), (0, 0, 0.6), (0, 0, 0.9), (0, 0, 0.6), (0, 0, 0.3)]
2025-09-04 13:08:32,668 - INFO - Callback->Connection initialized[radio://0/80/2M/E7E7E7E7E6]
2025-09-04 13:08:32,918 - INFO - We are connected[radio://0/80/2M/E7E7E7E7E6], request connection setup
2025-09-04 13:08:32,918 - INFO - Request _request_protocol_version()
2025-09-04 13:08:32,920 - INFO - Callback->Connected to [radio://0/80/2M/E7E7E7E7E6]
2025-09-04 13:08:32,924 - INFO - _crt_service_callback
2025-09-04 13:08:32,924 - INFO - Request protocol version
2025-09-04 13:08:32,927 - INFO - _platform_callback
2025-09-04 13:08:32,927 - INFO - Protocol version (platform): 9
2025-09-04 13:08:32,941 - INFO - TOC for port [5] found in cache
2025-09-04 13:08:32,941 - INFO - Log TOC finished updating
2025-09-04 13:08:32,945 - INFO - 6 memories found
2025-09-04 13:08:33,024 - INFO - Memories finished updating
2025-09-04 13:08:33,033 - INFO - TOC for port [2] found in cache
2025-09-04 13:08:33,551 - INFO - Param TOC finished updating
2025-09-04 13:08:33,551 - INFO - Callback->Connection setup finished [radio://0/80/2M/E7E7E7E7E6]
2025-09-04 13:08:33,552 - INFO - Connected: radio://0/80/2M/E7E7E7E7E6
2025-09-04 13:08:33,566 - INFO - Have successfully started logging for id=1
2025-09-04 13:08:33,665 - INFO - Battery: 3.87V (safe)
2025-09-04 13:08:33,665 - INFO - Battery check passed: 3.87V
2025-09-04 13:08:33,665 - INFO - Initializing position estimator to origin...
2025-09-04 13:08:33,669 - INFO - Have successfully stopped logging for id=1
2025-09-04 13:08:33,669 - INFO - Have successfully deleted id=1
2025-09-04 13:08:35,010 - INFO - All parameters updated
2025-09-04 13:08:35,010 - INFO - Callback->Connection completed [radio://0/80/2M/E7E7E7E7E6]
2025-09-04 13:08:35,121 - INFO - Have successfully started logging for id=2
2025-09-04 13:08:42,117 - INFO - Waiting for position estimator...
2025-09-04 13:08:42,122 - INFO - Have successfully stopped logging for id=2
2025-09-04 13:08:42,122 - INFO - Have successfully deleted id=2
2025-09-04 13:08:42,127 - INFO - Have successfully started logging for id=3
2025-09-04 13:08:43,128 - INFO - Position estimator ready
2025-09-04 13:08:43,129 - INFO - Controller parameters optimized
2025-09-04 13:08:43,131 - INFO - Have successfully stopped logging for id=3
2025-09-04 13:08:43,134 - INFO - Have successfully deleted id=3
2025-09-04 13:08:48,607 - INFO - Start collection (slot:10ms)
2025-09-04 13:08:48,608 - INFO - Data collector started
2025-09-04 13:08:48,609 - INFO - Position manager started
2025-09-04 13:08:48,618 - INFO - Have successfully started logging for id=4
2025-09-04 13:08:48,618 - INFO - Have successfully started logging for id=5
2025-09-04 13:08:48,620 - INFO - Have successfully started logging for id=6
2025-09-04 13:08:48,709 - INFO - Position manager data flow is normal
2025-09-04 13:08:50,709 - INFO - Current position: (0.039, 0.060, 0.019, 90.6°)
2025-09-04 13:08:50,709 - INFO - Using absolute coordinate system, ignoring takeoff position offset
2025-09-04 13:08:51,709 - INFO - Pre-flight stabilization to first waypoint: (0.000, 0.000, 0.300)
2025-09-04 13:08:51,859 - INFO - Waypoint1: absolute coordinates(0.000, 0.000, 0.300, yaw=90.0°)
2025-09-04 13:08:51,860 - INFO - Flying to coordinate: (0.000, 0.000, 0.300)
2025-09-04 13:08:53,020 - INFO - Approaching target (error=0.142m), entering stabilization phase
2025-09-04 13:08:56,060 - INFO - Reached waypoint (error=0.070m, stable_count=30)
2025-09-04 13:08:56,660 - INFO - Waypoint2: absolute coordinates(0.000, 0.000, 0.600, yaw=90.0°)
2025-09-04 13:08:56,660 - INFO - Flying to coordinate: (0.000, 0.000, 0.600)
2025-09-04 13:08:57,120 - INFO - Approaching target (error=0.140m), entering stabilization phase
2025-09-04 13:08:57,710 - INFO - Reached waypoint (error=0.059m, stable_count=30)
2025-09-04 13:08:58,311 - INFO - Waypoint3: absolute coordinates(0.000, 0.000, 0.900, yaw=90.0°)
2025-09-04 13:08:58,311 - INFO - Flying to coordinate: (0.000, 0.000, 0.900)
2025-09-04 13:08:58,671 - INFO - Approaching target (error=0.136m), entering stabilization phase
2025-09-04 13:08:59,161 - INFO - Reached waypoint (error=0.024m, stable_count=30)
2025-09-04 13:08:59,761 - INFO - Waypoint4: absolute coordinates(0.000, 0.000, 0.600, yaw=90.0°)
2025-09-04 13:08:59,761 - INFO - Flying to coordinate: (0.000, 0.000, 0.600)
2025-09-04 13:09:00,711 - INFO - Approaching target (error=0.147m), entering stabilization phase
2025-09-04 13:09:01,661 - INFO - Reached waypoint (error=0.054m, stable_count=30)
2025-09-04 13:09:02,261 - INFO - Waypoint5: absolute coordinates(0.000, 0.000, 0.300, yaw=90.0°)
2025-09-04 13:09:02,261 - INFO - Flying to coordinate: (0.000, 0.000, 0.300)
2025-09-04 13:09:03,062 - INFO - Approaching target (error=0.141m), entering stabilization phase
2025-09-04 13:09:03,702 - INFO - Reached waypoint (error=0.052m, stable_count=30)
2025-09-04 13:09:04,339 - INFO - Returning to origin and landing...
2025-09-04 13:09:04,339 - INFO - Flying to coordinate: (0.000, 0.000, 0.200)
2025-09-04 13:09:04,339 - INFO - Approaching target (error=0.058m), entering stabilization phase
2025-09-04 13:09:04,639 - INFO - Reached waypoint (error=0.017m, stable_count=30)
2025-09-04 13:09:04,640 - INFO - Landing...
2025-09-04 13:09:04,642 - INFO - Landing complete
2025-09-04 13:09:04,653 - INFO - Have successfully stopped logging for id=6
2025-09-04 13:09:04,748 - INFO - Position manager stopped
2025-09-04 13:09:04,749 - INFO - Flight mission complete
2025-09-04 13:09:04,749 - INFO - Stopping data collector...
2025-09-04 13:09:04,751 - INFO - Collection complete - stats: {'created': 1614, 'complete': 1614, 'merged': 0, 'dropped': 0}
2025-09-04 13:09:04,762 - INFO - Have successfully stopped logging for id=4
2025-09-04 13:09:04,765 - INFO - Have successfully stopped logging for id=5
2025-09-04 13:09:04,806 - INFO - Data saved: training_data/vertical_small_20250904_130904.json
2025-09-04 13:09:04,806 - INFO - States: 1614, Commands: 1043, Duration: 16.1s
2025-09-04 13:09:04,807 - INFO - Successfully saved 1614 state data points
2025-09-04 13:09:04,807 - INFO - Successfully saved 1043 control commands
2025-09-04 13:09:04,807 - INFO - Closing link
2025-09-04 13:09:04,807 - INFO - Callback->Disconnected from [radio://0/80/2M/E7E7E7E7E6]
