2025-09-05 16:13:47,737 - INFO - === Fixed continuous data collector ===
2025-09-05 16:13:47,737 - INFO - Mission: triangle_med
2025-09-05 16:13:47,737 - INFO - Waypoints (absolute coordinates): [(0, 0, 0.6), (0.5, 0, 0.6), (0.25, 0.5, 0.6), (0, 0, 0.6)]
2025-09-05 16:13:47,738 - INFO - Callback->Connection initialized[radio://0/80/2M/E7E7E7E7E6]
2025-09-05 16:13:47,986 - INFO - We are connected[radio://0/80/2M/E7E7E7E7E6], request connection setup
2025-09-05 16:13:47,986 - INFO - Request _request_protocol_version()
2025-09-05 16:13:47,989 - INFO - Callback->Connected to [radio://0/80/2M/E7E7E7E7E6]
2025-09-05 16:13:47,993 - INFO - _crt_service_callback
2025-09-05 16:13:47,993 - INFO - Request protocol version
2025-09-05 16:13:47,996 - INFO - _platform_callback
2025-09-05 16:13:47,996 - INFO - Protocol version (platform): 9
2025-09-05 16:13:48,006 - INFO - TOC for port [5] found in cache
2025-09-05 16:13:48,006 - INFO - Log TOC finished updating
2025-09-05 16:13:48,009 - INFO - 6 memories found
2025-09-05 16:13:48,086 - INFO - Memories finished updating
2025-09-05 16:13:48,091 - INFO - TOC for port [2] found in cache
2025-09-05 16:13:48,621 - INFO - Param TOC finished updating
2025-09-05 16:13:48,621 - INFO - Callback->Connection setup finished [radio://0/80/2M/E7E7E7E7E6]
2025-09-05 16:13:48,622 - INFO - Connected: radio://0/80/2M/E7E7E7E7E6
2025-09-05 16:13:48,632 - INFO - Have successfully started logging for id=1
2025-09-05 16:13:48,733 - INFO - Battery: 3.86V (safe)
2025-09-05 16:13:48,734 - INFO - Battery check passed: 3.86V
2025-09-05 16:13:48,734 - INFO - Initializing position estimator to origin...
2025-09-05 16:13:48,738 - INFO - Have successfully stopped logging for id=1
2025-09-05 16:13:48,739 - INFO - Have successfully deleted id=1
2025-09-05 16:13:50,096 - INFO - All parameters updated
2025-09-05 16:13:50,097 - INFO - Callback->Connection completed [radio://0/80/2M/E7E7E7E7E6]
2025-09-05 16:13:50,206 - INFO - Have successfully started logging for id=2
2025-09-05 16:13:56,701 - INFO - Waiting for position estimator...
2025-09-05 16:13:56,704 - INFO - Have successfully stopped logging for id=2
2025-09-05 16:13:56,706 - INFO - Have successfully deleted id=2
2025-09-05 16:13:56,710 - INFO - Have successfully started logging for id=3
2025-09-05 16:13:57,710 - INFO - Position estimator ready
2025-09-05 16:13:57,711 - INFO - Controller parameters optimized
2025-09-05 16:13:57,717 - INFO - Have successfully stopped logging for id=3
2025-09-05 16:13:57,719 - INFO - Have successfully deleted id=3
2025-09-05 16:14:09,485 - INFO - Start collection (slot:10ms)
2025-09-05 16:14:09,486 - INFO - Data collector started
2025-09-05 16:14:09,487 - INFO - Position manager started
2025-09-05 16:14:09,494 - INFO - Have successfully started logging for id=4
2025-09-05 16:14:09,496 - INFO - Have successfully started logging for id=5
2025-09-05 16:14:09,497 - INFO - Have successfully started logging for id=6
2025-09-05 16:14:09,588 - INFO - Position manager data flow is normal
2025-09-05 16:14:11,588 - INFO - Current position: (0.008, 0.023, 0.011, 90.0°)
2025-09-05 16:14:11,588 - INFO - Using absolute coordinate system, ignoring takeoff position offset
2025-09-05 16:14:12,588 - INFO - Pre-flight stabilization to first waypoint: (0.000, 0.000, 0.600)
2025-09-05 16:14:12,738 - INFO - Waypoint1: absolute coordinates(0.000, 0.000, 0.600, yaw=90.0°)
2025-09-05 16:14:12,738 - INFO - Flying to coordinate: (0.000, 0.000, 0.600)
2025-09-05 16:14:13,748 - INFO - Approaching target (error=0.143m), entering stabilization phase
2025-09-05 16:14:14,238 - INFO - Reached waypoint (error=0.022m, stable_count=30)
2025-09-05 16:14:14,839 - INFO - Waypoint2: absolute coordinates(0.500, 0.000, 0.600, yaw=90.0°)
2025-09-05 16:14:14,839 - INFO - Flying to coordinate: (0.500, 0.000, 0.600)
2025-09-05 16:14:15,599 - INFO - Approaching target (error=0.125m), entering stabilization phase
2025-09-05 16:14:18,189 - INFO - Reached waypoint (error=0.072m, stable_count=30)
2025-09-05 16:14:18,789 - INFO - Waypoint3: absolute coordinates(0.250, 0.500, 0.600, yaw=90.0°)
2025-09-05 16:14:18,789 - INFO - Flying to coordinate: (0.250, 0.500, 0.600)
2025-09-05 16:14:19,499 - INFO - Approaching target (error=0.123m), entering stabilization phase
2025-09-05 16:14:21,939 - INFO - Reached waypoint (error=0.026m, stable_count=30)
2025-09-05 16:14:22,540 - INFO - Waypoint4: absolute coordinates(0.000, 0.000, 0.600, yaw=90.0°)
2025-09-05 16:14:22,540 - INFO - Flying to coordinate: (0.000, 0.000, 0.600)
2025-09-05 16:14:23,340 - INFO - Approaching target (error=0.136m), entering stabilization phase
2025-09-05 16:14:23,730 - INFO - Reached waypoint (error=0.042m, stable_count=30)
2025-09-05 16:14:24,330 - INFO - Returning to origin and landing...
2025-09-05 16:14:24,331 - INFO - Flying to coordinate: (0.000, 0.000, 0.200)
2025-09-05 16:14:25,041 - INFO - Approaching target (error=0.145m), entering stabilization phase
2025-09-05 16:14:25,731 - INFO - Reached waypoint (error=0.050m, stable_count=30)
2025-09-05 16:14:25,731 - INFO - Landing...
2025-09-05 16:14:25,732 - INFO - Landing complete
2025-09-05 16:14:25,737 - INFO - Have successfully stopped logging for id=6
2025-09-05 16:14:25,833 - INFO - Position manager stopped
2025-09-05 16:14:25,835 - INFO - Flight mission complete
2025-09-05 16:14:25,835 - INFO - Stopping data collector...
2025-09-05 16:14:25,837 - INFO - Collection complete - stats: {'created': 1635, 'complete': 1635, 'merged': 0, 'dropped': 0}
2025-09-05 16:14:25,847 - INFO - Have successfully stopped logging for id=4
2025-09-05 16:14:25,851 - INFO - Have successfully stopped logging for id=5
2025-09-05 16:14:25,897 - INFO - Data saved: training_data/triangle_med_20250905_161425.json
2025-09-05 16:14:25,897 - INFO - States: 1635, Commands: 1114, Duration: 16.3s
2025-09-05 16:14:25,897 - INFO - Successfully saved 1635 state data points
2025-09-05 16:14:25,897 - INFO - Successfully saved 1114 control commands
2025-09-05 16:14:25,897 - INFO - Closing link
2025-09-05 16:14:25,897 - INFO - Callback->Disconnected from [radio://0/80/2M/E7E7E7E7E6]
