2025-09-05 13:11:10,092 - INFO - === Fixed continuous data collector ===
2025-09-05 13:11:10,093 - INFO - Mission: square_med
2025-09-05 13:11:10,093 - INFO - Waypoints (absolute coordinates): [(0, 0, 0.4), (0.5, 0, 0.4), (0.5, 0.5, 0.4), (0, 0.5, 0.4), (0, 0, 0.4)]
2025-09-05 13:11:10,093 - INFO - Callback->Connection initialized[radio://0/80/2M/E7E7E7E7E6]
2025-09-05 13:11:10,344 - INFO - We are connected[radio://0/80/2M/E7E7E7E7E6], request connection setup
2025-09-05 13:11:10,344 - INFO - Request _request_protocol_version()
2025-09-05 13:11:10,348 - INFO - Callback->Connected to [radio://0/80/2M/E7E7E7E7E6]
2025-09-05 13:11:10,351 - INFO - _crt_service_callback
2025-09-05 13:11:10,351 - INFO - Request protocol version
2025-09-05 13:11:10,354 - INFO - _platform_callback
2025-09-05 13:11:10,354 - INFO - Protocol version (platform): 9
2025-09-05 13:11:10,364 - INFO - TOC for port [5] found in cache
2025-09-05 13:11:10,364 - INFO - Log TOC finished updating
2025-09-05 13:11:10,367 - INFO - 6 memories found
2025-09-05 13:11:10,446 - INFO - Memories finished updating
2025-09-05 13:11:10,451 - INFO - TOC for port [2] found in cache
2025-09-05 13:11:10,975 - INFO - Param TOC finished updating
2025-09-05 13:11:10,975 - INFO - Callback->Connection setup finished [radio://0/80/2M/E7E7E7E7E6]
2025-09-05 13:11:10,976 - INFO - Connected: radio://0/80/2M/E7E7E7E7E6
2025-09-05 13:11:10,988 - INFO - Have successfully started logging for id=1
2025-09-05 13:11:11,092 - INFO - Battery: 4.04V (safe)
2025-09-05 13:11:11,093 - INFO - Battery check passed: 4.04V
2025-09-05 13:11:11,096 - INFO - Initializing position estimator to origin...
2025-09-05 13:11:11,097 - INFO - Have successfully stopped logging for id=1
2025-09-05 13:11:11,097 - INFO - Have successfully deleted id=1
2025-09-05 13:11:12,365 - INFO - All parameters updated
2025-09-05 13:11:12,365 - INFO - Callback->Connection completed [radio://0/80/2M/E7E7E7E7E6]
2025-09-05 13:11:12,477 - INFO - Have successfully started logging for id=2
2025-09-05 13:11:18,971 - INFO - Waiting for position estimator...
2025-09-05 13:11:18,974 - INFO - Have successfully stopped logging for id=2
2025-09-05 13:11:18,975 - INFO - Have successfully deleted id=2
2025-09-05 13:11:18,981 - INFO - Have successfully started logging for id=3
2025-09-05 13:11:19,980 - INFO - Position estimator ready
2025-09-05 13:11:19,981 - INFO - Controller parameters optimized
2025-09-05 13:11:19,983 - INFO - Have successfully stopped logging for id=3
2025-09-05 13:11:19,984 - INFO - Have successfully deleted id=3
2025-09-05 13:11:22,298 - INFO - Start collection (slot:10ms)
2025-09-05 13:11:22,299 - INFO - Data collector started
2025-09-05 13:11:22,301 - INFO - Position manager started
2025-09-05 13:11:22,309 - INFO - Have successfully started logging for id=4
2025-09-05 13:11:22,310 - INFO - Have successfully started logging for id=5
2025-09-05 13:11:22,312 - INFO - Have successfully started logging for id=6
2025-09-05 13:11:22,401 - INFO - Position manager data flow is normal
2025-09-05 13:11:24,401 - INFO - Current position: (0.031, 0.026, 0.013, 89.9°)
2025-09-05 13:11:24,401 - INFO - Using absolute coordinate system, ignoring takeoff position offset
2025-09-05 13:11:25,401 - INFO - Pre-flight stabilization to first waypoint: (0.000, 0.000, 0.400)
2025-09-05 13:11:25,553 - INFO - Waypoint1: absolute coordinates(0.000, 0.000, 0.400, yaw=90.0°)
2025-09-05 13:11:25,553 - INFO - Flying to coordinate: (0.000, 0.000, 0.400)
2025-09-05 13:11:26,563 - INFO - Approaching target (error=0.138m), entering stabilization phase
2025-09-05 13:11:27,053 - INFO - Reached waypoint (error=0.063m, stable_count=30)
2025-09-05 13:11:27,654 - INFO - Waypoint2: absolute coordinates(0.500, 0.000, 0.400, yaw=90.0°)
2025-09-05 13:11:27,654 - INFO - Flying to coordinate: (0.500, 0.000, 0.400)
2025-09-05 13:11:28,564 - INFO - Approaching target (error=0.142m), entering stabilization phase
2025-09-05 13:11:30,154 - INFO - Reached waypoint (error=0.062m, stable_count=30)
2025-09-05 13:11:30,755 - INFO - Waypoint3: absolute coordinates(0.500, 0.500, 0.400, yaw=90.0°)
2025-09-05 13:11:30,755 - INFO - Flying to coordinate: (0.500, 0.500, 0.400)
2025-09-05 13:11:31,405 - INFO - Approaching target (error=0.119m), entering stabilization phase
2025-09-05 13:11:32,445 - INFO - Reached waypoint (error=0.073m, stable_count=30)
2025-09-05 13:11:33,045 - INFO - Waypoint4: absolute coordinates(0.000, 0.500, 0.400, yaw=90.0°)
2025-09-05 13:11:33,045 - INFO - Flying to coordinate: (0.000, 0.500, 0.400)
2025-09-05 13:11:33,705 - INFO - Approaching target (error=0.130m), entering stabilization phase
2025-09-05 13:11:34,145 - INFO - Reached waypoint (error=0.026m, stable_count=30)
2025-09-05 13:11:34,745 - INFO - Waypoint5: absolute coordinates(0.000, 0.000, 0.400, yaw=90.0°)
2025-09-05 13:11:34,745 - INFO - Flying to coordinate: (0.000, 0.000, 0.400)
2025-09-05 13:11:35,455 - INFO - Approaching target (error=0.140m), entering stabilization phase
2025-09-05 13:11:35,845 - INFO - Reached waypoint (error=0.075m, stable_count=30)
2025-09-05 13:11:36,446 - INFO - Returning to origin and landing...
2025-09-05 13:11:36,446 - INFO - Flying to coordinate: (0.000, 0.000, 0.200)
2025-09-05 13:11:36,706 - INFO - Approaching target (error=0.147m), entering stabilization phase
2025-09-05 13:11:37,746 - INFO - Reached waypoint (error=0.035m, stable_count=30)
2025-09-05 13:11:37,746 - INFO - Landing...
2025-09-05 13:11:37,747 - INFO - Landing complete
2025-09-05 13:11:37,751 - INFO - Have successfully stopped logging for id=6
2025-09-05 13:11:37,848 - INFO - Position manager stopped
2025-09-05 13:11:37,850 - INFO - Flight mission complete
2025-09-05 13:11:37,850 - INFO - Stopping data collector...
2025-09-05 13:11:37,852 - INFO - Collection complete - stats: {'created': 1555, 'complete': 1555, 'merged': 0, 'dropped': 0}
2025-09-05 13:11:37,860 - INFO - Have successfully stopped logging for id=4
2025-09-05 13:11:37,864 - INFO - Have successfully stopped logging for id=5
2025-09-05 13:11:37,906 - INFO - Data saved: training_data/square_med_20250905_131137.json
2025-09-05 13:11:37,906 - INFO - States: 1555, Commands: 986, Duration: 15.5s
2025-09-05 13:11:37,907 - INFO - Successfully saved 1555 state data points
2025-09-05 13:11:37,907 - INFO - Successfully saved 986 control commands
2025-09-05 13:11:37,907 - INFO - Closing link
2025-09-05 13:11:37,907 - INFO - Callback->Disconnected from [radio://0/80/2M/E7E7E7E7E6]
