2025-09-05 13:06:35,592 - INFO - === Fixed continuous data collector ===
2025-09-05 13:06:35,593 - INFO - Mission: square_small
2025-09-05 13:06:35,593 - INFO - Waypoints (absolute coordinates): [(0, 0, 0.3), (0.3, 0, 0.3), (0.3, 0.3, 0.3), (0, 0.3, 0.3), (0, 0, 0.3)]
2025-09-05 13:06:35,593 - INFO - Callback->Connection initialized[radio://0/80/2M/E7E7E7E7E6]
2025-09-05 13:06:35,844 - INFO - We are connected[radio://0/80/2M/E7E7E7E7E6], request connection setup
2025-09-05 13:06:35,844 - INFO - Request _request_protocol_version()
2025-09-05 13:06:35,846 - INFO - Callback->Connected to [radio://0/80/2M/E7E7E7E7E6]
2025-09-05 13:06:35,851 - INFO - _crt_service_callback
2025-09-05 13:06:35,851 - INFO - Request protocol version
2025-09-05 13:06:35,854 - INFO - _platform_callback
2025-09-05 13:06:35,854 - INFO - Protocol version (platform): 9
2025-09-05 13:06:35,865 - INFO - TOC for port [5] found in cache
2025-09-05 13:06:35,865 - INFO - Log TOC finished updating
2025-09-05 13:06:35,869 - INFO - 6 memories found
2025-09-05 13:06:35,947 - INFO - Memories finished updating
2025-09-05 13:06:35,952 - INFO - TOC for port [2] found in cache
2025-09-05 13:06:36,451 - INFO - Param TOC finished updating
2025-09-05 13:06:36,451 - INFO - Callback->Connection setup finished [radio://0/80/2M/E7E7E7E7E6]
2025-09-05 13:06:36,452 - INFO - Connected: radio://0/80/2M/E7E7E7E7E6
2025-09-05 13:06:36,460 - INFO - Have successfully started logging for id=1
2025-09-05 13:06:36,558 - INFO - Battery: 3.84V (safe)
2025-09-05 13:06:36,558 - INFO - Battery check passed: 3.84V
2025-09-05 13:06:36,558 - INFO - Initializing position estimator to origin...
2025-09-05 13:06:36,561 - INFO - Have successfully stopped logging for id=1
2025-09-05 13:06:36,562 - INFO - Have successfully deleted id=1
2025-09-05 13:06:37,601 - INFO - All parameters updated
2025-09-05 13:06:37,601 - INFO - Callback->Connection completed [radio://0/80/2M/E7E7E7E7E6]
2025-09-05 13:06:37,709 - INFO - Have successfully started logging for id=2
2025-09-05 13:06:44,207 - INFO - Waiting for position estimator...
2025-09-05 13:06:44,211 - INFO - Have successfully stopped logging for id=2
2025-09-05 13:06:44,211 - INFO - Have successfully deleted id=2
2025-09-05 13:06:44,217 - INFO - Have successfully started logging for id=3
2025-09-05 13:06:45,216 - INFO - Position estimator ready
2025-09-05 13:06:45,217 - INFO - Controller parameters optimized
2025-09-05 13:06:45,223 - INFO - Have successfully stopped logging for id=3
2025-09-05 13:06:45,225 - INFO - Have successfully deleted id=3
2025-09-05 13:06:47,398 - INFO - Start collection (slot:10ms)
2025-09-05 13:06:47,399 - INFO - Data collector started
2025-09-05 13:06:47,400 - INFO - Position manager started
2025-09-05 13:06:47,408 - INFO - Have successfully started logging for id=4
2025-09-05 13:06:47,409 - INFO - Have successfully started logging for id=5
2025-09-05 13:06:47,410 - INFO - Have successfully started logging for id=6
2025-09-05 13:06:47,500 - INFO - Position manager data flow is normal
2025-09-05 13:06:49,500 - INFO - Current position: (-0.013, -0.012, 0.024, 90.2°)
2025-09-05 13:06:49,500 - INFO - Using absolute coordinate system, ignoring takeoff position offset
2025-09-05 13:06:50,500 - INFO - Pre-flight stabilization to first waypoint: (0.000, 0.000, 0.300)
2025-09-05 13:06:50,650 - INFO - Waypoint1: absolute coordinates(0.000, 0.000, 0.300, yaw=90.0°)
2025-09-05 13:06:50,650 - INFO - Flying to coordinate: (0.000, 0.000, 0.300)
2025-09-05 13:06:51,460 - INFO - Approaching target (error=0.144m), entering stabilization phase
2025-09-05 13:06:52,150 - INFO - Reached waypoint (error=0.060m, stable_count=30)
2025-09-05 13:06:52,751 - INFO - Waypoint2: absolute coordinates(0.300, 0.000, 0.300, yaw=90.0°)
2025-09-05 13:06:52,751 - INFO - Flying to coordinate: (0.300, 0.000, 0.300)
2025-09-05 13:06:53,361 - INFO - Approaching target (error=0.128m), entering stabilization phase
2025-09-05 13:06:53,801 - INFO - Reached waypoint (error=0.065m, stable_count=30)
2025-09-05 13:06:54,401 - INFO - Waypoint3: absolute coordinates(0.300, 0.300, 0.300, yaw=90.0°)
2025-09-05 13:06:54,401 - INFO - Flying to coordinate: (0.300, 0.300, 0.300)
2025-09-05 13:06:55,061 - INFO - Approaching target (error=0.133m), entering stabilization phase
2025-09-05 13:06:55,501 - INFO - Reached waypoint (error=0.049m, stable_count=30)
2025-09-05 13:06:56,102 - INFO - Waypoint4: absolute coordinates(0.000, 0.300, 0.300, yaw=90.0°)
2025-09-05 13:06:56,102 - INFO - Flying to coordinate: (0.000, 0.300, 0.300)
2025-09-05 13:06:56,562 - INFO - Approaching target (error=0.146m), entering stabilization phase
2025-09-05 13:06:56,952 - INFO - Reached waypoint (error=0.078m, stable_count=30)
2025-09-05 13:06:57,552 - INFO - Waypoint5: absolute coordinates(0.000, 0.000, 0.300, yaw=90.0°)
2025-09-05 13:06:57,552 - INFO - Flying to coordinate: (0.000, 0.000, 0.300)
2025-09-05 13:06:58,412 - INFO - Approaching target (error=0.149m), entering stabilization phase
2025-09-05 13:06:58,942 - INFO - Reached waypoint (error=0.054m, stable_count=30)
2025-09-05 13:06:59,544 - INFO - Returning to origin and landing...
2025-09-05 13:06:59,544 - INFO - Flying to coordinate: (0.000, 0.000, 0.200)
2025-09-05 13:06:59,704 - INFO - Approaching target (error=0.145m), entering stabilization phase
2025-09-05 13:07:01,294 - INFO - Reached waypoint (error=0.036m, stable_count=30)
2025-09-05 13:07:01,294 - INFO - Landing...
2025-09-05 13:07:01,294 - INFO - Landing complete
2025-09-05 13:07:01,302 - INFO - Have successfully stopped logging for id=6
2025-09-05 13:07:01,398 - INFO - Position manager stopped
2025-09-05 13:07:01,400 - INFO - Flight mission complete
2025-09-05 13:07:01,400 - INFO - Stopping data collector...
2025-09-05 13:07:01,402 - INFO - Collection complete - stats: {'created': 1400, 'complete': 1400, 'merged': 0, 'dropped': 0}
2025-09-05 13:07:01,409 - INFO - Have successfully stopped logging for id=4
2025-09-05 13:07:01,412 - INFO - Have successfully stopped logging for id=5
2025-09-05 13:07:01,450 - INFO - Data saved: training_data/square_small_20250905_130701.json
2025-09-05 13:07:01,450 - INFO - States: 1400, Commands: 830, Duration: 14.0s
2025-09-05 13:07:01,450 - INFO - Successfully saved 1400 state data points
2025-09-05 13:07:01,450 - INFO - Successfully saved 830 control commands
2025-09-05 13:07:01,450 - INFO - Closing link
2025-09-05 13:07:01,451 - INFO - Callback->Disconnected from [radio://0/80/2M/E7E7E7E7E6]
