2025-09-05 12:46:50,039 - INFO - === Fixed continuous data collector ===
2025-09-05 12:46:50,039 - INFO - Mission: square_small
2025-09-05 12:46:50,039 - INFO - Waypoints (absolute coordinates): [(0, 0, 0.3), (0.3, 0, 0.3), (0.3, 0.3, 0.3), (0, 0.3, 0.3), (0, 0, 0.3)]
2025-09-05 12:46:50,040 - INFO - Callback->Connection initialized[radio://0/80/2M/E7E7E7E7E6]
2025-09-05 12:46:50,290 - INFO - We are connected[radio://0/80/2M/E7E7E7E7E6], request connection setup
2025-09-05 12:46:50,290 - INFO - Request _request_protocol_version()
2025-09-05 12:46:50,292 - INFO - Callback->Connected to [radio://0/80/2M/E7E7E7E7E6]
2025-09-05 12:46:50,296 - INFO - _crt_service_callback
2025-09-05 12:46:50,296 - INFO - Request protocol version
2025-09-05 12:46:50,301 - INFO - _platform_callback
2025-09-05 12:46:50,301 - INFO - Protocol version (platform): 9
2025-09-05 12:46:50,313 - INFO - TOC for port [5] found in cache
2025-09-05 12:46:50,313 - INFO - Log TOC finished updating
2025-09-05 12:46:50,316 - INFO - 6 memories found
2025-09-05 12:46:50,400 - INFO - Memories finished updating
2025-09-05 12:46:50,406 - INFO - TOC for port [2] found in cache
2025-09-05 12:46:50,905 - INFO - Param TOC finished updating
2025-09-05 12:46:50,905 - INFO - Callback->Connection setup finished [radio://0/80/2M/E7E7E7E7E6]
2025-09-05 12:46:50,906 - INFO - Connected: radio://0/80/2M/E7E7E7E7E6
2025-09-05 12:46:50,916 - INFO - Have successfully started logging for id=1
2025-09-05 12:46:51,016 - INFO - Battery: 3.94V (safe)
2025-09-05 12:46:51,017 - INFO - Battery check passed: 3.94V
2025-09-05 12:46:51,017 - INFO - Initializing position estimator to origin...
2025-09-05 12:46:51,020 - INFO - Have successfully stopped logging for id=1
2025-09-05 12:46:51,021 - INFO - Have successfully deleted id=1
2025-09-05 12:46:52,303 - INFO - All parameters updated
2025-09-05 12:46:52,303 - INFO - Callback->Connection completed [radio://0/80/2M/E7E7E7E7E6]
2025-09-05 12:46:52,413 - INFO - Have successfully started logging for id=2
2025-09-05 12:46:58,912 - INFO - Waiting for position estimator...
2025-09-05 12:46:58,918 - INFO - Have successfully stopped logging for id=2
2025-09-05 12:46:58,919 - INFO - Have successfully deleted id=2
2025-09-05 12:46:58,924 - INFO - Have successfully started logging for id=3
2025-09-05 12:46:59,924 - INFO - Position estimator ready
2025-09-05 12:46:59,925 - INFO - Controller parameters optimized
2025-09-05 12:46:59,927 - INFO - Have successfully stopped logging for id=3
2025-09-05 12:46:59,928 - INFO - Have successfully deleted id=3
2025-09-05 12:47:05,222 - INFO - Start collection (slot:10ms)
2025-09-05 12:47:05,223 - INFO - Data collector started
2025-09-05 12:47:05,224 - INFO - Position manager started
2025-09-05 12:47:05,231 - INFO - Have successfully started logging for id=4
2025-09-05 12:47:05,234 - INFO - Have successfully started logging for id=5
2025-09-05 12:47:05,235 - INFO - Have successfully started logging for id=6
2025-09-05 12:47:05,324 - INFO - Position manager data flow is normal
2025-09-05 12:47:07,324 - INFO - Current position: (0.033, 0.006, -0.022, 89.9°)
2025-09-05 12:47:07,324 - INFO - Using absolute coordinate system, ignoring takeoff position offset
2025-09-05 12:47:08,324 - INFO - Pre-flight stabilization to first waypoint: (0.000, 0.000, 0.300)
2025-09-05 12:47:08,474 - INFO - Waypoint1: absolute coordinates(0.000, 0.000, 0.300, yaw=90.0°)
2025-09-05 12:47:08,475 - INFO - Flying to coordinate: (0.000, 0.000, 0.300)
2025-09-05 12:47:09,385 - INFO - Approaching target (error=0.143m), entering stabilization phase
2025-09-05 12:47:10,575 - INFO - Reached waypoint (error=0.068m, stable_count=30)
2025-09-05 12:47:11,175 - INFO - Waypoint2: absolute coordinates(0.300, 0.000, 0.300, yaw=90.0°)
2025-09-05 12:47:11,175 - INFO - Flying to coordinate: (0.300, 0.000, 0.300)
2025-09-05 12:47:11,835 - INFO - Approaching target (error=0.148m), entering stabilization phase
2025-09-05 12:47:13,875 - INFO - Reached waypoint (error=0.070m, stable_count=30)
2025-09-05 12:47:14,475 - INFO - Waypoint3: absolute coordinates(0.300, 0.300, 0.300, yaw=90.0°)
2025-09-05 12:47:14,475 - INFO - Flying to coordinate: (0.300, 0.300, 0.300)
2025-09-05 12:47:14,986 - INFO - Approaching target (error=0.137m), entering stabilization phase
2025-09-05 12:47:15,416 - INFO - Reached waypoint (error=0.053m, stable_count=30)
2025-09-05 12:47:16,016 - INFO - Waypoint4: absolute coordinates(0.000, 0.300, 0.300, yaw=90.0°)
2025-09-05 12:47:16,016 - INFO - Flying to coordinate: (0.000, 0.300, 0.300)
2025-09-05 12:47:16,536 - INFO - Approaching target (error=0.143m), entering stabilization phase
2025-09-05 12:47:17,016 - INFO - Reached waypoint (error=0.057m, stable_count=30)
2025-09-05 12:47:17,616 - INFO - Waypoint5: absolute coordinates(0.000, 0.000, 0.300, yaw=90.0°)
2025-09-05 12:47:17,616 - INFO - Flying to coordinate: (0.000, 0.000, 0.300)
2025-09-05 12:47:18,326 - INFO - Approaching target (error=0.141m), entering stabilization phase
2025-09-05 12:47:19,266 - INFO - Reached waypoint (error=0.071m, stable_count=30)
2025-09-05 12:47:19,881 - INFO - Returning to origin and landing...
2025-09-05 12:47:19,881 - INFO - Flying to coordinate: (0.000, 0.000, 0.200)
2025-09-05 12:47:19,881 - INFO - Approaching target (error=0.120m), entering stabilization phase
2025-09-05 12:47:21,211 - INFO - Reached waypoint (error=0.079m, stable_count=30)
2025-09-05 12:47:21,211 - INFO - Landing...
2025-09-05 12:47:21,211 - INFO - Landing complete
2025-09-05 12:47:21,218 - INFO - Have successfully stopped logging for id=6
2025-09-05 12:47:21,312 - INFO - Position manager stopped
2025-09-05 12:47:21,313 - INFO - Flight mission complete
2025-09-05 12:47:21,313 - INFO - Stopping data collector...
2025-09-05 12:47:21,316 - INFO - Collection complete - stats: {'created': 1609, 'complete': 1609, 'merged': 0, 'dropped': 0}
2025-09-05 12:47:21,329 - INFO - Have successfully stopped logging for id=4
2025-09-05 12:47:21,329 - INFO - Have successfully stopped logging for id=5
2025-09-05 12:47:21,373 - INFO - Data saved: training_data/square_small_20250905_124721.json
2025-09-05 12:47:21,373 - INFO - States: 1609, Commands: 1039, Duration: 16.1s
2025-09-05 12:47:21,373 - INFO - Successfully saved 1609 state data points
2025-09-05 12:47:21,373 - INFO - Successfully saved 1039 control commands
2025-09-05 12:47:21,373 - INFO - Closing link
2025-09-05 12:47:21,375 - INFO - Callback->Disconnected from [radio://0/80/2M/E7E7E7E7E6]
