2025-09-05 12:51:00,078 - INFO - === Fixed continuous data collector ===
2025-09-05 12:51:00,078 - INFO - Mission: square_small
2025-09-05 12:51:00,078 - INFO - Waypoints (absolute coordinates): [(0, 0, 0.3), (0.3, 0, 0.3), (0.3, 0.3, 0.3), (0, 0.3, 0.3), (0, 0, 0.3)]
2025-09-05 12:51:00,079 - INFO - Callback->Connection initialized[radio://0/80/2M/E7E7E7E7E6]
2025-09-05 12:51:00,330 - INFO - We are connected[radio://0/80/2M/E7E7E7E7E6], request connection setup
2025-09-05 12:51:00,330 - INFO - Request _request_protocol_version()
2025-09-05 12:51:00,334 - INFO - Callback->Connected to [radio://0/80/2M/E7E7E7E7E6]
2025-09-05 12:51:00,338 - INFO - _crt_service_callback
2025-09-05 12:51:00,338 - INFO - Request protocol version
2025-09-05 12:51:00,343 - INFO - _platform_callback
2025-09-05 12:51:00,343 - INFO - Protocol version (platform): 9
2025-09-05 12:51:00,354 - INFO - TOC for port [5] found in cache
2025-09-05 12:51:00,354 - INFO - Log TOC finished updating
2025-09-05 12:51:00,359 - INFO - 6 memories found
2025-09-05 12:51:00,446 - INFO - Memories finished updating
2025-09-05 12:51:00,453 - INFO - TOC for port [2] found in cache
2025-09-05 12:51:01,074 - INFO - Param TOC finished updating
2025-09-05 12:51:01,074 - INFO - Callback->Connection setup finished [radio://0/80/2M/E7E7E7E7E6]
2025-09-05 12:51:01,075 - INFO - Connected: radio://0/80/2M/E7E7E7E7E6
2025-09-05 12:51:01,089 - INFO - Have successfully started logging for id=1
2025-09-05 12:51:01,186 - INFO - Battery: 3.79V (low)
2025-09-05 12:51:01,190 - ERROR - Battery voltage too low: 3.79V < 3.8V
2025-09-05 12:51:01,190 - INFO - Closing link
2025-09-05 12:51:01,193 - INFO - Callback->Disconnected from [radio://0/80/2M/E7E7E7E7E6]
