2025-09-04 14:25:35,094 - INFO - === Fixed continuous data collector ===
2025-09-04 14:25:35,094 - INFO - Mission: vertical_med
2025-09-04 14:25:35,094 - INFO - Waypoints (absolute coordinates): [(0, 0, 0.4), (0, 0, 0.8), (0, 0, 0.4)]
2025-09-04 14:25:35,095 - INFO - Callback->Connection initialized[radio://0/80/2M/E7E7E7E7E6]
2025-09-04 14:25:35,345 - INFO - We are connected[radio://0/80/2M/E7E7E7E7E6], request connection setup
2025-09-04 14:25:35,345 - INFO - Request _request_protocol_version()
2025-09-04 14:25:35,350 - INFO - Callback->Connected to [radio://0/80/2M/E7E7E7E7E6]
2025-09-04 14:25:35,355 - INFO - _crt_service_callback
2025-09-04 14:25:35,355 - INFO - Request protocol version
2025-09-04 14:25:35,360 - INFO - _platform_callback
2025-09-04 14:25:35,360 - INFO - Protocol version (platform): 9
2025-09-04 14:25:35,370 - INFO - TOC for port [5] found in cache
2025-09-04 14:25:35,371 - INFO - Log TOC finished updating
2025-09-04 14:25:35,374 - INFO - 6 memories found
2025-09-04 14:25:35,451 - INFO - Memories finished updating
2025-09-04 14:25:35,457 - INFO - TOC for port [2] found in cache
2025-09-04 14:25:35,968 - INFO - Param TOC finished updating
2025-09-04 14:25:35,968 - INFO - Callback->Connection setup finished [radio://0/80/2M/E7E7E7E7E6]
2025-09-04 14:25:35,969 - INFO - Connected: radio://0/80/2M/E7E7E7E7E6
2025-09-04 14:25:35,981 - INFO - Have successfully started logging for id=1
2025-09-04 14:25:36,079 - INFO - Battery: 3.81V (safe)
2025-09-04 14:25:36,081 - INFO - Battery check passed: 3.81V
2025-09-04 14:25:36,081 - INFO - Initializing position estimator to origin...
2025-09-04 14:25:36,086 - INFO - Have successfully stopped logging for id=1
2025-09-04 14:25:36,088 - INFO - Have successfully deleted id=1
2025-09-04 14:25:37,340 - INFO - All parameters updated
2025-09-04 14:25:37,341 - INFO - Callback->Connection completed [radio://0/80/2M/E7E7E7E7E6]
2025-09-04 14:25:37,450 - INFO - Have successfully started logging for id=2
2025-09-04 14:25:43,944 - INFO - Waiting for position estimator...
2025-09-04 14:25:43,948 - INFO - Have successfully stopped logging for id=2
2025-09-04 14:25:43,949 - INFO - Have successfully deleted id=2
2025-09-04 14:25:43,958 - INFO - Have successfully started logging for id=3
2025-09-04 14:25:44,960 - INFO - Position estimator ready
2025-09-04 14:25:44,962 - INFO - Controller parameters optimized
2025-09-04 14:25:44,966 - INFO - Have successfully stopped logging for id=3
2025-09-04 14:25:44,967 - INFO - Have successfully deleted id=3
2025-09-04 14:25:53,168 - INFO - Start collection (slot:10ms)
2025-09-04 14:25:53,169 - INFO - Data collector started
2025-09-04 14:25:53,171 - INFO - Position manager started
2025-09-04 14:25:53,178 - INFO - Have successfully started logging for id=4
2025-09-04 14:25:53,179 - INFO - Have successfully started logging for id=5
2025-09-04 14:25:53,180 - INFO - Have successfully started logging for id=6
2025-09-04 14:25:53,271 - INFO - Position manager data flow is normal
2025-09-04 14:25:55,271 - INFO - Current position: (0.032, 0.040, 0.009, 89.9°)
2025-09-04 14:25:55,271 - INFO - Using absolute coordinate system, ignoring takeoff position offset
2025-09-04 14:25:56,271 - INFO - Pre-flight stabilization to first waypoint: (0.000, 0.000, 0.400)
2025-09-04 14:25:56,421 - INFO - Waypoint1: absolute coordinates(0.000, 0.000, 0.400, yaw=90.0°)
2025-09-04 14:25:56,421 - INFO - Flying to coordinate: (0.000, 0.000, 0.400)
2025-09-04 14:26:06,422 - WARNING - Waypoint timeout 10.0s (final error may still be acceptable)
2025-09-04 14:26:06,422 - WARNING - Waypoint1 not fully reached, continuing execution
2025-09-04 14:26:07,022 - INFO - Waypoint2: absolute coordinates(0.000, 0.000, 0.800, yaw=90.0°)
2025-09-04 14:26:07,022 - INFO - Flying to coordinate: (0.000, 0.000, 0.800)
2025-09-04 14:26:08,664 - INFO - Have successfully stopped logging for id=6
2025-09-04 14:26:08,761 - INFO - Position manager stopped
2025-09-04 14:26:08,764 - INFO - Stopping data collector...
2025-09-04 14:26:08,766 - INFO - Collection complete - stats: {'created': 1559, 'complete': 1559, 'merged': 0, 'dropped': 0}
2025-09-04 14:26:08,774 - INFO - Have successfully stopped logging for id=4
2025-09-04 14:26:08,775 - INFO - Have successfully stopped logging for id=5
2025-09-04 14:26:08,820 - INFO - Data saved: training_data/vertical_med_20250904_142608.json
2025-09-04 14:26:08,820 - INFO - States: 1559, Commands: 1189, Duration: 15.6s
2025-09-04 14:26:08,820 - INFO - Successfully saved 1559 state data points
2025-09-04 14:26:08,820 - INFO - Successfully saved 1189 control commands
2025-09-04 14:26:08,821 - INFO - Closing link
2025-09-04 14:26:08,821 - INFO - Callback->Disconnected from [radio://0/80/2M/E7E7E7E7E6]
2025-09-04 14:26:08,830 - INFO - User interrupted
