2025-09-04 12:47:21,090 - INFO - === Fixed continuous data collector ===
2025-09-04 12:47:21,090 - INFO - Mission: vertical_small
2025-09-04 12:47:21,090 - INFO - Waypoints (absolute coordinates): [(0, 0, 0.3), (0, 0, 0.6), (0, 0, 0.9), (0, 0, 0.6), (0, 0, 0.3)]
2025-09-04 12:47:21,091 - INFO - Callback->Connection initialized[radio://0/80/2M/E7E7E7E7E6]
2025-09-04 12:47:21,341 - INFO - We are connected[radio://0/80/2M/E7E7E7E7E6], request connection setup
2025-09-04 12:47:21,341 - INFO - Request _request_protocol_version()
2025-09-04 12:47:21,343 - INFO - Callback->Connected to [radio://0/80/2M/E7E7E7E7E6]
2025-09-04 12:47:21,346 - INFO - _crt_service_callback
2025-09-04 12:47:21,346 - INFO - Request protocol version
2025-09-04 12:47:21,350 - INFO - _platform_callback
2025-09-04 12:47:21,350 - INFO - Protocol version (platform): 9
2025-09-04 12:47:21,361 - INFO - TOC for port [5] found in cache
2025-09-04 12:47:21,361 - INFO - Log TOC finished updating
2025-09-04 12:47:21,363 - INFO - 6 memories found
2025-09-04 12:47:21,441 - INFO - Memories finished updating
2025-09-04 12:47:21,446 - INFO - TOC for port [2] found in cache
2025-09-04 12:47:21,912 - INFO - Param TOC finished updating
2025-09-04 12:47:21,912 - INFO - Callback->Connection setup finished [radio://0/80/2M/E7E7E7E7E6]
2025-09-04 12:47:21,913 - INFO - Connected: radio://0/80/2M/E7E7E7E7E6
2025-09-04 12:47:21,922 - INFO - Have successfully started logging for id=1
2025-09-04 12:47:22,022 - INFO - Battery: 3.92V (safe)
2025-09-04 12:47:22,022 - INFO - Battery check passed: 3.92V
2025-09-04 12:47:22,022 - INFO - Initializing position estimator to origin...
2025-09-04 12:47:22,025 - INFO - Have successfully stopped logging for id=1
2025-09-04 12:47:22,026 - INFO - Have successfully deleted id=1
2025-09-04 12:47:23,121 - INFO - All parameters updated
2025-09-04 12:47:23,121 - INFO - Callback->Connection completed [radio://0/80/2M/E7E7E7E7E6]
2025-09-04 12:47:23,230 - INFO - Have successfully started logging for id=2
2025-09-04 12:47:29,726 - INFO - Waiting for position estimator...
2025-09-04 12:47:29,729 - INFO - Have successfully stopped logging for id=2
2025-09-04 12:47:29,730 - INFO - Have successfully deleted id=2
2025-09-04 12:47:29,736 - INFO - Have successfully started logging for id=3
2025-09-04 12:47:30,735 - INFO - Position estimator ready
2025-09-04 12:47:30,736 - INFO - Controller parameters optimized
2025-09-04 12:47:30,738 - INFO - Have successfully stopped logging for id=3
2025-09-04 12:47:30,743 - INFO - Have successfully deleted id=3
2025-09-04 12:47:32,835 - INFO - Start collection (slot:10ms)
2025-09-04 12:47:32,836 - INFO - Data collector started
2025-09-04 12:47:32,837 - INFO - Position manager started
2025-09-04 12:47:32,843 - INFO - Have successfully started logging for id=4
2025-09-04 12:47:32,846 - INFO - Have successfully started logging for id=5
2025-09-04 12:47:32,847 - INFO - Have successfully started logging for id=6
2025-09-04 12:47:32,937 - INFO - Position manager data flow is normal
2025-09-04 12:47:34,938 - INFO - Current position: (0.013, 0.050, 0.011, 89.9°)
2025-09-04 12:47:34,938 - INFO - Using absolute coordinate system, ignoring takeoff position offset
2025-09-04 12:47:35,938 - INFO - Pre-flight stabilization to first waypoint: (0.000, 0.000, 0.300)
2025-09-04 12:47:36,088 - INFO - Waypoint1: absolute coordinates(0.000, 0.000, 0.300, yaw=90.0°)
2025-09-04 12:47:36,088 - INFO - Flying to coordinate: (0.000, 0.000, 0.300)
2025-09-04 12:47:37,148 - INFO - Approaching target (error=0.139m), entering stabilization phase
2025-09-04 12:47:37,788 - INFO - Reached waypoint (error=0.044m, stable_count=30)
2025-09-04 12:47:38,389 - INFO - Waypoint2: absolute coordinates(0.000, 0.000, 0.600, yaw=90.0°)
2025-09-04 12:47:38,389 - INFO - Flying to coordinate: (0.000, 0.000, 0.600)
2025-09-04 12:47:38,799 - INFO - Approaching target (error=0.149m), entering stabilization phase
2025-09-04 12:47:39,289 - INFO - Reached waypoint (error=0.029m, stable_count=30)
2025-09-04 12:47:39,889 - INFO - Waypoint3: absolute coordinates(0.000, 0.000, 0.900, yaw=90.0°)
2025-09-04 12:47:39,889 - INFO - Flying to coordinate: (0.000, 0.000, 0.900)
2025-09-04 12:47:40,249 - INFO - Approaching target (error=0.143m), entering stabilization phase
2025-09-04 12:47:40,739 - INFO - Reached waypoint (error=0.046m, stable_count=30)
2025-09-04 12:47:41,340 - INFO - Waypoint4: absolute coordinates(0.000, 0.000, 0.600, yaw=90.0°)
2025-09-04 12:47:41,340 - INFO - Flying to coordinate: (0.000, 0.000, 0.600)
2025-09-04 12:47:42,290 - INFO - Approaching target (error=0.147m), entering stabilization phase
2025-09-04 12:47:43,580 - INFO - Reached waypoint (error=0.079m, stable_count=30)
2025-09-04 12:47:44,180 - INFO - Waypoint5: absolute coordinates(0.000, 0.000, 0.300, yaw=90.0°)
2025-09-04 12:47:44,180 - INFO - Flying to coordinate: (0.000, 0.000, 0.300)
2025-09-04 12:47:44,840 - INFO - Approaching target (error=0.143m), entering stabilization phase
2025-09-04 12:47:45,680 - INFO - Reached waypoint (error=0.040m, stable_count=30)
2025-09-04 12:47:46,281 - INFO - Returning to origin and landing...
2025-09-04 12:47:46,281 - INFO - Flying to coordinate: (0.000, 0.000, 0.200)
2025-09-04 12:47:46,281 - INFO - Approaching target (error=0.069m), entering stabilization phase
2025-09-04 12:47:46,581 - INFO - Reached waypoint (error=0.065m, stable_count=30)
2025-09-04 12:47:46,581 - INFO - Landing...
2025-09-04 12:47:46,581 - INFO - Landing complete
2025-09-04 12:47:46,587 - INFO - Have successfully stopped logging for id=6
2025-09-04 12:47:46,683 - INFO - Position manager stopped
2025-09-04 12:47:46,685 - INFO - Flight mission complete
2025-09-04 12:47:46,685 - INFO - Stopping data collector...
2025-09-04 12:47:46,686 - INFO - Collection complete - stats: {'created': 1385, 'complete': 1385, 'merged': 0, 'dropped': 0}
2025-09-04 12:47:46,692 - INFO - Have successfully stopped logging for id=4
2025-09-04 12:47:46,693 - INFO - Have successfully stopped logging for id=5
2025-09-04 12:47:46,734 - INFO - Data saved: training_data/vertical_small_20250904_124746.json
2025-09-04 12:47:46,734 - INFO - States: 1385, Commands: 814, Duration: 13.8s
2025-09-04 12:47:46,734 - INFO - Successfully saved 1385 state data points
2025-09-04 12:47:46,734 - INFO - Successfully saved 814 control commands
2025-09-04 12:47:46,734 - INFO - Closing link
2025-09-04 12:47:46,735 - INFO - Callback->Disconnected from [radio://0/80/2M/E7E7E7E7E6]
