2025-09-04 15:36:28,753 - INFO - === Fixed continuous data collector ===
2025-09-04 15:36:28,753 - INFO - Mission: vertical_large
2025-09-04 15:36:28,753 - INFO - Waypoints (absolute coordinates): [(0, 0, 0.5), (0, 0, 1.0), (0, 0, 0.5)]
2025-09-04 15:36:28,754 - INFO - Callback->Connection initialized[radio://0/80/2M/E7E7E7E7E6]
2025-09-04 15:36:29,004 - INFO - We are connected[radio://0/80/2M/E7E7E7E7E6], request connection setup
2025-09-04 15:36:29,005 - INFO - Request _request_protocol_version()
2025-09-04 15:36:29,007 - INFO - Callback->Connected to [radio://0/80/2M/E7E7E7E7E6]
2025-09-04 15:36:29,089 - INFO - _crt_service_callback
2025-09-04 15:36:29,089 - INFO - Request protocol version
2025-09-04 15:36:29,094 - INFO - _platform_callback
2025-09-04 15:36:29,094 - INFO - Protocol version (platform): 9
2025-09-04 15:36:29,105 - INFO - TOC for port [5] found in cache
2025-09-04 15:36:29,105 - INFO - Log TOC finished updating
2025-09-04 15:36:29,108 - INFO - 6 memories found
2025-09-04 15:36:29,186 - INFO - Memories finished updating
2025-09-04 15:36:29,191 - INFO - TOC for port [2] found in cache
2025-09-04 15:36:29,669 - INFO - Param TOC finished updating
2025-09-04 15:36:29,669 - INFO - Callback->Connection setup finished [radio://0/80/2M/E7E7E7E7E6]
2025-09-04 15:36:29,670 - INFO - Connected: radio://0/80/2M/E7E7E7E7E6
2025-09-04 15:36:29,680 - INFO - Have successfully started logging for id=1
2025-09-04 15:36:29,781 - INFO - Battery: 3.91V (safe)
2025-09-04 15:36:29,782 - INFO - Battery check passed: 3.91V
2025-09-04 15:36:29,782 - INFO - Initializing position estimator to origin...
2025-09-04 15:36:29,786 - INFO - Have successfully stopped logging for id=1
2025-09-04 15:36:29,786 - INFO - Have successfully deleted id=1
2025-09-04 15:36:31,031 - INFO - All parameters updated
2025-09-04 15:36:31,031 - INFO - Callback->Connection completed [radio://0/80/2M/E7E7E7E7E6]
2025-09-04 15:36:31,139 - INFO - Have successfully started logging for id=2
2025-09-04 15:36:37,635 - INFO - Waiting for position estimator...
2025-09-04 15:36:37,639 - INFO - Have successfully stopped logging for id=2
2025-09-04 15:36:37,639 - INFO - Have successfully deleted id=2
2025-09-04 15:36:37,644 - INFO - Have successfully started logging for id=3
2025-09-04 15:36:38,644 - INFO - Position estimator ready
2025-09-04 15:36:38,644 - INFO - Controller parameters optimized
2025-09-04 15:36:38,647 - INFO - Have successfully stopped logging for id=3
2025-09-04 15:36:38,647 - INFO - Have successfully deleted id=3
2025-09-04 15:36:40,886 - INFO - Start collection (slot:10ms)
2025-09-04 15:36:40,886 - INFO - Data collector started
2025-09-04 15:36:40,887 - INFO - Position manager started
2025-09-04 15:36:40,897 - INFO - Have successfully started logging for id=4
2025-09-04 15:36:40,898 - INFO - Have successfully started logging for id=5
2025-09-04 15:36:40,900 - INFO - Have successfully started logging for id=6
2025-09-04 15:36:40,988 - INFO - Position manager data flow is normal
2025-09-04 15:36:42,988 - INFO - Current position: (-0.002, 0.036, -0.021, 90.1째)
2025-09-04 15:36:42,988 - INFO - Using absolute coordinate system, ignoring takeoff position offset
2025-09-04 15:36:43,988 - INFO - Pre-flight stabilization to first waypoint: (0.000, 0.000, 0.500)
2025-09-04 15:36:44,138 - INFO - Waypoint1: absolute coordinates(0.000, 0.000, 0.500, yaw=90.0째)
2025-09-04 15:36:44,138 - INFO - Flying to coordinate: (0.000, 0.000, 0.500)
2025-09-04 15:36:45,098 - INFO - Approaching target (error=0.140m), entering stabilization phase
2025-09-04 15:36:45,598 - INFO - Reached waypoint (error=0.048m, stable_count=30)
2025-09-04 15:36:46,199 - INFO - Waypoint2: absolute coordinates(0.000, 0.000, 1.000, yaw=90.0째)
2025-09-04 15:36:46,199 - INFO - Flying to coordinate: (0.000, 0.000, 1.000)
2025-09-04 15:36:46,799 - INFO - Approaching target (error=0.134m), entering stabilization phase
2025-09-04 15:36:51,639 - INFO - Reached waypoint (error=0.067m, stable_count=30)
2025-09-04 15:36:52,239 - INFO - Waypoint3: absolute coordinates(0.000, 0.000, 0.500, yaw=90.0째)
2025-09-04 15:36:52,239 - INFO - Flying to coordinate: (0.000, 0.000, 0.500)
2025-09-04 15:36:53,089 - INFO - Approaching target (error=0.138m), entering stabilization phase
2025-09-04 15:36:53,639 - INFO - Reached waypoint (error=0.040m, stable_count=30)
2025-09-04 15:36:54,240 - INFO - Returning to origin and landing...
2025-09-04 15:36:54,240 - INFO - Flying to coordinate: (0.000, 0.000, 0.200)
2025-09-04 15:36:54,690 - INFO - Approaching target (error=0.137m), entering stabilization phase
2025-09-04 15:36:55,230 - INFO - Reached waypoint (error=0.053m, stable_count=30)
2025-09-04 15:36:55,230 - INFO - Landing...
2025-09-04 15:36:55,231 - INFO - Landing complete
2025-09-04 15:36:55,239 - INFO - Have successfully stopped logging for id=6
2025-09-04 15:36:55,331 - INFO - Position manager stopped
2025-09-04 15:36:55,333 - INFO - Flight mission complete
2025-09-04 15:36:55,334 - INFO - Stopping data collector...
2025-09-04 15:36:55,336 - INFO - Collection complete - stats: {'created': 1444, 'complete': 1444, 'merged': 0, 'dropped': 0}
2025-09-04 15:36:55,343 - INFO - Have successfully stopped logging for id=4
2025-09-04 15:36:55,344 - INFO - Have successfully stopped logging for id=5
2025-09-04 15:36:55,387 - INFO - Data saved: training_data/vertical_large_20250904_153655.json
2025-09-04 15:36:55,387 - INFO - States: 1444, Commands: 974, Duration: 14.4s
2025-09-04 15:36:55,388 - INFO - Successfully saved 1444 state data points
2025-09-04 15:36:55,388 - INFO - Successfully saved 974 control commands
2025-09-04 15:36:55,388 - INFO - Closing link
2025-09-04 15:36:55,388 - INFO - Callback->Disconnected from [radio://0/80/2M/E7E7E7E7E6]
