2025-09-05 16:28:10,767 - INFO - === Fixed continuous data collector ===
2025-09-05 16:28:10,767 - INFO - Mission: triangle_med
2025-09-05 16:28:10,767 - INFO - Waypoints (absolute coordinates): [(0, 0, 0.6), (0.5, 0, 0.6), (0.25, 0.5, 0.6), (0, 0, 0.6)]
2025-09-05 16:28:10,767 - INFO - Callback->Connection initialized[radio://0/80/2M/E7E7E7E7E6]
2025-09-05 16:28:11,017 - INFO - We are connected[radio://0/80/2M/E7E7E7E7E6], request connection setup
2025-09-05 16:28:11,017 - INFO - Request _request_protocol_version()
2025-09-05 16:28:11,021 - INFO - Callback->Connected to [radio://0/80/2M/E7E7E7E7E6]
2025-09-05 16:28:11,024 - INFO - _crt_service_callback
2025-09-05 16:28:11,024 - INFO - Request protocol version
2025-09-05 16:28:11,029 - INFO - _platform_callback
2025-09-05 16:28:11,029 - INFO - Protocol version (platform): 9
2025-09-05 16:28:11,041 - INFO - TOC for port [5] found in cache
2025-09-05 16:28:11,041 - INFO - Log TOC finished updating
2025-09-05 16:28:11,044 - INFO - 6 memories found
2025-09-05 16:28:11,122 - INFO - Memories finished updating
2025-09-05 16:28:11,127 - INFO - TOC for port [2] found in cache
2025-09-05 16:28:11,595 - INFO - Param TOC finished updating
2025-09-05 16:28:11,595 - INFO - Callback->Connection setup finished [radio://0/80/2M/E7E7E7E7E6]
2025-09-05 16:28:11,596 - INFO - Connected: radio://0/80/2M/E7E7E7E7E6
2025-09-05 16:28:11,605 - INFO - Have successfully started logging for id=1
2025-09-05 16:28:11,706 - INFO - Battery: 3.82V (safe)
2025-09-05 16:28:11,706 - INFO - Battery check passed: 3.82V
2025-09-05 16:28:11,706 - INFO - Initializing position estimator to origin...
2025-09-05 16:28:11,710 - INFO - Have successfully stopped logging for id=1
2025-09-05 16:28:11,711 - INFO - Have successfully deleted id=1
2025-09-05 16:28:12,857 - INFO - All parameters updated
2025-09-05 16:28:12,857 - INFO - Callback->Connection completed [radio://0/80/2M/E7E7E7E7E6]
2025-09-05 16:28:12,964 - INFO - Have successfully started logging for id=2
2025-09-05 16:28:19,961 - INFO - Waiting for position estimator...
2025-09-05 16:28:19,964 - INFO - Have successfully stopped logging for id=2
2025-09-05 16:28:19,965 - INFO - Have successfully deleted id=2
2025-09-05 16:28:19,970 - INFO - Have successfully started logging for id=3
2025-09-05 16:28:20,967 - INFO - Position estimator ready
2025-09-05 16:28:20,968 - INFO - Controller parameters optimized
2025-09-05 16:28:20,973 - INFO - Have successfully stopped logging for id=3
2025-09-05 16:28:20,974 - INFO - Have successfully deleted id=3
2025-09-05 16:28:25,518 - INFO - Start collection (slot:10ms)
2025-09-05 16:28:25,519 - INFO - Data collector started
2025-09-05 16:28:25,521 - INFO - Position manager started
2025-09-05 16:28:25,526 - INFO - Have successfully started logging for id=4
2025-09-05 16:28:25,529 - INFO - Have successfully started logging for id=5
2025-09-05 16:28:25,530 - INFO - Have successfully started logging for id=6
2025-09-05 16:28:25,621 - INFO - Position manager data flow is normal
2025-09-05 16:28:27,621 - INFO - Current position: (-0.025, 0.020, 0.020, 89.8°)
2025-09-05 16:28:27,621 - INFO - Using absolute coordinate system, ignoring takeoff position offset
2025-09-05 16:28:28,621 - INFO - Pre-flight stabilization to first waypoint: (0.000, 0.000, 0.600)
2025-09-05 16:28:28,772 - INFO - Waypoint1: absolute coordinates(0.000, 0.000, 0.600, yaw=90.0°)
2025-09-05 16:28:28,772 - INFO - Flying to coordinate: (0.000, 0.000, 0.600)
2025-09-05 16:28:29,782 - INFO - Approaching target (error=0.142m), entering stabilization phase
2025-09-05 16:28:30,372 - INFO - Reached waypoint (error=0.058m, stable_count=30)
2025-09-05 16:28:30,972 - INFO - Waypoint2: absolute coordinates(0.500, 0.000, 0.600, yaw=90.0°)
2025-09-05 16:28:30,972 - INFO - Flying to coordinate: (0.500, 0.000, 0.600)
2025-09-05 16:28:31,732 - INFO - Approaching target (error=0.128m), entering stabilization phase
2025-09-05 16:28:33,872 - INFO - Reached waypoint (error=0.073m, stable_count=30)
2025-09-05 16:28:34,473 - INFO - Waypoint3: absolute coordinates(0.250, 0.500, 0.600, yaw=90.0°)
2025-09-05 16:28:34,473 - INFO - Flying to coordinate: (0.250, 0.500, 0.600)
2025-09-05 16:28:35,173 - INFO - Approaching target (error=0.138m), entering stabilization phase
2025-09-05 16:28:38,963 - INFO - Reached waypoint (error=0.055m, stable_count=30)
2025-09-05 16:28:39,563 - INFO - Waypoint4: absolute coordinates(0.000, 0.000, 0.600, yaw=90.0°)
2025-09-05 16:28:39,563 - INFO - Flying to coordinate: (0.000, 0.000, 0.600)
2025-09-05 16:28:40,323 - INFO - Approaching target (error=0.112m), entering stabilization phase
2025-09-05 16:28:40,663 - INFO - Reached waypoint (error=0.016m, stable_count=30)
2025-09-05 16:28:41,264 - INFO - Returning to origin and landing...
2025-09-05 16:28:41,264 - INFO - Flying to coordinate: (0.000, 0.000, 0.200)
2025-09-05 16:28:42,074 - INFO - Approaching target (error=0.147m), entering stabilization phase
2025-09-05 16:28:42,764 - INFO - Reached waypoint (error=0.071m, stable_count=30)
2025-09-05 16:28:42,764 - INFO - Landing...
2025-09-05 16:28:42,764 - INFO - Landing complete
2025-09-05 16:28:42,769 - INFO - Have successfully stopped logging for id=6
2025-09-05 16:28:42,865 - INFO - Position manager stopped
2025-09-05 16:28:42,866 - INFO - Flight mission complete
2025-09-05 16:28:42,866 - INFO - Stopping data collector...
2025-09-05 16:28:42,868 - INFO - Collection complete - stats: {'created': 1735, 'complete': 1735, 'merged': 0, 'dropped': 0}
2025-09-05 16:28:42,876 - INFO - Have successfully stopped logging for id=4
2025-09-05 16:28:42,880 - INFO - Have successfully stopped logging for id=5
2025-09-05 16:28:42,930 - INFO - Data saved: training_data/triangle_med_20250905_162842.json
2025-09-05 16:28:42,930 - INFO - States: 1735, Commands: 1214, Duration: 17.3s
2025-09-05 16:28:42,930 - INFO - Successfully saved 1735 state data points
2025-09-05 16:28:42,930 - INFO - Successfully saved 1214 control commands
2025-09-05 16:28:42,930 - INFO - Closing link
2025-09-05 16:28:42,931 - INFO - Callback->Disconnected from [radio://0/80/2M/E7E7E7E7E6]
