2025-09-04 16:13:44,078 - INFO - === Fixed continuous data collector ===
2025-09-04 16:13:44,078 - INFO - Mission: vertical_large
2025-09-04 16:13:44,078 - INFO - Waypoints (absolute coordinates): [(0, 0, 0.5), (0, 0, 1.0), (0, 0, 0.5)]
2025-09-04 16:13:44,078 - INFO - Callback->Connection initialized[radio://0/80/2M/E7E7E7E7E6]
2025-09-04 16:13:44,329 - INFO - We are connected[radio://0/80/2M/E7E7E7E7E6], request connection setup
2025-09-04 16:13:44,329 - INFO - Request _request_protocol_version()
2025-09-04 16:13:44,333 - INFO - Callback->Connected to [radio://0/80/2M/E7E7E7E7E6]
2025-09-04 16:13:44,337 - INFO - _crt_service_callback
2025-09-04 16:13:44,337 - INFO - Request protocol version
2025-09-04 16:13:44,340 - INFO - _platform_callback
2025-09-04 16:13:44,340 - INFO - Protocol version (platform): 9
2025-09-04 16:13:44,352 - INFO - TOC for port [5] found in cache
2025-09-04 16:13:44,352 - INFO - Log TOC finished updating
2025-09-04 16:13:44,354 - INFO - 6 memories found
2025-09-04 16:13:44,434 - INFO - Memories finished updating
2025-09-04 16:13:44,439 - INFO - TOC for port [2] found in cache
2025-09-04 16:13:45,078 - INFO - Param TOC finished updating
2025-09-04 16:13:45,078 - INFO - Callback->Connection setup finished [radio://0/80/2M/E7E7E7E7E6]
2025-09-04 16:13:45,079 - INFO - Connected: radio://0/80/2M/E7E7E7E7E6
2025-09-04 16:13:45,093 - INFO - Have successfully started logging for id=1
2025-09-04 16:13:45,191 - INFO - Battery: 3.96V (safe)
2025-09-04 16:13:45,192 - INFO - Battery check passed: 3.96V
2025-09-04 16:13:45,192 - INFO - Initializing position estimator to origin...
2025-09-04 16:13:45,195 - INFO - Have successfully stopped logging for id=1
2025-09-04 16:13:45,196 - INFO - Have successfully deleted id=1
2025-09-04 16:13:46,643 - INFO - All parameters updated
2025-09-04 16:13:46,643 - INFO - Callback->Connection completed [radio://0/80/2M/E7E7E7E7E6]
2025-09-04 16:13:46,755 - INFO - Have successfully started logging for id=2
2025-09-04 16:13:53,250 - INFO - Waiting for position estimator...
2025-09-04 16:13:53,252 - INFO - Have successfully stopped logging for id=2
2025-09-04 16:13:53,253 - INFO - Have successfully deleted id=2
2025-09-04 16:13:53,259 - INFO - Have successfully started logging for id=3
2025-09-04 16:13:54,258 - INFO - Position estimator ready
2025-09-04 16:13:54,260 - INFO - Controller parameters optimized
2025-09-04 16:13:54,266 - INFO - Have successfully stopped logging for id=3
2025-09-04 16:13:54,267 - INFO - Have successfully deleted id=3
2025-09-04 16:13:56,438 - INFO - Start collection (slot:10ms)
2025-09-04 16:13:56,440 - INFO - Data collector started
2025-09-04 16:13:56,441 - INFO - Position manager started
2025-09-04 16:13:56,447 - INFO - Have successfully started logging for id=4
2025-09-04 16:13:56,449 - INFO - Have successfully started logging for id=5
2025-09-04 16:13:56,450 - INFO - Have successfully started logging for id=6
2025-09-04 16:13:56,541 - INFO - Position manager data flow is normal
2025-09-04 16:13:58,541 - INFO - Current position: (0.021, 0.026, 0.002, 89.2째)
2025-09-04 16:13:58,541 - INFO - Using absolute coordinate system, ignoring takeoff position offset
2025-09-04 16:13:59,541 - INFO - Pre-flight stabilization to first waypoint: (0.000, 0.000, 0.500)
2025-09-04 16:13:59,691 - INFO - Waypoint1: absolute coordinates(0.000, 0.000, 0.500, yaw=90.0째)
2025-09-04 16:13:59,691 - INFO - Flying to coordinate: (0.000, 0.000, 0.500)
2025-09-04 16:14:00,751 - INFO - Approaching target (error=0.136m), entering stabilization phase
2025-09-04 16:14:01,241 - INFO - Reached waypoint (error=0.025m, stable_count=30)
2025-09-04 16:14:01,844 - INFO - Waypoint2: absolute coordinates(0.000, 0.000, 1.000, yaw=90.0째)
2025-09-04 16:14:01,844 - INFO - Flying to coordinate: (0.000, 0.000, 1.000)
2025-09-04 16:14:02,454 - INFO - Approaching target (error=0.148m), entering stabilization phase
2025-09-04 16:14:02,944 - INFO - Reached waypoint (error=0.075m, stable_count=30)
2025-09-04 16:14:03,545 - INFO - Waypoint3: absolute coordinates(0.000, 0.000, 0.500, yaw=90.0째)
2025-09-04 16:14:03,545 - INFO - Flying to coordinate: (0.000, 0.000, 0.500)
2025-09-04 16:14:04,506 - INFO - Approaching target (error=0.147m), entering stabilization phase
2025-09-04 16:14:05,036 - INFO - Reached waypoint (error=0.046m, stable_count=30)
2025-09-04 16:14:05,636 - INFO - Returning to origin and landing...
2025-09-04 16:14:05,636 - INFO - Flying to coordinate: (0.000, 0.000, 0.200)
2025-09-04 16:14:06,396 - INFO - Approaching target (error=0.144m), entering stabilization phase
2025-09-04 16:14:06,986 - INFO - Reached waypoint (error=0.069m, stable_count=30)
2025-09-04 16:14:06,986 - INFO - Landing...
2025-09-04 16:14:06,986 - INFO - Landing complete
2025-09-04 16:14:06,994 - INFO - Have successfully stopped logging for id=6
2025-09-04 16:14:07,087 - INFO - Position manager stopped
2025-09-04 16:14:07,089 - INFO - Flight mission complete
2025-09-04 16:14:07,089 - INFO - Stopping data collector...
2025-09-04 16:14:07,092 - INFO - Collection complete - stats: {'created': 1065, 'complete': 1064, 'merged': 0, 'dropped': 0}
2025-09-04 16:14:07,099 - INFO - Have successfully stopped logging for id=4
2025-09-04 16:14:07,101 - INFO - Have successfully stopped logging for id=5
2025-09-04 16:14:07,130 - INFO - Data saved: training_data/vertical_large_20250904_161407.json
2025-09-04 16:14:07,130 - INFO - States: 1064, Commands: 596, Duration: 10.6s
2025-09-04 16:14:07,131 - INFO - Successfully saved 1064 state data points
2025-09-04 16:14:07,131 - INFO - Successfully saved 596 control commands
2025-09-04 16:14:07,131 - INFO - Closing link
2025-09-04 16:14:07,131 - INFO - Callback->Disconnected from [radio://0/80/2M/E7E7E7E7E6]
