2025-09-05 17:29:15,389 - INFO - === Fixed continuous data collector ===
2025-09-05 17:29:15,390 - INFO - Mission: triangle_large
2025-09-05 17:29:15,390 - INFO - Waypoints (absolute coordinates): [(0, 0, 0.6), (0.8, 0, 0.6), (0.4, 0.6, 0.6), (0, 0, 0.6)]
2025-09-05 17:29:15,390 - INFO - Callback->Connection initialized[radio://0/80/2M/E7E7E7E7E6]
2025-09-05 17:29:15,640 - INFO - We are connected[radio://0/80/2M/E7E7E7E7E6], request connection setup
2025-09-05 17:29:15,641 - INFO - Request _request_protocol_version()
2025-09-05 17:29:15,644 - INFO - Callback->Connected to [radio://0/80/2M/E7E7E7E7E6]
2025-09-05 17:29:15,648 - INFO - _crt_service_callback
2025-09-05 17:29:15,648 - INFO - Request protocol version
2025-09-05 17:29:15,652 - INFO - _platform_callback
2025-09-05 17:29:15,652 - INFO - Protocol version (platform): 9
2025-09-05 17:29:15,662 - INFO - TOC for port [5] found in cache
2025-09-05 17:29:15,662 - INFO - Log TOC finished updating
2025-09-05 17:29:15,665 - INFO - 6 memories found
2025-09-05 17:29:15,741 - INFO - Memories finished updating
2025-09-05 17:29:15,747 - INFO - TOC for port [2] found in cache
2025-09-05 17:29:16,143 - INFO - Param TOC finished updating
2025-09-05 17:29:16,143 - INFO - Callback->Connection setup finished [radio://0/80/2M/E7E7E7E7E6]
2025-09-05 17:29:16,145 - INFO - Connected: radio://0/80/2M/E7E7E7E7E6
2025-09-05 17:29:16,152 - INFO - Have successfully started logging for id=1
2025-09-05 17:29:16,252 - INFO - Battery: 4.02V (safe)
2025-09-05 17:29:16,252 - INFO - Battery check passed: 4.02V
2025-09-05 17:29:16,252 - INFO - Initializing position estimator to origin...
2025-09-05 17:29:16,255 - INFO - Have successfully stopped logging for id=1
2025-09-05 17:29:16,255 - INFO - Have successfully deleted id=1
2025-09-05 17:29:17,207 - INFO - All parameters updated
2025-09-05 17:29:17,207 - INFO - Callback->Connection completed [radio://0/80/2M/E7E7E7E7E6]
2025-09-05 17:29:17,313 - INFO - Have successfully started logging for id=2
2025-09-05 17:29:23,809 - INFO - Waiting for position estimator...
2025-09-05 17:29:23,812 - INFO - Have successfully stopped logging for id=2
2025-09-05 17:29:23,813 - INFO - Have successfully deleted id=2
2025-09-05 17:29:23,817 - INFO - Have successfully started logging for id=3
2025-09-05 17:29:24,817 - INFO - Position estimator ready
2025-09-05 17:29:24,817 - INFO - Controller parameters optimized
2025-09-05 17:29:24,820 - INFO - Have successfully stopped logging for id=3
2025-09-05 17:29:24,820 - INFO - Have successfully deleted id=3
2025-09-05 17:29:28,365 - INFO - Start collection (slot:10ms)
2025-09-05 17:29:28,366 - INFO - Data collector started
2025-09-05 17:29:28,367 - INFO - Position manager started
2025-09-05 17:29:28,373 - INFO - Have successfully started logging for id=4
2025-09-05 17:29:28,374 - INFO - Have successfully started logging for id=5
2025-09-05 17:29:28,375 - INFO - Have successfully started logging for id=6
2025-09-05 17:29:28,467 - INFO - Position manager data flow is normal
2025-09-05 17:29:30,467 - INFO - Current position: (-0.015, 0.017, 0.024, 89.9°)
2025-09-05 17:29:30,468 - INFO - Using absolute coordinate system, ignoring takeoff position offset
2025-09-05 17:29:31,468 - INFO - Pre-flight stabilization to first waypoint: (0.000, 0.000, 0.600)
2025-09-05 17:29:31,619 - INFO - Waypoint1: absolute coordinates(0.000, 0.000, 0.600, yaw=90.0°)
2025-09-05 17:29:31,619 - INFO - Flying to coordinate: (0.000, 0.000, 0.600)
2025-09-05 17:29:32,679 - INFO - Approaching target (error=0.134m), entering stabilization phase
2025-09-05 17:29:33,219 - INFO - Reached waypoint (error=0.036m, stable_count=30)
2025-09-05 17:29:33,820 - INFO - Waypoint2: absolute coordinates(0.800, 0.000, 0.600, yaw=90.0°)
2025-09-05 17:29:33,820 - INFO - Flying to coordinate: (0.800, 0.000, 0.600)
2025-09-05 17:29:34,730 - INFO - Approaching target (error=0.145m), entering stabilization phase
2025-09-05 17:29:36,570 - INFO - Reached waypoint (error=0.034m, stable_count=30)
2025-09-05 17:29:37,170 - INFO - Waypoint3: absolute coordinates(0.400, 0.600, 0.600, yaw=90.0°)
2025-09-05 17:29:37,170 - INFO - Flying to coordinate: (0.400, 0.600, 0.600)
2025-09-05 17:29:37,970 - INFO - Approaching target (error=0.113m), entering stabilization phase
2025-09-05 17:29:38,360 - INFO - Reached waypoint (error=0.043m, stable_count=30)
2025-09-05 17:29:38,960 - INFO - Waypoint4: absolute coordinates(0.000, 0.000, 0.600, yaw=90.0°)
2025-09-05 17:29:38,960 - INFO - Flying to coordinate: (0.000, 0.000, 0.600)
2025-09-05 17:29:39,771 - INFO - Approaching target (error=0.102m), entering stabilization phase
2025-09-05 17:29:40,211 - INFO - Reached waypoint (error=0.024m, stable_count=30)
2025-09-05 17:29:40,811 - INFO - Returning to origin and landing...
2025-09-05 17:29:40,811 - INFO - Flying to coordinate: (0.000, 0.000, 0.200)
2025-09-05 17:29:41,671 - INFO - Approaching target (error=0.147m), entering stabilization phase
2025-09-05 17:29:42,311 - INFO - Reached waypoint (error=0.060m, stable_count=30)
2025-09-05 17:29:42,311 - INFO - Landing...
2025-09-05 17:29:42,311 - INFO - Landing complete
2025-09-05 17:29:42,316 - INFO - Have successfully stopped logging for id=6
2025-09-05 17:29:42,413 - INFO - Position manager stopped
2025-09-05 17:29:42,416 - INFO - Flight mission complete
2025-09-05 17:29:42,416 - INFO - Stopping data collector...
2025-09-05 17:29:42,418 - INFO - Collection complete - stats: {'created': 1405, 'complete': 1405, 'merged': 0, 'dropped': 0}
2025-09-05 17:29:42,424 - INFO - Have successfully stopped logging for id=4
2025-09-05 17:29:42,426 - INFO - Have successfully stopped logging for id=5
2025-09-05 17:29:42,467 - INFO - Data saved: training_data/triangle_large_20250905_172942.json
2025-09-05 17:29:42,467 - INFO - States: 1405, Commands: 885, Duration: 14.0s
2025-09-05 17:29:42,467 - INFO - Successfully saved 1405 state data points
2025-09-05 17:29:42,467 - INFO - Successfully saved 885 control commands
2025-09-05 17:29:42,467 - INFO - Closing link
2025-09-05 17:29:42,468 - INFO - Callback->Disconnected from [radio://0/80/2M/E7E7E7E7E6]
