2025-09-05 14:53:41,047 - INFO - === Fixed continuous data collector ===
2025-09-05 14:53:41,047 - INFO - Mission: square_large
2025-09-05 14:53:41,047 - INFO - Waypoints (absolute coordinates): [(0, 0, 0.5), (0.7, 0, 0.5), (0.7, 0.7, 0.5), (0, 0.7, 0.5), (0, 0, 0.5)]
2025-09-05 14:53:41,048 - INFO - Callback->Connection initialized[radio://0/80/2M/E7E7E7E7E6]
2025-09-05 14:53:41,301 - INFO - We are connected[radio://0/80/2M/E7E7E7E7E6], request connection setup
2025-09-05 14:53:41,302 - INFO - Request _request_protocol_version()
2025-09-05 14:53:41,304 - INFO - Callback->Connected to [radio://0/80/2M/E7E7E7E7E6]
2025-09-05 14:53:41,310 - INFO - _crt_service_callback
2025-09-05 14:53:41,310 - INFO - Request protocol version
2025-09-05 14:53:41,313 - INFO - _platform_callback
2025-09-05 14:53:41,313 - INFO - Protocol version (platform): 9
2025-09-05 14:53:41,323 - INFO - TOC for port [5] found in cache
2025-09-05 14:53:41,323 - INFO - Log TOC finished updating
2025-09-05 14:53:41,327 - INFO - 6 memories found
2025-09-05 14:53:41,407 - INFO - Memories finished updating
2025-09-05 14:53:41,412 - INFO - TOC for port [2] found in cache
2025-09-05 14:53:41,898 - INFO - Param TOC finished updating
2025-09-05 14:53:41,898 - INFO - Callback->Connection setup finished [radio://0/80/2M/E7E7E7E7E6]
2025-09-05 14:53:41,899 - INFO - Connected: radio://0/80/2M/E7E7E7E7E6
2025-09-05 14:53:41,909 - INFO - Have successfully started logging for id=1
2025-09-05 14:53:42,007 - INFO - Battery: 3.91V (safe)
2025-09-05 14:53:42,008 - INFO - Battery check passed: 3.91V
2025-09-05 14:53:42,008 - INFO - Initializing position estimator to origin...
2025-09-05 14:53:42,011 - INFO - Have successfully stopped logging for id=1
2025-09-05 14:53:42,013 - INFO - Have successfully deleted id=1
2025-09-05 14:53:43,352 - INFO - All parameters updated
2025-09-05 14:53:43,352 - INFO - Callback->Connection completed [radio://0/80/2M/E7E7E7E7E6]
2025-09-05 14:53:43,463 - INFO - Have successfully started logging for id=2
2025-09-05 14:53:51,457 - INFO - Waiting for position estimator...
2025-09-05 14:53:51,459 - INFO - Have successfully stopped logging for id=2
2025-09-05 14:53:51,460 - INFO - Have successfully deleted id=2
2025-09-05 14:53:51,464 - INFO - Have successfully started logging for id=3
2025-09-05 14:53:52,464 - INFO - Position estimator ready
2025-09-05 14:53:52,464 - INFO - Controller parameters optimized
2025-09-05 14:53:52,467 - INFO - Have successfully stopped logging for id=3
2025-09-05 14:53:52,468 - INFO - Have successfully deleted id=3
2025-09-05 14:53:54,720 - INFO - Start collection (slot:10ms)
2025-09-05 14:53:54,721 - INFO - Data collector started
2025-09-05 14:53:54,723 - INFO - Position manager started
2025-09-05 14:53:54,728 - INFO - Have successfully started logging for id=4
2025-09-05 14:53:54,731 - INFO - Have successfully started logging for id=5
2025-09-05 14:53:54,732 - INFO - Have successfully started logging for id=6
2025-09-05 14:53:54,823 - INFO - Position manager data flow is normal
2025-09-05 14:53:56,824 - INFO - Current position: (0.021, 0.030, 0.042, 90.6°)
2025-09-05 14:53:56,824 - INFO - Using absolute coordinate system, ignoring takeoff position offset
2025-09-05 14:53:57,824 - INFO - Pre-flight stabilization to first waypoint: (0.000, 0.000, 0.500)
2025-09-05 14:53:57,974 - INFO - Waypoint1: absolute coordinates(0.000, 0.000, 0.500, yaw=90.0°)
2025-09-05 14:53:57,974 - INFO - Flying to coordinate: (0.000, 0.000, 0.500)
2025-09-05 14:53:59,034 - INFO - Approaching target (error=0.140m), entering stabilization phase
2025-09-05 14:53:59,524 - INFO - Reached waypoint (error=0.023m, stable_count=30)
2025-09-05 14:54:00,124 - INFO - Waypoint2: absolute coordinates(0.700, 0.000, 0.500, yaw=90.0°)
2025-09-05 14:54:00,124 - INFO - Flying to coordinate: (0.700, 0.000, 0.500)
2025-09-05 14:54:01,185 - INFO - Approaching target (error=0.142m), entering stabilization phase
2025-09-05 14:54:03,575 - INFO - Reached waypoint (error=0.059m, stable_count=30)
2025-09-05 14:54:04,175 - INFO - Waypoint3: absolute coordinates(0.700, 0.700, 0.500, yaw=90.0°)
2025-09-05 14:54:04,175 - INFO - Flying to coordinate: (0.700, 0.700, 0.500)
2025-09-05 14:54:05,025 - INFO - Approaching target (error=0.099m), entering stabilization phase
2025-09-05 14:54:05,365 - INFO - Reached waypoint (error=0.054m, stable_count=30)
2025-09-05 14:54:05,965 - INFO - Waypoint4: absolute coordinates(0.000, 0.700, 0.500, yaw=90.0°)
2025-09-05 14:54:05,965 - INFO - Flying to coordinate: (0.000, 0.700, 0.500)
2025-09-05 14:54:06,825 - INFO - Approaching target (error=0.128m), entering stabilization phase
2025-09-05 14:54:11,915 - INFO - Reached waypoint (error=0.065m, stable_count=30)
2025-09-05 14:54:12,516 - INFO - Waypoint5: absolute coordinates(0.000, 0.000, 0.500, yaw=90.0°)
2025-09-05 14:54:12,516 - INFO - Flying to coordinate: (0.000, 0.000, 0.500)
2025-09-05 14:54:13,326 - INFO - Approaching target (error=0.133m), entering stabilization phase
2025-09-05 14:54:13,716 - INFO - Reached waypoint (error=0.031m, stable_count=30)
2025-09-05 14:54:14,316 - INFO - Returning to origin and landing...
2025-09-05 14:54:14,316 - INFO - Flying to coordinate: (0.000, 0.000, 0.200)
2025-09-05 14:54:15,016 - INFO - Approaching target (error=0.143m), entering stabilization phase
2025-09-05 14:54:15,856 - INFO - Reached waypoint (error=0.058m, stable_count=30)
2025-09-05 14:54:15,856 - INFO - Landing...
2025-09-05 14:54:15,859 - INFO - Landing complete
2025-09-05 14:54:15,866 - INFO - Have successfully stopped logging for id=6
2025-09-05 14:54:15,960 - INFO - Position manager stopped
2025-09-05 14:54:15,964 - INFO - Flight mission complete
2025-09-05 14:54:15,964 - INFO - Stopping data collector...
2025-09-05 14:54:15,967 - INFO - Collection complete - stats: {'created': 2125, 'complete': 2124, 'merged': 0, 'dropped': 0}
2025-09-05 14:54:15,980 - INFO - Have successfully stopped logging for id=4
2025-09-05 14:54:15,992 - INFO - Have successfully stopped logging for id=5
2025-09-05 14:54:16,040 - INFO - Data saved: training_data/square_large_20250905_145415.json
2025-09-05 14:54:16,040 - INFO - States: 2124, Commands: 1553, Duration: 21.2s
2025-09-05 14:54:16,040 - INFO - Successfully saved 2124 state data points
2025-09-05 14:54:16,040 - INFO - Successfully saved 1553 control commands
2025-09-05 14:54:16,040 - INFO - Closing link
2025-09-05 14:54:16,041 - INFO - Callback->Disconnected from [radio://0/80/2M/E7E7E7E7E6]
