2025-09-04 14:09:53,408 - INFO - === Fixed continuous data collector ===
2025-09-04 14:09:53,408 - INFO - Mission: vertical_med
2025-09-04 14:09:53,408 - INFO - Waypoints (absolute coordinates): [(0, 0, 0.4), (0, 0, 0.8), (0, 0, 0.4)]
2025-09-04 14:09:53,409 - INFO - Callback->Connection initialized[radio://0/80/2M/E7E7E7E7E6]
2025-09-04 14:09:53,658 - INFO - We are connected[radio://0/80/2M/E7E7E7E7E6], request connection setup
2025-09-04 14:09:53,658 - INFO - Request _request_protocol_version()
2025-09-04 14:09:53,661 - INFO - Callback->Connected to [radio://0/80/2M/E7E7E7E7E6]
2025-09-04 14:09:53,668 - INFO - _crt_service_callback
2025-09-04 14:09:53,668 - INFO - Request protocol version
2025-09-04 14:09:53,673 - INFO - _platform_callback
2025-09-04 14:09:53,674 - INFO - Protocol version (platform): 9
2025-09-04 14:09:53,686 - INFO - TOC for port [5] found in cache
2025-09-04 14:09:53,686 - INFO - Log TOC finished updating
2025-09-04 14:09:53,691 - INFO - 6 memories found
2025-09-04 14:09:53,773 - INFO - Memories finished updating
2025-09-04 14:09:53,779 - INFO - TOC for port [2] found in cache
2025-09-04 14:09:54,395 - INFO - Param TOC finished updating
2025-09-04 14:09:54,395 - INFO - Callback->Connection setup finished [radio://0/80/2M/E7E7E7E7E6]
2025-09-04 14:09:54,396 - INFO - Connected: radio://0/80/2M/E7E7E7E7E6
2025-09-04 14:09:54,406 - INFO - Have successfully started logging for id=1
2025-09-04 14:09:54,506 - INFO - Battery: 3.86V (safe)
2025-09-04 14:09:54,506 - INFO - Battery check passed: 3.86V
2025-09-04 14:09:54,506 - INFO - Initializing position estimator to origin...
2025-09-04 14:09:54,509 - INFO - Have successfully stopped logging for id=1
2025-09-04 14:09:54,510 - INFO - Have successfully deleted id=1
2025-09-04 14:09:55,666 - INFO - All parameters updated
2025-09-04 14:09:55,666 - INFO - Callback->Connection completed [radio://0/80/2M/E7E7E7E7E6]
2025-09-04 14:09:55,777 - INFO - Have successfully started logging for id=2
2025-09-04 14:10:02,271 - INFO - Waiting for position estimator...
2025-09-04 14:10:02,274 - INFO - Have successfully stopped logging for id=2
2025-09-04 14:10:02,274 - INFO - Have successfully deleted id=2
2025-09-04 14:10:02,280 - INFO - Have successfully started logging for id=3
2025-09-04 14:10:03,279 - INFO - Position estimator ready
2025-09-04 14:10:03,280 - INFO - Controller parameters optimized
2025-09-04 14:10:03,283 - INFO - Have successfully stopped logging for id=3
2025-09-04 14:10:03,284 - INFO - Have successfully deleted id=3
2025-09-04 14:10:05,609 - INFO - Start collection (slot:10ms)
2025-09-04 14:10:05,610 - INFO - Data collector started
2025-09-04 14:10:05,611 - INFO - Position manager started
2025-09-04 14:10:05,621 - INFO - Have successfully started logging for id=4
2025-09-04 14:10:05,623 - INFO - Have successfully started logging for id=5
2025-09-04 14:10:05,624 - INFO - Have successfully started logging for id=6
2025-09-04 14:10:05,711 - INFO - Position manager data flow is normal
2025-09-04 14:10:07,711 - INFO - Current position: (0.022, 0.042, 0.018, 89.6°)
2025-09-04 14:10:07,711 - INFO - Using absolute coordinate system, ignoring takeoff position offset
2025-09-04 14:10:08,712 - INFO - Pre-flight stabilization to first waypoint: (0.000, 0.000, 0.400)
2025-09-04 14:10:08,865 - INFO - Waypoint1: absolute coordinates(0.000, 0.000, 0.400, yaw=90.0°)
2025-09-04 14:10:08,865 - INFO - Flying to coordinate: (0.000, 0.000, 0.400)
2025-09-04 14:10:18,865 - WARNING - Waypoint timeout 10.0s (final error may still be acceptable)
2025-09-04 14:10:18,865 - WARNING - Waypoint1 not fully reached, continuing execution
2025-09-04 14:10:19,466 - INFO - Waypoint2: absolute coordinates(0.000, 0.000, 0.800, yaw=90.0°)
2025-09-04 14:10:19,466 - INFO - Flying to coordinate: (0.000, 0.000, 0.800)
2025-09-04 14:10:19,743 - INFO - Have successfully stopped logging for id=6
2025-09-04 14:10:19,837 - INFO - Position manager stopped
2025-09-04 14:10:19,838 - INFO - Stopping data collector...
2025-09-04 14:10:19,841 - INFO - Collection complete - stats: {'created': 1423, 'complete': 1422, 'merged': 0, 'dropped': 0}
2025-09-04 14:10:19,847 - INFO - Have successfully stopped logging for id=4
2025-09-04 14:10:19,848 - INFO - Have successfully stopped logging for id=5
2025-09-04 14:10:19,892 - INFO - Data saved: training_data/vertical_med_20250904_141019.json
2025-09-04 14:10:19,892 - INFO - States: 1422, Commands: 1055, Duration: 14.2s
2025-09-04 14:10:19,892 - INFO - Successfully saved 1422 state data points
2025-09-04 14:10:19,892 - INFO - Successfully saved 1055 control commands
2025-09-04 14:10:19,892 - INFO - Closing link
2025-09-04 14:10:19,892 - INFO - Callback->Disconnected from [radio://0/80/2M/E7E7E7E7E6]
2025-09-04 14:10:19,945 - INFO - User interrupted
