2025-09-05 13:40:33,558 - INFO - === Fixed continuous data collector ===
2025-09-05 13:40:33,558 - INFO - Mission: square_med
2025-09-05 13:40:33,558 - INFO - Waypoints (absolute coordinates): [(0, 0, 0.4), (0.5, 0, 0.4), (0.5, 0.5, 0.4), (0, 0.5, 0.4), (0, 0, 0.4)]
2025-09-05 13:40:33,559 - INFO - Callback->Connection initialized[radio://0/80/2M/E7E7E7E7E6]
2025-09-05 13:40:33,810 - INFO - We are connected[radio://0/80/2M/E7E7E7E7E6], request connection setup
2025-09-05 13:40:33,811 - INFO - Request _request_protocol_version()
2025-09-05 13:40:33,815 - INFO - Callback->Connected to [radio://0/80/2M/E7E7E7E7E6]
2025-09-05 13:40:33,892 - INFO - _crt_service_callback
2025-09-05 13:40:33,892 - INFO - Request protocol version
2025-09-05 13:40:33,895 - INFO - _platform_callback
2025-09-05 13:40:33,896 - INFO - Protocol version (platform): 9
2025-09-05 13:40:33,906 - INFO - TOC for port [5] found in cache
2025-09-05 13:40:33,906 - INFO - Log TOC finished updating
2025-09-05 13:40:33,909 - INFO - 6 memories found
2025-09-05 13:40:33,987 - INFO - Memories finished updating
2025-09-05 13:40:33,992 - INFO - TOC for port [2] found in cache
2025-09-05 13:40:34,467 - INFO - Param TOC finished updating
2025-09-05 13:40:34,467 - INFO - Callback->Connection setup finished [radio://0/80/2M/E7E7E7E7E6]
2025-09-05 13:40:34,468 - INFO - Connected: radio://0/80/2M/E7E7E7E7E6
2025-09-05 13:40:34,478 - INFO - Have successfully started logging for id=1
2025-09-05 13:40:34,576 - INFO - Battery: 4.12V (safe)
2025-09-05 13:40:34,577 - INFO - Battery check passed: 4.12V
2025-09-05 13:40:34,577 - INFO - Initializing position estimator to origin...
2025-09-05 13:40:34,580 - INFO - Have successfully stopped logging for id=1
2025-09-05 13:40:34,581 - INFO - Have successfully deleted id=1
2025-09-05 13:40:35,726 - INFO - All parameters updated
2025-09-05 13:40:35,726 - INFO - Callback->Connection completed [radio://0/80/2M/E7E7E7E7E6]
2025-09-05 13:40:35,835 - INFO - Have successfully started logging for id=2
2025-09-05 13:40:42,334 - INFO - Waiting for position estimator...
2025-09-05 13:40:42,338 - INFO - Have successfully stopped logging for id=2
2025-09-05 13:40:42,339 - INFO - Have successfully deleted id=2
2025-09-05 13:40:42,346 - INFO - Have successfully started logging for id=3
2025-09-05 13:40:43,344 - INFO - Position estimator ready
2025-09-05 13:40:43,345 - INFO - Controller parameters optimized
2025-09-05 13:40:43,349 - INFO - Have successfully stopped logging for id=3
2025-09-05 13:40:43,350 - INFO - Have successfully deleted id=3
2025-09-05 13:40:53,552 - INFO - Start collection (slot:10ms)
2025-09-05 13:40:53,553 - INFO - Data collector started
2025-09-05 13:40:53,554 - INFO - Position manager started
2025-09-05 13:40:53,561 - INFO - Have successfully started logging for id=4
2025-09-05 13:40:53,565 - INFO - Have successfully started logging for id=5
2025-09-05 13:40:53,566 - INFO - Have successfully started logging for id=6
2025-09-05 13:40:53,654 - INFO - Position manager data flow is normal
2025-09-05 13:40:55,654 - INFO - Current position: (0.049, 0.041, 0.010, 89.7°)
2025-09-05 13:40:55,654 - INFO - Using absolute coordinate system, ignoring takeoff position offset
2025-09-05 13:40:56,655 - INFO - Pre-flight stabilization to first waypoint: (0.000, 0.000, 0.400)
2025-09-05 13:40:56,811 - INFO - Waypoint1: absolute coordinates(0.000, 0.000, 0.400, yaw=90.0°)
2025-09-05 13:40:56,811 - INFO - Flying to coordinate: (0.000, 0.000, 0.400)
2025-09-05 13:40:57,821 - INFO - Approaching target (error=0.145m), entering stabilization phase
2025-09-05 13:40:58,411 - INFO - Reached waypoint (error=0.031m, stable_count=30)
2025-09-05 13:40:59,012 - INFO - Waypoint2: absolute coordinates(0.500, 0.000, 0.400, yaw=90.0°)
2025-09-05 13:40:59,012 - INFO - Flying to coordinate: (0.500, 0.000, 0.400)
2025-09-05 13:40:59,812 - INFO - Approaching target (error=0.138m), entering stabilization phase
2025-09-05 13:41:01,652 - INFO - Reached waypoint (error=0.066m, stable_count=30)
2025-09-05 13:41:02,252 - INFO - Waypoint3: absolute coordinates(0.500, 0.500, 0.400, yaw=90.0°)
2025-09-05 13:41:02,252 - INFO - Flying to coordinate: (0.500, 0.500, 0.400)
2025-09-05 13:41:02,913 - INFO - Approaching target (error=0.137m), entering stabilization phase
2025-09-05 13:41:03,963 - INFO - Reached waypoint (error=0.037m, stable_count=30)
2025-09-05 13:41:04,563 - INFO - Waypoint4: absolute coordinates(0.000, 0.500, 0.400, yaw=90.0°)
2025-09-05 13:41:04,563 - INFO - Flying to coordinate: (0.000, 0.500, 0.400)
2025-09-05 13:41:05,263 - INFO - Approaching target (error=0.120m), entering stabilization phase
2025-09-05 13:41:05,653 - INFO - Reached waypoint (error=0.060m, stable_count=30)
2025-09-05 13:41:06,253 - INFO - Waypoint5: absolute coordinates(0.000, 0.000, 0.400, yaw=90.0°)
2025-09-05 13:41:06,253 - INFO - Flying to coordinate: (0.000, 0.000, 0.400)
2025-09-05 13:41:06,964 - INFO - Approaching target (error=0.142m), entering stabilization phase
2025-09-05 13:41:07,404 - INFO - Reached waypoint (error=0.043m, stable_count=30)
2025-09-05 13:41:08,005 - INFO - Returning to origin and landing...
2025-09-05 13:41:08,005 - INFO - Flying to coordinate: (0.000, 0.000, 0.200)
2025-09-05 13:41:08,555 - INFO - Approaching target (error=0.139m), entering stabilization phase
2025-09-05 13:41:09,295 - INFO - Reached waypoint (error=0.059m, stable_count=30)
2025-09-05 13:41:09,295 - INFO - Landing...
2025-09-05 13:41:09,297 - INFO - Landing complete
2025-09-05 13:41:09,304 - INFO - Have successfully stopped logging for id=6
2025-09-05 13:41:09,398 - INFO - Position manager stopped
2025-09-05 13:41:09,400 - INFO - Flight mission complete
2025-09-05 13:41:09,400 - INFO - Stopping data collector...
2025-09-05 13:41:09,404 - INFO - Collection complete - stats: {'created': 1586, 'complete': 1584, 'merged': 0, 'dropped': 1}
2025-09-05 13:41:09,411 - INFO - Have successfully stopped logging for id=4
2025-09-05 13:41:09,418 - INFO - Have successfully stopped logging for id=5
2025-09-05 13:41:09,459 - INFO - Data saved: training_data/square_med_20250905_134109.json
2025-09-05 13:41:09,459 - INFO - States: 1584, Commands: 1015, Duration: 15.8s
2025-09-05 13:41:09,460 - INFO - Successfully saved 1584 state data points
2025-09-05 13:41:09,460 - INFO - Successfully saved 1015 control commands
2025-09-05 13:41:09,460 - INFO - Closing link
2025-09-05 13:41:09,460 - INFO - Callback->Disconnected from [radio://0/80/2M/E7E7E7E7E6]
