2025-09-05 15:57:57,135 - INFO - === Fixed continuous data collector ===
2025-09-05 15:57:57,135 - INFO - Mission: triangle_small
2025-09-05 15:57:57,135 - INFO - Waypoints (absolute coordinates): [(0, 0, 0.6), (0.4, 0, 0.6), (0.2, 0.4, 0.6), (0, 0, 0.6)]
2025-09-05 15:57:57,136 - INFO - Callback->Connection initialized[radio://0/80/2M/E7E7E7E7E6]
2025-09-05 15:57:57,385 - INFO - We are connected[radio://0/80/2M/E7E7E7E7E6], request connection setup
2025-09-05 15:57:57,386 - INFO - Request _request_protocol_version()
2025-09-05 15:57:57,388 - INFO - Callback->Connected to [radio://0/80/2M/E7E7E7E7E6]
2025-09-05 15:57:57,394 - INFO - _crt_service_callback
2025-09-05 15:57:57,394 - INFO - Request protocol version
2025-09-05 15:57:57,400 - INFO - _platform_callback
2025-09-05 15:57:57,400 - INFO - Protocol version (platform): 9
2025-09-05 15:57:57,415 - INFO - TOC for port [5] found in cache
2025-09-05 15:57:57,415 - INFO - Log TOC finished updating
2025-09-05 15:57:57,420 - INFO - 6 memories found
2025-09-05 15:57:57,510 - INFO - Memories finished updating
2025-09-05 15:57:57,515 - INFO - TOC for port [2] found in cache
2025-09-05 15:57:58,011 - INFO - Param TOC finished updating
2025-09-05 15:57:58,011 - INFO - Callback->Connection setup finished [radio://0/80/2M/E7E7E7E7E6]
2025-09-05 15:57:58,011 - INFO - Connected: radio://0/80/2M/E7E7E7E7E6
2025-09-05 15:57:58,022 - INFO - Have successfully started logging for id=1
2025-09-05 15:57:58,122 - INFO - Battery: 3.82V (safe)
2025-09-05 15:57:58,122 - INFO - Battery check passed: 3.82V
2025-09-05 15:57:58,123 - INFO - Initializing position estimator to origin...
2025-09-05 15:57:58,126 - INFO - Have successfully stopped logging for id=1
2025-09-05 15:57:58,128 - INFO - Have successfully deleted id=1
2025-09-05 15:57:59,469 - INFO - All parameters updated
2025-09-05 15:57:59,469 - INFO - Callback->Connection completed [radio://0/80/2M/E7E7E7E7E6]
2025-09-05 15:57:59,582 - INFO - Have successfully started logging for id=2
2025-09-05 15:58:06,577 - INFO - Waiting for position estimator...
2025-09-05 15:58:06,581 - INFO - Have successfully stopped logging for id=2
2025-09-05 15:58:06,582 - INFO - Have successfully deleted id=2
2025-09-05 15:58:06,587 - INFO - Have successfully started logging for id=3
2025-09-05 15:58:07,586 - INFO - Position estimator ready
2025-09-05 15:58:07,587 - INFO - Controller parameters optimized
2025-09-05 15:58:07,589 - INFO - Have successfully stopped logging for id=3
2025-09-05 15:58:07,591 - INFO - Have successfully deleted id=3
2025-09-05 15:58:10,826 - INFO - Start collection (slot:10ms)
2025-09-05 15:58:10,827 - INFO - Data collector started
2025-09-05 15:58:10,828 - INFO - Position manager started
2025-09-05 15:58:10,842 - INFO - Have successfully started logging for id=4
2025-09-05 15:58:10,844 - INFO - Have successfully started logging for id=5
2025-09-05 15:58:10,845 - INFO - Have successfully started logging for id=6
2025-09-05 15:58:10,928 - INFO - Position manager data flow is normal
2025-09-05 15:58:12,928 - INFO - Current position: (-0.039, 0.018, 0.002, 89.4°)
2025-09-05 15:58:12,928 - INFO - Using absolute coordinate system, ignoring takeoff position offset
2025-09-05 15:58:13,929 - INFO - Pre-flight stabilization to first waypoint: (0.000, 0.000, 0.600)
2025-09-05 15:58:14,079 - INFO - Waypoint1: absolute coordinates(0.000, 0.000, 0.600, yaw=90.0°)
2025-09-05 15:58:14,079 - INFO - Flying to coordinate: (0.000, 0.000, 0.600)
2025-09-05 15:58:15,099 - INFO - Approaching target (error=0.141m), entering stabilization phase
2025-09-05 15:58:15,639 - INFO - Reached waypoint (error=0.037m, stable_count=30)
2025-09-05 15:58:16,239 - INFO - Waypoint2: absolute coordinates(0.400, 0.000, 0.600, yaw=90.0°)
2025-09-05 15:58:16,239 - INFO - Flying to coordinate: (0.400, 0.000, 0.600)
2025-09-05 15:58:16,939 - INFO - Approaching target (error=0.135m), entering stabilization phase
2025-09-05 15:58:18,497 - WARNING - Control timing drift detected - resyncing
2025-09-05 15:58:19,630 - INFO - Reached waypoint (error=0.069m, stable_count=30)
2025-09-05 15:58:20,232 - INFO - Waypoint3: absolute coordinates(0.200, 0.400, 0.600, yaw=90.0°)
2025-09-05 15:58:20,232 - INFO - Flying to coordinate: (0.200, 0.400, 0.600)
2025-09-05 15:58:20,892 - INFO - Approaching target (error=0.120m), entering stabilization phase
2025-09-05 15:58:21,282 - INFO - Reached waypoint (error=0.040m, stable_count=30)
2025-09-05 15:58:21,882 - INFO - Waypoint4: absolute coordinates(0.000, 0.000, 0.600, yaw=90.0°)
2025-09-05 15:58:21,882 - INFO - Flying to coordinate: (0.000, 0.000, 0.600)
2025-09-05 15:58:22,642 - INFO - Approaching target (error=0.141m), entering stabilization phase
2025-09-05 15:58:23,132 - INFO - Reached waypoint (error=0.068m, stable_count=30)
2025-09-05 15:58:23,732 - INFO - Returning to origin and landing...
2025-09-05 15:58:23,732 - INFO - Flying to coordinate: (0.000, 0.000, 0.200)
2025-09-05 15:58:24,603 - INFO - Approaching target (error=0.139m), entering stabilization phase
2025-09-05 15:58:26,083 - INFO - Reached waypoint (error=0.078m, stable_count=30)
2025-09-05 15:58:26,083 - INFO - Landing...
2025-09-05 15:58:26,084 - INFO - Landing complete
2025-09-05 15:58:26,091 - INFO - Have successfully stopped logging for id=6
2025-09-05 15:58:26,185 - INFO - Position manager stopped
2025-09-05 15:58:26,187 - INFO - Flight mission complete
2025-09-05 15:58:26,187 - INFO - Stopping data collector...
2025-09-05 15:58:26,190 - INFO - Collection complete - stats: {'created': 1535, 'complete': 1535, 'merged': 0, 'dropped': 0}
2025-09-05 15:58:26,198 - INFO - Have successfully stopped logging for id=4
2025-09-05 15:58:26,202 - INFO - Have successfully stopped logging for id=5
2025-09-05 15:58:26,243 - INFO - Data saved: training_data/triangle_small_20250905_155826.json
2025-09-05 15:58:26,243 - INFO - States: 1535, Commands: 1014, Duration: 15.4s
2025-09-05 15:58:26,244 - INFO - Successfully saved 1535 state data points
2025-09-05 15:58:26,244 - INFO - Successfully saved 1014 control commands
2025-09-05 15:58:26,244 - INFO - Closing link
2025-09-05 15:58:26,245 - INFO - Callback->Disconnected from [radio://0/80/2M/E7E7E7E7E6]
