2025-09-05 17:13:53,902 - INFO - === Fixed continuous data collector ===
2025-09-05 17:13:53,903 - INFO - Mission: triangle_large
2025-09-05 17:13:53,903 - INFO - Waypoints (absolute coordinates): [(0, 0, 0.6), (0.8, 0, 0.6), (0.4, 0.6, 0.6), (0, 0, 0.6)]
2025-09-05 17:13:53,903 - INFO - Callback->Connection initialized[radio://0/80/2M/E7E7E7E7E6]
2025-09-05 17:13:54,154 - INFO - We are connected[radio://0/80/2M/E7E7E7E7E6], request connection setup
2025-09-05 17:13:54,154 - INFO - Request _request_protocol_version()
2025-09-05 17:13:54,156 - INFO - Callback->Connected to [radio://0/80/2M/E7E7E7E7E6]
2025-09-05 17:13:54,160 - INFO - _crt_service_callback
2025-09-05 17:13:54,160 - INFO - Request protocol version
2025-09-05 17:13:54,163 - INFO - _platform_callback
2025-09-05 17:13:54,163 - INFO - Protocol version (platform): 9
2025-09-05 17:13:54,172 - INFO - TOC for port [5] found in cache
2025-09-05 17:13:54,172 - INFO - Log TOC finished updating
2025-09-05 17:13:54,175 - INFO - 6 memories found
2025-09-05 17:13:54,254 - INFO - Memories finished updating
2025-09-05 17:13:54,260 - INFO - TOC for port [2] found in cache
2025-09-05 17:13:54,670 - INFO - Param TOC finished updating
2025-09-05 17:13:54,670 - INFO - Callback->Connection setup finished [radio://0/80/2M/E7E7E7E7E6]
2025-09-05 17:13:54,672 - INFO - Connected: radio://0/80/2M/E7E7E7E7E6
2025-09-05 17:13:54,680 - INFO - Have successfully started logging for id=1
2025-09-05 17:13:54,779 - INFO - Battery: 3.95V (safe)
2025-09-05 17:13:54,780 - INFO - Battery check passed: 3.95V
2025-09-05 17:13:54,780 - INFO - Initializing position estimator to origin...
2025-09-05 17:13:54,782 - INFO - Have successfully stopped logging for id=1
2025-09-05 17:13:54,783 - INFO - Have successfully deleted id=1
2025-09-05 17:13:55,741 - INFO - All parameters updated
2025-09-05 17:13:55,742 - INFO - Callback->Connection completed [radio://0/80/2M/E7E7E7E7E6]
2025-09-05 17:13:55,850 - INFO - Have successfully started logging for id=2
2025-09-05 17:14:02,346 - INFO - Waiting for position estimator...
2025-09-05 17:14:02,349 - INFO - Have successfully stopped logging for id=2
2025-09-05 17:14:02,350 - INFO - Have successfully deleted id=2
2025-09-05 17:14:02,354 - INFO - Have successfully started logging for id=3
2025-09-05 17:14:03,353 - INFO - Position estimator ready
2025-09-05 17:14:03,354 - INFO - Controller parameters optimized
2025-09-05 17:14:03,357 - INFO - Have successfully stopped logging for id=3
2025-09-05 17:14:03,360 - INFO - Have successfully deleted id=3
2025-09-05 17:14:06,872 - INFO - Start collection (slot:10ms)
2025-09-05 17:14:06,873 - INFO - Data collector started
2025-09-05 17:14:06,874 - INFO - Position manager started
2025-09-05 17:14:06,880 - INFO - Have successfully started logging for id=4
2025-09-05 17:14:06,881 - INFO - Have successfully started logging for id=5
2025-09-05 17:14:06,882 - INFO - Have successfully started logging for id=6
2025-09-05 17:14:06,974 - INFO - Position manager data flow is normal
2025-09-05 17:14:08,975 - INFO - Current position: (-0.007, -0.010, 0.024, 89.6°)
2025-09-05 17:14:08,975 - INFO - Using absolute coordinate system, ignoring takeoff position offset
2025-09-05 17:14:09,975 - INFO - Pre-flight stabilization to first waypoint: (0.000, 0.000, 0.600)
2025-09-05 17:14:10,125 - INFO - Waypoint1: absolute coordinates(0.000, 0.000, 0.600, yaw=90.0°)
2025-09-05 17:14:10,125 - INFO - Flying to coordinate: (0.000, 0.000, 0.600)
2025-09-05 17:14:11,135 - INFO - Approaching target (error=0.135m), entering stabilization phase
2025-09-05 17:14:11,625 - INFO - Reached waypoint (error=0.041m, stable_count=30)
2025-09-05 17:14:12,226 - INFO - Waypoint2: absolute coordinates(0.800, 0.000, 0.600, yaw=90.0°)
2025-09-05 17:14:12,226 - INFO - Flying to coordinate: (0.800, 0.000, 0.600)
2025-09-05 17:14:13,236 - INFO - Approaching target (error=0.145m), entering stabilization phase
2025-09-05 17:14:15,126 - INFO - Reached waypoint (error=0.040m, stable_count=30)
2025-09-05 17:14:15,727 - INFO - Waypoint3: absolute coordinates(0.400, 0.600, 0.600, yaw=90.0°)
2025-09-05 17:14:15,727 - INFO - Flying to coordinate: (0.400, 0.600, 0.600)
2025-09-05 17:14:16,487 - INFO - Approaching target (error=0.148m), entering stabilization phase
2025-09-05 17:14:18,217 - INFO - Reached waypoint (error=0.079m, stable_count=30)
2025-09-05 17:14:18,818 - INFO - Waypoint4: absolute coordinates(0.000, 0.000, 0.600, yaw=90.0°)
2025-09-05 17:14:18,818 - INFO - Flying to coordinate: (0.000, 0.000, 0.600)
2025-09-05 17:14:20,778 - INFO - Approaching target (error=0.144m), entering stabilization phase
2025-09-05 17:14:21,318 - INFO - Reached waypoint (error=0.033m, stable_count=30)
2025-09-05 17:14:21,918 - INFO - Returning to origin and landing...
2025-09-05 17:14:21,918 - INFO - Flying to coordinate: (0.000, 0.000, 0.200)
2025-09-05 17:14:22,778 - INFO - Approaching target (error=0.143m), entering stabilization phase
2025-09-05 17:14:25,018 - INFO - Reached waypoint (error=0.073m, stable_count=30)
2025-09-05 17:14:25,018 - INFO - Landing...
2025-09-05 17:14:25,019 - INFO - Landing complete
2025-09-05 17:14:25,023 - INFO - Have successfully stopped logging for id=6
2025-09-05 17:14:25,120 - INFO - Position manager stopped
2025-09-05 17:14:25,121 - INFO - Flight mission complete
2025-09-05 17:14:25,121 - INFO - Stopping data collector...
2025-09-05 17:14:25,123 - INFO - Collection complete - stats: {'created': 1825, 'complete': 1825, 'merged': 0, 'dropped': 0}
2025-09-05 17:14:25,136 - INFO - Have successfully stopped logging for id=4
2025-09-05 17:14:25,138 - INFO - Have successfully stopped logging for id=5
2025-09-05 17:14:25,186 - INFO - Data saved: training_data/triangle_large_20250905_171425.json
2025-09-05 17:14:25,186 - INFO - States: 1825, Commands: 1305, Duration: 18.2s
2025-09-05 17:14:25,187 - INFO - Successfully saved 1825 state data points
2025-09-05 17:14:25,187 - INFO - Successfully saved 1305 control commands
2025-09-05 17:14:25,187 - INFO - Closing link
2025-09-05 17:14:25,188 - INFO - Callback->Disconnected from [radio://0/80/2M/E7E7E7E7E6]
