2025-09-04 13:37:19,606 - INFO - === Fixed continuous data collector ===
2025-09-04 13:37:19,607 - INFO - Mission: vertical_med
2025-09-04 13:37:19,607 - INFO - Waypoints (absolute coordinates): [(0, 0, 0.4), (0, 0, 0.8), (0, 0, 0.4)]
2025-09-04 13:37:19,607 - INFO - Callback->Connection initialized[radio://0/80/2M/E7E7E7E7E6]
2025-09-04 13:37:19,857 - INFO - We are connected[radio://0/80/2M/E7E7E7E7E6], request connection setup
2025-09-04 13:37:19,857 - INFO - Request _request_protocol_version()
2025-09-04 13:37:19,861 - INFO - Callback->Connected to [radio://0/80/2M/E7E7E7E7E6]
2025-09-04 13:37:19,865 - INFO - _crt_service_callback
2025-09-04 13:37:19,865 - INFO - Request protocol version
2025-09-04 13:37:19,871 - INFO - _platform_callback
2025-09-04 13:37:19,871 - INFO - Protocol version (platform): 9
2025-09-04 13:37:19,882 - INFO - TOC for port [5] found in cache
2025-09-04 13:37:19,882 - INFO - Log TOC finished updating
2025-09-04 13:37:19,885 - INFO - 6 memories found
2025-09-04 13:37:19,960 - INFO - Memories finished updating
2025-09-04 13:37:19,966 - INFO - TOC for port [2] found in cache
2025-09-04 13:37:20,487 - INFO - Param TOC finished updating
2025-09-04 13:37:20,487 - INFO - Callback->Connection setup finished [radio://0/80/2M/E7E7E7E7E6]
2025-09-04 13:37:20,488 - INFO - Connected: radio://0/80/2M/E7E7E7E7E6
2025-09-04 13:37:20,500 - INFO - Have successfully started logging for id=1
2025-09-04 13:37:20,598 - INFO - Battery: 3.91V (safe)
2025-09-04 13:37:20,599 - INFO - Battery check passed: 3.91V
2025-09-04 13:37:20,599 - INFO - Initializing position estimator to origin...
2025-09-04 13:37:20,602 - INFO - Have successfully stopped logging for id=1
2025-09-04 13:37:20,604 - INFO - Have successfully deleted id=1
2025-09-04 13:37:21,775 - INFO - All parameters updated
2025-09-04 13:37:21,776 - INFO - Callback->Connection completed [radio://0/80/2M/E7E7E7E7E6]
2025-09-04 13:37:21,887 - INFO - Have successfully started logging for id=2
2025-09-04 13:37:28,383 - INFO - Waiting for position estimator...
2025-09-04 13:37:28,388 - INFO - Have successfully stopped logging for id=2
2025-09-04 13:37:28,391 - INFO - Have successfully deleted id=2
2025-09-04 13:37:28,396 - INFO - Have successfully started logging for id=3
2025-09-04 13:37:29,395 - INFO - Position estimator ready
2025-09-04 13:37:29,396 - INFO - Controller parameters optimized
2025-09-04 13:37:29,398 - INFO - Have successfully stopped logging for id=3
2025-09-04 13:37:29,399 - INFO - Have successfully deleted id=3
2025-09-04 13:37:32,630 - INFO - Start collection (slot:10ms)
2025-09-04 13:37:32,630 - INFO - Data collector started
2025-09-04 13:37:32,631 - INFO - Position manager started
2025-09-04 13:37:32,639 - INFO - Have successfully started logging for id=4
2025-09-04 13:37:32,641 - INFO - Have successfully started logging for id=5
2025-09-04 13:37:32,642 - INFO - Have successfully started logging for id=6
2025-09-04 13:37:32,732 - INFO - Position manager data flow is normal
2025-09-04 13:37:34,732 - INFO - Current position: (0.002, 0.068, -0.099, 90.0째)
2025-09-04 13:37:34,732 - INFO - Using absolute coordinate system, ignoring takeoff position offset
2025-09-04 13:37:35,732 - INFO - Pre-flight stabilization to first waypoint: (0.000, 0.000, 0.400)
2025-09-04 13:37:35,882 - INFO - Waypoint1: absolute coordinates(0.000, 0.000, 0.400, yaw=90.0째)
2025-09-04 13:37:35,882 - INFO - Flying to coordinate: (0.000, 0.000, 0.400)
2025-09-04 13:37:36,742 - INFO - Approaching target (error=0.138m), entering stabilization phase
2025-09-04 13:37:41,182 - INFO - Reached waypoint (error=0.072m, stable_count=30)
2025-09-04 13:37:41,783 - INFO - Waypoint2: absolute coordinates(0.000, 0.000, 0.800, yaw=90.0째)
2025-09-04 13:37:41,783 - INFO - Flying to coordinate: (0.000, 0.000, 0.800)
2025-09-04 13:37:42,393 - INFO - Approaching target (error=0.144m), entering stabilization phase
2025-09-04 13:37:42,983 - INFO - Reached waypoint (error=0.037m, stable_count=30)
2025-09-04 13:37:43,583 - INFO - Waypoint3: absolute coordinates(0.000, 0.000, 0.400, yaw=90.0째)
2025-09-04 13:37:43,583 - INFO - Flying to coordinate: (0.000, 0.000, 0.400)
2025-09-04 13:37:44,493 - INFO - Approaching target (error=0.136m), entering stabilization phase
2025-09-04 13:37:45,383 - INFO - Reached waypoint (error=0.041m, stable_count=30)
2025-09-04 13:37:45,984 - INFO - Returning to origin and landing...
2025-09-04 13:37:45,984 - INFO - Flying to coordinate: (0.000, 0.000, 0.200)
2025-09-04 13:37:46,384 - INFO - Approaching target (error=0.148m), entering stabilization phase
2025-09-04 13:37:47,024 - INFO - Reached waypoint (error=0.055m, stable_count=30)
2025-09-04 13:37:47,024 - INFO - Landing...
2025-09-04 13:37:47,024 - INFO - Landing complete
2025-09-04 13:37:47,030 - INFO - Have successfully stopped logging for id=6
2025-09-04 13:37:47,125 - INFO - Position manager stopped
2025-09-04 13:37:47,129 - INFO - Flight mission complete
2025-09-04 13:37:47,129 - INFO - Stopping data collector...
2025-09-04 13:37:47,131 - INFO - Collection complete - stats: {'created': 1450, 'complete': 1450, 'merged': 0, 'dropped': 0}
2025-09-04 13:37:47,139 - INFO - Have successfully stopped logging for id=4
2025-09-04 13:37:47,142 - INFO - Have successfully stopped logging for id=5
2025-09-04 13:37:47,182 - INFO - Data saved: training_data/vertical_med_20250904_133747.json
2025-09-04 13:37:47,182 - INFO - States: 1450, Commands: 979, Duration: 14.5s
2025-09-04 13:37:47,183 - INFO - Successfully saved 1450 state data points
2025-09-04 13:37:47,183 - INFO - Successfully saved 979 control commands
2025-09-04 13:37:47,183 - INFO - Closing link
2025-09-04 13:37:47,183 - INFO - Callback->Disconnected from [radio://0/80/2M/E7E7E7E7E6]
