2025-09-04 15:18:59,773 - INFO - === Fixed continuous data collector ===
2025-09-04 15:18:59,773 - INFO - Mission: vertical_large
2025-09-04 15:18:59,773 - INFO - Waypoints (absolute coordinates): [(0, 0, 0.5), (0, 0, 1.0), (0, 0, 0.5)]
2025-09-04 15:18:59,774 - INFO - Callback->Connection initialized[radio://0/80/2M/E7E7E7E7E6]
2025-09-04 15:19:00,024 - INFO - We are connected[radio://0/80/2M/E7E7E7E7E6], request connection setup
2025-09-04 15:19:00,024 - INFO - Request _request_protocol_version()
2025-09-04 15:19:00,029 - INFO - Callback->Connected to [radio://0/80/2M/E7E7E7E7E6]
2025-09-04 15:19:00,033 - INFO - _crt_service_callback
2025-09-04 15:19:00,033 - INFO - Request protocol version
2025-09-04 15:19:00,037 - INFO - _platform_callback
2025-09-04 15:19:00,037 - INFO - Protocol version (platform): 9
2025-09-04 15:19:00,053 - INFO - TOC for port [5] found in cache
2025-09-04 15:19:00,053 - INFO - Log TOC finished updating
2025-09-04 15:19:00,057 - INFO - 6 memories found
2025-09-04 15:19:00,139 - INFO - Memories finished updating
2025-09-04 15:19:00,145 - INFO - TOC for port [2] found in cache
2025-09-04 15:19:00,662 - INFO - Param TOC finished updating
2025-09-04 15:19:00,663 - INFO - Callback->Connection setup finished [radio://0/80/2M/E7E7E7E7E6]
2025-09-04 15:19:00,663 - INFO - Connected: radio://0/80/2M/E7E7E7E7E6
2025-09-04 15:19:00,673 - INFO - Have successfully started logging for id=1
2025-09-04 15:19:00,772 - INFO - Battery: 4.00V (safe)
2025-09-04 15:19:00,773 - INFO - Battery check passed: 4.00V
2025-09-04 15:19:00,773 - INFO - Initializing position estimator to origin...
2025-09-04 15:19:00,777 - INFO - Have successfully stopped logging for id=1
2025-09-04 15:19:00,778 - INFO - Have successfully deleted id=1
2025-09-04 15:19:02,140 - INFO - All parameters updated
2025-09-04 15:19:02,140 - INFO - Callback->Connection completed [radio://0/80/2M/E7E7E7E7E6]
2025-09-04 15:19:02,253 - INFO - Have successfully started logging for id=2
2025-09-04 15:19:08,749 - INFO - Waiting for position estimator...
2025-09-04 15:19:08,751 - INFO - Have successfully stopped logging for id=2
2025-09-04 15:19:08,752 - INFO - Have successfully deleted id=2
2025-09-04 15:19:08,757 - INFO - Have successfully started logging for id=3
2025-09-04 15:19:09,756 - INFO - Position estimator ready
2025-09-04 15:19:09,756 - INFO - Controller parameters optimized
2025-09-04 15:19:09,759 - INFO - Have successfully stopped logging for id=3
2025-09-04 15:19:09,760 - INFO - Have successfully deleted id=3
2025-09-04 15:19:13,449 - INFO - Start collection (slot:10ms)
2025-09-04 15:19:13,450 - INFO - Data collector started
2025-09-04 15:19:13,451 - INFO - Position manager started
2025-09-04 15:19:13,458 - INFO - Have successfully started logging for id=4
2025-09-04 15:19:13,462 - INFO - Have successfully started logging for id=5
2025-09-04 15:19:13,464 - INFO - Have successfully started logging for id=6
2025-09-04 15:19:13,552 - INFO - Position manager data flow is normal
2025-09-04 15:19:15,552 - INFO - Current position: (0.021, 0.032, 0.012, 90.3째)
2025-09-04 15:19:15,552 - INFO - Using absolute coordinate system, ignoring takeoff position offset
2025-09-04 15:19:16,552 - INFO - Pre-flight stabilization to first waypoint: (0.000, 0.000, 0.500)
2025-09-04 15:19:16,702 - INFO - Waypoint1: absolute coordinates(0.000, 0.000, 0.500, yaw=90.0째)
2025-09-04 15:19:16,702 - INFO - Flying to coordinate: (0.000, 0.000, 0.500)
2025-09-04 15:19:17,763 - INFO - Approaching target (error=0.143m), entering stabilization phase
2025-09-04 15:19:18,303 - INFO - Reached waypoint (error=0.040m, stable_count=30)
2025-09-04 15:19:18,906 - INFO - Waypoint2: absolute coordinates(0.000, 0.000, 1.000, yaw=90.0째)
2025-09-04 15:19:18,906 - INFO - Flying to coordinate: (0.000, 0.000, 1.000)
2025-09-04 15:19:19,467 - INFO - Approaching target (error=0.144m), entering stabilization phase
2025-09-04 15:19:19,907 - INFO - Reached waypoint (error=0.079m, stable_count=30)
2025-09-04 15:19:20,507 - INFO - Waypoint3: absolute coordinates(0.000, 0.000, 0.500, yaw=90.0째)
2025-09-04 15:19:20,507 - INFO - Flying to coordinate: (0.000, 0.000, 0.500)
2025-09-04 15:19:21,457 - INFO - Approaching target (error=0.146m), entering stabilization phase
2025-09-04 15:19:21,997 - INFO - Reached waypoint (error=0.036m, stable_count=30)
2025-09-04 15:19:22,599 - INFO - Returning to origin and landing...
2025-09-04 15:19:22,599 - INFO - Flying to coordinate: (0.000, 0.000, 0.200)
2025-09-04 15:19:23,309 - INFO - Approaching target (error=0.146m), entering stabilization phase
2025-09-04 15:19:23,999 - INFO - Reached waypoint (error=0.027m, stable_count=30)
2025-09-04 15:19:23,999 - INFO - Landing...
2025-09-04 15:19:23,999 - INFO - Landing complete
2025-09-04 15:19:24,005 - INFO - Have successfully stopped logging for id=6
2025-09-04 15:19:24,101 - INFO - Position manager stopped
2025-09-04 15:19:24,103 - INFO - Flight mission complete
2025-09-04 15:19:24,103 - INFO - Stopping data collector...
2025-09-04 15:19:24,105 - INFO - Collection complete - stats: {'created': 1065, 'complete': 1065, 'merged': 0, 'dropped': 0}
2025-09-04 15:19:24,113 - INFO - Have successfully stopped logging for id=4
2025-09-04 15:19:24,118 - INFO - Have successfully stopped logging for id=5
2025-09-04 15:19:24,142 - INFO - Data saved: training_data/vertical_large_20250904_151924.json
2025-09-04 15:19:24,142 - INFO - States: 1065, Commands: 596, Duration: 10.7s
2025-09-04 15:19:24,142 - INFO - Successfully saved 1065 state data points
2025-09-04 15:19:24,142 - INFO - Successfully saved 596 control commands
2025-09-04 15:19:24,142 - INFO - Closing link
2025-09-04 15:19:24,142 - INFO - Callback->Disconnected from [radio://0/80/2M/E7E7E7E7E6]
