2025-09-05 15:26:55,606 - INFO - === Fixed continuous data collector ===
2025-09-05 15:26:55,606 - INFO - Mission: triangle_small
2025-09-05 15:26:55,606 - INFO - Waypoints (absolute coordinates): [(0, 0, 0.6), (0.4, 0, 0.6), (0.2, 0.4, 0.6), (0, 0, 0.6)]
2025-09-05 15:26:55,607 - INFO - Callback->Connection initialized[radio://0/80/2M/E7E7E7E7E6]
2025-09-05 15:26:55,857 - INFO - We are connected[radio://0/80/2M/E7E7E7E7E6], request connection setup
2025-09-05 15:26:55,857 - INFO - Request _request_protocol_version()
2025-09-05 15:26:55,861 - INFO - Callback->Connected to [radio://0/80/2M/E7E7E7E7E6]
2025-09-05 15:26:55,867 - INFO - _crt_service_callback
2025-09-05 15:26:55,867 - INFO - Request protocol version
2025-09-05 15:26:55,872 - INFO - _platform_callback
2025-09-05 15:26:55,872 - INFO - Protocol version (platform): 9
2025-09-05 15:26:55,885 - INFO - TOC for port [5] found in cache
2025-09-05 15:26:55,885 - INFO - Log TOC finished updating
2025-09-05 15:26:55,892 - INFO - 6 memories found
2025-09-05 15:26:55,998 - INFO - Memories finished updating
2025-09-05 15:26:56,004 - INFO - TOC for port [2] found in cache
2025-09-05 15:26:56,528 - INFO - Param TOC finished updating
2025-09-05 15:26:56,528 - INFO - Callback->Connection setup finished [radio://0/80/2M/E7E7E7E7E6]
2025-09-05 15:26:56,530 - INFO - Connected: radio://0/80/2M/E7E7E7E7E6
2025-09-05 15:26:56,539 - INFO - Have successfully started logging for id=1
2025-09-05 15:26:56,638 - INFO - Battery: 4.08V (safe)
2025-09-05 15:26:56,639 - INFO - Battery check passed: 4.08V
2025-09-05 15:26:56,639 - INFO - Initializing position estimator to origin...
2025-09-05 15:26:56,642 - INFO - Have successfully stopped logging for id=1
2025-09-05 15:26:56,643 - INFO - Have successfully deleted id=1
2025-09-05 15:26:57,997 - INFO - All parameters updated
2025-09-05 15:26:57,997 - INFO - Callback->Connection completed [radio://0/80/2M/E7E7E7E7E6]
2025-09-05 15:26:58,106 - INFO - Have successfully started logging for id=2
2025-09-05 15:27:04,601 - INFO - Waiting for position estimator...
2025-09-05 15:27:04,604 - INFO - Have successfully stopped logging for id=2
2025-09-05 15:27:04,605 - INFO - Have successfully deleted id=2
2025-09-05 15:27:04,613 - INFO - Have successfully started logging for id=3
2025-09-05 15:27:05,611 - INFO - Position estimator ready
2025-09-05 15:27:05,612 - INFO - Controller parameters optimized
2025-09-05 15:27:05,616 - INFO - Have successfully stopped logging for id=3
2025-09-05 15:27:05,619 - INFO - Have successfully deleted id=3
2025-09-05 15:27:07,756 - INFO - Start collection (slot:10ms)
2025-09-05 15:27:07,757 - INFO - Data collector started
2025-09-05 15:27:07,758 - INFO - Position manager started
2025-09-05 15:27:07,766 - INFO - Have successfully started logging for id=4
2025-09-05 15:27:07,766 - INFO - Have successfully started logging for id=5
2025-09-05 15:27:07,768 - INFO - Have successfully started logging for id=6
2025-09-05 15:27:07,858 - INFO - Position manager data flow is normal
2025-09-05 15:27:09,859 - INFO - Current position: (0.007, 0.022, 0.032, 90.7°)
2025-09-05 15:27:09,859 - INFO - Using absolute coordinate system, ignoring takeoff position offset
2025-09-05 15:27:10,859 - INFO - Pre-flight stabilization to first waypoint: (0.000, 0.000, 0.600)
2025-09-05 15:27:11,009 - INFO - Waypoint1: absolute coordinates(0.000, 0.000, 0.600, yaw=90.0°)
2025-09-05 15:27:11,009 - INFO - Flying to coordinate: (0.000, 0.000, 0.600)
2025-09-05 15:27:12,019 - INFO - Approaching target (error=0.144m), entering stabilization phase
2025-09-05 15:27:12,559 - INFO - Reached waypoint (error=0.029m, stable_count=30)
2025-09-05 15:27:13,159 - INFO - Waypoint2: absolute coordinates(0.400, 0.000, 0.600, yaw=90.0°)
2025-09-05 15:27:13,159 - INFO - Flying to coordinate: (0.400, 0.000, 0.600)
2025-09-05 15:27:13,869 - INFO - Approaching target (error=0.134m), entering stabilization phase
2025-09-05 15:27:16,350 - WARNING - Control timing drift detected - resyncing
2025-09-05 15:27:16,724 - INFO - Reached waypoint (error=0.065m, stable_count=30)
2025-09-05 15:27:17,324 - INFO - Waypoint3: absolute coordinates(0.200, 0.400, 0.600, yaw=90.0°)
2025-09-05 15:27:17,324 - INFO - Flying to coordinate: (0.200, 0.400, 0.600)
2025-09-05 15:27:17,914 - INFO - Approaching target (error=0.139m), entering stabilization phase
2025-09-05 15:27:18,304 - INFO - Reached waypoint (error=0.063m, stable_count=30)
2025-09-05 15:27:18,905 - INFO - Waypoint4: absolute coordinates(0.000, 0.000, 0.600, yaw=90.0°)
2025-09-05 15:27:18,905 - INFO - Flying to coordinate: (0.000, 0.000, 0.600)
2025-09-05 15:27:19,815 - INFO - Approaching target (error=0.150m), entering stabilization phase
2025-09-05 15:27:21,155 - INFO - Reached waypoint (error=0.061m, stable_count=30)
2025-09-05 15:27:21,755 - INFO - Returning to origin and landing...
2025-09-05 15:27:21,755 - INFO - Flying to coordinate: (0.000, 0.000, 0.200)
2025-09-05 15:27:22,515 - INFO - Approaching target (error=0.143m), entering stabilization phase
2025-09-05 15:27:23,305 - INFO - Reached waypoint (error=0.062m, stable_count=30)
2025-09-05 15:27:23,305 - INFO - Landing...
2025-09-05 15:27:23,306 - INFO - Landing complete
2025-09-05 15:27:23,311 - INFO - Have successfully stopped logging for id=6
2025-09-05 15:27:23,407 - INFO - Position manager stopped
2025-09-05 15:27:23,409 - INFO - Flight mission complete
2025-09-05 15:27:23,409 - INFO - Stopping data collector...
2025-09-05 15:27:23,410 - INFO - Collection complete - stats: {'created': 1565, 'complete': 1565, 'merged': 0, 'dropped': 0}
2025-09-05 15:27:23,420 - INFO - Have successfully stopped logging for id=4
2025-09-05 15:27:23,422 - INFO - Have successfully stopped logging for id=5
2025-09-05 15:27:23,464 - INFO - Data saved: training_data/triangle_small_20250905_152723.json
2025-09-05 15:27:23,464 - INFO - States: 1565, Commands: 1037, Duration: 15.6s
2025-09-05 15:27:23,465 - INFO - Successfully saved 1565 state data points
2025-09-05 15:27:23,465 - INFO - Successfully saved 1037 control commands
2025-09-05 15:27:23,465 - INFO - Closing link
2025-09-05 15:27:23,465 - INFO - Callback->Disconnected from [radio://0/80/2M/E7E7E7E7E6]
