2025-09-04 12:16:22,959 - INFO - === Fixed continuous data collector ===
2025-09-04 12:16:22,959 - INFO - Mission: vertical_small
2025-09-04 12:16:22,959 - INFO - Waypoints (absolute coordinates): [(0, 0, 0.3), (0, 0, 0.6), (0, 0, 0.9), (0, 0, 0.6), (0, 0, 0.3)]
2025-09-04 12:16:22,960 - INFO - Callback->Connection initialized[radio://0/80/2M/E7E7E7E7E6]
2025-09-04 12:16:23,209 - INFO - We are connected[radio://0/80/2M/E7E7E7E7E6], request connection setup
2025-09-04 12:16:23,209 - INFO - Request _request_protocol_version()
2025-09-04 12:16:23,213 - INFO - Callback->Connected to [radio://0/80/2M/E7E7E7E7E6]
2025-09-04 12:16:23,300 - INFO - _crt_service_callback
2025-09-04 12:16:23,300 - INFO - Request protocol version
2025-09-04 12:16:23,304 - INFO - _platform_callback
2025-09-04 12:16:23,304 - INFO - Protocol version (platform): 9
2025-09-04 12:16:23,318 - INFO - TOC for port [5] found in cache
2025-09-04 12:16:23,318 - INFO - Log TOC finished updating
2025-09-04 12:16:23,322 - INFO - 6 memories found
2025-09-04 12:16:23,399 - INFO - Memories finished updating
2025-09-04 12:16:23,405 - INFO - TOC for port [2] found in cache
2025-09-04 12:16:24,063 - INFO - Param TOC finished updating
2025-09-04 12:16:24,063 - INFO - Callback->Connection setup finished [radio://0/80/2M/E7E7E7E7E6]
2025-09-04 12:16:24,064 - INFO - Connected: radio://0/80/2M/E7E7E7E7E6
2025-09-04 12:16:24,085 - INFO - Have successfully started logging for id=1
2025-09-04 12:16:24,184 - INFO - Battery: 3.93V (safe)
2025-09-04 12:16:24,185 - INFO - Battery check passed: 3.93V
2025-09-04 12:16:24,185 - INFO - Initializing position estimator to origin...
2025-09-04 12:16:24,190 - INFO - Have successfully stopped logging for id=1
2025-09-04 12:16:24,191 - INFO - Have successfully deleted id=1
2025-09-04 12:16:25,540 - INFO - All parameters updated
2025-09-04 12:16:25,540 - INFO - Callback->Connection completed [radio://0/80/2M/E7E7E7E7E6]
2025-09-04 12:16:25,653 - INFO - Have successfully started logging for id=2
2025-09-04 12:16:33,646 - INFO - Waiting for position estimator...
2025-09-04 12:16:33,649 - INFO - Have successfully stopped logging for id=2
2025-09-04 12:16:33,650 - INFO - Have successfully deleted id=2
2025-09-04 12:16:33,658 - INFO - Have successfully started logging for id=3
2025-09-04 12:16:34,658 - INFO - Position estimator ready
2025-09-04 12:16:34,659 - INFO - Controller parameters optimized
2025-09-04 12:16:34,662 - INFO - Have successfully stopped logging for id=3
2025-09-04 12:16:34,663 - INFO - Have successfully deleted id=3
2025-09-04 12:16:37,238 - INFO - Start collection (slot:10ms)
2025-09-04 12:16:37,241 - INFO - Data collector started
2025-09-04 12:16:37,242 - INFO - Position manager started
2025-09-04 12:16:37,249 - INFO - Have successfully started logging for id=4
2025-09-04 12:16:37,250 - INFO - Have successfully started logging for id=5
2025-09-04 12:16:37,252 - INFO - Have successfully started logging for id=6
2025-09-04 12:16:37,342 - INFO - Position manager data flow is normal
2025-09-04 12:16:39,342 - INFO - Current position: (0.031, 0.052, 0.007, 89.9°)
2025-09-04 12:16:39,342 - INFO - Using absolute coordinate system, ignoring takeoff position offset
2025-09-04 12:16:40,343 - INFO - Pre-flight stabilization to first waypoint: (0.000, 0.000, 0.300)
2025-09-04 12:16:40,493 - INFO - Waypoint1: absolute coordinates(0.000, 0.000, 0.300, yaw=90.0°)
2025-09-04 12:16:40,493 - INFO - Flying to coordinate: (0.000, 0.000, 0.300)
2025-09-04 12:16:41,453 - INFO - Approaching target (error=0.148m), entering stabilization phase
2025-09-04 12:16:42,193 - INFO - Reached waypoint (error=0.066m, stable_count=30)
2025-09-04 12:16:42,793 - INFO - Waypoint2: absolute coordinates(0.000, 0.000, 0.600, yaw=90.0°)
2025-09-04 12:16:42,793 - INFO - Flying to coordinate: (0.000, 0.000, 0.600)
2025-09-04 12:16:43,253 - INFO - Approaching target (error=0.145m), entering stabilization phase
2025-09-04 12:16:43,843 - INFO - Reached waypoint (error=0.070m, stable_count=30)
2025-09-04 12:16:44,444 - INFO - Waypoint3: absolute coordinates(0.000, 0.000, 0.900, yaw=90.0°)
2025-09-04 12:16:44,444 - INFO - Flying to coordinate: (0.000, 0.000, 0.900)
2025-09-04 12:16:44,804 - INFO - Approaching target (error=0.144m), entering stabilization phase
2025-09-04 12:16:45,394 - INFO - Reached waypoint (error=0.039m, stable_count=30)
2025-09-04 12:16:45,995 - INFO - Waypoint4: absolute coordinates(0.000, 0.000, 0.600, yaw=90.0°)
2025-09-04 12:16:45,995 - INFO - Flying to coordinate: (0.000, 0.000, 0.600)
2025-09-04 12:16:47,005 - INFO - Approaching target (error=0.136m), entering stabilization phase
2025-09-04 12:16:47,635 - INFO - Reached waypoint (error=0.062m, stable_count=30)
2025-09-04 12:16:48,236 - INFO - Waypoint5: absolute coordinates(0.000, 0.000, 0.300, yaw=90.0°)
2025-09-04 12:16:48,236 - INFO - Flying to coordinate: (0.000, 0.000, 0.300)
2025-09-04 12:16:48,896 - INFO - Approaching target (error=0.148m), entering stabilization phase
2025-09-04 12:16:49,586 - INFO - Reached waypoint (error=0.032m, stable_count=30)
2025-09-04 12:16:50,187 - INFO - Returning to origin and landing...
2025-09-04 12:16:50,187 - INFO - Flying to coordinate: (0.000, 0.000, 0.200)
2025-09-04 12:16:50,187 - INFO - Approaching target (error=0.084m), entering stabilization phase
2025-09-04 12:16:50,637 - INFO - Reached waypoint (error=0.062m, stable_count=30)
2025-09-04 12:16:50,637 - INFO - Landing...
2025-09-04 12:16:50,638 - INFO - Landing complete
2025-09-04 12:16:50,644 - INFO - Have successfully stopped logging for id=6
2025-09-04 12:16:50,739 - INFO - Position manager stopped
2025-09-04 12:16:50,742 - INFO - Flight mission complete
2025-09-04 12:16:50,742 - INFO - Stopping data collector...
2025-09-04 12:16:50,745 - INFO - Collection complete - stats: {'created': 1350, 'complete': 1350, 'merged': 0, 'dropped': 0}
2025-09-04 12:16:50,753 - INFO - Have successfully stopped logging for id=4
2025-09-04 12:16:50,760 - INFO - Have successfully stopped logging for id=5
2025-09-04 12:16:50,793 - INFO - Data saved: training_data/vertical_small_20250904_121650.json
2025-09-04 12:16:50,793 - INFO - States: 1350, Commands: 781, Duration: 13.5s
2025-09-04 12:16:50,794 - INFO - Successfully saved 1350 state data points
2025-09-04 12:16:50,794 - INFO - Successfully saved 781 control commands
2025-09-04 12:16:50,794 - INFO - Closing link
2025-09-04 12:16:50,794 - INFO - Callback->Disconnected from [radio://0/80/2M/E7E7E7E7E6]
