2025-09-04 12:07:38,849 - INFO - === Fixed continuous data collector ===
2025-09-04 12:07:38,849 - INFO - Mission: vertical_small
2025-09-04 12:07:38,849 - INFO - Waypoints (absolute coordinates): [(0, 0, 0.3), (0, 0, 0.6), (0, 0, 0.9), (0, 0, 0.6), (0, 0, 0.3)]
2025-09-04 12:07:38,850 - INFO - Callback->Connection initialized[radio://0/80/2M/E7E7E7E7E6]
2025-09-04 12:07:39,100 - INFO - We are connected[radio://0/80/2M/E7E7E7E7E6], request connection setup
2025-09-04 12:07:39,100 - INFO - Request _request_protocol_version()
2025-09-04 12:07:39,103 - INFO - Callback->Connected to [radio://0/80/2M/E7E7E7E7E6]
2025-09-04 12:07:39,108 - INFO - _crt_service_callback
2025-09-04 12:07:39,108 - INFO - Request protocol version
2025-09-04 12:07:39,111 - INFO - _platform_callback
2025-09-04 12:07:39,111 - INFO - Protocol version (platform): 9
2025-09-04 12:07:39,124 - INFO - TOC for port [5] found in cache
2025-09-04 12:07:39,124 - INFO - Log TOC finished updating
2025-09-04 12:07:39,128 - INFO - 6 memories found
2025-09-04 12:07:39,204 - INFO - Memories finished updating
2025-09-04 12:07:39,209 - INFO - TOC for port [2] found in cache
2025-09-04 12:07:39,674 - INFO - Param TOC finished updating
2025-09-04 12:07:39,674 - INFO - Callback->Connection setup finished [radio://0/80/2M/E7E7E7E7E6]
2025-09-04 12:07:39,675 - INFO - Connected: radio://0/80/2M/E7E7E7E7E6
2025-09-04 12:07:39,685 - INFO - Have successfully started logging for id=1
2025-09-04 12:07:39,783 - INFO - Battery: 3.84V (safe)
2025-09-04 12:07:39,784 - INFO - Battery check passed: 3.84V
2025-09-04 12:07:39,784 - INFO - Initializing position estimator to origin...
2025-09-04 12:07:39,787 - INFO - Have successfully stopped logging for id=1
2025-09-04 12:07:39,787 - INFO - Have successfully deleted id=1
2025-09-04 12:07:40,916 - INFO - All parameters updated
2025-09-04 12:07:40,916 - INFO - Callback->Connection completed [radio://0/80/2M/E7E7E7E7E6]
2025-09-04 12:07:41,027 - INFO - Have successfully started logging for id=2
2025-09-04 12:07:47,522 - INFO - Waiting for position estimator...
2025-09-04 12:07:47,524 - INFO - Have successfully stopped logging for id=2
2025-09-04 12:07:47,525 - INFO - Have successfully deleted id=2
2025-09-04 12:07:47,530 - INFO - Have successfully started logging for id=3
2025-09-04 12:07:48,529 - INFO - Position estimator ready
2025-09-04 12:07:48,529 - INFO - Controller parameters optimized
2025-09-04 12:07:48,532 - INFO - Have successfully stopped logging for id=3
2025-09-04 12:07:48,533 - INFO - Have successfully deleted id=3
2025-09-04 12:08:06,311 - INFO - Start collection (slot:10ms)
2025-09-04 12:08:06,312 - INFO - Data collector started
2025-09-04 12:08:06,314 - INFO - Position manager started
2025-09-04 12:08:06,322 - INFO - Have successfully started logging for id=4
2025-09-04 12:08:06,323 - INFO - Have successfully started logging for id=5
2025-09-04 12:08:06,324 - INFO - Have successfully started logging for id=6
2025-09-04 12:08:06,414 - INFO - Position manager data flow is normal
2025-09-04 12:08:08,414 - INFO - Current position: (0.040, 0.053, -0.015, 89.1°)
2025-09-04 12:08:08,414 - INFO - Using absolute coordinate system, ignoring takeoff position offset
2025-09-04 12:08:09,414 - INFO - Pre-flight stabilization to first waypoint: (0.000, 0.000, 0.300)
2025-09-04 12:08:09,564 - INFO - Waypoint1: absolute coordinates(0.000, 0.000, 0.300, yaw=90.0°)
2025-09-04 12:08:09,565 - INFO - Flying to coordinate: (0.000, 0.000, 0.300)
2025-09-04 12:08:10,675 - INFO - Approaching target (error=0.148m), entering stabilization phase
2025-09-04 12:08:13,196 - WARNING - Control timing drift detected - resyncing
2025-09-04 12:08:13,198 - WARNING - Control timing drift detected - resyncing
2025-09-04 12:08:14,358 - WARNING - Control timing drift detected - resyncing
2025-09-04 12:08:16,359 - INFO - Reached waypoint (error=0.046m, stable_count=30)
2025-09-04 12:08:16,959 - INFO - Waypoint2: absolute coordinates(0.000, 0.000, 0.600, yaw=90.0°)
2025-09-04 12:08:16,959 - INFO - Flying to coordinate: (0.000, 0.000, 0.600)
2025-09-04 12:08:17,520 - INFO - Approaching target (error=0.137m), entering stabilization phase
2025-09-04 12:08:18,110 - INFO - Reached waypoint (error=0.033m, stable_count=30)
2025-09-04 12:08:18,710 - INFO - Waypoint3: absolute coordinates(0.000, 0.000, 0.900, yaw=90.0°)
2025-09-04 12:08:18,710 - INFO - Flying to coordinate: (0.000, 0.000, 0.900)
2025-09-04 12:08:19,220 - INFO - Approaching target (error=0.140m), entering stabilization phase
2025-09-04 12:08:19,710 - INFO - Reached waypoint (error=0.021m, stable_count=30)
2025-09-04 12:08:20,310 - INFO - Waypoint4: absolute coordinates(0.000, 0.000, 0.600, yaw=90.0°)
2025-09-04 12:08:20,310 - INFO - Flying to coordinate: (0.000, 0.000, 0.600)
2025-09-04 12:08:21,220 - INFO - Approaching target (error=0.142m), entering stabilization phase
2025-09-04 12:08:21,710 - INFO - Reached waypoint (error=0.041m, stable_count=30)
2025-09-04 12:08:22,311 - INFO - Waypoint5: absolute coordinates(0.000, 0.000, 0.300, yaw=90.0°)
2025-09-04 12:08:22,311 - INFO - Flying to coordinate: (0.000, 0.000, 0.300)
2025-09-04 12:08:23,071 - INFO - Approaching target (error=0.144m), entering stabilization phase
2025-09-04 12:08:23,801 - INFO - Reached waypoint (error=0.063m, stable_count=30)
2025-09-04 12:08:24,401 - INFO - Returning to origin and landing...
2025-09-04 12:08:24,401 - INFO - Flying to coordinate: (0.000, 0.000, 0.200)
2025-09-04 12:08:24,401 - INFO - Approaching target (error=0.070m), entering stabilization phase
2025-09-04 12:08:24,701 - INFO - Reached waypoint (error=0.070m, stable_count=30)
2025-09-04 12:08:24,701 - INFO - Landing...
2025-09-04 12:08:24,702 - INFO - Landing complete
2025-09-04 12:08:24,707 - INFO - Have successfully stopped logging for id=6
2025-09-04 12:08:24,802 - INFO - Position manager stopped
2025-09-04 12:08:24,804 - INFO - Flight mission complete
2025-09-04 12:08:24,804 - INFO - Stopping data collector...
2025-09-04 12:08:24,806 - INFO - Collection complete - stats: {'created': 1849, 'complete': 1849, 'merged': 0, 'dropped': 0}
2025-09-04 12:08:24,813 - INFO - Have successfully stopped logging for id=4
2025-09-04 12:08:24,814 - INFO - Have successfully stopped logging for id=5
2025-09-04 12:08:24,872 - INFO - Data saved: training_data/vertical_small_20250904_120824.json
2025-09-04 12:08:24,872 - INFO - States: 1849, Commands: 1266, Duration: 18.5s
2025-09-04 12:08:24,872 - INFO - Successfully saved 1849 state data points
2025-09-04 12:08:24,872 - INFO - Successfully saved 1266 control commands
2025-09-04 12:08:24,872 - INFO - Closing link
2025-09-04 12:08:24,873 - INFO - Callback->Disconnected from [radio://0/80/2M/E7E7E7E7E6]
