2025-09-04 16:01:25,910 - INFO - === Fixed continuous data collector ===
2025-09-04 16:01:25,910 - INFO - Mission: vertical_large
2025-09-04 16:01:25,910 - INFO - Waypoints (absolute coordinates): [(0, 0, 0.5), (0, 0, 1.0), (0, 0, 0.5)]
2025-09-04 16:01:25,910 - INFO - Callback->Connection initialized[radio://0/80/2M/E7E7E7E7E6]
2025-09-04 16:01:26,160 - INFO - We are connected[radio://0/80/2M/E7E7E7E7E6], request connection setup
2025-09-04 16:01:26,161 - INFO - Request _request_protocol_version()
2025-09-04 16:01:26,166 - INFO - Callback->Connected to [radio://0/80/2M/E7E7E7E7E6]
2025-09-04 16:01:26,267 - INFO - _crt_service_callback
2025-09-04 16:01:26,267 - INFO - Request protocol version
2025-09-04 16:01:26,272 - INFO - _platform_callback
2025-09-04 16:01:26,272 - INFO - Protocol version (platform): 9
2025-09-04 16:01:26,284 - INFO - TOC for port [5] found in cache
2025-09-04 16:01:26,284 - INFO - Log TOC finished updating
2025-09-04 16:01:26,288 - INFO - 6 memories found
2025-09-04 16:01:26,370 - INFO - Memories finished updating
2025-09-04 16:01:26,377 - INFO - TOC for port [2] found in cache
2025-09-04 16:01:26,943 - INFO - Param TOC finished updating
2025-09-04 16:01:26,943 - INFO - Callback->Connection setup finished [radio://0/80/2M/E7E7E7E7E6]
2025-09-04 16:01:26,944 - INFO - Connected: radio://0/80/2M/E7E7E7E7E6
2025-09-04 16:01:26,956 - INFO - Have successfully started logging for id=1
2025-09-04 16:01:27,055 - INFO - Battery: 3.95V (safe)
2025-09-04 16:01:27,056 - INFO - Battery check passed: 3.95V
2025-09-04 16:01:27,056 - INFO - Initializing position estimator to origin...
2025-09-04 16:01:27,058 - INFO - Have successfully stopped logging for id=1
2025-09-04 16:01:27,059 - INFO - Have successfully deleted id=1
2025-09-04 16:01:28,292 - INFO - All parameters updated
2025-09-04 16:01:28,292 - INFO - Callback->Connection completed [radio://0/80/2M/E7E7E7E7E6]
2025-09-04 16:01:28,402 - INFO - Have successfully started logging for id=2
2025-09-04 16:01:34,896 - INFO - Waiting for position estimator...
2025-09-04 16:01:34,899 - INFO - Have successfully stopped logging for id=2
2025-09-04 16:01:34,900 - INFO - Have successfully deleted id=2
2025-09-04 16:01:34,905 - INFO - Have successfully started logging for id=3
2025-09-04 16:01:35,903 - INFO - Position estimator ready
2025-09-04 16:01:35,904 - INFO - Controller parameters optimized
2025-09-04 16:01:35,906 - INFO - Have successfully stopped logging for id=3
2025-09-04 16:01:35,907 - INFO - Have successfully deleted id=3
2025-09-04 16:01:48,714 - INFO - Start collection (slot:10ms)
2025-09-04 16:01:48,715 - INFO - Data collector started
2025-09-04 16:01:48,716 - INFO - Position manager started
2025-09-04 16:01:48,723 - INFO - Have successfully started logging for id=4
2025-09-04 16:01:48,724 - INFO - Have successfully started logging for id=5
2025-09-04 16:01:48,726 - INFO - Have successfully started logging for id=6
2025-09-04 16:01:48,816 - INFO - Position manager data flow is normal
2025-09-04 16:01:50,817 - INFO - Current position: (-0.013, 0.044, -0.005, 90.0째)
2025-09-04 16:01:50,817 - INFO - Using absolute coordinate system, ignoring takeoff position offset
2025-09-04 16:01:51,817 - INFO - Pre-flight stabilization to first waypoint: (0.000, 0.000, 0.500)
2025-09-04 16:01:51,967 - INFO - Waypoint1: absolute coordinates(0.000, 0.000, 0.500, yaw=90.0째)
2025-09-04 16:01:51,967 - INFO - Flying to coordinate: (0.000, 0.000, 0.500)
2025-09-04 16:01:52,978 - INFO - Approaching target (error=0.138m), entering stabilization phase
2025-09-04 16:01:53,468 - INFO - Reached waypoint (error=0.016m, stable_count=30)
2025-09-04 16:01:54,068 - INFO - Waypoint2: absolute coordinates(0.000, 0.000, 1.000, yaw=90.0째)
2025-09-04 16:01:54,068 - INFO - Flying to coordinate: (0.000, 0.000, 1.000)
2025-09-04 16:01:54,628 - INFO - Approaching target (error=0.148m), entering stabilization phase
2025-09-04 16:01:55,068 - INFO - Reached waypoint (error=0.054m, stable_count=30)
2025-09-04 16:01:55,668 - INFO - Waypoint3: absolute coordinates(0.000, 0.000, 0.500, yaw=90.0째)
2025-09-04 16:01:55,668 - INFO - Flying to coordinate: (0.000, 0.000, 0.500)
2025-09-04 16:01:56,728 - INFO - Approaching target (error=0.139m), entering stabilization phase
2025-09-04 16:01:57,319 - INFO - Reached waypoint (error=0.053m, stable_count=30)
2025-09-04 16:01:57,919 - INFO - Returning to origin and landing...
2025-09-04 16:01:57,919 - INFO - Flying to coordinate: (0.000, 0.000, 0.200)
2025-09-04 16:01:58,619 - INFO - Approaching target (error=0.144m), entering stabilization phase
2025-09-04 16:01:59,309 - INFO - Reached waypoint (error=0.026m, stable_count=30)
2025-09-04 16:01:59,309 - INFO - Landing...
2025-09-04 16:01:59,309 - INFO - Landing complete
2025-09-04 16:01:59,315 - INFO - Have successfully stopped logging for id=6
2025-09-04 16:01:59,410 - INFO - Position manager stopped
2025-09-04 16:01:59,412 - INFO - Flight mission complete
2025-09-04 16:01:59,412 - INFO - Stopping data collector...
2025-09-04 16:01:59,419 - INFO - Collection complete - stats: {'created': 1069, 'complete': 1069, 'merged': 0, 'dropped': 0}
2025-09-04 16:01:59,424 - INFO - Have successfully stopped logging for id=4
2025-09-04 16:01:59,427 - INFO - Have successfully stopped logging for id=5
2025-09-04 16:01:59,455 - INFO - Data saved: training_data/vertical_large_20250904_160159.json
2025-09-04 16:01:59,455 - INFO - States: 1069, Commands: 599, Duration: 10.7s
2025-09-04 16:01:59,455 - INFO - Successfully saved 1069 state data points
2025-09-04 16:01:59,455 - INFO - Successfully saved 599 control commands
2025-09-04 16:01:59,456 - INFO - Closing link
2025-09-04 16:01:59,456 - INFO - Callback->Disconnected from [radio://0/80/2M/E7E7E7E7E6]
