2025-09-05 16:32:33,743 - INFO - === Fixed continuous data collector ===
2025-09-05 16:32:33,743 - INFO - Mission: triangle_med
2025-09-05 16:32:33,743 - INFO - Waypoints (absolute coordinates): [(0, 0, 0.6), (0.5, 0, 0.6), (0.25, 0.5, 0.6), (0, 0, 0.6)]
2025-09-05 16:32:33,744 - INFO - Callback->Connection initialized[radio://0/80/2M/E7E7E7E7E6]
2025-09-05 16:32:33,993 - INFO - We are connected[radio://0/80/2M/E7E7E7E7E6], request connection setup
2025-09-05 16:32:33,994 - INFO - Request _request_protocol_version()
2025-09-05 16:32:33,997 - INFO - Callback->Connected to [radio://0/80/2M/E7E7E7E7E6]
2025-09-05 16:32:34,000 - INFO - _crt_service_callback
2025-09-05 16:32:34,000 - INFO - Request protocol version
2025-09-05 16:32:34,005 - INFO - _platform_callback
2025-09-05 16:32:34,005 - INFO - Protocol version (platform): 9
2025-09-05 16:32:34,014 - INFO - TOC for port [5] found in cache
2025-09-05 16:32:34,014 - INFO - Log TOC finished updating
2025-09-05 16:32:34,017 - INFO - 6 memories found
2025-09-05 16:32:34,095 - INFO - Memories finished updating
2025-09-05 16:32:34,100 - INFO - TOC for port [2] found in cache
2025-09-05 16:32:34,577 - INFO - Param TOC finished updating
2025-09-05 16:32:34,577 - INFO - Callback->Connection setup finished [radio://0/80/2M/E7E7E7E7E6]
2025-09-05 16:32:34,579 - INFO - Connected: radio://0/80/2M/E7E7E7E7E6
2025-09-05 16:32:34,587 - INFO - Have successfully started logging for id=1
2025-09-05 16:32:34,685 - INFO - Battery: 3.96V (safe)
2025-09-05 16:32:34,686 - INFO - Battery check passed: 3.96V
2025-09-05 16:32:34,686 - INFO - Initializing position estimator to origin...
2025-09-05 16:32:34,689 - INFO - Have successfully stopped logging for id=1
2025-09-05 16:32:34,690 - INFO - Have successfully deleted id=1
2025-09-05 16:32:35,723 - INFO - All parameters updated
2025-09-05 16:32:35,724 - INFO - Callback->Connection completed [radio://0/80/2M/E7E7E7E7E6]
2025-09-05 16:32:35,831 - INFO - Have successfully started logging for id=2
2025-09-05 16:32:42,328 - INFO - Waiting for position estimator...
2025-09-05 16:32:42,331 - INFO - Have successfully stopped logging for id=2
2025-09-05 16:32:42,334 - INFO - Have successfully deleted id=2
2025-09-05 16:32:42,338 - INFO - Have successfully started logging for id=3
2025-09-05 16:32:43,339 - INFO - Position estimator ready
2025-09-05 16:32:43,340 - INFO - Controller parameters optimized
2025-09-05 16:32:43,345 - INFO - Have successfully stopped logging for id=3
2025-09-05 16:32:43,346 - INFO - Have successfully deleted id=3
2025-09-05 16:32:45,954 - INFO - Start collection (slot:10ms)
2025-09-05 16:32:45,955 - INFO - Data collector started
2025-09-05 16:32:45,956 - INFO - Position manager started
2025-09-05 16:32:45,964 - INFO - Have successfully started logging for id=4
2025-09-05 16:32:45,965 - INFO - Have successfully started logging for id=5
2025-09-05 16:32:45,966 - INFO - Have successfully started logging for id=6
2025-09-05 16:32:46,057 - INFO - Position manager data flow is normal
2025-09-05 16:32:48,057 - INFO - Current position: (-0.008, 0.015, -0.002, 89.7°)
2025-09-05 16:32:48,057 - INFO - Using absolute coordinate system, ignoring takeoff position offset
2025-09-05 16:32:49,057 - INFO - Pre-flight stabilization to first waypoint: (0.000, 0.000, 0.600)
2025-09-05 16:32:49,208 - INFO - Waypoint1: absolute coordinates(0.000, 0.000, 0.600, yaw=90.0°)
2025-09-05 16:32:49,208 - INFO - Flying to coordinate: (0.000, 0.000, 0.600)
2025-09-05 16:32:50,268 - INFO - Approaching target (error=0.136m), entering stabilization phase
2025-09-05 16:32:50,758 - INFO - Reached waypoint (error=0.011m, stable_count=30)
2025-09-05 16:32:51,359 - INFO - Waypoint2: absolute coordinates(0.500, 0.000, 0.600, yaw=90.0°)
2025-09-05 16:32:51,359 - INFO - Flying to coordinate: (0.500, 0.000, 0.600)
2025-09-05 16:32:52,119 - INFO - Approaching target (error=0.121m), entering stabilization phase
2025-09-05 16:32:54,459 - INFO - Reached waypoint (error=0.074m, stable_count=30)
2025-09-05 16:32:55,059 - INFO - Waypoint3: absolute coordinates(0.250, 0.500, 0.600, yaw=90.0°)
2025-09-05 16:32:55,059 - INFO - Flying to coordinate: (0.250, 0.500, 0.600)
2025-09-05 16:32:55,769 - INFO - Approaching target (error=0.130m), entering stabilization phase
2025-09-05 16:32:57,099 - INFO - Reached waypoint (error=0.071m, stable_count=30)
2025-09-05 16:32:58,160 - INFO - Waypoint4: absolute coordinates(0.000, 0.000, 0.600, yaw=90.0°)
2025-09-05 16:32:58,160 - INFO - Flying to coordinate: (0.000, 0.000, 0.600)
2025-09-05 16:32:59,210 - INFO - Approaching target (error=0.146m), entering stabilization phase
2025-09-05 16:33:00,550 - INFO - Reached waypoint (error=0.028m, stable_count=30)
2025-09-05 16:33:01,150 - INFO - Returning to origin and landing...
2025-09-05 16:33:01,150 - INFO - Flying to coordinate: (0.000, 0.000, 0.200)
2025-09-05 16:33:01,910 - INFO - Approaching target (error=0.147m), entering stabilization phase
2025-09-05 16:33:02,550 - INFO - Reached waypoint (error=0.042m, stable_count=30)
2025-09-05 16:33:02,550 - INFO - Landing...
2025-09-05 16:33:02,551 - INFO - Landing complete
2025-09-05 16:33:02,556 - INFO - Have successfully stopped logging for id=6
2025-09-05 16:33:02,652 - INFO - Position manager stopped
2025-09-05 16:33:02,654 - INFO - Flight mission complete
2025-09-05 16:33:02,654 - INFO - Stopping data collector...
2025-09-05 16:33:02,656 - INFO - Collection complete - stats: {'created': 1670, 'complete': 1670, 'merged': 0, 'dropped': 0}
2025-09-05 16:33:02,664 - INFO - Have successfully stopped logging for id=4
2025-09-05 16:33:02,667 - INFO - Have successfully stopped logging for id=5
2025-09-05 16:33:02,714 - INFO - Data saved: training_data/triangle_med_20250905_163302.json
2025-09-05 16:33:02,714 - INFO - States: 1670, Commands: 1150, Duration: 16.7s
2025-09-05 16:33:02,715 - INFO - Successfully saved 1670 state data points
2025-09-05 16:33:02,715 - INFO - Successfully saved 1150 control commands
2025-09-05 16:33:02,715 - INFO - Closing link
2025-09-05 16:33:02,715 - INFO - Callback->Disconnected from [radio://0/80/2M/E7E7E7E7E6]
