2025-09-05 14:54:24,960 - INFO - === Fixed continuous data collector ===
2025-09-05 14:54:24,960 - INFO - Mission: square_large
2025-09-05 14:54:24,960 - INFO - Waypoints (absolute coordinates): [(0, 0, 0.5), (0.7, 0, 0.5), (0.7, 0.7, 0.5), (0, 0.7, 0.5), (0, 0, 0.5)]
2025-09-05 14:54:24,961 - INFO - Callback->Connection initialized[radio://0/80/2M/E7E7E7E7E6]
2025-09-05 14:54:25,212 - INFO - We are connected[radio://0/80/2M/E7E7E7E7E6], request connection setup
2025-09-05 14:54:25,213 - INFO - Request _request_protocol_version()
2025-09-05 14:54:25,215 - INFO - Callback->Connected to [radio://0/80/2M/E7E7E7E7E6]
2025-09-05 14:54:25,220 - INFO - _crt_service_callback
2025-09-05 14:54:25,220 - INFO - Request protocol version
2025-09-05 14:54:25,223 - INFO - _platform_callback
2025-09-05 14:54:25,223 - INFO - Protocol version (platform): 9
2025-09-05 14:54:25,234 - INFO - TOC for port [5] found in cache
2025-09-05 14:54:25,234 - INFO - Log TOC finished updating
2025-09-05 14:54:25,237 - INFO - 6 memories found
2025-09-05 14:54:25,313 - INFO - Memories finished updating
2025-09-05 14:54:25,319 - INFO - TOC for port [2] found in cache
2025-09-05 14:54:25,840 - INFO - Param TOC finished updating
2025-09-05 14:54:25,840 - INFO - Callback->Connection setup finished [radio://0/80/2M/E7E7E7E7E6]
2025-09-05 14:54:25,841 - INFO - Connected: radio://0/80/2M/E7E7E7E7E6
2025-09-05 14:54:25,854 - INFO - Have successfully started logging for id=1
2025-09-05 14:54:25,952 - INFO - Battery: 3.87V (safe)
2025-09-05 14:54:25,953 - INFO - Battery check passed: 3.87V
2025-09-05 14:54:25,953 - INFO - Initializing position estimator to origin...
2025-09-05 14:54:25,956 - INFO - Have successfully stopped logging for id=1
2025-09-05 14:54:25,957 - INFO - Have successfully deleted id=1
2025-09-05 14:54:27,347 - INFO - All parameters updated
2025-09-05 14:54:27,347 - INFO - Callback->Connection completed [radio://0/80/2M/E7E7E7E7E6]
2025-09-05 14:54:27,457 - INFO - Have successfully started logging for id=2
2025-09-05 14:54:33,953 - INFO - Waiting for position estimator...
2025-09-05 14:54:33,957 - INFO - Have successfully stopped logging for id=2
2025-09-05 14:54:33,958 - INFO - Have successfully deleted id=2
2025-09-05 14:54:33,964 - INFO - Have successfully started logging for id=3
2025-09-05 14:54:34,962 - INFO - Position estimator ready
2025-09-05 14:54:34,963 - INFO - Controller parameters optimized
2025-09-05 14:54:34,966 - INFO - Have successfully stopped logging for id=3
2025-09-05 14:54:34,967 - INFO - Have successfully deleted id=3
2025-09-05 14:54:37,836 - INFO - Start collection (slot:10ms)
2025-09-05 14:54:37,838 - INFO - Data collector started
2025-09-05 14:54:37,839 - INFO - Position manager started
2025-09-05 14:54:37,846 - INFO - Have successfully started logging for id=4
2025-09-05 14:54:37,847 - INFO - Have successfully started logging for id=5
2025-09-05 14:54:37,849 - INFO - Have successfully started logging for id=6
2025-09-05 14:54:37,940 - INFO - Position manager data flow is normal
2025-09-05 14:54:39,940 - INFO - Current position: (0.024, 0.019, 0.041, 90.6°)
2025-09-05 14:54:39,940 - INFO - Using absolute coordinate system, ignoring takeoff position offset
2025-09-05 14:54:40,940 - INFO - Pre-flight stabilization to first waypoint: (0.000, 0.000, 0.500)
2025-09-05 14:54:41,090 - INFO - Waypoint1: absolute coordinates(0.000, 0.000, 0.500, yaw=90.0°)
2025-09-05 14:54:41,090 - INFO - Flying to coordinate: (0.000, 0.000, 0.500)
2025-09-05 14:54:42,150 - INFO - Approaching target (error=0.135m), entering stabilization phase
2025-09-05 14:54:42,640 - INFO - Reached waypoint (error=0.019m, stable_count=30)
2025-09-05 14:54:43,241 - INFO - Waypoint2: absolute coordinates(0.700, 0.000, 0.500, yaw=90.0°)
2025-09-05 14:54:43,241 - INFO - Flying to coordinate: (0.700, 0.000, 0.500)
2025-09-05 14:54:44,351 - INFO - Approaching target (error=0.149m), entering stabilization phase
2025-09-05 14:54:46,191 - INFO - Reached waypoint (error=0.072m, stable_count=30)
2025-09-05 14:54:46,791 - INFO - Waypoint3: absolute coordinates(0.700, 0.700, 0.500, yaw=90.0°)
2025-09-05 14:54:46,791 - INFO - Flying to coordinate: (0.700, 0.700, 0.500)
2025-09-05 14:54:47,651 - INFO - Approaching target (error=0.141m), entering stabilization phase
2025-09-05 14:54:48,031 - INFO - Reached waypoint (error=0.053m, stable_count=30)
2025-09-05 14:54:48,631 - INFO - Waypoint4: absolute coordinates(0.000, 0.700, 0.500, yaw=90.0°)
2025-09-05 14:54:48,631 - INFO - Flying to coordinate: (0.000, 0.700, 0.500)
2025-09-05 14:54:49,592 - INFO - Approaching target (error=0.126m), entering stabilization phase
2025-09-05 14:54:54,482 - INFO - Reached waypoint (error=0.069m, stable_count=30)
2025-09-05 14:54:55,083 - INFO - Waypoint5: absolute coordinates(0.000, 0.000, 0.500, yaw=90.0°)
2025-09-05 14:54:55,083 - INFO - Flying to coordinate: (0.000, 0.000, 0.500)
2025-09-05 14:54:55,893 - INFO - Approaching target (error=0.146m), entering stabilization phase
2025-09-05 14:54:56,283 - INFO - Reached waypoint (error=0.039m, stable_count=30)
2025-09-05 14:54:56,883 - INFO - Returning to origin and landing...
2025-09-05 14:54:56,884 - INFO - Flying to coordinate: (0.000, 0.000, 0.200)
2025-09-05 14:54:57,544 - INFO - Approaching target (error=0.147m), entering stabilization phase
2025-09-05 14:54:58,274 - INFO - Reached waypoint (error=0.048m, stable_count=30)
2025-09-05 14:54:58,274 - INFO - Landing...
2025-09-05 14:54:58,277 - INFO - Landing complete
2025-09-05 14:54:58,316 - INFO - Have successfully stopped logging for id=6
2025-09-05 14:54:58,381 - INFO - Position manager stopped
2025-09-05 14:54:58,383 - INFO - Flight mission complete
2025-09-05 14:54:58,383 - INFO - Stopping data collector...
2025-09-05 14:54:58,387 - INFO - Collection complete - stats: {'created': 2053, 'complete': 2052, 'merged': 0, 'dropped': 0}
2025-09-05 14:54:58,408 - INFO - Have successfully stopped logging for id=4
2025-09-05 14:54:58,410 - INFO - Have successfully stopped logging for id=5
2025-09-05 14:54:58,461 - INFO - Data saved: training_data/square_large_20250905_145458.json
2025-09-05 14:54:58,461 - INFO - States: 2052, Commands: 1484, Duration: 20.5s
2025-09-05 14:54:58,461 - INFO - Successfully saved 2052 state data points
2025-09-05 14:54:58,461 - INFO - Successfully saved 1484 control commands
2025-09-05 14:54:58,461 - INFO - Closing link
2025-09-05 14:54:58,461 - INFO - Callback->Disconnected from [radio://0/80/2M/E7E7E7E7E6]
