2025-09-04 13:33:58,821 - INFO - === Fixed continuous data collector ===
2025-09-04 13:33:58,821 - INFO - Mission: vertical_med
2025-09-04 13:33:58,821 - INFO - Waypoints (absolute coordinates): [(0, 0, 0.4), (0, 0, 0.8), (0, 0, 0.4)]
2025-09-04 13:33:58,822 - INFO - Callback->Connection initialized[radio://0/80/2M/E7E7E7E7E6]
2025-09-04 13:33:59,073 - INFO - We are connected[radio://0/80/2M/E7E7E7E7E6], request connection setup
2025-09-04 13:33:59,073 - INFO - Request _request_protocol_version()
2025-09-04 13:33:59,077 - INFO - Callback->Connected to [radio://0/80/2M/E7E7E7E7E6]
2025-09-04 13:33:59,080 - INFO - _crt_service_callback
2025-09-04 13:33:59,081 - INFO - Request protocol version
2025-09-04 13:33:59,083 - INFO - _platform_callback
2025-09-04 13:33:59,084 - INFO - Protocol version (platform): 9
2025-09-04 13:33:59,093 - INFO - TOC for port [5] found in cache
2025-09-04 13:33:59,093 - INFO - Log TOC finished updating
2025-09-04 13:33:59,096 - INFO - 6 memories found
2025-09-04 13:33:59,176 - INFO - Memories finished updating
2025-09-04 13:33:59,182 - INFO - TOC for port [2] found in cache
2025-09-04 13:33:59,830 - INFO - Param TOC finished updating
2025-09-04 13:33:59,830 - INFO - Callback->Connection setup finished [radio://0/80/2M/E7E7E7E7E6]
2025-09-04 13:33:59,831 - INFO - Connected: radio://0/80/2M/E7E7E7E7E6
2025-09-04 13:33:59,844 - INFO - Have successfully started logging for id=1
2025-09-04 13:33:59,945 - INFO - Battery: 4.01V (safe)
2025-09-04 13:33:59,946 - INFO - Battery check passed: 4.01V
2025-09-04 13:33:59,946 - INFO - Initializing position estimator to origin...
2025-09-04 13:33:59,949 - INFO - Have successfully stopped logging for id=1
2025-09-04 13:33:59,950 - INFO - Have successfully deleted id=1
2025-09-04 13:34:01,307 - INFO - All parameters updated
2025-09-04 13:34:01,307 - INFO - Callback->Connection completed [radio://0/80/2M/E7E7E7E7E6]
2025-09-04 13:34:01,418 - INFO - Have successfully started logging for id=2
2025-09-04 13:34:07,913 - INFO - Waiting for position estimator...
2025-09-04 13:34:07,918 - INFO - Have successfully stopped logging for id=2
2025-09-04 13:34:07,918 - INFO - Have successfully deleted id=2
2025-09-04 13:34:07,924 - INFO - Have successfully started logging for id=3
2025-09-04 13:34:08,925 - INFO - Position estimator ready
2025-09-04 13:34:08,926 - INFO - Controller parameters optimized
2025-09-04 13:34:08,928 - INFO - Have successfully stopped logging for id=3
2025-09-04 13:34:08,929 - INFO - Have successfully deleted id=3
2025-09-04 13:34:23,163 - INFO - Start collection (slot:10ms)
2025-09-04 13:34:23,164 - INFO - Data collector started
2025-09-04 13:34:23,165 - INFO - Position manager started
2025-09-04 13:34:23,175 - INFO - Have successfully started logging for id=4
2025-09-04 13:34:23,176 - INFO - Have successfully started logging for id=5
2025-09-04 13:34:23,177 - INFO - Have successfully started logging for id=6
2025-09-04 13:34:23,265 - INFO - Position manager data flow is normal
2025-09-04 13:34:25,265 - INFO - Current position: (0.012, 0.059, 0.008, 90.4째)
2025-09-04 13:34:25,265 - INFO - Using absolute coordinate system, ignoring takeoff position offset
2025-09-04 13:34:26,265 - INFO - Pre-flight stabilization to first waypoint: (0.000, 0.000, 0.400)
2025-09-04 13:34:26,415 - INFO - Waypoint1: absolute coordinates(0.000, 0.000, 0.400, yaw=90.0째)
2025-09-04 13:34:26,416 - INFO - Flying to coordinate: (0.000, 0.000, 0.400)
2025-09-04 13:34:27,426 - INFO - Approaching target (error=0.142m), entering stabilization phase
2025-09-04 13:34:28,066 - INFO - Reached waypoint (error=0.050m, stable_count=30)
2025-09-04 13:34:28,666 - INFO - Waypoint2: absolute coordinates(0.000, 0.000, 0.800, yaw=90.0째)
2025-09-04 13:34:28,666 - INFO - Flying to coordinate: (0.000, 0.000, 0.800)
2025-09-04 13:34:29,176 - INFO - Approaching target (error=0.141m), entering stabilization phase
2025-09-04 13:34:29,666 - INFO - Reached waypoint (error=0.050m, stable_count=30)
2025-09-04 13:34:30,266 - INFO - Waypoint3: absolute coordinates(0.000, 0.000, 0.400, yaw=90.0째)
2025-09-04 13:34:30,266 - INFO - Flying to coordinate: (0.000, 0.000, 0.400)
2025-09-04 13:34:31,426 - INFO - Approaching target (error=0.146m), entering stabilization phase
2025-09-04 13:34:32,116 - INFO - Reached waypoint (error=0.043m, stable_count=30)
2025-09-04 13:34:32,717 - INFO - Returning to origin and landing...
2025-09-04 13:34:32,717 - INFO - Flying to coordinate: (0.000, 0.000, 0.200)
2025-09-04 13:34:33,177 - INFO - Approaching target (error=0.134m), entering stabilization phase
2025-09-04 13:34:33,767 - INFO - Reached waypoint (error=0.056m, stable_count=30)
2025-09-04 13:34:33,767 - INFO - Landing...
2025-09-04 13:34:33,769 - INFO - Landing complete
2025-09-04 13:34:33,777 - INFO - Have successfully stopped logging for id=6
2025-09-04 13:34:33,870 - INFO - Position manager stopped
2025-09-04 13:34:33,873 - INFO - Flight mission complete
2025-09-04 13:34:33,873 - INFO - Stopping data collector...
2025-09-04 13:34:33,877 - INFO - Collection complete - stats: {'created': 1070, 'complete': 1070, 'merged': 0, 'dropped': 0}
2025-09-04 13:34:33,882 - INFO - Have successfully stopped logging for id=4
2025-09-04 13:34:33,883 - INFO - Have successfully stopped logging for id=5
2025-09-04 13:34:33,914 - INFO - Data saved: training_data/vertical_med_20250904_133433.json
2025-09-04 13:34:33,914 - INFO - States: 1070, Commands: 600, Duration: 10.7s
2025-09-04 13:34:33,914 - INFO - Successfully saved 1070 state data points
2025-09-04 13:34:33,914 - INFO - Successfully saved 600 control commands
2025-09-04 13:34:33,914 - INFO - Closing link
2025-09-04 13:34:33,915 - INFO - Callback->Disconnected from [radio://0/80/2M/E7E7E7E7E6]
