2025-09-05 15:27:33,205 - INFO - === Fixed continuous data collector ===
2025-09-05 15:27:33,205 - INFO - Mission: triangle_small
2025-09-05 15:27:33,205 - INFO - Waypoints (absolute coordinates): [(0, 0, 0.6), (0.4, 0, 0.6), (0.2, 0.4, 0.6), (0, 0, 0.6)]
2025-09-05 15:27:33,206 - INFO - Callback->Connection initialized[radio://0/80/2M/E7E7E7E7E6]
2025-09-05 15:27:33,457 - INFO - We are connected[radio://0/80/2M/E7E7E7E7E6], request connection setup
2025-09-05 15:27:33,458 - INFO - Request _request_protocol_version()
2025-09-05 15:27:33,461 - INFO - Callback->Connected to [radio://0/80/2M/E7E7E7E7E6]
2025-09-05 15:27:33,466 - INFO - _crt_service_callback
2025-09-05 15:27:33,466 - INFO - Request protocol version
2025-09-05 15:27:33,470 - INFO - _platform_callback
2025-09-05 15:27:33,471 - INFO - Protocol version (platform): 9
2025-09-05 15:27:33,498 - INFO - TOC for port [5] found in cache
2025-09-05 15:27:33,498 - INFO - Log TOC finished updating
2025-09-05 15:27:33,505 - INFO - 6 memories found
2025-09-05 15:27:33,600 - INFO - Memories finished updating
2025-09-05 15:27:33,609 - INFO - TOC for port [2] found in cache
2025-09-05 15:27:34,236 - INFO - Param TOC finished updating
2025-09-05 15:27:34,236 - INFO - Callback->Connection setup finished [radio://0/80/2M/E7E7E7E7E6]
2025-09-05 15:27:34,237 - INFO - Connected: radio://0/80/2M/E7E7E7E7E6
2025-09-05 15:27:34,247 - INFO - Have successfully started logging for id=1
2025-09-05 15:27:34,347 - INFO - Battery: 4.04V (safe)
2025-09-05 15:27:34,348 - INFO - Battery check passed: 4.04V
2025-09-05 15:27:34,348 - INFO - Initializing position estimator to origin...
2025-09-05 15:27:34,352 - INFO - Have successfully stopped logging for id=1
2025-09-05 15:27:34,353 - INFO - Have successfully deleted id=1
2025-09-05 15:27:35,612 - INFO - All parameters updated
2025-09-05 15:27:35,612 - INFO - Callback->Connection completed [radio://0/80/2M/E7E7E7E7E6]
2025-09-05 15:27:35,722 - INFO - Have successfully started logging for id=2
2025-09-05 15:27:42,217 - INFO - Waiting for position estimator...
2025-09-05 15:27:42,226 - INFO - Have successfully stopped logging for id=2
2025-09-05 15:27:42,227 - INFO - Have successfully deleted id=2
2025-09-05 15:27:42,233 - INFO - Have successfully started logging for id=3
2025-09-05 15:27:43,234 - INFO - Position estimator ready
2025-09-05 15:27:43,235 - INFO - Controller parameters optimized
2025-09-05 15:27:43,239 - INFO - Have successfully stopped logging for id=3
2025-09-05 15:27:43,240 - INFO - Have successfully deleted id=3
2025-09-05 15:27:54,104 - INFO - Start collection (slot:10ms)
2025-09-05 15:27:54,105 - INFO - Data collector started
2025-09-05 15:27:54,107 - INFO - Position manager started
2025-09-05 15:27:54,114 - INFO - Have successfully started logging for id=4
2025-09-05 15:27:54,115 - INFO - Have successfully started logging for id=5
2025-09-05 15:27:54,116 - INFO - Have successfully started logging for id=6
2025-09-05 15:27:54,207 - INFO - Position manager data flow is normal
2025-09-05 15:27:56,207 - INFO - Current position: (-0.003, 0.021, 0.024, 90.9°)
2025-09-05 15:27:56,207 - INFO - Using absolute coordinate system, ignoring takeoff position offset
2025-09-05 15:27:57,207 - INFO - Pre-flight stabilization to first waypoint: (0.000, 0.000, 0.600)
2025-09-05 15:27:57,357 - INFO - Waypoint1: absolute coordinates(0.000, 0.000, 0.600, yaw=90.0°)
2025-09-05 15:27:57,358 - INFO - Flying to coordinate: (0.000, 0.000, 0.600)
2025-09-05 15:27:58,368 - INFO - Approaching target (error=0.150m), entering stabilization phase
2025-09-05 15:27:58,908 - INFO - Reached waypoint (error=0.024m, stable_count=30)
2025-09-05 15:27:59,508 - INFO - Waypoint2: absolute coordinates(0.400, 0.000, 0.600, yaw=90.0°)
2025-09-05 15:27:59,508 - INFO - Flying to coordinate: (0.400, 0.000, 0.600)
2025-09-05 15:28:00,218 - INFO - Approaching target (error=0.150m), entering stabilization phase
2025-09-05 15:28:02,523 - WARNING - Control timing drift detected - resyncing
2025-09-05 15:28:03,053 - INFO - Reached waypoint (error=0.062m, stable_count=30)
2025-09-05 15:28:03,654 - INFO - Waypoint3: absolute coordinates(0.200, 0.400, 0.600, yaw=90.0°)
2025-09-05 15:28:03,654 - INFO - Flying to coordinate: (0.200, 0.400, 0.600)
2025-09-05 15:28:04,314 - INFO - Approaching target (error=0.125m), entering stabilization phase
2025-09-05 15:28:04,704 - INFO - Reached waypoint (error=0.042m, stable_count=30)
2025-09-05 15:28:05,305 - INFO - Waypoint4: absolute coordinates(0.000, 0.000, 0.600, yaw=90.0°)
2025-09-05 15:28:05,305 - INFO - Flying to coordinate: (0.000, 0.000, 0.600)
2025-09-05 15:28:06,165 - INFO - Approaching target (error=0.150m), entering stabilization phase
2025-09-05 15:28:07,355 - INFO - Reached waypoint (error=0.055m, stable_count=30)
2025-09-05 15:28:07,956 - INFO - Returning to origin and landing...
2025-09-05 15:28:07,956 - INFO - Flying to coordinate: (0.000, 0.000, 0.200)
2025-09-05 15:28:08,656 - INFO - Approaching target (error=0.149m), entering stabilization phase
2025-09-05 15:28:09,446 - INFO - Reached waypoint (error=0.071m, stable_count=30)
2025-09-05 15:28:09,446 - INFO - Landing...
2025-09-05 15:28:09,446 - INFO - Landing complete
2025-09-05 15:28:09,457 - INFO - Have successfully stopped logging for id=6
2025-09-05 15:28:09,549 - INFO - Position manager stopped
2025-09-05 15:28:09,551 - INFO - Flight mission complete
2025-09-05 15:28:09,551 - INFO - Stopping data collector...
2025-09-05 15:28:09,554 - INFO - Collection complete - stats: {'created': 1545, 'complete': 1544, 'merged': 0, 'dropped': 0}
2025-09-05 15:28:09,562 - INFO - Have successfully stopped logging for id=4
2025-09-05 15:28:09,567 - INFO - Have successfully stopped logging for id=5
2025-09-05 15:28:09,608 - INFO - Data saved: training_data/triangle_small_20250905_152809.json
2025-09-05 15:28:09,608 - INFO - States: 1544, Commands: 1019, Duration: 15.4s
2025-09-05 15:28:09,608 - INFO - Successfully saved 1544 state data points
2025-09-05 15:28:09,608 - INFO - Successfully saved 1019 control commands
2025-09-05 15:28:09,608 - INFO - Closing link
2025-09-05 15:28:09,610 - INFO - Callback->Disconnected from [radio://0/80/2M/E7E7E7E7E6]
