2025-09-05 16:11:45,401 - INFO - === Fixed continuous data collector ===
2025-09-05 16:11:45,401 - INFO - Mission: triangle_med
2025-09-05 16:11:45,401 - INFO - Waypoints (absolute coordinates): [(0, 0, 0.6), (0.5, 0, 0.6), (0.25, 0.5, 0.6), (0, 0, 0.6)]
2025-09-05 16:11:45,402 - INFO - Callback->Connection initialized[radio://0/80/2M/E7E7E7E7E6]
2025-09-05 16:11:45,654 - INFO - We are connected[radio://0/80/2M/E7E7E7E7E6], request connection setup
2025-09-05 16:11:45,654 - INFO - Request _request_protocol_version()
2025-09-05 16:11:45,657 - INFO - Callback->Connected to [radio://0/80/2M/E7E7E7E7E6]
2025-09-05 16:11:45,661 - INFO - _crt_service_callback
2025-09-05 16:11:45,661 - INFO - Request protocol version
2025-09-05 16:11:45,668 - INFO - _platform_callback
2025-09-05 16:11:45,668 - INFO - Protocol version (platform): 9
2025-09-05 16:11:45,685 - INFO - TOC for port [5] found in cache
2025-09-05 16:11:45,685 - INFO - Log TOC finished updating
2025-09-05 16:11:45,688 - INFO - 6 memories found
2025-09-05 16:11:45,767 - INFO - Memories finished updating
2025-09-05 16:11:45,772 - INFO - TOC for port [2] found in cache
2025-09-05 16:11:46,281 - INFO - Param TOC finished updating
2025-09-05 16:11:46,281 - INFO - Callback->Connection setup finished [radio://0/80/2M/E7E7E7E7E6]
2025-09-05 16:11:46,282 - INFO - Connected: radio://0/80/2M/E7E7E7E7E6
2025-09-05 16:11:46,291 - INFO - Have successfully started logging for id=1
2025-09-05 16:11:46,390 - INFO - Battery: 3.97V (safe)
2025-09-05 16:11:46,390 - INFO - Battery check passed: 3.97V
2025-09-05 16:11:46,390 - INFO - Initializing position estimator to origin...
2025-09-05 16:11:46,396 - INFO - Have successfully stopped logging for id=1
2025-09-05 16:11:46,398 - INFO - Have successfully deleted id=1
2025-09-05 16:11:47,658 - INFO - All parameters updated
2025-09-05 16:11:47,658 - INFO - Callback->Connection completed [radio://0/80/2M/E7E7E7E7E6]
2025-09-05 16:11:47,767 - INFO - Have successfully started logging for id=2
2025-09-05 16:11:54,261 - INFO - Waiting for position estimator...
2025-09-05 16:11:54,264 - INFO - Have successfully stopped logging for id=2
2025-09-05 16:11:54,265 - INFO - Have successfully deleted id=2
2025-09-05 16:11:54,271 - INFO - Have successfully started logging for id=3
2025-09-05 16:11:55,270 - INFO - Position estimator ready
2025-09-05 16:11:55,271 - INFO - Controller parameters optimized
2025-09-05 16:11:55,273 - INFO - Have successfully stopped logging for id=3
2025-09-05 16:11:55,274 - INFO - Have successfully deleted id=3
2025-09-05 16:12:00,247 - INFO - Start collection (slot:10ms)
2025-09-05 16:12:00,248 - INFO - Data collector started
2025-09-05 16:12:00,249 - INFO - Position manager started
2025-09-05 16:12:00,258 - INFO - Have successfully started logging for id=4
2025-09-05 16:12:00,259 - INFO - Have successfully started logging for id=5
2025-09-05 16:12:00,260 - INFO - Have successfully started logging for id=6
2025-09-05 16:12:00,349 - INFO - Position manager data flow is normal
2025-09-05 16:12:02,349 - INFO - Current position: (0.029, 0.045, 0.009, 90.1°)
2025-09-05 16:12:02,349 - INFO - Using absolute coordinate system, ignoring takeoff position offset
2025-09-05 16:12:03,349 - INFO - Pre-flight stabilization to first waypoint: (0.000, 0.000, 0.600)
2025-09-05 16:12:03,500 - INFO - Waypoint1: absolute coordinates(0.000, 0.000, 0.600, yaw=90.0°)
2025-09-05 16:12:03,500 - INFO - Flying to coordinate: (0.000, 0.000, 0.600)
2025-09-05 16:12:04,560 - INFO - Approaching target (error=0.144m), entering stabilization phase
2025-09-05 16:12:05,050 - INFO - Reached waypoint (error=0.021m, stable_count=30)
2025-09-05 16:12:05,650 - INFO - Waypoint2: absolute coordinates(0.500, 0.000, 0.600, yaw=90.0°)
2025-09-05 16:12:05,650 - INFO - Flying to coordinate: (0.500, 0.000, 0.600)
2025-09-05 16:12:06,360 - INFO - Approaching target (error=0.136m), entering stabilization phase
2025-09-05 16:12:09,100 - INFO - Reached waypoint (error=0.068m, stable_count=30)
2025-09-05 16:12:09,701 - INFO - Waypoint3: absolute coordinates(0.250, 0.500, 0.600, yaw=90.0°)
2025-09-05 16:12:09,701 - INFO - Flying to coordinate: (0.250, 0.500, 0.600)
2025-09-05 16:12:10,411 - INFO - Approaching target (error=0.116m), entering stabilization phase
2025-09-05 16:12:12,801 - INFO - Reached waypoint (error=0.048m, stable_count=30)
2025-09-05 16:12:13,402 - INFO - Waypoint4: absolute coordinates(0.000, 0.000, 0.600, yaw=90.0°)
2025-09-05 16:12:13,402 - INFO - Flying to coordinate: (0.000, 0.000, 0.600)
2025-09-05 16:12:14,162 - INFO - Approaching target (error=0.114m), entering stabilization phase
2025-09-05 16:12:14,852 - INFO - Reached waypoint (error=0.050m, stable_count=30)
2025-09-05 16:12:15,452 - INFO - Returning to origin and landing...
2025-09-05 16:12:15,453 - INFO - Flying to coordinate: (0.000, 0.000, 0.200)
2025-09-05 16:12:16,203 - INFO - Approaching target (error=0.143m), entering stabilization phase
2025-09-05 16:12:16,843 - INFO - Reached waypoint (error=0.041m, stable_count=30)
2025-09-05 16:12:16,843 - INFO - Landing...
2025-09-05 16:12:16,844 - INFO - Landing complete
2025-09-05 16:12:16,850 - INFO - Have successfully stopped logging for id=6
2025-09-05 16:12:16,945 - INFO - Position manager stopped
2025-09-05 16:12:16,947 - INFO - Flight mission complete
2025-09-05 16:12:16,947 - INFO - Stopping data collector...
2025-09-05 16:12:16,949 - INFO - Collection complete - stats: {'created': 1670, 'complete': 1670, 'merged': 0, 'dropped': 0}
2025-09-05 16:12:16,958 - INFO - Have successfully stopped logging for id=4
2025-09-05 16:12:16,962 - INFO - Have successfully stopped logging for id=5
2025-09-05 16:12:17,007 - INFO - Data saved: training_data/triangle_med_20250905_161216.json
2025-09-05 16:12:17,007 - INFO - States: 1670, Commands: 1150, Duration: 16.7s
2025-09-05 16:12:17,007 - INFO - Successfully saved 1670 state data points
2025-09-05 16:12:17,007 - INFO - Successfully saved 1150 control commands
2025-09-05 16:12:17,007 - INFO - Closing link
2025-09-05 16:12:17,010 - INFO - Callback->Disconnected from [radio://0/80/2M/E7E7E7E7E6]
