2025-09-05 15:54:33,563 - INFO - === Fixed continuous data collector ===
2025-09-05 15:54:33,563 - INFO - Mission: triangle_small
2025-09-05 15:54:33,563 - INFO - Waypoints (absolute coordinates): [(0, 0, 0.6), (0.4, 0, 0.6), (0.2, 0.4, 0.6), (0, 0, 0.6)]
2025-09-05 15:54:33,563 - INFO - Callback->Connection initialized[radio://0/80/2M/E7E7E7E7E6]
2025-09-05 15:54:33,814 - INFO - We are connected[radio://0/80/2M/E7E7E7E7E6], request connection setup
2025-09-05 15:54:33,814 - INFO - Request _request_protocol_version()
2025-09-05 15:54:33,817 - INFO - Callback->Connected to [radio://0/80/2M/E7E7E7E7E6]
2025-09-05 15:54:33,823 - INFO - _crt_service_callback
2025-09-05 15:54:33,823 - INFO - Request protocol version
2025-09-05 15:54:33,828 - INFO - _platform_callback
2025-09-05 15:54:33,828 - INFO - Protocol version (platform): 9
2025-09-05 15:54:33,838 - INFO - TOC for port [5] found in cache
2025-09-05 15:54:33,838 - INFO - Log TOC finished updating
2025-09-05 15:54:33,840 - INFO - 6 memories found
2025-09-05 15:54:33,926 - INFO - Memories finished updating
2025-09-05 15:54:33,931 - INFO - TOC for port [2] found in cache
2025-09-05 15:54:34,476 - INFO - Param TOC finished updating
2025-09-05 15:54:34,476 - INFO - Callback->Connection setup finished [radio://0/80/2M/E7E7E7E7E6]
2025-09-05 15:54:34,477 - INFO - Connected: radio://0/80/2M/E7E7E7E7E6
2025-09-05 15:54:34,487 - INFO - Have successfully started logging for id=1
2025-09-05 15:54:34,587 - INFO - Battery: 3.92V (safe)
2025-09-05 15:54:34,587 - INFO - Battery check passed: 3.92V
2025-09-05 15:54:34,587 - INFO - Initializing position estimator to origin...
2025-09-05 15:54:34,590 - INFO - Have successfully stopped logging for id=1
2025-09-05 15:54:34,591 - INFO - Have successfully deleted id=1
2025-09-05 15:54:35,765 - INFO - All parameters updated
2025-09-05 15:54:35,765 - INFO - Callback->Connection completed [radio://0/80/2M/E7E7E7E7E6]
2025-09-05 15:54:35,875 - INFO - Have successfully started logging for id=2
2025-09-05 15:54:42,370 - INFO - Waiting for position estimator...
2025-09-05 15:54:42,374 - INFO - Have successfully stopped logging for id=2
2025-09-05 15:54:42,375 - INFO - Have successfully deleted id=2
2025-09-05 15:54:42,378 - INFO - Have successfully started logging for id=3
2025-09-05 15:54:43,379 - INFO - Position estimator ready
2025-09-05 15:54:43,379 - INFO - Controller parameters optimized
2025-09-05 15:54:43,382 - INFO - Have successfully stopped logging for id=3
2025-09-05 15:54:43,384 - INFO - Have successfully deleted id=3
2025-09-05 15:54:45,835 - INFO - Start collection (slot:10ms)
2025-09-05 15:54:45,836 - INFO - Data collector started
2025-09-05 15:54:45,837 - INFO - Position manager started
2025-09-05 15:54:45,844 - INFO - Have successfully started logging for id=4
2025-09-05 15:54:45,845 - INFO - Have successfully started logging for id=5
2025-09-05 15:54:45,846 - INFO - Have successfully started logging for id=6
2025-09-05 15:54:45,937 - INFO - Position manager data flow is normal
2025-09-05 15:54:47,937 - INFO - Current position: (-0.019, 0.019, -0.009, 90.7°)
2025-09-05 15:54:47,937 - INFO - Using absolute coordinate system, ignoring takeoff position offset
2025-09-05 15:54:48,937 - INFO - Pre-flight stabilization to first waypoint: (0.000, 0.000, 0.600)
2025-09-05 15:54:49,090 - INFO - Waypoint1: absolute coordinates(0.000, 0.000, 0.600, yaw=90.0°)
2025-09-05 15:54:49,090 - INFO - Flying to coordinate: (0.000, 0.000, 0.600)
2025-09-05 15:54:50,100 - INFO - Approaching target (error=0.136m), entering stabilization phase
2025-09-05 15:54:50,590 - INFO - Reached waypoint (error=0.031m, stable_count=30)
2025-09-05 15:54:51,190 - INFO - Waypoint2: absolute coordinates(0.400, 0.000, 0.600, yaw=90.0°)
2025-09-05 15:54:51,190 - INFO - Flying to coordinate: (0.400, 0.000, 0.600)
2025-09-05 15:54:51,950 - INFO - Approaching target (error=0.127m), entering stabilization phase
2025-09-05 15:54:55,130 - INFO - Reached waypoint (error=0.059m, stable_count=30)
2025-09-05 15:54:55,731 - INFO - Waypoint3: absolute coordinates(0.200, 0.400, 0.600, yaw=90.0°)
2025-09-05 15:54:55,731 - INFO - Flying to coordinate: (0.200, 0.400, 0.600)
2025-09-05 15:54:56,341 - INFO - Approaching target (error=0.116m), entering stabilization phase
2025-09-05 15:54:56,731 - INFO - Reached waypoint (error=0.059m, stable_count=30)
2025-09-05 15:54:57,331 - INFO - Waypoint4: absolute coordinates(0.000, 0.000, 0.600, yaw=90.0°)
2025-09-05 15:54:57,331 - INFO - Flying to coordinate: (0.000, 0.000, 0.600)
2025-09-05 15:54:58,141 - INFO - Approaching target (error=0.144m), entering stabilization phase
2025-09-05 15:54:59,281 - INFO - Reached waypoint (error=0.047m, stable_count=30)
2025-09-05 15:54:59,881 - INFO - Returning to origin and landing...
2025-09-05 15:54:59,881 - INFO - Flying to coordinate: (0.000, 0.000, 0.200)
2025-09-05 15:55:00,692 - INFO - Approaching target (error=0.147m), entering stabilization phase
2025-09-05 15:55:03,382 - INFO - Reached waypoint (error=0.050m, stable_count=30)
2025-09-05 15:55:03,382 - INFO - Landing...
2025-09-05 15:55:03,384 - INFO - Landing complete
2025-09-05 15:55:03,391 - INFO - Have successfully stopped logging for id=6
2025-09-05 15:55:03,486 - INFO - Position manager stopped
2025-09-05 15:55:03,487 - INFO - Flight mission complete
2025-09-05 15:55:03,488 - INFO - Stopping data collector...
2025-09-05 15:55:03,491 - INFO - Collection complete - stats: {'created': 1765, 'complete': 1765, 'merged': 0, 'dropped': 0}
2025-09-05 15:55:03,499 - INFO - Have successfully stopped logging for id=4
2025-09-05 15:55:03,500 - INFO - Have successfully stopped logging for id=5
2025-09-05 15:55:03,554 - INFO - Data saved: training_data/triangle_small_20250905_155503.json
2025-09-05 15:55:03,554 - INFO - States: 1765, Commands: 1245, Duration: 17.6s
2025-09-05 15:55:03,554 - INFO - Successfully saved 1765 state data points
2025-09-05 15:55:03,554 - INFO - Successfully saved 1245 control commands
2025-09-05 15:55:03,554 - INFO - Closing link
2025-09-05 15:55:03,555 - INFO - Callback->Disconnected from [radio://0/80/2M/E7E7E7E7E6]
