2025-09-05 17:30:34,019 - INFO - === Fixed continuous data collector ===
2025-09-05 17:30:34,020 - INFO - Mission: triangle_large
2025-09-05 17:30:34,020 - INFO - Waypoints (absolute coordinates): [(0, 0, 0.6), (0.8, 0, 0.6), (0.4, 0.6, 0.6), (0, 0, 0.6)]
2025-09-05 17:30:34,020 - INFO - Callback->Connection initialized[radio://0/80/2M/E7E7E7E7E6]
2025-09-05 17:30:34,271 - INFO - We are connected[radio://0/80/2M/E7E7E7E7E6], request connection setup
2025-09-05 17:30:34,271 - INFO - Request _request_protocol_version()
2025-09-05 17:30:34,274 - INFO - Callback->Connected to [radio://0/80/2M/E7E7E7E7E6]
2025-09-05 17:30:34,278 - INFO - _crt_service_callback
2025-09-05 17:30:34,278 - INFO - Request protocol version
2025-09-05 17:30:34,282 - INFO - _platform_callback
2025-09-05 17:30:34,282 - INFO - Protocol version (platform): 9
2025-09-05 17:30:34,292 - INFO - TOC for port [5] found in cache
2025-09-05 17:30:34,293 - INFO - Log TOC finished updating
2025-09-05 17:30:34,295 - INFO - 6 memories found
2025-09-05 17:30:34,370 - INFO - Memories finished updating
2025-09-05 17:30:34,375 - INFO - TOC for port [2] found in cache
2025-09-05 17:30:34,781 - INFO - Param TOC finished updating
2025-09-05 17:30:34,781 - INFO - Callback->Connection setup finished [radio://0/80/2M/E7E7E7E7E6]
2025-09-05 17:30:34,782 - INFO - Connected: radio://0/80/2M/E7E7E7E7E6
2025-09-05 17:30:34,790 - INFO - Have successfully started logging for id=1
2025-09-05 17:30:34,891 - INFO - Battery: 3.95V (safe)
2025-09-05 17:30:34,891 - INFO - Battery check passed: 3.95V
2025-09-05 17:30:34,891 - INFO - Initializing position estimator to origin...
2025-09-05 17:30:34,894 - INFO - Have successfully stopped logging for id=1
2025-09-05 17:30:34,895 - INFO - Have successfully deleted id=1
2025-09-05 17:30:35,788 - INFO - All parameters updated
2025-09-05 17:30:35,788 - INFO - Callback->Connection completed [radio://0/80/2M/E7E7E7E7E6]
2025-09-05 17:30:35,896 - INFO - Have successfully started logging for id=2
2025-09-05 17:30:42,391 - INFO - Waiting for position estimator...
2025-09-05 17:30:42,394 - INFO - Have successfully stopped logging for id=2
2025-09-05 17:30:42,395 - INFO - Have successfully deleted id=2
2025-09-05 17:30:42,401 - INFO - Have successfully started logging for id=3
2025-09-05 17:30:43,398 - INFO - Position estimator ready
2025-09-05 17:30:43,400 - INFO - Controller parameters optimized
2025-09-05 17:30:43,402 - INFO - Have successfully stopped logging for id=3
2025-09-05 17:30:43,403 - INFO - Have successfully deleted id=3
2025-09-05 17:30:46,564 - INFO - Start collection (slot:10ms)
2025-09-05 17:30:46,565 - INFO - Data collector started
2025-09-05 17:30:46,566 - INFO - Position manager started
2025-09-05 17:30:46,572 - INFO - Have successfully started logging for id=4
2025-09-05 17:30:46,573 - INFO - Have successfully started logging for id=5
2025-09-05 17:30:46,573 - INFO - Have successfully started logging for id=6
2025-09-05 17:30:46,666 - INFO - Position manager data flow is normal
2025-09-05 17:30:48,666 - INFO - Current position: (-0.020, 0.000, 0.038, 89.9°)
2025-09-05 17:30:48,666 - INFO - Using absolute coordinate system, ignoring takeoff position offset
2025-09-05 17:30:49,666 - INFO - Pre-flight stabilization to first waypoint: (0.000, 0.000, 0.600)
2025-09-05 17:30:49,818 - INFO - Waypoint1: absolute coordinates(0.000, 0.000, 0.600, yaw=90.0°)
2025-09-05 17:30:49,818 - INFO - Flying to coordinate: (0.000, 0.000, 0.600)
2025-09-05 17:30:50,878 - INFO - Approaching target (error=0.139m), entering stabilization phase
2025-09-05 17:30:51,418 - INFO - Reached waypoint (error=0.038m, stable_count=30)
2025-09-05 17:30:52,018 - INFO - Waypoint2: absolute coordinates(0.800, 0.000, 0.600, yaw=90.0°)
2025-09-05 17:30:52,018 - INFO - Flying to coordinate: (0.800, 0.000, 0.600)
2025-09-05 17:30:52,918 - INFO - Approaching target (error=0.126m), entering stabilization phase
2025-09-05 17:30:54,708 - INFO - Reached waypoint (error=0.061m, stable_count=30)
2025-09-05 17:30:55,309 - INFO - Waypoint3: absolute coordinates(0.400, 0.600, 0.600, yaw=90.0°)
2025-09-05 17:30:55,309 - INFO - Flying to coordinate: (0.400, 0.600, 0.600)
2025-09-05 17:30:56,119 - INFO - Approaching target (error=0.115m), entering stabilization phase
2025-09-05 17:30:56,559 - INFO - Reached waypoint (error=0.027m, stable_count=30)
2025-09-05 17:30:57,159 - INFO - Waypoint4: absolute coordinates(0.000, 0.000, 0.600, yaw=90.0°)
2025-09-05 17:30:57,159 - INFO - Flying to coordinate: (0.000, 0.000, 0.600)
2025-09-05 17:30:57,969 - INFO - Approaching target (error=0.129m), entering stabilization phase
2025-09-05 17:30:58,359 - INFO - Reached waypoint (error=0.073m, stable_count=30)
2025-09-05 17:30:58,959 - INFO - Returning to origin and landing...
2025-09-05 17:30:58,959 - INFO - Flying to coordinate: (0.000, 0.000, 0.200)
2025-09-05 17:30:59,819 - INFO - Approaching target (error=0.146m), entering stabilization phase
2025-09-05 17:31:02,709 - INFO - Reached waypoint (error=0.071m, stable_count=30)
2025-09-05 17:31:02,710 - INFO - Landing...
2025-09-05 17:31:02,710 - INFO - Landing complete
2025-09-05 17:31:02,715 - INFO - Have successfully stopped logging for id=6
2025-09-05 17:31:02,811 - INFO - Position manager stopped
2025-09-05 17:31:02,812 - INFO - Flight mission complete
2025-09-05 17:31:02,812 - INFO - Stopping data collector...
2025-09-05 17:31:02,814 - INFO - Collection complete - stats: {'created': 1626, 'complete': 1624, 'merged': 0, 'dropped': 1}
2025-09-05 17:31:02,824 - INFO - Have successfully stopped logging for id=4
2025-09-05 17:31:02,828 - INFO - Have successfully stopped logging for id=5
2025-09-05 17:31:02,871 - INFO - Data saved: training_data/triangle_large_20250905_173102.json
2025-09-05 17:31:02,871 - INFO - States: 1624, Commands: 1105, Duration: 16.2s
2025-09-05 17:31:02,871 - INFO - Successfully saved 1624 state data points
2025-09-05 17:31:02,871 - INFO - Successfully saved 1105 control commands
2025-09-05 17:31:02,871 - INFO - Closing link
2025-09-05 17:31:02,872 - INFO - Callback->Disconnected from [radio://0/80/2M/E7E7E7E7E6]
