2025-09-05 13:01:19,112 - INFO - === Fixed continuous data collector ===
2025-09-05 13:01:19,112 - INFO - Mission: square_small
2025-09-05 13:01:19,112 - INFO - Waypoints (absolute coordinates): [(0, 0, 0.3), (0.3, 0, 0.3), (0.3, 0.3, 0.3), (0, 0.3, 0.3), (0, 0, 0.3)]
2025-09-05 13:01:19,112 - INFO - Callback->Connection initialized[radio://0/80/2M/E7E7E7E7E6]
2025-09-05 13:01:19,364 - INFO - We are connected[radio://0/80/2M/E7E7E7E7E6], request connection setup
2025-09-05 13:01:19,365 - INFO - Request _request_protocol_version()
2025-09-05 13:01:19,368 - INFO - Callback->Connected to [radio://0/80/2M/E7E7E7E7E6]
2025-09-05 13:01:19,371 - INFO - _crt_service_callback
2025-09-05 13:01:19,371 - INFO - Request protocol version
2025-09-05 13:01:19,376 - INFO - _platform_callback
2025-09-05 13:01:19,376 - INFO - Protocol version (platform): 9
2025-09-05 13:01:19,390 - INFO - TOC for port [5] found in cache
2025-09-05 13:01:19,390 - INFO - Log TOC finished updating
2025-09-05 13:01:19,392 - INFO - 6 memories found
2025-09-05 13:01:19,472 - INFO - Memories finished updating
2025-09-05 13:01:19,477 - INFO - TOC for port [2] found in cache
2025-09-05 13:01:19,963 - INFO - Param TOC finished updating
2025-09-05 13:01:19,963 - INFO - Callback->Connection setup finished [radio://0/80/2M/E7E7E7E7E6]
2025-09-05 13:01:19,964 - INFO - Connected: radio://0/80/2M/E7E7E7E7E6
2025-09-05 13:01:19,977 - INFO - Have successfully started logging for id=1
2025-09-05 13:01:20,076 - INFO - Battery: 4.08V (safe)
2025-09-05 13:01:20,076 - INFO - Battery check passed: 4.08V
2025-09-05 13:01:20,076 - INFO - Initializing position estimator to origin...
2025-09-05 13:01:20,079 - INFO - Have successfully stopped logging for id=1
2025-09-05 13:01:20,081 - INFO - Have successfully deleted id=1
2025-09-05 13:01:21,164 - INFO - All parameters updated
2025-09-05 13:01:21,164 - INFO - Callback->Connection completed [radio://0/80/2M/E7E7E7E7E6]
2025-09-05 13:01:21,273 - INFO - Have successfully started logging for id=2
2025-09-05 13:01:27,768 - INFO - Waiting for position estimator...
2025-09-05 13:01:27,771 - INFO - Have successfully stopped logging for id=2
2025-09-05 13:01:27,772 - INFO - Have successfully deleted id=2
2025-09-05 13:01:27,778 - INFO - Have successfully started logging for id=3
2025-09-05 13:01:28,777 - INFO - Position estimator ready
2025-09-05 13:01:28,778 - INFO - Controller parameters optimized
2025-09-05 13:01:28,782 - INFO - Have successfully stopped logging for id=3
2025-09-05 13:01:28,783 - INFO - Have successfully deleted id=3
2025-09-05 13:01:30,985 - INFO - Start collection (slot:10ms)
2025-09-05 13:01:30,985 - INFO - Data collector started
2025-09-05 13:01:30,987 - INFO - Position manager started
2025-09-05 13:01:30,995 - INFO - Have successfully started logging for id=4
2025-09-05 13:01:30,997 - INFO - Have successfully started logging for id=5
2025-09-05 13:01:30,999 - INFO - Have successfully started logging for id=6
2025-09-05 13:01:31,087 - INFO - Position manager data flow is normal
2025-09-05 13:01:33,087 - INFO - Current position: (-0.022, -0.001, -0.021, 90.1°)
2025-09-05 13:01:33,087 - INFO - Using absolute coordinate system, ignoring takeoff position offset
2025-09-05 13:01:34,087 - INFO - Pre-flight stabilization to first waypoint: (0.000, 0.000, 0.300)
2025-09-05 13:01:34,240 - INFO - Waypoint1: absolute coordinates(0.000, 0.000, 0.300, yaw=90.0°)
2025-09-05 13:01:34,240 - INFO - Flying to coordinate: (0.000, 0.000, 0.300)
2025-09-05 13:01:35,250 - INFO - Approaching target (error=0.150m), entering stabilization phase
2025-09-05 13:01:35,840 - INFO - Reached waypoint (error=0.047m, stable_count=30)
2025-09-05 13:01:36,440 - INFO - Waypoint2: absolute coordinates(0.300, 0.000, 0.300, yaw=90.0°)
2025-09-05 13:01:36,440 - INFO - Flying to coordinate: (0.300, 0.000, 0.300)
2025-09-05 13:01:37,100 - INFO - Approaching target (error=0.141m), entering stabilization phase
2025-09-05 13:01:37,490 - INFO - Reached waypoint (error=0.054m, stable_count=30)
2025-09-05 13:01:38,091 - INFO - Waypoint3: absolute coordinates(0.300, 0.300, 0.300, yaw=90.0°)
2025-09-05 13:01:38,091 - INFO - Flying to coordinate: (0.300, 0.300, 0.300)
2025-09-05 13:01:38,701 - INFO - Approaching target (error=0.125m), entering stabilization phase
2025-09-05 13:01:39,141 - INFO - Reached waypoint (error=0.061m, stable_count=30)
2025-09-05 13:01:39,741 - INFO - Waypoint4: absolute coordinates(0.000, 0.300, 0.300, yaw=90.0°)
2025-09-05 13:01:39,741 - INFO - Flying to coordinate: (0.000, 0.300, 0.300)
2025-09-05 13:01:40,251 - INFO - Approaching target (error=0.118m), entering stabilization phase
2025-09-05 13:01:40,641 - INFO - Reached waypoint (error=0.049m, stable_count=30)
2025-09-05 13:01:41,242 - INFO - Waypoint5: absolute coordinates(0.000, 0.000, 0.300, yaw=90.0°)
2025-09-05 13:01:41,242 - INFO - Flying to coordinate: (0.000, 0.000, 0.300)
2025-09-05 13:01:41,892 - INFO - Approaching target (error=0.139m), entering stabilization phase
2025-09-05 13:01:42,282 - INFO - Reached waypoint (error=0.058m, stable_count=30)
2025-09-05 13:01:42,882 - INFO - Returning to origin and landing...
2025-09-05 13:01:42,882 - INFO - Flying to coordinate: (0.000, 0.000, 0.200)
2025-09-05 13:01:43,092 - INFO - Approaching target (error=0.124m), entering stabilization phase
2025-09-05 13:01:45,182 - INFO - Reached waypoint (error=0.074m, stable_count=30)
2025-09-05 13:01:45,182 - INFO - Landing...
2025-09-05 13:01:45,183 - INFO - Landing complete
2025-09-05 13:01:45,190 - INFO - Have successfully stopped logging for id=6
2025-09-05 13:01:45,284 - INFO - Position manager stopped
2025-09-05 13:01:45,286 - INFO - Flight mission complete
2025-09-05 13:01:45,286 - INFO - Stopping data collector...
2025-09-05 13:01:45,287 - INFO - Collection complete - stats: {'created': 1430, 'complete': 1430, 'merged': 0, 'dropped': 0}
2025-09-05 13:01:45,295 - INFO - Have successfully stopped logging for id=4
2025-09-05 13:01:45,298 - INFO - Have successfully stopped logging for id=5
2025-09-05 13:01:45,336 - INFO - Data saved: training_data/square_small_20250905_130145.json
2025-09-05 13:01:45,336 - INFO - States: 1430, Commands: 861, Duration: 14.3s
2025-09-05 13:01:45,336 - INFO - Successfully saved 1430 state data points
2025-09-05 13:01:45,336 - INFO - Successfully saved 861 control commands
2025-09-05 13:01:45,336 - INFO - Closing link
2025-09-05 13:01:45,337 - INFO - Callback->Disconnected from [radio://0/80/2M/E7E7E7E7E6]
