2025-09-04 14:50:38,650 - INFO - === Fixed continuous data collector ===
2025-09-04 14:50:38,650 - INFO - Mission: vertical_med
2025-09-04 14:50:38,650 - INFO - Waypoints (absolute coordinates): [(0, 0, 0.4), (0, 0, 0.8), (0, 0, 0.4)]
2025-09-04 14:50:38,651 - INFO - Callback->Connection initialized[radio://0/80/2M/E7E7E7E7E6]
2025-09-04 14:50:38,901 - INFO - We are connected[radio://0/80/2M/E7E7E7E7E6], request connection setup
2025-09-04 14:50:38,901 - INFO - Request _request_protocol_version()
2025-09-04 14:50:38,908 - INFO - Callback->Connected to [radio://0/80/2M/E7E7E7E7E6]
2025-09-04 14:50:38,912 - INFO - _crt_service_callback
2025-09-04 14:50:38,912 - INFO - Request protocol version
2025-09-04 14:50:38,916 - INFO - _platform_callback
2025-09-04 14:50:38,916 - INFO - Protocol version (platform): 9
2025-09-04 14:50:38,927 - INFO - TOC for port [5] found in cache
2025-09-04 14:50:38,927 - INFO - Log TOC finished updating
2025-09-04 14:50:38,932 - INFO - 6 memories found
2025-09-04 14:50:39,013 - INFO - Memories finished updating
2025-09-04 14:50:39,020 - INFO - TOC for port [2] found in cache
2025-09-04 14:50:39,579 - INFO - Param TOC finished updating
2025-09-04 14:50:39,579 - INFO - Callback->Connection setup finished [radio://0/80/2M/E7E7E7E7E6]
2025-09-04 14:50:39,580 - INFO - Connected: radio://0/80/2M/E7E7E7E7E6
2025-09-04 14:50:39,594 - INFO - Have successfully started logging for id=1
2025-09-04 14:50:39,694 - INFO - Battery: 3.83V (safe)
2025-09-04 14:50:39,695 - INFO - Battery check passed: 3.83V
2025-09-04 14:50:39,695 - INFO - Initializing position estimator to origin...
2025-09-04 14:50:39,699 - INFO - Have successfully stopped logging for id=1
2025-09-04 14:50:39,700 - INFO - Have successfully deleted id=1
2025-09-04 14:50:40,897 - INFO - All parameters updated
2025-09-04 14:50:40,897 - INFO - Callback->Connection completed [radio://0/80/2M/E7E7E7E7E6]
2025-09-04 14:50:41,012 - INFO - Have successfully started logging for id=2
2025-09-04 14:50:47,509 - INFO - Waiting for position estimator...
2025-09-04 14:50:47,514 - INFO - Have successfully stopped logging for id=2
2025-09-04 14:50:47,515 - INFO - Have successfully deleted id=2
2025-09-04 14:50:47,522 - INFO - Have successfully started logging for id=3
2025-09-04 14:50:48,520 - INFO - Position estimator ready
2025-09-04 14:50:48,521 - INFO - Controller parameters optimized
2025-09-04 14:50:48,527 - INFO - Have successfully stopped logging for id=3
2025-09-04 14:50:48,528 - INFO - Have successfully deleted id=3
2025-09-04 14:50:51,295 - INFO - Start collection (slot:10ms)
2025-09-04 14:50:51,296 - INFO - Data collector started
2025-09-04 14:50:51,298 - INFO - Position manager started
2025-09-04 14:50:51,305 - INFO - Have successfully started logging for id=4
2025-09-04 14:50:51,307 - INFO - Have successfully started logging for id=5
2025-09-04 14:50:51,308 - INFO - Have successfully started logging for id=6
2025-09-04 14:50:51,398 - INFO - Position manager data flow is normal
2025-09-04 14:50:53,398 - INFO - Current position: (0.015, 0.041, 0.018, 90.4째)
2025-09-04 14:50:53,398 - INFO - Using absolute coordinate system, ignoring takeoff position offset
2025-09-04 14:50:54,399 - INFO - Pre-flight stabilization to first waypoint: (0.000, 0.000, 0.400)
2025-09-04 14:50:54,549 - INFO - Waypoint1: absolute coordinates(0.000, 0.000, 0.400, yaw=90.0째)
2025-09-04 14:50:54,549 - INFO - Flying to coordinate: (0.000, 0.000, 0.400)
2025-09-04 14:50:55,559 - INFO - Approaching target (error=0.150m), entering stabilization phase
2025-09-04 14:50:56,199 - INFO - Reached waypoint (error=0.034m, stable_count=30)
2025-09-04 14:50:56,799 - INFO - Waypoint2: absolute coordinates(0.000, 0.000, 0.800, yaw=90.0째)
2025-09-04 14:50:56,799 - INFO - Flying to coordinate: (0.000, 0.000, 0.800)
2025-09-04 14:50:57,359 - INFO - Approaching target (error=0.131m), entering stabilization phase
2025-09-04 14:51:01,399 - INFO - Reached waypoint (error=0.075m, stable_count=30)
2025-09-04 14:51:02,000 - INFO - Waypoint3: absolute coordinates(0.000, 0.000, 0.400, yaw=90.0째)
2025-09-04 14:51:02,000 - INFO - Flying to coordinate: (0.000, 0.000, 0.400)
2025-09-04 14:51:02,750 - INFO - Approaching target (error=0.141m), entering stabilization phase
2025-09-04 14:51:03,340 - INFO - Reached waypoint (error=0.035m, stable_count=30)
2025-09-04 14:51:03,940 - INFO - Returning to origin and landing...
2025-09-04 14:51:03,940 - INFO - Flying to coordinate: (0.000, 0.000, 0.200)
2025-09-04 14:51:04,260 - INFO - Approaching target (error=0.139m), entering stabilization phase
2025-09-04 14:51:04,790 - INFO - Reached waypoint (error=0.038m, stable_count=30)
2025-09-04 14:51:04,790 - INFO - Landing...
2025-09-04 14:51:04,791 - INFO - Landing complete
2025-09-04 14:51:04,798 - INFO - Have successfully stopped logging for id=6
2025-09-04 14:51:04,892 - INFO - Position manager stopped
2025-09-04 14:51:04,893 - INFO - Flight mission complete
2025-09-04 14:51:04,893 - INFO - Stopping data collector...
2025-09-04 14:51:04,896 - INFO - Collection complete - stats: {'created': 1359, 'complete': 1359, 'merged': 0, 'dropped': 0}
2025-09-04 14:51:04,902 - INFO - Have successfully stopped logging for id=4
2025-09-04 14:51:04,903 - INFO - Have successfully stopped logging for id=5
2025-09-04 14:51:04,944 - INFO - Data saved: training_data/vertical_med_20250904_145104.json
2025-09-04 14:51:04,944 - INFO - States: 1359, Commands: 889, Duration: 13.6s
2025-09-04 14:51:04,944 - INFO - Successfully saved 1359 state data points
2025-09-04 14:51:04,944 - INFO - Successfully saved 889 control commands
2025-09-04 14:51:04,944 - INFO - Closing link
2025-09-04 14:51:04,945 - INFO - Callback->Disconnected from [radio://0/80/2M/E7E7E7E7E6]
