2025-09-04 15:44:22,116 - INFO - === Fixed continuous data collector ===
2025-09-04 15:44:22,116 - INFO - Mission: vertical_large
2025-09-04 15:44:22,116 - INFO - Waypoints (absolute coordinates): [(0, 0, 0.5), (0, 0, 1.0), (0, 0, 0.5)]
2025-09-04 15:44:22,117 - INFO - Callback->Connection initialized[radio://0/80/2M/E7E7E7E7E6]
2025-09-04 15:44:22,367 - INFO - We are connected[radio://0/80/2M/E7E7E7E7E6], request connection setup
2025-09-04 15:44:22,368 - INFO - Request _request_protocol_version()
2025-09-04 15:44:22,371 - INFO - Callback->Connected to [radio://0/80/2M/E7E7E7E7E6]
2025-09-04 15:44:22,450 - INFO - _crt_service_callback
2025-09-04 15:44:22,450 - INFO - Request protocol version
2025-09-04 15:44:22,455 - INFO - _platform_callback
2025-09-04 15:44:22,455 - INFO - Protocol version (platform): 9
2025-09-04 15:44:22,465 - INFO - TOC for port [5] found in cache
2025-09-04 15:44:22,465 - INFO - Log TOC finished updating
2025-09-04 15:44:22,468 - INFO - 6 memories found
2025-09-04 15:44:22,545 - INFO - Memories finished updating
2025-09-04 15:44:22,551 - INFO - TOC for port [2] found in cache
2025-09-04 15:44:23,047 - INFO - Param TOC finished updating
2025-09-04 15:44:23,047 - INFO - Callback->Connection setup finished [radio://0/80/2M/E7E7E7E7E6]
2025-09-04 15:44:23,048 - INFO - Connected: radio://0/80/2M/E7E7E7E7E6
2025-09-04 15:44:23,057 - INFO - Have successfully started logging for id=1
2025-09-04 15:44:23,156 - INFO - Battery: 3.97V (safe)
2025-09-04 15:44:23,157 - INFO - Battery check passed: 3.97V
2025-09-04 15:44:23,157 - INFO - Initializing position estimator to origin...
2025-09-04 15:44:23,160 - INFO - Have successfully stopped logging for id=1
2025-09-04 15:44:23,161 - INFO - Have successfully deleted id=1
2025-09-04 15:44:24,372 - INFO - All parameters updated
2025-09-04 15:44:24,372 - INFO - Callback->Connection completed [radio://0/80/2M/E7E7E7E7E6]
2025-09-04 15:44:24,480 - INFO - Have successfully started logging for id=2
2025-09-04 15:44:32,475 - INFO - Waiting for position estimator...
2025-09-04 15:44:32,477 - INFO - Have successfully stopped logging for id=2
2025-09-04 15:44:32,478 - INFO - Have successfully deleted id=2
2025-09-04 15:44:32,483 - INFO - Have successfully started logging for id=3
2025-09-04 15:44:33,483 - INFO - Position estimator ready
2025-09-04 15:44:33,483 - INFO - Controller parameters optimized
2025-09-04 15:44:33,486 - INFO - Have successfully stopped logging for id=3
2025-09-04 15:44:33,487 - INFO - Have successfully deleted id=3
2025-09-04 15:44:37,560 - INFO - Start collection (slot:10ms)
2025-09-04 15:44:37,561 - INFO - Data collector started
2025-09-04 15:44:37,562 - INFO - Position manager started
2025-09-04 15:44:37,569 - INFO - Have successfully started logging for id=4
2025-09-04 15:44:37,570 - INFO - Have successfully started logging for id=5
2025-09-04 15:44:37,572 - INFO - Have successfully started logging for id=6
2025-09-04 15:44:37,663 - INFO - Position manager data flow is normal
2025-09-04 15:44:39,663 - INFO - Current position: (0.027, 0.040, 0.011, 89.7째)
2025-09-04 15:44:39,663 - INFO - Using absolute coordinate system, ignoring takeoff position offset
2025-09-04 15:44:40,663 - INFO - Pre-flight stabilization to first waypoint: (0.000, 0.000, 0.500)
2025-09-04 15:44:40,813 - INFO - Waypoint1: absolute coordinates(0.000, 0.000, 0.500, yaw=90.0째)
2025-09-04 15:44:40,813 - INFO - Flying to coordinate: (0.000, 0.000, 0.500)
2025-09-04 15:44:41,873 - INFO - Approaching target (error=0.138m), entering stabilization phase
2025-09-04 15:44:42,413 - INFO - Reached waypoint (error=0.035m, stable_count=30)
2025-09-04 15:44:43,013 - INFO - Waypoint2: absolute coordinates(0.000, 0.000, 1.000, yaw=90.0째)
2025-09-04 15:44:43,013 - INFO - Flying to coordinate: (0.000, 0.000, 1.000)
2025-09-04 15:44:43,624 - INFO - Approaching target (error=0.121m), entering stabilization phase
2025-09-04 15:44:44,014 - INFO - Reached waypoint (error=0.071m, stable_count=30)
2025-09-04 15:44:44,615 - INFO - Waypoint3: absolute coordinates(0.000, 0.000, 0.500, yaw=90.0째)
2025-09-04 15:44:44,615 - INFO - Flying to coordinate: (0.000, 0.000, 0.500)
2025-09-04 15:44:45,575 - INFO - Approaching target (error=0.146m), entering stabilization phase
2025-09-04 15:44:46,065 - INFO - Reached waypoint (error=0.048m, stable_count=30)
2025-09-04 15:44:46,666 - INFO - Returning to origin and landing...
2025-09-04 15:44:46,666 - INFO - Flying to coordinate: (0.000, 0.000, 0.200)
2025-09-04 15:44:47,416 - INFO - Approaching target (error=0.141m), entering stabilization phase
2025-09-04 15:44:48,106 - INFO - Reached waypoint (error=0.024m, stable_count=30)
2025-09-04 15:44:48,106 - INFO - Landing...
2025-09-04 15:44:48,109 - INFO - Landing complete
2025-09-04 15:44:48,115 - INFO - Have successfully stopped logging for id=6
2025-09-04 15:44:48,209 - INFO - Position manager stopped
2025-09-04 15:44:48,213 - INFO - Flight mission complete
2025-09-04 15:44:48,213 - INFO - Stopping data collector...
2025-09-04 15:44:48,216 - INFO - Collection complete - stats: {'created': 1064, 'complete': 1064, 'merged': 0, 'dropped': 0}
2025-09-04 15:44:48,223 - INFO - Have successfully stopped logging for id=4
2025-09-04 15:44:48,227 - INFO - Have successfully stopped logging for id=5
2025-09-04 15:44:48,254 - INFO - Data saved: training_data/vertical_large_20250904_154448.json
2025-09-04 15:44:48,254 - INFO - States: 1064, Commands: 595, Duration: 10.6s
2025-09-04 15:44:48,254 - INFO - Successfully saved 1064 state data points
2025-09-04 15:44:48,254 - INFO - Successfully saved 595 control commands
2025-09-04 15:44:48,254 - INFO - Closing link
2025-09-04 15:44:48,255 - INFO - Callback->Disconnected from [radio://0/80/2M/E7E7E7E7E6]
