2025-09-05 17:00:49,739 - INFO - === Fixed continuous data collector ===
2025-09-05 17:00:49,739 - INFO - Mission: triangle_med
2025-09-05 17:00:49,739 - INFO - Waypoints (absolute coordinates): [(0, 0, 0.6), (0.5, 0, 0.6), (0.25, 0.5, 0.6), (0, 0, 0.6)]
2025-09-05 17:00:49,739 - INFO - Callback->Connection initialized[radio://0/80/2M/E7E7E7E7E6]
2025-09-05 17:00:49,991 - INFO - We are connected[radio://0/80/2M/E7E7E7E7E6], request connection setup
2025-09-05 17:00:49,991 - INFO - Request _request_protocol_version()
2025-09-05 17:00:49,999 - INFO - Callback->Connected to [radio://0/80/2M/E7E7E7E7E6]
2025-09-05 17:00:50,068 - INFO - _crt_service_callback
2025-09-05 17:00:50,068 - INFO - Request protocol version
2025-09-05 17:00:50,072 - INFO - _platform_callback
2025-09-05 17:00:50,072 - INFO - Protocol version (platform): 9
2025-09-05 17:00:50,082 - INFO - TOC for port [5] found in cache
2025-09-05 17:00:50,082 - INFO - Log TOC finished updating
2025-09-05 17:00:50,085 - INFO - 6 memories found
2025-09-05 17:00:50,162 - INFO - Memories finished updating
2025-09-05 17:00:50,167 - INFO - TOC for port [2] found in cache
2025-09-05 17:00:50,594 - INFO - Param TOC finished updating
2025-09-05 17:00:50,594 - INFO - Callback->Connection setup finished [radio://0/80/2M/E7E7E7E7E6]
2025-09-05 17:00:50,595 - INFO - Connected: radio://0/80/2M/E7E7E7E7E6
2025-09-05 17:00:50,604 - INFO - Have successfully started logging for id=1
2025-09-05 17:00:50,703 - INFO - Battery: 3.85V (safe)
2025-09-05 17:00:50,704 - INFO - Battery check passed: 3.85V
2025-09-05 17:00:50,705 - INFO - Initializing position estimator to origin...
2025-09-05 17:00:50,707 - INFO - Have successfully stopped logging for id=1
2025-09-05 17:00:50,708 - INFO - Have successfully deleted id=1
2025-09-05 17:00:51,721 - INFO - All parameters updated
2025-09-05 17:00:51,721 - INFO - Callback->Connection completed [radio://0/80/2M/E7E7E7E7E6]
2025-09-05 17:00:51,829 - INFO - Have successfully started logging for id=2
2025-09-05 17:00:58,323 - INFO - Waiting for position estimator...
2025-09-05 17:00:58,326 - INFO - Have successfully stopped logging for id=2
2025-09-05 17:00:58,327 - INFO - Have successfully deleted id=2
2025-09-05 17:00:58,333 - INFO - Have successfully started logging for id=3
2025-09-05 17:00:59,331 - INFO - Position estimator ready
2025-09-05 17:00:59,331 - INFO - Controller parameters optimized
2025-09-05 17:00:59,334 - INFO - Have successfully stopped logging for id=3
2025-09-05 17:00:59,335 - INFO - Have successfully deleted id=3
2025-09-05 17:01:02,084 - INFO - Start collection (slot:10ms)
2025-09-05 17:01:02,086 - INFO - Data collector started
2025-09-05 17:01:02,087 - INFO - Position manager started
2025-09-05 17:01:02,093 - INFO - Have successfully started logging for id=4
2025-09-05 17:01:02,094 - INFO - Have successfully started logging for id=5
2025-09-05 17:01:02,096 - INFO - Have successfully started logging for id=6
2025-09-05 17:01:02,187 - INFO - Position manager data flow is normal
2025-09-05 17:01:04,187 - INFO - Current position: (-0.027, 0.018, 0.005, 89.9°)
2025-09-05 17:01:04,187 - INFO - Using absolute coordinate system, ignoring takeoff position offset
2025-09-05 17:01:05,187 - INFO - Pre-flight stabilization to first waypoint: (0.000, 0.000, 0.600)
2025-09-05 17:01:05,337 - INFO - Waypoint1: absolute coordinates(0.000, 0.000, 0.600, yaw=90.0°)
2025-09-05 17:01:05,338 - INFO - Flying to coordinate: (0.000, 0.000, 0.600)
2025-09-05 17:01:06,348 - INFO - Approaching target (error=0.140m), entering stabilization phase
2025-09-05 17:01:06,838 - INFO - Reached waypoint (error=0.024m, stable_count=30)
2025-09-05 17:01:07,438 - INFO - Waypoint2: absolute coordinates(0.500, 0.000, 0.600, yaw=90.0°)
2025-09-05 17:01:07,438 - INFO - Flying to coordinate: (0.500, 0.000, 0.600)
2025-09-05 17:01:08,198 - INFO - Approaching target (error=0.122m), entering stabilization phase
2025-09-05 17:01:10,238 - INFO - Reached waypoint (error=0.071m, stable_count=30)
2025-09-05 17:01:10,839 - INFO - Waypoint3: absolute coordinates(0.250, 0.500, 0.600, yaw=90.0°)
2025-09-05 17:01:10,839 - INFO - Flying to coordinate: (0.250, 0.500, 0.600)
2025-09-05 17:01:11,549 - INFO - Approaching target (error=0.125m), entering stabilization phase
2025-09-05 17:01:13,879 - INFO - Reached waypoint (error=0.041m, stable_count=30)
2025-09-05 17:01:14,480 - INFO - Waypoint4: absolute coordinates(0.000, 0.000, 0.600, yaw=90.0°)
2025-09-05 17:01:14,480 - INFO - Flying to coordinate: (0.000, 0.000, 0.600)
2025-09-05 17:01:15,190 - INFO - Approaching target (error=0.145m), entering stabilization phase
2025-09-05 17:01:15,580 - INFO - Reached waypoint (error=0.029m, stable_count=30)
2025-09-05 17:01:16,181 - INFO - Returning to origin and landing...
2025-09-05 17:01:16,181 - INFO - Flying to coordinate: (0.000, 0.000, 0.200)
2025-09-05 17:01:16,991 - INFO - Approaching target (error=0.142m), entering stabilization phase
2025-09-05 17:01:17,631 - INFO - Reached waypoint (error=0.050m, stable_count=30)
2025-09-05 17:01:17,631 - INFO - Landing...
2025-09-05 17:01:17,631 - INFO - Landing complete
2025-09-05 17:01:17,637 - INFO - Have successfully stopped logging for id=6
2025-09-05 17:01:17,733 - INFO - Position manager stopped
2025-09-05 17:01:17,735 - INFO - Flight mission complete
2025-09-05 17:01:17,735 - INFO - Stopping data collector...
2025-09-05 17:01:17,736 - INFO - Collection complete - stats: {'created': 1565, 'complete': 1565, 'merged': 0, 'dropped': 0}
2025-09-05 17:01:17,747 - INFO - Have successfully stopped logging for id=4
2025-09-05 17:01:17,749 - INFO - Have successfully stopped logging for id=5
2025-09-05 17:01:17,791 - INFO - Data saved: training_data/triangle_med_20250905_170117.json
2025-09-05 17:01:17,791 - INFO - States: 1565, Commands: 1045, Duration: 15.6s
2025-09-05 17:01:17,792 - INFO - Successfully saved 1565 state data points
2025-09-05 17:01:17,792 - INFO - Successfully saved 1045 control commands
2025-09-05 17:01:17,792 - INFO - Closing link
2025-09-05 17:01:17,792 - INFO - Callback->Disconnected from [radio://0/80/2M/E7E7E7E7E6]
