2025-09-05 14:05:35,674 - INFO - === Fixed continuous data collector ===
2025-09-05 14:05:35,675 - INFO - Mission: square_med
2025-09-05 14:05:35,675 - INFO - Waypoints (absolute coordinates): [(0, 0, 0.4), (0.5, 0, 0.4), (0.5, 0.5, 0.4), (0, 0.5, 0.4), (0, 0, 0.4)]
2025-09-05 14:05:35,675 - INFO - Callback->Connection initialized[radio://0/80/2M/E7E7E7E7E6]
2025-09-05 14:05:35,927 - INFO - We are connected[radio://0/80/2M/E7E7E7E7E6], request connection setup
2025-09-05 14:05:35,927 - INFO - Request _request_protocol_version()
2025-09-05 14:05:35,931 - INFO - Callback->Connected to [radio://0/80/2M/E7E7E7E7E6]
2025-09-05 14:05:35,935 - INFO - _crt_service_callback
2025-09-05 14:05:35,935 - INFO - Request protocol version
2025-09-05 14:05:35,938 - INFO - _platform_callback
2025-09-05 14:05:35,938 - INFO - Protocol version (platform): 9
2025-09-05 14:05:35,947 - INFO - TOC for port [5] found in cache
2025-09-05 14:05:35,947 - INFO - Log TOC finished updating
2025-09-05 14:05:35,951 - INFO - 6 memories found
2025-09-05 14:05:36,025 - INFO - Memories finished updating
2025-09-05 14:05:36,031 - INFO - TOC for port [2] found in cache
2025-09-05 14:05:36,503 - INFO - Param TOC finished updating
2025-09-05 14:05:36,503 - INFO - Callback->Connection setup finished [radio://0/80/2M/E7E7E7E7E6]
2025-09-05 14:05:36,504 - INFO - Connected: radio://0/80/2M/E7E7E7E7E6
2025-09-05 14:05:36,516 - INFO - Have successfully started logging for id=1
2025-09-05 14:05:36,617 - INFO - Battery: 3.98V (safe)
2025-09-05 14:05:36,617 - INFO - Battery check passed: 3.98V
2025-09-05 14:05:36,617 - INFO - Initializing position estimator to origin...
2025-09-05 14:05:36,620 - INFO - Have successfully stopped logging for id=1
2025-09-05 14:05:36,621 - INFO - Have successfully deleted id=1
2025-09-05 14:05:37,632 - INFO - All parameters updated
2025-09-05 14:05:37,632 - INFO - Callback->Connection completed [radio://0/80/2M/E7E7E7E7E6]
2025-09-05 14:05:37,741 - INFO - Have successfully started logging for id=2
2025-09-05 14:05:44,234 - INFO - Waiting for position estimator...
2025-09-05 14:05:44,238 - INFO - Have successfully stopped logging for id=2
2025-09-05 14:05:44,239 - INFO - Have successfully deleted id=2
2025-09-05 14:05:44,243 - INFO - Have successfully started logging for id=3
2025-09-05 14:05:45,243 - INFO - Position estimator ready
2025-09-05 14:05:45,244 - INFO - Controller parameters optimized
2025-09-05 14:05:45,249 - INFO - Have successfully stopped logging for id=3
2025-09-05 14:05:45,250 - INFO - Have successfully deleted id=3
2025-09-05 14:05:47,281 - INFO - Start collection (slot:10ms)
2025-09-05 14:05:47,282 - INFO - Data collector started
2025-09-05 14:05:47,283 - INFO - Position manager started
2025-09-05 14:05:47,291 - INFO - Have successfully started logging for id=4
2025-09-05 14:05:47,292 - INFO - Have successfully started logging for id=5
2025-09-05 14:05:47,293 - INFO - Have successfully started logging for id=6
2025-09-05 14:05:47,383 - INFO - Position manager data flow is normal
2025-09-05 14:05:49,384 - INFO - Current position: (0.023, 0.020, 0.040, 89.9°)
2025-09-05 14:05:49,384 - INFO - Using absolute coordinate system, ignoring takeoff position offset
2025-09-05 14:05:50,384 - INFO - Pre-flight stabilization to first waypoint: (0.000, 0.000, 0.400)
2025-09-05 14:05:50,534 - INFO - Waypoint1: absolute coordinates(0.000, 0.000, 0.400, yaw=90.0°)
2025-09-05 14:05:50,534 - INFO - Flying to coordinate: (0.000, 0.000, 0.400)
2025-09-05 14:05:51,594 - INFO - Approaching target (error=0.143m), entering stabilization phase
2025-09-05 14:05:52,284 - INFO - Reached waypoint (error=0.011m, stable_count=30)
2025-09-05 14:05:52,884 - INFO - Waypoint2: absolute coordinates(0.500, 0.000, 0.400, yaw=90.0°)
2025-09-05 14:05:52,884 - INFO - Flying to coordinate: (0.500, 0.000, 0.400)
2025-09-05 14:05:53,695 - INFO - Approaching target (error=0.143m), entering stabilization phase
2025-09-05 14:05:55,435 - INFO - Reached waypoint (error=0.072m, stable_count=30)
2025-09-05 14:05:56,035 - INFO - Waypoint3: absolute coordinates(0.500, 0.500, 0.400, yaw=90.0°)
2025-09-05 14:05:56,035 - INFO - Flying to coordinate: (0.500, 0.500, 0.400)
2025-09-05 14:05:56,738 - INFO - Approaching target (error=0.125m), entering stabilization phase
2025-09-05 14:05:57,628 - INFO - Reached waypoint (error=0.020m, stable_count=30)
2025-09-05 14:05:58,228 - INFO - Waypoint4: absolute coordinates(0.000, 0.500, 0.400, yaw=90.0°)
2025-09-05 14:05:58,228 - INFO - Flying to coordinate: (0.000, 0.500, 0.400)
2025-09-05 14:05:58,838 - INFO - Approaching target (error=0.143m), entering stabilization phase
2025-09-05 14:05:59,228 - INFO - Reached waypoint (error=0.024m, stable_count=30)
2025-09-05 14:05:59,829 - INFO - Waypoint5: absolute coordinates(0.000, 0.000, 0.400, yaw=90.0°)
2025-09-05 14:05:59,829 - INFO - Flying to coordinate: (0.000, 0.000, 0.400)
2025-09-05 14:06:00,589 - INFO - Approaching target (error=0.145m), entering stabilization phase
2025-09-05 14:06:01,029 - INFO - Reached waypoint (error=0.044m, stable_count=30)
2025-09-05 14:06:01,630 - INFO - Returning to origin and landing...
2025-09-05 14:06:01,630 - INFO - Flying to coordinate: (0.000, 0.000, 0.200)
2025-09-05 14:06:02,090 - INFO - Approaching target (error=0.138m), entering stabilization phase
2025-09-05 14:06:02,400 - WARNING - Control timing drift detected - resyncing
2025-09-05 14:06:03,077 - INFO - Reached waypoint (error=0.070m, stable_count=30)
2025-09-05 14:06:03,077 - INFO - Landing...
2025-09-05 14:06:03,080 - INFO - Landing complete
2025-09-05 14:06:03,084 - INFO - Have successfully stopped logging for id=6
2025-09-05 14:06:03,181 - INFO - Position manager stopped
2025-09-05 14:06:03,183 - INFO - Flight mission complete
2025-09-05 14:06:03,183 - INFO - Stopping data collector...
2025-09-05 14:06:03,185 - INFO - Collection complete - stats: {'created': 1590, 'complete': 1590, 'merged': 0, 'dropped': 0}
2025-09-05 14:06:03,194 - INFO - Have successfully stopped logging for id=4
2025-09-05 14:06:03,198 - INFO - Have successfully stopped logging for id=5
2025-09-05 14:06:03,241 - INFO - Data saved: training_data/square_med_20250905_140603.json
2025-09-05 14:06:03,241 - INFO - States: 1590, Commands: 1015, Duration: 15.9s
2025-09-05 14:06:03,241 - INFO - Successfully saved 1590 state data points
2025-09-05 14:06:03,242 - INFO - Successfully saved 1015 control commands
2025-09-05 14:06:03,242 - INFO - Closing link
2025-09-05 14:06:03,242 - INFO - Callback->Disconnected from [radio://0/80/2M/E7E7E7E7E6]
