2025-09-04 15:22:19,928 - INFO - === Fixed continuous data collector ===
2025-09-04 15:22:19,928 - INFO - Mission: vertical_large
2025-09-04 15:22:19,928 - INFO - Waypoints (absolute coordinates): [(0, 0, 0.5), (0, 0, 1.0), (0, 0, 0.5)]
2025-09-04 15:22:19,929 - INFO - Callback->Connection initialized[radio://0/80/2M/E7E7E7E7E6]
2025-09-04 15:22:20,180 - INFO - We are connected[radio://0/80/2M/E7E7E7E7E6], request connection setup
2025-09-04 15:22:20,180 - INFO - Request _request_protocol_version()
2025-09-04 15:22:20,183 - INFO - Callback->Connected to [radio://0/80/2M/E7E7E7E7E6]
2025-09-04 15:22:20,187 - INFO - _crt_service_callback
2025-09-04 15:22:20,187 - INFO - Request protocol version
2025-09-04 15:22:20,194 - INFO - _platform_callback
2025-09-04 15:22:20,194 - INFO - Protocol version (platform): 9
2025-09-04 15:22:20,208 - INFO - TOC for port [5] found in cache
2025-09-04 15:22:20,208 - INFO - Log TOC finished updating
2025-09-04 15:22:20,211 - INFO - 6 memories found
2025-09-04 15:22:20,285 - INFO - Memories finished updating
2025-09-04 15:22:20,290 - INFO - TOC for port [2] found in cache
2025-09-04 15:22:20,776 - INFO - Param TOC finished updating
2025-09-04 15:22:20,776 - INFO - Callback->Connection setup finished [radio://0/80/2M/E7E7E7E7E6]
2025-09-04 15:22:20,777 - INFO - Connected: radio://0/80/2M/E7E7E7E7E6
2025-09-04 15:22:20,785 - INFO - Have successfully started logging for id=1
2025-09-04 15:22:20,885 - INFO - Battery: 3.89V (safe)
2025-09-04 15:22:20,885 - INFO - Battery check passed: 3.89V
2025-09-04 15:22:20,885 - INFO - Initializing position estimator to origin...
2025-09-04 15:22:20,890 - INFO - Have successfully stopped logging for id=1
2025-09-04 15:22:20,890 - INFO - Have successfully deleted id=1
2025-09-04 15:22:21,995 - INFO - All parameters updated
2025-09-04 15:22:21,995 - INFO - Callback->Connection completed [radio://0/80/2M/E7E7E7E7E6]
2025-09-04 15:22:22,102 - INFO - Have successfully started logging for id=2
2025-09-04 15:22:28,600 - INFO - Waiting for position estimator...
2025-09-04 15:22:28,602 - INFO - Have successfully stopped logging for id=2
2025-09-04 15:22:28,603 - INFO - Have successfully deleted id=2
2025-09-04 15:22:28,610 - INFO - Have successfully started logging for id=3
2025-09-04 15:22:29,609 - INFO - Position estimator ready
2025-09-04 15:22:29,610 - INFO - Controller parameters optimized
2025-09-04 15:22:29,616 - INFO - Have successfully stopped logging for id=3
2025-09-04 15:22:29,617 - INFO - Have successfully deleted id=3
2025-09-04 15:22:32,306 - INFO - Start collection (slot:10ms)
2025-09-04 15:22:32,307 - INFO - Data collector started
2025-09-04 15:22:32,308 - INFO - Position manager started
2025-09-04 15:22:32,315 - INFO - Have successfully started logging for id=4
2025-09-04 15:22:32,316 - INFO - Have successfully started logging for id=5
2025-09-04 15:22:32,318 - INFO - Have successfully started logging for id=6
2025-09-04 15:22:32,408 - INFO - Position manager data flow is normal
2025-09-04 15:22:34,409 - INFO - Current position: (0.006, 0.042, -0.002, 90.0째)
2025-09-04 15:22:34,409 - INFO - Using absolute coordinate system, ignoring takeoff position offset
2025-09-04 15:22:35,409 - INFO - Pre-flight stabilization to first waypoint: (0.000, 0.000, 0.500)
2025-09-04 15:22:35,559 - INFO - Waypoint1: absolute coordinates(0.000, 0.000, 0.500, yaw=90.0째)
2025-09-04 15:22:35,559 - INFO - Flying to coordinate: (0.000, 0.000, 0.500)
2025-09-04 15:22:36,569 - INFO - Approaching target (error=0.147m), entering stabilization phase
2025-09-04 15:22:37,109 - INFO - Reached waypoint (error=0.033m, stable_count=30)
2025-09-04 15:22:37,709 - INFO - Waypoint2: absolute coordinates(0.000, 0.000, 1.000, yaw=90.0째)
2025-09-04 15:22:37,710 - INFO - Flying to coordinate: (0.000, 0.000, 1.000)
2025-09-04 15:22:38,320 - INFO - Approaching target (error=0.139m), entering stabilization phase
2025-09-04 15:22:38,760 - INFO - Reached waypoint (error=0.075m, stable_count=30)
2025-09-04 15:22:39,360 - INFO - Waypoint3: absolute coordinates(0.000, 0.000, 0.500, yaw=90.0째)
2025-09-04 15:22:39,360 - INFO - Flying to coordinate: (0.000, 0.000, 0.500)
2025-09-04 15:22:40,420 - INFO - Approaching target (error=0.137m), entering stabilization phase
2025-09-04 15:22:41,010 - INFO - Reached waypoint (error=0.052m, stable_count=30)
2025-09-04 15:22:41,610 - INFO - Returning to origin and landing...
2025-09-04 15:22:41,611 - INFO - Flying to coordinate: (0.000, 0.000, 0.200)
2025-09-04 15:22:42,321 - INFO - Approaching target (error=0.139m), entering stabilization phase
2025-09-04 15:22:42,951 - INFO - Reached waypoint (error=0.026m, stable_count=30)
2025-09-04 15:22:42,951 - INFO - Landing...
2025-09-04 15:22:42,951 - INFO - Landing complete
2025-09-04 15:22:42,956 - INFO - Have successfully stopped logging for id=6
2025-09-04 15:22:43,052 - INFO - Position manager stopped
2025-09-04 15:22:43,054 - INFO - Flight mission complete
2025-09-04 15:22:43,055 - INFO - Stopping data collector...
2025-09-04 15:22:43,059 - INFO - Collection complete - stats: {'created': 1075, 'complete': 1073, 'merged': 0, 'dropped': 1}
2025-09-04 15:22:43,068 - INFO - Have successfully stopped logging for id=4
2025-09-04 15:22:43,071 - INFO - Have successfully stopped logging for id=5
2025-09-04 15:22:43,096 - INFO - Data saved: training_data/vertical_large_20250904_152243.json
2025-09-04 15:22:43,096 - INFO - States: 1073, Commands: 604, Duration: 10.7s
2025-09-04 15:22:43,096 - INFO - Successfully saved 1073 state data points
2025-09-04 15:22:43,096 - INFO - Successfully saved 604 control commands
2025-09-04 15:22:43,096 - INFO - Closing link
2025-09-04 15:22:43,097 - INFO - Callback->Disconnected from [radio://0/80/2M/E7E7E7E7E6]
