2025-09-05 17:49:10,279 - INFO - === Fixed continuous data collector ===
2025-09-05 17:49:10,279 - INFO - Mission: triangle_large
2025-09-05 17:49:10,279 - INFO - Waypoints (absolute coordinates): [(0, 0, 0.6), (0.8, 0, 0.6), (0.4, 0.6, 0.6), (0, 0, 0.6)]
2025-09-05 17:49:10,280 - INFO - Callback->Connection initialized[radio://0/80/2M/E7E7E7E7E6]
2025-09-05 17:49:10,531 - INFO - We are connected[radio://0/80/2M/E7E7E7E7E6], request connection setup
2025-09-05 17:49:10,532 - INFO - Request _request_protocol_version()
2025-09-05 17:49:10,534 - INFO - Callback->Connected to [radio://0/80/2M/E7E7E7E7E6]
2025-09-05 17:49:10,538 - INFO - _crt_service_callback
2025-09-05 17:49:10,538 - INFO - Request protocol version
2025-09-05 17:49:10,542 - INFO - _platform_callback
2025-09-05 17:49:10,542 - INFO - Protocol version (platform): 9
2025-09-05 17:49:10,552 - INFO - TOC for port [5] found in cache
2025-09-05 17:49:10,552 - INFO - Log TOC finished updating
2025-09-05 17:49:10,555 - INFO - 6 memories found
2025-09-05 17:49:10,630 - INFO - Memories finished updating
2025-09-05 17:49:10,635 - INFO - TOC for port [2] found in cache
2025-09-05 17:49:11,096 - INFO - Param TOC finished updating
2025-09-05 17:49:11,096 - INFO - Callback->Connection setup finished [radio://0/80/2M/E7E7E7E7E6]
2025-09-05 17:49:11,097 - INFO - Connected: radio://0/80/2M/E7E7E7E7E6
2025-09-05 17:49:11,108 - INFO - Have successfully started logging for id=1
2025-09-05 17:49:11,207 - INFO - Battery: 3.90V (safe)
2025-09-05 17:49:11,208 - INFO - Battery check passed: 3.90V
2025-09-05 17:49:11,208 - INFO - Initializing position estimator to origin...
2025-09-05 17:49:11,211 - INFO - Have successfully stopped logging for id=1
2025-09-05 17:49:11,212 - INFO - Have successfully deleted id=1
2025-09-05 17:49:12,160 - INFO - All parameters updated
2025-09-05 17:49:12,160 - INFO - Callback->Connection completed [radio://0/80/2M/E7E7E7E7E6]
2025-09-05 17:49:12,269 - INFO - Have successfully started logging for id=2
2025-09-05 17:49:18,764 - INFO - Waiting for position estimator...
2025-09-05 17:49:18,768 - INFO - Have successfully stopped logging for id=2
2025-09-05 17:49:18,769 - INFO - Have successfully deleted id=2
2025-09-05 17:49:18,773 - INFO - Have successfully started logging for id=3
2025-09-05 17:49:19,772 - INFO - Position estimator ready
2025-09-05 17:49:19,773 - INFO - Controller parameters optimized
2025-09-05 17:49:19,775 - INFO - Have successfully stopped logging for id=3
2025-09-05 17:49:19,776 - INFO - Have successfully deleted id=3
2025-09-05 17:49:22,401 - INFO - Start collection (slot:10ms)
2025-09-05 17:49:22,402 - INFO - Data collector started
2025-09-05 17:49:22,403 - INFO - Position manager started
2025-09-05 17:49:22,412 - INFO - Have successfully started logging for id=4
2025-09-05 17:49:22,412 - INFO - Have successfully started logging for id=5
2025-09-05 17:49:22,413 - INFO - Have successfully started logging for id=6
2025-09-05 17:49:22,503 - INFO - Position manager data flow is normal
2025-09-05 17:49:24,503 - INFO - Current position: (-0.015, 0.003, 0.038, 90.6°)
2025-09-05 17:49:24,503 - INFO - Using absolute coordinate system, ignoring takeoff position offset
2025-09-05 17:49:25,503 - INFO - Pre-flight stabilization to first waypoint: (0.000, 0.000, 0.600)
2025-09-05 17:49:25,654 - INFO - Waypoint1: absolute coordinates(0.000, 0.000, 0.600, yaw=90.0°)
2025-09-05 17:49:25,654 - INFO - Flying to coordinate: (0.000, 0.000, 0.600)
2025-09-05 17:49:26,665 - INFO - Approaching target (error=0.141m), entering stabilization phase
2025-09-05 17:49:27,205 - INFO - Reached waypoint (error=0.039m, stable_count=30)
2025-09-05 17:49:27,805 - INFO - Waypoint2: absolute coordinates(0.800, 0.000, 0.600, yaw=90.0°)
2025-09-05 17:49:27,805 - INFO - Flying to coordinate: (0.800, 0.000, 0.600)
2025-09-05 17:49:28,765 - INFO - Approaching target (error=0.139m), entering stabilization phase
2025-09-05 17:49:30,605 - INFO - Reached waypoint (error=0.066m, stable_count=30)
2025-09-05 17:49:31,205 - INFO - Waypoint3: absolute coordinates(0.400, 0.600, 0.600, yaw=90.0°)
2025-09-05 17:49:31,205 - INFO - Flying to coordinate: (0.400, 0.600, 0.600)
2025-09-05 17:49:31,965 - INFO - Approaching target (error=0.113m), entering stabilization phase
2025-09-05 17:49:33,706 - INFO - Reached waypoint (error=0.037m, stable_count=30)
2025-09-05 17:49:34,306 - INFO - Waypoint4: absolute coordinates(0.000, 0.000, 0.600, yaw=90.0°)
2025-09-05 17:49:34,306 - INFO - Flying to coordinate: (0.000, 0.000, 0.600)
2025-09-05 17:49:36,156 - INFO - Approaching target (error=0.149m), entering stabilization phase
2025-09-05 17:49:36,696 - INFO - Reached waypoint (error=0.037m, stable_count=30)
2025-09-05 17:49:37,298 - INFO - Returning to origin and landing...
2025-09-05 17:49:37,298 - INFO - Flying to coordinate: (0.000, 0.000, 0.200)
2025-09-05 17:49:38,208 - INFO - Approaching target (error=0.144m), entering stabilization phase
2025-09-05 17:49:41,148 - INFO - Reached waypoint (error=0.039m, stable_count=30)
2025-09-05 17:49:41,149 - INFO - Landing...
2025-09-05 17:49:41,149 - INFO - Landing complete
2025-09-05 17:49:41,154 - INFO - Have successfully stopped logging for id=6
2025-09-05 17:49:41,251 - INFO - Position manager stopped
2025-09-05 17:49:41,252 - INFO - Flight mission complete
2025-09-05 17:49:41,252 - INFO - Stopping data collector...
2025-09-05 17:49:41,254 - INFO - Collection complete - stats: {'created': 1885, 'complete': 1885, 'merged': 0, 'dropped': 0}
2025-09-05 17:49:41,263 - INFO - Have successfully stopped logging for id=4
2025-09-05 17:49:41,264 - INFO - Have successfully stopped logging for id=5
2025-09-05 17:49:41,319 - INFO - Data saved: training_data/triangle_large_20250905_174941.json
2025-09-05 17:49:41,319 - INFO - States: 1885, Commands: 1366, Duration: 18.8s
2025-09-05 17:49:41,319 - INFO - Successfully saved 1885 state data points
2025-09-05 17:49:41,319 - INFO - Successfully saved 1366 control commands
2025-09-05 17:49:41,320 - INFO - Closing link
2025-09-05 17:49:41,320 - INFO - Callback->Disconnected from [radio://0/80/2M/E7E7E7E7E6]
