2025-09-05 13:35:19,708 - INFO - === Fixed continuous data collector ===
2025-09-05 13:35:19,708 - INFO - Mission: square_med
2025-09-05 13:35:19,708 - INFO - Waypoints (absolute coordinates): [(0, 0, 0.4), (0.5, 0, 0.4), (0.5, 0.5, 0.4), (0, 0.5, 0.4), (0, 0, 0.4)]
2025-09-05 13:35:19,708 - INFO - Callback->Connection initialized[radio://0/80/2M/E7E7E7E7E6]
2025-09-05 13:35:19,959 - INFO - We are connected[radio://0/80/2M/E7E7E7E7E6], request connection setup
2025-09-05 13:35:19,959 - INFO - Request _request_protocol_version()
2025-09-05 13:35:19,961 - INFO - Callback->Connected to [radio://0/80/2M/E7E7E7E7E6]
2025-09-05 13:35:19,967 - INFO - _crt_service_callback
2025-09-05 13:35:19,967 - INFO - Request protocol version
2025-09-05 13:35:19,971 - INFO - _platform_callback
2025-09-05 13:35:19,971 - INFO - Protocol version (platform): 9
2025-09-05 13:35:19,981 - INFO - TOC for port [5] found in cache
2025-09-05 13:35:19,981 - INFO - Log TOC finished updating
2025-09-05 13:35:19,985 - INFO - 6 memories found
2025-09-05 13:35:20,063 - INFO - Memories finished updating
2025-09-05 13:35:20,070 - INFO - TOC for port [2] found in cache
2025-09-05 13:35:20,566 - INFO - Param TOC finished updating
2025-09-05 13:35:20,566 - INFO - Callback->Connection setup finished [radio://0/80/2M/E7E7E7E7E6]
2025-09-05 13:35:20,567 - INFO - Connected: radio://0/80/2M/E7E7E7E7E6
2025-09-05 13:35:20,578 - INFO - Have successfully started logging for id=1
2025-09-05 13:35:20,676 - INFO - Battery: 3.89V (safe)
2025-09-05 13:35:20,677 - INFO - Battery check passed: 3.89V
2025-09-05 13:35:20,677 - INFO - Initializing position estimator to origin...
2025-09-05 13:35:20,680 - INFO - Have successfully stopped logging for id=1
2025-09-05 13:35:20,681 - INFO - Have successfully deleted id=1
2025-09-05 13:35:21,857 - INFO - All parameters updated
2025-09-05 13:35:21,858 - INFO - Callback->Connection completed [radio://0/80/2M/E7E7E7E7E6]
2025-09-05 13:35:21,965 - INFO - Have successfully started logging for id=2
2025-09-05 13:35:28,462 - INFO - Waiting for position estimator...
2025-09-05 13:35:28,466 - INFO - Have successfully stopped logging for id=2
2025-09-05 13:35:28,468 - INFO - Have successfully deleted id=2
2025-09-05 13:35:28,473 - INFO - Have successfully started logging for id=3
2025-09-05 13:35:29,474 - INFO - Position estimator ready
2025-09-05 13:35:29,475 - INFO - Controller parameters optimized
2025-09-05 13:35:29,478 - INFO - Have successfully stopped logging for id=3
2025-09-05 13:35:29,482 - INFO - Have successfully deleted id=3
2025-09-05 13:35:31,539 - INFO - Start collection (slot:10ms)
2025-09-05 13:35:31,540 - INFO - Data collector started
2025-09-05 13:35:31,541 - INFO - Position manager started
2025-09-05 13:35:31,548 - INFO - Have successfully started logging for id=4
2025-09-05 13:35:31,548 - INFO - Have successfully started logging for id=5
2025-09-05 13:35:31,550 - INFO - Have successfully started logging for id=6
2025-09-05 13:35:31,641 - INFO - Position manager data flow is normal
2025-09-05 13:35:33,641 - INFO - Current position: (0.000, 0.015, -0.013, 90.1°)
2025-09-05 13:35:33,641 - INFO - Using absolute coordinate system, ignoring takeoff position offset
2025-09-05 13:35:34,641 - INFO - Pre-flight stabilization to first waypoint: (0.000, 0.000, 0.400)
2025-09-05 13:35:34,792 - INFO - Waypoint1: absolute coordinates(0.000, 0.000, 0.400, yaw=90.0°)
2025-09-05 13:35:34,792 - INFO - Flying to coordinate: (0.000, 0.000, 0.400)
2025-09-05 13:35:44,792 - WARNING - Waypoint timeout 10.0s (final error may still be acceptable)
2025-09-05 13:35:44,792 - WARNING - Waypoint1 not fully reached, continuing execution
2025-09-05 13:35:45,392 - INFO - Waypoint2: absolute coordinates(0.500, 0.000, 0.400, yaw=90.0°)
2025-09-05 13:35:45,393 - INFO - Flying to coordinate: (0.500, 0.000, 0.400)
2025-09-05 13:35:45,755 - INFO - Have successfully stopped logging for id=6
2025-09-05 13:35:45,846 - INFO - Position manager stopped
2025-09-05 13:35:45,847 - INFO - Stopping data collector...
2025-09-05 13:35:45,849 - INFO - Collection complete - stats: {'created': 1431, 'complete': 1431, 'merged': 0, 'dropped': 0}
2025-09-05 13:35:45,855 - INFO - Have successfully stopped logging for id=4
2025-09-05 13:35:45,856 - INFO - Have successfully stopped logging for id=5
2025-09-05 13:35:45,899 - INFO - Data saved: training_data/square_med_20250905_133545.json
2025-09-05 13:35:45,899 - INFO - States: 1431, Commands: 1061, Duration: 14.3s
2025-09-05 13:35:45,899 - INFO - Successfully saved 1431 state data points
2025-09-05 13:35:45,899 - INFO - Successfully saved 1061 control commands
2025-09-05 13:35:45,899 - INFO - Closing link
2025-09-05 13:35:45,900 - INFO - Callback->Disconnected from [radio://0/80/2M/E7E7E7E7E6]
2025-09-05 13:35:45,913 - INFO - User interrupted
