2025-09-04 14:45:47,565 - INFO - === Fixed continuous data collector ===
2025-09-04 14:45:47,566 - INFO - Mission: vertical_med
2025-09-04 14:45:47,566 - INFO - Waypoints (absolute coordinates): [(0, 0, 0.4), (0, 0, 0.8), (0, 0, 0.4)]
2025-09-04 14:45:47,566 - INFO - Callback->Connection initialized[radio://0/80/2M/E7E7E7E7E6]
2025-09-04 14:45:47,816 - INFO - We are connected[radio://0/80/2M/E7E7E7E7E6], request connection setup
2025-09-04 14:45:47,816 - INFO - Request _request_protocol_version()
2025-09-04 14:45:47,819 - INFO - Callback->Connected to [radio://0/80/2M/E7E7E7E7E6]
2025-09-04 14:45:47,823 - INFO - _crt_service_callback
2025-09-04 14:45:47,823 - INFO - Request protocol version
2025-09-04 14:45:47,827 - INFO - _platform_callback
2025-09-04 14:45:47,827 - INFO - Protocol version (platform): 9
2025-09-04 14:45:47,838 - INFO - TOC for port [5] found in cache
2025-09-04 14:45:47,838 - INFO - Log TOC finished updating
2025-09-04 14:45:47,843 - INFO - 6 memories found
2025-09-04 14:45:47,921 - INFO - Memories finished updating
2025-09-04 14:45:47,927 - INFO - TOC for port [2] found in cache
2025-09-04 14:45:48,475 - INFO - Param TOC finished updating
2025-09-04 14:45:48,475 - INFO - Callback->Connection setup finished [radio://0/80/2M/E7E7E7E7E6]
2025-09-04 14:45:48,476 - INFO - Connected: radio://0/80/2M/E7E7E7E7E6
2025-09-04 14:45:48,487 - INFO - Have successfully started logging for id=1
2025-09-04 14:45:48,587 - INFO - Battery: 3.92V (safe)
2025-09-04 14:45:48,590 - INFO - Battery check passed: 3.92V
2025-09-04 14:45:48,590 - INFO - Initializing position estimator to origin...
2025-09-04 14:45:48,595 - INFO - Have successfully stopped logging for id=1
2025-09-04 14:45:48,596 - INFO - Have successfully deleted id=1
2025-09-04 14:45:49,962 - INFO - All parameters updated
2025-09-04 14:45:49,962 - INFO - Callback->Connection completed [radio://0/80/2M/E7E7E7E7E6]
2025-09-04 14:45:50,073 - INFO - Have successfully started logging for id=2
2025-09-04 14:45:56,569 - INFO - Waiting for position estimator...
2025-09-04 14:45:56,573 - INFO - Have successfully stopped logging for id=2
2025-09-04 14:45:56,574 - INFO - Have successfully deleted id=2
2025-09-04 14:45:56,586 - INFO - Have successfully started logging for id=3
2025-09-04 14:45:57,583 - INFO - Position estimator ready
2025-09-04 14:45:57,584 - INFO - Controller parameters optimized
2025-09-04 14:45:57,586 - INFO - Have successfully stopped logging for id=3
2025-09-04 14:45:57,587 - INFO - Have successfully deleted id=3
2025-09-04 14:45:59,504 - INFO - Start collection (slot:10ms)
2025-09-04 14:45:59,506 - INFO - Data collector started
2025-09-04 14:45:59,507 - INFO - Position manager started
2025-09-04 14:45:59,516 - INFO - Have successfully started logging for id=4
2025-09-04 14:45:59,517 - INFO - Have successfully started logging for id=5
2025-09-04 14:45:59,518 - INFO - Have successfully started logging for id=6
2025-09-04 14:45:59,607 - INFO - Position manager data flow is normal
2025-09-04 14:46:01,607 - INFO - Current position: (0.013, 0.044, 0.002, 90.0째)
2025-09-04 14:46:01,607 - INFO - Using absolute coordinate system, ignoring takeoff position offset
2025-09-04 14:46:02,607 - INFO - Pre-flight stabilization to first waypoint: (0.000, 0.000, 0.400)
2025-09-04 14:46:02,758 - INFO - Waypoint1: absolute coordinates(0.000, 0.000, 0.400, yaw=90.0째)
2025-09-04 14:46:02,758 - INFO - Flying to coordinate: (0.000, 0.000, 0.400)
2025-09-04 14:46:03,818 - INFO - Approaching target (error=0.143m), entering stabilization phase
2025-09-04 14:46:04,408 - INFO - Reached waypoint (error=0.042m, stable_count=30)
2025-09-04 14:46:05,008 - INFO - Waypoint2: absolute coordinates(0.000, 0.000, 0.800, yaw=90.0째)
2025-09-04 14:46:05,008 - INFO - Flying to coordinate: (0.000, 0.000, 0.800)
2025-09-04 14:46:05,568 - INFO - Approaching target (error=0.135m), entering stabilization phase
2025-09-04 14:46:06,108 - INFO - Reached waypoint (error=0.078m, stable_count=30)
2025-09-04 14:46:06,708 - INFO - Waypoint3: absolute coordinates(0.000, 0.000, 0.400, yaw=90.0째)
2025-09-04 14:46:06,709 - INFO - Flying to coordinate: (0.000, 0.000, 0.400)
2025-09-04 14:46:07,669 - INFO - Approaching target (error=0.144m), entering stabilization phase
2025-09-04 14:46:08,359 - INFO - Reached waypoint (error=0.055m, stable_count=30)
2025-09-04 14:46:08,959 - INFO - Returning to origin and landing...
2025-09-04 14:46:08,959 - INFO - Flying to coordinate: (0.000, 0.000, 0.200)
2025-09-04 14:46:09,419 - INFO - Approaching target (error=0.143m), entering stabilization phase
2025-09-04 14:46:10,449 - INFO - Reached waypoint (error=0.046m, stable_count=30)
2025-09-04 14:46:10,449 - INFO - Landing...
2025-09-04 14:46:10,450 - INFO - Landing complete
2025-09-04 14:46:10,454 - INFO - Have successfully stopped logging for id=6
2025-09-04 14:46:10,551 - INFO - Position manager stopped
2025-09-04 14:46:10,552 - INFO - Flight mission complete
2025-09-04 14:46:10,552 - INFO - Stopping data collector...
2025-09-04 14:46:10,554 - INFO - Collection complete - stats: {'created': 1104, 'complete': 1104, 'merged': 0, 'dropped': 0}
2025-09-04 14:46:10,562 - INFO - Have successfully stopped logging for id=4
2025-09-04 14:46:10,565 - INFO - Have successfully stopped logging for id=5
2025-09-04 14:46:10,594 - INFO - Data saved: training_data/vertical_med_20250904_144610.json
2025-09-04 14:46:10,594 - INFO - States: 1104, Commands: 634, Duration: 11.0s
2025-09-04 14:46:10,595 - INFO - Successfully saved 1104 state data points
2025-09-04 14:46:10,595 - INFO - Successfully saved 634 control commands
2025-09-04 14:46:10,595 - INFO - Closing link
2025-09-04 14:46:10,595 - INFO - Callback->Disconnected from [radio://0/80/2M/E7E7E7E7E6]
