2025-09-04 15:56:31,411 - INFO - === Fixed continuous data collector ===
2025-09-04 15:56:31,411 - INFO - Mission: vertical_large
2025-09-04 15:56:31,411 - INFO - Waypoints (absolute coordinates): [(0, 0, 0.5), (0, 0, 1.0), (0, 0, 0.5)]
2025-09-04 15:56:31,411 - INFO - Callback->Connection initialized[radio://0/80/2M/E7E7E7E7E6]
2025-09-04 15:56:31,664 - INFO - We are connected[radio://0/80/2M/E7E7E7E7E6], request connection setup
2025-09-04 15:56:31,664 - INFO - Request _request_protocol_version()
2025-09-04 15:56:31,666 - INFO - Callback->Connected to [radio://0/80/2M/E7E7E7E7E6]
2025-09-04 15:56:31,671 - INFO - _crt_service_callback
2025-09-04 15:56:31,671 - INFO - Request protocol version
2025-09-04 15:56:31,675 - INFO - _platform_callback
2025-09-04 15:56:31,675 - INFO - Protocol version (platform): 9
2025-09-04 15:56:31,688 - INFO - TOC for port [5] found in cache
2025-09-04 15:56:31,688 - INFO - Log TOC finished updating
2025-09-04 15:56:31,692 - INFO - 6 memories found
2025-09-04 15:56:31,772 - INFO - Memories finished updating
2025-09-04 15:56:31,777 - INFO - TOC for port [2] found in cache
2025-09-04 15:56:32,269 - INFO - Param TOC finished updating
2025-09-04 15:56:32,269 - INFO - Callback->Connection setup finished [radio://0/80/2M/E7E7E7E7E6]
2025-09-04 15:56:32,270 - INFO - Connected: radio://0/80/2M/E7E7E7E7E6
2025-09-04 15:56:32,282 - INFO - Have successfully started logging for id=1
2025-09-04 15:56:32,382 - INFO - Battery: 4.05V (safe)
2025-09-04 15:56:32,383 - INFO - Battery check passed: 4.05V
2025-09-04 15:56:32,383 - INFO - Initializing position estimator to origin...
2025-09-04 15:56:32,385 - INFO - Have successfully stopped logging for id=1
2025-09-04 15:56:32,386 - INFO - Have successfully deleted id=1
2025-09-04 15:56:33,462 - INFO - All parameters updated
2025-09-04 15:56:33,462 - INFO - Callback->Connection completed [radio://0/80/2M/E7E7E7E7E6]
2025-09-04 15:56:33,570 - INFO - Have successfully started logging for id=2
2025-09-04 15:56:40,066 - INFO - Waiting for position estimator...
2025-09-04 15:56:40,069 - INFO - Have successfully stopped logging for id=2
2025-09-04 15:56:40,070 - INFO - Have successfully deleted id=2
2025-09-04 15:56:40,075 - INFO - Have successfully started logging for id=3
2025-09-04 15:56:41,078 - INFO - Position estimator ready
2025-09-04 15:56:41,080 - INFO - Controller parameters optimized
2025-09-04 15:56:41,083 - INFO - Have successfully stopped logging for id=3
2025-09-04 15:56:41,084 - INFO - Have successfully deleted id=3
2025-09-04 15:56:50,014 - INFO - Start collection (slot:10ms)
2025-09-04 15:56:50,014 - INFO - Data collector started
2025-09-04 15:56:50,015 - INFO - Position manager started
2025-09-04 15:56:50,023 - INFO - Have successfully started logging for id=4
2025-09-04 15:56:50,024 - INFO - Have successfully started logging for id=5
2025-09-04 15:56:50,026 - INFO - Have successfully started logging for id=6
2025-09-04 15:56:50,116 - INFO - Position manager data flow is normal
2025-09-04 15:56:52,116 - INFO - Current position: (0.014, 0.031, 0.012, 89.9째)
2025-09-04 15:56:52,116 - INFO - Using absolute coordinate system, ignoring takeoff position offset
2025-09-04 15:56:53,116 - INFO - Pre-flight stabilization to first waypoint: (0.000, 0.000, 0.500)
2025-09-04 15:56:53,266 - INFO - Waypoint1: absolute coordinates(0.000, 0.000, 0.500, yaw=90.0째)
2025-09-04 15:56:53,266 - INFO - Flying to coordinate: (0.000, 0.000, 0.500)
2025-09-04 15:56:54,326 - INFO - Approaching target (error=0.143m), entering stabilization phase
2025-09-04 15:56:54,866 - INFO - Reached waypoint (error=0.023m, stable_count=30)
2025-09-04 15:56:55,467 - INFO - Waypoint2: absolute coordinates(0.000, 0.000, 1.000, yaw=90.0째)
2025-09-04 15:56:55,467 - INFO - Flying to coordinate: (0.000, 0.000, 1.000)
2025-09-04 15:56:56,027 - INFO - Approaching target (error=0.132m), entering stabilization phase
2025-09-04 15:56:56,467 - INFO - Reached waypoint (error=0.038m, stable_count=30)
2025-09-04 15:56:57,067 - INFO - Waypoint3: absolute coordinates(0.000, 0.000, 0.500, yaw=90.0째)
2025-09-04 15:56:57,067 - INFO - Flying to coordinate: (0.000, 0.000, 0.500)
2025-09-04 15:56:58,077 - INFO - Approaching target (error=0.143m), entering stabilization phase
2025-09-04 15:56:58,617 - INFO - Reached waypoint (error=0.043m, stable_count=30)
2025-09-04 15:56:59,217 - INFO - Returning to origin and landing...
2025-09-04 15:56:59,218 - INFO - Flying to coordinate: (0.000, 0.000, 0.200)
2025-09-04 15:57:00,038 - INFO - Approaching target (error=0.139m), entering stabilization phase
2025-09-04 15:57:00,818 - INFO - Reached waypoint (error=0.044m, stable_count=30)
2025-09-04 15:57:00,818 - INFO - Landing...
2025-09-04 15:57:00,818 - INFO - Landing complete
2025-09-04 15:57:00,823 - INFO - Have successfully stopped logging for id=6
2025-09-04 15:57:00,919 - INFO - Position manager stopped
2025-09-04 15:57:00,921 - INFO - Flight mission complete
2025-09-04 15:57:00,921 - INFO - Stopping data collector...
2025-09-04 15:57:00,922 - INFO - Collection complete - stats: {'created': 1090, 'complete': 1090, 'merged': 0, 'dropped': 0}
2025-09-04 15:57:00,929 - INFO - Have successfully stopped logging for id=4
2025-09-04 15:57:00,933 - INFO - Have successfully stopped logging for id=5
2025-09-04 15:57:00,959 - INFO - Data saved: training_data/vertical_large_20250904_155700.json
2025-09-04 15:57:00,960 - INFO - States: 1090, Commands: 620, Duration: 10.9s
2025-09-04 15:57:00,960 - INFO - Successfully saved 1090 state data points
2025-09-04 15:57:00,960 - INFO - Successfully saved 620 control commands
2025-09-04 15:57:00,960 - INFO - Closing link
2025-09-04 15:57:00,960 - INFO - Callback->Disconnected from [radio://0/80/2M/E7E7E7E7E6]
