2025-09-05 12:18:39,087 - INFO - === Fixed continuous data collector ===
2025-09-05 12:18:39,087 - INFO - Mission: square_small
2025-09-05 12:18:39,087 - INFO - Waypoints (absolute coordinates): [(0, 0, 0.3), (0.3, 0, 0.3), (0.3, 0.3, 0.3), (0, 0.3, 0.3), (0, 0, 0.3)]
2025-09-05 12:18:39,088 - INFO - Callback->Connection initialized[radio://0/80/2M/E7E7E7E7E6]
2025-09-05 12:18:39,339 - INFO - We are connected[radio://0/80/2M/E7E7E7E7E6], request connection setup
2025-09-05 12:18:39,339 - INFO - Request _request_protocol_version()
2025-09-05 12:18:39,341 - INFO - Callback->Connected to [radio://0/80/2M/E7E7E7E7E6]
2025-09-05 12:18:39,345 - INFO - _crt_service_callback
2025-09-05 12:18:39,345 - INFO - Request protocol version
2025-09-05 12:18:39,348 - INFO - _platform_callback
2025-09-05 12:18:39,348 - INFO - Protocol version (platform): 9
2025-09-05 12:18:39,359 - INFO - TOC for port [5] found in cache
2025-09-05 12:18:39,360 - INFO - Log TOC finished updating
2025-09-05 12:18:39,362 - INFO - 6 memories found
2025-09-05 12:18:39,440 - INFO - Memories finished updating
2025-09-05 12:18:39,447 - INFO - TOC for port [2] found in cache
2025-09-05 12:18:39,916 - INFO - Param TOC finished updating
2025-09-05 12:18:39,916 - INFO - Callback->Connection setup finished [radio://0/80/2M/E7E7E7E7E6]
2025-09-05 12:18:39,917 - INFO - Connected: radio://0/80/2M/E7E7E7E7E6
2025-09-05 12:18:39,924 - INFO - Have successfully started logging for id=1
2025-09-05 12:18:40,025 - INFO - Battery: 3.92V (safe)
2025-09-05 12:18:40,026 - INFO - Battery check passed: 3.92V
2025-09-05 12:18:40,026 - INFO - Initializing position estimator to origin...
2025-09-05 12:18:40,028 - INFO - Have successfully stopped logging for id=1
2025-09-05 12:18:40,029 - INFO - Have successfully deleted id=1
2025-09-05 12:18:41,169 - INFO - All parameters updated
2025-09-05 12:18:41,169 - INFO - Callback->Connection completed [radio://0/80/2M/E7E7E7E7E6]
2025-09-05 12:18:41,279 - INFO - Have successfully started logging for id=2
2025-09-05 12:18:47,775 - INFO - Waiting for position estimator...
2025-09-05 12:18:47,781 - INFO - Have successfully stopped logging for id=2
2025-09-05 12:18:47,782 - INFO - Have successfully deleted id=2
2025-09-05 12:18:47,789 - INFO - Have successfully started logging for id=3
2025-09-05 12:18:48,790 - INFO - Position estimator ready
2025-09-05 12:18:48,791 - INFO - Controller parameters optimized
2025-09-05 12:18:48,794 - INFO - Have successfully stopped logging for id=3
2025-09-05 12:18:48,795 - INFO - Have successfully deleted id=3
2025-09-05 12:18:51,198 - INFO - Start collection (slot:10ms)
2025-09-05 12:18:51,199 - INFO - Data collector started
2025-09-05 12:18:51,200 - INFO - Position manager started
2025-09-05 12:18:51,210 - INFO - Have successfully started logging for id=4
2025-09-05 12:18:51,213 - INFO - Have successfully started logging for id=5
2025-09-05 12:18:51,214 - INFO - Have successfully started logging for id=6
2025-09-05 12:18:51,300 - INFO - Position manager data flow is normal
2025-09-05 12:18:53,301 - INFO - Current position: (-0.013, -0.044, 0.048, 90.2°)
2025-09-05 12:18:53,301 - INFO - Using absolute coordinate system, ignoring takeoff position offset
2025-09-05 12:18:54,301 - INFO - Pre-flight stabilization to first waypoint: (0.000, 0.000, 0.300)
2025-09-05 12:18:54,453 - INFO - Waypoint1: absolute coordinates(0.000, 0.000, 0.300, yaw=90.0°)
2025-09-05 12:18:54,453 - INFO - Flying to coordinate: (0.000, 0.000, 0.300)
2025-09-05 12:18:55,413 - INFO - Approaching target (error=0.146m), entering stabilization phase
2025-09-05 12:18:56,403 - INFO - Reached waypoint (error=0.059m, stable_count=30)
2025-09-05 12:18:57,004 - INFO - Waypoint2: absolute coordinates(0.300, 0.000, 0.300, yaw=90.0°)
2025-09-05 12:18:57,004 - INFO - Flying to coordinate: (0.300, 0.000, 0.300)
2025-09-05 12:18:57,714 - INFO - Approaching target (error=0.142m), entering stabilization phase
2025-09-05 12:18:58,254 - INFO - Reached waypoint (error=0.076m, stable_count=30)
2025-09-05 12:18:58,854 - INFO - Waypoint3: absolute coordinates(0.300, 0.300, 0.300, yaw=90.0°)
2025-09-05 12:18:58,854 - INFO - Flying to coordinate: (0.300, 0.300, 0.300)
2025-09-05 12:18:59,564 - INFO - Approaching target (error=0.134m), entering stabilization phase
2025-09-05 12:19:00,754 - INFO - Reached waypoint (error=0.041m, stable_count=30)
2025-09-05 12:19:01,355 - INFO - Waypoint4: absolute coordinates(0.000, 0.300, 0.300, yaw=90.0°)
2025-09-05 12:19:01,355 - INFO - Flying to coordinate: (0.000, 0.300, 0.300)
2025-09-05 12:19:02,015 - INFO - Approaching target (error=0.145m), entering stabilization phase
2025-09-05 12:19:02,395 - INFO - Reached waypoint (error=0.058m, stable_count=30)
2025-09-05 12:19:02,996 - INFO - Waypoint5: absolute coordinates(0.000, 0.000, 0.300, yaw=90.0°)
2025-09-05 12:19:02,996 - INFO - Flying to coordinate: (0.000, 0.000, 0.300)
2025-09-05 12:19:03,556 - INFO - Approaching target (error=0.144m), entering stabilization phase
2025-09-05 12:19:03,946 - INFO - Reached waypoint (error=0.074m, stable_count=30)
2025-09-05 12:19:04,546 - INFO - Returning to origin and landing...
2025-09-05 12:19:04,547 - INFO - Flying to coordinate: (0.000, 0.000, 0.200)
2025-09-05 12:19:04,547 - INFO - Approaching target (error=0.133m), entering stabilization phase
2025-09-05 12:19:05,497 - INFO - Reached waypoint (error=0.061m, stable_count=30)
2025-09-05 12:19:05,497 - INFO - Landing...
2025-09-05 12:19:05,497 - INFO - Landing complete
2025-09-05 12:19:05,502 - INFO - Have successfully stopped logging for id=6
2025-09-05 12:19:05,599 - INFO - Position manager stopped
2025-09-05 12:19:05,601 - INFO - Flight mission complete
2025-09-05 12:19:05,601 - INFO - Stopping data collector...
2025-09-05 12:19:05,602 - INFO - Collection complete - stats: {'created': 1440, 'complete': 1440, 'merged': 0, 'dropped': 0}
2025-09-05 12:19:05,610 - INFO - Have successfully stopped logging for id=4
2025-09-05 12:19:05,613 - INFO - Have successfully stopped logging for id=5
2025-09-05 12:19:05,651 - INFO - Data saved: training_data/square_small_20250905_121905.json
2025-09-05 12:19:05,651 - INFO - States: 1440, Commands: 871, Duration: 14.4s
2025-09-05 12:19:05,652 - INFO - Successfully saved 1440 state data points
2025-09-05 12:19:05,652 - INFO - Successfully saved 871 control commands
2025-09-05 12:19:05,652 - INFO - Closing link
2025-09-05 12:19:05,652 - INFO - Callback->Disconnected from [radio://0/80/2M/E7E7E7E7E6]
