2025-09-04 13:48:59,101 - INFO - === Fixed continuous data collector ===
2025-09-04 13:48:59,101 - INFO - Mission: vertical_med
2025-09-04 13:48:59,101 - INFO - Waypoints (absolute coordinates): [(0, 0, 0.4), (0, 0, 0.8), (0, 0, 0.4)]
2025-09-04 13:48:59,102 - INFO - Callback->Connection initialized[radio://0/80/2M/E7E7E7E7E6]
2025-09-04 13:48:59,354 - INFO - We are connected[radio://0/80/2M/E7E7E7E7E6], request connection setup
2025-09-04 13:48:59,354 - INFO - Request _request_protocol_version()
2025-09-04 13:48:59,357 - INFO - Callback->Connected to [radio://0/80/2M/E7E7E7E7E6]
2025-09-04 13:48:59,362 - INFO - _crt_service_callback
2025-09-04 13:48:59,362 - INFO - Request protocol version
2025-09-04 13:48:59,365 - INFO - _platform_callback
2025-09-04 13:48:59,365 - INFO - Protocol version (platform): 9
2025-09-04 13:48:59,379 - INFO - TOC for port [5] found in cache
2025-09-04 13:48:59,379 - INFO - Log TOC finished updating
2025-09-04 13:48:59,385 - INFO - 6 memories found
2025-09-04 13:48:59,477 - INFO - Memories finished updating
2025-09-04 13:48:59,484 - INFO - TOC for port [2] found in cache
2025-09-04 13:49:00,141 - INFO - Param TOC finished updating
2025-09-04 13:49:00,141 - INFO - Callback->Connection setup finished [radio://0/80/2M/E7E7E7E7E6]
2025-09-04 13:49:00,142 - INFO - Connected: radio://0/80/2M/E7E7E7E7E6
2025-09-04 13:49:00,154 - INFO - Have successfully started logging for id=1
2025-09-04 13:49:00,252 - INFO - Battery: 4.08V (safe)
2025-09-04 13:49:00,253 - INFO - Battery check passed: 4.08V
2025-09-04 13:49:00,253 - INFO - Initializing position estimator to origin...
2025-09-04 13:49:00,256 - INFO - Have successfully stopped logging for id=1
2025-09-04 13:49:00,257 - INFO - Have successfully deleted id=1
2025-09-04 13:49:01,615 - INFO - All parameters updated
2025-09-04 13:49:01,615 - INFO - Callback->Connection completed [radio://0/80/2M/E7E7E7E7E6]
2025-09-04 13:49:01,726 - INFO - Have successfully started logging for id=2
2025-09-04 13:49:08,221 - INFO - Waiting for position estimator...
2025-09-04 13:49:08,225 - INFO - Have successfully stopped logging for id=2
2025-09-04 13:49:08,227 - INFO - Have successfully deleted id=2
2025-09-04 13:49:08,236 - INFO - Have successfully started logging for id=3
2025-09-04 13:49:09,232 - INFO - Position estimator ready
2025-09-04 13:49:09,233 - INFO - Controller parameters optimized
2025-09-04 13:49:09,237 - INFO - Have successfully stopped logging for id=3
2025-09-04 13:49:09,237 - INFO - Have successfully deleted id=3
2025-09-04 13:49:28,742 - INFO - Start collection (slot:10ms)
2025-09-04 13:49:28,744 - INFO - Data collector started
2025-09-04 13:49:28,745 - INFO - Position manager started
2025-09-04 13:49:28,753 - INFO - Have successfully started logging for id=4
2025-09-04 13:49:28,754 - INFO - Have successfully started logging for id=5
2025-09-04 13:49:28,755 - INFO - Have successfully started logging for id=6
2025-09-04 13:49:28,845 - INFO - Position manager data flow is normal
2025-09-04 13:49:30,845 - INFO - Current position: (0.015, 0.050, 0.001, 90.0째)
2025-09-04 13:49:30,845 - INFO - Using absolute coordinate system, ignoring takeoff position offset
2025-09-04 13:49:31,846 - INFO - Pre-flight stabilization to first waypoint: (0.000, 0.000, 0.400)
2025-09-04 13:49:31,996 - INFO - Waypoint1: absolute coordinates(0.000, 0.000, 0.400, yaw=90.0째)
2025-09-04 13:49:31,996 - INFO - Flying to coordinate: (0.000, 0.000, 0.400)
2025-09-04 13:49:33,106 - INFO - Approaching target (error=0.141m), entering stabilization phase
2025-09-04 13:49:33,746 - INFO - Reached waypoint (error=0.048m, stable_count=30)
2025-09-04 13:49:34,346 - INFO - Waypoint2: absolute coordinates(0.000, 0.000, 0.800, yaw=90.0째)
2025-09-04 13:49:34,346 - INFO - Flying to coordinate: (0.000, 0.000, 0.800)
2025-09-04 13:49:34,906 - INFO - Approaching target (error=0.134m), entering stabilization phase
2025-09-04 13:49:35,396 - INFO - Reached waypoint (error=0.050m, stable_count=30)
2025-09-04 13:49:35,997 - INFO - Waypoint3: absolute coordinates(0.000, 0.000, 0.400, yaw=90.0째)
2025-09-04 13:49:35,997 - INFO - Flying to coordinate: (0.000, 0.000, 0.400)
2025-09-04 13:49:37,007 - INFO - Approaching target (error=0.150m), entering stabilization phase
2025-09-04 13:49:37,597 - INFO - Reached waypoint (error=0.056m, stable_count=30)
2025-09-04 13:49:38,197 - INFO - Returning to origin and landing...
2025-09-04 13:49:38,197 - INFO - Flying to coordinate: (0.000, 0.000, 0.200)
2025-09-04 13:49:38,707 - INFO - Approaching target (error=0.149m), entering stabilization phase
2025-09-04 13:49:39,447 - INFO - Reached waypoint (error=0.048m, stable_count=30)
2025-09-04 13:49:39,447 - INFO - Landing...
2025-09-04 13:49:39,448 - INFO - Landing complete
2025-09-04 13:49:39,452 - INFO - Have successfully stopped logging for id=6
2025-09-04 13:49:39,548 - INFO - Position manager stopped
2025-09-04 13:49:39,550 - INFO - Flight mission complete
2025-09-04 13:49:39,550 - INFO - Stopping data collector...
2025-09-04 13:49:39,551 - INFO - Collection complete - stats: {'created': 1081, 'complete': 1079, 'merged': 0, 'dropped': 1}
2025-09-04 13:49:39,559 - INFO - Have successfully stopped logging for id=4
2025-09-04 13:49:39,563 - INFO - Have successfully stopped logging for id=5
2025-09-04 13:49:39,589 - INFO - Data saved: training_data/vertical_med_20250904_134939.json
2025-09-04 13:49:39,589 - INFO - States: 1079, Commands: 610, Duration: 10.8s
2025-09-04 13:49:39,589 - INFO - Successfully saved 1079 state data points
2025-09-04 13:49:39,589 - INFO - Successfully saved 610 control commands
2025-09-04 13:49:39,589 - INFO - Closing link
2025-09-04 13:49:39,589 - INFO - Callback->Disconnected from [radio://0/80/2M/E7E7E7E7E6]
