2025-09-04 14:33:30,314 - INFO - === Fixed continuous data collector ===
2025-09-04 14:33:30,314 - INFO - Mission: vertical_med
2025-09-04 14:33:30,315 - INFO - Waypoints (absolute coordinates): [(0, 0, 0.4), (0, 0, 0.8), (0, 0, 0.4)]
2025-09-04 14:33:30,315 - INFO - Callback->Connection initialized[radio://0/80/2M/E7E7E7E7E6]
2025-09-04 14:33:30,565 - INFO - We are connected[radio://0/80/2M/E7E7E7E7E6], request connection setup
2025-09-04 14:33:30,566 - INFO - Request _request_protocol_version()
2025-09-04 14:33:30,568 - INFO - Callback->Connected to [radio://0/80/2M/E7E7E7E7E6]
2025-09-04 14:33:30,573 - INFO - _crt_service_callback
2025-09-04 14:33:30,573 - INFO - Request protocol version
2025-09-04 14:33:30,576 - INFO - _platform_callback
2025-09-04 14:33:30,576 - INFO - Protocol version (platform): 9
2025-09-04 14:33:30,588 - INFO - TOC for port [5] found in cache
2025-09-04 14:33:30,588 - INFO - Log TOC finished updating
2025-09-04 14:33:30,594 - INFO - 6 memories found
2025-09-04 14:33:30,678 - INFO - Memories finished updating
2025-09-04 14:33:30,687 - INFO - TOC for port [2] found in cache
2025-09-04 14:33:31,226 - INFO - Param TOC finished updating
2025-09-04 14:33:31,226 - INFO - Callback->Connection setup finished [radio://0/80/2M/E7E7E7E7E6]
2025-09-04 14:33:31,227 - INFO - Connected: radio://0/80/2M/E7E7E7E7E6
2025-09-04 14:33:31,237 - INFO - Have successfully started logging for id=1
2025-09-04 14:33:31,336 - INFO - Battery: 3.93V (safe)
2025-09-04 14:33:31,337 - INFO - Battery check passed: 3.93V
2025-09-04 14:33:31,337 - INFO - Initializing position estimator to origin...
2025-09-04 14:33:31,343 - INFO - Have successfully stopped logging for id=1
2025-09-04 14:33:31,344 - INFO - Have successfully deleted id=1
2025-09-04 14:33:32,595 - INFO - All parameters updated
2025-09-04 14:33:32,595 - INFO - Callback->Connection completed [radio://0/80/2M/E7E7E7E7E6]
2025-09-04 14:33:32,704 - INFO - Have successfully started logging for id=2
2025-09-04 14:33:39,200 - INFO - Waiting for position estimator...
2025-09-04 14:33:39,204 - INFO - Have successfully stopped logging for id=2
2025-09-04 14:33:39,205 - INFO - Have successfully deleted id=2
2025-09-04 14:33:39,209 - INFO - Have successfully started logging for id=3
2025-09-04 14:33:40,207 - INFO - Position estimator ready
2025-09-04 14:33:40,208 - INFO - Controller parameters optimized
2025-09-04 14:33:40,211 - INFO - Have successfully stopped logging for id=3
2025-09-04 14:33:40,212 - INFO - Have successfully deleted id=3
2025-09-04 14:33:51,274 - INFO - Start collection (slot:10ms)
2025-09-04 14:33:51,275 - INFO - Data collector started
2025-09-04 14:33:51,276 - INFO - Position manager started
2025-09-04 14:33:51,284 - INFO - Have successfully started logging for id=4
2025-09-04 14:33:51,285 - INFO - Have successfully started logging for id=5
2025-09-04 14:33:51,286 - INFO - Have successfully started logging for id=6
2025-09-04 14:33:51,377 - INFO - Position manager data flow is normal
2025-09-04 14:33:53,377 - INFO - Current position: (0.011, 0.029, 0.007, 90.1째)
2025-09-04 14:33:53,377 - INFO - Using absolute coordinate system, ignoring takeoff position offset
2025-09-04 14:33:54,377 - INFO - Pre-flight stabilization to first waypoint: (0.000, 0.000, 0.400)
2025-09-04 14:33:54,527 - INFO - Waypoint1: absolute coordinates(0.000, 0.000, 0.400, yaw=90.0째)
2025-09-04 14:33:54,527 - INFO - Flying to coordinate: (0.000, 0.000, 0.400)
2025-09-04 14:33:55,537 - INFO - Approaching target (error=0.145m), entering stabilization phase
2025-09-04 14:33:56,127 - INFO - Reached waypoint (error=0.038m, stable_count=30)
2025-09-04 14:33:56,728 - INFO - Waypoint2: absolute coordinates(0.000, 0.000, 0.800, yaw=90.0째)
2025-09-04 14:33:56,728 - INFO - Flying to coordinate: (0.000, 0.000, 0.800)
2025-09-04 14:33:57,288 - INFO - Approaching target (error=0.146m), entering stabilization phase
2025-09-04 14:34:00,878 - INFO - Reached waypoint (error=0.072m, stable_count=30)
2025-09-04 14:34:01,478 - INFO - Waypoint3: absolute coordinates(0.000, 0.000, 0.400, yaw=90.0째)
2025-09-04 14:34:01,478 - INFO - Flying to coordinate: (0.000, 0.000, 0.400)
2025-09-04 14:34:02,388 - INFO - Approaching target (error=0.138m), entering stabilization phase
2025-09-04 14:34:02,928 - INFO - Reached waypoint (error=0.065m, stable_count=30)
2025-09-04 14:34:03,529 - INFO - Returning to origin and landing...
2025-09-04 14:34:03,529 - INFO - Flying to coordinate: (0.000, 0.000, 0.200)
2025-09-04 14:34:03,879 - INFO - Approaching target (error=0.143m), entering stabilization phase
2025-09-04 14:34:04,779 - INFO - Reached waypoint (error=0.033m, stable_count=30)
2025-09-04 14:34:04,779 - INFO - Landing...
2025-09-04 14:34:04,792 - INFO - Landing complete
2025-09-04 14:34:04,815 - INFO - Have successfully stopped logging for id=6
2025-09-04 14:34:04,895 - INFO - Position manager stopped
2025-09-04 14:34:04,897 - INFO - Flight mission complete
2025-09-04 14:34:04,897 - INFO - Stopping data collector...
2025-09-04 14:34:04,900 - INFO - Collection complete - stats: {'created': 1363, 'complete': 1361, 'merged': 0, 'dropped': 1}
2025-09-04 14:34:04,910 - INFO - Have successfully stopped logging for id=4
2025-09-04 14:34:04,914 - INFO - Have successfully stopped logging for id=5
2025-09-04 14:34:04,986 - INFO - Data saved: training_data/vertical_med_20250904_143404.json
2025-09-04 14:34:04,986 - INFO - States: 1361, Commands: 890, Duration: 13.6s
2025-09-04 14:34:04,987 - INFO - Successfully saved 1361 state data points
2025-09-04 14:34:04,987 - INFO - Successfully saved 890 control commands
2025-09-04 14:34:04,987 - INFO - Closing link
2025-09-04 14:34:04,987 - INFO - Callback->Disconnected from [radio://0/80/2M/E7E7E7E7E6]
