2025-09-05 15:20:32,326 - INFO - === Fixed continuous data collector ===
2025-09-05 15:20:32,326 - INFO - Mission: triangle_small
2025-09-05 15:20:32,326 - INFO - Waypoints (absolute coordinates): [(0, 0, 0.6), (0.4, 0, 0.6), (0.2, 0.4, 0.6), (0, 0, 0.6)]
2025-09-05 15:20:32,327 - INFO - Callback->Connection initialized[radio://0/80/2M/E7E7E7E7E6]
2025-09-05 15:20:32,576 - INFO - We are connected[radio://0/80/2M/E7E7E7E7E6], request connection setup
2025-09-05 15:20:32,576 - INFO - Request _request_protocol_version()
2025-09-05 15:20:32,579 - INFO - Callback->Connected to [radio://0/80/2M/E7E7E7E7E6]
2025-09-05 15:20:32,588 - INFO - _crt_service_callback
2025-09-05 15:20:32,588 - INFO - Request protocol version
2025-09-05 15:20:32,591 - INFO - _platform_callback
2025-09-05 15:20:32,591 - INFO - Protocol version (platform): 9
2025-09-05 15:20:32,602 - INFO - TOC for port [5] found in cache
2025-09-05 15:20:32,602 - INFO - Log TOC finished updating
2025-09-05 15:20:32,606 - INFO - 6 memories found
2025-09-05 15:20:32,694 - INFO - Memories finished updating
2025-09-05 15:20:32,700 - INFO - TOC for port [2] found in cache
2025-09-05 15:20:33,173 - INFO - Param TOC finished updating
2025-09-05 15:20:33,173 - INFO - Callback->Connection setup finished [radio://0/80/2M/E7E7E7E7E6]
2025-09-05 15:20:33,174 - INFO - Connected: radio://0/80/2M/E7E7E7E7E6
2025-09-05 15:20:33,183 - INFO - Have successfully started logging for id=1
2025-09-05 15:20:33,284 - INFO - Battery: 3.90V (safe)
2025-09-05 15:20:33,285 - INFO - Battery check passed: 3.90V
2025-09-05 15:20:33,285 - INFO - Initializing position estimator to origin...
2025-09-05 15:20:33,289 - INFO - Have successfully stopped logging for id=1
2025-09-05 15:20:33,290 - INFO - Have successfully deleted id=1
2025-09-05 15:20:34,414 - INFO - All parameters updated
2025-09-05 15:20:34,414 - INFO - Callback->Connection completed [radio://0/80/2M/E7E7E7E7E6]
2025-09-05 15:20:34,522 - INFO - Have successfully started logging for id=2
2025-09-05 15:20:41,017 - INFO - Waiting for position estimator...
2025-09-05 15:20:41,024 - INFO - Have successfully stopped logging for id=2
2025-09-05 15:20:41,024 - INFO - Have successfully deleted id=2
2025-09-05 15:20:41,028 - INFO - Have successfully started logging for id=3
2025-09-05 15:20:42,028 - INFO - Position estimator ready
2025-09-05 15:20:42,030 - INFO - Controller parameters optimized
2025-09-05 15:20:42,032 - INFO - Have successfully stopped logging for id=3
2025-09-05 15:20:42,033 - INFO - Have successfully deleted id=3
2025-09-05 15:20:44,170 - INFO - Start collection (slot:10ms)
2025-09-05 15:20:44,171 - INFO - Data collector started
2025-09-05 15:20:44,173 - INFO - Position manager started
2025-09-05 15:20:44,181 - INFO - Have successfully started logging for id=4
2025-09-05 15:20:44,182 - INFO - Have successfully started logging for id=5
2025-09-05 15:20:44,184 - INFO - Have successfully started logging for id=6
2025-09-05 15:20:44,273 - INFO - Position manager data flow is normal
2025-09-05 15:20:46,273 - INFO - Current position: (-0.008, 0.012, 0.034, 89.9°)
2025-09-05 15:20:46,273 - INFO - Using absolute coordinate system, ignoring takeoff position offset
2025-09-05 15:20:47,273 - INFO - Pre-flight stabilization to first waypoint: (0.000, 0.000, 0.600)
2025-09-05 15:20:47,425 - INFO - Waypoint1: absolute coordinates(0.000, 0.000, 0.600, yaw=90.0°)
2025-09-05 15:20:47,425 - INFO - Flying to coordinate: (0.000, 0.000, 0.600)
2025-09-05 15:20:57,425 - WARNING - Waypoint timeout 10.0s (final error may still be acceptable)
2025-09-05 15:20:57,425 - WARNING - Waypoint1 not fully reached, continuing execution
2025-09-05 15:20:58,025 - INFO - Waypoint2: absolute coordinates(0.400, 0.000, 0.600, yaw=90.0°)
2025-09-05 15:20:58,025 - INFO - Flying to coordinate: (0.400, 0.000, 0.600)
2025-09-05 15:20:58,191 - INFO - Have successfully stopped logging for id=6
2025-09-05 15:20:58,285 - INFO - Position manager stopped
2025-09-05 15:20:58,287 - INFO - Stopping data collector...
2025-09-05 15:20:58,290 - INFO - Collection complete - stats: {'created': 1412, 'complete': 1411, 'merged': 0, 'dropped': 0}
2025-09-05 15:20:58,298 - INFO - Have successfully stopped logging for id=4
2025-09-05 15:20:58,300 - INFO - Have successfully stopped logging for id=5
2025-09-05 15:20:58,341 - INFO - Data saved: training_data/triangle_small_20250905_152058.json
2025-09-05 15:20:58,341 - INFO - States: 1411, Commands: 1042, Duration: 14.1s
2025-09-05 15:20:58,342 - INFO - Successfully saved 1411 state data points
2025-09-05 15:20:58,342 - INFO - Successfully saved 1042 control commands
2025-09-05 15:20:58,342 - INFO - Closing link
2025-09-05 15:20:58,343 - INFO - Callback->Disconnected from [radio://0/80/2M/E7E7E7E7E6]
2025-09-05 15:20:58,400 - INFO - User interrupted
