2025-09-04 12:44:55,012 - INFO - === Fixed continuous data collector ===
2025-09-04 12:44:55,013 - INFO - Mission: vertical_small
2025-09-04 12:44:55,013 - INFO - Waypoints (absolute coordinates): [(0, 0, 0.3), (0, 0, 0.6), (0, 0, 0.9), (0, 0, 0.6), (0, 0, 0.3)]
2025-09-04 12:44:55,013 - INFO - Callback->Connection initialized[radio://0/80/2M/E7E7E7E7E6]
2025-09-04 12:44:55,264 - INFO - We are connected[radio://0/80/2M/E7E7E7E7E6], request connection setup
2025-09-04 12:44:55,264 - INFO - Request _request_protocol_version()
2025-09-04 12:44:55,268 - INFO - Callback->Connected to [radio://0/80/2M/E7E7E7E7E6]
2025-09-04 12:44:55,341 - INFO - _crt_service_callback
2025-09-04 12:44:55,341 - INFO - Request protocol version
2025-09-04 12:44:55,345 - INFO - _platform_callback
2025-09-04 12:44:55,345 - INFO - Protocol version (platform): 9
2025-09-04 12:44:55,354 - INFO - TOC for port [5] found in cache
2025-09-04 12:44:55,354 - INFO - Log TOC finished updating
2025-09-04 12:44:55,357 - INFO - 6 memories found
2025-09-04 12:44:55,440 - INFO - Memories finished updating
2025-09-04 12:44:55,446 - INFO - TOC for port [2] found in cache
2025-09-04 12:44:55,969 - INFO - Param TOC finished updating
2025-09-04 12:44:55,969 - INFO - Callback->Connection setup finished [radio://0/80/2M/E7E7E7E7E6]
2025-09-04 12:44:55,970 - INFO - Connected: radio://0/80/2M/E7E7E7E7E6
2025-09-04 12:44:55,983 - INFO - Have successfully started logging for id=1
2025-09-04 12:44:56,080 - INFO - Battery: 3.99V (safe)
2025-09-04 12:44:56,081 - INFO - Battery check passed: 3.99V
2025-09-04 12:44:56,081 - INFO - Initializing position estimator to origin...
2025-09-04 12:44:56,086 - INFO - Have successfully stopped logging for id=1
2025-09-04 12:44:56,087 - INFO - Have successfully deleted id=1
2025-09-04 12:44:57,339 - INFO - All parameters updated
2025-09-04 12:44:57,339 - INFO - Callback->Connection completed [radio://0/80/2M/E7E7E7E7E6]
2025-09-04 12:44:57,447 - INFO - Have successfully started logging for id=2
2025-09-04 12:45:05,441 - INFO - Waiting for position estimator...
2025-09-04 12:45:05,444 - INFO - Have successfully stopped logging for id=2
2025-09-04 12:45:05,445 - INFO - Have successfully deleted id=2
2025-09-04 12:45:05,450 - INFO - Have successfully started logging for id=3
2025-09-04 12:45:06,449 - INFO - Position estimator ready
2025-09-04 12:45:06,449 - INFO - Controller parameters optimized
2025-09-04 12:45:06,452 - INFO - Have successfully stopped logging for id=3
2025-09-04 12:45:06,453 - INFO - Have successfully deleted id=3
2025-09-04 12:45:14,617 - INFO - Start collection (slot:10ms)
2025-09-04 12:45:14,619 - INFO - Data collector started
2025-09-04 12:45:14,620 - INFO - Position manager started
2025-09-04 12:45:14,627 - INFO - Have successfully started logging for id=4
2025-09-04 12:45:14,629 - INFO - Have successfully started logging for id=5
2025-09-04 12:45:14,630 - INFO - Have successfully started logging for id=6
2025-09-04 12:45:14,720 - INFO - Position manager data flow is normal
2025-09-04 12:45:16,720 - INFO - Current position: (0.023, 0.034, 0.006, 89.9°)
2025-09-04 12:45:16,720 - INFO - Using absolute coordinate system, ignoring takeoff position offset
2025-09-04 12:45:17,720 - INFO - Pre-flight stabilization to first waypoint: (0.000, 0.000, 0.300)
2025-09-04 12:45:17,871 - INFO - Waypoint1: absolute coordinates(0.000, 0.000, 0.300, yaw=90.0°)
2025-09-04 12:45:17,871 - INFO - Flying to coordinate: (0.000, 0.000, 0.300)
2025-09-04 12:45:18,931 - INFO - Approaching target (error=0.141m), entering stabilization phase
2025-09-04 12:45:19,571 - INFO - Reached waypoint (error=0.061m, stable_count=30)
2025-09-04 12:45:20,179 - INFO - Waypoint2: absolute coordinates(0.000, 0.000, 0.600, yaw=90.0°)
2025-09-04 12:45:20,179 - INFO - Flying to coordinate: (0.000, 0.000, 0.600)
2025-09-04 12:45:20,629 - INFO - Approaching target (error=0.134m), entering stabilization phase
2025-09-04 12:45:21,119 - INFO - Reached waypoint (error=0.026m, stable_count=30)
2025-09-04 12:45:21,720 - INFO - Waypoint3: absolute coordinates(0.000, 0.000, 0.900, yaw=90.0°)
2025-09-04 12:45:21,720 - INFO - Flying to coordinate: (0.000, 0.000, 0.900)
2025-09-04 12:45:22,081 - INFO - Approaching target (error=0.132m), entering stabilization phase
2025-09-04 12:45:22,520 - INFO - Reached waypoint (error=0.035m, stable_count=30)
2025-09-04 12:45:23,122 - INFO - Waypoint4: absolute coordinates(0.000, 0.000, 0.600, yaw=90.0°)
2025-09-04 12:45:23,122 - INFO - Flying to coordinate: (0.000, 0.000, 0.600)
2025-09-04 12:45:24,132 - INFO - Approaching target (error=0.138m), entering stabilization phase
2025-09-04 12:45:25,212 - INFO - Reached waypoint (error=0.069m, stable_count=30)
2025-09-04 12:45:25,814 - INFO - Waypoint5: absolute coordinates(0.000, 0.000, 0.300, yaw=90.0°)
2025-09-04 12:45:25,814 - INFO - Flying to coordinate: (0.000, 0.000, 0.300)
2025-09-04 12:45:26,524 - INFO - Approaching target (error=0.150m), entering stabilization phase
2025-09-04 12:45:27,364 - INFO - Reached waypoint (error=0.043m, stable_count=30)
2025-09-04 12:45:27,964 - INFO - Returning to origin and landing...
2025-09-04 12:45:27,964 - INFO - Flying to coordinate: (0.000, 0.000, 0.200)
2025-09-04 12:45:27,964 - INFO - Approaching target (error=0.081m), entering stabilization phase
2025-09-04 12:45:28,265 - INFO - Reached waypoint (error=0.064m, stable_count=30)
2025-09-04 12:45:28,265 - INFO - Landing...
2025-09-04 12:45:28,265 - INFO - Landing complete
2025-09-04 12:45:28,271 - INFO - Have successfully stopped logging for id=6
2025-09-04 12:45:28,367 - INFO - Position manager stopped
2025-09-04 12:45:28,369 - INFO - Flight mission complete
2025-09-04 12:45:28,369 - INFO - Stopping data collector...
2025-09-04 12:45:28,371 - INFO - Collection complete - stats: {'created': 1375, 'complete': 1375, 'merged': 0, 'dropped': 0}
2025-09-04 12:45:28,377 - INFO - Have successfully stopped logging for id=4
2025-09-04 12:45:28,380 - INFO - Have successfully stopped logging for id=5
2025-09-04 12:45:28,418 - INFO - Data saved: training_data/vertical_small_20250904_124528.json
2025-09-04 12:45:28,418 - INFO - States: 1375, Commands: 807, Duration: 13.8s
2025-09-04 12:45:28,418 - INFO - Successfully saved 1375 state data points
2025-09-04 12:45:28,418 - INFO - Successfully saved 807 control commands
2025-09-04 12:45:28,418 - INFO - Closing link
2025-09-04 12:45:28,419 - INFO - Callback->Disconnected from [radio://0/80/2M/E7E7E7E7E6]
