2025-09-04 15:37:44,687 - INFO - === Fixed continuous data collector ===
2025-09-04 15:37:44,687 - INFO - Mission: vertical_large
2025-09-04 15:37:44,687 - INFO - Waypoints (absolute coordinates): [(0, 0, 0.5), (0, 0, 1.0), (0, 0, 0.5)]
2025-09-04 15:37:44,688 - INFO - Callback->Connection initialized[radio://0/80/2M/E7E7E7E7E6]
2025-09-04 15:37:44,939 - INFO - We are connected[radio://0/80/2M/E7E7E7E7E6], request connection setup
2025-09-04 15:37:44,939 - INFO - Request _request_protocol_version()
2025-09-04 15:37:44,941 - INFO - Callback->Connected to [radio://0/80/2M/E7E7E7E7E6]
2025-09-04 15:37:44,947 - INFO - _crt_service_callback
2025-09-04 15:37:44,947 - INFO - Request protocol version
2025-09-04 15:37:44,953 - INFO - _platform_callback
2025-09-04 15:37:44,953 - INFO - Protocol version (platform): 9
2025-09-04 15:37:44,965 - INFO - TOC for port [5] found in cache
2025-09-04 15:37:44,965 - INFO - Log TOC finished updating
2025-09-04 15:37:44,968 - INFO - 6 memories found
2025-09-04 15:37:45,051 - INFO - Memories finished updating
2025-09-04 15:37:45,059 - INFO - TOC for port [2] found in cache
2025-09-04 15:37:45,515 - INFO - Param TOC finished updating
2025-09-04 15:37:45,515 - INFO - Callback->Connection setup finished [radio://0/80/2M/E7E7E7E7E6]
2025-09-04 15:37:45,516 - INFO - Connected: radio://0/80/2M/E7E7E7E7E6
2025-09-04 15:37:45,525 - INFO - Have successfully started logging for id=1
2025-09-04 15:37:45,625 - INFO - Battery: 3.84V (safe)
2025-09-04 15:37:45,625 - INFO - Battery check passed: 3.84V
2025-09-04 15:37:45,625 - INFO - Initializing position estimator to origin...
2025-09-04 15:37:45,628 - INFO - Have successfully stopped logging for id=1
2025-09-04 15:37:45,629 - INFO - Have successfully deleted id=1
2025-09-04 15:37:46,713 - INFO - All parameters updated
2025-09-04 15:37:46,713 - INFO - Callback->Connection completed [radio://0/80/2M/E7E7E7E7E6]
2025-09-04 15:37:46,821 - INFO - Have successfully started logging for id=2
2025-09-04 15:37:53,315 - INFO - Waiting for position estimator...
2025-09-04 15:37:53,318 - INFO - Have successfully stopped logging for id=2
2025-09-04 15:37:53,319 - INFO - Have successfully deleted id=2
2025-09-04 15:37:53,325 - INFO - Have successfully started logging for id=3
2025-09-04 15:37:54,325 - INFO - Position estimator ready
2025-09-04 15:37:54,327 - INFO - Controller parameters optimized
2025-09-04 15:37:54,332 - INFO - Have successfully stopped logging for id=3
2025-09-04 15:37:54,334 - INFO - Have successfully deleted id=3
2025-09-04 15:37:57,172 - INFO - Start collection (slot:10ms)
2025-09-04 15:37:57,173 - INFO - Data collector started
2025-09-04 15:37:57,174 - INFO - Position manager started
2025-09-04 15:37:57,186 - INFO - Have successfully started logging for id=4
2025-09-04 15:37:57,187 - INFO - Have successfully started logging for id=5
2025-09-04 15:37:57,188 - INFO - Have successfully started logging for id=6
2025-09-04 15:37:57,274 - INFO - Position manager data flow is normal
2025-09-04 15:37:59,275 - INFO - Current position: (0.004, 0.045, -0.007, 90.1째)
2025-09-04 15:37:59,275 - INFO - Using absolute coordinate system, ignoring takeoff position offset
2025-09-04 15:38:00,275 - INFO - Pre-flight stabilization to first waypoint: (0.000, 0.000, 0.500)
2025-09-04 15:38:00,425 - INFO - Waypoint1: absolute coordinates(0.000, 0.000, 0.500, yaw=90.0째)
2025-09-04 15:38:00,425 - INFO - Flying to coordinate: (0.000, 0.000, 0.500)
2025-09-04 15:38:01,435 - INFO - Approaching target (error=0.132m), entering stabilization phase
2025-09-04 15:38:01,925 - INFO - Reached waypoint (error=0.037m, stable_count=30)
2025-09-04 15:38:02,526 - INFO - Waypoint2: absolute coordinates(0.000, 0.000, 1.000, yaw=90.0째)
2025-09-04 15:38:02,526 - INFO - Flying to coordinate: (0.000, 0.000, 1.000)
2025-09-04 15:38:03,186 - INFO - Approaching target (error=0.146m), entering stabilization phase
2025-09-04 15:38:05,676 - INFO - Reached waypoint (error=0.070m, stable_count=30)
2025-09-04 15:38:06,276 - INFO - Waypoint3: absolute coordinates(0.000, 0.000, 0.500, yaw=90.0째)
2025-09-04 15:38:06,276 - INFO - Flying to coordinate: (0.000, 0.000, 0.500)
2025-09-04 15:38:07,236 - INFO - Approaching target (error=0.145m), entering stabilization phase
2025-09-04 15:38:07,826 - INFO - Reached waypoint (error=0.041m, stable_count=30)
2025-09-04 15:38:08,427 - INFO - Returning to origin and landing...
2025-09-04 15:38:08,427 - INFO - Flying to coordinate: (0.000, 0.000, 0.200)
2025-09-04 15:38:08,987 - INFO - Approaching target (error=0.144m), entering stabilization phase
2025-09-04 15:38:09,577 - INFO - Reached waypoint (error=0.024m, stable_count=30)
2025-09-04 15:38:09,577 - INFO - Landing...
2025-09-04 15:38:09,577 - INFO - Landing complete
2025-09-04 15:38:09,581 - INFO - Have successfully stopped logging for id=6
2025-09-04 15:38:09,678 - INFO - Position manager stopped
2025-09-04 15:38:09,679 - INFO - Flight mission complete
2025-09-04 15:38:09,679 - INFO - Stopping data collector...
2025-09-04 15:38:09,681 - INFO - Collection complete - stats: {'created': 1250, 'complete': 1250, 'merged': 0, 'dropped': 0}
2025-09-04 15:38:09,690 - INFO - Have successfully stopped logging for id=4
2025-09-04 15:38:09,692 - INFO - Have successfully stopped logging for id=5
2025-09-04 15:38:09,726 - INFO - Data saved: training_data/vertical_large_20250904_153809.json
2025-09-04 15:38:09,726 - INFO - States: 1250, Commands: 780, Duration: 12.5s
2025-09-04 15:38:09,726 - INFO - Successfully saved 1250 state data points
2025-09-04 15:38:09,726 - INFO - Successfully saved 780 control commands
2025-09-04 15:38:09,726 - INFO - Closing link
2025-09-04 15:38:09,728 - INFO - Callback->Disconnected from [radio://0/80/2M/E7E7E7E7E6]
