2025-09-04 15:37:05,273 - INFO - === Fixed continuous data collector ===
2025-09-04 15:37:05,273 - INFO - Mission: vertical_large
2025-09-04 15:37:05,273 - INFO - Waypoints (absolute coordinates): [(0, 0, 0.5), (0, 0, 1.0), (0, 0, 0.5)]
2025-09-04 15:37:05,273 - INFO - Callback->Connection initialized[radio://0/80/2M/E7E7E7E7E6]
2025-09-04 15:37:05,524 - INFO - We are connected[radio://0/80/2M/E7E7E7E7E6], request connection setup
2025-09-04 15:37:05,525 - INFO - Request _request_protocol_version()
2025-09-04 15:37:05,528 - INFO - Callback->Connected to [radio://0/80/2M/E7E7E7E7E6]
2025-09-04 15:37:05,533 - INFO - _crt_service_callback
2025-09-04 15:37:05,533 - INFO - Request protocol version
2025-09-04 15:37:05,537 - INFO - _platform_callback
2025-09-04 15:37:05,538 - INFO - Protocol version (platform): 9
2025-09-04 15:37:05,548 - INFO - TOC for port [5] found in cache
2025-09-04 15:37:05,548 - INFO - Log TOC finished updating
2025-09-04 15:37:05,551 - INFO - 6 memories found
2025-09-04 15:37:05,630 - INFO - Memories finished updating
2025-09-04 15:37:05,635 - INFO - TOC for port [2] found in cache
2025-09-04 15:37:06,111 - INFO - Param TOC finished updating
2025-09-04 15:37:06,111 - INFO - Callback->Connection setup finished [radio://0/80/2M/E7E7E7E7E6]
2025-09-04 15:37:06,112 - INFO - Connected: radio://0/80/2M/E7E7E7E7E6
2025-09-04 15:37:06,122 - INFO - Have successfully started logging for id=1
2025-09-04 15:37:06,221 - INFO - Battery: 3.86V (safe)
2025-09-04 15:37:06,221 - INFO - Battery check passed: 3.86V
2025-09-04 15:37:06,221 - INFO - Initializing position estimator to origin...
2025-09-04 15:37:06,225 - INFO - Have successfully stopped logging for id=1
2025-09-04 15:37:06,226 - INFO - Have successfully deleted id=1
2025-09-04 15:37:07,266 - INFO - All parameters updated
2025-09-04 15:37:07,266 - INFO - Callback->Connection completed [radio://0/80/2M/E7E7E7E7E6]
2025-09-04 15:37:07,375 - INFO - Have successfully started logging for id=2
2025-09-04 15:37:13,870 - INFO - Waiting for position estimator...
2025-09-04 15:37:13,873 - INFO - Have successfully stopped logging for id=2
2025-09-04 15:37:13,874 - INFO - Have successfully deleted id=2
2025-09-04 15:37:13,879 - INFO - Have successfully started logging for id=3
2025-09-04 15:37:14,881 - INFO - Position estimator ready
2025-09-04 15:37:14,882 - INFO - Controller parameters optimized
2025-09-04 15:37:14,887 - INFO - Have successfully stopped logging for id=3
2025-09-04 15:37:14,888 - INFO - Have successfully deleted id=3
2025-09-04 15:37:17,407 - INFO - Start collection (slot:10ms)
2025-09-04 15:37:17,408 - INFO - Data collector started
2025-09-04 15:37:17,409 - INFO - Position manager started
2025-09-04 15:37:17,416 - INFO - Have successfully started logging for id=4
2025-09-04 15:37:17,417 - INFO - Have successfully started logging for id=5
2025-09-04 15:37:17,419 - INFO - Have successfully started logging for id=6
2025-09-04 15:37:17,510 - INFO - Position manager data flow is normal
2025-09-04 15:37:19,510 - INFO - Current position: (0.004, 0.043, -0.006, 90.1째)
2025-09-04 15:37:19,510 - INFO - Using absolute coordinate system, ignoring takeoff position offset
2025-09-04 15:37:20,510 - INFO - Pre-flight stabilization to first waypoint: (0.000, 0.000, 0.500)
2025-09-04 15:37:20,660 - INFO - Waypoint1: absolute coordinates(0.000, 0.000, 0.500, yaw=90.0째)
2025-09-04 15:37:20,660 - INFO - Flying to coordinate: (0.000, 0.000, 0.500)
2025-09-04 15:37:21,671 - INFO - Approaching target (error=0.135m), entering stabilization phase
2025-09-04 15:37:22,161 - INFO - Reached waypoint (error=0.032m, stable_count=30)
2025-09-04 15:37:22,761 - INFO - Waypoint2: absolute coordinates(0.000, 0.000, 1.000, yaw=90.0째)
2025-09-04 15:37:22,761 - INFO - Flying to coordinate: (0.000, 0.000, 1.000)
2025-09-04 15:37:23,371 - INFO - Approaching target (error=0.136m), entering stabilization phase
2025-09-04 15:37:28,411 - INFO - Reached waypoint (error=0.068m, stable_count=30)
2025-09-04 15:37:29,012 - INFO - Waypoint3: absolute coordinates(0.000, 0.000, 0.500, yaw=90.0째)
2025-09-04 15:37:29,012 - INFO - Flying to coordinate: (0.000, 0.000, 0.500)
2025-09-04 15:37:29,863 - INFO - Approaching target (error=0.142m), entering stabilization phase
2025-09-04 15:37:30,403 - INFO - Reached waypoint (error=0.077m, stable_count=30)
2025-09-04 15:37:31,003 - INFO - Returning to origin and landing...
2025-09-04 15:37:31,003 - INFO - Flying to coordinate: (0.000, 0.000, 0.200)
2025-09-04 15:37:31,513 - INFO - Approaching target (error=0.137m), entering stabilization phase
2025-09-04 15:37:32,053 - INFO - Reached waypoint (error=0.051m, stable_count=30)
2025-09-04 15:37:32,053 - INFO - Landing...
2025-09-04 15:37:32,054 - INFO - Landing complete
2025-09-04 15:37:32,060 - INFO - Have successfully stopped logging for id=6
2025-09-04 15:37:32,155 - INFO - Position manager stopped
2025-09-04 15:37:32,157 - INFO - Flight mission complete
2025-09-04 15:37:32,157 - INFO - Stopping data collector...
2025-09-04 15:37:32,159 - INFO - Collection complete - stats: {'created': 1475, 'complete': 1475, 'merged': 0, 'dropped': 0}
2025-09-04 15:37:32,166 - INFO - Have successfully stopped logging for id=4
2025-09-04 15:37:32,173 - INFO - Have successfully stopped logging for id=5
2025-09-04 15:37:32,209 - INFO - Data saved: training_data/vertical_large_20250904_153732.json
2025-09-04 15:37:32,209 - INFO - States: 1475, Commands: 1005, Duration: 14.7s
2025-09-04 15:37:32,210 - INFO - Successfully saved 1475 state data points
2025-09-04 15:37:32,210 - INFO - Successfully saved 1005 control commands
2025-09-04 15:37:32,210 - INFO - Closing link
2025-09-04 15:37:32,211 - INFO - Callback->Disconnected from [radio://0/80/2M/E7E7E7E7E6]
