2025-09-05 16:09:45,956 - INFO - === Fixed continuous data collector ===
2025-09-05 16:09:45,956 - INFO - Mission: triangle_small
2025-09-05 16:09:45,956 - INFO - Waypoints (absolute coordinates): [(0, 0, 0.6), (0.4, 0, 0.6), (0.2, 0.4, 0.6), (0, 0, 0.6)]
2025-09-05 16:09:45,957 - INFO - Callback->Connection initialized[radio://0/80/2M/E7E7E7E7E6]
2025-09-05 16:09:46,206 - INFO - We are connected[radio://0/80/2M/E7E7E7E7E6], request connection setup
2025-09-05 16:09:46,206 - INFO - Request _request_protocol_version()
2025-09-05 16:09:46,209 - INFO - Callback->Connected to [radio://0/80/2M/E7E7E7E7E6]
2025-09-05 16:09:46,214 - INFO - _crt_service_callback
2025-09-05 16:09:46,214 - INFO - Request protocol version
2025-09-05 16:09:46,217 - INFO - _platform_callback
2025-09-05 16:09:46,217 - INFO - Protocol version (platform): 9
2025-09-05 16:09:46,228 - INFO - TOC for port [5] found in cache
2025-09-05 16:09:46,228 - INFO - Log TOC finished updating
2025-09-05 16:09:46,230 - INFO - 6 memories found
2025-09-05 16:09:46,309 - INFO - Memories finished updating
2025-09-05 16:09:46,314 - INFO - TOC for port [2] found in cache
2025-09-05 16:09:46,766 - INFO - Param TOC finished updating
2025-09-05 16:09:46,766 - INFO - Callback->Connection setup finished [radio://0/80/2M/E7E7E7E7E6]
2025-09-05 16:09:46,767 - INFO - Connected: radio://0/80/2M/E7E7E7E7E6
2025-09-05 16:09:46,775 - INFO - Have successfully started logging for id=1
2025-09-05 16:09:46,875 - INFO - Battery: 4.03V (safe)
2025-09-05 16:09:46,876 - INFO - Battery check passed: 4.03V
2025-09-05 16:09:46,876 - INFO - Initializing position estimator to origin...
2025-09-05 16:09:46,879 - INFO - Have successfully stopped logging for id=1
2025-09-05 16:09:46,880 - INFO - Have successfully deleted id=1
2025-09-05 16:09:48,124 - INFO - All parameters updated
2025-09-05 16:09:48,124 - INFO - Callback->Connection completed [radio://0/80/2M/E7E7E7E7E6]
2025-09-05 16:09:48,234 - INFO - Have successfully started logging for id=2
2025-09-05 16:09:54,729 - INFO - Waiting for position estimator...
2025-09-05 16:09:54,732 - INFO - Have successfully stopped logging for id=2
2025-09-05 16:09:54,733 - INFO - Have successfully deleted id=2
2025-09-05 16:09:54,738 - INFO - Have successfully started logging for id=3
2025-09-05 16:09:55,737 - INFO - Position estimator ready
2025-09-05 16:09:55,738 - INFO - Controller parameters optimized
2025-09-05 16:09:55,740 - INFO - Have successfully stopped logging for id=3
2025-09-05 16:09:55,741 - INFO - Have successfully deleted id=3
2025-09-05 16:09:57,444 - INFO - Start collection (slot:10ms)
2025-09-05 16:09:57,445 - INFO - Data collector started
2025-09-05 16:09:57,446 - INFO - Position manager started
2025-09-05 16:09:57,452 - INFO - Have successfully started logging for id=4
2025-09-05 16:09:57,455 - INFO - Have successfully started logging for id=5
2025-09-05 16:09:57,455 - INFO - Have successfully started logging for id=6
2025-09-05 16:09:57,546 - INFO - Position manager data flow is normal
2025-09-05 16:09:59,546 - INFO - Current position: (-0.019, 0.027, 0.028, 90.1°)
2025-09-05 16:09:59,547 - INFO - Using absolute coordinate system, ignoring takeoff position offset
2025-09-05 16:10:00,547 - INFO - Pre-flight stabilization to first waypoint: (0.000, 0.000, 0.600)
2025-09-05 16:10:00,697 - INFO - Waypoint1: absolute coordinates(0.000, 0.000, 0.600, yaw=90.0°)
2025-09-05 16:10:00,697 - INFO - Flying to coordinate: (0.000, 0.000, 0.600)
2025-09-05 16:10:01,758 - INFO - Approaching target (error=0.129m), entering stabilization phase
2025-09-05 16:10:02,248 - INFO - Reached waypoint (error=0.013m, stable_count=30)
2025-09-05 16:10:02,848 - INFO - Waypoint2: absolute coordinates(0.400, 0.000, 0.600, yaw=90.0°)
2025-09-05 16:10:02,848 - INFO - Flying to coordinate: (0.400, 0.000, 0.600)
2025-09-05 16:10:03,558 - INFO - Approaching target (error=0.135m), entering stabilization phase
2025-09-05 16:10:05,248 - INFO - Reached waypoint (error=0.079m, stable_count=30)
2025-09-05 16:10:05,848 - INFO - Waypoint3: absolute coordinates(0.200, 0.400, 0.600, yaw=90.0°)
2025-09-05 16:10:05,848 - INFO - Flying to coordinate: (0.200, 0.400, 0.600)
2025-09-05 16:10:06,509 - INFO - Approaching target (error=0.137m), entering stabilization phase
2025-09-05 16:10:06,898 - INFO - Reached waypoint (error=0.064m, stable_count=30)
2025-09-05 16:10:07,499 - INFO - Waypoint4: absolute coordinates(0.000, 0.000, 0.600, yaw=90.0°)
2025-09-05 16:10:07,499 - INFO - Flying to coordinate: (0.000, 0.000, 0.600)
2025-09-05 16:10:08,399 - INFO - Approaching target (error=0.146m), entering stabilization phase
2025-09-05 16:10:09,639 - INFO - Reached waypoint (error=0.033m, stable_count=30)
2025-09-05 16:10:10,239 - INFO - Returning to origin and landing...
2025-09-05 16:10:10,239 - INFO - Flying to coordinate: (0.000, 0.000, 0.200)
2025-09-05 16:10:10,960 - INFO - Approaching target (error=0.148m), entering stabilization phase
2025-09-05 16:10:11,690 - INFO - Reached waypoint (error=0.053m, stable_count=30)
2025-09-05 16:10:11,690 - INFO - Landing...
2025-09-05 16:10:11,690 - INFO - Landing complete
2025-09-05 16:10:11,699 - INFO - Have successfully stopped logging for id=6
2025-09-05 16:10:11,791 - INFO - Position manager stopped
2025-09-05 16:10:11,793 - INFO - Flight mission complete
2025-09-05 16:10:11,793 - INFO - Stopping data collector...
2025-09-05 16:10:11,795 - INFO - Collection complete - stats: {'created': 1435, 'complete': 1434, 'merged': 0, 'dropped': 0}
2025-09-05 16:10:11,802 - INFO - Have successfully stopped logging for id=4
2025-09-05 16:10:11,806 - INFO - Have successfully stopped logging for id=5
2025-09-05 16:10:11,846 - INFO - Data saved: training_data/triangle_small_20250905_161011.json
2025-09-05 16:10:11,846 - INFO - States: 1434, Commands: 914, Duration: 14.3s
2025-09-05 16:10:11,847 - INFO - Successfully saved 1434 state data points
2025-09-05 16:10:11,847 - INFO - Successfully saved 914 control commands
2025-09-05 16:10:11,847 - INFO - Closing link
2025-09-05 16:10:11,847 - INFO - Callback->Disconnected from [radio://0/80/2M/E7E7E7E7E6]
