2025-09-05 13:12:24,340 - INFO - === Fixed continuous data collector ===
2025-09-05 13:12:24,340 - INFO - Mission: square_med
2025-09-05 13:12:24,341 - INFO - Waypoints (absolute coordinates): [(0, 0, 0.4), (0.5, 0, 0.4), (0.5, 0.5, 0.4), (0, 0.5, 0.4), (0, 0, 0.4)]
2025-09-05 13:12:24,341 - INFO - Callback->Connection initialized[radio://0/80/2M/E7E7E7E7E6]
2025-09-05 13:12:24,593 - INFO - We are connected[radio://0/80/2M/E7E7E7E7E6], request connection setup
2025-09-05 13:12:24,593 - INFO - Request _request_protocol_version()
2025-09-05 13:12:24,597 - INFO - Callback->Connected to [radio://0/80/2M/E7E7E7E7E6]
2025-09-05 13:12:24,602 - INFO - _crt_service_callback
2025-09-05 13:12:24,602 - INFO - Request protocol version
2025-09-05 13:12:24,607 - INFO - _platform_callback
2025-09-05 13:12:24,607 - INFO - Protocol version (platform): 9
2025-09-05 13:12:24,617 - INFO - TOC for port [5] found in cache
2025-09-05 13:12:24,617 - INFO - Log TOC finished updating
2025-09-05 13:12:24,620 - INFO - 6 memories found
2025-09-05 13:12:24,705 - INFO - Memories finished updating
2025-09-05 13:12:24,712 - INFO - TOC for port [2] found in cache
2025-09-05 13:12:25,211 - INFO - Param TOC finished updating
2025-09-05 13:12:25,211 - INFO - Callback->Connection setup finished [radio://0/80/2M/E7E7E7E7E6]
2025-09-05 13:12:25,212 - INFO - Connected: radio://0/80/2M/E7E7E7E7E6
2025-09-05 13:12:25,223 - INFO - Have successfully started logging for id=1
2025-09-05 13:12:25,322 - INFO - Battery: 3.94V (safe)
2025-09-05 13:12:25,323 - INFO - Battery check passed: 3.94V
2025-09-05 13:12:25,323 - INFO - Initializing position estimator to origin...
2025-09-05 13:12:25,325 - INFO - Have successfully stopped logging for id=1
2025-09-05 13:12:25,328 - INFO - Have successfully deleted id=1
2025-09-05 13:12:26,529 - INFO - All parameters updated
2025-09-05 13:12:26,529 - INFO - Callback->Connection completed [radio://0/80/2M/E7E7E7E7E6]
2025-09-05 13:12:26,639 - INFO - Have successfully started logging for id=2
2025-09-05 13:12:33,135 - INFO - Waiting for position estimator...
2025-09-05 13:12:33,137 - INFO - Have successfully stopped logging for id=2
2025-09-05 13:12:33,138 - INFO - Have successfully deleted id=2
2025-09-05 13:12:33,145 - INFO - Have successfully started logging for id=3
2025-09-05 13:12:34,144 - INFO - Position estimator ready
2025-09-05 13:12:34,145 - INFO - Controller parameters optimized
2025-09-05 13:12:34,151 - INFO - Have successfully stopped logging for id=3
2025-09-05 13:12:34,151 - INFO - Have successfully deleted id=3
2025-09-05 13:12:39,972 - INFO - Start collection (slot:10ms)
2025-09-05 13:12:39,973 - INFO - Data collector started
2025-09-05 13:12:39,974 - INFO - Position manager started
2025-09-05 13:12:39,981 - INFO - Have successfully started logging for id=4
2025-09-05 13:12:39,982 - INFO - Have successfully started logging for id=5
2025-09-05 13:12:39,984 - INFO - Have successfully started logging for id=6
2025-09-05 13:12:40,074 - INFO - Position manager data flow is normal
2025-09-05 13:12:42,074 - INFO - Current position: (0.033, 0.021, 0.024, 89.9°)
2025-09-05 13:12:42,074 - INFO - Using absolute coordinate system, ignoring takeoff position offset
2025-09-05 13:12:43,074 - INFO - Pre-flight stabilization to first waypoint: (0.000, 0.000, 0.400)
2025-09-05 13:12:43,226 - INFO - Waypoint1: absolute coordinates(0.000, 0.000, 0.400, yaw=90.0°)
2025-09-05 13:12:43,226 - INFO - Flying to coordinate: (0.000, 0.000, 0.400)
2025-09-05 13:12:44,236 - INFO - Approaching target (error=0.139m), entering stabilization phase
2025-09-05 13:12:44,776 - INFO - Reached waypoint (error=0.047m, stable_count=30)
2025-09-05 13:12:45,378 - INFO - Waypoint2: absolute coordinates(0.500, 0.000, 0.400, yaw=90.0°)
2025-09-05 13:12:45,379 - INFO - Flying to coordinate: (0.500, 0.000, 0.400)
2025-09-05 13:12:46,189 - INFO - Approaching target (error=0.148m), entering stabilization phase
2025-09-05 13:12:47,929 - INFO - Reached waypoint (error=0.058m, stable_count=30)
2025-09-05 13:12:48,530 - INFO - Waypoint3: absolute coordinates(0.500, 0.500, 0.400, yaw=90.0°)
2025-09-05 13:12:48,530 - INFO - Flying to coordinate: (0.500, 0.500, 0.400)
2025-09-05 13:12:49,230 - INFO - Approaching target (error=0.110m), entering stabilization phase
2025-09-05 13:12:50,130 - INFO - Reached waypoint (error=0.049m, stable_count=30)
2025-09-05 13:12:50,731 - INFO - Waypoint4: absolute coordinates(0.000, 0.500, 0.400, yaw=90.0°)
2025-09-05 13:12:50,731 - INFO - Flying to coordinate: (0.000, 0.500, 0.400)
2025-09-05 13:12:51,381 - INFO - Approaching target (error=0.117m), entering stabilization phase
2025-09-05 13:12:51,771 - INFO - Reached waypoint (error=0.047m, stable_count=30)
2025-09-05 13:12:52,371 - INFO - Waypoint5: absolute coordinates(0.000, 0.000, 0.400, yaw=90.0°)
2025-09-05 13:12:52,371 - INFO - Flying to coordinate: (0.000, 0.000, 0.400)
2025-09-05 13:12:53,081 - INFO - Approaching target (error=0.138m), entering stabilization phase
2025-09-05 13:12:53,471 - INFO - Reached waypoint (error=0.077m, stable_count=30)
2025-09-05 13:12:54,071 - INFO - Returning to origin and landing...
2025-09-05 13:12:54,071 - INFO - Flying to coordinate: (0.000, 0.000, 0.200)
2025-09-05 13:12:54,431 - INFO - Approaching target (error=0.141m), entering stabilization phase
2025-09-05 13:12:55,662 - INFO - Reached waypoint (error=0.069m, stable_count=30)
2025-09-05 13:12:55,662 - INFO - Landing...
2025-09-05 13:12:55,662 - INFO - Landing complete
2025-09-05 13:12:55,666 - INFO - Have successfully stopped logging for id=6
2025-09-05 13:12:55,763 - INFO - Position manager stopped
2025-09-05 13:12:55,765 - INFO - Flight mission complete
2025-09-05 13:12:55,765 - INFO - Stopping data collector...
2025-09-05 13:12:55,767 - INFO - Collection complete - stats: {'created': 1579, 'complete': 1579, 'merged': 0, 'dropped': 0}
2025-09-05 13:12:55,776 - INFO - Have successfully stopped logging for id=4
2025-09-05 13:12:55,777 - INFO - Have successfully stopped logging for id=5
2025-09-05 13:12:55,822 - INFO - Data saved: training_data/square_med_20250905_131255.json
2025-09-05 13:12:55,822 - INFO - States: 1579, Commands: 1011, Duration: 15.8s
2025-09-05 13:12:55,823 - INFO - Successfully saved 1579 state data points
2025-09-05 13:12:55,823 - INFO - Successfully saved 1011 control commands
2025-09-05 13:12:55,823 - INFO - Closing link
2025-09-05 13:12:55,823 - INFO - Callback->Disconnected from [radio://0/80/2M/E7E7E7E7E6]
