2025-09-05 17:45:53,564 - INFO - === Fixed continuous data collector ===
2025-09-05 17:45:53,564 - INFO - Mission: triangle_large
2025-09-05 17:45:53,564 - INFO - Waypoints (absolute coordinates): [(0, 0, 0.6), (0.8, 0, 0.6), (0.4, 0.6, 0.6), (0, 0, 0.6)]
2025-09-05 17:45:53,564 - INFO - Callback->Connection initialized[radio://0/80/2M/E7E7E7E7E6]
2025-09-05 17:45:53,811 - INFO - We are connected[radio://0/80/2M/E7E7E7E7E6], request connection setup
2025-09-05 17:45:53,811 - INFO - Request _request_protocol_version()
2025-09-05 17:45:53,814 - INFO - Callback->Connected to [radio://0/80/2M/E7E7E7E7E6]
2025-09-05 17:45:53,817 - INFO - _crt_service_callback
2025-09-05 17:45:53,817 - INFO - Request protocol version
2025-09-05 17:45:53,820 - INFO - _platform_callback
2025-09-05 17:45:53,820 - INFO - Protocol version (platform): 9
2025-09-05 17:45:53,831 - INFO - TOC for port [5] found in cache
2025-09-05 17:45:53,831 - INFO - Log TOC finished updating
2025-09-05 17:45:53,834 - INFO - 6 memories found
2025-09-05 17:45:53,907 - INFO - Memories finished updating
2025-09-05 17:45:53,914 - INFO - TOC for port [2] found in cache
2025-09-05 17:45:54,334 - INFO - Param TOC finished updating
2025-09-05 17:45:54,334 - INFO - Callback->Connection setup finished [radio://0/80/2M/E7E7E7E7E6]
2025-09-05 17:45:54,335 - INFO - Connected: radio://0/80/2M/E7E7E7E7E6
2025-09-05 17:45:54,345 - INFO - Have successfully started logging for id=1
2025-09-05 17:45:54,444 - INFO - Battery: 4.04V (safe)
2025-09-05 17:45:54,445 - INFO - Battery check passed: 4.04V
2025-09-05 17:45:54,445 - INFO - Initializing position estimator to origin...
2025-09-05 17:45:54,448 - INFO - Have successfully stopped logging for id=1
2025-09-05 17:45:54,448 - INFO - Have successfully deleted id=1
2025-09-05 17:45:55,425 - INFO - All parameters updated
2025-09-05 17:45:55,426 - INFO - Callback->Connection completed [radio://0/80/2M/E7E7E7E7E6]
2025-09-05 17:45:55,534 - INFO - Have successfully started logging for id=2
2025-09-05 17:46:02,028 - INFO - Waiting for position estimator...
2025-09-05 17:46:02,030 - INFO - Have successfully stopped logging for id=2
2025-09-05 17:46:02,031 - INFO - Have successfully deleted id=2
2025-09-05 17:46:02,036 - INFO - Have successfully started logging for id=3
2025-09-05 17:46:03,037 - INFO - Position estimator ready
2025-09-05 17:46:03,037 - INFO - Controller parameters optimized
2025-09-05 17:46:03,040 - INFO - Have successfully stopped logging for id=3
2025-09-05 17:46:03,042 - INFO - Have successfully deleted id=3
2025-09-05 17:46:05,972 - INFO - Start collection (slot:10ms)
2025-09-05 17:46:05,973 - INFO - Data collector started
2025-09-05 17:46:05,975 - INFO - Position manager started
2025-09-05 17:46:05,982 - INFO - Have successfully started logging for id=4
2025-09-05 17:46:05,984 - INFO - Have successfully started logging for id=5
2025-09-05 17:46:05,985 - INFO - Have successfully started logging for id=6
2025-09-05 17:46:06,075 - INFO - Position manager data flow is normal
2025-09-05 17:46:08,075 - INFO - Current position: (-0.036, 0.018, 0.026, 90.0°)
2025-09-05 17:46:08,075 - INFO - Using absolute coordinate system, ignoring takeoff position offset
2025-09-05 17:46:09,076 - INFO - Pre-flight stabilization to first waypoint: (0.000, 0.000, 0.600)
2025-09-05 17:46:09,227 - INFO - Waypoint1: absolute coordinates(0.000, 0.000, 0.600, yaw=90.0°)
2025-09-05 17:46:09,227 - INFO - Flying to coordinate: (0.000, 0.000, 0.600)
2025-09-05 17:46:10,237 - INFO - Approaching target (error=0.149m), entering stabilization phase
2025-09-05 17:46:10,777 - INFO - Reached waypoint (error=0.028m, stable_count=30)
2025-09-05 17:46:11,377 - INFO - Waypoint2: absolute coordinates(0.800, 0.000, 0.600, yaw=90.0°)
2025-09-05 17:46:11,378 - INFO - Flying to coordinate: (0.800, 0.000, 0.600)
2025-09-05 17:46:12,339 - INFO - Approaching target (error=0.143m), entering stabilization phase
2025-09-05 17:46:14,179 - INFO - Reached waypoint (error=0.049m, stable_count=30)
2025-09-05 17:46:14,779 - INFO - Waypoint3: absolute coordinates(0.400, 0.600, 0.600, yaw=90.0°)
2025-09-05 17:46:14,779 - INFO - Flying to coordinate: (0.400, 0.600, 0.600)
2025-09-05 17:46:15,589 - INFO - Approaching target (error=0.124m), entering stabilization phase
2025-09-05 17:46:17,269 - INFO - Reached waypoint (error=0.050m, stable_count=30)
2025-09-05 17:46:17,871 - INFO - Waypoint4: absolute coordinates(0.000, 0.000, 0.600, yaw=90.0°)
2025-09-05 17:46:17,871 - INFO - Flying to coordinate: (0.000, 0.000, 0.600)
2025-09-05 17:46:19,731 - INFO - Approaching target (error=0.140m), entering stabilization phase
2025-09-05 17:46:20,271 - INFO - Reached waypoint (error=0.044m, stable_count=30)
2025-09-05 17:46:20,871 - INFO - Returning to origin and landing...
2025-09-05 17:46:20,871 - INFO - Flying to coordinate: (0.000, 0.000, 0.200)
2025-09-05 17:46:21,831 - INFO - Approaching target (error=0.149m), entering stabilization phase
2025-09-05 17:46:24,211 - INFO - Reached waypoint (error=0.076m, stable_count=30)
2025-09-05 17:46:24,211 - INFO - Landing...
2025-09-05 17:46:24,212 - INFO - Landing complete
2025-09-05 17:46:24,218 - INFO - Have successfully stopped logging for id=6
2025-09-05 17:46:24,313 - INFO - Position manager stopped
2025-09-05 17:46:24,314 - INFO - Flight mission complete
2025-09-05 17:46:24,314 - INFO - Stopping data collector...
2025-09-05 17:46:24,317 - INFO - Collection complete - stats: {'created': 1834, 'complete': 1834, 'merged': 0, 'dropped': 0}
2025-09-05 17:46:24,326 - INFO - Have successfully stopped logging for id=4
2025-09-05 17:46:24,327 - INFO - Have successfully stopped logging for id=5
2025-09-05 17:46:24,384 - INFO - Data saved: training_data/triangle_large_20250905_174624.json
2025-09-05 17:46:24,384 - INFO - States: 1834, Commands: 1315, Duration: 18.3s
2025-09-05 17:46:24,384 - INFO - Successfully saved 1834 state data points
2025-09-05 17:46:24,384 - INFO - Successfully saved 1315 control commands
2025-09-05 17:46:24,384 - INFO - Closing link
2025-09-05 17:46:24,385 - INFO - Callback->Disconnected from [radio://0/80/2M/E7E7E7E7E6]
