2025-09-04 14:47:56,732 - INFO - === Fixed continuous data collector ===
2025-09-04 14:47:56,732 - INFO - Mission: vertical_med
2025-09-04 14:47:56,732 - INFO - Waypoints (absolute coordinates): [(0, 0, 0.4), (0, 0, 0.8), (0, 0, 0.4)]
2025-09-04 14:47:56,733 - INFO - Callback->Connection initialized[radio://0/80/2M/E7E7E7E7E6]
2025-09-04 14:47:56,984 - INFO - We are connected[radio://0/80/2M/E7E7E7E7E6], request connection setup
2025-09-04 14:47:56,985 - INFO - Request _request_protocol_version()
2025-09-04 14:47:56,989 - INFO - Callback->Connected to [radio://0/80/2M/E7E7E7E7E6]
2025-09-04 14:47:57,065 - INFO - _crt_service_callback
2025-09-04 14:47:57,065 - INFO - Request protocol version
2025-09-04 14:47:57,069 - INFO - _platform_callback
2025-09-04 14:47:57,069 - INFO - Protocol version (platform): 9
2025-09-04 14:47:57,080 - INFO - TOC for port [5] found in cache
2025-09-04 14:47:57,080 - INFO - Log TOC finished updating
2025-09-04 14:47:57,082 - INFO - 6 memories found
2025-09-04 14:47:57,166 - INFO - Memories finished updating
2025-09-04 14:47:57,173 - INFO - TOC for port [2] found in cache
2025-09-04 14:47:57,693 - INFO - Param TOC finished updating
2025-09-04 14:47:57,693 - INFO - Callback->Connection setup finished [radio://0/80/2M/E7E7E7E7E6]
2025-09-04 14:47:57,694 - INFO - Connected: radio://0/80/2M/E7E7E7E7E6
2025-09-04 14:47:57,704 - INFO - Have successfully started logging for id=1
2025-09-04 14:47:57,803 - INFO - Battery: 3.91V (safe)
2025-09-04 14:47:57,803 - INFO - Battery check passed: 3.91V
2025-09-04 14:47:57,803 - INFO - Initializing position estimator to origin...
2025-09-04 14:47:57,806 - INFO - Have successfully stopped logging for id=1
2025-09-04 14:47:57,807 - INFO - Have successfully deleted id=1
2025-09-04 14:47:59,145 - INFO - All parameters updated
2025-09-04 14:47:59,145 - INFO - Callback->Connection completed [radio://0/80/2M/E7E7E7E7E6]
2025-09-04 14:47:59,256 - INFO - Have successfully started logging for id=2
2025-09-04 14:48:05,749 - INFO - Waiting for position estimator...
2025-09-04 14:48:05,754 - INFO - Have successfully stopped logging for id=2
2025-09-04 14:48:05,755 - INFO - Have successfully deleted id=2
2025-09-04 14:48:05,762 - INFO - Have successfully started logging for id=3
2025-09-04 14:48:06,760 - INFO - Position estimator ready
2025-09-04 14:48:06,761 - INFO - Controller parameters optimized
2025-09-04 14:48:06,764 - INFO - Have successfully stopped logging for id=3
2025-09-04 14:48:06,765 - INFO - Have successfully deleted id=3
2025-09-04 14:48:12,303 - INFO - Start collection (slot:10ms)
2025-09-04 14:48:12,304 - INFO - Data collector started
2025-09-04 14:48:12,306 - INFO - Position manager started
2025-09-04 14:48:12,317 - INFO - Have successfully started logging for id=4
2025-09-04 14:48:12,317 - INFO - Have successfully started logging for id=5
2025-09-04 14:48:12,319 - INFO - Have successfully started logging for id=6
2025-09-04 14:48:12,406 - INFO - Position manager data flow is normal
2025-09-04 14:48:14,406 - INFO - Current position: (0.016, 0.062, -0.006, 89.9째)
2025-09-04 14:48:14,406 - INFO - Using absolute coordinate system, ignoring takeoff position offset
2025-09-04 14:48:15,406 - INFO - Pre-flight stabilization to first waypoint: (0.000, 0.000, 0.400)
2025-09-04 14:48:15,559 - INFO - Waypoint1: absolute coordinates(0.000, 0.000, 0.400, yaw=90.0째)
2025-09-04 14:48:15,559 - INFO - Flying to coordinate: (0.000, 0.000, 0.400)
2025-09-04 14:48:16,569 - INFO - Approaching target (error=0.137m), entering stabilization phase
2025-09-04 14:48:17,059 - INFO - Reached waypoint (error=0.029m, stable_count=30)
2025-09-04 14:48:17,659 - INFO - Waypoint2: absolute coordinates(0.000, 0.000, 0.800, yaw=90.0째)
2025-09-04 14:48:17,659 - INFO - Flying to coordinate: (0.000, 0.000, 0.800)
2025-09-04 14:48:18,119 - INFO - Approaching target (error=0.139m), entering stabilization phase
2025-09-04 14:48:18,559 - INFO - Reached waypoint (error=0.072m, stable_count=30)
2025-09-04 14:48:19,160 - INFO - Waypoint3: absolute coordinates(0.000, 0.000, 0.400, yaw=90.0째)
2025-09-04 14:48:19,160 - INFO - Flying to coordinate: (0.000, 0.000, 0.400)
2025-09-04 14:48:20,120 - INFO - Approaching target (error=0.149m), entering stabilization phase
2025-09-04 14:48:20,960 - INFO - Reached waypoint (error=0.058m, stable_count=30)
2025-09-04 14:48:21,560 - INFO - Returning to origin and landing...
2025-09-04 14:48:21,560 - INFO - Flying to coordinate: (0.000, 0.000, 0.200)
2025-09-04 14:48:22,070 - INFO - Approaching target (error=0.137m), entering stabilization phase
2025-09-04 14:48:22,850 - INFO - Reached waypoint (error=0.047m, stable_count=30)
2025-09-04 14:48:22,850 - INFO - Landing...
2025-09-04 14:48:22,851 - INFO - Landing complete
2025-09-04 14:48:22,856 - INFO - Have successfully stopped logging for id=6
2025-09-04 14:48:22,952 - INFO - Position manager stopped
2025-09-04 14:48:22,953 - INFO - Flight mission complete
2025-09-04 14:48:22,953 - INFO - Stopping data collector...
2025-09-04 14:48:22,955 - INFO - Collection complete - stats: {'created': 1064, 'complete': 1064, 'merged': 0, 'dropped': 0}
2025-09-04 14:48:22,963 - INFO - Have successfully stopped logging for id=4
2025-09-04 14:48:22,967 - INFO - Have successfully stopped logging for id=5
2025-09-04 14:48:22,993 - INFO - Data saved: training_data/vertical_med_20250904_144822.json
2025-09-04 14:48:22,993 - INFO - States: 1064, Commands: 595, Duration: 10.6s
2025-09-04 14:48:22,993 - INFO - Successfully saved 1064 state data points
2025-09-04 14:48:22,993 - INFO - Successfully saved 595 control commands
2025-09-04 14:48:22,993 - INFO - Closing link
2025-09-04 14:48:22,994 - INFO - Callback->Disconnected from [radio://0/80/2M/E7E7E7E7E6]
