2025-09-05 14:17:32,383 - INFO - === Fixed continuous data collector ===
2025-09-05 14:17:32,383 - INFO - Mission: square_large
2025-09-05 14:17:32,383 - INFO - Waypoints (absolute coordinates): [(0, 0, 0.5), (0.7, 0, 0.5), (0.7, 0.7, 0.5), (0, 0.7, 0.5), (0, 0, 0.5)]
2025-09-05 14:17:32,383 - INFO - Callback->Connection initialized[radio://0/80/2M/E7E7E7E7E6]
2025-09-05 14:17:32,634 - INFO - We are connected[radio://0/80/2M/E7E7E7E7E6], request connection setup
2025-09-05 14:17:32,634 - INFO - Request _request_protocol_version()
2025-09-05 14:17:32,637 - INFO - Callback->Connected to [radio://0/80/2M/E7E7E7E7E6]
2025-09-05 14:17:32,642 - INFO - _crt_service_callback
2025-09-05 14:17:32,642 - INFO - Request protocol version
2025-09-05 14:17:32,646 - INFO - _platform_callback
2025-09-05 14:17:32,646 - INFO - Protocol version (platform): 9
2025-09-05 14:17:32,658 - INFO - TOC for port [5] found in cache
2025-09-05 14:17:32,658 - INFO - Log TOC finished updating
2025-09-05 14:17:32,662 - INFO - 6 memories found
2025-09-05 14:17:32,738 - INFO - Memories finished updating
2025-09-05 14:17:32,745 - INFO - TOC for port [2] found in cache
2025-09-05 14:17:33,261 - INFO - Param TOC finished updating
2025-09-05 14:17:33,261 - INFO - Callback->Connection setup finished [radio://0/80/2M/E7E7E7E7E6]
2025-09-05 14:17:33,262 - INFO - Connected: radio://0/80/2M/E7E7E7E7E6
2025-09-05 14:17:33,273 - INFO - Have successfully started logging for id=1
2025-09-05 14:17:33,373 - INFO - Battery: 3.89V (safe)
2025-09-05 14:17:33,374 - INFO - Battery check passed: 3.89V
2025-09-05 14:17:33,374 - INFO - Initializing position estimator to origin...
2025-09-05 14:17:33,377 - INFO - Have successfully stopped logging for id=1
2025-09-05 14:17:33,377 - INFO - Have successfully deleted id=1
2025-09-05 14:17:34,627 - INFO - All parameters updated
2025-09-05 14:17:34,627 - INFO - Callback->Connection completed [radio://0/80/2M/E7E7E7E7E6]
2025-09-05 14:17:34,736 - INFO - Have successfully started logging for id=2
2025-09-05 14:17:41,233 - INFO - Waiting for position estimator...
2025-09-05 14:17:41,238 - INFO - Have successfully stopped logging for id=2
2025-09-05 14:17:41,238 - INFO - Have successfully deleted id=2
2025-09-05 14:17:41,248 - INFO - Have successfully started logging for id=3
2025-09-05 14:17:42,244 - INFO - Position estimator ready
2025-09-05 14:17:42,245 - INFO - Controller parameters optimized
2025-09-05 14:17:42,248 - INFO - Have successfully stopped logging for id=3
2025-09-05 14:17:42,249 - INFO - Have successfully deleted id=3
2025-09-05 14:17:47,080 - INFO - Start collection (slot:10ms)
2025-09-05 14:17:47,082 - INFO - Data collector started
2025-09-05 14:17:47,085 - INFO - Position manager started
2025-09-05 14:17:47,091 - INFO - Have successfully started logging for id=4
2025-09-05 14:17:47,093 - INFO - Have successfully started logging for id=5
2025-09-05 14:17:47,100 - INFO - Have successfully started logging for id=6
2025-09-05 14:17:47,185 - INFO - Position manager data flow is normal
2025-09-05 14:17:49,185 - INFO - Current position: (0.019, 0.015, 0.021, 90.0°)
2025-09-05 14:17:49,185 - INFO - Using absolute coordinate system, ignoring takeoff position offset
2025-09-05 14:17:50,185 - INFO - Pre-flight stabilization to first waypoint: (0.000, 0.000, 0.500)
2025-09-05 14:17:50,335 - INFO - Waypoint1: absolute coordinates(0.000, 0.000, 0.500, yaw=90.0°)
2025-09-05 14:17:50,335 - INFO - Flying to coordinate: (0.000, 0.000, 0.500)
2025-09-05 14:17:51,396 - INFO - Approaching target (error=0.145m), entering stabilization phase
2025-09-05 14:17:51,936 - INFO - Reached waypoint (error=0.012m, stable_count=30)
2025-09-05 14:17:52,536 - INFO - Waypoint2: absolute coordinates(0.700, 0.000, 0.500, yaw=90.0°)
2025-09-05 14:17:52,536 - INFO - Flying to coordinate: (0.700, 0.000, 0.500)
2025-09-05 14:17:53,496 - INFO - Approaching target (error=0.132m), entering stabilization phase
2025-09-05 14:17:55,086 - INFO - Reached waypoint (error=0.056m, stable_count=30)
2025-09-05 14:17:55,686 - INFO - Waypoint3: absolute coordinates(0.700, 0.700, 0.500, yaw=90.0°)
2025-09-05 14:17:55,686 - INFO - Flying to coordinate: (0.700, 0.700, 0.500)
2025-09-05 14:17:56,496 - INFO - Approaching target (error=0.148m), entering stabilization phase
2025-09-05 14:17:56,886 - INFO - Reached waypoint (error=0.068m, stable_count=30)
2025-09-05 14:17:57,487 - INFO - Waypoint4: absolute coordinates(0.000, 0.700, 0.500, yaw=90.0°)
2025-09-05 14:17:57,487 - INFO - Flying to coordinate: (0.000, 0.700, 0.500)
2025-09-05 14:17:58,587 - INFO - Approaching target (error=0.146m), entering stabilization phase
2025-09-05 14:18:02,427 - INFO - Reached waypoint (error=0.076m, stable_count=30)
2025-09-05 14:18:03,027 - INFO - Waypoint5: absolute coordinates(0.000, 0.000, 0.500, yaw=90.0°)
2025-09-05 14:18:03,027 - INFO - Flying to coordinate: (0.000, 0.000, 0.500)
2025-09-05 14:18:03,837 - INFO - Approaching target (error=0.134m), entering stabilization phase
2025-09-05 14:18:04,377 - INFO - Reached waypoint (error=0.048m, stable_count=30)
2025-09-05 14:18:04,978 - INFO - Returning to origin and landing...
2025-09-05 14:18:04,978 - INFO - Flying to coordinate: (0.000, 0.000, 0.200)
2025-09-05 14:18:05,638 - INFO - Approaching target (error=0.149m), entering stabilization phase
2025-09-05 14:18:06,428 - INFO - Reached waypoint (error=0.037m, stable_count=30)
2025-09-05 14:18:06,428 - INFO - Landing...
2025-09-05 14:18:06,432 - INFO - Landing complete
2025-09-05 14:18:06,439 - INFO - Have successfully stopped logging for id=6
2025-09-05 14:18:06,533 - INFO - Position manager stopped
2025-09-05 14:18:06,534 - INFO - Flight mission complete
2025-09-05 14:18:06,534 - INFO - Stopping data collector...
2025-09-05 14:18:06,536 - INFO - Collection complete - stats: {'created': 1945, 'complete': 1945, 'merged': 0, 'dropped': 0}
2025-09-05 14:18:06,545 - INFO - Have successfully stopped logging for id=4
2025-09-05 14:18:06,546 - INFO - Have successfully stopped logging for id=5
2025-09-05 14:18:06,603 - INFO - Data saved: training_data/square_large_20250905_141806.json
2025-09-05 14:18:06,603 - INFO - States: 1945, Commands: 1374, Duration: 19.4s
2025-09-05 14:18:06,603 - INFO - Successfully saved 1945 state data points
2025-09-05 14:18:06,604 - INFO - Successfully saved 1374 control commands
2025-09-05 14:18:06,604 - INFO - Closing link
2025-09-05 14:18:06,604 - INFO - Callback->Disconnected from [radio://0/80/2M/E7E7E7E7E6]
