2025-09-05 17:36:35,998 - INFO - === Fixed continuous data collector ===
2025-09-05 17:36:35,998 - INFO - Mission: triangle_large
2025-09-05 17:36:35,998 - INFO - Waypoints (absolute coordinates): [(0, 0, 0.6), (0.8, 0, 0.6), (0.4, 0.6, 0.6), (0, 0, 0.6)]
2025-09-05 17:36:35,999 - INFO - Callback->Connection initialized[radio://0/80/2M/E7E7E7E7E6]
2025-09-05 17:36:36,250 - INFO - We are connected[radio://0/80/2M/E7E7E7E7E6], request connection setup
2025-09-05 17:36:36,250 - INFO - Request _request_protocol_version()
2025-09-05 17:36:36,253 - INFO - Callback->Connected to [radio://0/80/2M/E7E7E7E7E6]
2025-09-05 17:36:36,258 - INFO - _crt_service_callback
2025-09-05 17:36:36,258 - INFO - Request protocol version
2025-09-05 17:36:36,262 - INFO - _platform_callback
2025-09-05 17:36:36,262 - INFO - Protocol version (platform): 9
2025-09-05 17:36:36,272 - INFO - TOC for port [5] found in cache
2025-09-05 17:36:36,272 - INFO - Log TOC finished updating
2025-09-05 17:36:36,275 - INFO - 6 memories found
2025-09-05 17:36:36,349 - INFO - Memories finished updating
2025-09-05 17:36:36,354 - INFO - TOC for port [2] found in cache
2025-09-05 17:36:36,768 - INFO - Param TOC finished updating
2025-09-05 17:36:36,768 - INFO - Callback->Connection setup finished [radio://0/80/2M/E7E7E7E7E6]
2025-09-05 17:36:36,769 - INFO - Connected: radio://0/80/2M/E7E7E7E7E6
2025-09-05 17:36:36,779 - INFO - Have successfully started logging for id=1
2025-09-05 17:36:36,880 - INFO - Battery: 4.03V (safe)
2025-09-05 17:36:36,880 - INFO - Battery check passed: 4.03V
2025-09-05 17:36:36,881 - INFO - Initializing position estimator to origin...
2025-09-05 17:36:36,884 - INFO - Have successfully stopped logging for id=1
2025-09-05 17:36:36,885 - INFO - Have successfully deleted id=1
2025-09-05 17:36:37,809 - INFO - All parameters updated
2025-09-05 17:36:37,809 - INFO - Callback->Connection completed [radio://0/80/2M/E7E7E7E7E6]
2025-09-05 17:36:37,916 - INFO - Have successfully started logging for id=2
2025-09-05 17:36:44,412 - INFO - Waiting for position estimator...
2025-09-05 17:36:44,417 - INFO - Have successfully stopped logging for id=2
2025-09-05 17:36:44,418 - INFO - Have successfully deleted id=2
2025-09-05 17:36:44,424 - INFO - Have successfully started logging for id=3
2025-09-05 17:36:45,423 - INFO - Position estimator ready
2025-09-05 17:36:45,424 - INFO - Controller parameters optimized
2025-09-05 17:36:45,427 - INFO - Have successfully stopped logging for id=3
2025-09-05 17:36:45,428 - INFO - Have successfully deleted id=3
2025-09-05 17:36:48,736 - INFO - Start collection (slot:10ms)
2025-09-05 17:36:48,737 - INFO - Data collector started
2025-09-05 17:36:48,738 - INFO - Position manager started
2025-09-05 17:36:48,745 - INFO - Have successfully started logging for id=4
2025-09-05 17:36:48,746 - INFO - Have successfully started logging for id=5
2025-09-05 17:36:48,747 - INFO - Have successfully started logging for id=6
2025-09-05 17:36:48,838 - INFO - Position manager data flow is normal
2025-09-05 17:36:50,838 - INFO - Current position: (-0.025, 0.016, 0.022, 89.8°)
2025-09-05 17:36:50,838 - INFO - Using absolute coordinate system, ignoring takeoff position offset
2025-09-05 17:36:51,838 - INFO - Pre-flight stabilization to first waypoint: (0.000, 0.000, 0.600)
2025-09-05 17:36:51,990 - INFO - Waypoint1: absolute coordinates(0.000, 0.000, 0.600, yaw=90.0°)
2025-09-05 17:36:51,990 - INFO - Flying to coordinate: (0.000, 0.000, 0.600)
2025-09-05 17:37:01,990 - WARNING - Waypoint timeout 10.0s (final error may still be acceptable)
2025-09-05 17:37:01,990 - WARNING - Waypoint1 not fully reached, continuing execution
2025-09-05 17:37:02,591 - INFO - Waypoint2: absolute coordinates(0.800, 0.000, 0.600, yaw=90.0°)
2025-09-05 17:37:02,591 - INFO - Flying to coordinate: (0.800, 0.000, 0.600)
2025-09-05 17:37:02,951 - INFO - Have successfully stopped logging for id=6
2025-09-05 17:37:03,046 - INFO - Position manager stopped
2025-09-05 17:37:03,047 - INFO - Stopping data collector...
2025-09-05 17:37:03,050 - INFO - Collection complete - stats: {'created': 1431, 'complete': 1431, 'merged': 0, 'dropped': 0}
2025-09-05 17:37:03,060 - INFO - Have successfully stopped logging for id=4
2025-09-05 17:37:03,064 - INFO - Have successfully stopped logging for id=5
2025-09-05 17:37:03,100 - INFO - Data saved: training_data/triangle_large_20250905_173703.json
2025-09-05 17:37:03,101 - INFO - States: 1431, Commands: 1062, Duration: 14.3s
2025-09-05 17:37:03,101 - INFO - Successfully saved 1431 state data points
2025-09-05 17:37:03,101 - INFO - Successfully saved 1062 control commands
2025-09-05 17:37:03,101 - INFO - Closing link
2025-09-05 17:37:03,102 - INFO - Callback->Disconnected from [radio://0/80/2M/E7E7E7E7E6]
2025-09-05 17:37:03,105 - INFO - User interrupted
