2025-09-04 13:11:41,511 - INFO - === Fixed continuous data collector ===
2025-09-04 13:11:41,511 - INFO - Mission: vertical_small
2025-09-04 13:11:41,511 - INFO - Waypoints (absolute coordinates): [(0, 0, 0.3), (0, 0, 0.6), (0, 0, 0.9), (0, 0, 0.6), (0, 0, 0.3)]
2025-09-04 13:11:41,512 - INFO - Callback->Connection initialized[radio://0/80/2M/E7E7E7E7E6]
2025-09-04 13:11:41,762 - INFO - We are connected[radio://0/80/2M/E7E7E7E7E6], request connection setup
2025-09-04 13:11:41,763 - INFO - Request _request_protocol_version()
2025-09-04 13:11:41,766 - INFO - Callback->Connected to [radio://0/80/2M/E7E7E7E7E6]
2025-09-04 13:11:41,772 - INFO - _crt_service_callback
2025-09-04 13:11:41,772 - INFO - Request protocol version
2025-09-04 13:11:41,776 - INFO - _platform_callback
2025-09-04 13:11:41,776 - INFO - Protocol version (platform): 9
2025-09-04 13:11:41,791 - INFO - TOC for port [5] found in cache
2025-09-04 13:11:41,791 - INFO - Log TOC finished updating
2025-09-04 13:11:41,794 - INFO - 6 memories found
2025-09-04 13:11:41,878 - INFO - Memories finished updating
2025-09-04 13:11:41,883 - INFO - TOC for port [2] found in cache
2025-09-04 13:11:42,401 - INFO - Param TOC finished updating
2025-09-04 13:11:42,401 - INFO - Callback->Connection setup finished [radio://0/80/2M/E7E7E7E7E6]
2025-09-04 13:11:42,402 - INFO - Connected: radio://0/80/2M/E7E7E7E7E6
2025-09-04 13:11:42,414 - INFO - Have successfully started logging for id=1
2025-09-04 13:11:42,511 - INFO - Battery: 3.80V (low)
2025-09-04 13:11:42,512 - ERROR - Battery voltage too low: 3.80V < 3.8V
2025-09-04 13:11:42,512 - INFO - Closing link
2025-09-04 13:11:42,516 - INFO - Have successfully stopped logging for id=1
2025-09-04 13:11:42,516 - INFO - Callback->Disconnected from [radio://0/80/2M/E7E7E7E7E6]
