2025-09-04 14:00:30,281 - INFO - === Fixed continuous data collector ===
2025-09-04 14:00:30,281 - INFO - Mission: vertical_med
2025-09-04 14:00:30,281 - INFO - Waypoints (absolute coordinates): [(0, 0, 0.4), (0, 0, 0.8), (0, 0, 0.4)]
2025-09-04 14:00:30,282 - INFO - Callback->Connection initialized[radio://0/80/2M/E7E7E7E7E6]
2025-09-04 14:00:30,531 - INFO - We are connected[radio://0/80/2M/E7E7E7E7E6], request connection setup
2025-09-04 14:00:30,531 - INFO - Request _request_protocol_version()
2025-09-04 14:00:30,533 - INFO - Callback->Connected to [radio://0/80/2M/E7E7E7E7E6]
2025-09-04 14:00:30,539 - INFO - _crt_service_callback
2025-09-04 14:00:30,539 - INFO - Request protocol version
2025-09-04 14:00:30,545 - INFO - _platform_callback
2025-09-04 14:00:30,545 - INFO - Protocol version (platform): 9
2025-09-04 14:00:30,556 - INFO - TOC for port [5] found in cache
2025-09-04 14:00:30,557 - INFO - Log TOC finished updating
2025-09-04 14:00:30,559 - INFO - 6 memories found
2025-09-04 14:00:30,638 - INFO - Memories finished updating
2025-09-04 14:00:30,646 - INFO - TOC for port [2] found in cache
2025-09-04 14:00:31,193 - INFO - Param TOC finished updating
2025-09-04 14:00:31,193 - INFO - Callback->Connection setup finished [radio://0/80/2M/E7E7E7E7E6]
2025-09-04 14:00:31,194 - INFO - Connected: radio://0/80/2M/E7E7E7E7E6
2025-09-04 14:00:31,207 - INFO - Have successfully started logging for id=1
2025-09-04 14:00:31,307 - INFO - Battery: 3.80V (safe)
2025-09-04 14:00:31,308 - INFO - Battery check passed: 3.80V
2025-09-04 14:00:31,308 - INFO - Initializing position estimator to origin...
2025-09-04 14:00:31,312 - INFO - Have successfully stopped logging for id=1
2025-09-04 14:00:31,313 - INFO - Have successfully deleted id=1
2025-09-04 14:00:32,598 - INFO - All parameters updated
2025-09-04 14:00:32,598 - INFO - Callback->Connection completed [radio://0/80/2M/E7E7E7E7E6]
2025-09-04 14:00:32,707 - INFO - Have successfully started logging for id=2
2025-09-04 14:00:39,703 - INFO - Waiting for position estimator...
2025-09-04 14:00:39,705 - INFO - Have successfully stopped logging for id=2
2025-09-04 14:00:39,706 - INFO - Have successfully deleted id=2
2025-09-04 14:00:39,711 - INFO - Have successfully started logging for id=3
2025-09-04 14:00:40,718 - INFO - Position estimator ready
2025-09-04 14:00:40,719 - INFO - Controller parameters optimized
2025-09-04 14:00:40,723 - INFO - Have successfully stopped logging for id=3
2025-09-04 14:00:40,724 - INFO - Have successfully deleted id=3
2025-09-04 14:00:43,084 - INFO - Start collection (slot:10ms)
2025-09-04 14:00:43,085 - INFO - Data collector started
2025-09-04 14:00:43,087 - INFO - Position manager started
2025-09-04 14:00:43,095 - INFO - Have successfully started logging for id=4
2025-09-04 14:00:43,097 - INFO - Have successfully started logging for id=5
2025-09-04 14:00:43,098 - INFO - Have successfully started logging for id=6
2025-09-04 14:00:43,187 - INFO - Position manager data flow is normal
2025-09-04 14:00:45,187 - INFO - Current position: (0.029, 0.044, 0.003, 89.9째)
2025-09-04 14:00:45,187 - INFO - Using absolute coordinate system, ignoring takeoff position offset
2025-09-04 14:00:46,188 - INFO - Pre-flight stabilization to first waypoint: (0.000, 0.000, 0.400)
2025-09-04 14:00:46,338 - INFO - Waypoint1: absolute coordinates(0.000, 0.000, 0.400, yaw=90.0째)
2025-09-04 14:00:46,338 - INFO - Flying to coordinate: (0.000, 0.000, 0.400)
2025-09-04 14:00:47,348 - INFO - Approaching target (error=0.149m), entering stabilization phase
2025-09-04 14:00:47,938 - INFO - Reached waypoint (error=0.048m, stable_count=30)
2025-09-04 14:00:48,538 - INFO - Waypoint2: absolute coordinates(0.000, 0.000, 0.800, yaw=90.0째)
2025-09-04 14:00:48,539 - INFO - Flying to coordinate: (0.000, 0.000, 0.800)
2025-09-04 14:00:49,049 - INFO - Approaching target (error=0.147m), entering stabilization phase
2025-09-04 14:00:49,739 - INFO - Reached waypoint (error=0.074m, stable_count=30)
2025-09-04 14:00:50,339 - INFO - Waypoint3: absolute coordinates(0.000, 0.000, 0.400, yaw=90.0째)
2025-09-04 14:00:50,339 - INFO - Flying to coordinate: (0.000, 0.000, 0.400)
2025-09-04 14:00:51,399 - INFO - Approaching target (error=0.143m), entering stabilization phase
2025-09-04 14:00:52,389 - INFO - Reached waypoint (error=0.059m, stable_count=30)
2025-09-04 14:00:52,989 - INFO - Returning to origin and landing...
2025-09-04 14:00:52,989 - INFO - Flying to coordinate: (0.000, 0.000, 0.200)
2025-09-04 14:00:53,400 - INFO - Approaching target (error=0.132m), entering stabilization phase
2025-09-04 14:00:53,930 - INFO - Reached waypoint (error=0.033m, stable_count=30)
2025-09-04 14:00:53,930 - INFO - Landing...
2025-09-04 14:00:53,930 - INFO - Landing complete
2025-09-04 14:00:53,935 - INFO - Have successfully stopped logging for id=6
2025-09-04 14:00:54,031 - INFO - Position manager stopped
2025-09-04 14:00:54,049 - INFO - Flight mission complete
2025-09-04 14:00:54,049 - INFO - Stopping data collector...
2025-09-04 14:00:54,053 - INFO - Collection complete - stats: {'created': 1094, 'complete': 1094, 'merged': 0, 'dropped': 0}
2025-09-04 14:00:54,071 - INFO - Have successfully stopped logging for id=4
2025-09-04 14:00:54,072 - INFO - Have successfully stopped logging for id=5
2025-09-04 14:00:54,091 - INFO - Data saved: training_data/vertical_med_20250904_140054.json
2025-09-04 14:00:54,091 - INFO - States: 1094, Commands: 624, Duration: 11.0s
2025-09-04 14:00:54,091 - INFO - Successfully saved 1094 state data points
2025-09-04 14:00:54,091 - INFO - Successfully saved 624 control commands
2025-09-04 14:00:54,091 - INFO - Closing link
2025-09-04 14:00:54,092 - INFO - Callback->Disconnected from [radio://0/80/2M/E7E7E7E7E6]
