2025-09-04 14:21:25,151 - INFO - === Fixed continuous data collector ===
2025-09-04 14:21:25,152 - INFO - Mission: vertical_med
2025-09-04 14:21:25,152 - INFO - Waypoints (absolute coordinates): [(0, 0, 0.4), (0, 0, 0.8), (0, 0, 0.4)]
2025-09-04 14:21:25,152 - INFO - Callback->Connection initialized[radio://0/80/2M/E7E7E7E7E6]
2025-09-04 14:21:25,401 - INFO - We are connected[radio://0/80/2M/E7E7E7E7E6], request connection setup
2025-09-04 14:21:25,402 - INFO - Request _request_protocol_version()
2025-09-04 14:21:25,405 - INFO - Callback->Connected to [radio://0/80/2M/E7E7E7E7E6]
2025-09-04 14:21:25,408 - INFO - _crt_service_callback
2025-09-04 14:21:25,408 - INFO - Request protocol version
2025-09-04 14:21:25,413 - INFO - _platform_callback
2025-09-04 14:21:25,413 - INFO - Protocol version (platform): 9
2025-09-04 14:21:25,425 - INFO - TOC for port [5] found in cache
2025-09-04 14:21:25,425 - INFO - Log TOC finished updating
2025-09-04 14:21:25,428 - INFO - 6 memories found
2025-09-04 14:21:25,513 - INFO - Memories finished updating
2025-09-04 14:21:25,519 - INFO - TOC for port [2] found in cache
2025-09-04 14:21:26,193 - INFO - Param TOC finished updating
2025-09-04 14:21:26,193 - INFO - Callback->Connection setup finished [radio://0/80/2M/E7E7E7E7E6]
2025-09-04 14:21:26,194 - INFO - Connected: radio://0/80/2M/E7E7E7E7E6
2025-09-04 14:21:26,204 - INFO - Have successfully started logging for id=1
2025-09-04 14:21:26,306 - INFO - Battery: 3.95V (safe)
2025-09-04 14:21:26,307 - INFO - Battery check passed: 3.95V
2025-09-04 14:21:26,308 - INFO - Initializing position estimator to origin...
2025-09-04 14:21:26,310 - INFO - Have successfully stopped logging for id=1
2025-09-04 14:21:26,311 - INFO - Have successfully deleted id=1
2025-09-04 14:21:27,741 - INFO - All parameters updated
2025-09-04 14:21:27,741 - INFO - Callback->Connection completed [radio://0/80/2M/E7E7E7E7E6]
2025-09-04 14:21:27,850 - INFO - Have successfully started logging for id=2
2025-09-04 14:21:34,350 - INFO - Waiting for position estimator...
2025-09-04 14:21:34,352 - INFO - Have successfully stopped logging for id=2
2025-09-04 14:21:34,354 - INFO - Have successfully deleted id=2
2025-09-04 14:21:34,361 - INFO - Have successfully started logging for id=3
2025-09-04 14:21:35,360 - INFO - Position estimator ready
2025-09-04 14:21:35,360 - INFO - Controller parameters optimized
2025-09-04 14:21:35,364 - INFO - Have successfully stopped logging for id=3
2025-09-04 14:21:35,365 - INFO - Have successfully deleted id=3
2025-09-04 14:21:46,377 - INFO - Start collection (slot:10ms)
2025-09-04 14:21:46,378 - INFO - Data collector started
2025-09-04 14:21:46,379 - INFO - Position manager started
2025-09-04 14:21:46,390 - INFO - Have successfully started logging for id=4
2025-09-04 14:21:46,393 - INFO - Have successfully started logging for id=5
2025-09-04 14:21:46,394 - INFO - Have successfully started logging for id=6
2025-09-04 14:21:46,479 - INFO - Position manager data flow is normal
2025-09-04 14:21:48,480 - INFO - Current position: (0.028, 0.044, 0.001, 89.8째)
2025-09-04 14:21:48,480 - INFO - Using absolute coordinate system, ignoring takeoff position offset
2025-09-04 14:21:49,480 - INFO - Pre-flight stabilization to first waypoint: (0.000, 0.000, 0.400)
2025-09-04 14:21:49,630 - INFO - Waypoint1: absolute coordinates(0.000, 0.000, 0.400, yaw=90.0째)
2025-09-04 14:21:49,630 - INFO - Flying to coordinate: (0.000, 0.000, 0.400)
2025-09-04 14:21:50,690 - INFO - Approaching target (error=0.147m), entering stabilization phase
2025-09-04 14:21:51,330 - INFO - Reached waypoint (error=0.042m, stable_count=30)
2025-09-04 14:21:51,930 - INFO - Waypoint2: absolute coordinates(0.000, 0.000, 0.800, yaw=90.0째)
2025-09-04 14:21:51,930 - INFO - Flying to coordinate: (0.000, 0.000, 0.800)
2025-09-04 14:21:52,490 - INFO - Approaching target (error=0.130m), entering stabilization phase
2025-09-04 14:21:53,030 - INFO - Reached waypoint (error=0.080m, stable_count=30)
2025-09-04 14:21:53,632 - INFO - Waypoint3: absolute coordinates(0.000, 0.000, 0.400, yaw=90.0째)
2025-09-04 14:21:53,632 - INFO - Flying to coordinate: (0.000, 0.000, 0.400)
2025-09-04 14:21:54,692 - INFO - Approaching target (error=0.142m), entering stabilization phase
2025-09-04 14:21:55,432 - INFO - Reached waypoint (error=0.043m, stable_count=30)
2025-09-04 14:21:56,032 - INFO - Returning to origin and landing...
2025-09-04 14:21:56,032 - INFO - Flying to coordinate: (0.000, 0.000, 0.200)
2025-09-04 14:21:56,493 - INFO - Approaching target (error=0.133m), entering stabilization phase
2025-09-04 14:21:56,933 - INFO - Reached waypoint (error=0.053m, stable_count=30)
2025-09-04 14:21:56,933 - INFO - Landing...
2025-09-04 14:21:56,933 - INFO - Landing complete
2025-09-04 14:21:56,939 - INFO - Have successfully stopped logging for id=6
2025-09-04 14:21:57,034 - INFO - Position manager stopped
2025-09-04 14:21:57,036 - INFO - Flight mission complete
2025-09-04 14:21:57,036 - INFO - Stopping data collector...
2025-09-04 14:21:57,038 - INFO - Collection complete - stats: {'created': 1065, 'complete': 1065, 'merged': 0, 'dropped': 0}
2025-09-04 14:21:57,048 - INFO - Have successfully stopped logging for id=4
2025-09-04 14:21:57,050 - INFO - Have successfully stopped logging for id=5
2025-09-04 14:21:57,076 - INFO - Data saved: training_data/vertical_med_20250904_142157.json
2025-09-04 14:21:57,076 - INFO - States: 1065, Commands: 596, Duration: 10.7s
2025-09-04 14:21:57,076 - INFO - Successfully saved 1065 state data points
2025-09-04 14:21:57,076 - INFO - Successfully saved 596 control commands
2025-09-04 14:21:57,076 - INFO - Closing link
2025-09-04 14:21:57,077 - INFO - Callback->Disconnected from [radio://0/80/2M/E7E7E7E7E6]
