2025-09-05 16:09:07,843 - INFO - === Fixed continuous data collector ===
2025-09-05 16:09:07,843 - INFO - Mission: triangle_small
2025-09-05 16:09:07,843 - INFO - Waypoints (absolute coordinates): [(0, 0, 0.6), (0.4, 0, 0.6), (0.2, 0.4, 0.6), (0, 0, 0.6)]
2025-09-05 16:09:07,843 - INFO - Callback->Connection initialized[radio://0/80/2M/E7E7E7E7E6]
2025-09-05 16:09:08,093 - INFO - We are connected[radio://0/80/2M/E7E7E7E7E6], request connection setup
2025-09-05 16:09:08,093 - INFO - Request _request_protocol_version()
2025-09-05 16:09:08,095 - INFO - Callback->Connected to [radio://0/80/2M/E7E7E7E7E6]
2025-09-05 16:09:08,098 - INFO - _crt_service_callback
2025-09-05 16:09:08,099 - INFO - Request protocol version
2025-09-05 16:09:08,104 - INFO - _platform_callback
2025-09-05 16:09:08,104 - INFO - Protocol version (platform): 9
2025-09-05 16:09:08,116 - INFO - TOC for port [5] found in cache
2025-09-05 16:09:08,116 - INFO - Log TOC finished updating
2025-09-05 16:09:08,118 - INFO - 6 memories found
2025-09-05 16:09:08,202 - INFO - Memories finished updating
2025-09-05 16:09:08,207 - INFO - TOC for port [2] found in cache
2025-09-05 16:09:08,666 - INFO - Param TOC finished updating
2025-09-05 16:09:08,666 - INFO - Callback->Connection setup finished [radio://0/80/2M/E7E7E7E7E6]
2025-09-05 16:09:08,667 - INFO - Connected: radio://0/80/2M/E7E7E7E7E6
2025-09-05 16:09:08,678 - INFO - Have successfully started logging for id=1
2025-09-05 16:09:08,777 - INFO - Battery: 4.08V (safe)
2025-09-05 16:09:08,777 - INFO - Battery check passed: 4.08V
2025-09-05 16:09:08,778 - INFO - Initializing position estimator to origin...
2025-09-05 16:09:08,780 - INFO - Have successfully stopped logging for id=1
2025-09-05 16:09:08,782 - INFO - Have successfully deleted id=1
2025-09-05 16:09:09,874 - INFO - All parameters updated
2025-09-05 16:09:09,874 - INFO - Callback->Connection completed [radio://0/80/2M/E7E7E7E7E6]
2025-09-05 16:09:09,984 - INFO - Have successfully started logging for id=2
2025-09-05 16:09:16,482 - INFO - Waiting for position estimator...
2025-09-05 16:09:16,484 - INFO - Have successfully stopped logging for id=2
2025-09-05 16:09:16,485 - INFO - Have successfully deleted id=2
2025-09-05 16:09:16,490 - INFO - Have successfully started logging for id=3
2025-09-05 16:09:17,490 - INFO - Position estimator ready
2025-09-05 16:09:17,491 - INFO - Controller parameters optimized
2025-09-05 16:09:17,493 - INFO - Have successfully stopped logging for id=3
2025-09-05 16:09:17,494 - INFO - Have successfully deleted id=3
2025-09-05 16:09:19,962 - INFO - Start collection (slot:10ms)
2025-09-05 16:09:19,962 - INFO - Data collector started
2025-09-05 16:09:19,963 - INFO - Position manager started
2025-09-05 16:09:19,970 - INFO - Have successfully started logging for id=4
2025-09-05 16:09:19,970 - INFO - Have successfully started logging for id=5
2025-09-05 16:09:19,972 - INFO - Have successfully started logging for id=6
2025-09-05 16:09:20,064 - INFO - Position manager data flow is normal
2025-09-05 16:09:22,064 - INFO - Current position: (-0.015, 0.027, 0.005, 90.0°)
2025-09-05 16:09:22,064 - INFO - Using absolute coordinate system, ignoring takeoff position offset
2025-09-05 16:09:23,064 - INFO - Pre-flight stabilization to first waypoint: (0.000, 0.000, 0.600)
2025-09-05 16:09:23,214 - INFO - Waypoint1: absolute coordinates(0.000, 0.000, 0.600, yaw=90.0°)
2025-09-05 16:09:23,214 - INFO - Flying to coordinate: (0.000, 0.000, 0.600)
2025-09-05 16:09:24,225 - INFO - Approaching target (error=0.147m), entering stabilization phase
2025-09-05 16:09:24,715 - INFO - Reached waypoint (error=0.014m, stable_count=30)
2025-09-05 16:09:25,315 - INFO - Waypoint2: absolute coordinates(0.400, 0.000, 0.600, yaw=90.0°)
2025-09-05 16:09:25,315 - INFO - Flying to coordinate: (0.400, 0.000, 0.600)
2025-09-05 16:09:26,075 - INFO - Approaching target (error=0.137m), entering stabilization phase
2025-09-05 16:09:29,065 - INFO - Reached waypoint (error=0.055m, stable_count=30)
2025-09-05 16:09:29,666 - INFO - Waypoint3: absolute coordinates(0.200, 0.400, 0.600, yaw=90.0°)
2025-09-05 16:09:29,666 - INFO - Flying to coordinate: (0.200, 0.400, 0.600)
2025-09-05 16:09:30,267 - INFO - Approaching target (error=0.147m), entering stabilization phase
2025-09-05 16:09:30,707 - INFO - Reached waypoint (error=0.043m, stable_count=30)
2025-09-05 16:09:31,307 - INFO - Waypoint4: absolute coordinates(0.000, 0.000, 0.600, yaw=90.0°)
2025-09-05 16:09:31,307 - INFO - Flying to coordinate: (0.000, 0.000, 0.600)
2025-09-05 16:09:33,027 - INFO - Approaching target (error=0.148m), entering stabilization phase
2025-09-05 16:09:33,607 - INFO - Reached waypoint (error=0.034m, stable_count=30)
2025-09-05 16:09:34,207 - INFO - Returning to origin and landing...
2025-09-05 16:09:34,207 - INFO - Flying to coordinate: (0.000, 0.000, 0.200)
2025-09-05 16:09:34,917 - INFO - Approaching target (error=0.139m), entering stabilization phase
2025-09-05 16:09:36,857 - INFO - Reached waypoint (error=0.064m, stable_count=30)
2025-09-05 16:09:36,858 - INFO - Landing...
2025-09-05 16:09:36,860 - INFO - Landing complete
2025-09-05 16:09:36,866 - INFO - Have successfully stopped logging for id=6
2025-09-05 16:09:36,962 - INFO - Position manager stopped
2025-09-05 16:09:36,963 - INFO - Flight mission complete
2025-09-05 16:09:36,963 - INFO - Stopping data collector...
2025-09-05 16:09:36,966 - INFO - Collection complete - stats: {'created': 1700, 'complete': 1700, 'merged': 0, 'dropped': 0}
2025-09-05 16:09:36,975 - INFO - Have successfully stopped logging for id=4
2025-09-05 16:09:36,976 - INFO - Have successfully stopped logging for id=5
2025-09-05 16:09:37,026 - INFO - Data saved: training_data/triangle_small_20250905_160936.json
2025-09-05 16:09:37,026 - INFO - States: 1700, Commands: 1180, Duration: 17.0s
2025-09-05 16:09:37,027 - INFO - Successfully saved 1700 state data points
2025-09-05 16:09:37,027 - INFO - Successfully saved 1180 control commands
2025-09-05 16:09:37,027 - INFO - Closing link
2025-09-05 16:09:37,027 - INFO - Callback->Disconnected from [radio://0/80/2M/E7E7E7E7E6]
