2025-09-05 17:11:54,491 - INFO - === Fixed continuous data collector ===
2025-09-05 17:11:54,491 - INFO - Mission: triangle_large
2025-09-05 17:11:54,491 - INFO - Waypoints (absolute coordinates): [(0, 0, 0.6), (0.8, 0, 0.6), (0.4, 0.6, 0.6), (0, 0, 0.6)]
2025-09-05 17:11:54,492 - INFO - Callback->Connection initialized[radio://0/80/2M/E7E7E7E7E6]
2025-09-05 17:11:54,742 - INFO - We are connected[radio://0/80/2M/E7E7E7E7E6], request connection setup
2025-09-05 17:11:54,742 - INFO - Request _request_protocol_version()
2025-09-05 17:11:54,745 - INFO - Callback->Connected to [radio://0/80/2M/E7E7E7E7E6]
2025-09-05 17:11:54,749 - INFO - _crt_service_callback
2025-09-05 17:11:54,749 - INFO - Request protocol version
2025-09-05 17:11:54,754 - INFO - _platform_callback
2025-09-05 17:11:54,754 - INFO - Protocol version (platform): 9
2025-09-05 17:11:54,766 - INFO - TOC for port [5] found in cache
2025-09-05 17:11:54,766 - INFO - Log TOC finished updating
2025-09-05 17:11:54,770 - INFO - 6 memories found
2025-09-05 17:11:54,845 - INFO - Memories finished updating
2025-09-05 17:11:54,850 - INFO - TOC for port [2] found in cache
2025-09-05 17:11:55,265 - INFO - Param TOC finished updating
2025-09-05 17:11:55,265 - INFO - Callback->Connection setup finished [radio://0/80/2M/E7E7E7E7E6]
2025-09-05 17:11:55,266 - INFO - Connected: radio://0/80/2M/E7E7E7E7E6
2025-09-05 17:11:55,274 - INFO - Have successfully started logging for id=1
2025-09-05 17:11:55,375 - INFO - Battery: 4.06V (safe)
2025-09-05 17:11:55,377 - INFO - Battery check passed: 4.06V
2025-09-05 17:11:55,377 - INFO - Initializing position estimator to origin...
2025-09-05 17:11:55,379 - INFO - Have successfully stopped logging for id=1
2025-09-05 17:11:55,380 - INFO - Have successfully deleted id=1
2025-09-05 17:11:56,321 - INFO - All parameters updated
2025-09-05 17:11:56,322 - INFO - Callback->Connection completed [radio://0/80/2M/E7E7E7E7E6]
2025-09-05 17:11:56,429 - INFO - Have successfully started logging for id=2
2025-09-05 17:12:02,925 - INFO - Waiting for position estimator...
2025-09-05 17:12:02,928 - INFO - Have successfully stopped logging for id=2
2025-09-05 17:12:02,929 - INFO - Have successfully deleted id=2
2025-09-05 17:12:02,934 - INFO - Have successfully started logging for id=3
2025-09-05 17:12:03,935 - INFO - Position estimator ready
2025-09-05 17:12:03,935 - INFO - Controller parameters optimized
2025-09-05 17:12:03,938 - INFO - Have successfully stopped logging for id=3
2025-09-05 17:12:03,939 - INFO - Have successfully deleted id=3
2025-09-05 17:12:06,507 - INFO - Start collection (slot:10ms)
2025-09-05 17:12:06,507 - INFO - Data collector started
2025-09-05 17:12:06,508 - INFO - Position manager started
2025-09-05 17:12:06,515 - INFO - Have successfully started logging for id=4
2025-09-05 17:12:06,516 - INFO - Have successfully started logging for id=5
2025-09-05 17:12:06,517 - INFO - Have successfully started logging for id=6
2025-09-05 17:12:06,609 - INFO - Position manager data flow is normal
2025-09-05 17:12:08,609 - INFO - Current position: (-0.021, -0.018, 0.026, 89.7°)
2025-09-05 17:12:08,609 - INFO - Using absolute coordinate system, ignoring takeoff position offset
2025-09-05 17:12:09,609 - INFO - Pre-flight stabilization to first waypoint: (0.000, 0.000, 0.600)
2025-09-05 17:12:09,759 - INFO - Waypoint1: absolute coordinates(0.000, 0.000, 0.600, yaw=90.0°)
2025-09-05 17:12:09,760 - INFO - Flying to coordinate: (0.000, 0.000, 0.600)
2025-09-05 17:12:10,770 - INFO - Approaching target (error=0.134m), entering stabilization phase
2025-09-05 17:12:11,260 - INFO - Reached waypoint (error=0.025m, stable_count=30)
2025-09-05 17:12:11,860 - INFO - Waypoint2: absolute coordinates(0.800, 0.000, 0.600, yaw=90.0°)
2025-09-05 17:12:11,860 - INFO - Flying to coordinate: (0.800, 0.000, 0.600)
2025-09-05 17:12:12,920 - INFO - Approaching target (error=0.150m), entering stabilization phase
2025-09-05 17:12:14,660 - INFO - Reached waypoint (error=0.032m, stable_count=30)
2025-09-05 17:12:15,261 - INFO - Waypoint3: absolute coordinates(0.400, 0.600, 0.600, yaw=90.0°)
2025-09-05 17:12:15,261 - INFO - Flying to coordinate: (0.400, 0.600, 0.600)
2025-09-05 17:12:16,021 - INFO - Approaching target (error=0.144m), entering stabilization phase
2025-09-05 17:12:17,951 - INFO - Reached waypoint (error=0.034m, stable_count=30)
2025-09-05 17:12:18,551 - INFO - Waypoint4: absolute coordinates(0.000, 0.000, 0.600, yaw=90.0°)
2025-09-05 17:12:18,551 - INFO - Flying to coordinate: (0.000, 0.000, 0.600)
2025-09-05 17:12:19,311 - INFO - Approaching target (error=0.145m), entering stabilization phase
2025-09-05 17:12:20,901 - INFO - Reached waypoint (error=0.047m, stable_count=30)
2025-09-05 17:12:21,501 - INFO - Returning to origin and landing...
2025-09-05 17:12:21,502 - INFO - Flying to coordinate: (0.000, 0.000, 0.200)
2025-09-05 17:12:22,362 - INFO - Approaching target (error=0.146m), entering stabilization phase
2025-09-05 17:12:23,452 - INFO - Reached waypoint (error=0.070m, stable_count=30)
2025-09-05 17:12:23,452 - INFO - Landing...
2025-09-05 17:12:23,453 - INFO - Landing complete
2025-09-05 17:12:23,458 - INFO - Have successfully stopped logging for id=6
2025-09-05 17:12:23,554 - INFO - Position manager stopped
2025-09-05 17:12:23,555 - INFO - Flight mission complete
2025-09-05 17:12:23,555 - INFO - Stopping data collector...
2025-09-05 17:12:23,557 - INFO - Collection complete - stats: {'created': 1705, 'complete': 1705, 'merged': 0, 'dropped': 0}
2025-09-05 17:12:23,564 - INFO - Have successfully stopped logging for id=4
2025-09-05 17:12:23,566 - INFO - Have successfully stopped logging for id=5
2025-09-05 17:12:23,619 - INFO - Data saved: training_data/triangle_large_20250905_171223.json
2025-09-05 17:12:23,619 - INFO - States: 1705, Commands: 1184, Duration: 17.0s
2025-09-05 17:12:23,620 - INFO - Successfully saved 1705 state data points
2025-09-05 17:12:23,620 - INFO - Successfully saved 1184 control commands
2025-09-05 17:12:23,620 - INFO - Closing link
2025-09-05 17:12:23,620 - INFO - Callback->Disconnected from [radio://0/80/2M/E7E7E7E7E6]
