2025-09-04 15:52:40,346 - INFO - === Fixed continuous data collector ===
2025-09-04 15:52:40,347 - INFO - Mission: vertical_large
2025-09-04 15:52:40,347 - INFO - Waypoints (absolute coordinates): [(0, 0, 0.5), (0, 0, 1.0), (0, 0, 0.5)]
2025-09-04 15:52:40,347 - INFO - Callback->Connection initialized[radio://0/80/2M/E7E7E7E7E6]
2025-09-04 15:52:40,599 - INFO - We are connected[radio://0/80/2M/E7E7E7E7E6], request connection setup
2025-09-04 15:52:40,599 - INFO - Request _request_protocol_version()
2025-09-04 15:52:40,601 - INFO - Callback->Connected to [radio://0/80/2M/E7E7E7E7E6]
2025-09-04 15:52:40,604 - INFO - _crt_service_callback
2025-09-04 15:52:40,604 - INFO - Request protocol version
2025-09-04 15:52:40,607 - INFO - _platform_callback
2025-09-04 15:52:40,607 - INFO - Protocol version (platform): 9
2025-09-04 15:52:40,619 - INFO - TOC for port [5] found in cache
2025-09-04 15:52:40,620 - INFO - Log TOC finished updating
2025-09-04 15:52:40,622 - INFO - 6 memories found
2025-09-04 15:52:40,697 - INFO - Memories finished updating
2025-09-04 15:52:40,703 - INFO - TOC for port [2] found in cache
2025-09-04 15:52:41,221 - INFO - Param TOC finished updating
2025-09-04 15:52:41,221 - INFO - Callback->Connection setup finished [radio://0/80/2M/E7E7E7E7E6]
2025-09-04 15:52:41,222 - INFO - Connected: radio://0/80/2M/E7E7E7E7E6
2025-09-04 15:52:41,236 - INFO - Have successfully started logging for id=1
2025-09-04 15:52:41,341 - INFO - Battery: 3.78V (low)
2025-09-04 15:52:41,342 - ERROR - Battery voltage too low: 3.78V < 3.8V
2025-09-04 15:52:41,342 - INFO - Closing link
2025-09-04 15:52:41,345 - INFO - Callback->Disconnected from [radio://0/80/2M/E7E7E7E7E6]
