2025-09-04 14:53:49,963 - INFO - === Fixed continuous data collector ===
2025-09-04 14:53:49,963 - INFO - Mission: vertical_med
2025-09-04 14:53:49,963 - INFO - Waypoints (absolute coordinates): [(0, 0, 0.4), (0, 0, 0.8), (0, 0, 0.4)]
2025-09-04 14:53:49,964 - INFO - Callback->Connection initialized[radio://0/80/2M/E7E7E7E7E6]
2025-09-04 14:53:50,214 - INFO - We are connected[radio://0/80/2M/E7E7E7E7E6], request connection setup
2025-09-04 14:53:50,215 - INFO - Request _request_protocol_version()
2025-09-04 14:53:50,218 - INFO - Callback->Connected to [radio://0/80/2M/E7E7E7E7E6]
2025-09-04 14:53:50,222 - INFO - _crt_service_callback
2025-09-04 14:53:50,222 - INFO - Request protocol version
2025-09-04 14:53:50,226 - INFO - _platform_callback
2025-09-04 14:53:50,226 - INFO - Protocol version (platform): 9
2025-09-04 14:53:50,239 - INFO - TOC for port [5] found in cache
2025-09-04 14:53:50,239 - INFO - Log TOC finished updating
2025-09-04 14:53:50,245 - INFO - 6 memories found
2025-09-04 14:53:50,325 - INFO - Memories finished updating
2025-09-04 14:53:50,331 - INFO - TOC for port [2] found in cache
2025-09-04 14:53:50,862 - INFO - Param TOC finished updating
2025-09-04 14:53:50,862 - INFO - Callback->Connection setup finished [radio://0/80/2M/E7E7E7E7E6]
2025-09-04 14:53:50,863 - INFO - Connected: radio://0/80/2M/E7E7E7E7E6
2025-09-04 14:53:50,874 - INFO - Have successfully started logging for id=1
2025-09-04 14:53:50,975 - INFO - Battery: 4.06V (safe)
2025-09-04 14:53:50,975 - INFO - Battery check passed: 4.06V
2025-09-04 14:53:50,975 - INFO - Initializing position estimator to origin...
2025-09-04 14:53:50,978 - INFO - Have successfully stopped logging for id=1
2025-09-04 14:53:50,980 - INFO - Have successfully deleted id=1
2025-09-04 14:53:52,250 - INFO - All parameters updated
2025-09-04 14:53:52,250 - INFO - Callback->Connection completed [radio://0/80/2M/E7E7E7E7E6]
2025-09-04 14:53:52,360 - INFO - Have successfully started logging for id=2
2025-09-04 14:53:58,854 - INFO - Waiting for position estimator...
2025-09-04 14:53:58,857 - INFO - Have successfully stopped logging for id=2
2025-09-04 14:53:58,859 - INFO - Have successfully deleted id=2
2025-09-04 14:53:58,865 - INFO - Have successfully started logging for id=3
2025-09-04 14:53:59,863 - INFO - Position estimator ready
2025-09-04 14:53:59,864 - INFO - Controller parameters optimized
2025-09-04 14:53:59,867 - INFO - Have successfully stopped logging for id=3
2025-09-04 14:53:59,868 - INFO - Have successfully deleted id=3
2025-09-04 14:54:03,663 - INFO - Start collection (slot:10ms)
2025-09-04 14:54:03,664 - INFO - Data collector started
2025-09-04 14:54:03,665 - INFO - Position manager started
2025-09-04 14:54:03,673 - INFO - Have successfully started logging for id=4
2025-09-04 14:54:03,678 - INFO - Have successfully started logging for id=5
2025-09-04 14:54:03,679 - INFO - Have successfully started logging for id=6
2025-09-04 14:54:03,765 - INFO - Position manager data flow is normal
2025-09-04 14:54:05,766 - INFO - Current position: (0.030, 0.067, -0.061, 90.7째)
2025-09-04 14:54:05,766 - INFO - Using absolute coordinate system, ignoring takeoff position offset
2025-09-04 14:54:06,766 - INFO - Pre-flight stabilization to first waypoint: (0.000, 0.000, 0.400)
2025-09-04 14:54:06,917 - INFO - Waypoint1: absolute coordinates(0.000, 0.000, 0.400, yaw=90.0째)
2025-09-04 14:54:06,917 - INFO - Flying to coordinate: (0.000, 0.000, 0.400)
2025-09-04 14:54:07,827 - INFO - Approaching target (error=0.148m), entering stabilization phase
2025-09-04 14:54:08,317 - INFO - Reached waypoint (error=0.052m, stable_count=30)
2025-09-04 14:54:08,918 - INFO - Waypoint2: absolute coordinates(0.000, 0.000, 0.800, yaw=90.0째)
2025-09-04 14:54:08,918 - INFO - Flying to coordinate: (0.000, 0.000, 0.800)
2025-09-04 14:54:09,378 - INFO - Approaching target (error=0.125m), entering stabilization phase
2025-09-04 14:54:12,318 - INFO - Reached waypoint (error=0.076m, stable_count=30)
2025-09-04 14:54:12,918 - INFO - Waypoint3: absolute coordinates(0.000, 0.000, 0.400, yaw=90.0째)
2025-09-04 14:54:12,919 - INFO - Flying to coordinate: (0.000, 0.000, 0.400)
2025-09-04 14:54:13,829 - INFO - Approaching target (error=0.136m), entering stabilization phase
2025-09-04 14:54:14,459 - INFO - Reached waypoint (error=0.047m, stable_count=30)
2025-09-04 14:54:15,060 - INFO - Returning to origin and landing...
2025-09-04 14:54:15,060 - INFO - Flying to coordinate: (0.000, 0.000, 0.200)
2025-09-04 14:54:15,420 - INFO - Approaching target (error=0.149m), entering stabilization phase
2025-09-04 14:54:16,011 - INFO - Reached waypoint (error=0.055m, stable_count=30)
2025-09-04 14:54:16,011 - INFO - Landing...
2025-09-04 14:54:16,013 - INFO - Landing complete
2025-09-04 14:54:16,019 - INFO - Have successfully stopped logging for id=6
2025-09-04 14:54:16,114 - INFO - Position manager stopped
2025-09-04 14:54:16,117 - INFO - Flight mission complete
2025-09-04 14:54:16,117 - INFO - Stopping data collector...
2025-09-04 14:54:16,119 - INFO - Collection complete - stats: {'created': 1245, 'complete': 1245, 'merged': 0, 'dropped': 0}
2025-09-04 14:54:16,127 - INFO - Have successfully stopped logging for id=4
2025-09-04 14:54:16,132 - INFO - Have successfully stopped logging for id=5
2025-09-04 14:54:16,163 - INFO - Data saved: training_data/vertical_med_20250904_145416.json
2025-09-04 14:54:16,163 - INFO - States: 1245, Commands: 776, Duration: 12.5s
2025-09-04 14:54:16,163 - INFO - Successfully saved 1245 state data points
2025-09-04 14:54:16,163 - INFO - Successfully saved 776 control commands
2025-09-04 14:54:16,163 - INFO - Closing link
2025-09-04 14:54:16,164 - INFO - Callback->Disconnected from [radio://0/80/2M/E7E7E7E7E6]
