2025-09-05 16:42:04,931 - INFO - === Fixed continuous data collector ===
2025-09-05 16:42:04,931 - INFO - Mission: triangle_med
2025-09-05 16:42:04,931 - INFO - Waypoints (absolute coordinates): [(0, 0, 0.6), (0.5, 0, 0.6), (0.25, 0.5, 0.6), (0, 0, 0.6)]
2025-09-05 16:42:04,932 - INFO - Callback->Connection initialized[radio://0/80/2M/E7E7E7E7E6]
2025-09-05 16:42:05,182 - INFO - We are connected[radio://0/80/2M/E7E7E7E7E6], request connection setup
2025-09-05 16:42:05,182 - INFO - Request _request_protocol_version()
2025-09-05 16:42:05,184 - INFO - Callback->Connected to [radio://0/80/2M/E7E7E7E7E6]
2025-09-05 16:42:05,187 - INFO - _crt_service_callback
2025-09-05 16:42:05,187 - INFO - Request protocol version
2025-09-05 16:42:05,190 - INFO - _platform_callback
2025-09-05 16:42:05,191 - INFO - Protocol version (platform): 9
2025-09-05 16:42:05,201 - INFO - TOC for port [5] found in cache
2025-09-05 16:42:05,201 - INFO - Log TOC finished updating
2025-09-05 16:42:05,206 - INFO - 6 memories found
2025-09-05 16:42:05,282 - INFO - Memories finished updating
2025-09-05 16:42:05,287 - INFO - TOC for port [2] found in cache
2025-09-05 16:42:05,746 - INFO - Param TOC finished updating
2025-09-05 16:42:05,746 - INFO - Callback->Connection setup finished [radio://0/80/2M/E7E7E7E7E6]
2025-09-05 16:42:05,747 - INFO - Connected: radio://0/80/2M/E7E7E7E7E6
2025-09-05 16:42:05,757 - INFO - Have successfully started logging for id=1
2025-09-05 16:42:05,859 - INFO - Battery: 4.03V (safe)
2025-09-05 16:42:05,859 - INFO - Battery check passed: 4.03V
2025-09-05 16:42:05,860 - INFO - Initializing position estimator to origin...
2025-09-05 16:42:05,862 - INFO - Have successfully stopped logging for id=1
2025-09-05 16:42:05,863 - INFO - Have successfully deleted id=1
2025-09-05 16:42:07,031 - INFO - All parameters updated
2025-09-05 16:42:07,031 - INFO - Callback->Connection completed [radio://0/80/2M/E7E7E7E7E6]
2025-09-05 16:42:07,141 - INFO - Have successfully started logging for id=2
2025-09-05 16:42:13,635 - INFO - Waiting for position estimator...
2025-09-05 16:42:13,640 - INFO - Have successfully stopped logging for id=2
2025-09-05 16:42:13,641 - INFO - Have successfully deleted id=2
2025-09-05 16:42:13,646 - INFO - Have successfully started logging for id=3
2025-09-05 16:42:14,644 - INFO - Position estimator ready
2025-09-05 16:42:14,645 - INFO - Controller parameters optimized
2025-09-05 16:42:14,648 - INFO - Have successfully stopped logging for id=3
2025-09-05 16:42:14,649 - INFO - Have successfully deleted id=3
2025-09-05 16:42:18,979 - INFO - Start collection (slot:10ms)
2025-09-05 16:42:18,980 - INFO - Data collector started
2025-09-05 16:42:18,982 - INFO - Position manager started
2025-09-05 16:42:18,989 - INFO - Have successfully started logging for id=4
2025-09-05 16:42:18,990 - INFO - Have successfully started logging for id=5
2025-09-05 16:42:18,991 - INFO - Have successfully started logging for id=6
2025-09-05 16:42:19,082 - INFO - Position manager data flow is normal
2025-09-05 16:42:21,082 - INFO - Current position: (-0.007, 0.015, 0.031, 89.9°)
2025-09-05 16:42:21,082 - INFO - Using absolute coordinate system, ignoring takeoff position offset
2025-09-05 16:42:22,082 - INFO - Pre-flight stabilization to first waypoint: (0.000, 0.000, 0.600)
2025-09-05 16:42:22,232 - INFO - Waypoint1: absolute coordinates(0.000, 0.000, 0.600, yaw=90.0°)
2025-09-05 16:42:22,232 - INFO - Flying to coordinate: (0.000, 0.000, 0.600)
2025-09-05 16:42:23,293 - INFO - Approaching target (error=0.139m), entering stabilization phase
2025-09-05 16:42:23,783 - INFO - Reached waypoint (error=0.020m, stable_count=30)
2025-09-05 16:42:24,383 - INFO - Waypoint2: absolute coordinates(0.500, 0.000, 0.600, yaw=90.0°)
2025-09-05 16:42:24,383 - INFO - Flying to coordinate: (0.500, 0.000, 0.600)
2025-09-05 16:42:25,143 - INFO - Approaching target (error=0.131m), entering stabilization phase
2025-09-05 16:42:27,533 - INFO - Reached waypoint (error=0.066m, stable_count=30)
2025-09-05 16:42:28,133 - INFO - Waypoint3: absolute coordinates(0.250, 0.500, 0.600, yaw=90.0°)
2025-09-05 16:42:28,134 - INFO - Flying to coordinate: (0.250, 0.500, 0.600)
2025-09-05 16:42:28,844 - INFO - Approaching target (error=0.115m), entering stabilization phase
2025-09-05 16:42:29,184 - INFO - Reached waypoint (error=0.070m, stable_count=30)
2025-09-05 16:42:29,784 - INFO - Waypoint4: absolute coordinates(0.000, 0.000, 0.600, yaw=90.0°)
2025-09-05 16:42:29,784 - INFO - Flying to coordinate: (0.000, 0.000, 0.600)
2025-09-05 16:42:30,834 - INFO - Approaching target (error=0.138m), entering stabilization phase
2025-09-05 16:42:32,374 - INFO - Reached waypoint (error=0.057m, stable_count=30)
2025-09-05 16:42:32,974 - INFO - Returning to origin and landing...
2025-09-05 16:42:32,974 - INFO - Flying to coordinate: (0.000, 0.000, 0.200)
2025-09-05 16:42:33,684 - INFO - Approaching target (error=0.146m), entering stabilization phase
2025-09-05 16:42:34,424 - INFO - Reached waypoint (error=0.053m, stable_count=30)
2025-09-05 16:42:34,424 - INFO - Landing...
2025-09-05 16:42:34,426 - INFO - Landing complete
2025-09-05 16:42:34,431 - INFO - Have successfully stopped logging for id=6
2025-09-05 16:42:34,527 - INFO - Position manager stopped
2025-09-05 16:42:34,528 - INFO - Flight mission complete
2025-09-05 16:42:34,528 - INFO - Stopping data collector...
2025-09-05 16:42:34,530 - INFO - Collection complete - stats: {'created': 1555, 'complete': 1555, 'merged': 0, 'dropped': 0}
2025-09-05 16:42:34,536 - INFO - Have successfully stopped logging for id=4
2025-09-05 16:42:34,540 - INFO - Have successfully stopped logging for id=5
2025-09-05 16:42:34,585 - INFO - Data saved: training_data/triangle_med_20250905_164234.json
2025-09-05 16:42:34,585 - INFO - States: 1555, Commands: 1034, Duration: 15.5s
2025-09-05 16:42:34,585 - INFO - Successfully saved 1555 state data points
2025-09-05 16:42:34,585 - INFO - Successfully saved 1034 control commands
2025-09-05 16:42:34,585 - INFO - Closing link
2025-09-05 16:42:34,585 - INFO - Callback->Disconnected from [radio://0/80/2M/E7E7E7E7E6]
