2025-09-05 17:42:39,999 - INFO - === Fixed continuous data collector ===
2025-09-05 17:42:40,000 - INFO - Mission: triangle_large
2025-09-05 17:42:40,000 - INFO - Waypoints (absolute coordinates): [(0, 0, 0.6), (0.8, 0, 0.6), (0.4, 0.6, 0.6), (0, 0, 0.6)]
2025-09-05 17:42:40,000 - INFO - Callback->Connection initialized[radio://0/80/2M/E7E7E7E7E6]
2025-09-05 17:42:40,249 - INFO - We are connected[radio://0/80/2M/E7E7E7E7E6], request connection setup
2025-09-05 17:42:40,249 - INFO - Request _request_protocol_version()
2025-09-05 17:42:40,251 - INFO - Callback->Connected to [radio://0/80/2M/E7E7E7E7E6]
2025-09-05 17:42:40,255 - INFO - _crt_service_callback
2025-09-05 17:42:40,255 - INFO - Request protocol version
2025-09-05 17:42:40,258 - INFO - _platform_callback
2025-09-05 17:42:40,258 - INFO - Protocol version (platform): 9
2025-09-05 17:42:40,270 - INFO - TOC for port [5] found in cache
2025-09-05 17:42:40,270 - INFO - Log TOC finished updating
2025-09-05 17:42:40,273 - INFO - 6 memories found
2025-09-05 17:42:40,348 - INFO - Memories finished updating
2025-09-05 17:42:40,353 - INFO - TOC for port [2] found in cache
2025-09-05 17:42:40,752 - INFO - Param TOC finished updating
2025-09-05 17:42:40,752 - INFO - Callback->Connection setup finished [radio://0/80/2M/E7E7E7E7E6]
2025-09-05 17:42:40,753 - INFO - Connected: radio://0/80/2M/E7E7E7E7E6
2025-09-05 17:42:40,764 - INFO - Have successfully started logging for id=1
2025-09-05 17:42:40,862 - INFO - Battery: 3.81V (safe)
2025-09-05 17:42:40,863 - INFO - Battery check passed: 3.81V
2025-09-05 17:42:40,863 - INFO - Initializing position estimator to origin...
2025-09-05 17:42:40,866 - INFO - Have successfully stopped logging for id=1
2025-09-05 17:42:40,867 - INFO - Have successfully deleted id=1
2025-09-05 17:42:41,807 - INFO - All parameters updated
2025-09-05 17:42:41,807 - INFO - Callback->Connection completed [radio://0/80/2M/E7E7E7E7E6]
2025-09-05 17:42:41,915 - INFO - Have successfully started logging for id=2
2025-09-05 17:42:48,413 - INFO - Waiting for position estimator...
2025-09-05 17:42:48,415 - INFO - Have successfully stopped logging for id=2
2025-09-05 17:42:48,417 - INFO - Have successfully deleted id=2
2025-09-05 17:42:48,420 - INFO - Have successfully started logging for id=3
2025-09-05 17:42:49,421 - INFO - Position estimator ready
2025-09-05 17:42:49,422 - INFO - Controller parameters optimized
2025-09-05 17:42:49,424 - INFO - Have successfully stopped logging for id=3
2025-09-05 17:42:49,425 - INFO - Have successfully deleted id=3
2025-09-05 17:43:01,524 - INFO - Start collection (slot:10ms)
2025-09-05 17:43:01,525 - INFO - Data collector started
2025-09-05 17:43:01,525 - INFO - Position manager started
2025-09-05 17:43:01,532 - INFO - Have successfully started logging for id=4
2025-09-05 17:43:01,534 - INFO - Have successfully started logging for id=5
2025-09-05 17:43:01,536 - INFO - Have successfully started logging for id=6
2025-09-05 17:43:01,626 - INFO - Position manager data flow is normal
2025-09-05 17:43:03,626 - INFO - Current position: (-0.019, 0.017, 0.021, 90.1°)
2025-09-05 17:43:03,626 - INFO - Using absolute coordinate system, ignoring takeoff position offset
2025-09-05 17:43:04,626 - INFO - Pre-flight stabilization to first waypoint: (0.000, 0.000, 0.600)
2025-09-05 17:43:04,777 - INFO - Waypoint1: absolute coordinates(0.000, 0.000, 0.600, yaw=90.0°)
2025-09-05 17:43:04,778 - INFO - Flying to coordinate: (0.000, 0.000, 0.600)
2025-09-05 17:43:05,788 - INFO - Approaching target (error=0.145m), entering stabilization phase
2025-09-05 17:43:06,328 - INFO - Reached waypoint (error=0.030m, stable_count=30)
2025-09-05 17:43:06,928 - INFO - Waypoint2: absolute coordinates(0.800, 0.000, 0.600, yaw=90.0°)
2025-09-05 17:43:06,928 - INFO - Flying to coordinate: (0.800, 0.000, 0.600)
2025-09-05 17:43:07,888 - INFO - Approaching target (error=0.145m), entering stabilization phase
2025-09-05 17:43:09,728 - INFO - Reached waypoint (error=0.059m, stable_count=30)
2025-09-05 17:43:10,329 - INFO - Waypoint3: absolute coordinates(0.400, 0.600, 0.600, yaw=90.0°)
2025-09-05 17:43:10,329 - INFO - Flying to coordinate: (0.400, 0.600, 0.600)
2025-09-05 17:43:11,129 - INFO - Approaching target (error=0.113m), entering stabilization phase
2025-09-05 17:43:12,769 - INFO - Reached waypoint (error=0.040m, stable_count=30)
2025-09-05 17:43:13,369 - INFO - Waypoint4: absolute coordinates(0.000, 0.000, 0.600, yaw=90.0°)
2025-09-05 17:43:13,369 - INFO - Flying to coordinate: (0.000, 0.000, 0.600)
2025-09-05 17:43:14,379 - INFO - Approaching target (error=0.147m), entering stabilization phase
2025-09-05 17:43:15,769 - INFO - Reached waypoint (error=0.054m, stable_count=30)
2025-09-05 17:43:16,371 - INFO - Returning to origin and landing...
2025-09-05 17:43:16,371 - INFO - Flying to coordinate: (0.000, 0.000, 0.200)
2025-09-05 17:43:17,231 - INFO - Approaching target (error=0.144m), entering stabilization phase
2025-09-05 17:43:17,971 - INFO - Reached waypoint (error=0.072m, stable_count=30)
2025-09-05 17:43:17,971 - INFO - Landing...
2025-09-05 17:43:17,971 - INFO - Landing complete
2025-09-05 17:43:17,978 - INFO - Have successfully stopped logging for id=6
2025-09-05 17:43:18,073 - INFO - Position manager stopped
2025-09-05 17:43:18,074 - INFO - Flight mission complete
2025-09-05 17:43:18,074 - INFO - Stopping data collector...
2025-09-05 17:43:18,075 - INFO - Collection complete - stats: {'created': 1656, 'complete': 1654, 'merged': 0, 'dropped': 1}
2025-09-05 17:43:18,081 - INFO - Have successfully stopped logging for id=4
2025-09-05 17:43:18,087 - INFO - Have successfully stopped logging for id=5
2025-09-05 17:43:18,134 - INFO - Data saved: training_data/triangle_large_20250905_174318.json
2025-09-05 17:43:18,134 - INFO - States: 1654, Commands: 1136, Duration: 16.5s
2025-09-05 17:43:18,134 - INFO - Successfully saved 1654 state data points
2025-09-05 17:43:18,134 - INFO - Successfully saved 1136 control commands
2025-09-05 17:43:18,134 - INFO - Closing link
2025-09-05 17:43:18,135 - INFO - Callback->Disconnected from [radio://0/80/2M/E7E7E7E7E6]
