2025-09-05 12:34:09,435 - INFO - === Fixed continuous data collector ===
2025-09-05 12:34:09,435 - INFO - Mission: square_small
2025-09-05 12:34:09,435 - INFO - Waypoints (absolute coordinates): [(0, 0, 0.3), (0.3, 0, 0.3), (0.3, 0.3, 0.3), (0, 0.3, 0.3), (0, 0, 0.3)]
2025-09-05 12:34:09,436 - INFO - Callback->Connection initialized[radio://0/80/2M/E7E7E7E7E6]
2025-09-05 12:34:09,685 - INFO - We are connected[radio://0/80/2M/E7E7E7E7E6], request connection setup
2025-09-05 12:34:09,685 - INFO - Request _request_protocol_version()
2025-09-05 12:34:09,689 - INFO - Callback->Connected to [radio://0/80/2M/E7E7E7E7E6]
2025-09-05 12:34:09,767 - INFO - _crt_service_callback
2025-09-05 12:34:09,767 - INFO - Request protocol version
2025-09-05 12:34:09,770 - INFO - _platform_callback
2025-09-05 12:34:09,770 - INFO - Protocol version (platform): 9
2025-09-05 12:34:09,784 - INFO - TOC for port [5] found in cache
2025-09-05 12:34:09,784 - INFO - Log TOC finished updating
2025-09-05 12:34:09,787 - INFO - 6 memories found
2025-09-05 12:34:09,861 - INFO - Memories finished updating
2025-09-05 12:34:09,867 - INFO - TOC for port [2] found in cache
2025-09-05 12:34:10,323 - INFO - Param TOC finished updating
2025-09-05 12:34:10,323 - INFO - Callback->Connection setup finished [radio://0/80/2M/E7E7E7E7E6]
2025-09-05 12:34:10,325 - INFO - Connected: radio://0/80/2M/E7E7E7E7E6
2025-09-05 12:34:10,332 - INFO - Have successfully started logging for id=1
2025-09-05 12:34:10,432 - INFO - Battery: 4.11V (safe)
2025-09-05 12:34:10,433 - INFO - Battery check passed: 4.11V
2025-09-05 12:34:10,433 - INFO - Initializing position estimator to origin...
2025-09-05 12:34:10,435 - INFO - Have successfully stopped logging for id=1
2025-09-05 12:34:10,436 - INFO - Have successfully deleted id=1
2025-09-05 12:34:11,606 - INFO - All parameters updated
2025-09-05 12:34:11,606 - INFO - Callback->Connection completed [radio://0/80/2M/E7E7E7E7E6]
2025-09-05 12:34:11,713 - INFO - Have successfully started logging for id=2
2025-09-05 12:34:18,210 - INFO - Waiting for position estimator...
2025-09-05 12:34:18,212 - INFO - Have successfully stopped logging for id=2
2025-09-05 12:34:18,213 - INFO - Have successfully deleted id=2
2025-09-05 12:34:18,219 - INFO - Have successfully started logging for id=3
2025-09-05 12:34:19,216 - INFO - Position estimator ready
2025-09-05 12:34:19,217 - INFO - Controller parameters optimized
2025-09-05 12:34:19,223 - INFO - Have successfully stopped logging for id=3
2025-09-05 12:34:19,225 - INFO - Have successfully deleted id=3
2025-09-05 12:34:21,963 - INFO - Start collection (slot:10ms)
2025-09-05 12:34:21,964 - INFO - Data collector started
2025-09-05 12:34:21,966 - INFO - Position manager started
2025-09-05 12:34:21,972 - INFO - Have successfully started logging for id=4
2025-09-05 12:34:21,973 - INFO - Have successfully started logging for id=5
2025-09-05 12:34:21,974 - INFO - Have successfully started logging for id=6
2025-09-05 12:34:22,066 - INFO - Position manager data flow is normal
2025-09-05 12:34:24,066 - INFO - Current position: (-0.004, -0.010, 0.014, 89.5°)
2025-09-05 12:34:24,066 - INFO - Using absolute coordinate system, ignoring takeoff position offset
2025-09-05 12:34:25,067 - INFO - Pre-flight stabilization to first waypoint: (0.000, 0.000, 0.300)
2025-09-05 12:34:25,218 - INFO - Waypoint1: absolute coordinates(0.000, 0.000, 0.300, yaw=90.0°)
2025-09-05 12:34:25,218 - INFO - Flying to coordinate: (0.000, 0.000, 0.300)
2025-09-05 12:34:25,828 - INFO - Approaching target (error=0.148m), entering stabilization phase
2025-09-05 12:34:26,568 - INFO - Reached waypoint (error=0.050m, stable_count=30)
2025-09-05 12:34:27,168 - INFO - Waypoint2: absolute coordinates(0.300, 0.000, 0.300, yaw=90.0°)
2025-09-05 12:34:27,168 - INFO - Flying to coordinate: (0.300, 0.000, 0.300)
2025-09-05 12:34:27,879 - INFO - Approaching target (error=0.144m), entering stabilization phase
2025-09-05 12:34:28,669 - INFO - Reached waypoint (error=0.078m, stable_count=30)
2025-09-05 12:34:29,269 - INFO - Waypoint3: absolute coordinates(0.300, 0.300, 0.300, yaw=90.0°)
2025-09-05 12:34:29,269 - INFO - Flying to coordinate: (0.300, 0.300, 0.300)
2025-09-05 12:34:29,929 - INFO - Approaching target (error=0.133m), entering stabilization phase
2025-09-05 12:34:30,359 - INFO - Reached waypoint (error=0.049m, stable_count=30)
2025-09-05 12:34:30,959 - INFO - Waypoint4: absolute coordinates(0.000, 0.300, 0.300, yaw=90.0°)
2025-09-05 12:34:30,959 - INFO - Flying to coordinate: (0.000, 0.300, 0.300)
2025-09-05 12:34:31,469 - INFO - Approaching target (error=0.132m), entering stabilization phase
2025-09-05 12:34:31,909 - INFO - Reached waypoint (error=0.075m, stable_count=30)
2025-09-05 12:34:32,510 - INFO - Waypoint5: absolute coordinates(0.000, 0.000, 0.300, yaw=90.0°)
2025-09-05 12:34:32,510 - INFO - Flying to coordinate: (0.000, 0.000, 0.300)
2025-09-05 12:34:33,370 - INFO - Approaching target (error=0.147m), entering stabilization phase
2025-09-05 12:34:33,960 - INFO - Reached waypoint (error=0.062m, stable_count=30)
2025-09-05 12:34:34,560 - INFO - Returning to origin and landing...
2025-09-05 12:34:34,560 - INFO - Flying to coordinate: (0.000, 0.000, 0.200)
2025-09-05 12:34:34,560 - INFO - Approaching target (error=0.128m), entering stabilization phase
2025-09-05 12:34:35,410 - INFO - Reached waypoint (error=0.033m, stable_count=30)
2025-09-05 12:34:35,410 - INFO - Landing...
2025-09-05 12:34:35,411 - INFO - Landing complete
2025-09-05 12:34:35,416 - INFO - Have successfully stopped logging for id=6
2025-09-05 12:34:35,512 - INFO - Position manager stopped
2025-09-05 12:34:35,514 - INFO - Flight mission complete
2025-09-05 12:34:35,514 - INFO - Stopping data collector...
2025-09-05 12:34:35,516 - INFO - Collection complete - stats: {'created': 1356, 'complete': 1354, 'merged': 0, 'dropped': 1}
2025-09-05 12:34:35,523 - INFO - Have successfully stopped logging for id=4
2025-09-05 12:34:35,526 - INFO - Have successfully stopped logging for id=5
2025-09-05 12:34:35,563 - INFO - Data saved: training_data/square_small_20250905_123435.json
2025-09-05 12:34:35,563 - INFO - States: 1354, Commands: 785, Duration: 13.5s
2025-09-05 12:34:35,563 - INFO - Successfully saved 1354 state data points
2025-09-05 12:34:35,564 - INFO - Successfully saved 785 control commands
2025-09-05 12:34:35,564 - INFO - Closing link
2025-09-05 12:34:35,564 - INFO - Callback->Disconnected from [radio://0/80/2M/E7E7E7E7E6]
