2025-09-05 14:02:20,330 - INFO - === Fixed continuous data collector ===
2025-09-05 14:02:20,330 - INFO - Mission: square_med
2025-09-05 14:02:20,330 - INFO - Waypoints (absolute coordinates): [(0, 0, 0.4), (0.5, 0, 0.4), (0.5, 0.5, 0.4), (0, 0.5, 0.4), (0, 0, 0.4)]
2025-09-05 14:02:20,330 - INFO - Callback->Connection initialized[radio://0/80/2M/E7E7E7E7E6]
2025-09-05 14:02:20,580 - INFO - We are connected[radio://0/80/2M/E7E7E7E7E6], request connection setup
2025-09-05 14:02:20,580 - INFO - Request _request_protocol_version()
2025-09-05 14:02:20,583 - INFO - Callback->Connected to [radio://0/80/2M/E7E7E7E7E6]
2025-09-05 14:02:20,656 - INFO - _crt_service_callback
2025-09-05 14:02:20,656 - INFO - Request protocol version
2025-09-05 14:02:20,661 - INFO - _platform_callback
2025-09-05 14:02:20,661 - INFO - Protocol version (platform): 9
2025-09-05 14:02:20,670 - INFO - TOC for port [5] found in cache
2025-09-05 14:02:20,670 - INFO - Log TOC finished updating
2025-09-05 14:02:20,674 - INFO - 6 memories found
2025-09-05 14:02:20,747 - INFO - Memories finished updating
2025-09-05 14:02:20,752 - INFO - TOC for port [2] found in cache
2025-09-05 14:02:21,199 - INFO - Param TOC finished updating
2025-09-05 14:02:21,199 - INFO - Callback->Connection setup finished [radio://0/80/2M/E7E7E7E7E6]
2025-09-05 14:02:21,200 - INFO - Connected: radio://0/80/2M/E7E7E7E7E6
2025-09-05 14:02:21,207 - INFO - Have successfully started logging for id=1
2025-09-05 14:02:21,307 - INFO - Battery: 4.13V (safe)
2025-09-05 14:02:21,308 - INFO - Battery check passed: 4.13V
2025-09-05 14:02:21,308 - INFO - Initializing position estimator to origin...
2025-09-05 14:02:21,312 - INFO - Have successfully stopped logging for id=1
2025-09-05 14:02:21,313 - INFO - Have successfully deleted id=1
2025-09-05 14:02:22,444 - INFO - All parameters updated
2025-09-05 14:02:22,444 - INFO - Callback->Connection completed [radio://0/80/2M/E7E7E7E7E6]
2025-09-05 14:02:22,552 - INFO - Have successfully started logging for id=2
2025-09-05 14:02:29,047 - INFO - Waiting for position estimator...
2025-09-05 14:02:29,049 - INFO - Have successfully stopped logging for id=2
2025-09-05 14:02:29,051 - INFO - Have successfully deleted id=2
2025-09-05 14:02:29,057 - INFO - Have successfully started logging for id=3
2025-09-05 14:02:30,054 - INFO - Position estimator ready
2025-09-05 14:02:30,055 - INFO - Controller parameters optimized
2025-09-05 14:02:30,057 - INFO - Have successfully stopped logging for id=3
2025-09-05 14:02:30,058 - INFO - Have successfully deleted id=3
2025-09-05 14:02:43,279 - INFO - Start collection (slot:10ms)
2025-09-05 14:02:43,280 - INFO - Data collector started
2025-09-05 14:02:43,281 - INFO - Position manager started
2025-09-05 14:02:43,288 - INFO - Have successfully started logging for id=4
2025-09-05 14:02:43,289 - INFO - Have successfully started logging for id=5
2025-09-05 14:02:43,290 - INFO - Have successfully started logging for id=6
2025-09-05 14:02:43,381 - INFO - Position manager data flow is normal
2025-09-05 14:02:45,381 - INFO - Current position: (0.029, 0.047, 0.028, 89.9°)
2025-09-05 14:02:45,381 - INFO - Using absolute coordinate system, ignoring takeoff position offset
2025-09-05 14:02:46,381 - INFO - Pre-flight stabilization to first waypoint: (0.000, 0.000, 0.400)
2025-09-05 14:02:46,531 - INFO - Waypoint1: absolute coordinates(0.000, 0.000, 0.400, yaw=90.0°)
2025-09-05 14:02:46,532 - INFO - Flying to coordinate: (0.000, 0.000, 0.400)
2025-09-05 14:02:47,542 - INFO - Approaching target (error=0.127m), entering stabilization phase
2025-09-05 14:02:48,082 - INFO - Reached waypoint (error=0.038m, stable_count=30)
2025-09-05 14:02:48,682 - INFO - Waypoint2: absolute coordinates(0.500, 0.000, 0.400, yaw=90.0°)
2025-09-05 14:02:48,682 - INFO - Flying to coordinate: (0.500, 0.000, 0.400)
2025-09-05 14:02:49,492 - INFO - Approaching target (error=0.139m), entering stabilization phase
2025-09-05 14:02:51,082 - INFO - Reached waypoint (error=0.046m, stable_count=30)
2025-09-05 14:02:51,682 - INFO - Waypoint3: absolute coordinates(0.500, 0.500, 0.400, yaw=90.0°)
2025-09-05 14:02:51,683 - INFO - Flying to coordinate: (0.500, 0.500, 0.400)
2025-09-05 14:02:52,393 - INFO - Approaching target (error=0.138m), entering stabilization phase
2025-09-05 14:02:53,433 - INFO - Reached waypoint (error=0.078m, stable_count=30)
2025-09-05 14:02:54,033 - INFO - Waypoint4: absolute coordinates(0.000, 0.500, 0.400, yaw=90.0°)
2025-09-05 14:02:54,033 - INFO - Flying to coordinate: (0.000, 0.500, 0.400)
2025-09-05 14:02:54,693 - INFO - Approaching target (error=0.144m), entering stabilization phase
2025-09-05 14:02:55,123 - INFO - Reached waypoint (error=0.042m, stable_count=30)
2025-09-05 14:02:55,723 - INFO - Waypoint5: absolute coordinates(0.000, 0.000, 0.400, yaw=90.0°)
2025-09-05 14:02:55,723 - INFO - Flying to coordinate: (0.000, 0.000, 0.400)
2025-09-05 14:02:56,434 - INFO - Approaching target (error=0.129m), entering stabilization phase
2025-09-05 14:02:56,824 - INFO - Reached waypoint (error=0.015m, stable_count=30)
2025-09-05 14:02:57,424 - INFO - Returning to origin and landing...
2025-09-05 14:02:57,424 - INFO - Flying to coordinate: (0.000, 0.000, 0.200)
2025-09-05 14:02:57,834 - INFO - Approaching target (error=0.148m), entering stabilization phase
2025-09-05 14:02:58,574 - INFO - Reached waypoint (error=0.067m, stable_count=30)
2025-09-05 14:02:58,574 - INFO - Landing...
2025-09-05 14:02:58,574 - INFO - Landing complete
2025-09-05 14:02:58,580 - INFO - Have successfully stopped logging for id=6
2025-09-05 14:02:58,676 - INFO - Position manager stopped
2025-09-05 14:02:58,678 - INFO - Flight mission complete
2025-09-05 14:02:58,678 - INFO - Stopping data collector...
2025-09-05 14:02:58,679 - INFO - Collection complete - stats: {'created': 1540, 'complete': 1540, 'merged': 0, 'dropped': 0}
2025-09-05 14:02:58,686 - INFO - Have successfully stopped logging for id=4
2025-09-05 14:02:58,689 - INFO - Have successfully stopped logging for id=5
2025-09-05 14:02:58,732 - INFO - Data saved: training_data/square_med_20250905_140258.json
2025-09-05 14:02:58,732 - INFO - States: 1540, Commands: 969, Duration: 15.4s
2025-09-05 14:02:58,733 - INFO - Successfully saved 1540 state data points
2025-09-05 14:02:58,733 - INFO - Successfully saved 969 control commands
2025-09-05 14:02:58,733 - INFO - Closing link
2025-09-05 14:02:58,734 - INFO - Callback->Disconnected from [radio://0/80/2M/E7E7E7E7E6]
