2025-09-05 15:53:19,509 - INFO - === Fixed continuous data collector ===
2025-09-05 15:53:19,509 - INFO - Mission: triangle_small
2025-09-05 15:53:19,509 - INFO - Waypoints (absolute coordinates): [(0, 0, 0.6), (0.4, 0, 0.6), (0.2, 0.4, 0.6), (0, 0, 0.6)]
2025-09-05 15:53:19,509 - INFO - Callback->Connection initialized[radio://0/80/2M/E7E7E7E7E6]
2025-09-05 15:53:19,759 - INFO - We are connected[radio://0/80/2M/E7E7E7E7E6], request connection setup
2025-09-05 15:53:19,760 - INFO - Request _request_protocol_version()
2025-09-05 15:53:19,763 - INFO - Callback->Connected to [radio://0/80/2M/E7E7E7E7E6]
2025-09-05 15:53:19,840 - INFO - _crt_service_callback
2025-09-05 15:53:19,840 - INFO - Request protocol version
2025-09-05 15:53:19,844 - INFO - _platform_callback
2025-09-05 15:53:19,844 - INFO - Protocol version (platform): 9
2025-09-05 15:53:19,857 - INFO - TOC for port [5] found in cache
2025-09-05 15:53:19,857 - INFO - Log TOC finished updating
2025-09-05 15:53:19,859 - INFO - 6 memories found
2025-09-05 15:53:19,936 - INFO - Memories finished updating
2025-09-05 15:53:19,942 - INFO - TOC for port [2] found in cache
2025-09-05 15:53:20,445 - INFO - Param TOC finished updating
2025-09-05 15:53:20,445 - INFO - Callback->Connection setup finished [radio://0/80/2M/E7E7E7E7E6]
2025-09-05 15:53:20,446 - INFO - Connected: radio://0/80/2M/E7E7E7E7E6
2025-09-05 15:53:20,456 - INFO - Have successfully started logging for id=1
2025-09-05 15:53:20,558 - INFO - Battery: 4.03V (safe)
2025-09-05 15:53:20,559 - INFO - Battery check passed: 4.03V
2025-09-05 15:53:20,559 - INFO - Initializing position estimator to origin...
2025-09-05 15:53:20,563 - INFO - Have successfully stopped logging for id=1
2025-09-05 15:53:20,563 - INFO - Have successfully deleted id=1
2025-09-05 15:53:21,793 - INFO - All parameters updated
2025-09-05 15:53:21,793 - INFO - Callback->Connection completed [radio://0/80/2M/E7E7E7E7E6]
2025-09-05 15:53:21,905 - INFO - Have successfully started logging for id=2
2025-09-05 15:53:28,398 - INFO - Waiting for position estimator...
2025-09-05 15:53:28,401 - INFO - Have successfully stopped logging for id=2
2025-09-05 15:53:28,402 - INFO - Have successfully deleted id=2
2025-09-05 15:53:28,410 - INFO - Have successfully started logging for id=3
2025-09-05 15:53:29,409 - INFO - Position estimator ready
2025-09-05 15:53:29,409 - INFO - Controller parameters optimized
2025-09-05 15:53:29,412 - INFO - Have successfully stopped logging for id=3
2025-09-05 15:53:29,416 - INFO - Have successfully deleted id=3
2025-09-05 15:53:32,330 - INFO - Start collection (slot:10ms)
2025-09-05 15:53:32,331 - INFO - Data collector started
2025-09-05 15:53:32,334 - INFO - Position manager started
2025-09-05 15:53:32,348 - INFO - Have successfully started logging for id=4
2025-09-05 15:53:32,350 - INFO - Have successfully started logging for id=5
2025-09-05 15:53:32,351 - INFO - Have successfully started logging for id=6
2025-09-05 15:53:32,434 - INFO - Position manager data flow is normal
2025-09-05 15:53:34,435 - INFO - Current position: (-0.024, 0.015, -0.028, 90.7°)
2025-09-05 15:53:34,435 - INFO - Using absolute coordinate system, ignoring takeoff position offset
2025-09-05 15:53:35,435 - INFO - Pre-flight stabilization to first waypoint: (0.000, 0.000, 0.600)
2025-09-05 15:53:35,585 - INFO - Waypoint1: absolute coordinates(0.000, 0.000, 0.600, yaw=90.0°)
2025-09-05 15:53:35,585 - INFO - Flying to coordinate: (0.000, 0.000, 0.600)
2025-09-05 15:53:36,605 - INFO - Approaching target (error=0.131m), entering stabilization phase
2025-09-05 15:53:37,045 - INFO - Reached waypoint (error=0.026m, stable_count=30)
2025-09-05 15:53:37,645 - INFO - Waypoint2: absolute coordinates(0.400, 0.000, 0.600, yaw=90.0°)
2025-09-05 15:53:37,645 - INFO - Flying to coordinate: (0.400, 0.000, 0.600)
2025-09-05 15:53:38,406 - INFO - Approaching target (error=0.146m), entering stabilization phase
2025-09-05 15:53:41,586 - INFO - Reached waypoint (error=0.060m, stable_count=30)
2025-09-05 15:53:42,187 - INFO - Waypoint3: absolute coordinates(0.200, 0.400, 0.600, yaw=90.0°)
2025-09-05 15:53:42,187 - INFO - Flying to coordinate: (0.200, 0.400, 0.600)
2025-09-05 15:53:42,797 - INFO - Approaching target (error=0.141m), entering stabilization phase
2025-09-05 15:53:43,187 - INFO - Reached waypoint (error=0.050m, stable_count=30)
2025-09-05 15:53:43,787 - INFO - Waypoint4: absolute coordinates(0.000, 0.000, 0.600, yaw=90.0°)
2025-09-05 15:53:43,788 - INFO - Flying to coordinate: (0.000, 0.000, 0.600)
2025-09-05 15:53:44,648 - INFO - Approaching target (error=0.145m), entering stabilization phase
2025-09-05 15:53:45,988 - INFO - Reached waypoint (error=0.077m, stable_count=30)
2025-09-05 15:53:46,588 - INFO - Returning to origin and landing...
2025-09-05 15:53:46,588 - INFO - Flying to coordinate: (0.000, 0.000, 0.200)
2025-09-05 15:53:47,438 - INFO - Approaching target (error=0.148m), entering stabilization phase
2025-09-05 15:53:48,838 - INFO - Reached waypoint (error=0.061m, stable_count=30)
2025-09-05 15:53:48,838 - INFO - Landing...
2025-09-05 15:53:48,840 - INFO - Landing complete
2025-09-05 15:53:48,844 - INFO - Have successfully stopped logging for id=6
2025-09-05 15:53:48,940 - INFO - Position manager stopped
2025-09-05 15:53:48,942 - INFO - Flight mission complete
2025-09-05 15:53:48,942 - INFO - Stopping data collector...
2025-09-05 15:53:48,944 - INFO - Collection complete - stats: {'created': 1661, 'complete': 1660, 'merged': 0, 'dropped': 1}
2025-09-05 15:53:48,953 - INFO - Have successfully stopped logging for id=4
2025-09-05 15:53:48,955 - INFO - Have successfully stopped logging for id=5
2025-09-05 15:53:49,001 - INFO - Data saved: training_data/triangle_small_20250905_155348.json
2025-09-05 15:53:49,001 - INFO - States: 1660, Commands: 1141, Duration: 16.6s
2025-09-05 15:53:49,002 - INFO - Successfully saved 1660 state data points
2025-09-05 15:53:49,002 - INFO - Successfully saved 1141 control commands
2025-09-05 15:53:49,002 - INFO - Closing link
2025-09-05 15:53:49,002 - INFO - Callback->Disconnected from [radio://0/80/2M/E7E7E7E7E6]
