2025-09-05 14:27:40,300 - INFO - === Fixed continuous data collector ===
2025-09-05 14:27:40,300 - INFO - Mission: square_large
2025-09-05 14:27:40,300 - INFO - Waypoints (absolute coordinates): [(0, 0, 0.5), (0.7, 0, 0.5), (0.7, 0.7, 0.5), (0, 0.7, 0.5), (0, 0, 0.5)]
2025-09-05 14:27:40,301 - INFO - Callback->Connection initialized[radio://0/80/2M/E7E7E7E7E6]
2025-09-05 14:27:40,551 - INFO - We are connected[radio://0/80/2M/E7E7E7E7E6], request connection setup
2025-09-05 14:27:40,551 - INFO - Request _request_protocol_version()
2025-09-05 14:27:40,553 - INFO - Callback->Connected to [radio://0/80/2M/E7E7E7E7E6]
2025-09-05 14:27:40,558 - INFO - _crt_service_callback
2025-09-05 14:27:40,558 - INFO - Request protocol version
2025-09-05 14:27:40,563 - INFO - _platform_callback
2025-09-05 14:27:40,563 - INFO - Protocol version (platform): 9
2025-09-05 14:27:40,574 - INFO - TOC for port [5] found in cache
2025-09-05 14:27:40,574 - INFO - Log TOC finished updating
2025-09-05 14:27:40,578 - INFO - 6 memories found
2025-09-05 14:27:40,652 - INFO - Memories finished updating
2025-09-05 14:27:40,662 - INFO - TOC for port [2] found in cache
2025-09-05 14:27:41,161 - INFO - Param TOC finished updating
2025-09-05 14:27:41,161 - INFO - Callback->Connection setup finished [radio://0/80/2M/E7E7E7E7E6]
2025-09-05 14:27:41,162 - INFO - Connected: radio://0/80/2M/E7E7E7E7E6
2025-09-05 14:27:41,172 - INFO - Have successfully started logging for id=1
2025-09-05 14:27:41,274 - INFO - Battery: 4.04V (safe)
2025-09-05 14:27:41,276 - INFO - Battery check passed: 4.04V
2025-09-05 14:27:41,276 - INFO - Initializing position estimator to origin...
2025-09-05 14:27:41,278 - INFO - Have successfully stopped logging for id=1
2025-09-05 14:27:41,279 - INFO - Have successfully deleted id=1
2025-09-05 14:27:42,344 - INFO - All parameters updated
2025-09-05 14:27:42,344 - INFO - Callback->Connection completed [radio://0/80/2M/E7E7E7E7E6]
2025-09-05 14:27:42,455 - INFO - Have successfully started logging for id=2
2025-09-05 14:27:48,949 - INFO - Waiting for position estimator...
2025-09-05 14:27:48,955 - INFO - Have successfully stopped logging for id=2
2025-09-05 14:27:48,955 - INFO - Have successfully deleted id=2
2025-09-05 14:27:48,963 - INFO - Have successfully started logging for id=3
2025-09-05 14:27:49,960 - INFO - Position estimator ready
2025-09-05 14:27:49,961 - INFO - Controller parameters optimized
2025-09-05 14:27:49,963 - INFO - Have successfully stopped logging for id=3
2025-09-05 14:27:49,963 - INFO - Have successfully deleted id=3
2025-09-05 14:27:54,372 - INFO - Start collection (slot:10ms)
2025-09-05 14:27:54,373 - INFO - Data collector started
2025-09-05 14:27:54,375 - INFO - Position manager started
2025-09-05 14:27:54,383 - INFO - Have successfully started logging for id=4
2025-09-05 14:27:54,384 - INFO - Have successfully started logging for id=5
2025-09-05 14:27:54,384 - INFO - Have successfully started logging for id=6
2025-09-05 14:27:54,475 - INFO - Position manager data flow is normal
2025-09-05 14:27:56,475 - INFO - Current position: (0.004, 0.029, 0.029, 90.2°)
2025-09-05 14:27:56,476 - INFO - Using absolute coordinate system, ignoring takeoff position offset
2025-09-05 14:27:57,476 - INFO - Pre-flight stabilization to first waypoint: (0.000, 0.000, 0.500)
2025-09-05 14:27:57,626 - INFO - Waypoint1: absolute coordinates(0.000, 0.000, 0.500, yaw=90.0°)
2025-09-05 14:27:57,626 - INFO - Flying to coordinate: (0.000, 0.000, 0.500)
2025-09-05 14:27:58,656 - INFO - Approaching target (error=0.141m), entering stabilization phase
2025-09-05 14:27:59,176 - INFO - Reached waypoint (error=0.025m, stable_count=30)
2025-09-05 14:27:59,776 - INFO - Waypoint2: absolute coordinates(0.700, 0.000, 0.500, yaw=90.0°)
2025-09-05 14:27:59,776 - INFO - Flying to coordinate: (0.700, 0.000, 0.500)
2025-09-05 14:28:00,686 - INFO - Approaching target (error=0.133m), entering stabilization phase
2025-09-05 14:28:02,376 - INFO - Reached waypoint (error=0.041m, stable_count=30)
2025-09-05 14:28:02,977 - INFO - Waypoint3: absolute coordinates(0.700, 0.700, 0.500, yaw=90.0°)
2025-09-05 14:28:02,977 - INFO - Flying to coordinate: (0.700, 0.700, 0.500)
2025-09-05 14:28:03,837 - INFO - Approaching target (error=0.122m), entering stabilization phase
2025-09-05 14:28:04,177 - INFO - Reached waypoint (error=0.060m, stable_count=30)
2025-09-05 14:28:04,777 - INFO - Waypoint4: absolute coordinates(0.000, 0.700, 0.500, yaw=90.0°)
2025-09-05 14:28:04,777 - INFO - Flying to coordinate: (0.000, 0.700, 0.500)
2025-09-05 14:28:05,987 - INFO - Approaching target (error=0.144m), entering stabilization phase
2025-09-05 14:28:07,377 - INFO - Reached waypoint (error=0.068m, stable_count=30)
2025-09-05 14:28:07,978 - INFO - Waypoint5: absolute coordinates(0.000, 0.000, 0.500, yaw=90.0°)
2025-09-05 14:28:07,978 - INFO - Flying to coordinate: (0.000, 0.000, 0.500)
2025-09-05 14:28:08,928 - INFO - Approaching target (error=0.131m), entering stabilization phase
2025-09-05 14:28:10,318 - INFO - Reached waypoint (error=0.047m, stable_count=30)
2025-09-05 14:28:10,918 - INFO - Returning to origin and landing...
2025-09-05 14:28:10,918 - INFO - Flying to coordinate: (0.000, 0.000, 0.200)
2025-09-05 14:28:11,728 - INFO - Approaching target (error=0.128m), entering stabilization phase
2025-09-05 14:28:12,268 - INFO - Reached waypoint (error=0.075m, stable_count=30)
2025-09-05 14:28:12,268 - INFO - Landing...
2025-09-05 14:28:12,269 - INFO - Landing complete
2025-09-05 14:28:12,275 - INFO - Have successfully stopped logging for id=6
2025-09-05 14:28:12,371 - INFO - Position manager stopped
2025-09-05 14:28:12,372 - INFO - Flight mission complete
2025-09-05 14:28:12,372 - INFO - Stopping data collector...
2025-09-05 14:28:12,374 - INFO - Collection complete - stats: {'created': 1800, 'complete': 1800, 'merged': 0, 'dropped': 0}
2025-09-05 14:28:12,381 - INFO - Have successfully stopped logging for id=4
2025-09-05 14:28:12,385 - INFO - Have successfully stopped logging for id=5
2025-09-05 14:28:12,437 - INFO - Data saved: training_data/square_large_20250905_142812.json
2025-09-05 14:28:12,437 - INFO - States: 1800, Commands: 1229, Duration: 18.0s
2025-09-05 14:28:12,437 - INFO - Successfully saved 1800 state data points
2025-09-05 14:28:12,437 - INFO - Successfully saved 1229 control commands
2025-09-05 14:28:12,437 - INFO - Closing link
2025-09-05 14:28:12,438 - INFO - Callback->Disconnected from [radio://0/80/2M/E7E7E7E7E6]
