2025-09-05 17:04:57,277 - INFO - === Fixed continuous data collector ===
2025-09-05 17:04:57,277 - INFO - Mission: triangle_med
2025-09-05 17:04:57,277 - INFO - Waypoints (absolute coordinates): [(0, 0, 0.6), (0.5, 0, 0.6), (0.25, 0.5, 0.6), (0, 0, 0.6)]
2025-09-05 17:04:57,278 - INFO - Callback->Connection initialized[radio://0/80/2M/E7E7E7E7E6]
2025-09-05 17:04:57,527 - INFO - We are connected[radio://0/80/2M/E7E7E7E7E6], request connection setup
2025-09-05 17:04:57,527 - INFO - Request _request_protocol_version()
2025-09-05 17:04:57,531 - INFO - Callback->Connected to [radio://0/80/2M/E7E7E7E7E6]
2025-09-05 17:04:57,537 - INFO - _crt_service_callback
2025-09-05 17:04:57,537 - INFO - Request protocol version
2025-09-05 17:04:57,541 - INFO - _platform_callback
2025-09-05 17:04:57,541 - INFO - Protocol version (platform): 9
2025-09-05 17:04:57,552 - INFO - TOC for port [5] found in cache
2025-09-05 17:04:57,552 - INFO - Log TOC finished updating
2025-09-05 17:04:57,554 - INFO - 6 memories found
2025-09-05 17:04:57,631 - INFO - Memories finished updating
2025-09-05 17:04:57,637 - INFO - TOC for port [2] found in cache
2025-09-05 17:04:58,097 - INFO - Param TOC finished updating
2025-09-05 17:04:58,097 - INFO - Callback->Connection setup finished [radio://0/80/2M/E7E7E7E7E6]
2025-09-05 17:04:58,098 - INFO - Connected: radio://0/80/2M/E7E7E7E7E6
2025-09-05 17:04:58,108 - INFO - Have successfully started logging for id=1
2025-09-05 17:04:58,207 - INFO - Battery: 4.00V (safe)
2025-09-05 17:04:58,209 - INFO - Battery check passed: 4.00V
2025-09-05 17:04:58,209 - INFO - Initializing position estimator to origin...
2025-09-05 17:04:58,211 - INFO - Have successfully stopped logging for id=1
2025-09-05 17:04:58,213 - INFO - Have successfully deleted id=1
2025-09-05 17:04:59,337 - INFO - All parameters updated
2025-09-05 17:04:59,337 - INFO - Callback->Connection completed [radio://0/80/2M/E7E7E7E7E6]
2025-09-05 17:04:59,445 - INFO - Have successfully started logging for id=2
2025-09-05 17:05:05,940 - INFO - Waiting for position estimator...
2025-09-05 17:05:05,943 - INFO - Have successfully stopped logging for id=2
2025-09-05 17:05:05,944 - INFO - Have successfully deleted id=2
2025-09-05 17:05:05,950 - INFO - Have successfully started logging for id=3
2025-09-05 17:05:06,949 - INFO - Position estimator ready
2025-09-05 17:05:06,950 - INFO - Controller parameters optimized
2025-09-05 17:05:06,953 - INFO - Have successfully stopped logging for id=3
2025-09-05 17:05:06,954 - INFO - Have successfully deleted id=3
2025-09-05 17:05:09,356 - INFO - Start collection (slot:10ms)
2025-09-05 17:05:09,357 - INFO - Data collector started
2025-09-05 17:05:09,358 - INFO - Position manager started
2025-09-05 17:05:09,366 - INFO - Have successfully started logging for id=4
2025-09-05 17:05:09,367 - INFO - Have successfully started logging for id=5
2025-09-05 17:05:09,368 - INFO - Have successfully started logging for id=6
2025-09-05 17:05:09,458 - INFO - Position manager data flow is normal
2025-09-05 17:05:11,458 - INFO - Current position: (-0.022, 0.029, 0.005, 89.6°)
2025-09-05 17:05:11,459 - INFO - Using absolute coordinate system, ignoring takeoff position offset
2025-09-05 17:05:12,459 - INFO - Pre-flight stabilization to first waypoint: (0.000, 0.000, 0.600)
2025-09-05 17:05:12,610 - INFO - Waypoint1: absolute coordinates(0.000, 0.000, 0.600, yaw=90.0°)
2025-09-05 17:05:12,610 - INFO - Flying to coordinate: (0.000, 0.000, 0.600)
2025-09-05 17:05:13,630 - INFO - Approaching target (error=0.145m), entering stabilization phase
2025-09-05 17:05:14,160 - INFO - Reached waypoint (error=0.032m, stable_count=30)
2025-09-05 17:05:14,761 - INFO - Waypoint2: absolute coordinates(0.500, 0.000, 0.600, yaw=90.0°)
2025-09-05 17:05:14,761 - INFO - Flying to coordinate: (0.500, 0.000, 0.600)
2025-09-05 17:05:15,521 - INFO - Approaching target (error=0.127m), entering stabilization phase
2025-09-05 17:05:18,961 - INFO - Reached waypoint (error=0.077m, stable_count=30)
2025-09-05 17:05:19,561 - INFO - Waypoint3: absolute coordinates(0.250, 0.500, 0.600, yaw=90.0°)
2025-09-05 17:05:19,561 - INFO - Flying to coordinate: (0.250, 0.500, 0.600)
2025-09-05 17:05:20,261 - INFO - Approaching target (error=0.118m), entering stabilization phase
2025-09-05 17:05:20,601 - INFO - Reached waypoint (error=0.074m, stable_count=30)
2025-09-05 17:05:21,202 - INFO - Waypoint4: absolute coordinates(0.000, 0.000, 0.600, yaw=90.0°)
2025-09-05 17:05:21,202 - INFO - Flying to coordinate: (0.000, 0.000, 0.600)
2025-09-05 17:05:22,162 - INFO - Approaching target (error=0.131m), entering stabilization phase
2025-09-05 17:05:23,702 - INFO - Reached waypoint (error=0.034m, stable_count=30)
2025-09-05 17:05:24,310 - INFO - Returning to origin and landing...
2025-09-05 17:05:24,310 - INFO - Flying to coordinate: (0.000, 0.000, 0.200)
2025-09-05 17:05:25,010 - INFO - Approaching target (error=0.140m), entering stabilization phase
2025-09-05 17:05:25,550 - INFO - Reached waypoint (error=0.033m, stable_count=30)
2025-09-05 17:05:25,550 - INFO - Landing...
2025-09-05 17:05:25,551 - INFO - Landing complete
2025-09-05 17:05:25,557 - INFO - Have successfully stopped logging for id=6
2025-09-05 17:05:25,653 - INFO - Position manager stopped
2025-09-05 17:05:25,654 - INFO - Flight mission complete
2025-09-05 17:05:25,654 - INFO - Stopping data collector...
2025-09-05 17:05:25,656 - INFO - Collection complete - stats: {'created': 1631, 'complete': 1629, 'merged': 0, 'dropped': 1}
2025-09-05 17:05:25,663 - INFO - Have successfully stopped logging for id=4
2025-09-05 17:05:25,667 - INFO - Have successfully stopped logging for id=5
2025-09-05 17:05:25,713 - INFO - Data saved: training_data/triangle_med_20250905_170525.json
2025-09-05 17:05:25,713 - INFO - States: 1629, Commands: 1110, Duration: 16.3s
2025-09-05 17:05:25,713 - INFO - Successfully saved 1629 state data points
2025-09-05 17:05:25,713 - INFO - Successfully saved 1110 control commands
2025-09-05 17:05:25,713 - INFO - Closing link
2025-09-05 17:05:25,713 - INFO - Callback->Disconnected from [radio://0/80/2M/E7E7E7E7E6]
