2025-09-04 13:26:41,423 - INFO - === Fixed continuous data collector ===
2025-09-04 13:26:41,423 - INFO - Mission: vertical_med
2025-09-04 13:26:41,423 - INFO - Waypoints (absolute coordinates): [(0, 0, 0.4), (0, 0, 0.8), (0, 0, 0.4)]
2025-09-04 13:26:41,424 - INFO - Callback->Connection initialized[radio://0/80/2M/E7E7E7E7E6]
2025-09-04 13:26:41,674 - INFO - We are connected[radio://0/80/2M/E7E7E7E7E6], request connection setup
2025-09-04 13:26:41,674 - INFO - Request _request_protocol_version()
2025-09-04 13:26:41,676 - INFO - Callback->Connected to [radio://0/80/2M/E7E7E7E7E6]
2025-09-04 13:26:41,680 - INFO - _crt_service_callback
2025-09-04 13:26:41,680 - INFO - Request protocol version
2025-09-04 13:26:41,685 - INFO - _platform_callback
2025-09-04 13:26:41,685 - INFO - Protocol version (platform): 9
2025-09-04 13:26:41,697 - INFO - TOC for port [5] found in cache
2025-09-04 13:26:41,697 - INFO - Log TOC finished updating
2025-09-04 13:26:41,699 - INFO - 6 memories found
2025-09-04 13:26:41,791 - INFO - Memories finished updating
2025-09-04 13:26:41,796 - INFO - TOC for port [2] found in cache
2025-09-04 13:26:42,285 - INFO - Param TOC finished updating
2025-09-04 13:26:42,285 - INFO - Callback->Connection setup finished [radio://0/80/2M/E7E7E7E7E6]
2025-09-04 13:26:42,286 - INFO - Connected: radio://0/80/2M/E7E7E7E7E6
2025-09-04 13:26:42,296 - INFO - Have successfully started logging for id=1
2025-09-04 13:26:42,396 - INFO - Battery: 3.81V (safe)
2025-09-04 13:26:42,397 - INFO - Battery check passed: 3.81V
2025-09-04 13:26:42,397 - INFO - Initializing position estimator to origin...
2025-09-04 13:26:42,400 - INFO - Have successfully stopped logging for id=1
2025-09-04 13:26:42,403 - INFO - Have successfully deleted id=1
2025-09-04 13:26:43,708 - INFO - All parameters updated
2025-09-04 13:26:43,708 - INFO - Callback->Connection completed [radio://0/80/2M/E7E7E7E7E6]
2025-09-04 13:26:43,817 - INFO - Have successfully started logging for id=2
2025-09-04 13:26:50,312 - INFO - Waiting for position estimator...
2025-09-04 13:26:50,314 - INFO - Have successfully stopped logging for id=2
2025-09-04 13:26:50,315 - INFO - Have successfully deleted id=2
2025-09-04 13:26:50,319 - INFO - Have successfully started logging for id=3
2025-09-04 13:26:51,319 - INFO - Position estimator ready
2025-09-04 13:26:51,319 - INFO - Controller parameters optimized
2025-09-04 13:26:51,322 - INFO - Have successfully stopped logging for id=3
2025-09-04 13:26:51,323 - INFO - Have successfully deleted id=3
2025-09-04 13:26:53,940 - INFO - Start collection (slot:10ms)
2025-09-04 13:26:53,941 - INFO - Data collector started
2025-09-04 13:26:53,942 - INFO - Position manager started
2025-09-04 13:26:53,950 - INFO - Have successfully started logging for id=4
2025-09-04 13:26:53,951 - INFO - Have successfully started logging for id=5
2025-09-04 13:26:53,953 - INFO - Have successfully started logging for id=6
2025-09-04 13:26:54,042 - INFO - Position manager data flow is normal
2025-09-04 13:26:56,042 - INFO - Current position: (0.020, 0.050, 0.012, 90.3째)
2025-09-04 13:26:56,042 - INFO - Using absolute coordinate system, ignoring takeoff position offset
2025-09-04 13:26:57,042 - INFO - Pre-flight stabilization to first waypoint: (0.000, 0.000, 0.400)
2025-09-04 13:26:57,195 - INFO - Waypoint1: absolute coordinates(0.000, 0.000, 0.400, yaw=90.0째)
2025-09-04 13:26:57,195 - INFO - Flying to coordinate: (0.000, 0.000, 0.400)
2025-09-04 13:26:58,205 - INFO - Approaching target (error=0.145m), entering stabilization phase
2025-09-04 13:26:58,745 - INFO - Reached waypoint (error=0.047m, stable_count=30)
2025-09-04 13:26:59,345 - INFO - Waypoint2: absolute coordinates(0.000, 0.000, 0.800, yaw=90.0째)
2025-09-04 13:26:59,345 - INFO - Flying to coordinate: (0.000, 0.000, 0.800)
2025-09-04 13:26:59,905 - INFO - Approaching target (error=0.142m), entering stabilization phase
2025-09-04 13:27:04,685 - INFO - Reached waypoint (error=0.073m, stable_count=30)
2025-09-04 13:27:05,286 - INFO - Waypoint3: absolute coordinates(0.000, 0.000, 0.400, yaw=90.0째)
2025-09-04 13:27:05,286 - INFO - Flying to coordinate: (0.000, 0.000, 0.400)
2025-09-04 13:27:06,096 - INFO - Approaching target (error=0.138m), entering stabilization phase
2025-09-04 13:27:06,736 - INFO - Reached waypoint (error=0.034m, stable_count=30)
2025-09-04 13:27:07,336 - INFO - Returning to origin and landing...
2025-09-04 13:27:07,336 - INFO - Flying to coordinate: (0.000, 0.000, 0.200)
2025-09-04 13:27:07,496 - INFO - Approaching target (error=0.149m), entering stabilization phase
2025-09-04 13:27:08,236 - INFO - Reached waypoint (error=0.072m, stable_count=30)
2025-09-04 13:27:08,236 - INFO - Landing...
2025-09-04 13:27:08,237 - INFO - Landing complete
2025-09-04 13:27:08,244 - INFO - Have successfully stopped logging for id=6
2025-09-04 13:27:08,338 - INFO - Position manager stopped
2025-09-04 13:27:08,340 - INFO - Flight mission complete
2025-09-04 13:27:08,340 - INFO - Stopping data collector...
2025-09-04 13:27:08,342 - INFO - Collection complete - stats: {'created': 1440, 'complete': 1439, 'merged': 0, 'dropped': 0}
2025-09-04 13:27:08,349 - INFO - Have successfully stopped logging for id=4
2025-09-04 13:27:08,352 - INFO - Have successfully stopped logging for id=5
2025-09-04 13:27:08,392 - INFO - Data saved: training_data/vertical_med_20250904_132708.json
2025-09-04 13:27:08,392 - INFO - States: 1439, Commands: 971, Duration: 14.4s
2025-09-04 13:27:08,392 - INFO - Successfully saved 1439 state data points
2025-09-04 13:27:08,392 - INFO - Successfully saved 971 control commands
2025-09-04 13:27:08,392 - INFO - Closing link
2025-09-04 13:27:08,393 - INFO - Callback->Disconnected from [radio://0/80/2M/E7E7E7E7E6]
