2025-09-04 14:41:43,517 - INFO - === Fixed continuous data collector ===
2025-09-04 14:41:43,517 - INFO - Mission: vertical_med
2025-09-04 14:41:43,517 - INFO - Waypoints (absolute coordinates): [(0, 0, 0.4), (0, 0, 0.8), (0, 0, 0.4)]
2025-09-04 14:41:43,517 - INFO - Callback->Connection initialized[radio://0/80/2M/E7E7E7E7E6]
2025-09-04 14:41:43,770 - INFO - We are connected[radio://0/80/2M/E7E7E7E7E6], request connection setup
2025-09-04 14:41:43,770 - INFO - Request _request_protocol_version()
2025-09-04 14:41:43,772 - INFO - Callback->Connected to [radio://0/80/2M/E7E7E7E7E6]
2025-09-04 14:41:43,777 - INFO - _crt_service_callback
2025-09-04 14:41:43,777 - INFO - Request protocol version
2025-09-04 14:41:43,783 - INFO - _platform_callback
2025-09-04 14:41:43,783 - INFO - Protocol version (platform): 9
2025-09-04 14:41:43,793 - INFO - TOC for port [5] found in cache
2025-09-04 14:41:43,793 - INFO - Log TOC finished updating
2025-09-04 14:41:43,797 - INFO - 6 memories found
2025-09-04 14:41:43,874 - INFO - Memories finished updating
2025-09-04 14:41:43,879 - INFO - TOC for port [2] found in cache
2025-09-04 14:41:44,356 - INFO - Param TOC finished updating
2025-09-04 14:41:44,356 - INFO - Callback->Connection setup finished [radio://0/80/2M/E7E7E7E7E6]
2025-09-04 14:41:44,357 - INFO - Connected: radio://0/80/2M/E7E7E7E7E6
2025-09-04 14:41:44,372 - INFO - Have successfully started logging for id=1
2025-09-04 14:41:44,474 - INFO - Battery: 4.05V (safe)
2025-09-04 14:41:44,475 - INFO - Battery check passed: 4.05V
2025-09-04 14:41:44,477 - INFO - Initializing position estimator to origin...
2025-09-04 14:41:44,480 - INFO - Have successfully stopped logging for id=1
2025-09-04 14:41:44,481 - INFO - Have successfully deleted id=1
2025-09-04 14:41:45,823 - INFO - All parameters updated
2025-09-04 14:41:45,823 - INFO - Callback->Connection completed [radio://0/80/2M/E7E7E7E7E6]
2025-09-04 14:41:45,933 - INFO - Have successfully started logging for id=2
2025-09-04 14:41:54,427 - INFO - Waiting for position estimator...
2025-09-04 14:41:54,429 - INFO - Have successfully stopped logging for id=2
2025-09-04 14:41:54,430 - INFO - Have successfully deleted id=2
2025-09-04 14:41:54,438 - INFO - Have successfully started logging for id=3
2025-09-04 14:41:55,435 - INFO - Position estimator ready
2025-09-04 14:41:55,437 - INFO - Controller parameters optimized
2025-09-04 14:41:55,439 - INFO - Have successfully stopped logging for id=3
2025-09-04 14:41:55,442 - INFO - Have successfully deleted id=3
2025-09-04 14:41:58,085 - INFO - Start collection (slot:10ms)
2025-09-04 14:41:58,086 - INFO - Data collector started
2025-09-04 14:41:58,087 - INFO - Position manager started
2025-09-04 14:41:58,094 - INFO - Have successfully started logging for id=4
2025-09-04 14:41:58,096 - INFO - Have successfully started logging for id=5
2025-09-04 14:41:58,097 - INFO - Have successfully started logging for id=6
2025-09-04 14:41:58,187 - INFO - Position manager data flow is normal
2025-09-04 14:42:00,187 - INFO - Current position: (0.029, 0.033, 0.013, 90.0째)
2025-09-04 14:42:00,187 - INFO - Using absolute coordinate system, ignoring takeoff position offset
2025-09-04 14:42:01,187 - INFO - Pre-flight stabilization to first waypoint: (0.000, 0.000, 0.400)
2025-09-04 14:42:01,337 - INFO - Waypoint1: absolute coordinates(0.000, 0.000, 0.400, yaw=90.0째)
2025-09-04 14:42:01,338 - INFO - Flying to coordinate: (0.000, 0.000, 0.400)
2025-09-04 14:42:02,448 - INFO - Approaching target (error=0.142m), entering stabilization phase
2025-09-04 14:42:02,988 - INFO - Reached waypoint (error=0.054m, stable_count=30)
2025-09-04 14:42:03,591 - INFO - Waypoint2: absolute coordinates(0.000, 0.000, 0.800, yaw=90.0째)
2025-09-04 14:42:03,591 - INFO - Flying to coordinate: (0.000, 0.000, 0.800)
2025-09-04 14:42:04,102 - INFO - Approaching target (error=0.150m), entering stabilization phase
2025-09-04 14:42:04,642 - INFO - Reached waypoint (error=0.077m, stable_count=30)
2025-09-04 14:42:05,242 - INFO - Waypoint3: absolute coordinates(0.000, 0.000, 0.400, yaw=90.0째)
2025-09-04 14:42:05,242 - INFO - Flying to coordinate: (0.000, 0.000, 0.400)
2025-09-04 14:42:06,092 - INFO - Approaching target (error=0.146m), entering stabilization phase
2025-09-04 14:42:06,732 - INFO - Reached waypoint (error=0.044m, stable_count=30)
2025-09-04 14:42:07,333 - INFO - Returning to origin and landing...
2025-09-04 14:42:07,333 - INFO - Flying to coordinate: (0.000, 0.000, 0.200)
2025-09-04 14:42:07,843 - INFO - Approaching target (error=0.139m), entering stabilization phase
2025-09-04 14:42:08,683 - INFO - Reached waypoint (error=0.033m, stable_count=30)
2025-09-04 14:42:08,684 - INFO - Landing...
2025-09-04 14:42:08,684 - INFO - Landing complete
2025-09-04 14:42:08,690 - INFO - Have successfully stopped logging for id=6
2025-09-04 14:42:08,785 - INFO - Position manager stopped
2025-09-04 14:42:08,788 - INFO - Flight mission complete
2025-09-04 14:42:08,788 - INFO - Stopping data collector...
2025-09-04 14:42:08,790 - INFO - Collection complete - stats: {'created': 1070, 'complete': 1070, 'merged': 0, 'dropped': 0}
2025-09-04 14:42:08,797 - INFO - Have successfully stopped logging for id=4
2025-09-04 14:42:08,800 - INFO - Have successfully stopped logging for id=5
2025-09-04 14:42:08,826 - INFO - Data saved: training_data/vertical_med_20250904_144208.json
2025-09-04 14:42:08,826 - INFO - States: 1070, Commands: 601, Duration: 10.7s
2025-09-04 14:42:08,826 - INFO - Successfully saved 1070 state data points
2025-09-04 14:42:08,827 - INFO - Successfully saved 601 control commands
2025-09-04 14:42:08,827 - INFO - Closing link
2025-09-04 14:42:08,827 - INFO - Callback->Disconnected from [radio://0/80/2M/E7E7E7E7E6]
