2025-09-05 12:15:28,525 - INFO - === Fixed continuous data collector ===
2025-09-05 12:15:28,525 - INFO - Mission: square_small
2025-09-05 12:15:28,525 - INFO - Waypoints (absolute coordinates): [(0, 0, 0.3), (0.3, 0, 0.3), (0.3, 0.3, 0.3), (0, 0.3, 0.3), (0, 0, 0.3)]
2025-09-05 12:15:28,525 - INFO - Callback->Connection initialized[radio://0/80/2M/E7E7E7E7E6]
2025-09-05 12:15:28,776 - INFO - We are connected[radio://0/80/2M/E7E7E7E7E6], request connection setup
2025-09-05 12:15:28,777 - INFO - Request _request_protocol_version()
2025-09-05 12:15:28,779 - INFO - Callback->Connected to [radio://0/80/2M/E7E7E7E7E6]
2025-09-05 12:15:28,783 - INFO - _crt_service_callback
2025-09-05 12:15:28,783 - INFO - Request protocol version
2025-09-05 12:15:28,788 - INFO - _platform_callback
2025-09-05 12:15:28,788 - INFO - Protocol version (platform): 9
2025-09-05 12:15:28,803 - INFO - TOC for port [5] found in cache
2025-09-05 12:15:28,803 - INFO - Log TOC finished updating
2025-09-05 12:15:28,807 - INFO - 6 memories found
2025-09-05 12:15:28,880 - INFO - Memories finished updating
2025-09-05 12:15:28,886 - INFO - TOC for port [2] found in cache
2025-09-05 12:15:29,334 - INFO - Param TOC finished updating
2025-09-05 12:15:29,334 - INFO - Callback->Connection setup finished [radio://0/80/2M/E7E7E7E7E6]
2025-09-05 12:15:29,336 - INFO - Connected: radio://0/80/2M/E7E7E7E7E6
2025-09-05 12:15:29,347 - INFO - Have successfully started logging for id=1
2025-09-05 12:15:29,446 - INFO - Battery: 4.05V (safe)
2025-09-05 12:15:29,446 - INFO - Battery check passed: 4.05V
2025-09-05 12:15:29,447 - INFO - Initializing position estimator to origin...
2025-09-05 12:15:29,449 - INFO - Have successfully stopped logging for id=1
2025-09-05 12:15:29,450 - INFO - Have successfully deleted id=1
2025-09-05 12:15:30,714 - INFO - All parameters updated
2025-09-05 12:15:30,714 - INFO - Callback->Connection completed [radio://0/80/2M/E7E7E7E7E6]
2025-09-05 12:15:30,824 - INFO - Have successfully started logging for id=2
2025-09-05 12:15:37,320 - INFO - Waiting for position estimator...
2025-09-05 12:15:37,323 - INFO - Have successfully stopped logging for id=2
2025-09-05 12:15:37,324 - INFO - Have successfully deleted id=2
2025-09-05 12:15:37,330 - INFO - Have successfully started logging for id=3
2025-09-05 12:15:38,328 - INFO - Position estimator ready
2025-09-05 12:15:38,329 - INFO - Controller parameters optimized
2025-09-05 12:15:38,332 - INFO - Have successfully stopped logging for id=3
2025-09-05 12:15:38,333 - INFO - Have successfully deleted id=3
2025-09-05 12:15:42,702 - INFO - Start collection (slot:10ms)
2025-09-05 12:15:42,704 - INFO - Data collector started
2025-09-05 12:15:42,704 - INFO - Position manager started
2025-09-05 12:15:42,711 - INFO - Have successfully started logging for id=4
2025-09-05 12:15:42,711 - INFO - Have successfully started logging for id=5
2025-09-05 12:15:42,714 - INFO - Have successfully started logging for id=6
2025-09-05 12:15:42,805 - INFO - Position manager data flow is normal
2025-09-05 12:15:44,805 - INFO - Current position: (-0.003, -0.028, 0.054, 90.1°)
2025-09-05 12:15:44,805 - INFO - Using absolute coordinate system, ignoring takeoff position offset
2025-09-05 12:15:45,805 - INFO - Pre-flight stabilization to first waypoint: (0.000, 0.000, 0.300)
2025-09-05 12:15:45,955 - INFO - Waypoint1: absolute coordinates(0.000, 0.000, 0.300, yaw=90.0°)
2025-09-05 12:15:45,955 - INFO - Flying to coordinate: (0.000, 0.000, 0.300)
2025-09-05 12:15:46,865 - INFO - Approaching target (error=0.148m), entering stabilization phase
2025-09-05 12:15:47,855 - INFO - Reached waypoint (error=0.060m, stable_count=30)
2025-09-05 12:15:48,456 - INFO - Waypoint2: absolute coordinates(0.300, 0.000, 0.300, yaw=90.0°)
2025-09-05 12:15:48,456 - INFO - Flying to coordinate: (0.300, 0.000, 0.300)
2025-09-05 12:15:49,166 - INFO - Approaching target (error=0.139m), entering stabilization phase
2025-09-05 12:15:51,106 - INFO - Reached waypoint (error=0.046m, stable_count=30)
2025-09-05 12:15:51,706 - INFO - Waypoint3: absolute coordinates(0.300, 0.300, 0.300, yaw=90.0°)
2025-09-05 12:15:51,706 - INFO - Flying to coordinate: (0.300, 0.300, 0.300)
2025-09-05 12:15:52,306 - INFO - Approaching target (error=0.128m), entering stabilization phase
2025-09-05 12:15:52,747 - INFO - Reached waypoint (error=0.061m, stable_count=30)
2025-09-05 12:15:53,347 - INFO - Waypoint4: absolute coordinates(0.000, 0.300, 0.300, yaw=90.0°)
2025-09-05 12:15:53,347 - INFO - Flying to coordinate: (0.000, 0.300, 0.300)
2025-09-05 12:15:54,057 - INFO - Approaching target (error=0.148m), entering stabilization phase
2025-09-05 12:15:55,297 - INFO - Reached waypoint (error=0.034m, stable_count=30)
2025-09-05 12:15:55,898 - INFO - Waypoint5: absolute coordinates(0.000, 0.000, 0.300, yaw=90.0°)
2025-09-05 12:15:55,898 - INFO - Flying to coordinate: (0.000, 0.000, 0.300)
2025-09-05 12:15:56,508 - INFO - Approaching target (error=0.117m), entering stabilization phase
2025-09-05 12:15:56,898 - INFO - Reached waypoint (error=0.028m, stable_count=30)
2025-09-05 12:15:57,500 - INFO - Returning to origin and landing...
2025-09-05 12:15:57,500 - INFO - Flying to coordinate: (0.000, 0.000, 0.200)
2025-09-05 12:15:57,500 - INFO - Approaching target (error=0.101m), entering stabilization phase
2025-09-05 12:15:59,050 - INFO - Reached waypoint (error=0.042m, stable_count=30)
2025-09-05 12:15:59,050 - INFO - Landing...
2025-09-05 12:15:59,051 - INFO - Landing complete
2025-09-05 12:15:59,055 - INFO - Have successfully stopped logging for id=6
2025-09-05 12:15:59,152 - INFO - Position manager stopped
2025-09-05 12:15:59,153 - INFO - Flight mission complete
2025-09-05 12:15:59,153 - INFO - Stopping data collector...
2025-09-05 12:15:59,154 - INFO - Collection complete - stats: {'created': 1645, 'complete': 1645, 'merged': 0, 'dropped': 0}
2025-09-05 12:15:59,166 - INFO - Have successfully stopped logging for id=4
2025-09-05 12:15:59,170 - INFO - Have successfully stopped logging for id=5
2025-09-05 12:15:59,211 - INFO - Data saved: training_data/square_small_20250905_121559.json
2025-09-05 12:15:59,211 - INFO - States: 1645, Commands: 1076, Duration: 16.4s
2025-09-05 12:15:59,212 - INFO - Successfully saved 1645 state data points
2025-09-05 12:15:59,212 - INFO - Successfully saved 1076 control commands
2025-09-05 12:15:59,212 - INFO - Closing link
2025-09-05 12:15:59,213 - INFO - Callback->Disconnected from [radio://0/80/2M/E7E7E7E7E6]
