2025-09-04 15:35:30,221 - INFO - === Fixed continuous data collector ===
2025-09-04 15:35:30,221 - INFO - Mission: vertical_large
2025-09-04 15:35:30,221 - INFO - Waypoints (absolute coordinates): [(0, 0, 0.5), (0, 0, 1.0), (0, 0, 0.5)]
2025-09-04 15:35:30,221 - INFO - Callback->Connection initialized[radio://0/80/2M/E7E7E7E7E6]
2025-09-04 15:35:30,470 - INFO - We are connected[radio://0/80/2M/E7E7E7E7E6], request connection setup
2025-09-04 15:35:30,470 - INFO - Request _request_protocol_version()
2025-09-04 15:35:30,472 - INFO - Callback->Connected to [radio://0/80/2M/E7E7E7E7E6]
2025-09-04 15:35:30,478 - INFO - _crt_service_callback
2025-09-04 15:35:30,478 - INFO - Request protocol version
2025-09-04 15:35:30,481 - INFO - _platform_callback
2025-09-04 15:35:30,481 - INFO - Protocol version (platform): 9
2025-09-04 15:35:30,493 - INFO - TOC for port [5] found in cache
2025-09-04 15:35:30,493 - INFO - Log TOC finished updating
2025-09-04 15:35:30,497 - INFO - 6 memories found
2025-09-04 15:35:30,574 - INFO - Memories finished updating
2025-09-04 15:35:30,580 - INFO - TOC for port [2] found in cache
2025-09-04 15:35:31,027 - INFO - Param TOC finished updating
2025-09-04 15:35:31,027 - INFO - Callback->Connection setup finished [radio://0/80/2M/E7E7E7E7E6]
2025-09-04 15:35:31,028 - INFO - Connected: radio://0/80/2M/E7E7E7E7E6
2025-09-04 15:35:31,036 - INFO - Have successfully started logging for id=1
2025-09-04 15:35:31,136 - INFO - Battery: 3.89V (safe)
2025-09-04 15:35:31,137 - INFO - Battery check passed: 3.89V
2025-09-04 15:35:31,137 - INFO - Initializing position estimator to origin...
2025-09-04 15:35:31,140 - INFO - Have successfully stopped logging for id=1
2025-09-04 15:35:31,141 - INFO - Have successfully deleted id=1
2025-09-04 15:35:32,311 - INFO - All parameters updated
2025-09-04 15:35:32,311 - INFO - Callback->Connection completed [radio://0/80/2M/E7E7E7E7E6]
2025-09-04 15:35:32,419 - INFO - Have successfully started logging for id=2
2025-09-04 15:35:38,914 - INFO - Waiting for position estimator...
2025-09-04 15:35:38,916 - INFO - Have successfully stopped logging for id=2
2025-09-04 15:35:38,919 - INFO - Have successfully deleted id=2
2025-09-04 15:35:38,928 - INFO - Have successfully started logging for id=3
2025-09-04 15:35:39,921 - INFO - Position estimator ready
2025-09-04 15:35:39,922 - INFO - Controller parameters optimized
2025-09-04 15:35:39,924 - INFO - Have successfully stopped logging for id=3
2025-09-04 15:35:39,925 - INFO - Have successfully deleted id=3
2025-09-04 15:35:41,998 - INFO - Start collection (slot:10ms)
2025-09-04 15:35:42,003 - INFO - Data collector started
2025-09-04 15:35:42,004 - INFO - Position manager started
2025-09-04 15:35:42,010 - INFO - Have successfully started logging for id=4
2025-09-04 15:35:42,012 - INFO - Have successfully started logging for id=5
2025-09-04 15:35:42,013 - INFO - Have successfully started logging for id=6
2025-09-04 15:35:42,104 - INFO - Position manager data flow is normal
2025-09-04 15:35:44,105 - INFO - Current position: (-0.003, 0.034, 0.000, 90.4°)
2025-09-04 15:35:44,105 - INFO - Using absolute coordinate system, ignoring takeoff position offset
2025-09-04 15:35:45,105 - INFO - Pre-flight stabilization to first waypoint: (0.000, 0.000, 0.500)
2025-09-04 15:35:45,256 - INFO - Waypoint1: absolute coordinates(0.000, 0.000, 0.500, yaw=90.0°)
2025-09-04 15:35:45,256 - INFO - Flying to coordinate: (0.000, 0.000, 0.500)
2025-09-04 15:35:55,256 - WARNING - Waypoint timeout 10.0s (final error may still be acceptable)
2025-09-04 15:35:55,256 - WARNING - Waypoint1 not fully reached, continuing execution
2025-09-04 15:35:55,857 - INFO - Waypoint2: absolute coordinates(0.000, 0.000, 1.000, yaw=90.0°)
2025-09-04 15:35:55,857 - INFO - Flying to coordinate: (0.000, 0.000, 1.000)
2025-09-04 15:36:01,500 - INFO - Have successfully stopped logging for id=6
2025-09-04 15:36:01,597 - INFO - Position manager stopped
2025-09-04 15:36:01,598 - INFO - Stopping data collector...
2025-09-04 15:36:01,600 - INFO - Collection complete - stats: {'created': 1961, 'complete': 1959, 'merged': 0, 'dropped': 1}
2025-09-04 15:36:01,607 - INFO - Have successfully stopped logging for id=4
2025-09-04 15:36:01,615 - INFO - Have successfully stopped logging for id=5
2025-09-04 15:36:01,671 - INFO - Data saved: training_data/vertical_large_20250904_153601.json
2025-09-04 15:36:01,671 - INFO - States: 1959, Commands: 1590, Duration: 19.6s
2025-09-04 15:36:01,671 - INFO - Successfully saved 1959 state data points
2025-09-04 15:36:01,671 - INFO - Successfully saved 1590 control commands
2025-09-04 15:36:01,671 - INFO - Closing link
2025-09-04 15:36:01,672 - INFO - Callback->Disconnected from [radio://0/80/2M/E7E7E7E7E6]
2025-09-04 15:36:01,772 - INFO - User interrupted
