2025-09-04 13:06:12,893 - INFO - === Fixed continuous data collector ===
2025-09-04 13:06:12,893 - INFO - Mission: vertical_small
2025-09-04 13:06:12,893 - INFO - Waypoints (absolute coordinates): [(0, 0, 0.3), (0, 0, 0.6), (0, 0, 0.9), (0, 0, 0.6), (0, 0, 0.3)]
2025-09-04 13:06:12,893 - INFO - Callback->Connection initialized[radio://0/80/2M/E7E7E7E7E6]
2025-09-04 13:06:13,144 - INFO - We are connected[radio://0/80/2M/E7E7E7E7E6], request connection setup
2025-09-04 13:06:13,144 - INFO - Request _request_protocol_version()
2025-09-04 13:06:13,152 - INFO - Callback->Connected to [radio://0/80/2M/E7E7E7E7E6]
2025-09-04 13:06:13,157 - INFO - _crt_service_callback
2025-09-04 13:06:13,157 - INFO - Request protocol version
2025-09-04 13:06:13,166 - INFO - _platform_callback
2025-09-04 13:06:13,166 - INFO - Protocol version (platform): 9
2025-09-04 13:06:13,184 - INFO - TOC for port [5] found in cache
2025-09-04 13:06:13,184 - INFO - Log TOC finished updating
2025-09-04 13:06:13,187 - INFO - 6 memories found
2025-09-04 13:06:13,281 - INFO - Memories finished updating
2025-09-04 13:06:13,293 - INFO - TOC for port [2] found in cache
2025-09-04 13:06:13,856 - INFO - Param TOC finished updating
2025-09-04 13:06:13,856 - INFO - Callback->Connection setup finished [radio://0/80/2M/E7E7E7E7E6]
2025-09-04 13:06:13,857 - INFO - Connected: radio://0/80/2M/E7E7E7E7E6
2025-09-04 13:06:13,869 - INFO - Have successfully started logging for id=1
2025-09-04 13:06:13,969 - INFO - Battery: 3.95V (safe)
2025-09-04 13:06:13,969 - INFO - Battery check passed: 3.95V
2025-09-04 13:06:13,970 - INFO - Initializing position estimator to origin...
2025-09-04 13:06:13,972 - INFO - Have successfully stopped logging for id=1
2025-09-04 13:06:13,973 - INFO - Have successfully deleted id=1
2025-09-04 13:06:15,530 - INFO - All parameters updated
2025-09-04 13:06:15,530 - INFO - Callback->Connection completed [radio://0/80/2M/E7E7E7E7E6]
2025-09-04 13:06:15,645 - INFO - Have successfully started logging for id=2
2025-09-04 13:06:22,136 - INFO - Waiting for position estimator...
2025-09-04 13:06:22,141 - INFO - Have successfully stopped logging for id=2
2025-09-04 13:06:22,142 - INFO - Have successfully deleted id=2
2025-09-04 13:06:22,149 - INFO - Have successfully started logging for id=3
2025-09-04 13:06:23,147 - INFO - Position estimator ready
2025-09-04 13:06:23,148 - INFO - Controller parameters optimized
2025-09-04 13:06:23,151 - INFO - Have successfully stopped logging for id=3
2025-09-04 13:06:23,152 - INFO - Have successfully deleted id=3
2025-09-04 13:06:32,974 - INFO - Start collection (slot:10ms)
2025-09-04 13:06:32,975 - INFO - Data collector started
2025-09-04 13:06:32,976 - INFO - Position manager started
2025-09-04 13:06:32,984 - INFO - Have successfully started logging for id=4
2025-09-04 13:06:32,986 - INFO - Have successfully started logging for id=5
2025-09-04 13:06:32,987 - INFO - Have successfully started logging for id=6
2025-09-04 13:06:33,076 - INFO - Position manager data flow is normal
2025-09-04 13:06:35,077 - INFO - Current position: (0.041, 0.063, 0.003, 90.6°)
2025-09-04 13:06:35,077 - INFO - Using absolute coordinate system, ignoring takeoff position offset
2025-09-04 13:06:36,077 - INFO - Pre-flight stabilization to first waypoint: (0.000, 0.000, 0.300)
2025-09-04 13:06:36,227 - INFO - Waypoint1: absolute coordinates(0.000, 0.000, 0.300, yaw=90.0°)
2025-09-04 13:06:36,227 - INFO - Flying to coordinate: (0.000, 0.000, 0.300)
2025-09-04 13:06:37,387 - INFO - Approaching target (error=0.144m), entering stabilization phase
2025-09-04 13:06:40,577 - INFO - Reached waypoint (error=0.062m, stable_count=30)
2025-09-04 13:06:41,177 - INFO - Waypoint2: absolute coordinates(0.000, 0.000, 0.600, yaw=90.0°)
2025-09-04 13:06:41,177 - INFO - Flying to coordinate: (0.000, 0.000, 0.600)
2025-09-04 13:06:41,638 - INFO - Approaching target (error=0.136m), entering stabilization phase
2025-09-04 13:06:42,328 - INFO - Reached waypoint (error=0.061m, stable_count=30)
2025-09-04 13:06:42,928 - INFO - Waypoint3: absolute coordinates(0.000, 0.000, 0.900, yaw=90.0°)
2025-09-04 13:06:42,928 - INFO - Flying to coordinate: (0.000, 0.000, 0.900)
2025-09-04 13:06:43,298 - INFO - Approaching target (error=0.131m), entering stabilization phase
2025-09-04 13:06:43,818 - INFO - Reached waypoint (error=0.053m, stable_count=30)
2025-09-04 13:06:44,418 - INFO - Waypoint4: absolute coordinates(0.000, 0.000, 0.600, yaw=90.0°)
2025-09-04 13:06:44,418 - INFO - Flying to coordinate: (0.000, 0.000, 0.600)
2025-09-04 13:06:45,279 - INFO - Approaching target (error=0.148m), entering stabilization phase
2025-09-04 13:06:45,819 - INFO - Reached waypoint (error=0.055m, stable_count=30)
2025-09-04 13:06:46,419 - INFO - Waypoint5: absolute coordinates(0.000, 0.000, 0.300, yaw=90.0°)
2025-09-04 13:06:46,419 - INFO - Flying to coordinate: (0.000, 0.000, 0.300)
2025-09-04 13:06:47,129 - INFO - Approaching target (error=0.146m), entering stabilization phase
2025-09-04 13:06:47,819 - INFO - Reached waypoint (error=0.042m, stable_count=30)
2025-09-04 13:06:48,420 - INFO - Returning to origin and landing...
2025-09-04 13:06:48,420 - INFO - Flying to coordinate: (0.000, 0.000, 0.200)
2025-09-04 13:06:48,420 - INFO - Approaching target (error=0.068m), entering stabilization phase
2025-09-04 13:06:48,721 - INFO - Reached waypoint (error=0.037m, stable_count=30)
2025-09-04 13:06:48,721 - INFO - Landing...
2025-09-04 13:06:48,721 - INFO - Landing complete
2025-09-04 13:06:48,726 - INFO - Have successfully stopped logging for id=6
2025-09-04 13:06:48,823 - INFO - Position manager stopped
2025-09-04 13:06:48,824 - INFO - Flight mission complete
2025-09-04 13:06:48,824 - INFO - Stopping data collector...
2025-09-04 13:06:48,826 - INFO - Collection complete - stats: {'created': 1585, 'complete': 1585, 'merged': 0, 'dropped': 0}
2025-09-04 13:06:48,832 - INFO - Have successfully stopped logging for id=4
2025-09-04 13:06:48,835 - INFO - Have successfully stopped logging for id=5
2025-09-04 13:06:48,881 - INFO - Data saved: training_data/vertical_small_20250904_130648.json
2025-09-04 13:06:48,881 - INFO - States: 1585, Commands: 1015, Duration: 15.8s
2025-09-04 13:06:48,881 - INFO - Successfully saved 1585 state data points
2025-09-04 13:06:48,881 - INFO - Successfully saved 1015 control commands
2025-09-04 13:06:48,881 - INFO - Closing link
2025-09-04 13:06:48,882 - INFO - Callback->Disconnected from [radio://0/80/2M/E7E7E7E7E6]
