2025-09-04 12:10:01,137 - INFO - === Fixed continuous data collector ===
2025-09-04 12:10:01,138 - INFO - Mission: vertical_small
2025-09-04 12:10:01,138 - INFO - Waypoints (absolute coordinates): [(0, 0, 0.3), (0, 0, 0.6), (0, 0, 0.9), (0, 0, 0.6), (0, 0, 0.3)]
2025-09-04 12:10:01,138 - INFO - Callback->Connection initialized[radio://0/80/2M/E7E7E7E7E6]
2025-09-04 12:10:01,389 - INFO - We are connected[radio://0/80/2M/E7E7E7E7E6], request connection setup
2025-09-04 12:10:01,389 - INFO - Request _request_protocol_version()
2025-09-04 12:10:01,393 - INFO - Callback->Connected to [radio://0/80/2M/E7E7E7E7E6]
2025-09-04 12:10:01,478 - INFO - _crt_service_callback
2025-09-04 12:10:01,478 - INFO - Request protocol version
2025-09-04 12:10:01,482 - INFO - _platform_callback
2025-09-04 12:10:01,482 - INFO - Protocol version (platform): 9
2025-09-04 12:10:01,492 - INFO - TOC for port [5] found in cache
2025-09-04 12:10:01,492 - INFO - Log TOC finished updating
2025-09-04 12:10:01,495 - INFO - 6 memories found
2025-09-04 12:10:01,574 - INFO - Memories finished updating
2025-09-04 12:10:01,580 - INFO - TOC for port [2] found in cache
2025-09-04 12:10:02,066 - INFO - Param TOC finished updating
2025-09-04 12:10:02,066 - INFO - Callback->Connection setup finished [radio://0/80/2M/E7E7E7E7E6]
2025-09-04 12:10:02,067 - INFO - Connected: radio://0/80/2M/E7E7E7E7E6
2025-09-04 12:10:02,078 - INFO - Have successfully started logging for id=1
2025-09-04 12:10:02,178 - INFO - Battery: 4.10V (safe)
2025-09-04 12:10:02,180 - INFO - Battery check passed: 4.10V
2025-09-04 12:10:02,180 - INFO - Initializing position estimator to origin...
2025-09-04 12:10:02,183 - INFO - Have successfully stopped logging for id=1
2025-09-04 12:10:02,184 - INFO - Have successfully deleted id=1
2025-09-04 12:10:03,291 - INFO - All parameters updated
2025-09-04 12:10:03,291 - INFO - Callback->Connection completed [radio://0/80/2M/E7E7E7E7E6]
2025-09-04 12:10:03,408 - INFO - Have successfully started logging for id=2
2025-09-04 12:10:09,904 - INFO - Waiting for position estimator...
2025-09-04 12:10:09,907 - INFO - Have successfully stopped logging for id=2
2025-09-04 12:10:09,908 - INFO - Have successfully deleted id=2
2025-09-04 12:10:09,914 - INFO - Have successfully started logging for id=3
2025-09-04 12:10:10,915 - INFO - Position estimator ready
2025-09-04 12:10:10,917 - INFO - Controller parameters optimized
2025-09-04 12:10:10,919 - INFO - Have successfully stopped logging for id=3
2025-09-04 12:10:10,922 - INFO - Have successfully deleted id=3
2025-09-04 12:10:13,921 - INFO - Start collection (slot:10ms)
2025-09-04 12:10:13,922 - INFO - Data collector started
2025-09-04 12:10:13,925 - INFO - Position manager started
2025-09-04 12:10:13,933 - INFO - Have successfully started logging for id=4
2025-09-04 12:10:13,935 - INFO - Have successfully started logging for id=5
2025-09-04 12:10:13,936 - INFO - Have successfully started logging for id=6
2025-09-04 12:10:14,025 - INFO - Position manager data flow is normal
2025-09-04 12:10:16,025 - INFO - Current position: (0.027, 0.072, -0.003, 90.0°)
2025-09-04 12:10:16,025 - INFO - Using absolute coordinate system, ignoring takeoff position offset
2025-09-04 12:10:17,025 - INFO - Pre-flight stabilization to first waypoint: (0.000, 0.000, 0.300)
2025-09-04 12:10:17,176 - INFO - Waypoint1: absolute coordinates(0.000, 0.000, 0.300, yaw=90.0°)
2025-09-04 12:10:17,176 - INFO - Flying to coordinate: (0.000, 0.000, 0.300)
2025-09-04 12:10:17,948 - WARNING - Control timing drift detected - resyncing
2025-09-04 12:10:18,189 - INFO - Approaching target (error=0.141m), entering stabilization phase
2025-09-04 12:10:18,829 - INFO - Reached waypoint (error=0.052m, stable_count=30)
2025-09-04 12:10:19,429 - INFO - Waypoint2: absolute coordinates(0.000, 0.000, 0.600, yaw=90.0°)
2025-09-04 12:10:19,429 - INFO - Flying to coordinate: (0.000, 0.000, 0.600)
2025-09-04 12:10:19,889 - INFO - Approaching target (error=0.137m), entering stabilization phase
2025-09-04 12:10:20,379 - INFO - Reached waypoint (error=0.045m, stable_count=30)
2025-09-04 12:10:20,981 - INFO - Waypoint3: absolute coordinates(0.000, 0.000, 0.900, yaw=90.0°)
2025-09-04 12:10:20,981 - INFO - Flying to coordinate: (0.000, 0.000, 0.900)
2025-09-04 12:10:21,381 - INFO - Approaching target (error=0.127m), entering stabilization phase
2025-09-04 12:10:21,821 - INFO - Reached waypoint (error=0.038m, stable_count=30)
2025-09-04 12:10:22,421 - INFO - Waypoint4: absolute coordinates(0.000, 0.000, 0.600, yaw=90.0°)
2025-09-04 12:10:22,421 - INFO - Flying to coordinate: (0.000, 0.000, 0.600)
2025-09-04 12:10:23,531 - INFO - Approaching target (error=0.145m), entering stabilization phase
2025-09-04 12:10:24,271 - INFO - Reached waypoint (error=0.062m, stable_count=30)
2025-09-04 12:10:24,872 - INFO - Waypoint5: absolute coordinates(0.000, 0.000, 0.300, yaw=90.0°)
2025-09-04 12:10:24,872 - INFO - Flying to coordinate: (0.000, 0.000, 0.300)
2025-09-04 12:10:25,532 - INFO - Approaching target (error=0.142m), entering stabilization phase
2025-09-04 12:10:26,172 - INFO - Reached waypoint (error=0.031m, stable_count=30)
2025-09-04 12:10:26,772 - INFO - Returning to origin and landing...
2025-09-04 12:10:26,772 - INFO - Flying to coordinate: (0.000, 0.000, 0.200)
2025-09-04 12:10:26,772 - INFO - Approaching target (error=0.080m), entering stabilization phase
2025-09-04 12:10:27,072 - INFO - Reached waypoint (error=0.066m, stable_count=30)
2025-09-04 12:10:27,072 - INFO - Landing...
2025-09-04 12:10:27,073 - INFO - Landing complete
2025-09-04 12:10:27,078 - INFO - Have successfully stopped logging for id=6
2025-09-04 12:10:27,175 - INFO - Position manager stopped
2025-09-04 12:10:27,176 - INFO - Flight mission complete
2025-09-04 12:10:27,176 - INFO - Stopping data collector...
2025-09-04 12:10:27,178 - INFO - Collection complete - stats: {'created': 1325, 'complete': 1325, 'merged': 0, 'dropped': 0}
2025-09-04 12:10:27,183 - INFO - Have successfully stopped logging for id=4
2025-09-04 12:10:27,186 - INFO - Have successfully stopped logging for id=5
2025-09-04 12:10:27,223 - INFO - Data saved: training_data/vertical_small_20250904_121027.json
2025-09-04 12:10:27,223 - INFO - States: 1325, Commands: 751, Duration: 13.3s
2025-09-04 12:10:27,223 - INFO - Successfully saved 1325 state data points
2025-09-04 12:10:27,223 - INFO - Successfully saved 751 control commands
2025-09-04 12:10:27,223 - INFO - Closing link
2025-09-04 12:10:27,224 - INFO - Callback->Disconnected from [radio://0/80/2M/E7E7E7E7E6]
