2025-09-05 12:08:20,128 - INFO - === Fixed continuous data collector ===
2025-09-05 12:08:20,128 - INFO - Mission: square_small
2025-09-05 12:08:20,128 - INFO - Waypoints (absolute coordinates): [(0, 0, 0.3), (0.3, 0, 0.3), (0.3, 0.3, 0.3), (0, 0.3, 0.3), (0, 0, 0.3)]
2025-09-05 12:08:20,129 - INFO - Callback->Connection initialized[radio://0/80/2M/E7E7E7E7E6]
2025-09-05 12:08:20,379 - INFO - We are connected[radio://0/80/2M/E7E7E7E7E6], request connection setup
2025-09-05 12:08:20,379 - INFO - Request _request_protocol_version()
2025-09-05 12:08:20,382 - INFO - Callback->Connected to [radio://0/80/2M/E7E7E7E7E6]
2025-09-05 12:08:20,385 - INFO - _crt_service_callback
2025-09-05 12:08:20,385 - INFO - Request protocol version
2025-09-05 12:08:20,390 - INFO - _platform_callback
2025-09-05 12:08:20,390 - INFO - Protocol version (platform): 9
2025-09-05 12:08:20,400 - INFO - TOC for port [5] found in cache
2025-09-05 12:08:20,401 - INFO - Log TOC finished updating
2025-09-05 12:08:20,404 - INFO - 6 memories found
2025-09-05 12:08:20,483 - INFO - Memories finished updating
2025-09-05 12:08:20,488 - INFO - TOC for port [2] found in cache
2025-09-05 12:08:20,987 - INFO - Param TOC finished updating
2025-09-05 12:08:20,987 - INFO - Callback->Connection setup finished [radio://0/80/2M/E7E7E7E7E6]
2025-09-05 12:08:20,988 - INFO - Connected: radio://0/80/2M/E7E7E7E7E6
2025-09-05 12:08:20,998 - INFO - Have successfully started logging for id=1
2025-09-05 12:08:21,099 - INFO - Battery: 3.93V (safe)
2025-09-05 12:08:21,101 - INFO - Battery check passed: 3.93V
2025-09-05 12:08:21,101 - INFO - Initializing position estimator to origin...
2025-09-05 12:08:21,104 - INFO - Have successfully stopped logging for id=1
2025-09-05 12:08:21,105 - INFO - Have successfully deleted id=1
2025-09-05 12:08:22,251 - INFO - All parameters updated
2025-09-05 12:08:22,251 - INFO - Callback->Connection completed [radio://0/80/2M/E7E7E7E7E6]
2025-09-05 12:08:22,360 - INFO - Have successfully started logging for id=2
2025-09-05 12:08:28,858 - INFO - Waiting for position estimator...
2025-09-05 12:08:28,861 - INFO - Have successfully stopped logging for id=2
2025-09-05 12:08:28,862 - INFO - Have successfully deleted id=2
2025-09-05 12:08:28,868 - INFO - Have successfully started logging for id=3
2025-09-05 12:08:29,866 - INFO - Position estimator ready
2025-09-05 12:08:29,867 - INFO - Controller parameters optimized
2025-09-05 12:08:29,870 - INFO - Have successfully stopped logging for id=3
2025-09-05 12:08:29,871 - INFO - Have successfully deleted id=3
2025-09-05 12:08:44,180 - INFO - Start collection (slot:10ms)
2025-09-05 12:08:44,181 - INFO - Data collector started
2025-09-05 12:08:44,182 - INFO - Position manager started
2025-09-05 12:08:44,191 - INFO - Have successfully started logging for id=4
2025-09-05 12:08:44,192 - INFO - Have successfully started logging for id=5
2025-09-05 12:08:44,195 - INFO - Have successfully started logging for id=6
2025-09-05 12:08:44,282 - INFO - Position manager data flow is normal
2025-09-05 12:08:46,283 - INFO - Current position: (0.000, 0.022, -0.022, 90.3°)
2025-09-05 12:08:46,283 - INFO - Using absolute coordinate system, ignoring takeoff position offset
2025-09-05 12:08:47,283 - INFO - Pre-flight stabilization to first waypoint: (0.000, 0.000, 0.300)
2025-09-05 12:08:47,435 - INFO - Waypoint1: absolute coordinates(0.000, 0.000, 0.300, yaw=90.0°)
2025-09-05 12:08:47,435 - INFO - Flying to coordinate: (0.000, 0.000, 0.300)
2025-09-05 12:08:48,245 - INFO - Approaching target (error=0.146m), entering stabilization phase
2025-09-05 12:08:48,985 - INFO - Reached waypoint (error=0.047m, stable_count=30)
2025-09-05 12:08:49,586 - INFO - Waypoint2: absolute coordinates(0.300, 0.000, 0.300, yaw=90.0°)
2025-09-05 12:08:49,586 - INFO - Flying to coordinate: (0.300, 0.000, 0.300)
2025-09-05 12:08:50,296 - INFO - Approaching target (error=0.126m), entering stabilization phase
2025-09-05 12:08:51,886 - INFO - Reached waypoint (error=0.059m, stable_count=30)
2025-09-05 12:08:52,486 - INFO - Waypoint3: absolute coordinates(0.300, 0.300, 0.300, yaw=90.0°)
2025-09-05 12:08:52,486 - INFO - Flying to coordinate: (0.300, 0.300, 0.300)
2025-09-05 12:08:53,037 - INFO - Approaching target (error=0.126m), entering stabilization phase
2025-09-05 12:08:53,437 - INFO - Reached waypoint (error=0.029m, stable_count=30)
2025-09-05 12:08:54,037 - INFO - Waypoint4: absolute coordinates(0.000, 0.300, 0.300, yaw=90.0°)
2025-09-05 12:08:54,037 - INFO - Flying to coordinate: (0.000, 0.300, 0.300)
2025-09-05 12:08:54,487 - INFO - Approaching target (error=0.150m), entering stabilization phase
2025-09-05 12:08:56,177 - INFO - Reached waypoint (error=0.026m, stable_count=30)
2025-09-05 12:08:56,779 - INFO - Waypoint5: absolute coordinates(0.000, 0.000, 0.300, yaw=90.0°)
2025-09-05 12:08:56,779 - INFO - Flying to coordinate: (0.000, 0.000, 0.300)
2025-09-05 12:08:57,339 - INFO - Approaching target (error=0.142m), entering stabilization phase
2025-09-05 12:08:57,779 - INFO - Reached waypoint (error=0.055m, stable_count=30)
2025-09-05 12:08:58,379 - INFO - Returning to origin and landing...
2025-09-05 12:08:58,379 - INFO - Flying to coordinate: (0.000, 0.000, 0.200)
2025-09-05 12:08:58,589 - INFO - Approaching target (error=0.130m), entering stabilization phase
2025-09-05 12:08:59,279 - INFO - Reached waypoint (error=0.062m, stable_count=30)
2025-09-05 12:08:59,279 - INFO - Landing...
2025-09-05 12:08:59,280 - INFO - Landing complete
2025-09-05 12:08:59,284 - INFO - Have successfully stopped logging for id=6
2025-09-05 12:08:59,381 - INFO - Position manager stopped
2025-09-05 12:08:59,382 - INFO - Flight mission complete
2025-09-05 12:08:59,382 - INFO - Stopping data collector...
2025-09-05 12:08:59,385 - INFO - Collection complete - stats: {'created': 1520, 'complete': 1520, 'merged': 0, 'dropped': 0}
2025-09-05 12:08:59,393 - INFO - Have successfully stopped logging for id=4
2025-09-05 12:08:59,394 - INFO - Have successfully stopped logging for id=5
2025-09-05 12:08:59,437 - INFO - Data saved: training_data/square_small_20250905_120859.json
2025-09-05 12:08:59,437 - INFO - States: 1520, Commands: 951, Duration: 15.2s
2025-09-05 12:08:59,438 - INFO - Successfully saved 1520 state data points
2025-09-05 12:08:59,438 - INFO - Successfully saved 951 control commands
2025-09-05 12:08:59,438 - INFO - Closing link
2025-09-05 12:08:59,440 - INFO - Callback->Disconnected from [radio://0/80/2M/E7E7E7E7E6]
