2025-09-05 16:57:59,240 - INFO - === Fixed continuous data collector ===
2025-09-05 16:57:59,240 - INFO - Mission: triangle_med
2025-09-05 16:57:59,241 - INFO - Waypoints (absolute coordinates): [(0, 0, 0.6), (0.5, 0, 0.6), (0.25, 0.5, 0.6), (0, 0, 0.6)]
2025-09-05 16:57:59,241 - INFO - Callback->Connection initialized[radio://0/80/2M/E7E7E7E7E6]
2025-09-05 16:57:59,492 - INFO - We are connected[radio://0/80/2M/E7E7E7E7E6], request connection setup
2025-09-05 16:57:59,492 - INFO - Request _request_protocol_version()
2025-09-05 16:57:59,495 - INFO - Callback->Connected to [radio://0/80/2M/E7E7E7E7E6]
2025-09-05 16:57:59,500 - INFO - _crt_service_callback
2025-09-05 16:57:59,500 - INFO - Request protocol version
2025-09-05 16:57:59,505 - INFO - _platform_callback
2025-09-05 16:57:59,505 - INFO - Protocol version (platform): 9
2025-09-05 16:57:59,519 - INFO - TOC for port [5] found in cache
2025-09-05 16:57:59,519 - INFO - Log TOC finished updating
2025-09-05 16:57:59,523 - INFO - 6 memories found
2025-09-05 16:57:59,603 - INFO - Memories finished updating
2025-09-05 16:57:59,608 - INFO - TOC for port [2] found in cache
2025-09-05 16:58:00,048 - INFO - Param TOC finished updating
2025-09-05 16:58:00,048 - INFO - Callback->Connection setup finished [radio://0/80/2M/E7E7E7E7E6]
2025-09-05 16:58:00,049 - INFO - Connected: radio://0/80/2M/E7E7E7E7E6
2025-09-05 16:58:00,057 - INFO - Have successfully started logging for id=1
2025-09-05 16:58:00,157 - INFO - Battery: 3.91V (safe)
2025-09-05 16:58:00,158 - INFO - Battery check passed: 3.91V
2025-09-05 16:58:00,158 - INFO - Initializing position estimator to origin...
2025-09-05 16:58:00,161 - INFO - Have successfully stopped logging for id=1
2025-09-05 16:58:00,162 - INFO - Have successfully deleted id=1
2025-09-05 16:58:01,294 - INFO - All parameters updated
2025-09-05 16:58:01,294 - INFO - Callback->Connection completed [radio://0/80/2M/E7E7E7E7E6]
2025-09-05 16:58:01,404 - INFO - Have successfully started logging for id=2
2025-09-05 16:58:07,899 - INFO - Waiting for position estimator...
2025-09-05 16:58:07,902 - INFO - Have successfully stopped logging for id=2
2025-09-05 16:58:07,903 - INFO - Have successfully deleted id=2
2025-09-05 16:58:07,907 - INFO - Have successfully started logging for id=3
2025-09-05 16:58:08,907 - INFO - Position estimator ready
2025-09-05 16:58:08,908 - INFO - Controller parameters optimized
2025-09-05 16:58:08,911 - INFO - Have successfully stopped logging for id=3
2025-09-05 16:58:08,912 - INFO - Have successfully deleted id=3
2025-09-05 16:58:11,723 - INFO - Start collection (slot:10ms)
2025-09-05 16:58:11,724 - INFO - Data collector started
2025-09-05 16:58:11,725 - INFO - Position manager started
2025-09-05 16:58:11,731 - INFO - Have successfully started logging for id=4
2025-09-05 16:58:11,731 - INFO - Have successfully started logging for id=5
2025-09-05 16:58:11,733 - INFO - Have successfully started logging for id=6
2025-09-05 16:58:11,825 - INFO - Position manager data flow is normal
2025-09-05 16:58:13,826 - INFO - Current position: (-0.024, 0.009, 0.040, 89.7°)
2025-09-05 16:58:13,826 - INFO - Using absolute coordinate system, ignoring takeoff position offset
2025-09-05 16:58:14,826 - INFO - Pre-flight stabilization to first waypoint: (0.000, 0.000, 0.600)
2025-09-05 16:58:14,976 - INFO - Waypoint1: absolute coordinates(0.000, 0.000, 0.600, yaw=90.0°)
2025-09-05 16:58:14,976 - INFO - Flying to coordinate: (0.000, 0.000, 0.600)
2025-09-05 16:58:15,986 - INFO - Approaching target (error=0.150m), entering stabilization phase
2025-09-05 16:58:16,576 - INFO - Reached waypoint (error=0.032m, stable_count=30)
2025-09-05 16:58:17,177 - INFO - Waypoint2: absolute coordinates(0.500, 0.000, 0.600, yaw=90.0°)
2025-09-05 16:58:17,177 - INFO - Flying to coordinate: (0.500, 0.000, 0.600)
2025-09-05 16:58:17,937 - INFO - Approaching target (error=0.131m), entering stabilization phase
2025-09-05 16:58:20,377 - INFO - Reached waypoint (error=0.070m, stable_count=30)
2025-09-05 16:58:20,977 - INFO - Waypoint3: absolute coordinates(0.250, 0.500, 0.600, yaw=90.0°)
2025-09-05 16:58:20,977 - INFO - Flying to coordinate: (0.250, 0.500, 0.600)
2025-09-05 16:58:21,687 - INFO - Approaching target (error=0.116m), entering stabilization phase
2025-09-05 16:58:24,067 - INFO - Reached waypoint (error=0.059m, stable_count=30)
2025-09-05 16:58:24,667 - INFO - Waypoint4: absolute coordinates(0.000, 0.000, 0.600, yaw=90.0°)
2025-09-05 16:58:24,667 - INFO - Flying to coordinate: (0.000, 0.000, 0.600)
2025-09-05 16:58:25,378 - INFO - Approaching target (error=0.119m), entering stabilization phase
2025-09-05 16:58:25,928 - INFO - Reached waypoint (error=0.025m, stable_count=30)
2025-09-05 16:58:26,528 - INFO - Returning to origin and landing...
2025-09-05 16:58:26,528 - INFO - Flying to coordinate: (0.000, 0.000, 0.200)
2025-09-05 16:58:27,228 - INFO - Approaching target (error=0.149m), entering stabilization phase
2025-09-05 16:58:27,868 - INFO - Reached waypoint (error=0.044m, stable_count=30)
2025-09-05 16:58:27,868 - INFO - Landing...
2025-09-05 16:58:27,869 - INFO - Landing complete
2025-09-05 16:58:27,873 - INFO - Have successfully stopped logging for id=6
2025-09-05 16:58:27,970 - INFO - Position manager stopped
2025-09-05 16:58:27,972 - INFO - Flight mission complete
2025-09-05 16:58:27,972 - INFO - Stopping data collector...
2025-09-05 16:58:27,973 - INFO - Collection complete - stats: {'created': 1625, 'complete': 1625, 'merged': 0, 'dropped': 0}
2025-09-05 16:58:27,980 - INFO - Have successfully stopped logging for id=4
2025-09-05 16:58:27,983 - INFO - Have successfully stopped logging for id=5
2025-09-05 16:58:28,033 - INFO - Data saved: training_data/triangle_med_20250905_165827.json
2025-09-05 16:58:28,033 - INFO - States: 1625, Commands: 1104, Duration: 16.2s
2025-09-05 16:58:28,033 - INFO - Successfully saved 1625 state data points
2025-09-05 16:58:28,033 - INFO - Successfully saved 1104 control commands
2025-09-05 16:58:28,033 - INFO - Closing link
2025-09-05 16:58:28,034 - INFO - Callback->Disconnected from [radio://0/80/2M/E7E7E7E7E6]
