2025-09-05 13:22:57,314 - INFO - === Fixed continuous data collector ===
2025-09-05 13:22:57,314 - INFO - Mission: square_med
2025-09-05 13:22:57,314 - INFO - Waypoints (absolute coordinates): [(0, 0, 0.4), (0.5, 0, 0.4), (0.5, 0.5, 0.4), (0, 0.5, 0.4), (0, 0, 0.4)]
2025-09-05 13:22:57,315 - INFO - Callback->Connection initialized[radio://0/80/2M/E7E7E7E7E6]
2025-09-05 13:22:57,567 - INFO - We are connected[radio://0/80/2M/E7E7E7E7E6], request connection setup
2025-09-05 13:22:57,567 - INFO - Request _request_protocol_version()
2025-09-05 13:22:57,572 - INFO - Callback->Connected to [radio://0/80/2M/E7E7E7E7E6]
2025-09-05 13:22:57,645 - INFO - _crt_service_callback
2025-09-05 13:22:57,645 - INFO - Request protocol version
2025-09-05 13:22:57,649 - INFO - _platform_callback
2025-09-05 13:22:57,649 - INFO - Protocol version (platform): 9
2025-09-05 13:22:57,661 - INFO - TOC for port [5] found in cache
2025-09-05 13:22:57,661 - INFO - Log TOC finished updating
2025-09-05 13:22:57,664 - INFO - 6 memories found
2025-09-05 13:22:57,741 - INFO - Memories finished updating
2025-09-05 13:22:57,746 - INFO - TOC for port [2] found in cache
2025-09-05 13:22:58,320 - INFO - Param TOC finished updating
2025-09-05 13:22:58,320 - INFO - Callback->Connection setup finished [radio://0/80/2M/E7E7E7E7E6]
2025-09-05 13:22:58,321 - INFO - Connected: radio://0/80/2M/E7E7E7E7E6
2025-09-05 13:22:58,338 - INFO - Have successfully started logging for id=1
2025-09-05 13:22:58,439 - INFO - Battery: 3.96V (safe)
2025-09-05 13:22:58,439 - INFO - Battery check passed: 3.96V
2025-09-05 13:22:58,439 - INFO - Initializing position estimator to origin...
2025-09-05 13:22:58,442 - INFO - Have successfully stopped logging for id=1
2025-09-05 13:22:58,444 - INFO - Have successfully deleted id=1
2025-09-05 13:22:59,708 - INFO - All parameters updated
2025-09-05 13:22:59,708 - INFO - Callback->Connection completed [radio://0/80/2M/E7E7E7E7E6]
2025-09-05 13:22:59,818 - INFO - Have successfully started logging for id=2
2025-09-05 13:23:06,813 - INFO - Waiting for position estimator...
2025-09-05 13:23:06,816 - INFO - Have successfully stopped logging for id=2
2025-09-05 13:23:06,817 - INFO - Have successfully deleted id=2
2025-09-05 13:23:06,825 - INFO - Have successfully started logging for id=3
2025-09-05 13:23:07,822 - INFO - Position estimator ready
2025-09-05 13:23:07,824 - INFO - Controller parameters optimized
2025-09-05 13:23:07,829 - INFO - Have successfully stopped logging for id=3
2025-09-05 13:23:07,830 - INFO - Have successfully deleted id=3
2025-09-05 13:23:12,567 - INFO - Start collection (slot:10ms)
2025-09-05 13:23:12,568 - INFO - Data collector started
2025-09-05 13:23:12,569 - INFO - Position manager started
2025-09-05 13:23:12,576 - INFO - Have successfully started logging for id=4
2025-09-05 13:23:12,577 - INFO - Have successfully started logging for id=5
2025-09-05 13:23:12,581 - INFO - Have successfully started logging for id=6
2025-09-05 13:23:12,669 - INFO - Position manager data flow is normal
2025-09-05 13:23:14,669 - INFO - Current position: (0.029, 0.029, -0.011, 90.7°)
2025-09-05 13:23:14,670 - INFO - Using absolute coordinate system, ignoring takeoff position offset
2025-09-05 13:23:15,670 - INFO - Pre-flight stabilization to first waypoint: (0.000, 0.000, 0.400)
2025-09-05 13:23:15,822 - INFO - Waypoint1: absolute coordinates(0.000, 0.000, 0.400, yaw=90.0°)
2025-09-05 13:23:15,822 - INFO - Flying to coordinate: (0.000, 0.000, 0.400)
2025-09-05 13:23:16,782 - INFO - Approaching target (error=0.148m), entering stabilization phase
2025-09-05 13:23:17,422 - INFO - Reached waypoint (error=0.033m, stable_count=30)
2025-09-05 13:23:18,023 - INFO - Waypoint2: absolute coordinates(0.500, 0.000, 0.400, yaw=90.0°)
2025-09-05 13:23:18,023 - INFO - Flying to coordinate: (0.500, 0.000, 0.400)
2025-09-05 13:23:18,883 - INFO - Approaching target (error=0.137m), entering stabilization phase
2025-09-05 13:23:20,773 - INFO - Reached waypoint (error=0.068m, stable_count=30)
2025-09-05 13:23:21,374 - INFO - Waypoint3: absolute coordinates(0.500, 0.500, 0.400, yaw=90.0°)
2025-09-05 13:23:21,374 - INFO - Flying to coordinate: (0.500, 0.500, 0.400)
2025-09-05 13:23:22,024 - INFO - Approaching target (error=0.147m), entering stabilization phase
2025-09-05 13:23:23,014 - INFO - Reached waypoint (error=0.056m, stable_count=30)
2025-09-05 13:23:23,616 - INFO - Waypoint4: absolute coordinates(0.000, 0.500, 0.400, yaw=90.0°)
2025-09-05 13:23:23,616 - INFO - Flying to coordinate: (0.000, 0.500, 0.400)
2025-09-05 13:23:24,176 - INFO - Approaching target (error=0.146m), entering stabilization phase
2025-09-05 13:23:24,566 - INFO - Reached waypoint (error=0.014m, stable_count=30)
2025-09-05 13:23:25,166 - INFO - Waypoint5: absolute coordinates(0.000, 0.000, 0.400, yaw=90.0°)
2025-09-05 13:23:25,166 - INFO - Flying to coordinate: (0.000, 0.000, 0.400)
2025-09-05 13:23:25,826 - INFO - Approaching target (error=0.138m), entering stabilization phase
2025-09-05 13:23:26,216 - INFO - Reached waypoint (error=0.028m, stable_count=30)
2025-09-05 13:23:26,817 - INFO - Returning to origin and landing...
2025-09-05 13:23:26,817 - INFO - Flying to coordinate: (0.000, 0.000, 0.200)
2025-09-05 13:23:27,327 - INFO - Approaching target (error=0.147m), entering stabilization phase
2025-09-05 13:23:28,117 - INFO - Reached waypoint (error=0.065m, stable_count=30)
2025-09-05 13:23:28,117 - INFO - Landing...
2025-09-05 13:23:28,117 - INFO - Landing complete
2025-09-05 13:23:28,121 - INFO - Have successfully stopped logging for id=6
2025-09-05 13:23:28,218 - INFO - Position manager stopped
2025-09-05 13:23:28,219 - INFO - Flight mission complete
2025-09-05 13:23:28,219 - INFO - Stopping data collector...
2025-09-05 13:23:28,221 - INFO - Collection complete - stats: {'created': 1565, 'complete': 1565, 'merged': 0, 'dropped': 0}
2025-09-05 13:23:28,231 - INFO - Have successfully stopped logging for id=4
2025-09-05 13:23:28,232 - INFO - Have successfully stopped logging for id=5
2025-09-05 13:23:28,275 - INFO - Data saved: training_data/square_med_20250905_132328.json
2025-09-05 13:23:28,275 - INFO - States: 1565, Commands: 997, Duration: 15.6s
2025-09-05 13:23:28,276 - INFO - Successfully saved 1565 state data points
2025-09-05 13:23:28,276 - INFO - Successfully saved 997 control commands
2025-09-05 13:23:28,276 - INFO - Closing link
2025-09-05 13:23:28,276 - INFO - Callback->Disconnected from [radio://0/80/2M/E7E7E7E7E6]
