2025-09-05 15:15:35,917 - INFO - === Fixed continuous data collector ===
2025-09-05 15:15:35,917 - INFO - Mission: square_large
2025-09-05 15:15:35,918 - INFO - Waypoints (absolute coordinates): [(0, 0, 0.5), (0.7, 0, 0.5), (0.7, 0.7, 0.5), (0, 0.7, 0.5), (0, 0, 0.5)]
2025-09-05 15:15:35,918 - INFO - Callback->Connection initialized[radio://0/80/2M/E7E7E7E7E6]
2025-09-05 15:15:36,168 - INFO - We are connected[radio://0/80/2M/E7E7E7E7E6], request connection setup
2025-09-05 15:15:36,168 - INFO - Request _request_protocol_version()
2025-09-05 15:15:36,171 - INFO - Callback->Connected to [radio://0/80/2M/E7E7E7E7E6]
2025-09-05 15:15:36,180 - INFO - _crt_service_callback
2025-09-05 15:15:36,180 - INFO - Request protocol version
2025-09-05 15:15:36,187 - INFO - _platform_callback
2025-09-05 15:15:36,187 - INFO - Protocol version (platform): 9
2025-09-05 15:15:36,196 - INFO - TOC for port [5] found in cache
2025-09-05 15:15:36,196 - INFO - Log TOC finished updating
2025-09-05 15:15:36,200 - INFO - 6 memories found
2025-09-05 15:15:36,282 - INFO - Memories finished updating
2025-09-05 15:15:36,288 - INFO - TOC for port [2] found in cache
2025-09-05 15:15:36,739 - INFO - Param TOC finished updating
2025-09-05 15:15:36,740 - INFO - Callback->Connection setup finished [radio://0/80/2M/E7E7E7E7E6]
2025-09-05 15:15:36,741 - INFO - Connected: radio://0/80/2M/E7E7E7E7E6
2025-09-05 15:15:36,750 - INFO - Have successfully started logging for id=1
2025-09-05 15:15:36,851 - INFO - Battery: 4.02V (safe)
2025-09-05 15:15:36,851 - INFO - Battery check passed: 4.02V
2025-09-05 15:15:36,851 - INFO - Initializing position estimator to origin...
2025-09-05 15:15:36,854 - INFO - Have successfully stopped logging for id=1
2025-09-05 15:15:36,855 - INFO - Have successfully deleted id=1
2025-09-05 15:15:37,882 - INFO - All parameters updated
2025-09-05 15:15:37,883 - INFO - Callback->Connection completed [radio://0/80/2M/E7E7E7E7E6]
2025-09-05 15:15:37,991 - INFO - Have successfully started logging for id=2
2025-09-05 15:15:44,489 - INFO - Waiting for position estimator...
2025-09-05 15:15:44,493 - INFO - Have successfully stopped logging for id=2
2025-09-05 15:15:44,493 - INFO - Have successfully deleted id=2
2025-09-05 15:15:44,500 - INFO - Have successfully started logging for id=3
2025-09-05 15:15:45,499 - INFO - Position estimator ready
2025-09-05 15:15:45,500 - INFO - Controller parameters optimized
2025-09-05 15:15:45,503 - INFO - Have successfully stopped logging for id=3
2025-09-05 15:15:45,506 - INFO - Have successfully deleted id=3
2025-09-05 15:15:48,626 - INFO - Start collection (slot:10ms)
2025-09-05 15:15:48,627 - INFO - Data collector started
2025-09-05 15:15:48,628 - INFO - Position manager started
2025-09-05 15:15:48,637 - INFO - Have successfully started logging for id=4
2025-09-05 15:15:48,638 - INFO - Have successfully started logging for id=5
2025-09-05 15:15:48,639 - INFO - Have successfully started logging for id=6
2025-09-05 15:15:48,728 - INFO - Position manager data flow is normal
2025-09-05 15:15:50,728 - INFO - Current position: (-0.001, 0.034, 0.031, 89.9°)
2025-09-05 15:15:50,728 - INFO - Using absolute coordinate system, ignoring takeoff position offset
2025-09-05 15:15:51,728 - INFO - Pre-flight stabilization to first waypoint: (0.000, 0.000, 0.500)
2025-09-05 15:15:51,879 - INFO - Waypoint1: absolute coordinates(0.000, 0.000, 0.500, yaw=90.0°)
2025-09-05 15:15:51,879 - INFO - Flying to coordinate: (0.000, 0.000, 0.500)
2025-09-05 15:15:52,939 - INFO - Approaching target (error=0.138m), entering stabilization phase
2025-09-05 15:15:53,479 - INFO - Reached waypoint (error=0.026m, stable_count=30)
2025-09-05 15:15:54,079 - INFO - Waypoint2: absolute coordinates(0.700, 0.000, 0.500, yaw=90.0°)
2025-09-05 15:15:54,079 - INFO - Flying to coordinate: (0.700, 0.000, 0.500)
2025-09-05 15:15:55,039 - INFO - Approaching target (error=0.113m), entering stabilization phase
2025-09-05 15:15:56,729 - INFO - Reached waypoint (error=0.035m, stable_count=30)
2025-09-05 15:15:57,330 - INFO - Waypoint3: absolute coordinates(0.700, 0.700, 0.500, yaw=90.0°)
2025-09-05 15:15:57,330 - INFO - Flying to coordinate: (0.700, 0.700, 0.500)
2025-09-05 15:15:58,190 - INFO - Approaching target (error=0.137m), entering stabilization phase
2025-09-05 15:15:58,580 - INFO - Reached waypoint (error=0.042m, stable_count=30)
2025-09-05 15:15:59,180 - INFO - Waypoint4: absolute coordinates(0.000, 0.700, 0.500, yaw=90.0°)
2025-09-05 15:15:59,181 - INFO - Flying to coordinate: (0.000, 0.700, 0.500)
2025-09-05 15:16:00,531 - INFO - Approaching target (error=0.145m), entering stabilization phase
2025-09-05 15:16:01,721 - INFO - Reached waypoint (error=0.029m, stable_count=30)
2025-09-05 15:16:02,321 - INFO - Waypoint5: absolute coordinates(0.000, 0.000, 0.500, yaw=90.0°)
2025-09-05 15:16:02,321 - INFO - Flying to coordinate: (0.000, 0.000, 0.500)
2025-09-05 15:16:03,181 - INFO - Approaching target (error=0.137m), entering stabilization phase
2025-09-05 15:16:03,671 - INFO - Reached waypoint (error=0.042m, stable_count=30)
2025-09-05 15:16:04,271 - INFO - Returning to origin and landing...
2025-09-05 15:16:04,271 - INFO - Flying to coordinate: (0.000, 0.000, 0.200)
2025-09-05 15:16:05,032 - INFO - Approaching target (error=0.149m), entering stabilization phase
2025-09-05 15:16:05,922 - INFO - Reached waypoint (error=0.074m, stable_count=30)
2025-09-05 15:16:05,922 - INFO - Landing...
2025-09-05 15:16:05,923 - INFO - Landing complete
2025-09-05 15:16:05,929 - INFO - Have successfully stopped logging for id=6
2025-09-05 15:16:06,025 - INFO - Position manager stopped
2025-09-05 15:16:06,026 - INFO - Flight mission complete
2025-09-05 15:16:06,026 - INFO - Stopping data collector...
2025-09-05 15:16:06,028 - INFO - Collection complete - stats: {'created': 1741, 'complete': 1739, 'merged': 0, 'dropped': 1}
2025-09-05 15:16:06,040 - INFO - Have successfully stopped logging for id=4
2025-09-05 15:16:06,045 - INFO - Have successfully stopped logging for id=5
2025-09-05 15:16:06,087 - INFO - Data saved: training_data/square_large_20250905_151606.json
2025-09-05 15:16:06,088 - INFO - States: 1739, Commands: 1169, Duration: 17.4s
2025-09-05 15:16:06,088 - INFO - Successfully saved 1739 state data points
2025-09-05 15:16:06,088 - INFO - Successfully saved 1169 control commands
2025-09-05 15:16:06,088 - INFO - Closing link
2025-09-05 15:16:06,089 - INFO - Callback->Disconnected from [radio://0/80/2M/E7E7E7E7E6]
