2025-09-05 12:50:21,650 - INFO - === Fixed continuous data collector ===
2025-09-05 12:50:21,651 - INFO - Mission: square_small
2025-09-05 12:50:21,651 - INFO - Waypoints (absolute coordinates): [(0, 0, 0.3), (0.3, 0, 0.3), (0.3, 0.3, 0.3), (0, 0.3, 0.3), (0, 0, 0.3)]
2025-09-05 12:50:21,651 - INFO - Callback->Connection initialized[radio://0/80/2M/E7E7E7E7E6]
2025-09-05 12:50:21,903 - INFO - We are connected[radio://0/80/2M/E7E7E7E7E6], request connection setup
2025-09-05 12:50:21,904 - INFO - Request _request_protocol_version()
2025-09-05 12:50:21,906 - INFO - Callback->Connected to [radio://0/80/2M/E7E7E7E7E6]
2025-09-05 12:50:21,910 - INFO - _crt_service_callback
2025-09-05 12:50:21,910 - INFO - Request protocol version
2025-09-05 12:50:21,914 - INFO - _platform_callback
2025-09-05 12:50:21,914 - INFO - Protocol version (platform): 9
2025-09-05 12:50:21,923 - INFO - TOC for port [5] found in cache
2025-09-05 12:50:21,924 - INFO - Log TOC finished updating
2025-09-05 12:50:21,927 - INFO - 6 memories found
2025-09-05 12:50:22,004 - INFO - Memories finished updating
2025-09-05 12:50:22,011 - INFO - TOC for port [2] found in cache
2025-09-05 12:50:22,512 - INFO - Param TOC finished updating
2025-09-05 12:50:22,512 - INFO - Callback->Connection setup finished [radio://0/80/2M/E7E7E7E7E6]
2025-09-05 12:50:22,513 - INFO - Connected: radio://0/80/2M/E7E7E7E7E6
2025-09-05 12:50:22,522 - INFO - Have successfully started logging for id=1
2025-09-05 12:50:22,623 - INFO - Battery: 3.81V (safe)
2025-09-05 12:50:22,624 - INFO - Battery check passed: 3.81V
2025-09-05 12:50:22,624 - INFO - Initializing position estimator to origin...
2025-09-05 12:50:22,629 - INFO - Have successfully stopped logging for id=1
2025-09-05 12:50:22,630 - INFO - Have successfully deleted id=1
2025-09-05 12:50:23,726 - INFO - All parameters updated
2025-09-05 12:50:23,726 - INFO - Callback->Connection completed [radio://0/80/2M/E7E7E7E7E6]
2025-09-05 12:50:23,833 - INFO - Have successfully started logging for id=2
2025-09-05 12:50:30,329 - INFO - Waiting for position estimator...
2025-09-05 12:50:30,332 - INFO - Have successfully stopped logging for id=2
2025-09-05 12:50:30,332 - INFO - Have successfully deleted id=2
2025-09-05 12:50:30,340 - INFO - Have successfully started logging for id=3
2025-09-05 12:50:31,339 - INFO - Position estimator ready
2025-09-05 12:50:31,339 - INFO - Controller parameters optimized
2025-09-05 12:50:31,342 - INFO - Have successfully stopped logging for id=3
2025-09-05 12:50:31,343 - INFO - Have successfully deleted id=3
2025-09-05 12:50:33,950 - INFO - Start collection (slot:10ms)
2025-09-05 12:50:33,951 - INFO - Data collector started
2025-09-05 12:50:33,952 - INFO - Position manager started
2025-09-05 12:50:33,961 - INFO - Have successfully started logging for id=4
2025-09-05 12:50:33,962 - INFO - Have successfully started logging for id=5
2025-09-05 12:50:33,965 - INFO - Have successfully started logging for id=6
2025-09-05 12:50:34,053 - INFO - Position manager data flow is normal
2025-09-05 12:50:36,053 - INFO - Current position: (0.034, -0.002, -0.005, 89.9°)
2025-09-05 12:50:36,053 - INFO - Using absolute coordinate system, ignoring takeoff position offset
2025-09-05 12:50:37,053 - INFO - Pre-flight stabilization to first waypoint: (0.000, 0.000, 0.300)
2025-09-05 12:50:37,206 - INFO - Waypoint1: absolute coordinates(0.000, 0.000, 0.300, yaw=90.0°)
2025-09-05 12:50:37,206 - INFO - Flying to coordinate: (0.000, 0.000, 0.300)
2025-09-05 12:50:38,066 - INFO - Approaching target (error=0.150m), entering stabilization phase
2025-09-05 12:50:38,756 - INFO - Reached waypoint (error=0.045m, stable_count=30)
2025-09-05 12:50:39,356 - INFO - Waypoint2: absolute coordinates(0.300, 0.000, 0.300, yaw=90.0°)
2025-09-05 12:50:39,356 - INFO - Flying to coordinate: (0.300, 0.000, 0.300)
2025-09-05 12:50:40,019 - INFO - Approaching target (error=0.137m), entering stabilization phase
2025-09-05 12:50:42,249 - INFO - Reached waypoint (error=0.073m, stable_count=30)
2025-09-05 12:50:42,849 - INFO - Waypoint3: absolute coordinates(0.300, 0.300, 0.300, yaw=90.0°)
2025-09-05 12:50:42,849 - INFO - Flying to coordinate: (0.300, 0.300, 0.300)
2025-09-05 12:50:43,310 - INFO - Approaching target (error=0.133m), entering stabilization phase
2025-09-05 12:50:43,750 - INFO - Reached waypoint (error=0.050m, stable_count=30)
2025-09-05 12:50:44,350 - INFO - Waypoint4: absolute coordinates(0.000, 0.300, 0.300, yaw=90.0°)
2025-09-05 12:50:44,350 - INFO - Flying to coordinate: (0.000, 0.300, 0.300)
2025-09-05 12:50:45,010 - INFO - Approaching target (error=0.130m), entering stabilization phase
2025-09-05 12:50:45,400 - INFO - Reached waypoint (error=0.065m, stable_count=30)
2025-09-05 12:50:46,000 - INFO - Waypoint5: absolute coordinates(0.000, 0.000, 0.300, yaw=90.0°)
2025-09-05 12:50:46,000 - INFO - Flying to coordinate: (0.000, 0.000, 0.300)
2025-09-05 12:50:46,710 - INFO - Approaching target (error=0.116m), entering stabilization phase
2025-09-05 12:50:48,200 - INFO - Reached waypoint (error=0.052m, stable_count=30)
2025-09-05 12:50:48,801 - INFO - Returning to origin and landing...
2025-09-05 12:50:48,801 - INFO - Flying to coordinate: (0.000, 0.000, 0.200)
2025-09-05 12:50:48,801 - INFO - Approaching target (error=0.129m), entering stabilization phase
2025-09-05 12:50:49,701 - INFO - Reached waypoint (error=0.067m, stable_count=30)
2025-09-05 12:50:49,701 - INFO - Landing...
2025-09-05 12:50:49,701 - INFO - Landing complete
2025-09-05 12:50:49,706 - INFO - Have successfully stopped logging for id=6
2025-09-05 12:50:49,802 - INFO - Position manager stopped
2025-09-05 12:50:49,804 - INFO - Flight mission complete
2025-09-05 12:50:49,804 - INFO - Stopping data collector...
2025-09-05 12:50:49,805 - INFO - Collection complete - stats: {'created': 1585, 'complete': 1585, 'merged': 0, 'dropped': 0}
2025-09-05 12:50:49,815 - INFO - Have successfully stopped logging for id=4
2025-09-05 12:50:49,816 - INFO - Have successfully stopped logging for id=5
2025-09-05 12:50:49,860 - INFO - Data saved: training_data/square_small_20250905_125049.json
2025-09-05 12:50:49,860 - INFO - States: 1585, Commands: 1015, Duration: 15.8s
2025-09-05 12:50:49,861 - INFO - Successfully saved 1585 state data points
2025-09-05 12:50:49,861 - INFO - Successfully saved 1015 control commands
2025-09-05 12:50:49,861 - INFO - Closing link
2025-09-05 12:50:49,862 - INFO - Callback->Disconnected from [radio://0/80/2M/E7E7E7E7E6]
