2025-09-04 14:57:20,881 - INFO - === Fixed continuous data collector ===
2025-09-04 14:57:20,881 - INFO - Mission: vertical_med
2025-09-04 14:57:20,881 - INFO - Waypoints (absolute coordinates): [(0, 0, 0.4), (0, 0, 0.8), (0, 0, 0.4)]
2025-09-04 14:57:20,882 - INFO - Callback->Connection initialized[radio://0/80/2M/E7E7E7E7E6]
2025-09-04 14:57:21,133 - INFO - We are connected[radio://0/80/2M/E7E7E7E7E6], request connection setup
2025-09-04 14:57:21,134 - INFO - Request _request_protocol_version()
2025-09-04 14:57:21,137 - INFO - Callback->Connected to [radio://0/80/2M/E7E7E7E7E6]
2025-09-04 14:57:21,141 - INFO - _crt_service_callback
2025-09-04 14:57:21,141 - INFO - Request protocol version
2025-09-04 14:57:21,145 - INFO - _platform_callback
2025-09-04 14:57:21,145 - INFO - Protocol version (platform): 9
2025-09-04 14:57:21,157 - INFO - TOC for port [5] found in cache
2025-09-04 14:57:21,157 - INFO - Log TOC finished updating
2025-09-04 14:57:21,160 - INFO - 6 memories found
2025-09-04 14:57:21,237 - INFO - Memories finished updating
2025-09-04 14:57:21,243 - INFO - TOC for port [2] found in cache
2025-09-04 14:57:21,771 - INFO - Param TOC finished updating
2025-09-04 14:57:21,771 - INFO - Callback->Connection setup finished [radio://0/80/2M/E7E7E7E7E6]
2025-09-04 14:57:21,772 - INFO - Connected: radio://0/80/2M/E7E7E7E7E6
2025-09-04 14:57:21,784 - INFO - Have successfully started logging for id=1
2025-09-04 14:57:21,883 - INFO - Battery: 3.93V (safe)
2025-09-04 14:57:21,884 - INFO - Battery check passed: 3.93V
2025-09-04 14:57:21,884 - INFO - Initializing position estimator to origin...
2025-09-04 14:57:21,887 - INFO - Have successfully stopped logging for id=1
2025-09-04 14:57:21,888 - INFO - Have successfully deleted id=1
2025-09-04 14:57:23,127 - INFO - All parameters updated
2025-09-04 14:57:23,127 - INFO - Callback->Connection completed [radio://0/80/2M/E7E7E7E7E6]
2025-09-04 14:57:23,238 - INFO - Have successfully started logging for id=2
2025-09-04 14:57:29,737 - INFO - Waiting for position estimator...
2025-09-04 14:57:29,741 - INFO - Have successfully stopped logging for id=2
2025-09-04 14:57:29,743 - INFO - Have successfully deleted id=2
2025-09-04 14:57:29,753 - INFO - Have successfully started logging for id=3
2025-09-04 14:57:30,748 - INFO - Position estimator ready
2025-09-04 14:57:30,749 - INFO - Controller parameters optimized
2025-09-04 14:57:30,752 - INFO - Have successfully stopped logging for id=3
2025-09-04 14:57:30,755 - INFO - Have successfully deleted id=3
2025-09-04 14:57:32,840 - INFO - Start collection (slot:10ms)
2025-09-04 14:57:32,842 - INFO - Data collector started
2025-09-04 14:57:32,843 - INFO - Position manager started
2025-09-04 14:57:32,852 - INFO - Have successfully started logging for id=4
2025-09-04 14:57:32,853 - INFO - Have successfully started logging for id=5
2025-09-04 14:57:32,854 - INFO - Have successfully started logging for id=6
2025-09-04 14:57:32,943 - INFO - Position manager data flow is normal
2025-09-04 14:57:34,944 - INFO - Current position: (0.019, 0.028, 0.036, 90.9째)
2025-09-04 14:57:34,944 - INFO - Using absolute coordinate system, ignoring takeoff position offset
2025-09-04 14:57:35,944 - INFO - Pre-flight stabilization to first waypoint: (0.000, 0.000, 0.400)
2025-09-04 14:57:36,094 - INFO - Waypoint1: absolute coordinates(0.000, 0.000, 0.400, yaw=90.0째)
2025-09-04 14:57:36,094 - INFO - Flying to coordinate: (0.000, 0.000, 0.400)
2025-09-04 14:57:37,104 - INFO - Approaching target (error=0.136m), entering stabilization phase
2025-09-04 14:57:37,439 - WARNING - Control timing drift detected - resyncing
2025-09-04 14:57:37,669 - INFO - Reached waypoint (error=0.023m, stable_count=30)
2025-09-04 14:57:38,271 - INFO - Waypoint2: absolute coordinates(0.000, 0.000, 0.800, yaw=90.0째)
2025-09-04 14:57:38,271 - INFO - Flying to coordinate: (0.000, 0.000, 0.800)
2025-09-04 14:57:38,801 - INFO - Approaching target (error=0.135m), entering stabilization phase
2025-09-04 14:57:42,241 - INFO - Reached waypoint (error=0.070m, stable_count=30)
2025-09-04 14:57:42,841 - INFO - Waypoint3: absolute coordinates(0.000, 0.000, 0.400, yaw=90.0째)
2025-09-04 14:57:42,841 - INFO - Flying to coordinate: (0.000, 0.000, 0.400)
2025-09-04 14:57:43,751 - INFO - Approaching target (error=0.145m), entering stabilization phase
2025-09-04 14:57:44,441 - INFO - Reached waypoint (error=0.045m, stable_count=30)
2025-09-04 14:57:45,042 - INFO - Returning to origin and landing...
2025-09-04 14:57:45,042 - INFO - Flying to coordinate: (0.000, 0.000, 0.200)
2025-09-04 14:57:45,302 - INFO - Approaching target (error=0.140m), entering stabilization phase
2025-09-04 14:57:45,842 - INFO - Reached waypoint (error=0.034m, stable_count=30)
2025-09-04 14:57:45,842 - INFO - Landing...
2025-09-04 14:57:45,843 - INFO - Landing complete
2025-09-04 14:57:45,849 - INFO - Have successfully stopped logging for id=6
2025-09-04 14:57:45,946 - INFO - Position manager stopped
2025-09-04 14:57:45,947 - INFO - Flight mission complete
2025-09-04 14:57:45,947 - INFO - Stopping data collector...
2025-09-04 14:57:45,949 - INFO - Collection complete - stats: {'created': 1311, 'complete': 1309, 'merged': 0, 'dropped': 1}
2025-09-04 14:57:45,955 - INFO - Have successfully stopped logging for id=4
2025-09-04 14:57:45,957 - INFO - Have successfully stopped logging for id=5
2025-09-04 14:57:45,995 - INFO - Data saved: training_data/vertical_med_20250904_145745.json
2025-09-04 14:57:45,995 - INFO - States: 1309, Commands: 838, Duration: 13.1s
2025-09-04 14:57:45,995 - INFO - Successfully saved 1309 state data points
2025-09-04 14:57:45,995 - INFO - Successfully saved 838 control commands
2025-09-04 14:57:45,996 - INFO - Closing link
2025-09-04 14:57:45,996 - INFO - Callback->Disconnected from [radio://0/80/2M/E7E7E7E7E6]
