2025-09-04 13:18:52,350 - INFO - === Fixed continuous data collector ===
2025-09-04 13:18:52,350 - INFO - Mission: vertical_small
2025-09-04 13:18:52,350 - INFO - Waypoints (absolute coordinates): [(0, 0, 0.3), (0, 0, 0.6), (0, 0, 0.9), (0, 0, 0.6), (0, 0, 0.3)]
2025-09-04 13:18:52,351 - INFO - Callback->Connection initialized[radio://0/80/2M/E7E7E7E7E6]
2025-09-04 13:18:52,600 - INFO - We are connected[radio://0/80/2M/E7E7E7E7E6], request connection setup
2025-09-04 13:18:52,601 - INFO - Request _request_protocol_version()
2025-09-04 13:18:52,603 - INFO - Callback->Connected to [radio://0/80/2M/E7E7E7E7E6]
2025-09-04 13:18:52,607 - INFO - _crt_service_callback
2025-09-04 13:18:52,607 - INFO - Request protocol version
2025-09-04 13:18:52,612 - INFO - _platform_callback
2025-09-04 13:18:52,612 - INFO - Protocol version (platform): 9
2025-09-04 13:18:52,623 - INFO - TOC for port [5] found in cache
2025-09-04 13:18:52,623 - INFO - Log TOC finished updating
2025-09-04 13:18:52,627 - INFO - 6 memories found
2025-09-04 13:18:52,707 - INFO - Memories finished updating
2025-09-04 13:18:52,713 - INFO - TOC for port [2] found in cache
2025-09-04 13:18:53,223 - INFO - Param TOC finished updating
2025-09-04 13:18:53,223 - INFO - Callback->Connection setup finished [radio://0/80/2M/E7E7E7E7E6]
2025-09-04 13:18:53,224 - INFO - Connected: radio://0/80/2M/E7E7E7E7E6
2025-09-04 13:18:53,234 - INFO - Have successfully started logging for id=1
2025-09-04 13:18:53,333 - INFO - Battery: 4.00V (safe)
2025-09-04 13:18:53,334 - INFO - Battery check passed: 4.00V
2025-09-04 13:18:53,334 - INFO - Initializing position estimator to origin...
2025-09-04 13:18:53,337 - INFO - Have successfully stopped logging for id=1
2025-09-04 13:18:53,338 - INFO - Have successfully deleted id=1
2025-09-04 13:18:54,577 - INFO - All parameters updated
2025-09-04 13:18:54,577 - INFO - Callback->Connection completed [radio://0/80/2M/E7E7E7E7E6]
2025-09-04 13:18:54,685 - INFO - Have successfully started logging for id=2
2025-09-04 13:19:03,679 - INFO - Waiting for position estimator...
2025-09-04 13:19:03,682 - INFO - Have successfully stopped logging for id=2
2025-09-04 13:19:03,683 - INFO - Have successfully deleted id=2
2025-09-04 13:19:03,687 - INFO - Have successfully started logging for id=3
2025-09-04 13:19:04,687 - INFO - Position estimator ready
2025-09-04 13:19:04,688 - INFO - Controller parameters optimized
2025-09-04 13:19:04,690 - INFO - Have successfully stopped logging for id=3
2025-09-04 13:19:04,691 - INFO - Have successfully deleted id=3
2025-09-04 13:19:33,405 - INFO - Start collection (slot:10ms)
2025-09-04 13:19:33,407 - INFO - Data collector started
2025-09-04 13:19:33,408 - INFO - Position manager started
2025-09-04 13:19:33,416 - INFO - Have successfully started logging for id=4
2025-09-04 13:19:33,416 - INFO - Have successfully started logging for id=5
2025-09-04 13:19:33,417 - INFO - Have successfully started logging for id=6
2025-09-04 13:19:33,508 - INFO - Position manager data flow is normal
2025-09-04 13:19:35,508 - INFO - Current position: (0.008, 0.048, 0.019, 87.2°)
2025-09-04 13:19:35,508 - INFO - Using absolute coordinate system, ignoring takeoff position offset
2025-09-04 13:19:36,509 - INFO - Pre-flight stabilization to first waypoint: (0.000, 0.000, 0.300)
2025-09-04 13:19:36,659 - INFO - Waypoint1: absolute coordinates(0.000, 0.000, 0.300, yaw=90.0°)
2025-09-04 13:19:36,659 - INFO - Flying to coordinate: (0.000, 0.000, 0.300)
2025-09-04 13:19:37,669 - INFO - Approaching target (error=0.142m), entering stabilization phase
2025-09-04 13:19:38,359 - INFO - Reached waypoint (error=0.063m, stable_count=30)
2025-09-04 13:19:38,959 - INFO - Waypoint2: absolute coordinates(0.000, 0.000, 0.600, yaw=90.0°)
2025-09-04 13:19:38,959 - INFO - Flying to coordinate: (0.000, 0.000, 0.600)
2025-09-04 13:19:39,369 - INFO - Approaching target (error=0.137m), entering stabilization phase
2025-09-04 13:19:39,860 - INFO - Reached waypoint (error=0.057m, stable_count=30)
2025-09-04 13:19:40,460 - INFO - Waypoint3: absolute coordinates(0.000, 0.000, 0.900, yaw=90.0°)
2025-09-04 13:19:40,460 - INFO - Flying to coordinate: (0.000, 0.000, 0.900)
2025-09-04 13:19:40,820 - INFO - Approaching target (error=0.144m), entering stabilization phase
2025-09-04 13:19:41,360 - INFO - Reached waypoint (error=0.071m, stable_count=30)
2025-09-04 13:19:41,960 - INFO - Waypoint4: absolute coordinates(0.000, 0.000, 0.600, yaw=90.0°)
2025-09-04 13:19:41,960 - INFO - Flying to coordinate: (0.000, 0.000, 0.600)
2025-09-04 13:19:42,960 - INFO - Approaching target (error=0.140m), entering stabilization phase
2025-09-04 13:19:43,610 - INFO - Reached waypoint (error=0.044m, stable_count=30)
2025-09-04 13:19:44,211 - INFO - Waypoint5: absolute coordinates(0.000, 0.000, 0.300, yaw=90.0°)
2025-09-04 13:19:44,211 - INFO - Flying to coordinate: (0.000, 0.000, 0.300)
2025-09-04 13:19:45,211 - INFO - Approaching target (error=0.149m), entering stabilization phase
2025-09-04 13:19:47,501 - INFO - Reached waypoint (error=0.057m, stable_count=30)
2025-09-04 13:19:48,101 - INFO - Returning to origin and landing...
2025-09-04 13:19:48,101 - INFO - Flying to coordinate: (0.000, 0.000, 0.200)
2025-09-04 13:19:48,101 - INFO - Approaching target (error=0.086m), entering stabilization phase
2025-09-04 13:19:48,601 - INFO - Reached waypoint (error=0.050m, stable_count=30)
2025-09-04 13:19:48,601 - INFO - Landing...
2025-09-04 13:19:48,602 - INFO - Landing complete
2025-09-04 13:19:48,610 - INFO - Have successfully stopped logging for id=6
2025-09-04 13:19:48,703 - INFO - Position manager stopped
2025-09-04 13:19:48,705 - INFO - Flight mission complete
2025-09-04 13:19:48,705 - INFO - Stopping data collector...
2025-09-04 13:19:48,706 - INFO - Collection complete - stats: {'created': 1530, 'complete': 1530, 'merged': 0, 'dropped': 0}
2025-09-04 13:19:48,714 - INFO - Have successfully stopped logging for id=4
2025-09-04 13:19:48,714 - INFO - Have successfully stopped logging for id=5
2025-09-04 13:19:48,760 - INFO - Data saved: training_data/vertical_small_20250904_131948.json
2025-09-04 13:19:48,760 - INFO - States: 1530, Commands: 959, Duration: 15.3s
2025-09-04 13:19:48,760 - INFO - Successfully saved 1530 state data points
2025-09-04 13:19:48,760 - INFO - Successfully saved 959 control commands
2025-09-04 13:19:48,760 - INFO - Closing link
2025-09-04 13:19:48,761 - INFO - Callback->Disconnected from [radio://0/80/2M/E7E7E7E7E6]
