2025-09-04 14:34:55,085 - INFO - === Fixed continuous data collector ===
2025-09-04 14:34:55,085 - INFO - Mission: vertical_med
2025-09-04 14:34:55,085 - INFO - Waypoints (absolute coordinates): [(0, 0, 0.4), (0, 0, 0.8), (0, 0, 0.4)]
2025-09-04 14:34:55,086 - INFO - Callback->Connection initialized[radio://0/80/2M/E7E7E7E7E6]
2025-09-04 14:34:55,336 - INFO - We are connected[radio://0/80/2M/E7E7E7E7E6], request connection setup
2025-09-04 14:34:55,336 - INFO - Request _request_protocol_version()
2025-09-04 14:34:55,338 - INFO - Callback->Connected to [radio://0/80/2M/E7E7E7E7E6]
2025-09-04 14:34:55,342 - INFO - _crt_service_callback
2025-09-04 14:34:55,342 - INFO - Request protocol version
2025-09-04 14:34:55,345 - INFO - _platform_callback
2025-09-04 14:34:55,345 - INFO - Protocol version (platform): 9
2025-09-04 14:34:55,357 - INFO - TOC for port [5] found in cache
2025-09-04 14:34:55,357 - INFO - Log TOC finished updating
2025-09-04 14:34:55,360 - INFO - 6 memories found
2025-09-04 14:34:55,443 - INFO - Memories finished updating
2025-09-04 14:34:55,449 - INFO - TOC for port [2] found in cache
2025-09-04 14:34:55,997 - INFO - Param TOC finished updating
2025-09-04 14:34:55,997 - INFO - Callback->Connection setup finished [radio://0/80/2M/E7E7E7E7E6]
2025-09-04 14:34:55,998 - INFO - Connected: radio://0/80/2M/E7E7E7E7E6
2025-09-04 14:34:56,008 - INFO - Have successfully started logging for id=1
2025-09-04 14:34:56,109 - INFO - Battery: 3.89V (safe)
2025-09-04 14:34:56,111 - INFO - Battery check passed: 3.89V
2025-09-04 14:34:56,111 - INFO - Initializing position estimator to origin...
2025-09-04 14:34:56,115 - INFO - Have successfully stopped logging for id=1
2025-09-04 14:34:56,116 - INFO - Have successfully deleted id=1
2025-09-04 14:34:57,488 - INFO - All parameters updated
2025-09-04 14:34:57,488 - INFO - Callback->Connection completed [radio://0/80/2M/E7E7E7E7E6]
2025-09-04 14:34:57,598 - INFO - Have successfully started logging for id=2
2025-09-04 14:35:04,093 - INFO - Waiting for position estimator...
2025-09-04 14:35:04,097 - INFO - Have successfully stopped logging for id=2
2025-09-04 14:35:04,098 - INFO - Have successfully deleted id=2
2025-09-04 14:35:04,101 - INFO - Have successfully started logging for id=3
2025-09-04 14:35:05,102 - INFO - Position estimator ready
2025-09-04 14:35:05,103 - INFO - Controller parameters optimized
2025-09-04 14:35:05,106 - INFO - Have successfully stopped logging for id=3
2025-09-04 14:35:05,107 - INFO - Have successfully deleted id=3
2025-09-04 14:35:08,497 - INFO - Start collection (slot:10ms)
2025-09-04 14:35:08,500 - INFO - Data collector started
2025-09-04 14:35:08,501 - INFO - Position manager started
2025-09-04 14:35:08,507 - INFO - Have successfully started logging for id=4
2025-09-04 14:35:08,509 - INFO - Have successfully started logging for id=5
2025-09-04 14:35:08,510 - INFO - Have successfully started logging for id=6
2025-09-04 14:35:08,601 - INFO - Position manager data flow is normal
2025-09-04 14:35:10,601 - INFO - Current position: (0.008, 0.048, -0.018, 90.1째)
2025-09-04 14:35:10,601 - INFO - Using absolute coordinate system, ignoring takeoff position offset
2025-09-04 14:35:11,601 - INFO - Pre-flight stabilization to first waypoint: (0.000, 0.000, 0.400)
2025-09-04 14:35:11,752 - INFO - Waypoint1: absolute coordinates(0.000, 0.000, 0.400, yaw=90.0째)
2025-09-04 14:35:11,752 - INFO - Flying to coordinate: (0.000, 0.000, 0.400)
2025-09-04 14:35:12,762 - INFO - Approaching target (error=0.138m), entering stabilization phase
2025-09-04 14:35:13,123 - WARNING - Control timing drift detected - resyncing
2025-09-04 14:35:13,129 - WARNING - Control timing drift detected - resyncing
2025-09-04 14:35:13,474 - INFO - Reached waypoint (error=0.065m, stable_count=30)
2025-09-04 14:35:14,074 - INFO - Waypoint2: absolute coordinates(0.000, 0.000, 0.800, yaw=90.0째)
2025-09-04 14:35:14,074 - INFO - Flying to coordinate: (0.000, 0.000, 0.800)
2025-09-04 14:35:14,614 - INFO - Approaching target (error=0.148m), entering stabilization phase
2025-09-04 14:35:18,344 - INFO - Reached waypoint (error=0.073m, stable_count=30)
2025-09-04 14:35:18,944 - INFO - Waypoint3: absolute coordinates(0.000, 0.000, 0.400, yaw=90.0째)
2025-09-04 14:35:18,945 - INFO - Flying to coordinate: (0.000, 0.000, 0.400)
2025-09-04 14:35:19,805 - INFO - Approaching target (error=0.141m), entering stabilization phase
2025-09-04 14:35:20,695 - INFO - Reached waypoint (error=0.017m, stable_count=30)
2025-09-04 14:35:21,295 - INFO - Returning to origin and landing...
2025-09-04 14:35:21,295 - INFO - Flying to coordinate: (0.000, 0.000, 0.200)
2025-09-04 14:35:21,655 - INFO - Approaching target (error=0.142m), entering stabilization phase
2025-09-04 14:35:22,195 - INFO - Reached waypoint (error=0.022m, stable_count=30)
2025-09-04 14:35:22,195 - INFO - Landing...
2025-09-04 14:35:22,196 - INFO - Landing complete
2025-09-04 14:35:22,203 - INFO - Have successfully stopped logging for id=6
2025-09-04 14:35:22,298 - INFO - Position manager stopped
2025-09-04 14:35:22,300 - INFO - Flight mission complete
2025-09-04 14:35:22,300 - INFO - Stopping data collector...
2025-09-04 14:35:22,302 - INFO - Collection complete - stats: {'created': 1380, 'complete': 1380, 'merged': 0, 'dropped': 0}
2025-09-04 14:35:22,308 - INFO - Have successfully stopped logging for id=4
2025-09-04 14:35:22,311 - INFO - Have successfully stopped logging for id=5
2025-09-04 14:35:22,350 - INFO - Data saved: training_data/vertical_med_20250904_143522.json
2025-09-04 14:35:22,350 - INFO - States: 1380, Commands: 895, Duration: 13.8s
2025-09-04 14:35:22,351 - INFO - Successfully saved 1380 state data points
2025-09-04 14:35:22,351 - INFO - Successfully saved 895 control commands
2025-09-04 14:35:22,351 - INFO - Closing link
2025-09-04 14:35:22,351 - INFO - Callback->Disconnected from [radio://0/80/2M/E7E7E7E7E6]
