2025-09-05 13:17:42,385 - INFO - === Fixed continuous data collector ===
2025-09-05 13:17:42,386 - INFO - Mission: square_med
2025-09-05 13:17:42,386 - INFO - Waypoints (absolute coordinates): [(0, 0, 0.4), (0.5, 0, 0.4), (0.5, 0.5, 0.4), (0, 0.5, 0.4), (0, 0, 0.4)]
2025-09-05 13:17:42,386 - INFO - Callback->Connection initialized[radio://0/80/2M/E7E7E7E7E6]
2025-09-05 13:17:42,637 - INFO - We are connected[radio://0/80/2M/E7E7E7E7E6], request connection setup
2025-09-05 13:17:42,638 - INFO - Request _request_protocol_version()
2025-09-05 13:17:42,641 - INFO - Callback->Connected to [radio://0/80/2M/E7E7E7E7E6]
2025-09-05 13:17:42,719 - INFO - _crt_service_callback
2025-09-05 13:17:42,719 - INFO - Request protocol version
2025-09-05 13:17:42,723 - INFO - _platform_callback
2025-09-05 13:17:42,723 - INFO - Protocol version (platform): 9
2025-09-05 13:17:42,733 - INFO - TOC for port [5] found in cache
2025-09-05 13:17:42,733 - INFO - Log TOC finished updating
2025-09-05 13:17:42,736 - INFO - 6 memories found
2025-09-05 13:17:42,811 - INFO - Memories finished updating
2025-09-05 13:17:42,817 - INFO - TOC for port [2] found in cache
2025-09-05 13:17:43,362 - INFO - Param TOC finished updating
2025-09-05 13:17:43,362 - INFO - Callback->Connection setup finished [radio://0/80/2M/E7E7E7E7E6]
2025-09-05 13:17:43,363 - INFO - Connected: radio://0/80/2M/E7E7E7E7E6
2025-09-05 13:17:43,373 - INFO - Have successfully started logging for id=1
2025-09-05 13:17:43,474 - INFO - Battery: 4.12V (safe)
2025-09-05 13:17:43,475 - INFO - Battery check passed: 4.12V
2025-09-05 13:17:43,475 - INFO - Initializing position estimator to origin...
2025-09-05 13:17:43,480 - INFO - Have successfully stopped logging for id=1
2025-09-05 13:17:43,481 - INFO - Have successfully deleted id=1
2025-09-05 13:17:44,785 - INFO - All parameters updated
2025-09-05 13:17:44,785 - INFO - Callback->Connection completed [radio://0/80/2M/E7E7E7E7E6]
2025-09-05 13:17:44,898 - INFO - Have successfully started logging for id=2
2025-09-05 13:17:51,395 - INFO - Waiting for position estimator...
2025-09-05 13:17:51,397 - INFO - Have successfully stopped logging for id=2
2025-09-05 13:17:51,398 - INFO - Have successfully deleted id=2
2025-09-05 13:17:51,404 - INFO - Have successfully started logging for id=3
2025-09-05 13:17:52,403 - INFO - Position estimator ready
2025-09-05 13:17:52,404 - INFO - Controller parameters optimized
2025-09-05 13:17:52,407 - INFO - Have successfully stopped logging for id=3
2025-09-05 13:17:52,409 - INFO - Have successfully deleted id=3
2025-09-05 13:17:54,228 - INFO - Start collection (slot:10ms)
2025-09-05 13:17:54,229 - INFO - Data collector started
2025-09-05 13:17:54,230 - INFO - Position manager started
2025-09-05 13:17:54,236 - INFO - Have successfully started logging for id=4
2025-09-05 13:17:54,237 - INFO - Have successfully started logging for id=5
2025-09-05 13:17:54,240 - INFO - Have successfully started logging for id=6
2025-09-05 13:17:54,330 - INFO - Position manager data flow is normal
2025-09-05 13:17:56,331 - INFO - Current position: (0.023, 0.040, -0.000, 90.0°)
2025-09-05 13:17:56,331 - INFO - Using absolute coordinate system, ignoring takeoff position offset
2025-09-05 13:17:57,331 - INFO - Pre-flight stabilization to first waypoint: (0.000, 0.000, 0.400)
2025-09-05 13:17:57,481 - INFO - Waypoint1: absolute coordinates(0.000, 0.000, 0.400, yaw=90.0°)
2025-09-05 13:17:57,481 - INFO - Flying to coordinate: (0.000, 0.000, 0.400)
2025-09-05 13:17:58,491 - INFO - Approaching target (error=0.129m), entering stabilization phase
2025-09-05 13:17:59,031 - INFO - Reached waypoint (error=0.056m, stable_count=30)
2025-09-05 13:17:59,632 - INFO - Waypoint2: absolute coordinates(0.500, 0.000, 0.400, yaw=90.0°)
2025-09-05 13:17:59,632 - INFO - Flying to coordinate: (0.500, 0.000, 0.400)
2025-09-05 13:18:00,442 - INFO - Approaching target (error=0.136m), entering stabilization phase
2025-09-05 13:18:02,232 - INFO - Reached waypoint (error=0.057m, stable_count=30)
2025-09-05 13:18:02,832 - INFO - Waypoint3: absolute coordinates(0.500, 0.500, 0.400, yaw=90.0°)
2025-09-05 13:18:02,832 - INFO - Flying to coordinate: (0.500, 0.500, 0.400)
2025-09-05 13:18:03,542 - INFO - Approaching target (error=0.135m), entering stabilization phase
2025-09-05 13:18:04,482 - INFO - Reached waypoint (error=0.049m, stable_count=30)
2025-09-05 13:18:05,083 - INFO - Waypoint4: absolute coordinates(0.000, 0.500, 0.400, yaw=90.0°)
2025-09-05 13:18:05,083 - INFO - Flying to coordinate: (0.000, 0.500, 0.400)
2025-09-05 13:18:05,754 - INFO - Approaching target (error=0.123m), entering stabilization phase
2025-09-05 13:18:06,124 - INFO - Reached waypoint (error=0.038m, stable_count=30)
2025-09-05 13:18:06,724 - INFO - Waypoint5: absolute coordinates(0.000, 0.000, 0.400, yaw=90.0°)
2025-09-05 13:18:06,724 - INFO - Flying to coordinate: (0.000, 0.000, 0.400)
2025-09-05 13:18:07,434 - INFO - Approaching target (error=0.147m), entering stabilization phase
2025-09-05 13:18:07,824 - INFO - Reached waypoint (error=0.040m, stable_count=30)
2025-09-05 13:18:08,424 - INFO - Returning to origin and landing...
2025-09-05 13:18:08,424 - INFO - Flying to coordinate: (0.000, 0.000, 0.200)
2025-09-05 13:18:08,935 - INFO - Approaching target (error=0.148m), entering stabilization phase
2025-09-05 13:18:09,875 - INFO - Reached waypoint (error=0.050m, stable_count=30)
2025-09-05 13:18:09,875 - INFO - Landing...
2025-09-05 13:18:09,875 - INFO - Landing complete
2025-09-05 13:18:09,880 - INFO - Have successfully stopped logging for id=6
2025-09-05 13:18:09,976 - INFO - Position manager stopped
2025-09-05 13:18:09,978 - INFO - Flight mission complete
2025-09-05 13:18:09,978 - INFO - Stopping data collector...
2025-09-05 13:18:09,980 - INFO - Collection complete - stats: {'created': 1575, 'complete': 1575, 'merged': 0, 'dropped': 0}
2025-09-05 13:18:09,986 - INFO - Have successfully stopped logging for id=4
2025-09-05 13:18:09,989 - INFO - Have successfully stopped logging for id=5
2025-09-05 13:18:10,035 - INFO - Data saved: training_data/square_med_20250905_131809.json
2025-09-05 13:18:10,035 - INFO - States: 1575, Commands: 1005, Duration: 15.7s
2025-09-05 13:18:10,035 - INFO - Successfully saved 1575 state data points
2025-09-05 13:18:10,035 - INFO - Successfully saved 1005 control commands
2025-09-05 13:18:10,035 - INFO - Closing link
2025-09-05 13:18:10,035 - INFO - Callback->Disconnected from [radio://0/80/2M/E7E7E7E7E6]
