2025-09-04 15:50:15,516 - INFO - === Fixed continuous data collector ===
2025-09-04 15:50:15,516 - INFO - Mission: vertical_large
2025-09-04 15:50:15,517 - INFO - Waypoints (absolute coordinates): [(0, 0, 0.5), (0, 0, 1.0), (0, 0, 0.5)]
2025-09-04 15:50:15,517 - INFO - Callback->Connection initialized[radio://0/80/2M/E7E7E7E7E6]
2025-09-04 15:50:15,768 - INFO - We are connected[radio://0/80/2M/E7E7E7E7E6], request connection setup
2025-09-04 15:50:15,768 - INFO - Request _request_protocol_version()
2025-09-04 15:50:15,770 - INFO - Callback->Connected to [radio://0/80/2M/E7E7E7E7E6]
2025-09-04 15:50:15,774 - INFO - _crt_service_callback
2025-09-04 15:50:15,774 - INFO - Request protocol version
2025-09-04 15:50:15,778 - INFO - _platform_callback
2025-09-04 15:50:15,778 - INFO - Protocol version (platform): 9
2025-09-04 15:50:15,790 - INFO - TOC for port [5] found in cache
2025-09-04 15:50:15,790 - INFO - Log TOC finished updating
2025-09-04 15:50:15,795 - INFO - 6 memories found
2025-09-04 15:50:15,872 - INFO - Memories finished updating
2025-09-04 15:50:15,878 - INFO - TOC for port [2] found in cache
2025-09-04 15:50:16,395 - INFO - Param TOC finished updating
2025-09-04 15:50:16,395 - INFO - Callback->Connection setup finished [radio://0/80/2M/E7E7E7E7E6]
2025-09-04 15:50:16,396 - INFO - Connected: radio://0/80/2M/E7E7E7E7E6
2025-09-04 15:50:16,408 - INFO - Have successfully started logging for id=1
2025-09-04 15:50:16,511 - INFO - Battery: 3.81V (safe)
2025-09-04 15:50:16,512 - INFO - Battery check passed: 3.81V
2025-09-04 15:50:16,512 - INFO - Initializing position estimator to origin...
2025-09-04 15:50:16,515 - INFO - Have successfully stopped logging for id=1
2025-09-04 15:50:16,516 - INFO - Have successfully deleted id=1
2025-09-04 15:50:17,752 - INFO - All parameters updated
2025-09-04 15:50:17,752 - INFO - Callback->Connection completed [radio://0/80/2M/E7E7E7E7E6]
2025-09-04 15:50:17,861 - INFO - Have successfully started logging for id=2
2025-09-04 15:50:24,356 - INFO - Waiting for position estimator...
2025-09-04 15:50:24,358 - INFO - Have successfully stopped logging for id=2
2025-09-04 15:50:24,359 - INFO - Have successfully deleted id=2
2025-09-04 15:50:24,365 - INFO - Have successfully started logging for id=3
2025-09-04 15:50:25,364 - INFO - Position estimator ready
2025-09-04 15:50:25,364 - INFO - Controller parameters optimized
2025-09-04 15:50:25,367 - INFO - Have successfully stopped logging for id=3
2025-09-04 15:50:25,367 - INFO - Have successfully deleted id=3
2025-09-04 15:50:58,213 - INFO - Start collection (slot:10ms)
2025-09-04 15:50:58,214 - INFO - Data collector started
2025-09-04 15:50:58,216 - INFO - Position manager started
2025-09-04 15:50:58,223 - INFO - Have successfully started logging for id=4
2025-09-04 15:50:58,224 - INFO - Have successfully started logging for id=5
2025-09-04 15:50:58,225 - INFO - Have successfully started logging for id=6
2025-09-04 15:50:58,316 - INFO - Position manager data flow is normal
2025-09-04 15:51:00,316 - INFO - Current position: (0.002, 0.034, 0.019, 89.6°)
2025-09-04 15:51:00,316 - INFO - Using absolute coordinate system, ignoring takeoff position offset
2025-09-04 15:51:01,316 - INFO - Pre-flight stabilization to first waypoint: (0.000, 0.000, 0.500)
2025-09-04 15:51:01,469 - INFO - Waypoint1: absolute coordinates(0.000, 0.000, 0.500, yaw=90.0°)
2025-09-04 15:51:01,469 - INFO - Flying to coordinate: (0.000, 0.000, 0.500)
2025-09-04 15:51:11,469 - WARNING - Waypoint timeout 10.0s (final error may still be acceptable)
2025-09-04 15:51:11,469 - WARNING - Waypoint1 not fully reached, continuing execution
2025-09-04 15:51:12,074 - INFO - Waypoint2: absolute coordinates(0.000, 0.000, 1.000, yaw=90.0°)
2025-09-04 15:51:12,074 - INFO - Flying to coordinate: (0.000, 0.000, 1.000)
2025-09-04 15:51:13,088 - INFO - Have successfully stopped logging for id=6
2025-09-04 15:51:13,182 - INFO - Position manager stopped
2025-09-04 15:51:13,187 - INFO - Stopping data collector...
2025-09-04 15:51:13,191 - INFO - Collection complete - stats: {'created': 1497, 'complete': 1497, 'merged': 0, 'dropped': 0}
2025-09-04 15:51:13,204 - INFO - Have successfully stopped logging for id=4
2025-09-04 15:51:13,209 - INFO - Have successfully stopped logging for id=5
2025-09-04 15:51:13,246 - INFO - Data saved: training_data/vertical_large_20250904_155113.json
2025-09-04 15:51:13,246 - INFO - States: 1497, Commands: 1128, Duration: 15.0s
2025-09-04 15:51:13,246 - INFO - Successfully saved 1497 state data points
2025-09-04 15:51:13,246 - INFO - Successfully saved 1128 control commands
2025-09-04 15:51:13,246 - INFO - Closing link
2025-09-04 15:51:13,247 - INFO - Callback->Disconnected from [radio://0/80/2M/E7E7E7E7E6]
2025-09-04 15:51:13,279 - INFO - User interrupted
