2025-09-04 14:51:14,838 - INFO - === Fixed continuous data collector ===
2025-09-04 14:51:14,838 - INFO - Mission: vertical_med
2025-09-04 14:51:14,838 - INFO - Waypoints (absolute coordinates): [(0, 0, 0.4), (0, 0, 0.8), (0, 0, 0.4)]
2025-09-04 14:51:14,839 - INFO - Callback->Connection initialized[radio://0/80/2M/E7E7E7E7E6]
2025-09-04 14:51:15,091 - INFO - We are connected[radio://0/80/2M/E7E7E7E7E6], request connection setup
2025-09-04 14:51:15,091 - INFO - Request _request_protocol_version()
2025-09-04 14:51:15,093 - INFO - Callback->Connected to [radio://0/80/2M/E7E7E7E7E6]
2025-09-04 14:51:15,098 - INFO - _crt_service_callback
2025-09-04 14:51:15,098 - INFO - Request protocol version
2025-09-04 14:51:15,102 - INFO - _platform_callback
2025-09-04 14:51:15,102 - INFO - Protocol version (platform): 9
2025-09-04 14:51:15,112 - INFO - TOC for port [5] found in cache
2025-09-04 14:51:15,112 - INFO - Log TOC finished updating
2025-09-04 14:51:15,116 - INFO - 6 memories found
2025-09-04 14:51:15,195 - INFO - Memories finished updating
2025-09-04 14:51:15,200 - INFO - TOC for port [2] found in cache
2025-09-04 14:51:15,648 - INFO - Param TOC finished updating
2025-09-04 14:51:15,648 - INFO - Callback->Connection setup finished [radio://0/80/2M/E7E7E7E7E6]
2025-09-04 14:51:15,649 - INFO - Connected: radio://0/80/2M/E7E7E7E7E6
2025-09-04 14:51:15,657 - INFO - Have successfully started logging for id=1
2025-09-04 14:51:15,757 - INFO - Battery: 3.81V (safe)
2025-09-04 14:51:15,758 - INFO - Battery check passed: 3.81V
2025-09-04 14:51:15,758 - INFO - Initializing position estimator to origin...
2025-09-04 14:51:15,760 - INFO - Have successfully stopped logging for id=1
2025-09-04 14:51:15,763 - INFO - Have successfully deleted id=1
2025-09-04 14:51:17,038 - INFO - All parameters updated
2025-09-04 14:51:17,038 - INFO - Callback->Connection completed [radio://0/80/2M/E7E7E7E7E6]
2025-09-04 14:51:17,149 - INFO - Have successfully started logging for id=2
2025-09-04 14:51:23,644 - INFO - Waiting for position estimator...
2025-09-04 14:51:23,649 - INFO - Have successfully stopped logging for id=2
2025-09-04 14:51:23,650 - INFO - Have successfully deleted id=2
2025-09-04 14:51:23,657 - INFO - Have successfully started logging for id=3
2025-09-04 14:51:24,656 - INFO - Position estimator ready
2025-09-04 14:51:24,657 - INFO - Controller parameters optimized
2025-09-04 14:51:24,661 - INFO - Have successfully stopped logging for id=3
2025-09-04 14:51:24,662 - INFO - Have successfully deleted id=3
2025-09-04 14:51:27,250 - INFO - Start collection (slot:10ms)
2025-09-04 14:51:27,251 - INFO - Data collector started
2025-09-04 14:51:27,252 - INFO - Position manager started
2025-09-04 14:51:27,259 - INFO - Have successfully started logging for id=4
2025-09-04 14:51:27,260 - INFO - Have successfully started logging for id=5
2025-09-04 14:51:27,261 - INFO - Have successfully started logging for id=6
2025-09-04 14:51:27,352 - INFO - Position manager data flow is normal
2025-09-04 14:51:29,353 - INFO - Current position: (-0.002, 0.059, 0.018, 90.5째)
2025-09-04 14:51:29,353 - INFO - Using absolute coordinate system, ignoring takeoff position offset
2025-09-04 14:51:30,353 - INFO - Pre-flight stabilization to first waypoint: (0.000, 0.000, 0.400)
2025-09-04 14:51:30,505 - INFO - Waypoint1: absolute coordinates(0.000, 0.000, 0.400, yaw=90.0째)
2025-09-04 14:51:30,506 - INFO - Flying to coordinate: (0.000, 0.000, 0.400)
2025-09-04 14:51:31,516 - INFO - Approaching target (error=0.149m), entering stabilization phase
2025-09-04 14:51:32,156 - INFO - Reached waypoint (error=0.039m, stable_count=30)
2025-09-04 14:51:32,756 - INFO - Waypoint2: absolute coordinates(0.000, 0.000, 0.800, yaw=90.0째)
2025-09-04 14:51:32,756 - INFO - Flying to coordinate: (0.000, 0.000, 0.800)
2025-09-04 14:51:33,266 - INFO - Approaching target (error=0.148m), entering stabilization phase
2025-09-04 14:51:33,906 - INFO - Reached waypoint (error=0.080m, stable_count=30)
2025-09-04 14:51:34,506 - INFO - Waypoint3: absolute coordinates(0.000, 0.000, 0.400, yaw=90.0째)
2025-09-04 14:51:34,507 - INFO - Flying to coordinate: (0.000, 0.000, 0.400)
2025-09-04 14:51:35,507 - INFO - Approaching target (error=0.144m), entering stabilization phase
2025-09-04 14:51:36,147 - INFO - Reached waypoint (error=0.058m, stable_count=30)
2025-09-04 14:51:36,747 - INFO - Returning to origin and landing...
2025-09-04 14:51:36,747 - INFO - Flying to coordinate: (0.000, 0.000, 0.200)
2025-09-04 14:51:37,207 - INFO - Approaching target (error=0.147m), entering stabilization phase
2025-09-04 14:51:37,897 - INFO - Reached waypoint (error=0.024m, stable_count=30)
2025-09-04 14:51:37,897 - INFO - Landing...
2025-09-04 14:51:37,898 - INFO - Landing complete
2025-09-04 14:51:37,904 - INFO - Have successfully stopped logging for id=6
2025-09-04 14:51:37,999 - INFO - Position manager stopped
2025-09-04 14:51:38,001 - INFO - Flight mission complete
2025-09-04 14:51:38,001 - INFO - Stopping data collector...
2025-09-04 14:51:38,003 - INFO - Collection complete - stats: {'created': 1075, 'complete': 1074, 'merged': 0, 'dropped': 0}
2025-09-04 14:51:38,009 - INFO - Have successfully stopped logging for id=4
2025-09-04 14:51:38,009 - INFO - Have successfully stopped logging for id=5
2025-09-04 14:51:38,042 - INFO - Data saved: training_data/vertical_med_20250904_145138.json
2025-09-04 14:51:38,042 - INFO - States: 1074, Commands: 605, Duration: 10.7s
2025-09-04 14:51:38,042 - INFO - Successfully saved 1074 state data points
2025-09-04 14:51:38,042 - INFO - Successfully saved 605 control commands
2025-09-04 14:51:38,042 - INFO - Closing link
2025-09-04 14:51:38,043 - INFO - Callback->Disconnected from [radio://0/80/2M/E7E7E7E7E6]
