2025-09-05 12:41:54,929 - INFO - === Fixed continuous data collector ===
2025-09-05 12:41:54,929 - INFO - Mission: square_small
2025-09-05 12:41:54,929 - INFO - Waypoints (absolute coordinates): [(0, 0, 0.3), (0.3, 0, 0.3), (0.3, 0.3, 0.3), (0, 0.3, 0.3), (0, 0, 0.3)]
2025-09-05 12:41:54,929 - INFO - Callback->Connection initialized[radio://0/80/2M/E7E7E7E7E6]
2025-09-05 12:41:55,179 - INFO - We are connected[radio://0/80/2M/E7E7E7E7E6], request connection setup
2025-09-05 12:41:55,180 - INFO - Request _request_protocol_version()
2025-09-05 12:41:55,182 - INFO - Callback->Connected to [radio://0/80/2M/E7E7E7E7E6]
2025-09-05 12:41:55,186 - INFO - _crt_service_callback
2025-09-05 12:41:55,187 - INFO - Request protocol version
2025-09-05 12:41:55,195 - INFO - _platform_callback
2025-09-05 12:41:55,195 - INFO - Protocol version (platform): 9
2025-09-05 12:41:55,209 - INFO - TOC for port [5] found in cache
2025-09-05 12:41:55,209 - INFO - Log TOC finished updating
2025-09-05 12:41:55,211 - INFO - 6 memories found
2025-09-05 12:41:55,287 - INFO - Memories finished updating
2025-09-05 12:41:55,296 - INFO - TOC for port [2] found in cache
2025-09-05 12:41:55,781 - INFO - Param TOC finished updating
2025-09-05 12:41:55,781 - INFO - Callback->Connection setup finished [radio://0/80/2M/E7E7E7E7E6]
2025-09-05 12:41:55,782 - INFO - Connected: radio://0/80/2M/E7E7E7E7E6
2025-09-05 12:41:55,794 - INFO - Have successfully started logging for id=1
2025-09-05 12:41:55,895 - INFO - Battery: 3.81V (safe)
2025-09-05 12:41:55,896 - INFO - Battery check passed: 3.81V
2025-09-05 12:41:55,896 - INFO - Initializing position estimator to origin...
2025-09-05 12:41:55,899 - INFO - Have successfully stopped logging for id=1
2025-09-05 12:41:55,900 - INFO - Have successfully deleted id=1
2025-09-05 12:41:57,096 - INFO - All parameters updated
2025-09-05 12:41:57,096 - INFO - Callback->Connection completed [radio://0/80/2M/E7E7E7E7E6]
2025-09-05 12:41:57,208 - INFO - Have successfully started logging for id=2
2025-09-05 12:42:03,705 - INFO - Waiting for position estimator...
2025-09-05 12:42:03,709 - INFO - Have successfully stopped logging for id=2
2025-09-05 12:42:03,710 - INFO - Have successfully deleted id=2
2025-09-05 12:42:03,718 - INFO - Have successfully started logging for id=3
2025-09-05 12:42:04,715 - INFO - Position estimator ready
2025-09-05 12:42:04,716 - INFO - Controller parameters optimized
2025-09-05 12:42:04,718 - INFO - Have successfully stopped logging for id=3
2025-09-05 12:42:04,719 - INFO - Have successfully deleted id=3
2025-09-05 12:42:06,429 - INFO - Start collection (slot:10ms)
2025-09-05 12:42:06,429 - INFO - Data collector started
2025-09-05 12:42:06,430 - INFO - Position manager started
2025-09-05 12:42:06,440 - INFO - Have successfully started logging for id=4
2025-09-05 12:42:06,441 - INFO - Have successfully started logging for id=5
2025-09-05 12:42:06,445 - INFO - Have successfully started logging for id=6
2025-09-05 12:42:06,530 - INFO - Position manager data flow is normal
2025-09-05 12:42:08,531 - INFO - Current position: (0.011, -0.014, 0.008, 89.9°)
2025-09-05 12:42:08,531 - INFO - Using absolute coordinate system, ignoring takeoff position offset
2025-09-05 12:42:09,531 - INFO - Pre-flight stabilization to first waypoint: (0.000, 0.000, 0.300)
2025-09-05 12:42:09,681 - INFO - Waypoint1: absolute coordinates(0.000, 0.000, 0.300, yaw=90.0°)
2025-09-05 12:42:09,681 - INFO - Flying to coordinate: (0.000, 0.000, 0.300)
2025-09-05 12:42:10,641 - INFO - Approaching target (error=0.148m), entering stabilization phase
2025-09-05 12:42:11,231 - INFO - Reached waypoint (error=0.041m, stable_count=30)
2025-09-05 12:42:11,832 - INFO - Waypoint2: absolute coordinates(0.300, 0.000, 0.300, yaw=90.0°)
2025-09-05 12:42:11,832 - INFO - Flying to coordinate: (0.300, 0.000, 0.300)
2025-09-05 12:42:12,542 - INFO - Approaching target (error=0.142m), entering stabilization phase
2025-09-05 12:42:13,932 - INFO - Reached waypoint (error=0.066m, stable_count=30)
2025-09-05 12:42:14,533 - INFO - Waypoint3: absolute coordinates(0.300, 0.300, 0.300, yaw=90.0°)
2025-09-05 12:42:14,533 - INFO - Flying to coordinate: (0.300, 0.300, 0.300)
2025-09-05 12:42:15,043 - INFO - Approaching target (error=0.145m), entering stabilization phase
2025-09-05 12:42:15,533 - INFO - Reached waypoint (error=0.047m, stable_count=30)
2025-09-05 12:42:16,134 - INFO - Waypoint4: absolute coordinates(0.000, 0.300, 0.300, yaw=90.0°)
2025-09-05 12:42:16,134 - INFO - Flying to coordinate: (0.000, 0.300, 0.300)
2025-09-05 12:42:16,744 - INFO - Approaching target (error=0.142m), entering stabilization phase
2025-09-05 12:42:18,174 - INFO - Reached waypoint (error=0.033m, stable_count=30)
2025-09-05 12:42:18,774 - INFO - Waypoint5: absolute coordinates(0.000, 0.000, 0.300, yaw=90.0°)
2025-09-05 12:42:18,774 - INFO - Flying to coordinate: (0.000, 0.000, 0.300)
2025-09-05 12:42:19,384 - INFO - Approaching target (error=0.119m), entering stabilization phase
2025-09-05 12:42:19,774 - INFO - Reached waypoint (error=0.041m, stable_count=30)
2025-09-05 12:42:20,374 - INFO - Returning to origin and landing...
2025-09-05 12:42:20,374 - INFO - Flying to coordinate: (0.000, 0.000, 0.200)
2025-09-05 12:42:20,375 - INFO - Approaching target (error=0.079m), entering stabilization phase
2025-09-05 12:42:21,125 - INFO - Reached waypoint (error=0.034m, stable_count=30)
2025-09-05 12:42:21,125 - INFO - Landing...
2025-09-05 12:42:21,125 - INFO - Landing complete
2025-09-05 12:42:21,133 - INFO - Have successfully stopped logging for id=6
2025-09-05 12:42:21,227 - INFO - Position manager stopped
2025-09-05 12:42:21,228 - INFO - Flight mission complete
2025-09-05 12:42:21,228 - INFO - Stopping data collector...
2025-09-05 12:42:21,231 - INFO - Collection complete - stats: {'created': 1480, 'complete': 1479, 'merged': 0, 'dropped': 1}
2025-09-05 12:42:21,237 - INFO - Have successfully stopped logging for id=4
2025-09-05 12:42:21,240 - INFO - Have successfully stopped logging for id=5
2025-09-05 12:42:21,283 - INFO - Data saved: training_data/square_small_20250905_124221.json
2025-09-05 12:42:21,283 - INFO - States: 1479, Commands: 910, Duration: 14.8s
2025-09-05 12:42:21,283 - INFO - Successfully saved 1479 state data points
2025-09-05 12:42:21,283 - INFO - Successfully saved 910 control commands
2025-09-05 12:42:21,283 - INFO - Closing link
2025-09-05 12:42:21,284 - INFO - Callback->Disconnected from [radio://0/80/2M/E7E7E7E7E6]
