2025-09-04 15:21:13,645 - INFO - === Fixed continuous data collector ===
2025-09-04 15:21:13,645 - INFO - Mission: vertical_large
2025-09-04 15:21:13,645 - INFO - Waypoints (absolute coordinates): [(0, 0, 0.5), (0, 0, 1.0), (0, 0, 0.5)]
2025-09-04 15:21:13,646 - INFO - Callback->Connection initialized[radio://0/80/2M/E7E7E7E7E6]
2025-09-04 15:21:13,897 - INFO - We are connected[radio://0/80/2M/E7E7E7E7E6], request connection setup
2025-09-04 15:21:13,898 - INFO - Request _request_protocol_version()
2025-09-04 15:21:13,900 - INFO - Callback->Connected to [radio://0/80/2M/E7E7E7E7E6]
2025-09-04 15:21:13,904 - INFO - _crt_service_callback
2025-09-04 15:21:13,904 - INFO - Request protocol version
2025-09-04 15:21:13,910 - INFO - _platform_callback
2025-09-04 15:21:13,910 - INFO - Protocol version (platform): 9
2025-09-04 15:21:13,920 - INFO - TOC for port [5] found in cache
2025-09-04 15:21:13,920 - INFO - Log TOC finished updating
2025-09-04 15:21:13,923 - INFO - 6 memories found
2025-09-04 15:21:14,004 - INFO - Memories finished updating
2025-09-04 15:21:14,010 - INFO - TOC for port [2] found in cache
2025-09-04 15:21:14,510 - INFO - Param TOC finished updating
2025-09-04 15:21:14,510 - INFO - Callback->Connection setup finished [radio://0/80/2M/E7E7E7E7E6]
2025-09-04 15:21:14,511 - INFO - Connected: radio://0/80/2M/E7E7E7E7E6
2025-09-04 15:21:14,521 - INFO - Have successfully started logging for id=1
2025-09-04 15:21:14,622 - INFO - Battery: 3.94V (safe)
2025-09-04 15:21:14,625 - INFO - Battery check passed: 3.94V
2025-09-04 15:21:14,625 - INFO - Initializing position estimator to origin...
2025-09-04 15:21:14,629 - INFO - Have successfully stopped logging for id=1
2025-09-04 15:21:14,630 - INFO - Have successfully deleted id=1
2025-09-04 15:21:16,035 - INFO - All parameters updated
2025-09-04 15:21:16,035 - INFO - Callback->Connection completed [radio://0/80/2M/E7E7E7E7E6]
2025-09-04 15:21:16,144 - INFO - Have successfully started logging for id=2
2025-09-04 15:21:23,139 - INFO - Waiting for position estimator...
2025-09-04 15:21:23,142 - INFO - Have successfully stopped logging for id=2
2025-09-04 15:21:23,143 - INFO - Have successfully deleted id=2
2025-09-04 15:21:23,147 - INFO - Have successfully started logging for id=3
2025-09-04 15:21:24,149 - INFO - Position estimator ready
2025-09-04 15:21:24,149 - INFO - Controller parameters optimized
2025-09-04 15:21:24,154 - INFO - Have successfully stopped logging for id=3
2025-09-04 15:21:24,155 - INFO - Have successfully deleted id=3
2025-09-04 15:21:26,442 - INFO - Start collection (slot:10ms)
2025-09-04 15:21:26,446 - INFO - Data collector started
2025-09-04 15:21:26,447 - INFO - Position manager started
2025-09-04 15:21:26,455 - INFO - Have successfully started logging for id=4
2025-09-04 15:21:26,457 - INFO - Have successfully started logging for id=5
2025-09-04 15:21:26,458 - INFO - Have successfully started logging for id=6
2025-09-04 15:21:26,547 - INFO - Position manager data flow is normal
2025-09-04 15:21:28,548 - INFO - Current position: (-0.004, 0.043, 0.003, 90.0째)
2025-09-04 15:21:28,548 - INFO - Using absolute coordinate system, ignoring takeoff position offset
2025-09-04 15:21:29,548 - INFO - Pre-flight stabilization to first waypoint: (0.000, 0.000, 0.500)
2025-09-04 15:21:29,698 - INFO - Waypoint1: absolute coordinates(0.000, 0.000, 0.500, yaw=90.0째)
2025-09-04 15:21:29,698 - INFO - Flying to coordinate: (0.000, 0.000, 0.500)
2025-09-04 15:21:30,708 - INFO - Approaching target (error=0.149m), entering stabilization phase
2025-09-04 15:21:31,248 - INFO - Reached waypoint (error=0.022m, stable_count=30)
2025-09-04 15:21:31,849 - INFO - Waypoint2: absolute coordinates(0.000, 0.000, 1.000, yaw=90.0째)
2025-09-04 15:21:31,849 - INFO - Flying to coordinate: (0.000, 0.000, 1.000)
2025-09-04 15:21:32,459 - INFO - Approaching target (error=0.124m), entering stabilization phase
2025-09-04 15:21:32,849 - INFO - Reached waypoint (error=0.061m, stable_count=30)
2025-09-04 15:21:33,450 - INFO - Waypoint3: absolute coordinates(0.000, 0.000, 0.500, yaw=90.0째)
2025-09-04 15:21:33,450 - INFO - Flying to coordinate: (0.000, 0.000, 0.500)
2025-09-04 15:21:34,460 - INFO - Approaching target (error=0.147m), entering stabilization phase
2025-09-04 15:21:35,000 - INFO - Reached waypoint (error=0.050m, stable_count=30)
2025-09-04 15:21:35,601 - INFO - Returning to origin and landing...
2025-09-04 15:21:35,601 - INFO - Flying to coordinate: (0.000, 0.000, 0.200)
2025-09-04 15:21:36,351 - INFO - Approaching target (error=0.143m), entering stabilization phase
2025-09-04 15:21:37,141 - INFO - Reached waypoint (error=0.050m, stable_count=30)
2025-09-04 15:21:37,141 - INFO - Landing...
2025-09-04 15:21:37,142 - INFO - Landing complete
2025-09-04 15:21:37,148 - INFO - Have successfully stopped logging for id=6
2025-09-04 15:21:37,243 - INFO - Position manager stopped
2025-09-04 15:21:37,245 - INFO - Flight mission complete
2025-09-04 15:21:37,245 - INFO - Stopping data collector...
2025-09-04 15:21:37,247 - INFO - Collection complete - stats: {'created': 1079, 'complete': 1079, 'merged': 0, 'dropped': 0}
2025-09-04 15:21:37,252 - INFO - Have successfully stopped logging for id=4
2025-09-04 15:21:37,254 - INFO - Have successfully stopped logging for id=5
2025-09-04 15:21:37,285 - INFO - Data saved: training_data/vertical_large_20250904_152137.json
2025-09-04 15:21:37,285 - INFO - States: 1079, Commands: 610, Duration: 10.8s
2025-09-04 15:21:37,285 - INFO - Successfully saved 1079 state data points
2025-09-04 15:21:37,285 - INFO - Successfully saved 610 control commands
2025-09-04 15:21:37,285 - INFO - Closing link
2025-09-04 15:21:37,286 - INFO - Callback->Disconnected from [radio://0/80/2M/E7E7E7E7E6]
