2025-09-04 15:38:20,650 - INFO - === Fixed continuous data collector ===
2025-09-04 15:38:20,650 - INFO - Mission: vertical_large
2025-09-04 15:38:20,650 - INFO - Waypoints (absolute coordinates): [(0, 0, 0.5), (0, 0, 1.0), (0, 0, 0.5)]
2025-09-04 15:38:20,651 - INFO - Callback->Connection initialized[radio://0/80/2M/E7E7E7E7E6]
2025-09-04 15:38:20,903 - INFO - We are connected[radio://0/80/2M/E7E7E7E7E6], request connection setup
2025-09-04 15:38:20,903 - INFO - Request _request_protocol_version()
2025-09-04 15:38:20,905 - INFO - Callback->Connected to [radio://0/80/2M/E7E7E7E7E6]
2025-09-04 15:38:20,909 - INFO - _crt_service_callback
2025-09-04 15:38:20,909 - INFO - Request protocol version
2025-09-04 15:38:20,913 - INFO - _platform_callback
2025-09-04 15:38:20,913 - INFO - Protocol version (platform): 9
2025-09-04 15:38:20,923 - INFO - TOC for port [5] found in cache
2025-09-04 15:38:20,924 - INFO - Log TOC finished updating
2025-09-04 15:38:20,928 - INFO - 6 memories found
2025-09-04 15:38:21,005 - INFO - Memories finished updating
2025-09-04 15:38:21,011 - INFO - TOC for port [2] found in cache
2025-09-04 15:38:21,467 - INFO - Param TOC finished updating
2025-09-04 15:38:21,467 - INFO - Callback->Connection setup finished [radio://0/80/2M/E7E7E7E7E6]
2025-09-04 15:38:21,468 - INFO - Connected: radio://0/80/2M/E7E7E7E7E6
2025-09-04 15:38:21,477 - INFO - Have successfully started logging for id=1
2025-09-04 15:38:21,576 - INFO - Battery: 3.82V (safe)
2025-09-04 15:38:21,577 - INFO - Battery check passed: 3.82V
2025-09-04 15:38:21,577 - INFO - Initializing position estimator to origin...
2025-09-04 15:38:21,580 - INFO - Have successfully stopped logging for id=1
2025-09-04 15:38:21,581 - INFO - Have successfully deleted id=1
2025-09-04 15:38:22,637 - INFO - All parameters updated
2025-09-04 15:38:22,637 - INFO - Callback->Connection completed [radio://0/80/2M/E7E7E7E7E6]
2025-09-04 15:38:22,745 - INFO - Have successfully started logging for id=2
2025-09-04 15:38:29,239 - INFO - Waiting for position estimator...
2025-09-04 15:38:29,242 - INFO - Have successfully stopped logging for id=2
2025-09-04 15:38:29,243 - INFO - Have successfully deleted id=2
2025-09-04 15:38:29,248 - INFO - Have successfully started logging for id=3
2025-09-04 15:38:30,247 - INFO - Position estimator ready
2025-09-04 15:38:30,248 - INFO - Controller parameters optimized
2025-09-04 15:38:30,252 - INFO - Have successfully stopped logging for id=3
2025-09-04 15:38:30,253 - INFO - Have successfully deleted id=3
2025-09-04 15:38:32,478 - INFO - Start collection (slot:10ms)
2025-09-04 15:38:32,479 - INFO - Data collector started
2025-09-04 15:38:32,480 - INFO - Position manager started
2025-09-04 15:38:32,491 - INFO - Have successfully started logging for id=4
2025-09-04 15:38:32,492 - INFO - Have successfully started logging for id=5
2025-09-04 15:38:32,493 - INFO - Have successfully started logging for id=6
2025-09-04 15:38:32,581 - INFO - Position manager data flow is normal
2025-09-04 15:38:34,581 - INFO - Current position: (-0.002, 0.040, -0.000, 90.1째)
2025-09-04 15:38:34,581 - INFO - Using absolute coordinate system, ignoring takeoff position offset
2025-09-04 15:38:35,581 - INFO - Pre-flight stabilization to first waypoint: (0.000, 0.000, 0.500)
2025-09-04 15:38:35,731 - INFO - Waypoint1: absolute coordinates(0.000, 0.000, 0.500, yaw=90.0째)
2025-09-04 15:38:35,731 - INFO - Flying to coordinate: (0.000, 0.000, 0.500)
2025-09-04 15:38:36,741 - INFO - Approaching target (error=0.137m), entering stabilization phase
2025-09-04 15:38:37,181 - INFO - Reached waypoint (error=0.024m, stable_count=30)
2025-09-04 15:38:37,782 - INFO - Waypoint2: absolute coordinates(0.000, 0.000, 1.000, yaw=90.0째)
2025-09-04 15:38:37,782 - INFO - Flying to coordinate: (0.000, 0.000, 1.000)
2025-09-04 15:38:38,442 - INFO - Approaching target (error=0.124m), entering stabilization phase
2025-09-04 15:38:43,682 - INFO - Reached waypoint (error=0.049m, stable_count=30)
2025-09-04 15:38:44,282 - INFO - Waypoint3: absolute coordinates(0.000, 0.000, 0.500, yaw=90.0째)
2025-09-04 15:38:44,282 - INFO - Flying to coordinate: (0.000, 0.000, 0.500)
2025-09-04 15:38:45,092 - INFO - Approaching target (error=0.148m), entering stabilization phase
2025-09-04 15:38:45,682 - INFO - Reached waypoint (error=0.072m, stable_count=30)
2025-09-04 15:38:46,284 - INFO - Returning to origin and landing...
2025-09-04 15:38:46,284 - INFO - Flying to coordinate: (0.000, 0.000, 0.200)
2025-09-04 15:38:46,734 - INFO - Approaching target (error=0.150m), entering stabilization phase
2025-09-04 15:38:47,374 - INFO - Reached waypoint (error=0.046m, stable_count=30)
2025-09-04 15:38:47,374 - INFO - Landing...
2025-09-04 15:38:47,375 - INFO - Landing complete
2025-09-04 15:38:47,380 - INFO - Have successfully stopped logging for id=6
2025-09-04 15:38:47,475 - INFO - Position manager stopped
2025-09-04 15:38:47,477 - INFO - Flight mission complete
2025-09-04 15:38:47,477 - INFO - Stopping data collector...
2025-09-04 15:38:47,480 - INFO - Collection complete - stats: {'created': 1500, 'complete': 1499, 'merged': 0, 'dropped': 0}
2025-09-04 15:38:47,487 - INFO - Have successfully stopped logging for id=4
2025-09-04 15:38:47,489 - INFO - Have successfully stopped logging for id=5
2025-09-04 15:38:47,533 - INFO - Data saved: training_data/vertical_large_20250904_153847.json
2025-09-04 15:38:47,533 - INFO - States: 1499, Commands: 1030, Duration: 15.0s
2025-09-04 15:38:47,533 - INFO - Successfully saved 1499 state data points
2025-09-04 15:38:47,533 - INFO - Successfully saved 1030 control commands
2025-09-04 15:38:47,533 - INFO - Closing link
2025-09-04 15:38:47,534 - INFO - Callback->Disconnected from [radio://0/80/2M/E7E7E7E7E6]
