2025-09-05 14:59:10,518 - INFO - === Fixed continuous data collector ===
2025-09-05 14:59:10,518 - INFO - Mission: square_large
2025-09-05 14:59:10,519 - INFO - Waypoints (absolute coordinates): [(0, 0, 0.5), (0.7, 0, 0.5), (0.7, 0.7, 0.5), (0, 0.7, 0.5), (0, 0, 0.5)]
2025-09-05 14:59:10,519 - INFO - Callback->Connection initialized[radio://0/80/2M/E7E7E7E7E6]
2025-09-05 14:59:10,769 - INFO - We are connected[radio://0/80/2M/E7E7E7E7E6], request connection setup
2025-09-05 14:59:10,769 - INFO - Request _request_protocol_version()
2025-09-05 14:59:10,774 - INFO - Callback->Connected to [radio://0/80/2M/E7E7E7E7E6]
2025-09-05 14:59:10,780 - INFO - _crt_service_callback
2025-09-05 14:59:10,780 - INFO - Request protocol version
2025-09-05 14:59:10,785 - INFO - _platform_callback
2025-09-05 14:59:10,785 - INFO - Protocol version (platform): 9
2025-09-05 14:59:10,798 - INFO - TOC for port [5] found in cache
2025-09-05 14:59:10,798 - INFO - Log TOC finished updating
2025-09-05 14:59:10,804 - INFO - 6 memories found
2025-09-05 14:59:10,888 - INFO - Memories finished updating
2025-09-05 14:59:10,897 - INFO - TOC for port [2] found in cache
2025-09-05 14:59:11,471 - INFO - Param TOC finished updating
2025-09-05 14:59:11,471 - INFO - Callback->Connection setup finished [radio://0/80/2M/E7E7E7E7E6]
2025-09-05 14:59:11,472 - INFO - Connected: radio://0/80/2M/E7E7E7E7E6
2025-09-05 14:59:11,483 - INFO - Have successfully started logging for id=1
2025-09-05 14:59:11,584 - INFO - Battery: 4.06V (safe)
2025-09-05 14:59:11,585 - INFO - Battery check passed: 4.06V
2025-09-05 14:59:11,585 - INFO - Initializing position estimator to origin...
2025-09-05 14:59:11,588 - INFO - Have successfully stopped logging for id=1
2025-09-05 14:59:11,588 - INFO - Have successfully deleted id=1
2025-09-05 14:59:12,699 - INFO - All parameters updated
2025-09-05 14:59:12,699 - INFO - Callback->Connection completed [radio://0/80/2M/E7E7E7E7E6]
2025-09-05 14:59:12,807 - INFO - Have successfully started logging for id=2
2025-09-05 14:59:20,801 - INFO - Waiting for position estimator...
2025-09-05 14:59:20,804 - INFO - Have successfully stopped logging for id=2
2025-09-05 14:59:20,805 - INFO - Have successfully deleted id=2
2025-09-05 14:59:20,811 - INFO - Have successfully started logging for id=3
2025-09-05 14:59:21,810 - INFO - Position estimator ready
2025-09-05 14:59:21,811 - INFO - Controller parameters optimized
2025-09-05 14:59:21,815 - INFO - Have successfully stopped logging for id=3
2025-09-05 14:59:21,816 - INFO - Have successfully deleted id=3
2025-09-05 14:59:24,244 - INFO - Start collection (slot:10ms)
2025-09-05 14:59:24,245 - INFO - Data collector started
2025-09-05 14:59:24,246 - INFO - Position manager started
2025-09-05 14:59:24,254 - INFO - Have successfully started logging for id=4
2025-09-05 14:59:24,255 - INFO - Have successfully started logging for id=5
2025-09-05 14:59:24,256 - INFO - Have successfully started logging for id=6
2025-09-05 14:59:24,346 - INFO - Position manager data flow is normal
2025-09-05 14:59:26,346 - INFO - Current position: (-0.003, 0.050, 0.038, 90.0°)
2025-09-05 14:59:26,347 - INFO - Using absolute coordinate system, ignoring takeoff position offset
2025-09-05 14:59:27,347 - INFO - Pre-flight stabilization to first waypoint: (0.000, 0.000, 0.500)
2025-09-05 14:59:27,497 - INFO - Waypoint1: absolute coordinates(0.000, 0.000, 0.500, yaw=90.0°)
2025-09-05 14:59:27,497 - INFO - Flying to coordinate: (0.000, 0.000, 0.500)
2025-09-05 14:59:28,517 - INFO - Approaching target (error=0.144m), entering stabilization phase
2025-09-05 14:59:29,047 - INFO - Reached waypoint (error=0.043m, stable_count=30)
2025-09-05 14:59:29,647 - INFO - Waypoint2: absolute coordinates(0.700, 0.000, 0.500, yaw=90.0°)
2025-09-05 14:59:29,647 - INFO - Flying to coordinate: (0.700, 0.000, 0.500)
2025-09-05 14:59:30,608 - INFO - Approaching target (error=0.135m), entering stabilization phase
2025-09-05 14:59:32,298 - INFO - Reached waypoint (error=0.042m, stable_count=30)
2025-09-05 14:59:32,898 - INFO - Waypoint3: absolute coordinates(0.700, 0.700, 0.500, yaw=90.0°)
2025-09-05 14:59:32,898 - INFO - Flying to coordinate: (0.700, 0.700, 0.500)
2025-09-05 14:59:33,758 - INFO - Approaching target (error=0.140m), entering stabilization phase
2025-09-05 14:59:34,148 - INFO - Reached waypoint (error=0.054m, stable_count=30)
2025-09-05 14:59:34,748 - INFO - Waypoint4: absolute coordinates(0.000, 0.700, 0.500, yaw=90.0°)
2025-09-05 14:59:34,748 - INFO - Flying to coordinate: (0.000, 0.700, 0.500)
2025-09-05 14:59:36,099 - INFO - Approaching target (error=0.144m), entering stabilization phase
2025-09-05 14:59:37,439 - INFO - Reached waypoint (error=0.071m, stable_count=30)
2025-09-05 14:59:38,039 - INFO - Waypoint5: absolute coordinates(0.000, 0.000, 0.500, yaw=90.0°)
2025-09-05 14:59:38,039 - INFO - Flying to coordinate: (0.000, 0.000, 0.500)
2025-09-05 14:59:38,949 - INFO - Approaching target (error=0.141m), entering stabilization phase
2025-09-05 14:59:40,339 - INFO - Reached waypoint (error=0.060m, stable_count=30)
2025-09-05 14:59:40,939 - INFO - Returning to origin and landing...
2025-09-05 14:59:40,939 - INFO - Flying to coordinate: (0.000, 0.000, 0.200)
2025-09-05 14:59:41,650 - INFO - Approaching target (error=0.149m), entering stabilization phase
2025-09-05 14:59:42,390 - INFO - Reached waypoint (error=0.075m, stable_count=30)
2025-09-05 14:59:42,390 - INFO - Landing...
2025-09-05 14:59:42,390 - INFO - Landing complete
2025-09-05 14:59:42,395 - INFO - Have successfully stopped logging for id=6
2025-09-05 14:59:42,492 - INFO - Position manager stopped
2025-09-05 14:59:42,494 - INFO - Flight mission complete
2025-09-05 14:59:42,494 - INFO - Stopping data collector...
2025-09-05 14:59:42,495 - INFO - Collection complete - stats: {'created': 1825, 'complete': 1825, 'merged': 0, 'dropped': 0}
2025-09-05 14:59:42,504 - INFO - Have successfully stopped logging for id=4
2025-09-05 14:59:42,507 - INFO - Have successfully stopped logging for id=5
2025-09-05 14:59:42,558 - INFO - Data saved: training_data/square_large_20250905_145942.json
2025-09-05 14:59:42,558 - INFO - States: 1825, Commands: 1254, Duration: 18.2s
2025-09-05 14:59:42,559 - INFO - Successfully saved 1825 state data points
2025-09-05 14:59:42,559 - INFO - Successfully saved 1254 control commands
2025-09-05 14:59:42,559 - INFO - Closing link
2025-09-05 14:59:42,559 - INFO - Callback->Disconnected from [radio://0/80/2M/E7E7E7E7E6]
