2025-09-04 13:41:41,207 - INFO - === Fixed continuous data collector ===
2025-09-04 13:41:41,207 - INFO - Mission: vertical_med
2025-09-04 13:41:41,207 - INFO - Waypoints (absolute coordinates): [(0, 0, 0.4), (0, 0, 0.8), (0, 0, 0.4)]
2025-09-04 13:41:41,208 - INFO - Callback->Connection initialized[radio://0/80/2M/E7E7E7E7E6]
2025-09-04 13:41:41,459 - INFO - We are connected[radio://0/80/2M/E7E7E7E7E6], request connection setup
2025-09-04 13:41:41,460 - INFO - Request _request_protocol_version()
2025-09-04 13:41:41,463 - INFO - Callback->Connected to [radio://0/80/2M/E7E7E7E7E6]
2025-09-04 13:41:41,468 - INFO - _crt_service_callback
2025-09-04 13:41:41,468 - INFO - Request protocol version
2025-09-04 13:41:41,473 - INFO - _platform_callback
2025-09-04 13:41:41,473 - INFO - Protocol version (platform): 9
2025-09-04 13:41:41,487 - INFO - TOC for port [5] found in cache
2025-09-04 13:41:41,487 - INFO - Log TOC finished updating
2025-09-04 13:41:41,492 - INFO - 6 memories found
2025-09-04 13:41:41,575 - INFO - Memories finished updating
2025-09-04 13:41:41,581 - INFO - TOC for port [2] found in cache
2025-09-04 13:41:42,240 - INFO - Param TOC finished updating
2025-09-04 13:41:42,240 - INFO - Callback->Connection setup finished [radio://0/80/2M/E7E7E7E7E6]
2025-09-04 13:41:42,241 - INFO - Connected: radio://0/80/2M/E7E7E7E7E6
2025-09-04 13:41:42,252 - INFO - Have successfully started logging for id=1
2025-09-04 13:41:42,352 - INFO - Battery: 3.84V (safe)
2025-09-04 13:41:42,354 - INFO - Battery check passed: 3.84V
2025-09-04 13:41:42,354 - INFO - Initializing position estimator to origin...
2025-09-04 13:41:42,358 - INFO - Have successfully stopped logging for id=1
2025-09-04 13:41:42,359 - INFO - Have successfully deleted id=1
2025-09-04 13:41:43,767 - INFO - All parameters updated
2025-09-04 13:41:43,767 - INFO - Callback->Connection completed [radio://0/80/2M/E7E7E7E7E6]
2025-09-04 13:41:43,876 - INFO - Have successfully started logging for id=2
2025-09-04 13:41:50,373 - INFO - Waiting for position estimator...
2025-09-04 13:41:50,377 - INFO - Have successfully stopped logging for id=2
2025-09-04 13:41:50,378 - INFO - Have successfully deleted id=2
2025-09-04 13:41:50,384 - INFO - Have successfully started logging for id=3
2025-09-04 13:41:51,383 - INFO - Position estimator ready
2025-09-04 13:41:51,384 - INFO - Controller parameters optimized
2025-09-04 13:41:51,389 - INFO - Have successfully stopped logging for id=3
2025-09-04 13:41:51,392 - INFO - Have successfully deleted id=3
2025-09-04 13:41:57,365 - INFO - Start collection (slot:10ms)
2025-09-04 13:41:57,366 - INFO - Data collector started
2025-09-04 13:41:57,368 - INFO - Position manager started
2025-09-04 13:41:57,375 - INFO - Have successfully started logging for id=4
2025-09-04 13:41:57,376 - INFO - Have successfully started logging for id=5
2025-09-04 13:41:57,378 - INFO - Have successfully started logging for id=6
2025-09-04 13:41:57,468 - INFO - Position manager data flow is normal
2025-09-04 13:41:59,468 - INFO - Current position: (0.013, 0.029, 0.027, 89.9째)
2025-09-04 13:41:59,468 - INFO - Using absolute coordinate system, ignoring takeoff position offset
2025-09-04 13:42:00,469 - INFO - Pre-flight stabilization to first waypoint: (0.000, 0.000, 0.400)
2025-09-04 13:42:00,619 - INFO - Waypoint1: absolute coordinates(0.000, 0.000, 0.400, yaw=90.0째)
2025-09-04 13:42:00,619 - INFO - Flying to coordinate: (0.000, 0.000, 0.400)
2025-09-04 13:42:01,629 - INFO - Approaching target (error=0.144m), entering stabilization phase
2025-09-04 13:42:02,219 - INFO - Reached waypoint (error=0.036m, stable_count=30)
2025-09-04 13:42:02,821 - INFO - Waypoint2: absolute coordinates(0.000, 0.000, 0.800, yaw=90.0째)
2025-09-04 13:42:02,821 - INFO - Flying to coordinate: (0.000, 0.000, 0.800)
2025-09-04 13:42:03,381 - INFO - Approaching target (error=0.142m), entering stabilization phase
2025-09-04 13:42:06,111 - INFO - Reached waypoint (error=0.075m, stable_count=30)
2025-09-04 13:42:06,711 - INFO - Waypoint3: absolute coordinates(0.000, 0.000, 0.400, yaw=90.0째)
2025-09-04 13:42:06,711 - INFO - Flying to coordinate: (0.000, 0.000, 0.400)
2025-09-04 13:42:07,721 - INFO - Approaching target (error=0.142m), entering stabilization phase
2025-09-04 13:42:08,361 - INFO - Reached waypoint (error=0.045m, stable_count=30)
2025-09-04 13:42:08,961 - INFO - Returning to origin and landing...
2025-09-04 13:42:08,962 - INFO - Flying to coordinate: (0.000, 0.000, 0.200)
2025-09-04 13:42:09,222 - INFO - Approaching target (error=0.143m), entering stabilization phase
2025-09-04 13:42:09,962 - INFO - Reached waypoint (error=0.043m, stable_count=30)
2025-09-04 13:42:09,962 - INFO - Landing...
2025-09-04 13:42:09,962 - INFO - Landing complete
2025-09-04 13:42:09,981 - INFO - Have successfully stopped logging for id=6
2025-09-04 13:42:10,066 - INFO - Position manager stopped
2025-09-04 13:42:10,067 - INFO - Flight mission complete
2025-09-04 13:42:10,067 - INFO - Stopping data collector...
2025-09-04 13:42:10,070 - INFO - Collection complete - stats: {'created': 1270, 'complete': 1270, 'merged': 0, 'dropped': 0}
2025-09-04 13:42:10,085 - INFO - Have successfully stopped logging for id=4
2025-09-04 13:42:10,088 - INFO - Have successfully stopped logging for id=5
2025-09-04 13:42:10,113 - INFO - Data saved: training_data/vertical_med_20250904_134210.json
2025-09-04 13:42:10,113 - INFO - States: 1270, Commands: 800, Duration: 12.7s
2025-09-04 13:42:10,113 - INFO - Successfully saved 1270 state data points
2025-09-04 13:42:10,113 - INFO - Successfully saved 800 control commands
2025-09-04 13:42:10,114 - INFO - Closing link
2025-09-04 13:42:10,114 - INFO - Callback->Disconnected from [radio://0/80/2M/E7E7E7E7E6]
