2025-09-05 17:12:34,990 - INFO - === Fixed continuous data collector ===
2025-09-05 17:12:34,990 - INFO - Mission: triangle_large
2025-09-05 17:12:34,990 - INFO - Waypoints (absolute coordinates): [(0, 0, 0.6), (0.8, 0, 0.6), (0.4, 0.6, 0.6), (0, 0, 0.6)]
2025-09-05 17:12:34,990 - INFO - Callback->Connection initialized[radio://0/80/2M/E7E7E7E7E6]
2025-09-05 17:12:35,242 - INFO - We are connected[radio://0/80/2M/E7E7E7E7E6], request connection setup
2025-09-05 17:12:35,242 - INFO - Request _request_protocol_version()
2025-09-05 17:12:35,244 - INFO - Callback->Connected to [radio://0/80/2M/E7E7E7E7E6]
2025-09-05 17:12:35,247 - INFO - _crt_service_callback
2025-09-05 17:12:35,248 - INFO - Request protocol version
2025-09-05 17:12:35,251 - INFO - _platform_callback
2025-09-05 17:12:35,251 - INFO - Protocol version (platform): 9
2025-09-05 17:12:35,262 - INFO - TOC for port [5] found in cache
2025-09-05 17:12:35,262 - INFO - Log TOC finished updating
2025-09-05 17:12:35,265 - INFO - 6 memories found
2025-09-05 17:12:35,344 - INFO - Memories finished updating
2025-09-05 17:12:35,350 - INFO - TOC for port [2] found in cache
2025-09-05 17:12:35,765 - INFO - Param TOC finished updating
2025-09-05 17:12:35,765 - INFO - Callback->Connection setup finished [radio://0/80/2M/E7E7E7E7E6]
2025-09-05 17:12:35,766 - INFO - Connected: radio://0/80/2M/E7E7E7E7E6
2025-09-05 17:12:35,773 - INFO - Have successfully started logging for id=1
2025-09-05 17:12:35,874 - INFO - Battery: 4.04V (safe)
2025-09-05 17:12:35,875 - INFO - Battery check passed: 4.04V
2025-09-05 17:12:35,875 - INFO - Initializing position estimator to origin...
2025-09-05 17:12:35,879 - INFO - Have successfully stopped logging for id=1
2025-09-05 17:12:35,879 - INFO - Have successfully deleted id=1
2025-09-05 17:12:36,852 - INFO - All parameters updated
2025-09-05 17:12:36,852 - INFO - Callback->Connection completed [radio://0/80/2M/E7E7E7E7E6]
2025-09-05 17:12:36,960 - INFO - Have successfully started logging for id=2
2025-09-05 17:12:43,456 - INFO - Waiting for position estimator...
2025-09-05 17:12:43,461 - INFO - Have successfully stopped logging for id=2
2025-09-05 17:12:43,462 - INFO - Have successfully deleted id=2
2025-09-05 17:12:43,465 - INFO - Have successfully started logging for id=3
2025-09-05 17:12:44,465 - INFO - Position estimator ready
2025-09-05 17:12:44,466 - INFO - Controller parameters optimized
2025-09-05 17:12:44,468 - INFO - Have successfully stopped logging for id=3
2025-09-05 17:12:44,469 - INFO - Have successfully deleted id=3
2025-09-05 17:12:46,826 - INFO - Start collection (slot:10ms)
2025-09-05 17:12:46,827 - INFO - Data collector started
2025-09-05 17:12:46,828 - INFO - Position manager started
2025-09-05 17:12:46,835 - INFO - Have successfully started logging for id=4
2025-09-05 17:12:46,837 - INFO - Have successfully started logging for id=5
2025-09-05 17:12:46,837 - INFO - Have successfully started logging for id=6
2025-09-05 17:12:46,928 - INFO - Position manager data flow is normal
2025-09-05 17:12:48,928 - INFO - Current position: (-0.041, -0.003, 0.019, 89.7°)
2025-09-05 17:12:48,928 - INFO - Using absolute coordinate system, ignoring takeoff position offset
2025-09-05 17:12:49,929 - INFO - Pre-flight stabilization to first waypoint: (0.000, 0.000, 0.600)
2025-09-05 17:12:50,081 - INFO - Waypoint1: absolute coordinates(0.000, 0.000, 0.600, yaw=90.0°)
2025-09-05 17:12:50,081 - INFO - Flying to coordinate: (0.000, 0.000, 0.600)
2025-09-05 17:12:51,141 - INFO - Approaching target (error=0.135m), entering stabilization phase
2025-09-05 17:12:51,681 - INFO - Reached waypoint (error=0.062m, stable_count=30)
2025-09-05 17:12:52,281 - INFO - Waypoint2: absolute coordinates(0.800, 0.000, 0.600, yaw=90.0°)
2025-09-05 17:12:52,282 - INFO - Flying to coordinate: (0.800, 0.000, 0.600)
2025-09-05 17:12:53,342 - INFO - Approaching target (error=0.135m), entering stabilization phase
2025-09-05 17:12:55,032 - INFO - Reached waypoint (error=0.051m, stable_count=30)
2025-09-05 17:12:55,632 - INFO - Waypoint3: absolute coordinates(0.400, 0.600, 0.600, yaw=90.0°)
2025-09-05 17:12:55,632 - INFO - Flying to coordinate: (0.400, 0.600, 0.600)
2025-09-05 17:12:56,382 - INFO - Approaching target (error=0.145m), entering stabilization phase
2025-09-05 17:12:58,122 - INFO - Reached waypoint (error=0.031m, stable_count=30)
2025-09-05 17:12:58,723 - INFO - Waypoint4: absolute coordinates(0.000, 0.000, 0.600, yaw=90.0°)
2025-09-05 17:12:58,724 - INFO - Flying to coordinate: (0.000, 0.000, 0.600)
2025-09-05 17:12:59,534 - INFO - Approaching target (error=0.146m), entering stabilization phase
2025-09-05 17:13:01,124 - INFO - Reached waypoint (error=0.045m, stable_count=30)
2025-09-05 17:13:01,724 - INFO - Returning to origin and landing...
2025-09-05 17:13:01,724 - INFO - Flying to coordinate: (0.000, 0.000, 0.200)
2025-09-05 17:13:02,634 - INFO - Approaching target (error=0.142m), entering stabilization phase
2025-09-05 17:13:04,264 - INFO - Reached waypoint (error=0.064m, stable_count=30)
2025-09-05 17:13:04,264 - INFO - Landing...
2025-09-05 17:13:04,265 - INFO - Landing complete
2025-09-05 17:13:04,269 - INFO - Have successfully stopped logging for id=6
2025-09-05 17:13:04,366 - INFO - Position manager stopped
2025-09-05 17:13:04,367 - INFO - Flight mission complete
2025-09-05 17:13:04,367 - INFO - Stopping data collector...
2025-09-05 17:13:04,369 - INFO - Collection complete - stats: {'created': 1754, 'complete': 1754, 'merged': 0, 'dropped': 0}
2025-09-05 17:13:04,378 - INFO - Have successfully stopped logging for id=4
2025-09-05 17:13:04,379 - INFO - Have successfully stopped logging for id=5
2025-09-05 17:13:04,429 - INFO - Data saved: training_data/triangle_large_20250905_171304.json
2025-09-05 17:13:04,429 - INFO - States: 1754, Commands: 1235, Duration: 17.5s
2025-09-05 17:13:04,430 - INFO - Successfully saved 1754 state data points
2025-09-05 17:13:04,430 - INFO - Successfully saved 1235 control commands
2025-09-05 17:13:04,430 - INFO - Closing link
2025-09-05 17:13:04,431 - INFO - Callback->Disconnected from [radio://0/80/2M/E7E7E7E7E6]
