2025-09-05 17:40:32,707 - INFO - === Fixed continuous data collector ===
2025-09-05 17:40:32,708 - INFO - Mission: triangle_large
2025-09-05 17:40:32,708 - INFO - Waypoints (absolute coordinates): [(0, 0, 0.6), (0.8, 0, 0.6), (0.4, 0.6, 0.6), (0, 0, 0.6)]
2025-09-05 17:40:32,708 - INFO - Callback->Connection initialized[radio://0/80/2M/E7E7E7E7E6]
2025-09-05 17:40:32,958 - INFO - We are connected[radio://0/80/2M/E7E7E7E7E6], request connection setup
2025-09-05 17:40:32,958 - INFO - Request _request_protocol_version()
2025-09-05 17:40:32,960 - INFO - Callback->Connected to [radio://0/80/2M/E7E7E7E7E6]
2025-09-05 17:40:32,965 - INFO - _crt_service_callback
2025-09-05 17:40:32,965 - INFO - Request protocol version
2025-09-05 17:40:32,968 - INFO - _platform_callback
2025-09-05 17:40:32,968 - INFO - Protocol version (platform): 9
2025-09-05 17:40:32,978 - INFO - TOC for port [5] found in cache
2025-09-05 17:40:32,978 - INFO - Log TOC finished updating
2025-09-05 17:40:32,982 - INFO - 6 memories found
2025-09-05 17:40:33,057 - INFO - Memories finished updating
2025-09-05 17:40:33,062 - INFO - TOC for port [2] found in cache
2025-09-05 17:40:33,478 - INFO - Param TOC finished updating
2025-09-05 17:40:33,479 - INFO - Callback->Connection setup finished [radio://0/80/2M/E7E7E7E7E6]
2025-09-05 17:40:33,480 - INFO - Connected: radio://0/80/2M/E7E7E7E7E6
2025-09-05 17:40:33,491 - INFO - Have successfully started logging for id=1
2025-09-05 17:40:33,591 - INFO - Battery: 3.89V (safe)
2025-09-05 17:40:33,592 - INFO - Battery check passed: 3.89V
2025-09-05 17:40:33,592 - INFO - Initializing position estimator to origin...
2025-09-05 17:40:33,594 - INFO - Have successfully stopped logging for id=1
2025-09-05 17:40:33,595 - INFO - Have successfully deleted id=1
2025-09-05 17:40:34,560 - INFO - All parameters updated
2025-09-05 17:40:34,560 - INFO - Callback->Connection completed [radio://0/80/2M/E7E7E7E7E6]
2025-09-05 17:40:34,667 - INFO - Have successfully started logging for id=2
2025-09-05 17:40:41,163 - INFO - Waiting for position estimator...
2025-09-05 17:40:41,166 - INFO - Have successfully stopped logging for id=2
2025-09-05 17:40:41,167 - INFO - Have successfully deleted id=2
2025-09-05 17:40:41,174 - INFO - Have successfully started logging for id=3
2025-09-05 17:40:42,173 - INFO - Position estimator ready
2025-09-05 17:40:42,173 - INFO - Controller parameters optimized
2025-09-05 17:40:42,176 - INFO - Have successfully stopped logging for id=3
2025-09-05 17:40:42,177 - INFO - Have successfully deleted id=3
2025-09-05 17:40:44,973 - INFO - Start collection (slot:10ms)
2025-09-05 17:40:44,974 - INFO - Data collector started
2025-09-05 17:40:44,975 - INFO - Position manager started
2025-09-05 17:40:44,981 - INFO - Have successfully started logging for id=4
2025-09-05 17:40:44,984 - INFO - Have successfully started logging for id=5
2025-09-05 17:40:44,985 - INFO - Have successfully started logging for id=6
2025-09-05 17:40:45,075 - INFO - Position manager data flow is normal
2025-09-05 17:40:47,075 - INFO - Current position: (-0.025, -0.001, 0.023, 90.1°)
2025-09-05 17:40:47,075 - INFO - Using absolute coordinate system, ignoring takeoff position offset
2025-09-05 17:40:48,075 - INFO - Pre-flight stabilization to first waypoint: (0.000, 0.000, 0.600)
2025-09-05 17:40:48,226 - INFO - Waypoint1: absolute coordinates(0.000, 0.000, 0.600, yaw=90.0°)
2025-09-05 17:40:48,226 - INFO - Flying to coordinate: (0.000, 0.000, 0.600)
2025-09-05 17:40:49,236 - INFO - Approaching target (error=0.134m), entering stabilization phase
2025-09-05 17:40:49,726 - INFO - Reached waypoint (error=0.024m, stable_count=30)
2025-09-05 17:40:50,326 - INFO - Waypoint2: absolute coordinates(0.800, 0.000, 0.600, yaw=90.0°)
2025-09-05 17:40:50,326 - INFO - Flying to coordinate: (0.800, 0.000, 0.600)
2025-09-05 17:40:51,336 - INFO - Approaching target (error=0.146m), entering stabilization phase
2025-09-05 17:40:53,176 - INFO - Reached waypoint (error=0.040m, stable_count=30)
2025-09-05 17:40:53,776 - INFO - Waypoint3: absolute coordinates(0.400, 0.600, 0.600, yaw=90.0°)
2025-09-05 17:40:53,777 - INFO - Flying to coordinate: (0.400, 0.600, 0.600)
2025-09-05 17:40:54,527 - INFO - Approaching target (error=0.145m), entering stabilization phase
2025-09-05 17:40:56,317 - INFO - Reached waypoint (error=0.033m, stable_count=30)
2025-09-05 17:40:56,918 - INFO - Waypoint4: absolute coordinates(0.000, 0.000, 0.600, yaw=90.0°)
2025-09-05 17:40:56,918 - INFO - Flying to coordinate: (0.000, 0.000, 0.600)
2025-09-05 17:40:57,928 - INFO - Approaching target (error=0.145m), entering stabilization phase
2025-09-05 17:40:59,368 - INFO - Reached waypoint (error=0.068m, stable_count=30)
2025-09-05 17:40:59,970 - INFO - Returning to origin and landing...
2025-09-05 17:40:59,970 - INFO - Flying to coordinate: (0.000, 0.000, 0.200)
2025-09-05 17:41:00,930 - INFO - Approaching target (error=0.148m), entering stabilization phase
2025-09-05 17:41:02,940 - INFO - Reached waypoint (error=0.076m, stable_count=30)
2025-09-05 17:41:02,940 - INFO - Landing...
2025-09-05 17:41:02,940 - INFO - Landing complete
2025-09-05 17:41:02,947 - INFO - Have successfully stopped logging for id=6
2025-09-05 17:41:03,041 - INFO - Position manager stopped
2025-09-05 17:41:03,043 - INFO - Flight mission complete
2025-09-05 17:41:03,043 - INFO - Stopping data collector...
2025-09-05 17:41:03,044 - INFO - Collection complete - stats: {'created': 1808, 'complete': 1806, 'merged': 0, 'dropped': 1}
2025-09-05 17:41:03,051 - INFO - Have successfully stopped logging for id=4
2025-09-05 17:41:03,054 - INFO - Have successfully stopped logging for id=5
2025-09-05 17:41:03,107 - INFO - Data saved: training_data/triangle_large_20250905_174103.json
2025-09-05 17:41:03,107 - INFO - States: 1806, Commands: 1288, Duration: 18.1s
2025-09-05 17:41:03,107 - INFO - Successfully saved 1806 state data points
2025-09-05 17:41:03,107 - INFO - Successfully saved 1288 control commands
2025-09-05 17:41:03,107 - INFO - Closing link
2025-09-05 17:41:03,108 - INFO - Callback->Disconnected from [radio://0/80/2M/E7E7E7E7E6]
