2025-09-05 13:11:45,897 - INFO - === Fixed continuous data collector ===
2025-09-05 13:11:45,897 - INFO - Mission: square_med
2025-09-05 13:11:45,897 - INFO - Waypoints (absolute coordinates): [(0, 0, 0.4), (0.5, 0, 0.4), (0.5, 0.5, 0.4), (0, 0.5, 0.4), (0, 0, 0.4)]
2025-09-05 13:11:45,898 - INFO - Callback->Connection initialized[radio://0/80/2M/E7E7E7E7E6]
2025-09-05 13:11:46,149 - INFO - We are connected[radio://0/80/2M/E7E7E7E7E6], request connection setup
2025-09-05 13:11:46,149 - INFO - Request _request_protocol_version()
2025-09-05 13:11:46,151 - INFO - Callback->Connected to [radio://0/80/2M/E7E7E7E7E6]
2025-09-05 13:11:46,155 - INFO - _crt_service_callback
2025-09-05 13:11:46,155 - INFO - Request protocol version
2025-09-05 13:11:46,158 - INFO - _platform_callback
2025-09-05 13:11:46,158 - INFO - Protocol version (platform): 9
2025-09-05 13:11:46,168 - INFO - TOC for port [5] found in cache
2025-09-05 13:11:46,168 - INFO - Log TOC finished updating
2025-09-05 13:11:46,171 - INFO - 6 memories found
2025-09-05 13:11:46,250 - INFO - Memories finished updating
2025-09-05 13:11:46,257 - INFO - TOC for port [2] found in cache
2025-09-05 13:11:46,743 - INFO - Param TOC finished updating
2025-09-05 13:11:46,743 - INFO - Callback->Connection setup finished [radio://0/80/2M/E7E7E7E7E6]
2025-09-05 13:11:46,744 - INFO - Connected: radio://0/80/2M/E7E7E7E7E6
2025-09-05 13:11:46,753 - INFO - Have successfully started logging for id=1
2025-09-05 13:11:46,853 - INFO - Battery: 3.98V (safe)
2025-09-05 13:11:46,853 - INFO - Battery check passed: 3.98V
2025-09-05 13:11:46,853 - INFO - Initializing position estimator to origin...
2025-09-05 13:11:46,856 - INFO - Have successfully stopped logging for id=1
2025-09-05 13:11:46,857 - INFO - Have successfully deleted id=1
2025-09-05 13:11:48,166 - INFO - All parameters updated
2025-09-05 13:11:48,166 - INFO - Callback->Connection completed [radio://0/80/2M/E7E7E7E7E6]
2025-09-05 13:11:48,275 - INFO - Have successfully started logging for id=2
2025-09-05 13:11:54,771 - INFO - Waiting for position estimator...
2025-09-05 13:11:54,775 - INFO - Have successfully stopped logging for id=2
2025-09-05 13:11:54,778 - INFO - Have successfully deleted id=2
2025-09-05 13:11:54,782 - INFO - Have successfully started logging for id=3
2025-09-05 13:11:55,781 - INFO - Position estimator ready
2025-09-05 13:11:55,784 - INFO - Controller parameters optimized
2025-09-05 13:11:55,787 - INFO - Have successfully stopped logging for id=3
2025-09-05 13:11:55,787 - INFO - Have successfully deleted id=3
2025-09-05 13:11:57,860 - INFO - Start collection (slot:10ms)
2025-09-05 13:11:57,861 - INFO - Data collector started
2025-09-05 13:11:57,863 - INFO - Position manager started
2025-09-05 13:11:57,870 - INFO - Have successfully started logging for id=4
2025-09-05 13:11:57,871 - INFO - Have successfully started logging for id=5
2025-09-05 13:11:57,873 - INFO - Have successfully started logging for id=6
2025-09-05 13:11:57,963 - INFO - Position manager data flow is normal
2025-09-05 13:11:59,963 - INFO - Current position: (0.030, 0.022, 0.016, 89.9°)
2025-09-05 13:11:59,963 - INFO - Using absolute coordinate system, ignoring takeoff position offset
2025-09-05 13:12:00,963 - INFO - Pre-flight stabilization to first waypoint: (0.000, 0.000, 0.400)
2025-09-05 13:12:01,114 - INFO - Waypoint1: absolute coordinates(0.000, 0.000, 0.400, yaw=90.0°)
2025-09-05 13:12:01,114 - INFO - Flying to coordinate: (0.000, 0.000, 0.400)
2025-09-05 13:12:02,124 - INFO - Approaching target (error=0.141m), entering stabilization phase
2025-09-05 13:12:02,614 - INFO - Reached waypoint (error=0.053m, stable_count=30)
2025-09-05 13:12:03,214 - INFO - Waypoint2: absolute coordinates(0.500, 0.000, 0.400, yaw=90.0°)
2025-09-05 13:12:03,214 - INFO - Flying to coordinate: (0.500, 0.000, 0.400)
2025-09-05 13:12:04,024 - INFO - Approaching target (error=0.137m), entering stabilization phase
2025-09-05 13:12:04,464 - INFO - Reached waypoint (error=0.079m, stable_count=30)
2025-09-05 13:12:05,065 - INFO - Waypoint3: absolute coordinates(0.500, 0.500, 0.400, yaw=90.0°)
2025-09-05 13:12:05,065 - INFO - Flying to coordinate: (0.500, 0.500, 0.400)
2025-09-05 13:12:05,775 - INFO - Approaching target (error=0.147m), entering stabilization phase
2025-09-05 13:12:06,815 - INFO - Reached waypoint (error=0.065m, stable_count=30)
2025-09-05 13:12:07,415 - INFO - Waypoint4: absolute coordinates(0.000, 0.500, 0.400, yaw=90.0°)
2025-09-05 13:12:07,415 - INFO - Flying to coordinate: (0.000, 0.500, 0.400)
2025-09-05 13:12:08,165 - INFO - Approaching target (error=0.124m), entering stabilization phase
2025-09-05 13:12:09,555 - INFO - Reached waypoint (error=0.031m, stable_count=30)
2025-09-05 13:12:10,156 - INFO - Waypoint5: absolute coordinates(0.000, 0.000, 0.400, yaw=90.0°)
2025-09-05 13:12:10,156 - INFO - Flying to coordinate: (0.000, 0.000, 0.400)
2025-09-05 13:12:10,866 - INFO - Approaching target (error=0.130m), entering stabilization phase
2025-09-05 13:12:11,256 - INFO - Reached waypoint (error=0.073m, stable_count=30)
2025-09-05 13:12:11,856 - INFO - Returning to origin and landing...
2025-09-05 13:12:11,856 - INFO - Flying to coordinate: (0.000, 0.000, 0.200)
2025-09-05 13:12:12,316 - INFO - Approaching target (error=0.143m), entering stabilization phase
2025-09-05 13:12:13,206 - INFO - Reached waypoint (error=0.054m, stable_count=30)
2025-09-05 13:12:13,206 - INFO - Landing...
2025-09-05 13:12:13,207 - INFO - Landing complete
2025-09-05 13:12:13,218 - INFO - Have successfully stopped logging for id=6
2025-09-05 13:12:13,311 - INFO - Position manager stopped
2025-09-05 13:12:13,313 - INFO - Flight mission complete
2025-09-05 13:12:13,313 - INFO - Stopping data collector...
2025-09-05 13:12:13,315 - INFO - Collection complete - stats: {'created': 1545, 'complete': 1545, 'merged': 0, 'dropped': 0}
2025-09-05 13:12:13,329 - INFO - Have successfully stopped logging for id=4
2025-09-05 13:12:13,332 - INFO - Have successfully stopped logging for id=5
2025-09-05 13:12:13,369 - INFO - Data saved: training_data/square_med_20250905_131213.json
2025-09-05 13:12:13,369 - INFO - States: 1545, Commands: 974, Duration: 15.4s
2025-09-05 13:12:13,369 - INFO - Successfully saved 1545 state data points
2025-09-05 13:12:13,369 - INFO - Successfully saved 974 control commands
2025-09-05 13:12:13,369 - INFO - Closing link
2025-09-05 13:12:13,370 - INFO - Callback->Disconnected from [radio://0/80/2M/E7E7E7E7E6]
