2025-09-05 17:31:10,050 - INFO - === Fixed continuous data collector ===
2025-09-05 17:31:10,050 - INFO - Mission: triangle_large
2025-09-05 17:31:10,050 - INFO - Waypoints (absolute coordinates): [(0, 0, 0.6), (0.8, 0, 0.6), (0.4, 0.6, 0.6), (0, 0, 0.6)]
2025-09-05 17:31:10,051 - INFO - Callback->Connection initialized[radio://0/80/2M/E7E7E7E7E6]
2025-09-05 17:31:10,301 - INFO - We are connected[radio://0/80/2M/E7E7E7E7E6], request connection setup
2025-09-05 17:31:10,301 - INFO - Request _request_protocol_version()
2025-09-05 17:31:10,304 - INFO - Callback->Connected to [radio://0/80/2M/E7E7E7E7E6]
2025-09-05 17:31:10,309 - INFO - _crt_service_callback
2025-09-05 17:31:10,309 - INFO - Request protocol version
2025-09-05 17:31:10,313 - INFO - _platform_callback
2025-09-05 17:31:10,313 - INFO - Protocol version (platform): 9
2025-09-05 17:31:10,323 - INFO - TOC for port [5] found in cache
2025-09-05 17:31:10,323 - INFO - Log TOC finished updating
2025-09-05 17:31:10,326 - INFO - 6 memories found
2025-09-05 17:31:10,403 - INFO - Memories finished updating
2025-09-05 17:31:10,409 - INFO - TOC for port [2] found in cache
2025-09-05 17:31:10,821 - INFO - Param TOC finished updating
2025-09-05 17:31:10,821 - INFO - Callback->Connection setup finished [radio://0/80/2M/E7E7E7E7E6]
2025-09-05 17:31:10,822 - INFO - Connected: radio://0/80/2M/E7E7E7E7E6
2025-09-05 17:31:10,830 - INFO - Have successfully started logging for id=1
2025-09-05 17:31:10,931 - INFO - Battery: 3.91V (safe)
2025-09-05 17:31:10,933 - INFO - Battery check passed: 3.91V
2025-09-05 17:31:10,933 - INFO - Initializing position estimator to origin...
2025-09-05 17:31:10,935 - INFO - Have successfully stopped logging for id=1
2025-09-05 17:31:10,936 - INFO - Have successfully deleted id=1
2025-09-05 17:31:11,878 - INFO - All parameters updated
2025-09-05 17:31:11,878 - INFO - Callback->Connection completed [radio://0/80/2M/E7E7E7E7E6]
2025-09-05 17:31:11,986 - INFO - Have successfully started logging for id=2
2025-09-05 17:31:18,481 - INFO - Waiting for position estimator...
2025-09-05 17:31:18,483 - INFO - Have successfully stopped logging for id=2
2025-09-05 17:31:18,484 - INFO - Have successfully deleted id=2
2025-09-05 17:31:18,488 - INFO - Have successfully started logging for id=3
2025-09-05 17:31:19,488 - INFO - Position estimator ready
2025-09-05 17:31:19,488 - INFO - Controller parameters optimized
2025-09-05 17:31:19,491 - INFO - Have successfully stopped logging for id=3
2025-09-05 17:31:19,491 - INFO - Have successfully deleted id=3
2025-09-05 17:31:21,748 - INFO - Start collection (slot:10ms)
2025-09-05 17:31:21,749 - INFO - Data collector started
2025-09-05 17:31:21,750 - INFO - Position manager started
2025-09-05 17:31:21,757 - INFO - Have successfully started logging for id=4
2025-09-05 17:31:21,758 - INFO - Have successfully started logging for id=5
2025-09-05 17:31:21,759 - INFO - Have successfully started logging for id=6
2025-09-05 17:31:21,850 - INFO - Position manager data flow is normal
2025-09-05 17:31:23,850 - INFO - Current position: (-0.030, 0.012, 0.027, 89.9°)
2025-09-05 17:31:23,850 - INFO - Using absolute coordinate system, ignoring takeoff position offset
2025-09-05 17:31:24,850 - INFO - Pre-flight stabilization to first waypoint: (0.000, 0.000, 0.600)
2025-09-05 17:31:25,002 - INFO - Waypoint1: absolute coordinates(0.000, 0.000, 0.600, yaw=90.0°)
2025-09-05 17:31:25,002 - INFO - Flying to coordinate: (0.000, 0.000, 0.600)
2025-09-05 17:31:26,062 - INFO - Approaching target (error=0.134m), entering stabilization phase
2025-09-05 17:31:26,552 - INFO - Reached waypoint (error=0.040m, stable_count=30)
2025-09-05 17:31:27,152 - INFO - Waypoint2: absolute coordinates(0.800, 0.000, 0.600, yaw=90.0°)
2025-09-05 17:31:27,152 - INFO - Flying to coordinate: (0.800, 0.000, 0.600)
2025-09-05 17:31:28,162 - INFO - Approaching target (error=0.144m), entering stabilization phase
2025-09-05 17:31:29,902 - INFO - Reached waypoint (error=0.059m, stable_count=30)
2025-09-05 17:31:30,502 - INFO - Waypoint3: absolute coordinates(0.400, 0.600, 0.600, yaw=90.0°)
2025-09-05 17:31:30,502 - INFO - Flying to coordinate: (0.400, 0.600, 0.600)
2025-09-05 17:31:31,263 - INFO - Approaching target (error=0.122m), entering stabilization phase
2025-09-05 17:31:32,993 - INFO - Reached waypoint (error=0.023m, stable_count=30)
2025-09-05 17:31:33,593 - INFO - Waypoint4: absolute coordinates(0.000, 0.000, 0.600, yaw=90.0°)
2025-09-05 17:31:33,593 - INFO - Flying to coordinate: (0.000, 0.000, 0.600)
2025-09-05 17:31:34,503 - INFO - Approaching target (error=0.142m), entering stabilization phase
2025-09-05 17:31:35,893 - INFO - Reached waypoint (error=0.040m, stable_count=30)
2025-09-05 17:31:36,493 - INFO - Returning to origin and landing...
2025-09-05 17:31:36,493 - INFO - Flying to coordinate: (0.000, 0.000, 0.200)
2025-09-05 17:31:37,453 - INFO - Approaching target (error=0.146m), entering stabilization phase
2025-09-05 17:31:38,843 - INFO - Reached waypoint (error=0.078m, stable_count=30)
2025-09-05 17:31:38,843 - INFO - Landing...
2025-09-05 17:31:38,844 - INFO - Landing complete
2025-09-05 17:31:38,849 - INFO - Have successfully stopped logging for id=6
2025-09-05 17:31:38,945 - INFO - Position manager stopped
2025-09-05 17:31:38,947 - INFO - Flight mission complete
2025-09-05 17:31:38,947 - INFO - Stopping data collector...
2025-09-05 17:31:38,948 - INFO - Collection complete - stats: {'created': 1720, 'complete': 1720, 'merged': 0, 'dropped': 0}
2025-09-05 17:31:38,957 - INFO - Have successfully stopped logging for id=4
2025-09-05 17:31:38,963 - INFO - Have successfully stopped logging for id=5
2025-09-05 17:31:39,008 - INFO - Data saved: training_data/triangle_large_20250905_173138.json
2025-09-05 17:31:39,009 - INFO - States: 1720, Commands: 1200, Duration: 17.2s
2025-09-05 17:31:39,009 - INFO - Successfully saved 1720 state data points
2025-09-05 17:31:39,009 - INFO - Successfully saved 1200 control commands
2025-09-05 17:31:39,009 - INFO - Closing link
2025-09-05 17:31:39,010 - INFO - Callback->Disconnected from [radio://0/80/2M/E7E7E7E7E6]
