2025-09-05 17:27:44,392 - INFO - === Fixed continuous data collector ===
2025-09-05 17:27:44,392 - INFO - Mission: triangle_large
2025-09-05 17:27:44,392 - INFO - Waypoints (absolute coordinates): [(0, 0, 0.6), (0.8, 0, 0.6), (0.4, 0.6, 0.6), (0, 0, 0.6)]
2025-09-05 17:27:44,392 - INFO - Callback->Connection initialized[radio://0/80/2M/E7E7E7E7E6]
2025-09-05 17:27:44,643 - INFO - We are connected[radio://0/80/2M/E7E7E7E7E6], request connection setup
2025-09-05 17:27:44,643 - INFO - Request _request_protocol_version()
2025-09-05 17:27:44,645 - INFO - Callback->Connected to [radio://0/80/2M/E7E7E7E7E6]
2025-09-05 17:27:44,648 - INFO - _crt_service_callback
2025-09-05 17:27:44,648 - INFO - Request protocol version
2025-09-05 17:27:44,651 - INFO - _platform_callback
2025-09-05 17:27:44,651 - INFO - Protocol version (platform): 9
2025-09-05 17:27:44,661 - INFO - TOC for port [5] found in cache
2025-09-05 17:27:44,661 - INFO - Log TOC finished updating
2025-09-05 17:27:44,664 - INFO - 6 memories found
2025-09-05 17:27:44,738 - INFO - Memories finished updating
2025-09-05 17:27:44,743 - INFO - TOC for port [2] found in cache
2025-09-05 17:27:45,148 - INFO - Param TOC finished updating
2025-09-05 17:27:45,148 - INFO - Callback->Connection setup finished [radio://0/80/2M/E7E7E7E7E6]
2025-09-05 17:27:45,149 - INFO - Connected: radio://0/80/2M/E7E7E7E7E6
2025-09-05 17:27:45,156 - INFO - Have successfully started logging for id=1
2025-09-05 17:27:45,257 - INFO - Battery: 4.08V (safe)
2025-09-05 17:27:45,257 - INFO - Battery check passed: 4.08V
2025-09-05 17:27:45,257 - INFO - Initializing position estimator to origin...
2025-09-05 17:27:45,260 - INFO - Have successfully stopped logging for id=1
2025-09-05 17:27:45,261 - INFO - Have successfully deleted id=1
2025-09-05 17:27:46,247 - INFO - All parameters updated
2025-09-05 17:27:46,247 - INFO - Callback->Connection completed [radio://0/80/2M/E7E7E7E7E6]
2025-09-05 17:27:46,356 - INFO - Have successfully started logging for id=2
2025-09-05 17:27:52,851 - INFO - Waiting for position estimator...
2025-09-05 17:27:52,855 - INFO - Have successfully stopped logging for id=2
2025-09-05 17:27:52,857 - INFO - Have successfully deleted id=2
2025-09-05 17:27:52,864 - INFO - Have successfully started logging for id=3
2025-09-05 17:27:53,861 - INFO - Position estimator ready
2025-09-05 17:27:53,862 - INFO - Controller parameters optimized
2025-09-05 17:27:53,865 - INFO - Have successfully stopped logging for id=3
2025-09-05 17:27:53,866 - INFO - Have successfully deleted id=3
2025-09-05 17:27:58,528 - INFO - Start collection (slot:10ms)
2025-09-05 17:27:58,529 - INFO - Data collector started
2025-09-05 17:27:58,530 - INFO - Position manager started
2025-09-05 17:27:58,537 - INFO - Have successfully started logging for id=4
2025-09-05 17:27:58,538 - INFO - Have successfully started logging for id=5
2025-09-05 17:27:58,540 - INFO - Have successfully started logging for id=6
2025-09-05 17:27:58,630 - INFO - Position manager data flow is normal
2025-09-05 17:28:00,630 - INFO - Current position: (0.005, 0.023, 0.020, 89.9°)
2025-09-05 17:28:00,630 - INFO - Using absolute coordinate system, ignoring takeoff position offset
2025-09-05 17:28:01,631 - INFO - Pre-flight stabilization to first waypoint: (0.000, 0.000, 0.600)
2025-09-05 17:28:01,781 - INFO - Waypoint1: absolute coordinates(0.000, 0.000, 0.600, yaw=90.0°)
2025-09-05 17:28:01,781 - INFO - Flying to coordinate: (0.000, 0.000, 0.600)
2025-09-05 17:28:02,841 - INFO - Approaching target (error=0.135m), entering stabilization phase
2025-09-05 17:28:03,331 - INFO - Reached waypoint (error=0.054m, stable_count=30)
2025-09-05 17:28:03,931 - INFO - Waypoint2: absolute coordinates(0.800, 0.000, 0.600, yaw=90.0°)
2025-09-05 17:28:03,931 - INFO - Flying to coordinate: (0.800, 0.000, 0.600)
2025-09-05 17:28:04,841 - INFO - Approaching target (error=0.136m), entering stabilization phase
2025-09-05 17:28:06,631 - INFO - Reached waypoint (error=0.065m, stable_count=30)
2025-09-05 17:28:07,232 - INFO - Waypoint3: absolute coordinates(0.400, 0.600, 0.600, yaw=90.0°)
2025-09-05 17:28:07,232 - INFO - Flying to coordinate: (0.400, 0.600, 0.600)
2025-09-05 17:28:07,992 - INFO - Approaching target (error=0.124m), entering stabilization phase
2025-09-05 17:28:08,382 - INFO - Reached waypoint (error=0.006m, stable_count=30)
2025-09-05 17:28:08,984 - INFO - Waypoint4: absolute coordinates(0.000, 0.000, 0.600, yaw=90.0°)
2025-09-05 17:28:08,984 - INFO - Flying to coordinate: (0.000, 0.000, 0.600)
2025-09-05 17:28:09,784 - INFO - Approaching target (error=0.137m), entering stabilization phase
2025-09-05 17:28:10,174 - INFO - Reached waypoint (error=0.026m, stable_count=30)
2025-09-05 17:28:10,774 - INFO - Returning to origin and landing...
2025-09-05 17:28:10,774 - INFO - Flying to coordinate: (0.000, 0.000, 0.200)
2025-09-05 17:28:11,685 - INFO - Approaching target (error=0.135m), entering stabilization phase
2025-09-05 17:28:14,625 - INFO - Reached waypoint (error=0.036m, stable_count=30)
2025-09-05 17:28:14,625 - INFO - Landing...
2025-09-05 17:28:14,626 - INFO - Landing complete
2025-09-05 17:28:14,630 - INFO - Have successfully stopped logging for id=6
2025-09-05 17:28:14,726 - INFO - Position manager stopped
2025-09-05 17:28:14,728 - INFO - Flight mission complete
2025-09-05 17:28:14,728 - INFO - Stopping data collector...
2025-09-05 17:28:14,729 - INFO - Collection complete - stats: {'created': 1620, 'complete': 1620, 'merged': 0, 'dropped': 0}
2025-09-05 17:28:14,736 - INFO - Have successfully stopped logging for id=4
2025-09-05 17:28:14,738 - INFO - Have successfully stopped logging for id=5
2025-09-05 17:28:14,786 - INFO - Data saved: training_data/triangle_large_20250905_172814.json
2025-09-05 17:28:14,786 - INFO - States: 1620, Commands: 1100, Duration: 16.2s
2025-09-05 17:28:14,787 - INFO - Successfully saved 1620 state data points
2025-09-05 17:28:14,787 - INFO - Successfully saved 1100 control commands
2025-09-05 17:28:14,787 - INFO - Closing link
2025-09-05 17:28:14,789 - INFO - Callback->Disconnected from [radio://0/80/2M/E7E7E7E7E6]
