2025-09-04 14:24:12,846 - INFO - === Fixed continuous data collector ===
2025-09-04 14:24:12,846 - INFO - Mission: vertical_med
2025-09-04 14:24:12,846 - INFO - Waypoints (absolute coordinates): [(0, 0, 0.4), (0, 0, 0.8), (0, 0, 0.4)]
2025-09-04 14:24:12,847 - INFO - Callback->Connection initialized[radio://0/80/2M/E7E7E7E7E6]
2025-09-04 14:24:13,097 - INFO - We are connected[radio://0/80/2M/E7E7E7E7E6], request connection setup
2025-09-04 14:24:13,098 - INFO - Request _request_protocol_version()
2025-09-04 14:24:13,102 - INFO - Callback->Connected to [radio://0/80/2M/E7E7E7E7E6]
2025-09-04 14:24:13,108 - INFO - _crt_service_callback
2025-09-04 14:24:13,108 - INFO - Request protocol version
2025-09-04 14:24:13,113 - INFO - _platform_callback
2025-09-04 14:24:13,114 - INFO - Protocol version (platform): 9
2025-09-04 14:24:13,128 - INFO - TOC for port [5] found in cache
2025-09-04 14:24:13,128 - INFO - Log TOC finished updating
2025-09-04 14:24:13,132 - INFO - 6 memories found
2025-09-04 14:24:13,222 - INFO - Memories finished updating
2025-09-04 14:24:13,230 - INFO - TOC for port [2] found in cache
2025-09-04 14:24:13,830 - INFO - Param TOC finished updating
2025-09-04 14:24:13,830 - INFO - Callback->Connection setup finished [radio://0/80/2M/E7E7E7E7E6]
2025-09-04 14:24:13,831 - INFO - Connected: radio://0/80/2M/E7E7E7E7E6
2025-09-04 14:24:13,845 - INFO - Have successfully started logging for id=1
2025-09-04 14:24:13,942 - INFO - Battery: 3.86V (safe)
2025-09-04 14:24:13,943 - INFO - Battery check passed: 3.86V
2025-09-04 14:24:13,943 - INFO - Initializing position estimator to origin...
2025-09-04 14:24:13,946 - INFO - Have successfully stopped logging for id=1
2025-09-04 14:24:13,948 - INFO - Have successfully deleted id=1
2025-09-04 14:24:15,409 - INFO - All parameters updated
2025-09-04 14:24:15,409 - INFO - Callback->Connection completed [radio://0/80/2M/E7E7E7E7E6]
2025-09-04 14:24:15,517 - INFO - Have successfully started logging for id=2
2025-09-04 14:24:22,016 - INFO - Waiting for position estimator...
2025-09-04 14:24:22,020 - INFO - Have successfully stopped logging for id=2
2025-09-04 14:24:22,021 - INFO - Have successfully deleted id=2
2025-09-04 14:24:22,028 - INFO - Have successfully started logging for id=3
2025-09-04 14:24:23,027 - INFO - Position estimator ready
2025-09-04 14:24:23,028 - INFO - Controller parameters optimized
2025-09-04 14:24:23,031 - INFO - Have successfully stopped logging for id=3
2025-09-04 14:24:23,033 - INFO - Have successfully deleted id=3
2025-09-04 14:24:30,325 - INFO - Start collection (slot:10ms)
2025-09-04 14:24:30,326 - INFO - Data collector started
2025-09-04 14:24:30,327 - INFO - Position manager started
2025-09-04 14:24:30,343 - INFO - Have successfully started logging for id=4
2025-09-04 14:24:30,344 - INFO - Have successfully started logging for id=5
2025-09-04 14:24:30,345 - INFO - Have successfully started logging for id=6
2025-09-04 14:24:30,427 - INFO - Position manager data flow is normal
2025-09-04 14:24:32,428 - INFO - Current position: (0.032, 0.040, 0.000, 89.9째)
2025-09-04 14:24:32,428 - INFO - Using absolute coordinate system, ignoring takeoff position offset
2025-09-04 14:24:33,428 - INFO - Pre-flight stabilization to first waypoint: (0.000, 0.000, 0.400)
2025-09-04 14:24:33,578 - INFO - Waypoint1: absolute coordinates(0.000, 0.000, 0.400, yaw=90.0째)
2025-09-04 14:24:33,578 - INFO - Flying to coordinate: (0.000, 0.000, 0.400)
2025-09-04 14:24:34,698 - INFO - Approaching target (error=0.141m), entering stabilization phase
2025-09-04 14:24:35,288 - INFO - Reached waypoint (error=0.049m, stable_count=30)
2025-09-04 14:24:35,889 - INFO - Waypoint2: absolute coordinates(0.000, 0.000, 0.800, yaw=90.0째)
2025-09-04 14:24:35,889 - INFO - Flying to coordinate: (0.000, 0.000, 0.800)
2025-09-04 14:24:36,499 - INFO - Approaching target (error=0.148m), entering stabilization phase
2025-09-04 14:24:41,029 - INFO - Reached waypoint (error=0.070m, stable_count=30)
2025-09-04 14:24:41,629 - INFO - Waypoint3: absolute coordinates(0.000, 0.000, 0.400, yaw=90.0째)
2025-09-04 14:24:41,629 - INFO - Flying to coordinate: (0.000, 0.000, 0.400)
2025-09-04 14:24:42,289 - INFO - Approaching target (error=0.150m), entering stabilization phase
2025-09-04 14:24:42,979 - INFO - Reached waypoint (error=0.074m, stable_count=30)
2025-09-04 14:24:43,580 - INFO - Returning to origin and landing...
2025-09-04 14:24:43,580 - INFO - Flying to coordinate: (0.000, 0.000, 0.200)
2025-09-04 14:24:43,890 - INFO - Approaching target (error=0.136m), entering stabilization phase
2025-09-04 14:24:45,130 - INFO - Reached waypoint (error=0.065m, stable_count=30)
2025-09-04 14:24:45,130 - INFO - Landing...
2025-09-04 14:24:45,130 - INFO - Landing complete
2025-09-04 14:24:45,136 - INFO - Have successfully stopped logging for id=6
2025-09-04 14:24:45,231 - INFO - Position manager stopped
2025-09-04 14:24:45,237 - INFO - Flight mission complete
2025-09-04 14:24:45,237 - INFO - Stopping data collector...
2025-09-04 14:24:45,238 - INFO - Collection complete - stats: {'created': 1490, 'complete': 1490, 'merged': 0, 'dropped': 0}
2025-09-04 14:24:45,251 - INFO - Have successfully stopped logging for id=4
2025-09-04 14:24:45,255 - INFO - Have successfully stopped logging for id=5
2025-09-04 14:24:45,290 - INFO - Data saved: training_data/vertical_med_20250904_142445.json
2025-09-04 14:24:45,290 - INFO - States: 1490, Commands: 1020, Duration: 14.9s
2025-09-04 14:24:45,291 - INFO - Successfully saved 1490 state data points
2025-09-04 14:24:45,291 - INFO - Successfully saved 1020 control commands
2025-09-04 14:24:45,291 - INFO - Closing link
2025-09-04 14:24:45,292 - INFO - Callback->Disconnected from [radio://0/80/2M/E7E7E7E7E6]
