2025-09-05 16:16:27,303 - INFO - === Fixed continuous data collector ===
2025-09-05 16:16:27,304 - INFO - Mission: triangle_med
2025-09-05 16:16:27,304 - INFO - Waypoints (absolute coordinates): [(0, 0, 0.6), (0.5, 0, 0.6), (0.25, 0.5, 0.6), (0, 0, 0.6)]
2025-09-05 16:16:27,304 - INFO - Callback->Connection initialized[radio://0/80/2M/E7E7E7E7E6]
2025-09-05 16:16:27,556 - INFO - We are connected[radio://0/80/2M/E7E7E7E7E6], request connection setup
2025-09-05 16:16:27,556 - INFO - Request _request_protocol_version()
2025-09-05 16:16:27,559 - INFO - Callback->Connected to [radio://0/80/2M/E7E7E7E7E6]
2025-09-05 16:16:27,564 - INFO - _crt_service_callback
2025-09-05 16:16:27,564 - INFO - Request protocol version
2025-09-05 16:16:27,567 - INFO - _platform_callback
2025-09-05 16:16:27,567 - INFO - Protocol version (platform): 9
2025-09-05 16:16:27,579 - INFO - TOC for port [5] found in cache
2025-09-05 16:16:27,579 - INFO - Log TOC finished updating
2025-09-05 16:16:27,583 - INFO - 6 memories found
2025-09-05 16:16:27,664 - INFO - Memories finished updating
2025-09-05 16:16:27,670 - INFO - TOC for port [2] found in cache
2025-09-05 16:16:28,177 - INFO - Param TOC finished updating
2025-09-05 16:16:28,177 - INFO - Callback->Connection setup finished [radio://0/80/2M/E7E7E7E7E6]
2025-09-05 16:16:28,178 - INFO - Connected: radio://0/80/2M/E7E7E7E7E6
2025-09-05 16:16:28,185 - INFO - Have successfully started logging for id=1
2025-09-05 16:16:28,287 - INFO - Battery: 3.80V (safe)
2025-09-05 16:16:28,289 - INFO - Battery check passed: 3.80V
2025-09-05 16:16:28,289 - INFO - Initializing position estimator to origin...
2025-09-05 16:16:28,292 - INFO - Have successfully stopped logging for id=1
2025-09-05 16:16:28,294 - INFO - Have successfully deleted id=1
2025-09-05 16:16:29,653 - INFO - All parameters updated
2025-09-05 16:16:29,654 - INFO - Callback->Connection completed [radio://0/80/2M/E7E7E7E7E6]
2025-09-05 16:16:29,765 - INFO - Have successfully started logging for id=2
2025-09-05 16:16:36,263 - INFO - Waiting for position estimator...
2025-09-05 16:16:36,266 - INFO - Have successfully stopped logging for id=2
2025-09-05 16:16:36,268 - INFO - Have successfully deleted id=2
2025-09-05 16:16:36,273 - INFO - Have successfully started logging for id=3
2025-09-05 16:16:37,271 - INFO - Position estimator ready
2025-09-05 16:16:37,272 - INFO - Controller parameters optimized
2025-09-05 16:16:37,274 - INFO - Have successfully stopped logging for id=3
2025-09-05 16:16:37,275 - INFO - Have successfully deleted id=3
2025-09-05 16:16:39,233 - INFO - Start collection (slot:10ms)
2025-09-05 16:16:39,234 - INFO - Data collector started
2025-09-05 16:16:39,235 - INFO - Position manager started
2025-09-05 16:16:39,241 - INFO - Have successfully started logging for id=4
2025-09-05 16:16:39,242 - INFO - Have successfully started logging for id=5
2025-09-05 16:16:39,243 - INFO - Have successfully started logging for id=6
2025-09-05 16:16:39,335 - INFO - Position manager data flow is normal
2025-09-05 16:16:41,335 - INFO - Current position: (-0.006, 0.019, 0.020, 90.0°)
2025-09-05 16:16:41,335 - INFO - Using absolute coordinate system, ignoring takeoff position offset
2025-09-05 16:16:42,335 - INFO - Pre-flight stabilization to first waypoint: (0.000, 0.000, 0.600)
2025-09-05 16:16:42,486 - INFO - Waypoint1: absolute coordinates(0.000, 0.000, 0.600, yaw=90.0°)
2025-09-05 16:16:42,486 - INFO - Flying to coordinate: (0.000, 0.000, 0.600)
2025-09-05 16:16:48,253 - INFO - Have successfully stopped logging for id=6
2025-09-05 16:16:48,349 - INFO - Position manager stopped
2025-09-05 16:16:48,351 - INFO - Stopping data collector...
2025-09-05 16:16:48,353 - INFO - Collection complete - stats: {'created': 911, 'complete': 911, 'merged': 0, 'dropped': 0}
2025-09-05 16:16:48,359 - INFO - Have successfully stopped logging for id=4
2025-09-05 16:16:48,360 - INFO - Have successfully stopped logging for id=5
2025-09-05 16:16:48,387 - INFO - Data saved: training_data/triangle_med_20250905_161648.json
2025-09-05 16:16:48,387 - INFO - States: 911, Commands: 592, Duration: 9.1s
2025-09-05 16:16:48,388 - INFO - Successfully saved 911 state data points
2025-09-05 16:16:48,388 - INFO - Successfully saved 592 control commands
2025-09-05 16:16:48,388 - INFO - Closing link
2025-09-05 16:16:48,388 - INFO - Callback->Disconnected from [radio://0/80/2M/E7E7E7E7E6]
2025-09-05 16:16:48,403 - INFO - User interrupted
