2025-09-05 13:23:39,168 - INFO - === Fixed continuous data collector ===
2025-09-05 13:23:39,168 - INFO - Mission: square_med
2025-09-05 13:23:39,168 - INFO - Waypoints (absolute coordinates): [(0, 0, 0.4), (0.5, 0, 0.4), (0.5, 0.5, 0.4), (0, 0.5, 0.4), (0, 0, 0.4)]
2025-09-05 13:23:39,169 - INFO - Callback->Connection initialized[radio://0/80/2M/E7E7E7E7E6]
2025-09-05 13:23:39,417 - INFO - We are connected[radio://0/80/2M/E7E7E7E7E6], request connection setup
2025-09-05 13:23:39,417 - INFO - Request _request_protocol_version()
2025-09-05 13:23:39,420 - INFO - Callback->Connected to [radio://0/80/2M/E7E7E7E7E6]
2025-09-05 13:23:39,423 - INFO - _crt_service_callback
2025-09-05 13:23:39,423 - INFO - Request protocol version
2025-09-05 13:23:39,426 - INFO - _platform_callback
2025-09-05 13:23:39,426 - INFO - Protocol version (platform): 9
2025-09-05 13:23:39,438 - INFO - TOC for port [5] found in cache
2025-09-05 13:23:39,438 - INFO - Log TOC finished updating
2025-09-05 13:23:39,442 - INFO - 6 memories found
2025-09-05 13:23:39,525 - INFO - Memories finished updating
2025-09-05 13:23:39,530 - INFO - TOC for port [2] found in cache
2025-09-05 13:23:40,028 - INFO - Param TOC finished updating
2025-09-05 13:23:40,028 - INFO - Callback->Connection setup finished [radio://0/80/2M/E7E7E7E7E6]
2025-09-05 13:23:40,029 - INFO - Connected: radio://0/80/2M/E7E7E7E7E6
2025-09-05 13:23:40,039 - INFO - Have successfully started logging for id=1
2025-09-05 13:23:40,140 - INFO - Battery: 3.91V (safe)
2025-09-05 13:23:40,141 - INFO - Battery check passed: 3.91V
2025-09-05 13:23:40,141 - INFO - Initializing position estimator to origin...
2025-09-05 13:23:40,143 - INFO - Have successfully stopped logging for id=1
2025-09-05 13:23:40,145 - INFO - Have successfully deleted id=1
2025-09-05 13:23:41,463 - INFO - All parameters updated
2025-09-05 13:23:41,463 - INFO - Callback->Connection completed [radio://0/80/2M/E7E7E7E7E6]
2025-09-05 13:23:41,572 - INFO - Have successfully started logging for id=2
2025-09-05 13:23:49,564 - INFO - Waiting for position estimator...
2025-09-05 13:23:49,567 - INFO - Have successfully stopped logging for id=2
2025-09-05 13:23:49,570 - INFO - Have successfully deleted id=2
2025-09-05 13:23:49,574 - INFO - Have successfully started logging for id=3
2025-09-05 13:23:50,573 - INFO - Position estimator ready
2025-09-05 13:23:50,574 - INFO - Controller parameters optimized
2025-09-05 13:23:50,577 - INFO - Have successfully stopped logging for id=3
2025-09-05 13:23:50,578 - INFO - Have successfully deleted id=3
2025-09-05 13:23:52,961 - INFO - Start collection (slot:10ms)
2025-09-05 13:23:52,962 - INFO - Data collector started
2025-09-05 13:23:52,963 - INFO - Position manager started
2025-09-05 13:23:52,970 - INFO - Have successfully started logging for id=4
2025-09-05 13:23:52,972 - INFO - Have successfully started logging for id=5
2025-09-05 13:23:52,976 - INFO - Have successfully started logging for id=6
2025-09-05 13:23:53,063 - INFO - Position manager data flow is normal
2025-09-05 13:23:55,063 - INFO - Current position: (0.026, 0.037, -0.015, 90.6°)
2025-09-05 13:23:55,063 - INFO - Using absolute coordinate system, ignoring takeoff position offset
2025-09-05 13:23:56,063 - INFO - Pre-flight stabilization to first waypoint: (0.000, 0.000, 0.400)
2025-09-05 13:23:56,214 - INFO - Waypoint1: absolute coordinates(0.000, 0.000, 0.400, yaw=90.0°)
2025-09-05 13:23:56,214 - INFO - Flying to coordinate: (0.000, 0.000, 0.400)
2025-09-05 13:23:57,274 - INFO - Approaching target (error=0.140m), entering stabilization phase
2025-09-05 13:23:57,814 - INFO - Reached waypoint (error=0.031m, stable_count=30)
2025-09-05 13:23:58,414 - INFO - Waypoint2: absolute coordinates(0.500, 0.000, 0.400, yaw=90.0°)
2025-09-05 13:23:58,415 - INFO - Flying to coordinate: (0.500, 0.000, 0.400)
2025-09-05 13:23:59,235 - INFO - Approaching target (error=0.127m), entering stabilization phase
2025-09-05 13:24:00,965 - INFO - Reached waypoint (error=0.065m, stable_count=30)
2025-09-05 13:24:01,565 - INFO - Waypoint3: absolute coordinates(0.500, 0.500, 0.400, yaw=90.0°)
2025-09-05 13:24:01,565 - INFO - Flying to coordinate: (0.500, 0.500, 0.400)
2025-09-05 13:24:02,325 - INFO - Approaching target (error=0.122m), entering stabilization phase
2025-09-05 13:24:03,315 - INFO - Reached waypoint (error=0.051m, stable_count=30)
2025-09-05 13:24:03,915 - INFO - Waypoint4: absolute coordinates(0.000, 0.500, 0.400, yaw=90.0°)
2025-09-05 13:24:03,916 - INFO - Flying to coordinate: (0.000, 0.500, 0.400)
2025-09-05 13:24:04,536 - INFO - Approaching target (error=0.148m), entering stabilization phase
2025-09-05 13:24:04,956 - INFO - Reached waypoint (error=0.053m, stable_count=30)
2025-09-05 13:24:05,556 - INFO - Waypoint5: absolute coordinates(0.000, 0.000, 0.400, yaw=90.0°)
2025-09-05 13:24:05,556 - INFO - Flying to coordinate: (0.000, 0.000, 0.400)
2025-09-05 13:24:06,266 - INFO - Approaching target (error=0.117m), entering stabilization phase
2025-09-05 13:24:06,656 - INFO - Reached waypoint (error=0.037m, stable_count=30)
2025-09-05 13:24:07,257 - INFO - Returning to origin and landing...
2025-09-05 13:24:07,258 - INFO - Flying to coordinate: (0.000, 0.000, 0.200)
2025-09-05 13:24:07,768 - INFO - Approaching target (error=0.140m), entering stabilization phase
2025-09-05 13:24:09,008 - INFO - Reached waypoint (error=0.035m, stable_count=30)
2025-09-05 13:24:09,008 - INFO - Landing...
2025-09-05 13:24:09,009 - INFO - Landing complete
2025-09-05 13:24:09,014 - INFO - Have successfully stopped logging for id=6
2025-09-05 13:24:09,111 - INFO - Position manager stopped
2025-09-05 13:24:09,112 - INFO - Flight mission complete
2025-09-05 13:24:09,112 - INFO - Stopping data collector...
2025-09-05 13:24:09,113 - INFO - Collection complete - stats: {'created': 1615, 'complete': 1615, 'merged': 0, 'dropped': 0}
2025-09-05 13:24:09,122 - INFO - Have successfully stopped logging for id=4
2025-09-05 13:24:09,126 - INFO - Have successfully stopped logging for id=5
2025-09-05 13:24:09,171 - INFO - Data saved: training_data/square_med_20250905_132409.json
2025-09-05 13:24:09,171 - INFO - States: 1615, Commands: 1045, Duration: 16.1s
2025-09-05 13:24:09,172 - INFO - Successfully saved 1615 state data points
2025-09-05 13:24:09,172 - INFO - Successfully saved 1045 control commands
2025-09-05 13:24:09,172 - INFO - Closing link
2025-09-05 13:24:09,173 - INFO - Callback->Disconnected from [radio://0/80/2M/E7E7E7E7E6]
