2025-09-05 15:36:13,784 - INFO - === Fixed continuous data collector ===
2025-09-05 15:36:13,784 - INFO - Mission: triangle_small
2025-09-05 15:36:13,784 - INFO - Waypoints (absolute coordinates): [(0, 0, 0.6), (0.4, 0, 0.6), (0.2, 0.4, 0.6), (0, 0, 0.6)]
2025-09-05 15:36:13,784 - INFO - Callback->Connection initialized[radio://0/80/2M/E7E7E7E7E6]
2025-09-05 15:36:14,034 - INFO - We are connected[radio://0/80/2M/E7E7E7E7E6], request connection setup
2025-09-05 15:36:14,034 - INFO - Request _request_protocol_version()
2025-09-05 15:36:14,039 - INFO - Callback->Connected to [radio://0/80/2M/E7E7E7E7E6]
2025-09-05 15:36:14,042 - INFO - _crt_service_callback
2025-09-05 15:36:14,042 - INFO - Request protocol version
2025-09-05 15:36:14,046 - INFO - _platform_callback
2025-09-05 15:36:14,046 - INFO - Protocol version (platform): 9
2025-09-05 15:36:14,057 - INFO - TOC for port [5] found in cache
2025-09-05 15:36:14,057 - INFO - Log TOC finished updating
2025-09-05 15:36:14,061 - INFO - 6 memories found
2025-09-05 15:36:14,137 - INFO - Memories finished updating
2025-09-05 15:36:14,145 - INFO - TOC for port [2] found in cache
2025-09-05 15:36:14,751 - INFO - Param TOC finished updating
2025-09-05 15:36:14,751 - INFO - Callback->Connection setup finished [radio://0/80/2M/E7E7E7E7E6]
2025-09-05 15:36:14,752 - INFO - Connected: radio://0/80/2M/E7E7E7E7E6
2025-09-05 15:36:14,763 - INFO - Have successfully started logging for id=1
2025-09-05 15:36:14,862 - INFO - Battery: 4.02V (safe)
2025-09-05 15:36:14,863 - INFO - Battery check passed: 4.02V
2025-09-05 15:36:14,863 - INFO - Initializing position estimator to origin...
2025-09-05 15:36:14,867 - INFO - Have successfully stopped logging for id=1
2025-09-05 15:36:14,869 - INFO - Have successfully deleted id=1
2025-09-05 15:36:16,189 - INFO - All parameters updated
2025-09-05 15:36:16,189 - INFO - Callback->Connection completed [radio://0/80/2M/E7E7E7E7E6]
2025-09-05 15:36:16,299 - INFO - Have successfully started logging for id=2
2025-09-05 15:36:22,794 - INFO - Waiting for position estimator...
2025-09-05 15:36:22,796 - INFO - Have successfully stopped logging for id=2
2025-09-05 15:36:22,797 - INFO - Have successfully deleted id=2
2025-09-05 15:36:22,801 - INFO - Have successfully started logging for id=3
2025-09-05 15:36:23,800 - INFO - Position estimator ready
2025-09-05 15:36:23,801 - INFO - Controller parameters optimized
2025-09-05 15:36:23,803 - INFO - Have successfully stopped logging for id=3
2025-09-05 15:36:23,804 - INFO - Have successfully deleted id=3
2025-09-05 15:36:27,457 - INFO - Start collection (slot:10ms)
2025-09-05 15:36:27,458 - INFO - Data collector started
2025-09-05 15:36:27,460 - INFO - Position manager started
2025-09-05 15:36:27,468 - INFO - Have successfully started logging for id=4
2025-09-05 15:36:27,469 - INFO - Have successfully started logging for id=5
2025-09-05 15:36:27,470 - INFO - Have successfully started logging for id=6
2025-09-05 15:36:27,560 - INFO - Position manager data flow is normal
2025-09-05 15:36:29,560 - INFO - Current position: (0.002, 0.047, 0.022, 90.7°)
2025-09-05 15:36:29,561 - INFO - Using absolute coordinate system, ignoring takeoff position offset
2025-09-05 15:36:30,561 - INFO - Pre-flight stabilization to first waypoint: (0.000, 0.000, 0.600)
2025-09-05 15:36:30,712 - INFO - Waypoint1: absolute coordinates(0.000, 0.000, 0.600, yaw=90.0°)
2025-09-05 15:36:30,712 - INFO - Flying to coordinate: (0.000, 0.000, 0.600)
2025-09-05 15:36:31,722 - INFO - Approaching target (error=0.147m), entering stabilization phase
2025-09-05 15:36:32,222 - INFO - Reached waypoint (error=0.037m, stable_count=30)
2025-09-05 15:36:32,823 - INFO - Waypoint2: absolute coordinates(0.400, 0.000, 0.600, yaw=90.0°)
2025-09-05 15:36:32,823 - INFO - Flying to coordinate: (0.400, 0.000, 0.600)
2025-09-05 15:36:33,573 - INFO - Approaching target (error=0.125m), entering stabilization phase
2025-09-05 15:36:35,613 - INFO - Reached waypoint (error=0.076m, stable_count=30)
2025-09-05 15:36:36,213 - INFO - Waypoint3: absolute coordinates(0.200, 0.400, 0.600, yaw=90.0°)
2025-09-05 15:36:36,213 - INFO - Flying to coordinate: (0.200, 0.400, 0.600)
2025-09-05 15:36:36,863 - INFO - Approaching target (error=0.131m), entering stabilization phase
2025-09-05 15:36:37,263 - INFO - Reached waypoint (error=0.072m, stable_count=30)
2025-09-05 15:36:37,863 - INFO - Waypoint4: absolute coordinates(0.000, 0.000, 0.600, yaw=90.0°)
2025-09-05 15:36:37,863 - INFO - Flying to coordinate: (0.000, 0.000, 0.600)
2025-09-05 15:36:38,714 - INFO - Approaching target (error=0.138m), entering stabilization phase
2025-09-05 15:36:40,254 - INFO - Reached waypoint (error=0.051m, stable_count=30)
2025-09-05 15:36:40,854 - INFO - Returning to origin and landing...
2025-09-05 15:36:40,854 - INFO - Flying to coordinate: (0.000, 0.000, 0.200)
2025-09-05 15:36:41,664 - INFO - Approaching target (error=0.145m), entering stabilization phase
2025-09-05 15:36:42,354 - INFO - Reached waypoint (error=0.069m, stable_count=30)
2025-09-05 15:36:42,354 - INFO - Landing...
2025-09-05 15:36:42,355 - INFO - Landing complete
2025-09-05 15:36:42,360 - INFO - Have successfully stopped logging for id=6
2025-09-05 15:36:42,456 - INFO - Position manager stopped
2025-09-05 15:36:42,458 - INFO - Flight mission complete
2025-09-05 15:36:42,458 - INFO - Stopping data collector...
2025-09-05 15:36:42,460 - INFO - Collection complete - stats: {'created': 1500, 'complete': 1500, 'merged': 0, 'dropped': 0}
2025-09-05 15:36:42,467 - INFO - Have successfully stopped logging for id=4
2025-09-05 15:36:42,470 - INFO - Have successfully stopped logging for id=5
2025-09-05 15:36:42,514 - INFO - Data saved: training_data/triangle_small_20250905_153642.json
2025-09-05 15:36:42,514 - INFO - States: 1500, Commands: 980, Duration: 15.0s
2025-09-05 15:36:42,514 - INFO - Successfully saved 1500 state data points
2025-09-05 15:36:42,514 - INFO - Successfully saved 980 control commands
2025-09-05 15:36:42,514 - INFO - Closing link
2025-09-05 15:36:42,515 - INFO - Callback->Disconnected from [radio://0/80/2M/E7E7E7E7E6]
