2025-09-04 14:59:42,903 - INFO - === Fixed continuous data collector ===
2025-09-04 14:59:42,903 - INFO - Mission: vertical_large
2025-09-04 14:59:42,903 - INFO - Waypoints (absolute coordinates): [(0, 0, 0.5), (0, 0, 1.0), (0, 0, 0.5)]
2025-09-04 14:59:42,904 - INFO - Callback->Connection initialized[radio://0/80/2M/E7E7E7E7E6]
2025-09-04 14:59:43,155 - INFO - We are connected[radio://0/80/2M/E7E7E7E7E6], request connection setup
2025-09-04 14:59:43,155 - INFO - Request _request_protocol_version()
2025-09-04 14:59:43,160 - INFO - Callback->Connected to [radio://0/80/2M/E7E7E7E7E6]
2025-09-04 14:59:43,166 - INFO - _crt_service_callback
2025-09-04 14:59:43,167 - INFO - Request protocol version
2025-09-04 14:59:43,173 - INFO - _platform_callback
2025-09-04 14:59:43,174 - INFO - Protocol version (platform): 9
2025-09-04 14:59:43,199 - INFO - TOC for port [5] found in cache
2025-09-04 14:59:43,200 - INFO - Log TOC finished updating
2025-09-04 14:59:43,210 - INFO - 6 memories found
2025-09-04 14:59:43,298 - INFO - Memories finished updating
2025-09-04 14:59:43,304 - INFO - TOC for port [2] found in cache
2025-09-04 14:59:43,911 - INFO - Param TOC finished updating
2025-09-04 14:59:43,911 - INFO - Callback->Connection setup finished [radio://0/80/2M/E7E7E7E7E6]
2025-09-04 14:59:43,912 - INFO - Connected: radio://0/80/2M/E7E7E7E7E6
2025-09-04 14:59:43,922 - INFO - Have successfully started logging for id=1
2025-09-04 14:59:44,022 - INFO - Battery: 3.90V (safe)
2025-09-04 14:59:44,023 - INFO - Battery check passed: 3.90V
2025-09-04 14:59:44,023 - INFO - Initializing position estimator to origin...
2025-09-04 14:59:44,026 - INFO - Have successfully stopped logging for id=1
2025-09-04 14:59:44,026 - INFO - Have successfully deleted id=1
2025-09-04 14:59:45,513 - INFO - All parameters updated
2025-09-04 14:59:45,513 - INFO - Callback->Connection completed [radio://0/80/2M/E7E7E7E7E6]
2025-09-04 14:59:45,626 - INFO - Have successfully started logging for id=2
2025-09-04 14:59:52,123 - INFO - Waiting for position estimator...
2025-09-04 14:59:52,128 - INFO - Have successfully stopped logging for id=2
2025-09-04 14:59:52,129 - INFO - Have successfully deleted id=2
2025-09-04 14:59:52,136 - INFO - Have successfully started logging for id=3
2025-09-04 14:59:53,134 - INFO - Position estimator ready
2025-09-04 14:59:53,135 - INFO - Controller parameters optimized
2025-09-04 14:59:53,139 - INFO - Have successfully stopped logging for id=3
2025-09-04 14:59:53,139 - INFO - Have successfully deleted id=3
2025-09-04 15:00:21,586 - INFO - Start collection (slot:10ms)
2025-09-04 15:00:21,588 - INFO - Data collector started
2025-09-04 15:00:21,591 - INFO - Position manager started
2025-09-04 15:00:21,599 - INFO - Have successfully started logging for id=4
2025-09-04 15:00:21,601 - INFO - Have successfully started logging for id=5
2025-09-04 15:00:21,602 - INFO - Have successfully started logging for id=6
2025-09-04 15:00:21,691 - INFO - Position manager data flow is normal
2025-09-04 15:00:23,692 - INFO - Current position: (0.039, 0.039, 0.011, 91.3째)
2025-09-04 15:00:23,692 - INFO - Using absolute coordinate system, ignoring takeoff position offset
2025-09-04 15:00:24,692 - INFO - Pre-flight stabilization to first waypoint: (0.000, 0.000, 0.500)
2025-09-04 15:00:24,842 - INFO - Waypoint1: absolute coordinates(0.000, 0.000, 0.500, yaw=90.0째)
2025-09-04 15:00:24,842 - INFO - Flying to coordinate: (0.000, 0.000, 0.500)
2025-09-04 15:00:25,902 - INFO - Approaching target (error=0.134m), entering stabilization phase
2025-09-04 15:00:26,392 - INFO - Reached waypoint (error=0.033m, stable_count=30)
2025-09-04 15:00:26,992 - INFO - Waypoint2: absolute coordinates(0.000, 0.000, 1.000, yaw=90.0째)
2025-09-04 15:00:26,992 - INFO - Flying to coordinate: (0.000, 0.000, 1.000)
2025-09-04 15:00:27,552 - INFO - Approaching target (error=0.128m), entering stabilization phase
2025-09-04 15:00:27,942 - INFO - Reached waypoint (error=0.059m, stable_count=30)
2025-09-04 15:00:28,544 - INFO - Waypoint3: absolute coordinates(0.000, 0.000, 0.500, yaw=90.0째)
2025-09-04 15:00:28,544 - INFO - Flying to coordinate: (0.000, 0.000, 0.500)
2025-09-04 15:00:29,504 - INFO - Approaching target (error=0.144m), entering stabilization phase
2025-09-04 15:00:30,044 - INFO - Reached waypoint (error=0.044m, stable_count=30)
2025-09-04 15:00:30,644 - INFO - Returning to origin and landing...
2025-09-04 15:00:30,644 - INFO - Flying to coordinate: (0.000, 0.000, 0.200)
2025-09-04 15:00:31,404 - INFO - Approaching target (error=0.147m), entering stabilization phase
2025-09-04 15:00:32,094 - INFO - Reached waypoint (error=0.048m, stable_count=30)
2025-09-04 15:00:32,094 - INFO - Landing...
2025-09-04 15:00:32,095 - INFO - Landing complete
2025-09-04 15:00:32,101 - INFO - Have successfully stopped logging for id=6
2025-09-04 15:00:32,196 - INFO - Position manager stopped
2025-09-04 15:00:32,197 - INFO - Flight mission complete
2025-09-04 15:00:32,197 - INFO - Stopping data collector...
2025-09-04 15:00:32,198 - INFO - Collection complete - stats: {'created': 1060, 'complete': 1060, 'merged': 0, 'dropped': 0}
2025-09-04 15:00:32,205 - INFO - Have successfully stopped logging for id=4
2025-09-04 15:00:32,206 - INFO - Have successfully stopped logging for id=5
2025-09-04 15:00:32,235 - INFO - Data saved: training_data/vertical_large_20250904_150032.json
2025-09-04 15:00:32,235 - INFO - States: 1060, Commands: 591, Duration: 10.6s
2025-09-04 15:00:32,236 - INFO - Successfully saved 1060 state data points
2025-09-04 15:00:32,236 - INFO - Successfully saved 591 control commands
2025-09-04 15:00:32,236 - INFO - Closing link
2025-09-04 15:00:32,236 - INFO - Callback->Disconnected from [radio://0/80/2M/E7E7E7E7E6]
