2025-09-04 14:20:37,305 - INFO - === Fixed continuous data collector ===
2025-09-04 14:20:37,305 - INFO - Mission: vertical_med
2025-09-04 14:20:37,305 - INFO - Waypoints (absolute coordinates): [(0, 0, 0.4), (0, 0, 0.8), (0, 0, 0.4)]
2025-09-04 14:20:37,306 - INFO - Callback->Connection initialized[radio://0/80/2M/E7E7E7E7E6]
2025-09-04 14:20:37,556 - INFO - We are connected[radio://0/80/2M/E7E7E7E7E6], request connection setup
2025-09-04 14:20:37,557 - INFO - Request _request_protocol_version()
2025-09-04 14:20:37,558 - INFO - Callback->Connected to [radio://0/80/2M/E7E7E7E7E6]
2025-09-04 14:20:37,564 - INFO - _crt_service_callback
2025-09-04 14:20:37,564 - INFO - Request protocol version
2025-09-04 14:20:37,569 - INFO - _platform_callback
2025-09-04 14:20:37,569 - INFO - Protocol version (platform): 9
2025-09-04 14:20:37,580 - INFO - TOC for port [5] found in cache
2025-09-04 14:20:37,580 - INFO - Log TOC finished updating
2025-09-04 14:20:37,583 - INFO - 6 memories found
2025-09-04 14:20:37,667 - INFO - Memories finished updating
2025-09-04 14:20:37,674 - INFO - TOC for port [2] found in cache
2025-09-04 14:20:38,222 - INFO - Param TOC finished updating
2025-09-04 14:20:38,222 - INFO - Callback->Connection setup finished [radio://0/80/2M/E7E7E7E7E6]
2025-09-04 14:20:38,223 - INFO - Connected: radio://0/80/2M/E7E7E7E7E6
2025-09-04 14:20:38,236 - INFO - Have successfully started logging for id=1
2025-09-04 14:20:38,334 - INFO - Battery: 4.00V (safe)
2025-09-04 14:20:38,335 - INFO - Battery check passed: 4.00V
2025-09-04 14:20:38,335 - INFO - Initializing position estimator to origin...
2025-09-04 14:20:38,338 - INFO - Have successfully stopped logging for id=1
2025-09-04 14:20:38,339 - INFO - Have successfully deleted id=1
2025-09-04 14:20:39,707 - INFO - All parameters updated
2025-09-04 14:20:39,707 - INFO - Callback->Connection completed [radio://0/80/2M/E7E7E7E7E6]
2025-09-04 14:20:39,818 - INFO - Have successfully started logging for id=2
2025-09-04 14:20:46,314 - INFO - Waiting for position estimator...
2025-09-04 14:20:46,317 - INFO - Have successfully stopped logging for id=2
2025-09-04 14:20:46,318 - INFO - Have successfully deleted id=2
2025-09-04 14:20:46,326 - INFO - Have successfully started logging for id=3
2025-09-04 14:20:47,323 - INFO - Position estimator ready
2025-09-04 14:20:47,324 - INFO - Controller parameters optimized
2025-09-04 14:20:47,327 - INFO - Have successfully stopped logging for id=3
2025-09-04 14:20:47,328 - INFO - Have successfully deleted id=3
2025-09-04 14:20:58,867 - INFO - Start collection (slot:10ms)
2025-09-04 14:20:58,868 - INFO - Data collector started
2025-09-04 14:20:58,869 - INFO - Position manager started
2025-09-04 14:20:58,877 - INFO - Have successfully started logging for id=4
2025-09-04 14:20:58,878 - INFO - Have successfully started logging for id=5
2025-09-04 14:20:58,879 - INFO - Have successfully started logging for id=6
2025-09-04 14:20:58,970 - INFO - Position manager data flow is normal
2025-09-04 14:21:00,970 - INFO - Current position: (0.026, 0.042, -0.006, 89.8째)
2025-09-04 14:21:00,970 - INFO - Using absolute coordinate system, ignoring takeoff position offset
2025-09-04 14:21:01,970 - INFO - Pre-flight stabilization to first waypoint: (0.000, 0.000, 0.400)
2025-09-04 14:21:02,120 - INFO - Waypoint1: absolute coordinates(0.000, 0.000, 0.400, yaw=90.0째)
2025-09-04 14:21:02,120 - INFO - Flying to coordinate: (0.000, 0.000, 0.400)
2025-09-04 14:21:03,180 - INFO - Approaching target (error=0.142m), entering stabilization phase
2025-09-04 14:21:03,720 - INFO - Reached waypoint (error=0.036m, stable_count=30)
2025-09-04 14:21:04,321 - INFO - Waypoint2: absolute coordinates(0.000, 0.000, 0.800, yaw=90.0째)
2025-09-04 14:21:04,321 - INFO - Flying to coordinate: (0.000, 0.000, 0.800)
2025-09-04 14:21:04,831 - INFO - Approaching target (error=0.150m), entering stabilization phase
2025-09-04 14:21:10,871 - INFO - Reached waypoint (error=0.061m, stable_count=30)
2025-09-04 14:21:11,471 - INFO - Waypoint3: absolute coordinates(0.000, 0.000, 0.400, yaw=90.0째)
2025-09-04 14:21:11,471 - INFO - Flying to coordinate: (0.000, 0.000, 0.400)
2025-09-04 14:21:12,171 - INFO - Approaching target (error=0.136m), entering stabilization phase
2025-09-04 14:21:12,611 - INFO - Reached waypoint (error=0.037m, stable_count=30)
2025-09-04 14:21:13,213 - INFO - Returning to origin and landing...
2025-09-04 14:21:13,213 - INFO - Flying to coordinate: (0.000, 0.000, 0.200)
2025-09-04 14:21:13,583 - INFO - Approaching target (error=0.143m), entering stabilization phase
2025-09-04 14:21:14,013 - INFO - Reached waypoint (error=0.058m, stable_count=30)
2025-09-04 14:21:14,013 - INFO - Landing...
2025-09-04 14:21:14,014 - INFO - Landing complete
2025-09-04 14:21:14,019 - INFO - Have successfully stopped logging for id=6
2025-09-04 14:21:14,116 - INFO - Position manager stopped
2025-09-04 14:21:14,116 - INFO - Flight mission complete
2025-09-04 14:21:14,116 - INFO - Stopping data collector...
2025-09-04 14:21:14,118 - INFO - Collection complete - stats: {'created': 1525, 'complete': 1525, 'merged': 0, 'dropped': 0}
2025-09-04 14:21:14,124 - INFO - Have successfully stopped logging for id=4
2025-09-04 14:21:14,125 - INFO - Have successfully stopped logging for id=5
2025-09-04 14:21:14,172 - INFO - Data saved: training_data/vertical_med_20250904_142114.json
2025-09-04 14:21:14,172 - INFO - States: 1525, Commands: 1055, Duration: 15.2s
2025-09-04 14:21:14,172 - INFO - Successfully saved 1525 state data points
2025-09-04 14:21:14,172 - INFO - Successfully saved 1055 control commands
2025-09-04 14:21:14,172 - INFO - Closing link
2025-09-04 14:21:14,174 - INFO - Callback->Disconnected from [radio://0/80/2M/E7E7E7E7E6]
