2025-09-04 13:11:03,434 - INFO - === Fixed continuous data collector ===
2025-09-04 13:11:03,435 - INFO - Mission: vertical_small
2025-09-04 13:11:03,435 - INFO - Waypoints (absolute coordinates): [(0, 0, 0.3), (0, 0, 0.6), (0, 0, 0.9), (0, 0, 0.6), (0, 0, 0.3)]
2025-09-04 13:11:03,435 - INFO - Callback->Connection initialized[radio://0/80/2M/E7E7E7E7E6]
2025-09-04 13:11:03,687 - INFO - We are connected[radio://0/80/2M/E7E7E7E7E6], request connection setup
2025-09-04 13:11:03,687 - INFO - Request _request_protocol_version()
2025-09-04 13:11:03,689 - INFO - Callback->Connected to [radio://0/80/2M/E7E7E7E7E6]
2025-09-04 13:11:03,694 - INFO - _crt_service_callback
2025-09-04 13:11:03,694 - INFO - Request protocol version
2025-09-04 13:11:03,703 - INFO - _platform_callback
2025-09-04 13:11:03,703 - INFO - Protocol version (platform): 9
2025-09-04 13:11:03,718 - INFO - TOC for port [5] found in cache
2025-09-04 13:11:03,718 - INFO - Log TOC finished updating
2025-09-04 13:11:03,721 - INFO - 6 memories found
2025-09-04 13:11:03,804 - INFO - Memories finished updating
2025-09-04 13:11:03,811 - INFO - TOC for port [2] found in cache
2025-09-04 13:11:04,432 - INFO - Param TOC finished updating
2025-09-04 13:11:04,432 - INFO - Callback->Connection setup finished [radio://0/80/2M/E7E7E7E7E6]
2025-09-04 13:11:04,433 - INFO - Connected: radio://0/80/2M/E7E7E7E7E6
2025-09-04 13:11:04,447 - INFO - Have successfully started logging for id=1
2025-09-04 13:11:04,548 - INFO - Battery: 3.82V (safe)
2025-09-04 13:11:04,550 - INFO - Battery check passed: 3.82V
2025-09-04 13:11:04,550 - INFO - Initializing position estimator to origin...
2025-09-04 13:11:04,552 - INFO - Have successfully stopped logging for id=1
2025-09-04 13:11:04,553 - INFO - Have successfully deleted id=1
2025-09-04 13:11:05,865 - INFO - All parameters updated
2025-09-04 13:11:05,865 - INFO - Callback->Connection completed [radio://0/80/2M/E7E7E7E7E6]
2025-09-04 13:11:05,973 - INFO - Have successfully started logging for id=2
2025-09-04 13:11:12,470 - INFO - Waiting for position estimator...
2025-09-04 13:11:12,473 - INFO - Have successfully stopped logging for id=2
2025-09-04 13:11:12,475 - INFO - Have successfully deleted id=2
2025-09-04 13:11:12,480 - INFO - Have successfully started logging for id=3
2025-09-04 13:11:13,478 - INFO - Position estimator ready
2025-09-04 13:11:13,481 - INFO - Controller parameters optimized
2025-09-04 13:11:13,486 - INFO - Have successfully stopped logging for id=3
2025-09-04 13:11:13,487 - INFO - Have successfully deleted id=3
2025-09-04 13:11:15,893 - INFO - Start collection (slot:10ms)
2025-09-04 13:11:15,894 - INFO - Data collector started
2025-09-04 13:11:15,895 - INFO - Position manager started
2025-09-04 13:11:15,904 - INFO - Have successfully started logging for id=4
2025-09-04 13:11:15,905 - INFO - Have successfully started logging for id=5
2025-09-04 13:11:15,906 - INFO - Have successfully started logging for id=6
2025-09-04 13:11:15,995 - INFO - Position manager data flow is normal
2025-09-04 13:11:17,995 - INFO - Current position: (0.039, 0.054, 0.016, 90.5°)
2025-09-04 13:11:17,996 - INFO - Using absolute coordinate system, ignoring takeoff position offset
2025-09-04 13:11:18,996 - INFO - Pre-flight stabilization to first waypoint: (0.000, 0.000, 0.300)
2025-09-04 13:11:19,146 - INFO - Waypoint1: absolute coordinates(0.000, 0.000, 0.300, yaw=90.0°)
2025-09-04 13:11:19,146 - INFO - Flying to coordinate: (0.000, 0.000, 0.300)
2025-09-04 13:11:20,306 - INFO - Approaching target (error=0.145m), entering stabilization phase
2025-09-04 13:11:23,346 - INFO - Reached waypoint (error=0.061m, stable_count=30)
2025-09-04 13:11:23,946 - INFO - Waypoint2: absolute coordinates(0.000, 0.000, 0.600, yaw=90.0°)
2025-09-04 13:11:23,946 - INFO - Flying to coordinate: (0.000, 0.000, 0.600)
2025-09-04 13:11:24,407 - INFO - Approaching target (error=0.141m), entering stabilization phase
2025-09-04 13:11:25,097 - INFO - Reached waypoint (error=0.068m, stable_count=30)
2025-09-04 13:11:25,697 - INFO - Waypoint3: absolute coordinates(0.000, 0.000, 0.900, yaw=90.0°)
2025-09-04 13:11:25,697 - INFO - Flying to coordinate: (0.000, 0.000, 0.900)
2025-09-04 13:11:26,057 - INFO - Approaching target (error=0.135m), entering stabilization phase
2025-09-04 13:11:26,497 - INFO - Reached waypoint (error=0.031m, stable_count=30)
2025-09-04 13:11:27,097 - INFO - Waypoint4: absolute coordinates(0.000, 0.000, 0.600, yaw=90.0°)
2025-09-04 13:11:27,097 - INFO - Flying to coordinate: (0.000, 0.000, 0.600)
2025-09-04 13:11:28,007 - INFO - Approaching target (error=0.147m), entering stabilization phase
2025-09-04 13:11:28,787 - INFO - Reached waypoint (error=0.054m, stable_count=30)
2025-09-04 13:11:29,388 - INFO - Waypoint5: absolute coordinates(0.000, 0.000, 0.300, yaw=90.0°)
2025-09-04 13:11:29,388 - INFO - Flying to coordinate: (0.000, 0.000, 0.300)
2025-09-04 13:11:30,098 - INFO - Approaching target (error=0.148m), entering stabilization phase
2025-09-04 13:11:30,638 - INFO - Reached waypoint (error=0.068m, stable_count=30)
2025-09-04 13:11:31,238 - INFO - Returning to origin and landing...
2025-09-04 13:11:31,238 - INFO - Flying to coordinate: (0.000, 0.000, 0.200)
2025-09-04 13:11:31,238 - INFO - Approaching target (error=0.097m), entering stabilization phase
2025-09-04 13:11:31,738 - INFO - Reached waypoint (error=0.042m, stable_count=30)
2025-09-04 13:11:31,738 - INFO - Landing...
2025-09-04 13:11:31,739 - INFO - Landing complete
2025-09-04 13:11:31,744 - INFO - Have successfully stopped logging for id=6
2025-09-04 13:11:31,839 - INFO - Position manager stopped
2025-09-04 13:11:31,842 - INFO - Flight mission complete
2025-09-04 13:11:31,842 - INFO - Stopping data collector...
2025-09-04 13:11:31,843 - INFO - Collection complete - stats: {'created': 1595, 'complete': 1595, 'merged': 0, 'dropped': 0}
2025-09-04 13:11:31,854 - INFO - Have successfully stopped logging for id=4
2025-09-04 13:11:31,857 - INFO - Have successfully stopped logging for id=5
2025-09-04 13:11:31,898 - INFO - Data saved: training_data/vertical_small_20250904_131131.json
2025-09-04 13:11:31,898 - INFO - States: 1595, Commands: 1024, Duration: 15.9s
2025-09-04 13:11:31,899 - INFO - Successfully saved 1595 state data points
2025-09-04 13:11:31,899 - INFO - Successfully saved 1024 control commands
2025-09-04 13:11:31,899 - INFO - Closing link
2025-09-04 13:11:31,899 - INFO - Callback->Disconnected from [radio://0/80/2M/E7E7E7E7E6]
