2025-09-04 14:30:08,806 - INFO - === Fixed continuous data collector ===
2025-09-04 14:30:08,806 - INFO - Mission: vertical_med
2025-09-04 14:30:08,806 - INFO - Waypoints (absolute coordinates): [(0, 0, 0.4), (0, 0, 0.8), (0, 0, 0.4)]
2025-09-04 14:30:08,807 - INFO - Callback->Connection initialized[radio://0/80/2M/E7E7E7E7E6]
2025-09-04 14:30:09,057 - INFO - We are connected[radio://0/80/2M/E7E7E7E7E6], request connection setup
2025-09-04 14:30:09,057 - INFO - Request _request_protocol_version()
2025-09-04 14:30:09,061 - INFO - Callback->Connected to [radio://0/80/2M/E7E7E7E7E6]
2025-09-04 14:30:09,067 - INFO - _crt_service_callback
2025-09-04 14:30:09,067 - INFO - Request protocol version
2025-09-04 14:30:09,071 - INFO - _platform_callback
2025-09-04 14:30:09,071 - INFO - Protocol version (platform): 9
2025-09-04 14:30:09,082 - INFO - TOC for port [5] found in cache
2025-09-04 14:30:09,082 - INFO - Log TOC finished updating
2025-09-04 14:30:09,085 - INFO - 6 memories found
2025-09-04 14:30:09,164 - INFO - Memories finished updating
2025-09-04 14:30:09,170 - INFO - TOC for port [2] found in cache
2025-09-04 14:30:09,650 - INFO - Param TOC finished updating
2025-09-04 14:30:09,650 - INFO - Callback->Connection setup finished [radio://0/80/2M/E7E7E7E7E6]
2025-09-04 14:30:09,651 - INFO - Connected: radio://0/80/2M/E7E7E7E7E6
2025-09-04 14:30:09,660 - INFO - Have successfully started logging for id=1
2025-09-04 14:30:09,761 - INFO - Battery: 4.06V (safe)
2025-09-04 14:30:09,762 - INFO - Battery check passed: 4.06V
2025-09-04 14:30:09,762 - INFO - Initializing position estimator to origin...
2025-09-04 14:30:09,765 - INFO - Have successfully stopped logging for id=1
2025-09-04 14:30:09,766 - INFO - Have successfully deleted id=1
2025-09-04 14:30:10,993 - INFO - All parameters updated
2025-09-04 14:30:10,993 - INFO - Callback->Connection completed [radio://0/80/2M/E7E7E7E7E6]
2025-09-04 14:30:11,109 - INFO - Have successfully started logging for id=2
2025-09-04 14:30:17,602 - INFO - Waiting for position estimator...
2025-09-04 14:30:17,604 - INFO - Have successfully stopped logging for id=2
2025-09-04 14:30:17,605 - INFO - Have successfully deleted id=2
2025-09-04 14:30:17,610 - INFO - Have successfully started logging for id=3
2025-09-04 14:30:18,609 - INFO - Position estimator ready
2025-09-04 14:30:18,610 - INFO - Controller parameters optimized
2025-09-04 14:30:18,613 - INFO - Have successfully stopped logging for id=3
2025-09-04 14:30:18,614 - INFO - Have successfully deleted id=3
2025-09-04 14:30:21,020 - INFO - Start collection (slot:10ms)
2025-09-04 14:30:21,021 - INFO - Data collector started
2025-09-04 14:30:21,022 - INFO - Position manager started
2025-09-04 14:30:21,028 - INFO - Have successfully started logging for id=4
2025-09-04 14:30:21,029 - INFO - Have successfully started logging for id=5
2025-09-04 14:30:21,030 - INFO - Have successfully started logging for id=6
2025-09-04 14:30:21,122 - INFO - Position manager data flow is normal
2025-09-04 14:30:23,122 - INFO - Current position: (0.016, 0.045, -0.004, 89.9째)
2025-09-04 14:30:23,122 - INFO - Using absolute coordinate system, ignoring takeoff position offset
2025-09-04 14:30:24,122 - INFO - Pre-flight stabilization to first waypoint: (0.000, 0.000, 0.400)
2025-09-04 14:30:24,272 - INFO - Waypoint1: absolute coordinates(0.000, 0.000, 0.400, yaw=90.0째)
2025-09-04 14:30:24,273 - INFO - Flying to coordinate: (0.000, 0.000, 0.400)
2025-09-04 14:30:25,283 - INFO - Approaching target (error=0.146m), entering stabilization phase
2025-09-04 14:30:25,823 - INFO - Reached waypoint (error=0.049m, stable_count=30)
2025-09-04 14:30:26,423 - INFO - Waypoint2: absolute coordinates(0.000, 0.000, 0.800, yaw=90.0째)
2025-09-04 14:30:26,423 - INFO - Flying to coordinate: (0.000, 0.000, 0.800)
2025-09-04 14:30:26,933 - INFO - Approaching target (error=0.149m), entering stabilization phase
2025-09-04 14:30:27,423 - INFO - Reached waypoint (error=0.049m, stable_count=30)
2025-09-04 14:30:28,023 - INFO - Waypoint3: absolute coordinates(0.000, 0.000, 0.400, yaw=90.0째)
2025-09-04 14:30:28,023 - INFO - Flying to coordinate: (0.000, 0.000, 0.400)
2025-09-04 14:30:29,033 - INFO - Approaching target (error=0.137m), entering stabilization phase
2025-09-04 14:30:29,674 - INFO - Reached waypoint (error=0.060m, stable_count=30)
2025-09-04 14:30:30,275 - INFO - Returning to origin and landing...
2025-09-04 14:30:30,275 - INFO - Flying to coordinate: (0.000, 0.000, 0.200)
2025-09-04 14:30:30,675 - INFO - Approaching target (error=0.138m), entering stabilization phase
2025-09-04 14:30:31,215 - INFO - Reached waypoint (error=0.036m, stable_count=30)
2025-09-04 14:30:31,215 - INFO - Landing...
2025-09-04 14:30:31,215 - INFO - Landing complete
2025-09-04 14:30:31,225 - INFO - Have successfully stopped logging for id=6
2025-09-04 14:30:31,317 - INFO - Position manager stopped
2025-09-04 14:30:31,320 - INFO - Flight mission complete
2025-09-04 14:30:31,320 - INFO - Stopping data collector...
2025-09-04 14:30:31,324 - INFO - Collection complete - stats: {'created': 1030, 'complete': 1029, 'merged': 0, 'dropped': 0}
2025-09-04 14:30:31,330 - INFO - Have successfully stopped logging for id=4
2025-09-04 14:30:31,332 - INFO - Have successfully stopped logging for id=5
2025-09-04 14:30:31,360 - INFO - Data saved: training_data/vertical_med_20250904_143031.json
2025-09-04 14:30:31,360 - INFO - States: 1029, Commands: 560, Duration: 10.3s
2025-09-04 14:30:31,360 - INFO - Successfully saved 1029 state data points
2025-09-04 14:30:31,360 - INFO - Successfully saved 560 control commands
2025-09-04 14:30:31,360 - INFO - Closing link
2025-09-04 14:30:31,361 - INFO - Callback->Disconnected from [radio://0/80/2M/E7E7E7E7E6]
