2025-09-05 17:16:40,809 - INFO - === Fixed continuous data collector ===
2025-09-05 17:16:40,809 - INFO - Mission: triangle_large
2025-09-05 17:16:40,809 - INFO - Waypoints (absolute coordinates): [(0, 0, 0.6), (0.8, 0, 0.6), (0.4, 0.6, 0.6), (0, 0, 0.6)]
2025-09-05 17:16:40,809 - INFO - Callback->Connection initialized[radio://0/80/2M/E7E7E7E7E6]
2025-09-05 17:16:41,060 - INFO - We are connected[radio://0/80/2M/E7E7E7E7E6], request connection setup
2025-09-05 17:16:41,060 - INFO - Request _request_protocol_version()
2025-09-05 17:16:41,062 - INFO - Callback->Connected to [radio://0/80/2M/E7E7E7E7E6]
2025-09-05 17:16:41,136 - INFO - _crt_service_callback
2025-09-05 17:16:41,136 - INFO - Request protocol version
2025-09-05 17:16:41,139 - INFO - _platform_callback
2025-09-05 17:16:41,139 - INFO - Protocol version (platform): 9
2025-09-05 17:16:41,148 - INFO - TOC for port [5] found in cache
2025-09-05 17:16:41,149 - INFO - Log TOC finished updating
2025-09-05 17:16:41,151 - INFO - 6 memories found
2025-09-05 17:16:41,226 - INFO - Memories finished updating
2025-09-05 17:16:41,232 - INFO - TOC for port [2] found in cache
2025-09-05 17:16:41,636 - INFO - Param TOC finished updating
2025-09-05 17:16:41,636 - INFO - Callback->Connection setup finished [radio://0/80/2M/E7E7E7E7E6]
2025-09-05 17:16:41,637 - INFO - Connected: radio://0/80/2M/E7E7E7E7E6
2025-09-05 17:16:41,645 - INFO - Have successfully started logging for id=1
2025-09-05 17:16:41,746 - INFO - Battery: 3.83V (safe)
2025-09-05 17:16:41,747 - INFO - Battery check passed: 3.83V
2025-09-05 17:16:41,748 - INFO - Initializing position estimator to origin...
2025-09-05 17:16:41,750 - INFO - Have successfully stopped logging for id=1
2025-09-05 17:16:41,751 - INFO - Have successfully deleted id=1
2025-09-05 17:16:42,693 - INFO - All parameters updated
2025-09-05 17:16:42,693 - INFO - Callback->Connection completed [radio://0/80/2M/E7E7E7E7E6]
2025-09-05 17:16:42,801 - INFO - Have successfully started logging for id=2
2025-09-05 17:16:49,296 - INFO - Waiting for position estimator...
2025-09-05 17:16:49,299 - INFO - Have successfully stopped logging for id=2
2025-09-05 17:16:49,300 - INFO - Have successfully deleted id=2
2025-09-05 17:16:49,304 - INFO - Have successfully started logging for id=3
2025-09-05 17:16:50,304 - INFO - Position estimator ready
2025-09-05 17:16:50,304 - INFO - Controller parameters optimized
2025-09-05 17:16:50,307 - INFO - Have successfully stopped logging for id=3
2025-09-05 17:16:50,308 - INFO - Have successfully deleted id=3
2025-09-05 17:16:52,667 - INFO - Start collection (slot:10ms)
2025-09-05 17:16:52,668 - INFO - Data collector started
2025-09-05 17:16:52,669 - INFO - Position manager started
2025-09-05 17:16:52,675 - INFO - Have successfully started logging for id=4
2025-09-05 17:16:52,676 - INFO - Have successfully started logging for id=5
2025-09-05 17:16:52,678 - INFO - Have successfully started logging for id=6
2025-09-05 17:16:52,769 - INFO - Position manager data flow is normal
2025-09-05 17:16:54,769 - INFO - Current position: (-0.010, -0.013, 0.038, 90.1°)
2025-09-05 17:16:54,769 - INFO - Using absolute coordinate system, ignoring takeoff position offset
2025-09-05 17:16:55,769 - INFO - Pre-flight stabilization to first waypoint: (0.000, 0.000, 0.600)
2025-09-05 17:16:55,919 - INFO - Waypoint1: absolute coordinates(0.000, 0.000, 0.600, yaw=90.0°)
2025-09-05 17:16:55,919 - INFO - Flying to coordinate: (0.000, 0.000, 0.600)
2025-09-05 17:16:56,930 - INFO - Approaching target (error=0.147m), entering stabilization phase
2025-09-05 17:16:57,420 - INFO - Reached waypoint (error=0.031m, stable_count=30)
2025-09-05 17:16:58,020 - INFO - Waypoint2: absolute coordinates(0.800, 0.000, 0.600, yaw=90.0°)
2025-09-05 17:16:58,020 - INFO - Flying to coordinate: (0.800, 0.000, 0.600)
2025-09-05 17:16:59,080 - INFO - Approaching target (error=0.146m), entering stabilization phase
2025-09-05 17:17:00,970 - INFO - Reached waypoint (error=0.032m, stable_count=30)
2025-09-05 17:17:01,570 - INFO - Waypoint3: absolute coordinates(0.400, 0.600, 0.600, yaw=90.0°)
2025-09-05 17:17:01,570 - INFO - Flying to coordinate: (0.400, 0.600, 0.600)
2025-09-05 17:17:02,321 - INFO - Approaching target (error=0.142m), entering stabilization phase
2025-09-05 17:17:04,011 - INFO - Reached waypoint (error=0.026m, stable_count=30)
2025-09-05 17:17:04,611 - INFO - Waypoint4: absolute coordinates(0.000, 0.000, 0.600, yaw=90.0°)
2025-09-05 17:17:04,611 - INFO - Flying to coordinate: (0.000, 0.000, 0.600)
2025-09-05 17:17:05,571 - INFO - Approaching target (error=0.148m), entering stabilization phase
2025-09-05 17:17:07,061 - INFO - Reached waypoint (error=0.071m, stable_count=30)
2025-09-05 17:17:07,661 - INFO - Returning to origin and landing...
2025-09-05 17:17:07,661 - INFO - Flying to coordinate: (0.000, 0.000, 0.200)
2025-09-05 17:17:08,571 - INFO - Approaching target (error=0.146m), entering stabilization phase
2025-09-05 17:17:10,211 - INFO - Reached waypoint (error=0.061m, stable_count=30)
2025-09-05 17:17:10,211 - INFO - Landing...
2025-09-05 17:17:10,212 - INFO - Landing complete
2025-09-05 17:17:10,216 - INFO - Have successfully stopped logging for id=6
2025-09-05 17:17:10,313 - INFO - Position manager stopped
2025-09-05 17:17:10,314 - INFO - Flight mission complete
2025-09-05 17:17:10,314 - INFO - Stopping data collector...
2025-09-05 17:17:10,316 - INFO - Collection complete - stats: {'created': 1765, 'complete': 1765, 'merged': 0, 'dropped': 0}
2025-09-05 17:17:10,323 - INFO - Have successfully stopped logging for id=4
2025-09-05 17:17:10,326 - INFO - Have successfully stopped logging for id=5
2025-09-05 17:17:10,378 - INFO - Data saved: training_data/triangle_large_20250905_171710.json
2025-09-05 17:17:10,378 - INFO - States: 1765, Commands: 1244, Duration: 17.6s
2025-09-05 17:17:10,379 - INFO - Successfully saved 1765 state data points
2025-09-05 17:17:10,379 - INFO - Successfully saved 1244 control commands
2025-09-05 17:17:10,379 - INFO - Closing link
2025-09-05 17:17:10,379 - INFO - Callback->Disconnected from [radio://0/80/2M/E7E7E7E7E6]
