2025-09-05 12:47:30,036 - INFO - === Fixed continuous data collector ===
2025-09-05 12:47:30,036 - INFO - Mission: square_small
2025-09-05 12:47:30,036 - INFO - Waypoints (absolute coordinates): [(0, 0, 0.3), (0.3, 0, 0.3), (0.3, 0.3, 0.3), (0, 0.3, 0.3), (0, 0, 0.3)]
2025-09-05 12:47:30,037 - INFO - Callback->Connection initialized[radio://0/80/2M/E7E7E7E7E6]
2025-09-05 12:47:30,287 - INFO - We are connected[radio://0/80/2M/E7E7E7E7E6], request connection setup
2025-09-05 12:47:30,288 - INFO - Request _request_protocol_version()
2025-09-05 12:47:30,292 - INFO - Callback->Connected to [radio://0/80/2M/E7E7E7E7E6]
2025-09-05 12:47:30,298 - INFO - _crt_service_callback
2025-09-05 12:47:30,299 - INFO - Request protocol version
2025-09-05 12:47:30,306 - INFO - _platform_callback
2025-09-05 12:47:30,306 - INFO - Protocol version (platform): 9
2025-09-05 12:47:30,328 - INFO - TOC for port [5] found in cache
2025-09-05 12:47:30,328 - INFO - Log TOC finished updating
2025-09-05 12:47:30,332 - INFO - 6 memories found
2025-09-05 12:47:30,419 - INFO - Memories finished updating
2025-09-05 12:47:30,431 - INFO - TOC for port [2] found in cache
2025-09-05 12:47:30,945 - INFO - Param TOC finished updating
2025-09-05 12:47:30,945 - INFO - Callback->Connection setup finished [radio://0/80/2M/E7E7E7E7E6]
2025-09-05 12:47:30,946 - INFO - Connected: radio://0/80/2M/E7E7E7E7E6
2025-09-05 12:47:30,955 - INFO - Have successfully started logging for id=1
2025-09-05 12:47:31,055 - INFO - Battery: 3.91V (safe)
2025-09-05 12:47:31,056 - INFO - Battery check passed: 3.91V
2025-09-05 12:47:31,056 - INFO - Initializing position estimator to origin...
2025-09-05 12:47:31,059 - INFO - Have successfully stopped logging for id=1
2025-09-05 12:47:31,060 - INFO - Have successfully deleted id=1
2025-09-05 12:47:32,245 - INFO - All parameters updated
2025-09-05 12:47:32,246 - INFO - Callback->Connection completed [radio://0/80/2M/E7E7E7E7E6]
2025-09-05 12:47:32,355 - INFO - Have successfully started logging for id=2
2025-09-05 12:47:39,349 - INFO - Waiting for position estimator...
2025-09-05 12:47:39,354 - INFO - Have successfully stopped logging for id=2
2025-09-05 12:47:39,359 - INFO - Have successfully deleted id=2
2025-09-05 12:47:39,363 - INFO - Have successfully started logging for id=3
2025-09-05 12:47:40,362 - INFO - Position estimator ready
2025-09-05 12:47:40,363 - INFO - Controller parameters optimized
2025-09-05 12:47:40,366 - INFO - Have successfully stopped logging for id=3
2025-09-05 12:47:40,369 - INFO - Have successfully deleted id=3
2025-09-05 12:47:43,470 - INFO - Start collection (slot:10ms)
2025-09-05 12:47:43,471 - INFO - Data collector started
2025-09-05 12:47:43,473 - INFO - Position manager started
2025-09-05 12:47:43,484 - INFO - Have successfully started logging for id=4
2025-09-05 12:47:43,486 - INFO - Have successfully started logging for id=5
2025-09-05 12:47:43,488 - INFO - Have successfully started logging for id=6
2025-09-05 12:47:43,573 - INFO - Position manager data flow is normal
2025-09-05 12:47:45,574 - INFO - Current position: (0.021, 0.010, -0.017, 89.9°)
2025-09-05 12:47:45,574 - INFO - Using absolute coordinate system, ignoring takeoff position offset
2025-09-05 12:47:46,574 - INFO - Pre-flight stabilization to first waypoint: (0.000, 0.000, 0.300)
2025-09-05 12:47:46,724 - INFO - Waypoint1: absolute coordinates(0.000, 0.000, 0.300, yaw=90.0°)
2025-09-05 12:47:46,724 - INFO - Flying to coordinate: (0.000, 0.000, 0.300)
2025-09-05 12:47:47,694 - INFO - Approaching target (error=0.146m), entering stabilization phase
2025-09-05 12:47:49,034 - INFO - Reached waypoint (error=0.078m, stable_count=30)
2025-09-05 12:47:49,634 - INFO - Waypoint2: absolute coordinates(0.300, 0.000, 0.300, yaw=90.0°)
2025-09-05 12:47:49,635 - INFO - Flying to coordinate: (0.300, 0.000, 0.300)
2025-09-05 12:47:50,335 - INFO - Approaching target (error=0.127m), entering stabilization phase
2025-09-05 12:47:52,425 - INFO - Reached waypoint (error=0.067m, stable_count=30)
2025-09-05 12:47:53,025 - INFO - Waypoint3: absolute coordinates(0.300, 0.300, 0.300, yaw=90.0°)
2025-09-05 12:47:53,025 - INFO - Flying to coordinate: (0.300, 0.300, 0.300)
2025-09-05 12:47:53,485 - INFO - Approaching target (error=0.145m), entering stabilization phase
2025-09-05 12:47:53,925 - INFO - Reached waypoint (error=0.049m, stable_count=30)
2025-09-05 12:47:54,526 - INFO - Waypoint4: absolute coordinates(0.000, 0.300, 0.300, yaw=90.0°)
2025-09-05 12:47:54,526 - INFO - Flying to coordinate: (0.000, 0.300, 0.300)
2025-09-05 12:47:55,136 - INFO - Approaching target (error=0.147m), entering stabilization phase
2025-09-05 12:47:55,676 - INFO - Reached waypoint (error=0.070m, stable_count=30)
2025-09-05 12:47:56,276 - INFO - Waypoint5: absolute coordinates(0.000, 0.000, 0.300, yaw=90.0°)
2025-09-05 12:47:56,276 - INFO - Flying to coordinate: (0.000, 0.000, 0.300)
2025-09-05 12:47:57,076 - INFO - Approaching target (error=0.133m), entering stabilization phase
2025-09-05 12:47:57,616 - INFO - Reached waypoint (error=0.076m, stable_count=30)
2025-09-05 12:47:58,216 - INFO - Returning to origin and landing...
2025-09-05 12:47:58,217 - INFO - Flying to coordinate: (0.000, 0.000, 0.200)
2025-09-05 12:47:58,377 - INFO - Approaching target (error=0.141m), entering stabilization phase
2025-09-05 12:47:59,217 - INFO - Reached waypoint (error=0.062m, stable_count=30)
2025-09-05 12:47:59,217 - INFO - Landing...
2025-09-05 12:47:59,218 - INFO - Landing complete
2025-09-05 12:47:59,223 - INFO - Have successfully stopped logging for id=6
2025-09-05 12:47:59,319 - INFO - Position manager stopped
2025-09-05 12:47:59,322 - INFO - Flight mission complete
2025-09-05 12:47:59,322 - INFO - Stopping data collector...
2025-09-05 12:47:59,324 - INFO - Collection complete - stats: {'created': 1586, 'complete': 1584, 'merged': 0, 'dropped': 1}
2025-09-05 12:47:59,332 - INFO - Have successfully stopped logging for id=4
2025-09-05 12:47:59,335 - INFO - Have successfully stopped logging for id=5
2025-09-05 12:47:59,378 - INFO - Data saved: training_data/square_small_20250905_124759.json
2025-09-05 12:47:59,378 - INFO - States: 1584, Commands: 1014, Duration: 15.8s
2025-09-05 12:47:59,379 - INFO - Successfully saved 1584 state data points
2025-09-05 12:47:59,379 - INFO - Successfully saved 1014 control commands
2025-09-05 12:47:59,379 - INFO - Closing link
2025-09-05 12:47:59,379 - INFO - Callback->Disconnected from [radio://0/80/2M/E7E7E7E7E6]
