2025-09-05 14:06:14,184 - INFO - === Fixed continuous data collector ===
2025-09-05 14:06:14,184 - INFO - Mission: square_med
2025-09-05 14:06:14,184 - INFO - Waypoints (absolute coordinates): [(0, 0, 0.4), (0.5, 0, 0.4), (0.5, 0.5, 0.4), (0, 0.5, 0.4), (0, 0, 0.4)]
2025-09-05 14:06:14,185 - INFO - Callback->Connection initialized[radio://0/80/2M/E7E7E7E7E6]
2025-09-05 14:06:14,434 - INFO - We are connected[radio://0/80/2M/E7E7E7E7E6], request connection setup
2025-09-05 14:06:14,435 - INFO - Request _request_protocol_version()
2025-09-05 14:06:14,438 - INFO - Callback->Connected to [radio://0/80/2M/E7E7E7E7E6]
2025-09-05 14:06:14,442 - INFO - _crt_service_callback
2025-09-05 14:06:14,442 - INFO - Request protocol version
2025-09-05 14:06:14,446 - INFO - _platform_callback
2025-09-05 14:06:14,446 - INFO - Protocol version (platform): 9
2025-09-05 14:06:14,458 - INFO - TOC for port [5] found in cache
2025-09-05 14:06:14,458 - INFO - Log TOC finished updating
2025-09-05 14:06:14,461 - INFO - 6 memories found
2025-09-05 14:06:14,541 - INFO - Memories finished updating
2025-09-05 14:06:14,547 - INFO - TOC for port [2] found in cache
2025-09-05 14:06:15,034 - INFO - Param TOC finished updating
2025-09-05 14:06:15,035 - INFO - Callback->Connection setup finished [radio://0/80/2M/E7E7E7E7E6]
2025-09-05 14:06:15,036 - INFO - Connected: radio://0/80/2M/E7E7E7E7E6
2025-09-05 14:06:15,045 - INFO - Have successfully started logging for id=1
2025-09-05 14:06:15,145 - INFO - Battery: 3.94V (safe)
2025-09-05 14:06:15,146 - INFO - Battery check passed: 3.94V
2025-09-05 14:06:15,146 - INFO - Initializing position estimator to origin...
2025-09-05 14:06:15,149 - INFO - Have successfully stopped logging for id=1
2025-09-05 14:06:15,149 - INFO - Have successfully deleted id=1
2025-09-05 14:06:16,216 - INFO - All parameters updated
2025-09-05 14:06:16,217 - INFO - Callback->Connection completed [radio://0/80/2M/E7E7E7E7E6]
2025-09-05 14:06:16,325 - INFO - Have successfully started logging for id=2
2025-09-05 14:06:22,818 - INFO - Waiting for position estimator...
2025-09-05 14:06:22,821 - INFO - Have successfully stopped logging for id=2
2025-09-05 14:06:22,822 - INFO - Have successfully deleted id=2
2025-09-05 14:06:22,827 - INFO - Have successfully started logging for id=3
2025-09-05 14:06:23,825 - INFO - Position estimator ready
2025-09-05 14:06:23,826 - INFO - Controller parameters optimized
2025-09-05 14:06:23,829 - INFO - Have successfully stopped logging for id=3
2025-09-05 14:06:23,829 - INFO - Have successfully deleted id=3
2025-09-05 14:06:25,997 - INFO - Start collection (slot:10ms)
2025-09-05 14:06:25,998 - INFO - Data collector started
2025-09-05 14:06:25,999 - INFO - Position manager started
2025-09-05 14:06:26,005 - INFO - Have successfully started logging for id=4
2025-09-05 14:06:26,007 - INFO - Have successfully started logging for id=5
2025-09-05 14:06:26,009 - INFO - Have successfully started logging for id=6
2025-09-05 14:06:26,099 - INFO - Position manager data flow is normal
2025-09-05 14:06:28,099 - INFO - Current position: (0.003, 0.041, 0.052, 89.9°)
2025-09-05 14:06:28,099 - INFO - Using absolute coordinate system, ignoring takeoff position offset
2025-09-05 14:06:29,099 - INFO - Pre-flight stabilization to first waypoint: (0.000, 0.000, 0.400)
2025-09-05 14:06:29,251 - INFO - Waypoint1: absolute coordinates(0.000, 0.000, 0.400, yaw=90.0°)
2025-09-05 14:06:29,251 - INFO - Flying to coordinate: (0.000, 0.000, 0.400)
2025-09-05 14:06:30,311 - INFO - Approaching target (error=0.139m), entering stabilization phase
2025-09-05 14:06:30,911 - INFO - Reached waypoint (error=0.042m, stable_count=30)
2025-09-05 14:06:31,511 - INFO - Waypoint2: absolute coordinates(0.500, 0.000, 0.400, yaw=90.0°)
2025-09-05 14:06:31,511 - INFO - Flying to coordinate: (0.500, 0.000, 0.400)
2025-09-05 14:06:31,606 - WARNING - Control timing drift detected - resyncing
2025-09-05 14:06:32,305 - INFO - Approaching target (error=0.127m), entering stabilization phase
2025-09-05 14:06:33,945 - INFO - Reached waypoint (error=0.058m, stable_count=30)
2025-09-05 14:06:34,545 - INFO - Waypoint3: absolute coordinates(0.500, 0.500, 0.400, yaw=90.0°)
2025-09-05 14:06:34,545 - INFO - Flying to coordinate: (0.500, 0.500, 0.400)
2025-09-05 14:06:35,205 - INFO - Approaching target (error=0.128m), entering stabilization phase
2025-09-05 14:06:36,045 - INFO - Reached waypoint (error=0.022m, stable_count=30)
2025-09-05 14:06:36,646 - INFO - Waypoint4: absolute coordinates(0.000, 0.500, 0.400, yaw=90.0°)
2025-09-05 14:06:36,646 - INFO - Flying to coordinate: (0.000, 0.500, 0.400)
2025-09-05 14:06:37,256 - INFO - Approaching target (error=0.134m), entering stabilization phase
2025-09-05 14:06:37,746 - INFO - Reached waypoint (error=0.018m, stable_count=30)
2025-09-05 14:06:38,346 - INFO - Waypoint5: absolute coordinates(0.000, 0.000, 0.400, yaw=90.0°)
2025-09-05 14:06:38,346 - INFO - Flying to coordinate: (0.000, 0.000, 0.400)
2025-09-05 14:06:39,106 - INFO - Approaching target (error=0.118m), entering stabilization phase
2025-09-05 14:06:39,496 - INFO - Reached waypoint (error=0.038m, stable_count=30)
2025-09-05 14:06:40,097 - INFO - Returning to origin and landing...
2025-09-05 14:06:40,098 - INFO - Flying to coordinate: (0.000, 0.000, 0.200)
2025-09-05 14:06:40,568 - INFO - Approaching target (error=0.148m), entering stabilization phase
2025-09-05 14:06:41,838 - INFO - Reached waypoint (error=0.075m, stable_count=30)
2025-09-05 14:06:41,838 - INFO - Landing...
2025-09-05 14:06:41,838 - INFO - Landing complete
2025-09-05 14:06:41,845 - INFO - Have successfully stopped logging for id=6
2025-09-05 14:06:41,939 - INFO - Position manager stopped
2025-09-05 14:06:41,942 - INFO - Flight mission complete
2025-09-05 14:06:41,942 - INFO - Stopping data collector...
2025-09-05 14:06:41,944 - INFO - Collection complete - stats: {'created': 1595, 'complete': 1594, 'merged': 0, 'dropped': 0}
2025-09-05 14:06:41,952 - INFO - Have successfully stopped logging for id=4
2025-09-05 14:06:41,955 - INFO - Have successfully stopped logging for id=5
2025-09-05 14:06:42,000 - INFO - Data saved: training_data/square_med_20250905_140641.json
2025-09-05 14:06:42,000 - INFO - States: 1594, Commands: 1022, Duration: 15.9s
2025-09-05 14:06:42,000 - INFO - Successfully saved 1594 state data points
2025-09-05 14:06:42,000 - INFO - Successfully saved 1022 control commands
2025-09-05 14:06:42,000 - INFO - Closing link
2025-09-05 14:06:42,001 - INFO - Callback->Disconnected from [radio://0/80/2M/E7E7E7E7E6]
