2025-09-05 16:49:15,328 - INFO - === Fixed continuous data collector ===
2025-09-05 16:49:15,328 - INFO - Mission: triangle_med
2025-09-05 16:49:15,328 - INFO - Waypoints (absolute coordinates): [(0, 0, 0.6), (0.5, 0, 0.6), (0.25, 0.5, 0.6), (0, 0, 0.6)]
2025-09-05 16:49:15,329 - INFO - Callback->Connection initialized[radio://0/80/2M/E7E7E7E7E6]
2025-09-05 16:49:15,578 - INFO - We are connected[radio://0/80/2M/E7E7E7E7E6], request connection setup
2025-09-05 16:49:15,578 - INFO - Request _request_protocol_version()
2025-09-05 16:49:15,581 - INFO - Callback->Connected to [radio://0/80/2M/E7E7E7E7E6]
2025-09-05 16:49:15,659 - INFO - _crt_service_callback
2025-09-05 16:49:15,659 - INFO - Request protocol version
2025-09-05 16:49:15,663 - INFO - _platform_callback
2025-09-05 16:49:15,663 - INFO - Protocol version (platform): 9
2025-09-05 16:49:15,674 - INFO - TOC for port [5] found in cache
2025-09-05 16:49:15,674 - INFO - Log TOC finished updating
2025-09-05 16:49:15,678 - INFO - 6 memories found
2025-09-05 16:49:15,757 - INFO - Memories finished updating
2025-09-05 16:49:15,764 - INFO - TOC for port [2] found in cache
2025-09-05 16:49:16,204 - INFO - Param TOC finished updating
2025-09-05 16:49:16,204 - INFO - Callback->Connection setup finished [radio://0/80/2M/E7E7E7E7E6]
2025-09-05 16:49:16,205 - INFO - Connected: radio://0/80/2M/E7E7E7E7E6
2025-09-05 16:49:16,214 - INFO - Have successfully started logging for id=1
2025-09-05 16:49:16,312 - INFO - Battery: 3.80V (low)
2025-09-05 16:49:16,313 - ERROR - Battery voltage too low: 3.80V < 3.8V
2025-09-05 16:49:16,313 - INFO - Closing link
2025-09-05 16:49:16,315 - INFO - Callback->Disconnected from [radio://0/80/2M/E7E7E7E7E6]
