2025-09-05 13:13:03,714 - INFO - === Fixed continuous data collector ===
2025-09-05 13:13:03,714 - INFO - Mission: square_med
2025-09-05 13:13:03,714 - INFO - Waypoints (absolute coordinates): [(0, 0, 0.4), (0.5, 0, 0.4), (0.5, 0.5, 0.4), (0, 0.5, 0.4), (0, 0, 0.4)]
2025-09-05 13:13:03,715 - INFO - Callback->Connection initialized[radio://0/80/2M/E7E7E7E7E6]
2025-09-05 13:13:03,965 - INFO - We are connected[radio://0/80/2M/E7E7E7E7E6], request connection setup
2025-09-05 13:13:03,966 - INFO - Request _request_protocol_version()
2025-09-05 13:13:03,969 - INFO - Callback->Connected to [radio://0/80/2M/E7E7E7E7E6]
2025-09-05 13:13:03,976 - INFO - _crt_service_callback
2025-09-05 13:13:03,976 - INFO - Request protocol version
2025-09-05 13:13:03,981 - INFO - _platform_callback
2025-09-05 13:13:03,981 - INFO - Protocol version (platform): 9
2025-09-05 13:13:03,993 - INFO - TOC for port [5] found in cache
2025-09-05 13:13:03,993 - INFO - Log TOC finished updating
2025-09-05 13:13:03,997 - INFO - 6 memories found
2025-09-05 13:13:04,084 - INFO - Memories finished updating
2025-09-05 13:13:04,091 - INFO - TOC for port [2] found in cache
2025-09-05 13:13:04,611 - INFO - Param TOC finished updating
2025-09-05 13:13:04,611 - INFO - Callback->Connection setup finished [radio://0/80/2M/E7E7E7E7E6]
2025-09-05 13:13:04,612 - INFO - Connected: radio://0/80/2M/E7E7E7E7E6
2025-09-05 13:13:04,626 - INFO - Have successfully started logging for id=1
2025-09-05 13:13:04,726 - INFO - Battery: 3.90V (safe)
2025-09-05 13:13:04,727 - INFO - Battery check passed: 3.90V
2025-09-05 13:13:04,727 - INFO - Initializing position estimator to origin...
2025-09-05 13:13:04,731 - INFO - Have successfully stopped logging for id=1
2025-09-05 13:13:04,732 - INFO - Have successfully deleted id=1
2025-09-05 13:13:05,871 - INFO - All parameters updated
2025-09-05 13:13:05,871 - INFO - Callback->Connection completed [radio://0/80/2M/E7E7E7E7E6]
2025-09-05 13:13:05,981 - INFO - Have successfully started logging for id=2
2025-09-05 13:13:12,478 - INFO - Waiting for position estimator...
2025-09-05 13:13:12,482 - INFO - Have successfully stopped logging for id=2
2025-09-05 13:13:12,483 - INFO - Have successfully deleted id=2
2025-09-05 13:13:12,487 - INFO - Have successfully started logging for id=3
2025-09-05 13:13:13,487 - INFO - Position estimator ready
2025-09-05 13:13:13,488 - INFO - Controller parameters optimized
2025-09-05 13:13:13,493 - INFO - Have successfully stopped logging for id=3
2025-09-05 13:13:13,494 - INFO - Have successfully deleted id=3
2025-09-05 13:13:23,446 - INFO - Start collection (slot:10ms)
2025-09-05 13:13:23,447 - INFO - Data collector started
2025-09-05 13:13:23,448 - INFO - Position manager started
2025-09-05 13:13:23,458 - INFO - Have successfully started logging for id=4
2025-09-05 13:13:23,459 - INFO - Have successfully started logging for id=5
2025-09-05 13:13:23,462 - INFO - Have successfully started logging for id=6
2025-09-05 13:13:23,548 - INFO - Position manager data flow is normal
2025-09-05 13:13:25,548 - INFO - Current position: (0.016, 0.008, 0.018, 90.0°)
2025-09-05 13:13:25,548 - INFO - Using absolute coordinate system, ignoring takeoff position offset
2025-09-05 13:13:26,548 - INFO - Pre-flight stabilization to first waypoint: (0.000, 0.000, 0.400)
2025-09-05 13:13:26,699 - INFO - Waypoint1: absolute coordinates(0.000, 0.000, 0.400, yaw=90.0°)
2025-09-05 13:13:26,699 - INFO - Flying to coordinate: (0.000, 0.000, 0.400)
2025-09-05 13:13:27,709 - INFO - Approaching target (error=0.144m), entering stabilization phase
2025-09-05 13:13:28,249 - INFO - Reached waypoint (error=0.038m, stable_count=30)
2025-09-05 13:13:28,849 - INFO - Waypoint2: absolute coordinates(0.500, 0.000, 0.400, yaw=90.0°)
2025-09-05 13:13:28,849 - INFO - Flying to coordinate: (0.500, 0.000, 0.400)
2025-09-05 13:13:29,659 - INFO - Approaching target (error=0.144m), entering stabilization phase
2025-09-05 13:13:31,399 - INFO - Reached waypoint (error=0.063m, stable_count=30)
2025-09-05 13:13:31,999 - INFO - Waypoint3: absolute coordinates(0.500, 0.500, 0.400, yaw=90.0°)
2025-09-05 13:13:31,999 - INFO - Flying to coordinate: (0.500, 0.500, 0.400)
2025-09-05 13:13:32,660 - INFO - Approaching target (error=0.135m), entering stabilization phase
2025-09-05 13:13:33,600 - INFO - Reached waypoint (error=0.048m, stable_count=30)
2025-09-05 13:13:34,200 - INFO - Waypoint4: absolute coordinates(0.000, 0.500, 0.400, yaw=90.0°)
2025-09-05 13:13:34,200 - INFO - Flying to coordinate: (0.000, 0.500, 0.400)
2025-09-05 13:13:34,810 - INFO - Approaching target (error=0.141m), entering stabilization phase
2025-09-05 13:13:35,250 - INFO - Reached waypoint (error=0.032m, stable_count=30)
2025-09-05 13:13:35,850 - INFO - Waypoint5: absolute coordinates(0.000, 0.000, 0.400, yaw=90.0°)
2025-09-05 13:13:35,850 - INFO - Flying to coordinate: (0.000, 0.000, 0.400)
2025-09-05 13:13:36,600 - INFO - Approaching target (error=0.130m), entering stabilization phase
2025-09-05 13:13:36,990 - INFO - Reached waypoint (error=0.070m, stable_count=30)
2025-09-05 13:13:37,591 - INFO - Returning to origin and landing...
2025-09-05 13:13:37,591 - INFO - Flying to coordinate: (0.000, 0.000, 0.200)
2025-09-05 13:13:38,001 - INFO - Approaching target (error=0.148m), entering stabilization phase
2025-09-05 13:13:39,271 - INFO - Reached waypoint (error=0.059m, stable_count=30)
2025-09-05 13:13:39,271 - INFO - Landing...
2025-09-05 13:13:39,274 - INFO - Landing complete
2025-09-05 13:13:39,282 - INFO - Have successfully stopped logging for id=6
2025-09-05 13:13:39,376 - INFO - Position manager stopped
2025-09-05 13:13:39,378 - INFO - Flight mission complete
2025-09-05 13:13:39,378 - INFO - Stopping data collector...
2025-09-05 13:13:39,380 - INFO - Collection complete - stats: {'created': 1593, 'complete': 1593, 'merged': 0, 'dropped': 0}
2025-09-05 13:13:39,391 - INFO - Have successfully stopped logging for id=4
2025-09-05 13:13:39,393 - INFO - Have successfully stopped logging for id=5
2025-09-05 13:13:39,435 - INFO - Data saved: training_data/square_med_20250905_131339.json
2025-09-05 13:13:39,435 - INFO - States: 1593, Commands: 1022, Duration: 15.9s
2025-09-05 13:13:39,435 - INFO - Successfully saved 1593 state data points
2025-09-05 13:13:39,435 - INFO - Successfully saved 1022 control commands
2025-09-05 13:13:39,435 - INFO - Closing link
2025-09-05 13:13:39,436 - INFO - Callback->Disconnected from [radio://0/80/2M/E7E7E7E7E6]
