2025-09-05 13:43:27,999 - INFO - === Fixed continuous data collector ===
2025-09-05 13:43:27,999 - INFO - Mission: square_med
2025-09-05 13:43:27,999 - INFO - Waypoints (absolute coordinates): [(0, 0, 0.4), (0.5, 0, 0.4), (0.5, 0.5, 0.4), (0, 0.5, 0.4), (0, 0, 0.4)]
2025-09-05 13:43:28,000 - INFO - Callback->Connection initialized[radio://0/80/2M/E7E7E7E7E6]
2025-09-05 13:43:28,250 - INFO - We are connected[radio://0/80/2M/E7E7E7E7E6], request connection setup
2025-09-05 13:43:28,250 - INFO - Request _request_protocol_version()
2025-09-05 13:43:28,252 - INFO - Callback->Connected to [radio://0/80/2M/E7E7E7E7E6]
2025-09-05 13:43:28,257 - INFO - _crt_service_callback
2025-09-05 13:43:28,257 - INFO - Request protocol version
2025-09-05 13:43:28,262 - INFO - _platform_callback
2025-09-05 13:43:28,262 - INFO - Protocol version (platform): 9
2025-09-05 13:43:28,275 - INFO - TOC for port [5] found in cache
2025-09-05 13:43:28,275 - INFO - Log TOC finished updating
2025-09-05 13:43:28,278 - INFO - 6 memories found
2025-09-05 13:43:28,356 - INFO - Memories finished updating
2025-09-05 13:43:28,361 - INFO - TOC for port [2] found in cache
2025-09-05 13:43:28,951 - INFO - Param TOC finished updating
2025-09-05 13:43:28,951 - INFO - Callback->Connection setup finished [radio://0/80/2M/E7E7E7E7E6]
2025-09-05 13:43:28,952 - INFO - Connected: radio://0/80/2M/E7E7E7E7E6
2025-09-05 13:43:28,960 - INFO - Have successfully started logging for id=1
2025-09-05 13:43:29,060 - INFO - Battery: 3.94V (safe)
2025-09-05 13:43:29,061 - INFO - Battery check passed: 3.94V
2025-09-05 13:43:29,061 - INFO - Initializing position estimator to origin...
2025-09-05 13:43:29,065 - INFO - Have successfully stopped logging for id=1
2025-09-05 13:43:29,066 - INFO - Have successfully deleted id=1
2025-09-05 13:43:30,339 - INFO - All parameters updated
2025-09-05 13:43:30,339 - INFO - Callback->Connection completed [radio://0/80/2M/E7E7E7E7E6]
2025-09-05 13:43:30,450 - INFO - Have successfully started logging for id=2
2025-09-05 13:43:36,943 - INFO - Waiting for position estimator...
2025-09-05 13:43:36,946 - INFO - Have successfully stopped logging for id=2
2025-09-05 13:43:36,947 - INFO - Have successfully deleted id=2
2025-09-05 13:43:36,951 - INFO - Have successfully started logging for id=3
2025-09-05 13:43:37,950 - INFO - Position estimator ready
2025-09-05 13:43:37,951 - INFO - Controller parameters optimized
2025-09-05 13:43:37,954 - INFO - Have successfully stopped logging for id=3
2025-09-05 13:43:37,955 - INFO - Have successfully deleted id=3
2025-09-05 13:43:41,028 - INFO - Start collection (slot:10ms)
2025-09-05 13:43:41,028 - INFO - Data collector started
2025-09-05 13:43:41,029 - INFO - Position manager started
2025-09-05 13:43:41,041 - INFO - Have successfully started logging for id=4
2025-09-05 13:43:41,042 - INFO - Have successfully started logging for id=5
2025-09-05 13:43:41,043 - INFO - Have successfully started logging for id=6
2025-09-05 13:43:41,129 - INFO - Position manager data flow is normal
2025-09-05 13:43:43,130 - INFO - Current position: (0.039, 0.014, 0.025, 89.7°)
2025-09-05 13:43:43,130 - INFO - Using absolute coordinate system, ignoring takeoff position offset
2025-09-05 13:43:44,130 - INFO - Pre-flight stabilization to first waypoint: (0.000, 0.000, 0.400)
2025-09-05 13:43:44,280 - INFO - Waypoint1: absolute coordinates(0.000, 0.000, 0.400, yaw=90.0°)
2025-09-05 13:43:44,280 - INFO - Flying to coordinate: (0.000, 0.000, 0.400)
2025-09-05 13:43:45,340 - INFO - Approaching target (error=0.142m), entering stabilization phase
2025-09-05 13:43:45,930 - INFO - Reached waypoint (error=0.048m, stable_count=30)
2025-09-05 13:43:46,530 - INFO - Waypoint2: absolute coordinates(0.500, 0.000, 0.400, yaw=90.0°)
2025-09-05 13:43:46,530 - INFO - Flying to coordinate: (0.500, 0.000, 0.400)
2025-09-05 13:43:47,391 - INFO - Approaching target (error=0.144m), entering stabilization phase
2025-09-05 13:43:49,731 - INFO - Reached waypoint (error=0.078m, stable_count=30)
2025-09-05 13:43:50,331 - INFO - Waypoint3: absolute coordinates(0.500, 0.500, 0.400, yaw=90.0°)
2025-09-05 13:43:50,331 - INFO - Flying to coordinate: (0.500, 0.500, 0.400)
2025-09-05 13:43:50,991 - INFO - Approaching target (error=0.135m), entering stabilization phase
2025-09-05 13:43:51,681 - INFO - Reached waypoint (error=0.045m, stable_count=30)
2025-09-05 13:43:52,282 - INFO - Waypoint4: absolute coordinates(0.000, 0.500, 0.400, yaw=90.0°)
2025-09-05 13:43:52,282 - INFO - Flying to coordinate: (0.000, 0.500, 0.400)
2025-09-05 13:43:52,942 - INFO - Approaching target (error=0.120m), entering stabilization phase
2025-09-05 13:43:53,282 - INFO - Reached waypoint (error=0.045m, stable_count=30)
2025-09-05 13:43:53,882 - INFO - Waypoint5: absolute coordinates(0.000, 0.000, 0.400, yaw=90.0°)
2025-09-05 13:43:53,882 - INFO - Flying to coordinate: (0.000, 0.000, 0.400)
2025-09-05 13:43:54,582 - INFO - Approaching target (error=0.118m), entering stabilization phase
2025-09-05 13:43:54,982 - INFO - Reached waypoint (error=0.039m, stable_count=30)
2025-09-05 13:43:55,582 - INFO - Returning to origin and landing...
2025-09-05 13:43:55,583 - INFO - Flying to coordinate: (0.000, 0.000, 0.200)
2025-09-05 13:43:56,243 - INFO - Approaching target (error=0.148m), entering stabilization phase
2025-09-05 13:43:57,023 - INFO - Reached waypoint (error=0.051m, stable_count=30)
2025-09-05 13:43:57,023 - INFO - Landing...
2025-09-05 13:43:57,023 - INFO - Landing complete
2025-09-05 13:43:57,031 - INFO - Have successfully stopped logging for id=6
2025-09-05 13:43:57,124 - INFO - Position manager stopped
2025-09-05 13:43:57,128 - INFO - Flight mission complete
2025-09-05 13:43:57,128 - INFO - Stopping data collector...
2025-09-05 13:43:57,130 - INFO - Collection complete - stats: {'created': 1610, 'complete': 1609, 'merged': 0, 'dropped': 0}
2025-09-05 13:43:57,138 - INFO - Have successfully stopped logging for id=4
2025-09-05 13:43:57,150 - INFO - Have successfully stopped logging for id=5
2025-09-05 13:43:57,186 - INFO - Data saved: training_data/square_med_20250905_134357.json
2025-09-05 13:43:57,186 - INFO - States: 1609, Commands: 1039, Duration: 16.1s
2025-09-05 13:43:57,186 - INFO - Successfully saved 1609 state data points
2025-09-05 13:43:57,186 - INFO - Successfully saved 1039 control commands
2025-09-05 13:43:57,186 - INFO - Closing link
2025-09-05 13:43:57,187 - INFO - Callback->Disconnected from [radio://0/80/2M/E7E7E7E7E6]
