2025-09-04 14:28:54,522 - INFO - === Fixed continuous data collector ===
2025-09-04 14:28:54,522 - INFO - Mission: vertical_med
2025-09-04 14:28:54,522 - INFO - Waypoints (absolute coordinates): [(0, 0, 0.4), (0, 0, 0.8), (0, 0, 0.4)]
2025-09-04 14:28:54,522 - INFO - Callback->Connection initialized[radio://0/80/2M/E7E7E7E7E6]
2025-09-04 14:28:54,773 - INFO - We are connected[radio://0/80/2M/E7E7E7E7E6], request connection setup
2025-09-04 14:28:54,773 - INFO - Request _request_protocol_version()
2025-09-04 14:28:54,776 - INFO - Callback->Connected to [radio://0/80/2M/E7E7E7E7E6]
2025-09-04 14:28:54,856 - INFO - _crt_service_callback
2025-09-04 14:28:54,856 - INFO - Request protocol version
2025-09-04 14:28:54,862 - INFO - _platform_callback
2025-09-04 14:28:54,862 - INFO - Protocol version (platform): 9
2025-09-04 14:28:54,874 - INFO - TOC for port [5] found in cache
2025-09-04 14:28:54,874 - INFO - Log TOC finished updating
2025-09-04 14:28:54,878 - INFO - 6 memories found
2025-09-04 14:28:54,956 - INFO - Memories finished updating
2025-09-04 14:28:54,963 - INFO - TOC for port [2] found in cache
2025-09-04 14:28:55,442 - INFO - Param TOC finished updating
2025-09-04 14:28:55,442 - INFO - Callback->Connection setup finished [radio://0/80/2M/E7E7E7E7E6]
2025-09-04 14:28:55,443 - INFO - Connected: radio://0/80/2M/E7E7E7E7E6
2025-09-04 14:28:55,452 - INFO - Have successfully started logging for id=1
2025-09-04 14:28:55,552 - INFO - Battery: 4.13V (safe)
2025-09-04 14:28:55,553 - INFO - Battery check passed: 4.13V
2025-09-04 14:28:55,553 - INFO - Initializing position estimator to origin...
2025-09-04 14:28:55,556 - INFO - Have successfully stopped logging for id=1
2025-09-04 14:28:55,557 - INFO - Have successfully deleted id=1
2025-09-04 14:28:56,877 - INFO - All parameters updated
2025-09-04 14:28:56,877 - INFO - Callback->Connection completed [radio://0/80/2M/E7E7E7E7E6]
2025-09-04 14:28:56,986 - INFO - Have successfully started logging for id=2
2025-09-04 14:29:03,482 - INFO - Waiting for position estimator...
2025-09-04 14:29:03,488 - INFO - Have successfully stopped logging for id=2
2025-09-04 14:29:03,489 - INFO - Have successfully deleted id=2
2025-09-04 14:29:03,495 - INFO - Have successfully started logging for id=3
2025-09-04 14:29:04,497 - INFO - Position estimator ready
2025-09-04 14:29:04,498 - INFO - Controller parameters optimized
2025-09-04 14:29:04,501 - INFO - Have successfully stopped logging for id=3
2025-09-04 14:29:04,504 - INFO - Have successfully deleted id=3
2025-09-04 14:29:06,505 - INFO - Start collection (slot:10ms)
2025-09-04 14:29:06,506 - INFO - Data collector started
2025-09-04 14:29:06,507 - INFO - Position manager started
2025-09-04 14:29:06,515 - INFO - Have successfully started logging for id=4
2025-09-04 14:29:06,516 - INFO - Have successfully started logging for id=5
2025-09-04 14:29:06,518 - INFO - Have successfully started logging for id=6
2025-09-04 14:29:06,607 - INFO - Position manager data flow is normal
2025-09-04 14:29:08,607 - INFO - Current position: (0.026, 0.032, -0.005, 90.0째)
2025-09-04 14:29:08,607 - INFO - Using absolute coordinate system, ignoring takeoff position offset
2025-09-04 14:29:09,608 - INFO - Pre-flight stabilization to first waypoint: (0.000, 0.000, 0.400)
2025-09-04 14:29:09,759 - INFO - Waypoint1: absolute coordinates(0.000, 0.000, 0.400, yaw=90.0째)
2025-09-04 14:29:09,759 - INFO - Flying to coordinate: (0.000, 0.000, 0.400)
2025-09-04 14:29:10,819 - INFO - Approaching target (error=0.150m), entering stabilization phase
2025-09-04 14:29:11,409 - INFO - Reached waypoint (error=0.041m, stable_count=30)
2025-09-04 14:29:12,011 - INFO - Waypoint2: absolute coordinates(0.000, 0.000, 0.800, yaw=90.0째)
2025-09-04 14:29:12,011 - INFO - Flying to coordinate: (0.000, 0.000, 0.800)
2025-09-04 14:29:12,571 - INFO - Approaching target (error=0.135m), entering stabilization phase
2025-09-04 14:29:15,451 - INFO - Reached waypoint (error=0.078m, stable_count=30)
2025-09-04 14:29:16,052 - INFO - Waypoint3: absolute coordinates(0.000, 0.000, 0.400, yaw=90.0째)
2025-09-04 14:29:16,052 - INFO - Flying to coordinate: (0.000, 0.000, 0.400)
2025-09-04 14:29:16,862 - INFO - Approaching target (error=0.141m), entering stabilization phase
2025-09-04 14:29:17,452 - INFO - Reached waypoint (error=0.053m, stable_count=30)
2025-09-04 14:29:18,052 - INFO - Returning to origin and landing...
2025-09-04 14:29:18,052 - INFO - Flying to coordinate: (0.000, 0.000, 0.200)
2025-09-04 14:29:18,412 - INFO - Approaching target (error=0.139m), entering stabilization phase
2025-09-04 14:29:19,152 - INFO - Reached waypoint (error=0.050m, stable_count=30)
2025-09-04 14:29:19,152 - INFO - Landing...
2025-09-04 14:29:19,153 - INFO - Landing complete
2025-09-04 14:29:19,160 - INFO - Have successfully stopped logging for id=6
2025-09-04 14:29:19,255 - INFO - Position manager stopped
2025-09-04 14:29:19,256 - INFO - Flight mission complete
2025-09-04 14:29:19,256 - INFO - Stopping data collector...
2025-09-04 14:29:19,257 - INFO - Collection complete - stats: {'created': 1275, 'complete': 1275, 'merged': 0, 'dropped': 0}
2025-09-04 14:29:19,264 - INFO - Have successfully stopped logging for id=4
2025-09-04 14:29:19,266 - INFO - Have successfully stopped logging for id=5
2025-09-04 14:29:19,301 - INFO - Data saved: training_data/vertical_med_20250904_142919.json
2025-09-04 14:29:19,302 - INFO - States: 1275, Commands: 806, Duration: 12.7s
2025-09-04 14:29:19,302 - INFO - Successfully saved 1275 state data points
2025-09-04 14:29:19,302 - INFO - Successfully saved 806 control commands
2025-09-04 14:29:19,302 - INFO - Closing link
2025-09-04 14:29:19,303 - INFO - Callback->Disconnected from [radio://0/80/2M/E7E7E7E7E6]
