2025-09-04 14:44:07,256 - INFO - === Fixed continuous data collector ===
2025-09-04 14:44:07,256 - INFO - Mission: vertical_med
2025-09-04 14:44:07,256 - INFO - Waypoints (absolute coordinates): [(0, 0, 0.4), (0, 0, 0.8), (0, 0, 0.4)]
2025-09-04 14:44:07,257 - INFO - Callback->Connection initialized[radio://0/80/2M/E7E7E7E7E6]
2025-09-04 14:44:07,507 - INFO - We are connected[radio://0/80/2M/E7E7E7E7E6], request connection setup
2025-09-04 14:44:07,507 - INFO - Request _request_protocol_version()
2025-09-04 14:44:07,509 - INFO - Callback->Connected to [radio://0/80/2M/E7E7E7E7E6]
2025-09-04 14:44:07,520 - INFO - _crt_service_callback
2025-09-04 14:44:07,520 - INFO - Request protocol version
2025-09-04 14:44:07,524 - INFO - _platform_callback
2025-09-04 14:44:07,525 - INFO - Protocol version (platform): 9
2025-09-04 14:44:07,536 - INFO - TOC for port [5] found in cache
2025-09-04 14:44:07,536 - INFO - Log TOC finished updating
2025-09-04 14:44:07,539 - INFO - 6 memories found
2025-09-04 14:44:07,615 - INFO - Memories finished updating
2025-09-04 14:44:07,620 - INFO - TOC for port [2] found in cache
2025-09-04 14:44:08,088 - INFO - Param TOC finished updating
2025-09-04 14:44:08,088 - INFO - Callback->Connection setup finished [radio://0/80/2M/E7E7E7E7E6]
2025-09-04 14:44:08,089 - INFO - Connected: radio://0/80/2M/E7E7E7E7E6
2025-09-04 14:44:08,097 - INFO - Have successfully started logging for id=1
2025-09-04 14:44:08,196 - INFO - Battery: 3.95V (safe)
2025-09-04 14:44:08,197 - INFO - Battery check passed: 3.95V
2025-09-04 14:44:08,197 - INFO - Initializing position estimator to origin...
2025-09-04 14:44:08,200 - INFO - Have successfully stopped logging for id=1
2025-09-04 14:44:08,200 - INFO - Have successfully deleted id=1
2025-09-04 14:44:09,445 - INFO - All parameters updated
2025-09-04 14:44:09,446 - INFO - Callback->Connection completed [radio://0/80/2M/E7E7E7E7E6]
2025-09-04 14:44:09,556 - INFO - Have successfully started logging for id=2
2025-09-04 14:44:16,051 - INFO - Waiting for position estimator...
2025-09-04 14:44:16,056 - INFO - Have successfully stopped logging for id=2
2025-09-04 14:44:16,057 - INFO - Have successfully deleted id=2
2025-09-04 14:44:16,061 - INFO - Have successfully started logging for id=3
2025-09-04 14:44:17,061 - INFO - Position estimator ready
2025-09-04 14:44:17,062 - INFO - Controller parameters optimized
2025-09-04 14:44:17,065 - INFO - Have successfully stopped logging for id=3
2025-09-04 14:44:17,067 - INFO - Have successfully deleted id=3
2025-09-04 14:44:20,808 - INFO - Start collection (slot:10ms)
2025-09-04 14:44:20,810 - INFO - Data collector started
2025-09-04 14:44:20,811 - INFO - Position manager started
2025-09-04 14:44:20,820 - INFO - Have successfully started logging for id=4
2025-09-04 14:44:20,822 - INFO - Have successfully started logging for id=5
2025-09-04 14:44:20,823 - INFO - Have successfully started logging for id=6
2025-09-04 14:44:20,911 - INFO - Position manager data flow is normal
2025-09-04 14:44:22,911 - INFO - Current position: (0.024, 0.041, 0.021, 90.0°)
2025-09-04 14:44:22,911 - INFO - Using absolute coordinate system, ignoring takeoff position offset
2025-09-04 14:44:23,911 - INFO - Pre-flight stabilization to first waypoint: (0.000, 0.000, 0.400)
2025-09-04 14:44:24,061 - INFO - Waypoint1: absolute coordinates(0.000, 0.000, 0.400, yaw=90.0°)
2025-09-04 14:44:24,061 - INFO - Flying to coordinate: (0.000, 0.000, 0.400)
2025-09-04 14:44:34,062 - WARNING - Waypoint timeout 10.0s (final error may still be acceptable)
2025-09-04 14:44:34,062 - WARNING - Waypoint1 not fully reached, continuing execution
2025-09-04 14:44:34,662 - INFO - Waypoint2: absolute coordinates(0.000, 0.000, 0.800, yaw=90.0°)
2025-09-04 14:44:34,662 - INFO - Flying to coordinate: (0.000, 0.000, 0.800)
2025-09-04 14:44:34,857 - INFO - Have successfully stopped logging for id=6
2025-09-04 14:44:34,953 - INFO - Position manager stopped
2025-09-04 14:44:34,956 - INFO - Stopping data collector...
2025-09-04 14:44:34,960 - INFO - Collection complete - stats: {'created': 1414, 'complete': 1414, 'merged': 0, 'dropped': 0}
2025-09-04 14:44:34,967 - INFO - Have successfully stopped logging for id=4
2025-09-04 14:44:34,969 - INFO - Have successfully stopped logging for id=5
2025-09-04 14:44:35,011 - INFO - Data saved: training_data/vertical_med_20250904_144434.json
2025-09-04 14:44:35,011 - INFO - States: 1414, Commands: 1045, Duration: 14.1s
2025-09-04 14:44:35,012 - INFO - Successfully saved 1414 state data points
2025-09-04 14:44:35,012 - INFO - Successfully saved 1045 control commands
2025-09-04 14:44:35,012 - INFO - Closing link
2025-09-04 14:44:35,012 - INFO - Callback->Disconnected from [radio://0/80/2M/E7E7E7E7E6]
2025-09-04 14:44:35,029 - INFO - User interrupted
