2025-09-04 12:51:17,732 - INFO - === Fixed continuous data collector ===
2025-09-04 12:51:17,732 - INFO - Mission: vertical_small
2025-09-04 12:51:17,732 - INFO - Waypoints (absolute coordinates): [(0, 0, 0.3), (0, 0, 0.6), (0, 0, 0.9), (0, 0, 0.6), (0, 0, 0.3)]
2025-09-04 12:51:17,732 - INFO - Callback->Connection initialized[radio://0/80/2M/E7E7E7E7E6]
2025-09-04 12:51:17,983 - INFO - We are connected[radio://0/80/2M/E7E7E7E7E6], request connection setup
2025-09-04 12:51:17,984 - INFO - Request _request_protocol_version()
2025-09-04 12:51:17,989 - INFO - Callback->Connected to [radio://0/80/2M/E7E7E7E7E6]
2025-09-04 12:51:18,069 - INFO - _crt_service_callback
2025-09-04 12:51:18,069 - INFO - Request protocol version
2025-09-04 12:51:18,073 - INFO - _platform_callback
2025-09-04 12:51:18,073 - INFO - Protocol version (platform): 9
2025-09-04 12:51:18,084 - INFO - TOC for port [5] found in cache
2025-09-04 12:51:18,084 - INFO - Log TOC finished updating
2025-09-04 12:51:18,087 - INFO - 6 memories found
2025-09-04 12:51:18,164 - INFO - Memories finished updating
2025-09-04 12:51:18,170 - INFO - TOC for port [2] found in cache
2025-09-04 12:51:18,646 - INFO - Param TOC finished updating
2025-09-04 12:51:18,647 - INFO - Callback->Connection setup finished [radio://0/80/2M/E7E7E7E7E6]
2025-09-04 12:51:18,647 - INFO - Connected: radio://0/80/2M/E7E7E7E7E6
2025-09-04 12:51:18,660 - INFO - Have successfully started logging for id=1
2025-09-04 12:51:18,756 - INFO - Battery: 4.10V (safe)
2025-09-04 12:51:18,760 - INFO - Battery check passed: 4.10V
2025-09-04 12:51:18,760 - INFO - Initializing position estimator to origin...
2025-09-04 12:51:18,763 - INFO - Have successfully stopped logging for id=1
2025-09-04 12:51:18,764 - INFO - Have successfully deleted id=1
2025-09-04 12:51:20,123 - INFO - All parameters updated
2025-09-04 12:51:20,124 - INFO - Callback->Connection completed [radio://0/80/2M/E7E7E7E7E6]
2025-09-04 12:51:20,232 - INFO - Have successfully started logging for id=2
2025-09-04 12:51:26,729 - INFO - Waiting for position estimator...
2025-09-04 12:51:26,733 - INFO - Have successfully stopped logging for id=2
2025-09-04 12:51:26,737 - INFO - Have successfully deleted id=2
2025-09-04 12:51:26,749 - INFO - Have successfully started logging for id=3
2025-09-04 12:51:27,745 - INFO - Position estimator ready
2025-09-04 12:51:27,746 - INFO - Controller parameters optimized
2025-09-04 12:51:27,748 - INFO - Have successfully stopped logging for id=3
2025-09-04 12:51:27,749 - INFO - Have successfully deleted id=3
2025-09-04 12:51:30,641 - INFO - Start collection (slot:10ms)
2025-09-04 12:51:30,642 - INFO - Data collector started
2025-09-04 12:51:30,643 - INFO - Position manager started
2025-09-04 12:51:30,651 - INFO - Have successfully started logging for id=4
2025-09-04 12:51:30,652 - INFO - Have successfully started logging for id=5
2025-09-04 12:51:30,654 - INFO - Have successfully started logging for id=6
2025-09-04 12:51:30,743 - INFO - Position manager data flow is normal
2025-09-04 12:51:32,743 - INFO - Current position: (0.016, 0.056, 0.014, 90.4°)
2025-09-04 12:51:32,743 - INFO - Using absolute coordinate system, ignoring takeoff position offset
2025-09-04 12:51:33,743 - INFO - Pre-flight stabilization to first waypoint: (0.000, 0.000, 0.300)
2025-09-04 12:51:33,894 - INFO - Waypoint1: absolute coordinates(0.000, 0.000, 0.300, yaw=90.0°)
2025-09-04 12:51:33,894 - INFO - Flying to coordinate: (0.000, 0.000, 0.300)
2025-09-04 12:51:35,004 - INFO - Approaching target (error=0.133m), entering stabilization phase
2025-09-04 12:51:35,694 - INFO - Reached waypoint (error=0.058m, stable_count=30)
2025-09-04 12:51:36,294 - INFO - Waypoint2: absolute coordinates(0.000, 0.000, 0.600, yaw=90.0°)
2025-09-04 12:51:36,294 - INFO - Flying to coordinate: (0.000, 0.000, 0.600)
2025-09-04 12:51:36,704 - INFO - Approaching target (error=0.149m), entering stabilization phase
2025-09-04 12:51:37,194 - INFO - Reached waypoint (error=0.032m, stable_count=30)
2025-09-04 12:51:37,794 - INFO - Waypoint3: absolute coordinates(0.000, 0.000, 0.900, yaw=90.0°)
2025-09-04 12:51:37,795 - INFO - Flying to coordinate: (0.000, 0.000, 0.900)
2025-09-04 12:51:38,105 - INFO - Approaching target (error=0.149m), entering stabilization phase
2025-09-04 12:51:38,595 - INFO - Reached waypoint (error=0.054m, stable_count=30)
2025-09-04 12:51:39,195 - INFO - Waypoint4: absolute coordinates(0.000, 0.000, 0.600, yaw=90.0°)
2025-09-04 12:51:39,195 - INFO - Flying to coordinate: (0.000, 0.000, 0.600)
2025-09-04 12:51:40,155 - INFO - Approaching target (error=0.148m), entering stabilization phase
2025-09-04 12:51:41,495 - INFO - Reached waypoint (error=0.044m, stable_count=30)
2025-09-04 12:51:42,095 - INFO - Waypoint5: absolute coordinates(0.000, 0.000, 0.300, yaw=90.0°)
2025-09-04 12:51:42,096 - INFO - Flying to coordinate: (0.000, 0.000, 0.300)
2025-09-04 12:51:42,946 - INFO - Approaching target (error=0.148m), entering stabilization phase
2025-09-04 12:51:43,496 - INFO - Reached waypoint (error=0.026m, stable_count=30)
2025-09-04 12:51:44,096 - INFO - Returning to origin and landing...
2025-09-04 12:51:44,096 - INFO - Flying to coordinate: (0.000, 0.000, 0.200)
2025-09-04 12:51:44,096 - INFO - Approaching target (error=0.056m), entering stabilization phase
2025-09-04 12:51:44,396 - INFO - Reached waypoint (error=0.025m, stable_count=30)
2025-09-04 12:51:44,396 - INFO - Landing...
2025-09-04 12:51:44,397 - INFO - Landing complete
2025-09-04 12:51:44,403 - INFO - Have successfully stopped logging for id=6
2025-09-04 12:51:44,498 - INFO - Position manager stopped
2025-09-04 12:51:44,500 - INFO - Flight mission complete
2025-09-04 12:51:44,500 - INFO - Stopping data collector...
2025-09-04 12:51:44,502 - INFO - Collection complete - stats: {'created': 1386, 'complete': 1385, 'merged': 0, 'dropped': 1}
2025-09-04 12:51:44,510 - INFO - Have successfully stopped logging for id=4
2025-09-04 12:51:44,511 - INFO - Have successfully stopped logging for id=5
2025-09-04 12:51:44,549 - INFO - Data saved: training_data/vertical_small_20250904_125144.json
2025-09-04 12:51:44,549 - INFO - States: 1385, Commands: 815, Duration: 13.9s
2025-09-04 12:51:44,550 - INFO - Successfully saved 1385 state data points
2025-09-04 12:51:44,550 - INFO - Successfully saved 815 control commands
2025-09-04 12:51:44,550 - INFO - Closing link
2025-09-04 12:51:44,551 - INFO - Callback->Disconnected from [radio://0/80/2M/E7E7E7E7E6]
