2025-09-04 13:50:35,392 - INFO - === Fixed continuous data collector ===
2025-09-04 13:50:35,392 - INFO - Mission: vertical_med
2025-09-04 13:50:35,392 - INFO - Waypoints (absolute coordinates): [(0, 0, 0.4), (0, 0, 0.8), (0, 0, 0.4)]
2025-09-04 13:50:35,393 - INFO - Callback->Connection initialized[radio://0/80/2M/E7E7E7E7E6]
2025-09-04 13:50:35,643 - INFO - We are connected[radio://0/80/2M/E7E7E7E7E6], request connection setup
2025-09-04 13:50:35,643 - INFO - Request _request_protocol_version()
2025-09-04 13:50:35,645 - INFO - Callback->Connected to [radio://0/80/2M/E7E7E7E7E6]
2025-09-04 13:50:35,649 - INFO - _crt_service_callback
2025-09-04 13:50:35,649 - INFO - Request protocol version
2025-09-04 13:50:35,653 - INFO - _platform_callback
2025-09-04 13:50:35,653 - INFO - Protocol version (platform): 9
2025-09-04 13:50:35,663 - INFO - TOC for port [5] found in cache
2025-09-04 13:50:35,663 - INFO - Log TOC finished updating
2025-09-04 13:50:35,666 - INFO - 6 memories found
2025-09-04 13:50:35,752 - INFO - Memories finished updating
2025-09-04 13:50:35,757 - INFO - TOC for port [2] found in cache
2025-09-04 13:50:36,327 - INFO - Param TOC finished updating
2025-09-04 13:50:36,327 - INFO - Callback->Connection setup finished [radio://0/80/2M/E7E7E7E7E6]
2025-09-04 13:50:36,328 - INFO - Connected: radio://0/80/2M/E7E7E7E7E6
2025-09-04 13:50:36,337 - INFO - Have successfully started logging for id=1
2025-09-04 13:50:36,437 - INFO - Battery: 4.03V (safe)
2025-09-04 13:50:36,438 - INFO - Battery check passed: 4.03V
2025-09-04 13:50:36,438 - INFO - Initializing position estimator to origin...
2025-09-04 13:50:36,442 - INFO - Have successfully stopped logging for id=1
2025-09-04 13:50:36,442 - INFO - Have successfully deleted id=1
2025-09-04 13:50:37,755 - INFO - All parameters updated
2025-09-04 13:50:37,755 - INFO - Callback->Connection completed [radio://0/80/2M/E7E7E7E7E6]
2025-09-04 13:50:37,865 - INFO - Have successfully started logging for id=2
2025-09-04 13:50:44,362 - INFO - Waiting for position estimator...
2025-09-04 13:50:44,364 - INFO - Have successfully stopped logging for id=2
2025-09-04 13:50:44,365 - INFO - Have successfully deleted id=2
2025-09-04 13:50:44,372 - INFO - Have successfully started logging for id=3
2025-09-04 13:50:45,370 - INFO - Position estimator ready
2025-09-04 13:50:45,372 - INFO - Controller parameters optimized
2025-09-04 13:50:45,376 - INFO - Have successfully stopped logging for id=3
2025-09-04 13:50:45,377 - INFO - Have successfully deleted id=3
2025-09-04 13:51:02,883 - INFO - Start collection (slot:10ms)
2025-09-04 13:51:02,885 - INFO - Data collector started
2025-09-04 13:51:02,886 - INFO - Position manager started
2025-09-04 13:51:02,898 - INFO - Have successfully started logging for id=4
2025-09-04 13:51:02,899 - INFO - Have successfully started logging for id=5
2025-09-04 13:51:02,900 - INFO - Have successfully started logging for id=6
2025-09-04 13:51:02,986 - INFO - Position manager data flow is normal
2025-09-04 13:51:04,986 - INFO - Current position: (0.020, 0.049, 0.011, 90.0째)
2025-09-04 13:51:04,986 - INFO - Using absolute coordinate system, ignoring takeoff position offset
2025-09-04 13:51:05,987 - INFO - Pre-flight stabilization to first waypoint: (0.000, 0.000, 0.400)
2025-09-04 13:51:06,137 - INFO - Waypoint1: absolute coordinates(0.000, 0.000, 0.400, yaw=90.0째)
2025-09-04 13:51:06,137 - INFO - Flying to coordinate: (0.000, 0.000, 0.400)
2025-09-04 13:51:07,207 - INFO - Approaching target (error=0.143m), entering stabilization phase
2025-09-04 13:51:07,797 - INFO - Reached waypoint (error=0.059m, stable_count=30)
2025-09-04 13:51:08,397 - INFO - Waypoint2: absolute coordinates(0.000, 0.000, 0.800, yaw=90.0째)
2025-09-04 13:51:08,397 - INFO - Flying to coordinate: (0.000, 0.000, 0.800)
2025-09-04 13:51:08,947 - INFO - Approaching target (error=0.132m), entering stabilization phase
2025-09-04 13:51:09,437 - INFO - Reached waypoint (error=0.063m, stable_count=30)
2025-09-04 13:51:10,038 - INFO - Waypoint3: absolute coordinates(0.000, 0.000, 0.400, yaw=90.0째)
2025-09-04 13:51:10,038 - INFO - Flying to coordinate: (0.000, 0.000, 0.400)
2025-09-04 13:51:11,048 - INFO - Approaching target (error=0.147m), entering stabilization phase
2025-09-04 13:51:11,738 - INFO - Reached waypoint (error=0.047m, stable_count=30)
2025-09-04 13:51:12,340 - INFO - Returning to origin and landing...
2025-09-04 13:51:12,340 - INFO - Flying to coordinate: (0.000, 0.000, 0.200)
2025-09-04 13:51:12,800 - INFO - Approaching target (error=0.131m), entering stabilization phase
2025-09-04 13:51:13,490 - INFO - Reached waypoint (error=0.048m, stable_count=30)
2025-09-04 13:51:13,490 - INFO - Landing...
2025-09-04 13:51:13,492 - INFO - Landing complete
2025-09-04 13:51:13,497 - INFO - Have successfully stopped logging for id=6
2025-09-04 13:51:13,594 - INFO - Position manager stopped
2025-09-04 13:51:13,595 - INFO - Flight mission complete
2025-09-04 13:51:13,595 - INFO - Stopping data collector...
2025-09-04 13:51:13,598 - INFO - Collection complete - stats: {'created': 1070, 'complete': 1070, 'merged': 0, 'dropped': 0}
2025-09-04 13:51:13,608 - INFO - Have successfully stopped logging for id=4
2025-09-04 13:51:13,611 - INFO - Have successfully stopped logging for id=5
2025-09-04 13:51:13,635 - INFO - Data saved: training_data/vertical_med_20250904_135113.json
2025-09-04 13:51:13,635 - INFO - States: 1070, Commands: 601, Duration: 10.7s
2025-09-04 13:51:13,635 - INFO - Successfully saved 1070 state data points
2025-09-04 13:51:13,635 - INFO - Successfully saved 601 control commands
2025-09-04 13:51:13,635 - INFO - Closing link
2025-09-04 13:51:13,636 - INFO - Callback->Disconnected from [radio://0/80/2M/E7E7E7E7E6]
