2025-09-04 14:27:03,545 - INFO - === Fixed continuous data collector ===
2025-09-04 14:27:03,545 - INFO - Mission: vertical_med
2025-09-04 14:27:03,545 - INFO - Waypoints (absolute coordinates): [(0, 0, 0.4), (0, 0, 0.8), (0, 0, 0.4)]
2025-09-04 14:27:03,546 - INFO - Callback->Connection initialized[radio://0/80/2M/E7E7E7E7E6]
2025-09-04 14:27:03,796 - INFO - We are connected[radio://0/80/2M/E7E7E7E7E6], request connection setup
2025-09-04 14:27:03,797 - INFO - Request _request_protocol_version()
2025-09-04 14:27:03,798 - INFO - Callback->Connected to [radio://0/80/2M/E7E7E7E7E6]
2025-09-04 14:27:03,803 - INFO - _crt_service_callback
2025-09-04 14:27:03,803 - INFO - Request protocol version
2025-09-04 14:27:03,811 - INFO - _platform_callback
2025-09-04 14:27:03,811 - INFO - Protocol version (platform): 9
2025-09-04 14:27:03,820 - INFO - TOC for port [5] found in cache
2025-09-04 14:27:03,820 - INFO - Log TOC finished updating
2025-09-04 14:27:03,824 - INFO - 6 memories found
2025-09-04 14:27:03,906 - INFO - Memories finished updating
2025-09-04 14:27:03,913 - INFO - TOC for port [2] found in cache
2025-09-04 14:27:04,529 - INFO - Param TOC finished updating
2025-09-04 14:27:04,529 - INFO - Callback->Connection setup finished [radio://0/80/2M/E7E7E7E7E6]
2025-09-04 14:27:04,530 - INFO - Connected: radio://0/80/2M/E7E7E7E7E6
2025-09-04 14:27:04,547 - INFO - Have successfully started logging for id=1
2025-09-04 14:27:04,642 - INFO - Battery: 3.79V (low)
2025-09-04 14:27:04,643 - ERROR - Battery voltage too low: 3.79V < 3.8V
2025-09-04 14:27:04,643 - INFO - Closing link
2025-09-04 14:27:04,648 - INFO - Callback->Disconnected from [radio://0/80/2M/E7E7E7E7E6]
