2025-09-05 15:49:36,057 - INFO - === Fixed continuous data collector ===
2025-09-05 15:49:36,057 - INFO - Mission: triangle_small
2025-09-05 15:49:36,057 - INFO - Waypoints (absolute coordinates): [(0, 0, 0.6), (0.4, 0, 0.6), (0.2, 0.4, 0.6), (0, 0, 0.6)]
2025-09-05 15:49:36,057 - INFO - Callback->Connection initialized[radio://0/80/2M/E7E7E7E7E6]
2025-09-05 15:49:36,309 - INFO - We are connected[radio://0/80/2M/E7E7E7E7E6], request connection setup
2025-09-05 15:49:36,309 - INFO - Request _request_protocol_version()
2025-09-05 15:49:36,312 - INFO - Callback->Connected to [radio://0/80/2M/E7E7E7E7E6]
2025-09-05 15:49:36,389 - INFO - _crt_service_callback
2025-09-05 15:49:36,389 - INFO - Request protocol version
2025-09-05 15:49:36,393 - INFO - _platform_callback
2025-09-05 15:49:36,393 - INFO - Protocol version (platform): 9
2025-09-05 15:49:36,404 - INFO - TOC for port [5] found in cache
2025-09-05 15:49:36,404 - INFO - Log TOC finished updating
2025-09-05 15:49:36,407 - INFO - 6 memories found
2025-09-05 15:49:36,490 - INFO - Memories finished updating
2025-09-05 15:49:36,496 - INFO - TOC for port [2] found in cache
2025-09-05 15:49:36,972 - INFO - Param TOC finished updating
2025-09-05 15:49:36,972 - INFO - Callback->Connection setup finished [radio://0/80/2M/E7E7E7E7E6]
2025-09-05 15:49:36,973 - INFO - Connected: radio://0/80/2M/E7E7E7E7E6
2025-09-05 15:49:36,984 - INFO - Have successfully started logging for id=1
2025-09-05 15:49:37,083 - INFO - Battery: 4.14V (safe)
2025-09-05 15:49:37,084 - INFO - Battery check passed: 4.14V
2025-09-05 15:49:37,084 - INFO - Initializing position estimator to origin...
2025-09-05 15:49:37,086 - INFO - Have successfully stopped logging for id=1
2025-09-05 15:49:37,087 - INFO - Have successfully deleted id=1
2025-09-05 15:49:38,122 - INFO - All parameters updated
2025-09-05 15:49:38,122 - INFO - Callback->Connection completed [radio://0/80/2M/E7E7E7E7E6]
2025-09-05 15:49:38,232 - INFO - Have successfully started logging for id=2
2025-09-05 15:49:45,225 - INFO - Waiting for position estimator...
2025-09-05 15:49:45,229 - INFO - Have successfully stopped logging for id=2
2025-09-05 15:49:45,229 - INFO - Have successfully deleted id=2
2025-09-05 15:49:45,235 - INFO - Have successfully started logging for id=3
2025-09-05 15:49:46,234 - INFO - Position estimator ready
2025-09-05 15:49:46,235 - INFO - Controller parameters optimized
2025-09-05 15:49:46,239 - INFO - Have successfully stopped logging for id=3
2025-09-05 15:49:46,239 - INFO - Have successfully deleted id=3
2025-09-05 15:49:52,276 - INFO - Start collection (slot:10ms)
2025-09-05 15:49:52,277 - INFO - Data collector started
2025-09-05 15:49:52,278 - INFO - Position manager started
2025-09-05 15:49:52,286 - INFO - Have successfully started logging for id=4
2025-09-05 15:49:52,287 - INFO - Have successfully started logging for id=5
2025-09-05 15:49:52,288 - INFO - Have successfully started logging for id=6
2025-09-05 15:49:52,378 - INFO - Position manager data flow is normal
2025-09-05 15:49:54,378 - INFO - Current position: (-0.017, 0.016, -0.016, 90.1°)
2025-09-05 15:49:54,378 - INFO - Using absolute coordinate system, ignoring takeoff position offset
2025-09-05 15:49:55,378 - INFO - Pre-flight stabilization to first waypoint: (0.000, 0.000, 0.600)
2025-09-05 15:49:55,528 - INFO - Waypoint1: absolute coordinates(0.000, 0.000, 0.600, yaw=90.0°)
2025-09-05 15:49:55,528 - INFO - Flying to coordinate: (0.000, 0.000, 0.600)
2025-09-05 15:49:56,539 - INFO - Approaching target (error=0.142m), entering stabilization phase
2025-09-05 15:49:57,079 - INFO - Reached waypoint (error=0.038m, stable_count=30)
2025-09-05 15:49:57,679 - INFO - Waypoint2: absolute coordinates(0.400, 0.000, 0.600, yaw=90.0°)
2025-09-05 15:49:57,679 - INFO - Flying to coordinate: (0.400, 0.000, 0.600)
2025-09-05 15:49:58,389 - INFO - Approaching target (error=0.142m), entering stabilization phase
2025-09-05 15:50:01,229 - INFO - Reached waypoint (error=0.063m, stable_count=30)
2025-09-05 15:50:01,831 - INFO - Waypoint3: absolute coordinates(0.200, 0.400, 0.600, yaw=90.0°)
2025-09-05 15:50:01,832 - INFO - Flying to coordinate: (0.200, 0.400, 0.600)
2025-09-05 15:50:02,482 - INFO - Approaching target (error=0.139m), entering stabilization phase
2025-09-05 15:50:02,922 - INFO - Reached waypoint (error=0.058m, stable_count=30)
2025-09-05 15:50:03,522 - INFO - Waypoint4: absolute coordinates(0.000, 0.000, 0.600, yaw=90.0°)
2025-09-05 15:50:03,522 - INFO - Flying to coordinate: (0.000, 0.000, 0.600)
2025-09-05 15:50:04,282 - INFO - Approaching target (error=0.144m), entering stabilization phase
2025-09-05 15:50:05,672 - INFO - Reached waypoint (error=0.056m, stable_count=30)
2025-09-05 15:50:06,273 - INFO - Returning to origin and landing...
2025-09-05 15:50:06,273 - INFO - Flying to coordinate: (0.000, 0.000, 0.200)
2025-09-05 15:50:07,034 - INFO - Approaching target (error=0.141m), entering stabilization phase
2025-09-05 15:50:09,056 - WARNING - Control timing drift detected - resyncing
2025-09-05 15:50:09,298 - INFO - Reached waypoint (error=0.075m, stable_count=30)
2025-09-05 15:50:09,298 - INFO - Landing...
2025-09-05 15:50:09,299 - INFO - Landing complete
2025-09-05 15:50:09,305 - INFO - Have successfully stopped logging for id=6
2025-09-05 15:50:09,401 - INFO - Position manager stopped
2025-09-05 15:50:09,403 - INFO - Flight mission complete
2025-09-05 15:50:09,403 - INFO - Stopping data collector...
2025-09-05 15:50:09,404 - INFO - Collection complete - stats: {'created': 1713, 'complete': 1712, 'merged': 0, 'dropped': 1}
2025-09-05 15:50:09,412 - INFO - Have successfully stopped logging for id=4
2025-09-05 15:50:09,415 - INFO - Have successfully stopped logging for id=5
2025-09-05 15:50:09,464 - INFO - Data saved: training_data/triangle_small_20250905_155009.json
2025-09-05 15:50:09,464 - INFO - States: 1712, Commands: 1191, Duration: 17.1s
2025-09-05 15:50:09,464 - INFO - Successfully saved 1712 state data points
2025-09-05 15:50:09,464 - INFO - Successfully saved 1191 control commands
2025-09-05 15:50:09,464 - INFO - Closing link
2025-09-05 15:50:09,465 - INFO - Callback->Disconnected from [radio://0/80/2M/E7E7E7E7E6]
