2025-09-04 15:47:39,758 - INFO - === Fixed continuous data collector ===
2025-09-04 15:47:39,758 - INFO - Mission: vertical_large
2025-09-04 15:47:39,758 - INFO - Waypoints (absolute coordinates): [(0, 0, 0.5), (0, 0, 1.0), (0, 0, 0.5)]
2025-09-04 15:47:39,758 - INFO - Callback->Connection initialized[radio://0/80/2M/E7E7E7E7E6]
2025-09-04 15:47:40,010 - INFO - We are connected[radio://0/80/2M/E7E7E7E7E6], request connection setup
2025-09-04 15:47:40,010 - INFO - Request _request_protocol_version()
2025-09-04 15:47:40,013 - INFO - Callback->Connected to [radio://0/80/2M/E7E7E7E7E6]
2025-09-04 15:47:40,017 - INFO - _crt_service_callback
2025-09-04 15:47:40,018 - INFO - Request protocol version
2025-09-04 15:47:40,022 - INFO - _platform_callback
2025-09-04 15:47:40,022 - INFO - Protocol version (platform): 9
2025-09-04 15:47:40,033 - INFO - TOC for port [5] found in cache
2025-09-04 15:47:40,033 - INFO - Log TOC finished updating
2025-09-04 15:47:40,036 - INFO - 6 memories found
2025-09-04 15:47:40,113 - INFO - Memories finished updating
2025-09-04 15:47:40,119 - INFO - TOC for port [2] found in cache
2025-09-04 15:47:40,562 - INFO - Param TOC finished updating
2025-09-04 15:47:40,562 - INFO - Callback->Connection setup finished [radio://0/80/2M/E7E7E7E7E6]
2025-09-04 15:47:40,563 - INFO - Connected: radio://0/80/2M/E7E7E7E7E6
2025-09-04 15:47:40,572 - INFO - Have successfully started logging for id=1
2025-09-04 15:47:40,672 - INFO - Battery: 3.86V (safe)
2025-09-04 15:47:40,673 - INFO - Battery check passed: 3.86V
2025-09-04 15:47:40,673 - INFO - Initializing position estimator to origin...
2025-09-04 15:47:40,675 - INFO - Have successfully stopped logging for id=1
2025-09-04 15:47:40,676 - INFO - Have successfully deleted id=1
2025-09-04 15:47:41,939 - INFO - All parameters updated
2025-09-04 15:47:41,939 - INFO - Callback->Connection completed [radio://0/80/2M/E7E7E7E7E6]
2025-09-04 15:47:42,050 - INFO - Have successfully started logging for id=2
2025-09-04 15:47:48,545 - INFO - Waiting for position estimator...
2025-09-04 15:47:48,549 - INFO - Have successfully stopped logging for id=2
2025-09-04 15:47:48,550 - INFO - Have successfully deleted id=2
2025-09-04 15:47:48,553 - INFO - Have successfully started logging for id=3
2025-09-04 15:47:49,553 - INFO - Position estimator ready
2025-09-04 15:47:49,554 - INFO - Controller parameters optimized
2025-09-04 15:47:49,558 - INFO - Have successfully stopped logging for id=3
2025-09-04 15:47:49,559 - INFO - Have successfully deleted id=3
2025-09-04 15:47:56,576 - INFO - Start collection (slot:10ms)
2025-09-04 15:47:56,577 - INFO - Data collector started
2025-09-04 15:47:56,578 - INFO - Position manager started
2025-09-04 15:47:56,588 - INFO - Have successfully started logging for id=4
2025-09-04 15:47:56,589 - INFO - Have successfully started logging for id=5
2025-09-04 15:47:56,591 - INFO - Have successfully started logging for id=6
2025-09-04 15:47:56,678 - INFO - Position manager data flow is normal
2025-09-04 15:47:58,678 - INFO - Current position: (0.025, 0.036, 0.010, 89.7°)
2025-09-04 15:47:58,678 - INFO - Using absolute coordinate system, ignoring takeoff position offset
2025-09-04 15:47:59,679 - INFO - Pre-flight stabilization to first waypoint: (0.000, 0.000, 0.500)
2025-09-04 15:47:59,830 - INFO - Waypoint1: absolute coordinates(0.000, 0.000, 0.500, yaw=90.0°)
2025-09-04 15:47:59,830 - INFO - Flying to coordinate: (0.000, 0.000, 0.500)
2025-09-04 15:48:06,603 - INFO - Have successfully stopped logging for id=6
2025-09-04 15:48:06,699 - INFO - Position manager stopped
2025-09-04 15:48:06,701 - INFO - Stopping data collector...
2025-09-04 15:48:06,703 - INFO - Collection complete - stats: {'created': 1012, 'complete': 1012, 'merged': 0, 'dropped': 0}
2025-09-04 15:48:06,708 - INFO - Have successfully stopped logging for id=4
2025-09-04 15:48:06,711 - INFO - Have successfully stopped logging for id=5
2025-09-04 15:48:06,739 - INFO - Data saved: training_data/vertical_large_20250904_154806.json
2025-09-04 15:48:06,739 - INFO - States: 1012, Commands: 693, Duration: 10.1s
2025-09-04 15:48:06,739 - INFO - Successfully saved 1012 state data points
2025-09-04 15:48:06,739 - INFO - Successfully saved 693 control commands
2025-09-04 15:48:06,739 - INFO - Closing link
2025-09-04 15:48:06,740 - INFO - Callback->Disconnected from [radio://0/80/2M/E7E7E7E7E6]
2025-09-04 15:48:06,806 - INFO - User interrupted
