2025-09-05 17:11:13,672 - INFO - === Fixed continuous data collector ===
2025-09-05 17:11:13,672 - INFO - Mission: triangle_large
2025-09-05 17:11:13,672 - INFO - Waypoints (absolute coordinates): [(0, 0, 0.6), (0.8, 0, 0.6), (0.4, 0.6, 0.6), (0, 0, 0.6)]
2025-09-05 17:11:13,673 - INFO - Callback->Connection initialized[radio://0/80/2M/E7E7E7E7E6]
2025-09-05 17:11:13,923 - INFO - We are connected[radio://0/80/2M/E7E7E7E7E6], request connection setup
2025-09-05 17:11:13,923 - INFO - Request _request_protocol_version()
2025-09-05 17:11:13,927 - INFO - Callback->Connected to [radio://0/80/2M/E7E7E7E7E6]
2025-09-05 17:11:14,001 - INFO - _crt_service_callback
2025-09-05 17:11:14,001 - INFO - Request protocol version
2025-09-05 17:11:14,004 - INFO - _platform_callback
2025-09-05 17:11:14,004 - INFO - Protocol version (platform): 9
2025-09-05 17:11:14,014 - INFO - TOC for port [5] found in cache
2025-09-05 17:11:14,014 - INFO - Log TOC finished updating
2025-09-05 17:11:14,017 - INFO - 6 memories found
2025-09-05 17:11:14,091 - INFO - Memories finished updating
2025-09-05 17:11:14,096 - INFO - TOC for port [2] found in cache
2025-09-05 17:11:14,506 - INFO - Param TOC finished updating
2025-09-05 17:11:14,507 - INFO - Callback->Connection setup finished [radio://0/80/2M/E7E7E7E7E6]
2025-09-05 17:11:14,508 - INFO - Connected: radio://0/80/2M/E7E7E7E7E6
2025-09-05 17:11:14,516 - INFO - Have successfully started logging for id=1
2025-09-05 17:11:14,615 - INFO - Battery: 4.13V (safe)
2025-09-05 17:11:14,616 - INFO - Battery check passed: 4.13V
2025-09-05 17:11:14,616 - INFO - Initializing position estimator to origin...
2025-09-05 17:11:14,620 - INFO - Have successfully stopped logging for id=1
2025-09-05 17:11:14,620 - INFO - Have successfully deleted id=1
2025-09-05 17:11:15,577 - INFO - All parameters updated
2025-09-05 17:11:15,578 - INFO - Callback->Connection completed [radio://0/80/2M/E7E7E7E7E6]
2025-09-05 17:11:15,685 - INFO - Have successfully started logging for id=2
2025-09-05 17:11:22,180 - INFO - Waiting for position estimator...
2025-09-05 17:11:22,182 - INFO - Have successfully stopped logging for id=2
2025-09-05 17:11:22,183 - INFO - Have successfully deleted id=2
2025-09-05 17:11:22,188 - INFO - Have successfully started logging for id=3
2025-09-05 17:11:23,188 - INFO - Position estimator ready
2025-09-05 17:11:23,189 - INFO - Controller parameters optimized
2025-09-05 17:11:23,191 - INFO - Have successfully stopped logging for id=3
2025-09-05 17:11:23,192 - INFO - Have successfully deleted id=3
2025-09-05 17:11:25,149 - INFO - Start collection (slot:10ms)
2025-09-05 17:11:25,150 - INFO - Data collector started
2025-09-05 17:11:25,151 - INFO - Position manager started
2025-09-05 17:11:25,157 - INFO - Have successfully started logging for id=4
2025-09-05 17:11:25,159 - INFO - Have successfully started logging for id=5
2025-09-05 17:11:25,160 - INFO - Have successfully started logging for id=6
2025-09-05 17:11:25,251 - INFO - Position manager data flow is normal
2025-09-05 17:11:27,252 - INFO - Current position: (-0.024, -0.002, 0.005, 89.7°)
2025-09-05 17:11:27,252 - INFO - Using absolute coordinate system, ignoring takeoff position offset
2025-09-05 17:11:28,252 - INFO - Pre-flight stabilization to first waypoint: (0.000, 0.000, 0.600)
2025-09-05 17:11:28,402 - INFO - Waypoint1: absolute coordinates(0.000, 0.000, 0.600, yaw=90.0°)
2025-09-05 17:11:28,402 - INFO - Flying to coordinate: (0.000, 0.000, 0.600)
2025-09-05 17:11:29,412 - INFO - Approaching target (error=0.126m), entering stabilization phase
2025-09-05 17:11:29,852 - INFO - Reached waypoint (error=0.034m, stable_count=30)
2025-09-05 17:11:30,452 - INFO - Waypoint2: absolute coordinates(0.800, 0.000, 0.600, yaw=90.0°)
2025-09-05 17:11:30,452 - INFO - Flying to coordinate: (0.800, 0.000, 0.600)
2025-09-05 17:11:31,663 - INFO - Approaching target (error=0.147m), entering stabilization phase
2025-09-05 17:11:33,303 - INFO - Reached waypoint (error=0.032m, stable_count=30)
2025-09-05 17:11:33,903 - INFO - Waypoint3: absolute coordinates(0.400, 0.600, 0.600, yaw=90.0°)
2025-09-05 17:11:33,903 - INFO - Flying to coordinate: (0.400, 0.600, 0.600)
2025-09-05 17:11:34,713 - INFO - Approaching target (error=0.123m), entering stabilization phase
2025-09-05 17:11:36,493 - INFO - Reached waypoint (error=0.049m, stable_count=30)
2025-09-05 17:11:37,093 - INFO - Waypoint4: absolute coordinates(0.000, 0.000, 0.600, yaw=90.0°)
2025-09-05 17:11:37,093 - INFO - Flying to coordinate: (0.000, 0.000, 0.600)
2025-09-05 17:11:39,054 - INFO - Approaching target (error=0.147m), entering stabilization phase
2025-09-05 17:11:39,544 - INFO - Reached waypoint (error=0.036m, stable_count=30)
2025-09-05 17:11:40,144 - INFO - Returning to origin and landing...
2025-09-05 17:11:40,144 - INFO - Flying to coordinate: (0.000, 0.000, 0.200)
2025-09-05 17:11:41,004 - INFO - Approaching target (error=0.142m), entering stabilization phase
2025-09-05 17:11:44,144 - INFO - Reached waypoint (error=0.047m, stable_count=30)
2025-09-05 17:11:44,144 - INFO - Landing...
2025-09-05 17:11:44,144 - INFO - Landing complete
2025-09-05 17:11:44,148 - INFO - Have successfully stopped logging for id=6
2025-09-05 17:11:44,245 - INFO - Position manager stopped
2025-09-05 17:11:44,247 - INFO - Flight mission complete
2025-09-05 17:11:44,247 - INFO - Stopping data collector...
2025-09-05 17:11:44,248 - INFO - Collection complete - stats: {'created': 1910, 'complete': 1910, 'merged': 0, 'dropped': 0}
2025-09-05 17:11:44,257 - INFO - Have successfully stopped logging for id=4
2025-09-05 17:11:44,259 - INFO - Have successfully stopped logging for id=5
2025-09-05 17:11:44,315 - INFO - Data saved: training_data/triangle_large_20250905_171144.json
2025-09-05 17:11:44,315 - INFO - States: 1910, Commands: 1389, Duration: 19.1s
2025-09-05 17:11:44,316 - INFO - Successfully saved 1910 state data points
2025-09-05 17:11:44,316 - INFO - Successfully saved 1389 control commands
2025-09-05 17:11:44,316 - INFO - Closing link
2025-09-05 17:11:44,317 - INFO - Callback->Disconnected from [radio://0/80/2M/E7E7E7E7E6]
