2025-09-05 13:33:51,576 - INFO - === Fixed continuous data collector ===
2025-09-05 13:33:51,577 - INFO - Mission: square_med
2025-09-05 13:33:51,577 - INFO - Waypoints (absolute coordinates): [(0, 0, 0.4), (0.5, 0, 0.4), (0.5, 0.5, 0.4), (0, 0.5, 0.4), (0, 0, 0.4)]
2025-09-05 13:33:51,577 - INFO - Callback->Connection initialized[radio://0/80/2M/E7E7E7E7E6]
2025-09-05 13:33:51,829 - INFO - We are connected[radio://0/80/2M/E7E7E7E7E6], request connection setup
2025-09-05 13:33:51,829 - INFO - Request _request_protocol_version()
2025-09-05 13:33:51,831 - INFO - Callback->Connected to [radio://0/80/2M/E7E7E7E7E6]
2025-09-05 13:33:51,835 - INFO - _crt_service_callback
2025-09-05 13:33:51,835 - INFO - Request protocol version
2025-09-05 13:33:51,838 - INFO - _platform_callback
2025-09-05 13:33:51,838 - INFO - Protocol version (platform): 9
2025-09-05 13:33:51,851 - INFO - TOC for port [5] found in cache
2025-09-05 13:33:51,851 - INFO - Log TOC finished updating
2025-09-05 13:33:51,857 - INFO - 6 memories found
2025-09-05 13:33:51,931 - INFO - Memories finished updating
2025-09-05 13:33:51,936 - INFO - TOC for port [2] found in cache
2025-09-05 13:33:52,425 - INFO - Param TOC finished updating
2025-09-05 13:33:52,425 - INFO - Callback->Connection setup finished [radio://0/80/2M/E7E7E7E7E6]
2025-09-05 13:33:52,426 - INFO - Connected: radio://0/80/2M/E7E7E7E7E6
2025-09-05 13:33:52,437 - INFO - Have successfully started logging for id=1
2025-09-05 13:33:52,535 - INFO - Battery: 3.94V (safe)
2025-09-05 13:33:52,536 - INFO - Battery check passed: 3.94V
2025-09-05 13:33:52,536 - INFO - Initializing position estimator to origin...
2025-09-05 13:33:52,539 - INFO - Have successfully stopped logging for id=1
2025-09-05 13:33:52,541 - INFO - Have successfully deleted id=1
2025-09-05 13:33:53,624 - INFO - All parameters updated
2025-09-05 13:33:53,624 - INFO - Callback->Connection completed [radio://0/80/2M/E7E7E7E7E6]
2025-09-05 13:33:53,735 - INFO - Have successfully started logging for id=2
2025-09-05 13:34:00,229 - INFO - Waiting for position estimator...
2025-09-05 13:34:00,233 - INFO - Have successfully stopped logging for id=2
2025-09-05 13:34:00,234 - INFO - Have successfully deleted id=2
2025-09-05 13:34:00,239 - INFO - Have successfully started logging for id=3
2025-09-05 13:34:01,237 - INFO - Position estimator ready
2025-09-05 13:34:01,238 - INFO - Controller parameters optimized
2025-09-05 13:34:01,242 - INFO - Have successfully stopped logging for id=3
2025-09-05 13:34:01,243 - INFO - Have successfully deleted id=3
2025-09-05 13:34:11,400 - INFO - Start collection (slot:10ms)
2025-09-05 13:34:11,401 - INFO - Data collector started
2025-09-05 13:34:11,402 - INFO - Position manager started
2025-09-05 13:34:11,410 - INFO - Have successfully started logging for id=4
2025-09-05 13:34:11,411 - INFO - Have successfully started logging for id=5
2025-09-05 13:34:11,415 - INFO - Have successfully started logging for id=6
2025-09-05 13:34:11,502 - INFO - Position manager data flow is normal
2025-09-05 13:34:13,502 - INFO - Current position: (0.000, 0.021, -0.029, 90.1°)
2025-09-05 13:34:13,502 - INFO - Using absolute coordinate system, ignoring takeoff position offset
2025-09-05 13:34:14,502 - INFO - Pre-flight stabilization to first waypoint: (0.000, 0.000, 0.400)
2025-09-05 13:34:14,654 - INFO - Waypoint1: absolute coordinates(0.000, 0.000, 0.400, yaw=90.0°)
2025-09-05 13:34:14,654 - INFO - Flying to coordinate: (0.000, 0.000, 0.400)
2025-09-05 13:34:15,614 - INFO - Approaching target (error=0.147m), entering stabilization phase
2025-09-05 13:34:16,154 - INFO - Reached waypoint (error=0.044m, stable_count=30)
2025-09-05 13:34:16,754 - INFO - Waypoint2: absolute coordinates(0.500, 0.000, 0.400, yaw=90.0°)
2025-09-05 13:34:16,754 - INFO - Flying to coordinate: (0.500, 0.000, 0.400)
2025-09-05 13:34:17,514 - INFO - Approaching target (error=0.148m), entering stabilization phase
2025-09-05 13:34:19,254 - INFO - Reached waypoint (error=0.066m, stable_count=30)
2025-09-05 13:34:19,854 - INFO - Waypoint3: absolute coordinates(0.500, 0.500, 0.400, yaw=90.0°)
2025-09-05 13:34:19,855 - INFO - Flying to coordinate: (0.500, 0.500, 0.400)
2025-09-05 13:34:20,565 - INFO - Approaching target (error=0.140m), entering stabilization phase
2025-09-05 13:34:21,545 - INFO - Reached waypoint (error=0.047m, stable_count=30)
2025-09-05 13:34:22,145 - INFO - Waypoint4: absolute coordinates(0.000, 0.500, 0.400, yaw=90.0°)
2025-09-05 13:34:22,145 - INFO - Flying to coordinate: (0.000, 0.500, 0.400)
2025-09-05 13:34:22,755 - INFO - Approaching target (error=0.134m), entering stabilization phase
2025-09-05 13:34:23,145 - INFO - Reached waypoint (error=0.036m, stable_count=30)
2025-09-05 13:34:23,747 - INFO - Waypoint5: absolute coordinates(0.000, 0.000, 0.400, yaw=90.0°)
2025-09-05 13:34:23,747 - INFO - Flying to coordinate: (0.000, 0.000, 0.400)
2025-09-05 13:34:24,517 - INFO - Approaching target (error=0.119m), entering stabilization phase
2025-09-05 13:34:24,897 - INFO - Reached waypoint (error=0.029m, stable_count=30)
2025-09-05 13:34:25,497 - INFO - Returning to origin and landing...
2025-09-05 13:34:25,497 - INFO - Flying to coordinate: (0.000, 0.000, 0.200)
2025-09-05 13:34:25,957 - INFO - Approaching target (error=0.144m), entering stabilization phase
2025-09-05 13:34:26,847 - INFO - Reached waypoint (error=0.069m, stable_count=30)
2025-09-05 13:34:26,847 - INFO - Landing...
2025-09-05 13:34:26,851 - INFO - Landing complete
2025-09-05 13:34:26,865 - INFO - Have successfully stopped logging for id=6
2025-09-05 13:34:26,952 - INFO - Position manager stopped
2025-09-05 13:34:26,955 - INFO - Flight mission complete
2025-09-05 13:34:26,955 - INFO - Stopping data collector...
2025-09-05 13:34:26,957 - INFO - Collection complete - stats: {'created': 1555, 'complete': 1555, 'merged': 0, 'dropped': 0}
2025-09-05 13:34:26,965 - INFO - Have successfully stopped logging for id=4
2025-09-05 13:34:26,966 - INFO - Have successfully stopped logging for id=5
2025-09-05 13:34:27,011 - INFO - Data saved: training_data/square_med_20250905_133426.json
2025-09-05 13:34:27,011 - INFO - States: 1555, Commands: 986, Duration: 15.6s
2025-09-05 13:34:27,012 - INFO - Successfully saved 1555 state data points
2025-09-05 13:34:27,012 - INFO - Successfully saved 986 control commands
2025-09-05 13:34:27,012 - INFO - Closing link
2025-09-05 13:34:27,012 - INFO - Callback->Disconnected from [radio://0/80/2M/E7E7E7E7E6]
