2025-09-05 17:48:25,509 - INFO - === Fixed continuous data collector ===
2025-09-05 17:48:25,509 - INFO - Mission: triangle_large
2025-09-05 17:48:25,509 - INFO - Waypoints (absolute coordinates): [(0, 0, 0.6), (0.8, 0, 0.6), (0.4, 0.6, 0.6), (0, 0, 0.6)]
2025-09-05 17:48:25,510 - INFO - Callback->Connection initialized[radio://0/80/2M/E7E7E7E7E6]
2025-09-05 17:48:25,761 - INFO - We are connected[radio://0/80/2M/E7E7E7E7E6], request connection setup
2025-09-05 17:48:25,761 - INFO - Request _request_protocol_version()
2025-09-05 17:48:25,763 - INFO - Callback->Connected to [radio://0/80/2M/E7E7E7E7E6]
2025-09-05 17:48:25,766 - INFO - _crt_service_callback
2025-09-05 17:48:25,766 - INFO - Request protocol version
2025-09-05 17:48:25,770 - INFO - _platform_callback
2025-09-05 17:48:25,770 - INFO - Protocol version (platform): 9
2025-09-05 17:48:25,780 - INFO - TOC for port [5] found in cache
2025-09-05 17:48:25,780 - INFO - Log TOC finished updating
2025-09-05 17:48:25,783 - INFO - 6 memories found
2025-09-05 17:48:25,856 - INFO - Memories finished updating
2025-09-05 17:48:25,861 - INFO - TOC for port [2] found in cache
2025-09-05 17:48:26,287 - INFO - Param TOC finished updating
2025-09-05 17:48:26,287 - INFO - Callback->Connection setup finished [radio://0/80/2M/E7E7E7E7E6]
2025-09-05 17:48:26,288 - INFO - Connected: radio://0/80/2M/E7E7E7E7E6
2025-09-05 17:48:26,295 - INFO - Have successfully started logging for id=1
2025-09-05 17:48:26,394 - INFO - Battery: 3.93V (safe)
2025-09-05 17:48:26,394 - INFO - Battery check passed: 3.93V
2025-09-05 17:48:26,394 - INFO - Initializing position estimator to origin...
2025-09-05 17:48:26,397 - INFO - Have successfully stopped logging for id=1
2025-09-05 17:48:26,398 - INFO - Have successfully deleted id=1
2025-09-05 17:48:27,343 - INFO - All parameters updated
2025-09-05 17:48:27,343 - INFO - Callback->Connection completed [radio://0/80/2M/E7E7E7E7E6]
2025-09-05 17:48:27,451 - INFO - Have successfully started logging for id=2
2025-09-05 17:48:33,946 - INFO - Waiting for position estimator...
2025-09-05 17:48:33,949 - INFO - Have successfully stopped logging for id=2
2025-09-05 17:48:33,950 - INFO - Have successfully deleted id=2
2025-09-05 17:48:33,956 - INFO - Have successfully started logging for id=3
2025-09-05 17:48:34,955 - INFO - Position estimator ready
2025-09-05 17:48:34,956 - INFO - Controller parameters optimized
2025-09-05 17:48:34,959 - INFO - Have successfully stopped logging for id=3
2025-09-05 17:48:34,959 - INFO - Have successfully deleted id=3
2025-09-05 17:48:40,750 - INFO - Start collection (slot:10ms)
2025-09-05 17:48:40,751 - INFO - Data collector started
2025-09-05 17:48:40,752 - INFO - Position manager started
2025-09-05 17:48:40,759 - INFO - Have successfully started logging for id=4
2025-09-05 17:48:40,759 - INFO - Have successfully started logging for id=5
2025-09-05 17:48:40,761 - INFO - Have successfully started logging for id=6
2025-09-05 17:48:40,853 - INFO - Position manager data flow is normal
2025-09-05 17:48:42,853 - INFO - Current position: (-0.032, 0.012, 0.031, 90.7°)
2025-09-05 17:48:42,853 - INFO - Using absolute coordinate system, ignoring takeoff position offset
2025-09-05 17:48:43,853 - INFO - Pre-flight stabilization to first waypoint: (0.000, 0.000, 0.600)
2025-09-05 17:48:44,004 - INFO - Waypoint1: absolute coordinates(0.000, 0.000, 0.600, yaw=90.0°)
2025-09-05 17:48:44,004 - INFO - Flying to coordinate: (0.000, 0.000, 0.600)
2025-09-05 17:48:45,015 - INFO - Approaching target (error=0.135m), entering stabilization phase
2025-09-05 17:48:45,505 - INFO - Reached waypoint (error=0.036m, stable_count=30)
2025-09-05 17:48:46,105 - INFO - Waypoint2: absolute coordinates(0.800, 0.000, 0.600, yaw=90.0°)
2025-09-05 17:48:46,105 - INFO - Flying to coordinate: (0.800, 0.000, 0.600)
2025-09-05 17:48:47,065 - INFO - Approaching target (error=0.141m), entering stabilization phase
2025-09-05 17:48:48,855 - INFO - Reached waypoint (error=0.066m, stable_count=30)
2025-09-05 17:48:49,455 - INFO - Waypoint3: absolute coordinates(0.400, 0.600, 0.600, yaw=90.0°)
2025-09-05 17:48:49,455 - INFO - Flying to coordinate: (0.400, 0.600, 0.600)
2025-09-05 17:48:50,256 - INFO - Approaching target (error=0.112m), entering stabilization phase
2025-09-05 17:48:51,846 - INFO - Reached waypoint (error=0.050m, stable_count=30)
2025-09-05 17:48:52,446 - INFO - Waypoint4: absolute coordinates(0.000, 0.000, 0.600, yaw=90.0°)
2025-09-05 17:48:52,446 - INFO - Flying to coordinate: (0.000, 0.000, 0.600)
2025-09-05 17:48:53,506 - INFO - Approaching target (error=0.146m), entering stabilization phase
2025-09-05 17:48:54,896 - INFO - Reached waypoint (error=0.045m, stable_count=30)
2025-09-05 17:48:55,496 - INFO - Returning to origin and landing...
2025-09-05 17:48:55,496 - INFO - Flying to coordinate: (0.000, 0.000, 0.200)
2025-09-05 17:48:56,406 - INFO - Approaching target (error=0.146m), entering stabilization phase
2025-09-05 17:48:59,186 - INFO - Reached waypoint (error=0.063m, stable_count=30)
2025-09-05 17:48:59,187 - INFO - Landing...
2025-09-05 17:48:59,187 - INFO - Landing complete
2025-09-05 17:48:59,191 - INFO - Have successfully stopped logging for id=6
2025-09-05 17:48:59,288 - INFO - Position manager stopped
2025-09-05 17:48:59,289 - INFO - Flight mission complete
2025-09-05 17:48:59,289 - INFO - Stopping data collector...
2025-09-05 17:48:59,291 - INFO - Collection complete - stats: {'created': 1854, 'complete': 1854, 'merged': 0, 'dropped': 0}
2025-09-05 17:48:59,300 - INFO - Have successfully stopped logging for id=4
2025-09-05 17:48:59,301 - INFO - Have successfully stopped logging for id=5
2025-09-05 17:48:59,356 - INFO - Data saved: training_data/triangle_large_20250905_174859.json
2025-09-05 17:48:59,356 - INFO - States: 1854, Commands: 1334, Duration: 18.5s
2025-09-05 17:48:59,356 - INFO - Successfully saved 1854 state data points
2025-09-05 17:48:59,356 - INFO - Successfully saved 1334 control commands
2025-09-05 17:48:59,356 - INFO - Closing link
2025-09-05 17:48:59,357 - INFO - Callback->Disconnected from [radio://0/80/2M/E7E7E7E7E6]
