2025-09-05 14:44:41,811 - INFO - === Fixed continuous data collector ===
2025-09-05 14:44:41,811 - INFO - Mission: square_large
2025-09-05 14:44:41,811 - INFO - Waypoints (absolute coordinates): [(0, 0, 0.5), (0.7, 0, 0.5), (0.7, 0.7, 0.5), (0, 0.7, 0.5), (0, 0, 0.5)]
2025-09-05 14:44:41,812 - INFO - Callback->Connection initialized[radio://0/80/2M/E7E7E7E7E6]
2025-09-05 14:44:42,061 - INFO - We are connected[radio://0/80/2M/E7E7E7E7E6], request connection setup
2025-09-05 14:44:42,061 - INFO - Request _request_protocol_version()
2025-09-05 14:44:42,064 - INFO - Callback->Connected to [radio://0/80/2M/E7E7E7E7E6]
2025-09-05 14:44:42,068 - INFO - _crt_service_callback
2025-09-05 14:44:42,068 - INFO - Request protocol version
2025-09-05 14:44:42,071 - INFO - _platform_callback
2025-09-05 14:44:42,071 - INFO - Protocol version (platform): 9
2025-09-05 14:44:42,086 - INFO - TOC for port [5] found in cache
2025-09-05 14:44:42,086 - INFO - Log TOC finished updating
2025-09-05 14:44:42,090 - INFO - 6 memories found
2025-09-05 14:44:42,177 - INFO - Memories finished updating
2025-09-05 14:44:42,183 - INFO - TOC for port [2] found in cache
2025-09-05 14:44:42,732 - INFO - Param TOC finished updating
2025-09-05 14:44:42,732 - INFO - Callback->Connection setup finished [radio://0/80/2M/E7E7E7E7E6]
2025-09-05 14:44:42,733 - INFO - Connected: radio://0/80/2M/E7E7E7E7E6
2025-09-05 14:44:42,741 - INFO - Have successfully started logging for id=1
2025-09-05 14:44:42,841 - INFO - Battery: 3.92V (safe)
2025-09-05 14:44:42,843 - INFO - Battery check passed: 3.92V
2025-09-05 14:44:42,843 - INFO - Initializing position estimator to origin...
2025-09-05 14:44:42,845 - INFO - Have successfully stopped logging for id=1
2025-09-05 14:44:42,846 - INFO - Have successfully deleted id=1
2025-09-05 14:44:44,033 - INFO - All parameters updated
2025-09-05 14:44:44,033 - INFO - Callback->Connection completed [radio://0/80/2M/E7E7E7E7E6]
2025-09-05 14:44:44,143 - INFO - Have successfully started logging for id=2
2025-09-05 14:44:50,638 - INFO - Waiting for position estimator...
2025-09-05 14:44:50,641 - INFO - Have successfully stopped logging for id=2
2025-09-05 14:44:50,642 - INFO - Have successfully deleted id=2
2025-09-05 14:44:50,646 - INFO - Have successfully started logging for id=3
2025-09-05 14:44:51,645 - INFO - Position estimator ready
2025-09-05 14:44:51,646 - INFO - Controller parameters optimized
2025-09-05 14:44:51,648 - INFO - Have successfully stopped logging for id=3
2025-09-05 14:44:51,649 - INFO - Have successfully deleted id=3
2025-09-05 14:44:54,143 - INFO - Start collection (slot:10ms)
2025-09-05 14:44:54,144 - INFO - Data collector started
2025-09-05 14:44:54,145 - INFO - Position manager started
2025-09-05 14:44:54,151 - INFO - Have successfully started logging for id=4
2025-09-05 14:44:54,154 - INFO - Have successfully started logging for id=5
2025-09-05 14:44:54,155 - INFO - Have successfully started logging for id=6
2025-09-05 14:44:54,245 - INFO - Position manager data flow is normal
2025-09-05 14:44:56,245 - INFO - Current position: (0.002, 0.032, 0.012, 89.1°)
2025-09-05 14:44:56,245 - INFO - Using absolute coordinate system, ignoring takeoff position offset
2025-09-05 14:44:57,245 - INFO - Pre-flight stabilization to first waypoint: (0.000, 0.000, 0.500)
2025-09-05 14:44:57,397 - INFO - Waypoint1: absolute coordinates(0.000, 0.000, 0.500, yaw=90.0°)
2025-09-05 14:44:57,397 - INFO - Flying to coordinate: (0.000, 0.000, 0.500)
2025-09-05 14:44:58,407 - INFO - Approaching target (error=0.144m), entering stabilization phase
2025-09-05 14:44:58,897 - INFO - Reached waypoint (error=0.023m, stable_count=30)
2025-09-05 14:44:59,497 - INFO - Waypoint2: absolute coordinates(0.700, 0.000, 0.500, yaw=90.0°)
2025-09-05 14:44:59,497 - INFO - Flying to coordinate: (0.700, 0.000, 0.500)
2025-09-05 14:45:00,457 - INFO - Approaching target (error=0.140m), entering stabilization phase
2025-09-05 14:45:02,237 - INFO - Reached waypoint (error=0.057m, stable_count=30)
2025-09-05 14:45:02,839 - INFO - Waypoint3: absolute coordinates(0.700, 0.700, 0.500, yaw=90.0°)
2025-09-05 14:45:02,839 - INFO - Flying to coordinate: (0.700, 0.700, 0.500)
2025-09-05 14:45:03,649 - INFO - Approaching target (error=0.115m), entering stabilization phase
2025-09-05 14:45:04,539 - INFO - Reached waypoint (error=0.042m, stable_count=30)
2025-09-05 14:45:05,139 - INFO - Waypoint4: absolute coordinates(0.000, 0.700, 0.500, yaw=90.0°)
2025-09-05 14:45:05,139 - INFO - Flying to coordinate: (0.000, 0.700, 0.500)
2025-09-05 14:45:06,449 - INFO - Approaching target (error=0.142m), entering stabilization phase
2025-09-05 14:45:11,439 - INFO - Reached waypoint (error=0.065m, stable_count=30)
2025-09-05 14:45:12,039 - INFO - Waypoint5: absolute coordinates(0.000, 0.000, 0.500, yaw=90.0°)
2025-09-05 14:45:12,039 - INFO - Flying to coordinate: (0.000, 0.000, 0.500)
2025-09-05 14:45:12,790 - INFO - Approaching target (error=0.145m), entering stabilization phase
2025-09-05 14:45:13,180 - INFO - Reached waypoint (error=0.046m, stable_count=30)
2025-09-05 14:45:13,781 - INFO - Returning to origin and landing...
2025-09-05 14:45:13,781 - INFO - Flying to coordinate: (0.000, 0.000, 0.200)
2025-09-05 14:45:14,441 - INFO - Approaching target (error=0.134m), entering stabilization phase
2025-09-05 14:45:15,231 - INFO - Reached waypoint (error=0.036m, stable_count=30)
2025-09-05 14:45:15,231 - INFO - Landing...
2025-09-05 14:45:15,231 - INFO - Landing complete
2025-09-05 14:45:15,237 - INFO - Have successfully stopped logging for id=6
2025-09-05 14:45:15,332 - INFO - Position manager stopped
2025-09-05 14:45:15,334 - INFO - Flight mission complete
2025-09-05 14:45:15,334 - INFO - Stopping data collector...
2025-09-05 14:45:15,336 - INFO - Collection complete - stats: {'created': 2120, 'complete': 2119, 'merged': 0, 'dropped': 0}
2025-09-05 14:45:15,343 - INFO - Have successfully stopped logging for id=4
2025-09-05 14:45:15,344 - INFO - Have successfully stopped logging for id=5
2025-09-05 14:45:15,413 - INFO - Data saved: training_data/square_large_20250905_144515.json
2025-09-05 14:45:15,413 - INFO - States: 2119, Commands: 1551, Duration: 21.2s
2025-09-05 14:45:15,413 - INFO - Successfully saved 2119 state data points
2025-09-05 14:45:15,413 - INFO - Successfully saved 1551 control commands
2025-09-05 14:45:15,413 - INFO - Closing link
2025-09-05 14:45:15,414 - INFO - Callback->Disconnected from [radio://0/80/2M/E7E7E7E7E6]
