2025-09-05 13:02:48,623 - INFO - === Fixed continuous data collector ===
2025-09-05 13:02:48,623 - INFO - Mission: square_small
2025-09-05 13:02:48,623 - INFO - Waypoints (absolute coordinates): [(0, 0, 0.3), (0.3, 0, 0.3), (0.3, 0.3, 0.3), (0, 0.3, 0.3), (0, 0, 0.3)]
2025-09-05 13:02:48,623 - INFO - Callback->Connection initialized[radio://0/80/2M/E7E7E7E7E6]
2025-09-05 13:02:48,874 - INFO - We are connected[radio://0/80/2M/E7E7E7E7E6], request connection setup
2025-09-05 13:02:48,875 - INFO - Request _request_protocol_version()
2025-09-05 13:02:48,880 - INFO - Callback->Connected to [radio://0/80/2M/E7E7E7E7E6]
2025-09-05 13:02:48,885 - INFO - _crt_service_callback
2025-09-05 13:02:48,885 - INFO - Request protocol version
2025-09-05 13:02:48,889 - INFO - _platform_callback
2025-09-05 13:02:48,889 - INFO - Protocol version (platform): 9
2025-09-05 13:02:48,900 - INFO - TOC for port [5] found in cache
2025-09-05 13:02:48,900 - INFO - Log TOC finished updating
2025-09-05 13:02:48,903 - INFO - 6 memories found
2025-09-05 13:02:48,976 - INFO - Memories finished updating
2025-09-05 13:02:48,985 - INFO - TOC for port [2] found in cache
2025-09-05 13:02:49,424 - INFO - Param TOC finished updating
2025-09-05 13:02:49,424 - INFO - Callback->Connection setup finished [radio://0/80/2M/E7E7E7E7E6]
2025-09-05 13:02:49,425 - INFO - Connected: radio://0/80/2M/E7E7E7E7E6
2025-09-05 13:02:49,435 - INFO - Have successfully started logging for id=1
2025-09-05 13:02:49,535 - INFO - Battery: 4.03V (safe)
2025-09-05 13:02:49,535 - INFO - Battery check passed: 4.03V
2025-09-05 13:02:49,535 - INFO - Initializing position estimator to origin...
2025-09-05 13:02:49,538 - INFO - Have successfully stopped logging for id=1
2025-09-05 13:02:49,539 - INFO - Have successfully deleted id=1
2025-09-05 13:02:50,600 - INFO - All parameters updated
2025-09-05 13:02:50,600 - INFO - Callback->Connection completed [radio://0/80/2M/E7E7E7E7E6]
2025-09-05 13:02:50,708 - INFO - Have successfully started logging for id=2
2025-09-05 13:02:57,703 - INFO - Waiting for position estimator...
2025-09-05 13:02:57,707 - INFO - Have successfully stopped logging for id=2
2025-09-05 13:02:57,708 - INFO - Have successfully deleted id=2
2025-09-05 13:02:57,713 - INFO - Have successfully started logging for id=3
2025-09-05 13:02:58,712 - INFO - Position estimator ready
2025-09-05 13:02:58,714 - INFO - Controller parameters optimized
2025-09-05 13:02:58,721 - INFO - Have successfully stopped logging for id=3
2025-09-05 13:02:58,722 - INFO - Have successfully deleted id=3
2025-09-05 13:03:00,760 - INFO - Start collection (slot:10ms)
2025-09-05 13:03:00,761 - INFO - Data collector started
2025-09-05 13:03:00,762 - INFO - Position manager started
2025-09-05 13:03:00,773 - INFO - Have successfully started logging for id=4
2025-09-05 13:03:00,774 - INFO - Have successfully started logging for id=5
2025-09-05 13:03:00,775 - INFO - Have successfully started logging for id=6
2025-09-05 13:03:00,862 - INFO - Position manager data flow is normal
2025-09-05 13:03:02,862 - INFO - Current position: (-0.016, -0.012, -0.006, 90.2°)
2025-09-05 13:03:02,862 - INFO - Using absolute coordinate system, ignoring takeoff position offset
2025-09-05 13:03:03,862 - INFO - Pre-flight stabilization to first waypoint: (0.000, 0.000, 0.300)
2025-09-05 13:03:04,012 - INFO - Waypoint1: absolute coordinates(0.000, 0.000, 0.300, yaw=90.0°)
2025-09-05 13:03:04,013 - INFO - Flying to coordinate: (0.000, 0.000, 0.300)
2025-09-05 13:03:04,823 - INFO - Approaching target (error=0.144m), entering stabilization phase
2025-09-05 13:03:06,013 - INFO - Reached waypoint (error=0.018m, stable_count=30)
2025-09-05 13:03:06,613 - INFO - Waypoint2: absolute coordinates(0.300, 0.000, 0.300, yaw=90.0°)
2025-09-05 13:03:06,613 - INFO - Flying to coordinate: (0.300, 0.000, 0.300)
2025-09-05 13:03:07,323 - INFO - Approaching target (error=0.116m), entering stabilization phase
2025-09-05 13:03:07,713 - INFO - Reached waypoint (error=0.057m, stable_count=30)
2025-09-05 13:03:08,313 - INFO - Waypoint3: absolute coordinates(0.300, 0.300, 0.300, yaw=90.0°)
2025-09-05 13:03:08,313 - INFO - Flying to coordinate: (0.300, 0.300, 0.300)
2025-09-05 13:03:08,923 - INFO - Approaching target (error=0.140m), entering stabilization phase
2025-09-05 13:03:09,464 - INFO - Reached waypoint (error=0.067m, stable_count=30)
2025-09-05 13:03:10,064 - INFO - Waypoint4: absolute coordinates(0.000, 0.300, 0.300, yaw=90.0°)
2025-09-05 13:03:10,064 - INFO - Flying to coordinate: (0.000, 0.300, 0.300)
2025-09-05 13:03:10,574 - INFO - Approaching target (error=0.120m), entering stabilization phase
2025-09-05 13:03:10,964 - INFO - Reached waypoint (error=0.060m, stable_count=30)
2025-09-05 13:03:11,564 - INFO - Waypoint5: absolute coordinates(0.000, 0.000, 0.300, yaw=90.0°)
2025-09-05 13:03:11,564 - INFO - Flying to coordinate: (0.000, 0.000, 0.300)
2025-09-05 13:03:12,114 - INFO - Approaching target (error=0.129m), entering stabilization phase
2025-09-05 13:03:14,104 - INFO - Reached waypoint (error=0.075m, stable_count=30)
2025-09-05 13:03:14,704 - INFO - Returning to origin and landing...
2025-09-05 13:03:14,705 - INFO - Flying to coordinate: (0.000, 0.000, 0.200)
2025-09-05 13:03:14,705 - INFO - Approaching target (error=0.117m), entering stabilization phase
2025-09-05 13:03:16,355 - INFO - Reached waypoint (error=0.029m, stable_count=30)
2025-09-05 13:03:16,355 - INFO - Landing...
2025-09-05 13:03:16,356 - INFO - Landing complete
2025-09-05 13:03:16,362 - INFO - Have successfully stopped logging for id=6
2025-09-05 13:03:16,458 - INFO - Position manager stopped
2025-09-05 13:03:16,459 - INFO - Flight mission complete
2025-09-05 13:03:16,459 - INFO - Stopping data collector...
2025-09-05 13:03:16,461 - INFO - Collection complete - stats: {'created': 1570, 'complete': 1570, 'merged': 0, 'dropped': 0}
2025-09-05 13:03:16,466 - INFO - Have successfully stopped logging for id=4
2025-09-05 13:03:16,470 - INFO - Have successfully stopped logging for id=5
2025-09-05 13:03:16,517 - INFO - Data saved: training_data/square_small_20250905_130316.json
2025-09-05 13:03:16,517 - INFO - States: 1570, Commands: 999, Duration: 15.7s
2025-09-05 13:03:16,517 - INFO - Successfully saved 1570 state data points
2025-09-05 13:03:16,517 - INFO - Successfully saved 999 control commands
2025-09-05 13:03:16,517 - INFO - Closing link
2025-09-05 13:03:16,518 - INFO - Callback->Disconnected from [radio://0/80/2M/E7E7E7E7E6]
