2025-09-04 12:13:09,162 - INFO - === Fixed continuous data collector ===
2025-09-04 12:13:09,162 - INFO - Mission: vertical_small
2025-09-04 12:13:09,162 - INFO - Waypoints (absolute coordinates): [(0, 0, 0.3), (0, 0, 0.6), (0, 0, 0.9), (0, 0, 0.6), (0, 0, 0.3)]
2025-09-04 12:13:09,162 - INFO - Callback->Connection initialized[radio://0/80/2M/E7E7E7E7E6]
2025-09-04 12:13:09,409 - INFO - We are connected[radio://0/80/2M/E7E7E7E7E6], request connection setup
2025-09-04 12:13:09,409 - INFO - Request _request_protocol_version()
2025-09-04 12:13:09,413 - INFO - Callback->Connected to [radio://0/80/2M/E7E7E7E7E6]
2025-09-04 12:13:09,490 - INFO - _crt_service_callback
2025-09-04 12:13:09,490 - INFO - Request protocol version
2025-09-04 12:13:09,494 - INFO - _platform_callback
2025-09-04 12:13:09,494 - INFO - Protocol version (platform): 9
2025-09-04 12:13:09,505 - INFO - TOC for port [5] found in cache
2025-09-04 12:13:09,505 - INFO - Log TOC finished updating
2025-09-04 12:13:09,508 - INFO - 6 memories found
2025-09-04 12:13:09,584 - INFO - Memories finished updating
2025-09-04 12:13:09,590 - INFO - TOC for port [2] found in cache
2025-09-04 12:13:10,079 - INFO - Param TOC finished updating
2025-09-04 12:13:10,079 - INFO - Callback->Connection setup finished [radio://0/80/2M/E7E7E7E7E6]
2025-09-04 12:13:10,080 - INFO - Connected: radio://0/80/2M/E7E7E7E7E6
2025-09-04 12:13:10,090 - INFO - Have successfully started logging for id=1
2025-09-04 12:13:10,190 - INFO - Battery: 4.02V (safe)
2025-09-04 12:13:10,192 - INFO - Battery check passed: 4.02V
2025-09-04 12:13:10,192 - INFO - Initializing position estimator to origin...
2025-09-04 12:13:10,195 - INFO - Have successfully stopped logging for id=1
2025-09-04 12:13:10,198 - INFO - Have successfully deleted id=1
2025-09-04 12:13:11,536 - INFO - All parameters updated
2025-09-04 12:13:11,536 - INFO - Callback->Connection completed [radio://0/80/2M/E7E7E7E7E6]
2025-09-04 12:13:11,646 - INFO - Have successfully started logging for id=2
2025-09-04 12:13:18,141 - INFO - Waiting for position estimator...
2025-09-04 12:13:18,144 - INFO - Have successfully stopped logging for id=2
2025-09-04 12:13:18,144 - INFO - Have successfully deleted id=2
2025-09-04 12:13:18,153 - INFO - Have successfully started logging for id=3
2025-09-04 12:13:19,153 - INFO - Position estimator ready
2025-09-04 12:13:19,154 - INFO - Controller parameters optimized
2025-09-04 12:13:19,157 - INFO - Have successfully stopped logging for id=3
2025-09-04 12:13:19,160 - INFO - Have successfully deleted id=3
2025-09-04 12:13:21,850 - INFO - Start collection (slot:10ms)
2025-09-04 12:13:21,851 - INFO - Data collector started
2025-09-04 12:13:21,852 - INFO - Position manager started
2025-09-04 12:13:21,859 - INFO - Have successfully started logging for id=4
2025-09-04 12:13:21,861 - INFO - Have successfully started logging for id=5
2025-09-04 12:13:21,862 - INFO - Have successfully started logging for id=6
2025-09-04 12:13:21,952 - INFO - Position manager data flow is normal
2025-09-04 12:13:23,952 - INFO - Current position: (0.028, 0.053, 0.003, 89.3°)
2025-09-04 12:13:23,952 - INFO - Using absolute coordinate system, ignoring takeoff position offset
2025-09-04 12:13:24,952 - INFO - Pre-flight stabilization to first waypoint: (0.000, 0.000, 0.300)
2025-09-04 12:13:25,103 - INFO - Waypoint1: absolute coordinates(0.000, 0.000, 0.300, yaw=90.0°)
2025-09-04 12:13:25,103 - INFO - Flying to coordinate: (0.000, 0.000, 0.300)
2025-09-04 12:13:26,113 - INFO - Approaching target (error=0.148m), entering stabilization phase
2025-09-04 12:13:26,853 - INFO - Reached waypoint (error=0.051m, stable_count=30)
2025-09-04 12:13:27,453 - INFO - Waypoint2: absolute coordinates(0.000, 0.000, 0.600, yaw=90.0°)
2025-09-04 12:13:27,453 - INFO - Flying to coordinate: (0.000, 0.000, 0.600)
2025-09-04 12:13:27,913 - INFO - Approaching target (error=0.133m), entering stabilization phase
2025-09-04 12:13:28,403 - INFO - Reached waypoint (error=0.044m, stable_count=30)
2025-09-04 12:13:29,004 - INFO - Waypoint3: absolute coordinates(0.000, 0.000, 0.900, yaw=90.0°)
2025-09-04 12:13:29,004 - INFO - Flying to coordinate: (0.000, 0.000, 0.900)
2025-09-04 12:13:29,314 - INFO - Approaching target (error=0.146m), entering stabilization phase
2025-09-04 12:13:29,804 - INFO - Reached waypoint (error=0.026m, stable_count=30)
2025-09-04 12:13:30,405 - INFO - Waypoint4: absolute coordinates(0.000, 0.000, 0.600, yaw=90.0°)
2025-09-04 12:13:30,406 - INFO - Flying to coordinate: (0.000, 0.000, 0.600)
2025-09-04 12:13:31,356 - INFO - Approaching target (error=0.137m), entering stabilization phase
2025-09-04 12:13:31,896 - INFO - Reached waypoint (error=0.065m, stable_count=30)
2025-09-04 12:13:32,497 - INFO - Waypoint5: absolute coordinates(0.000, 0.000, 0.300, yaw=90.0°)
2025-09-04 12:13:32,497 - INFO - Flying to coordinate: (0.000, 0.000, 0.300)
2025-09-04 12:13:33,207 - INFO - Approaching target (error=0.149m), entering stabilization phase
2025-09-04 12:13:33,947 - INFO - Reached waypoint (error=0.030m, stable_count=30)
2025-09-04 12:13:34,548 - INFO - Returning to origin and landing...
2025-09-04 12:13:34,548 - INFO - Flying to coordinate: (0.000, 0.000, 0.200)
2025-09-04 12:13:34,548 - INFO - Approaching target (error=0.106m), entering stabilization phase
2025-09-04 12:13:35,298 - INFO - Reached waypoint (error=0.041m, stable_count=30)
2025-09-04 12:13:35,298 - INFO - Landing...
2025-09-04 12:13:35,298 - INFO - Landing complete
2025-09-04 12:13:35,303 - INFO - Have successfully stopped logging for id=6
2025-09-04 12:13:35,399 - INFO - Position manager stopped
2025-09-04 12:13:35,401 - INFO - Flight mission complete
2025-09-04 12:13:35,401 - INFO - Stopping data collector...
2025-09-04 12:13:35,403 - INFO - Collection complete - stats: {'created': 1356, 'complete': 1354, 'merged': 0, 'dropped': 1}
2025-09-04 12:13:35,409 - INFO - Have successfully stopped logging for id=4
2025-09-04 12:13:35,410 - INFO - Have successfully stopped logging for id=5
2025-09-04 12:13:35,454 - INFO - Data saved: training_data/vertical_small_20250904_121335.json
2025-09-04 12:13:35,454 - INFO - States: 1354, Commands: 786, Duration: 13.5s
2025-09-04 12:13:35,455 - INFO - Successfully saved 1354 state data points
2025-09-04 12:13:35,455 - INFO - Successfully saved 786 control commands
2025-09-04 12:13:35,455 - INFO - Closing link
2025-09-04 12:13:35,455 - INFO - Callback->Disconnected from [radio://0/80/2M/E7E7E7E7E6]
