2025-09-05 15:56:02,759 - INFO - === Fixed continuous data collector ===
2025-09-05 15:56:02,759 - INFO - Mission: triangle_small
2025-09-05 15:56:02,759 - INFO - Waypoints (absolute coordinates): [(0, 0, 0.6), (0.4, 0, 0.6), (0.2, 0.4, 0.6), (0, 0, 0.6)]
2025-09-05 15:56:02,760 - INFO - Callback->Connection initialized[radio://0/80/2M/E7E7E7E7E6]
2025-09-05 15:56:03,009 - INFO - We are connected[radio://0/80/2M/E7E7E7E7E6], request connection setup
2025-09-05 15:56:03,010 - INFO - Request _request_protocol_version()
2025-09-05 15:56:03,014 - INFO - Callback->Connected to [radio://0/80/2M/E7E7E7E7E6]
2025-09-05 15:56:03,097 - INFO - _crt_service_callback
2025-09-05 15:56:03,097 - INFO - Request protocol version
2025-09-05 15:56:03,100 - INFO - _platform_callback
2025-09-05 15:56:03,100 - INFO - Protocol version (platform): 9
2025-09-05 15:56:03,113 - INFO - TOC for port [5] found in cache
2025-09-05 15:56:03,114 - INFO - Log TOC finished updating
2025-09-05 15:56:03,117 - INFO - 6 memories found
2025-09-05 15:56:03,195 - INFO - Memories finished updating
2025-09-05 15:56:03,201 - INFO - TOC for port [2] found in cache
2025-09-05 15:56:03,721 - INFO - Param TOC finished updating
2025-09-05 15:56:03,721 - INFO - Callback->Connection setup finished [radio://0/80/2M/E7E7E7E7E6]
2025-09-05 15:56:03,722 - INFO - Connected: radio://0/80/2M/E7E7E7E7E6
2025-09-05 15:56:03,738 - INFO - Have successfully started logging for id=1
2025-09-05 15:56:03,835 - INFO - Battery: 3.92V (safe)
2025-09-05 15:56:03,835 - INFO - Battery check passed: 3.92V
2025-09-05 15:56:03,835 - INFO - Initializing position estimator to origin...
2025-09-05 15:56:03,838 - INFO - Have successfully stopped logging for id=1
2025-09-05 15:56:03,839 - INFO - Have successfully deleted id=1
2025-09-05 15:56:04,969 - INFO - All parameters updated
2025-09-05 15:56:04,969 - INFO - Callback->Connection completed [radio://0/80/2M/E7E7E7E7E6]
2025-09-05 15:56:05,079 - INFO - Have successfully started logging for id=2
2025-09-05 15:56:11,572 - INFO - Waiting for position estimator...
2025-09-05 15:56:11,578 - INFO - Have successfully stopped logging for id=2
2025-09-05 15:56:11,579 - INFO - Have successfully deleted id=2
2025-09-05 15:56:11,583 - INFO - Have successfully started logging for id=3
2025-09-05 15:56:12,583 - INFO - Position estimator ready
2025-09-05 15:56:12,584 - INFO - Controller parameters optimized
2025-09-05 15:56:12,586 - INFO - Have successfully stopped logging for id=3
2025-09-05 15:56:12,587 - INFO - Have successfully deleted id=3
2025-09-05 15:56:15,125 - INFO - Start collection (slot:10ms)
2025-09-05 15:56:15,126 - INFO - Data collector started
2025-09-05 15:56:15,127 - INFO - Position manager started
2025-09-05 15:56:15,134 - INFO - Have successfully started logging for id=4
2025-09-05 15:56:15,134 - INFO - Have successfully started logging for id=5
2025-09-05 15:56:15,136 - INFO - Have successfully started logging for id=6
2025-09-05 15:56:15,227 - INFO - Position manager data flow is normal
2025-09-05 15:56:17,227 - INFO - Current position: (-0.032, 0.023, -0.011, 89.4°)
2025-09-05 15:56:17,227 - INFO - Using absolute coordinate system, ignoring takeoff position offset
2025-09-05 15:56:18,227 - INFO - Pre-flight stabilization to first waypoint: (0.000, 0.000, 0.600)
2025-09-05 15:56:18,379 - INFO - Waypoint1: absolute coordinates(0.000, 0.000, 0.600, yaw=90.0°)
2025-09-05 15:56:18,379 - INFO - Flying to coordinate: (0.000, 0.000, 0.600)
2025-09-05 15:56:19,389 - INFO - Approaching target (error=0.132m), entering stabilization phase
2025-09-05 15:56:19,829 - INFO - Reached waypoint (error=0.013m, stable_count=30)
2025-09-05 15:56:20,430 - INFO - Waypoint2: absolute coordinates(0.400, 0.000, 0.600, yaw=90.0°)
2025-09-05 15:56:20,430 - INFO - Flying to coordinate: (0.400, 0.000, 0.600)
2025-09-05 15:56:21,140 - INFO - Approaching target (error=0.146m), entering stabilization phase
2025-09-05 15:56:22,234 - WARNING - Control timing drift detected - resyncing
2025-09-05 15:56:22,871 - WARNING - Control timing drift detected - resyncing
2025-09-05 15:56:23,972 - INFO - Reached waypoint (error=0.065m, stable_count=30)
2025-09-05 15:56:24,573 - INFO - Waypoint3: absolute coordinates(0.200, 0.400, 0.600, yaw=90.0°)
2025-09-05 15:56:24,573 - INFO - Flying to coordinate: (0.200, 0.400, 0.600)
2025-09-05 15:56:25,233 - INFO - Approaching target (error=0.120m), entering stabilization phase
2025-09-05 15:56:25,623 - INFO - Reached waypoint (error=0.051m, stable_count=30)
2025-09-05 15:56:26,224 - INFO - Waypoint4: absolute coordinates(0.000, 0.000, 0.600, yaw=90.0°)
2025-09-05 15:56:26,224 - INFO - Flying to coordinate: (0.000, 0.000, 0.600)
2025-09-05 15:56:28,035 - INFO - Approaching target (error=0.139m), entering stabilization phase
2025-09-05 15:56:28,525 - INFO - Reached waypoint (error=0.046m, stable_count=30)
2025-09-05 15:56:29,126 - INFO - Returning to origin and landing...
2025-09-05 15:56:29,126 - INFO - Flying to coordinate: (0.000, 0.000, 0.200)
2025-09-05 15:56:29,826 - INFO - Approaching target (error=0.142m), entering stabilization phase
2025-09-05 15:56:31,316 - INFO - Reached waypoint (error=0.075m, stable_count=30)
2025-09-05 15:56:31,316 - INFO - Landing...
2025-09-05 15:56:31,316 - INFO - Landing complete
2025-09-05 15:56:31,324 - INFO - Have successfully stopped logging for id=6
2025-09-05 15:56:31,417 - INFO - Position manager stopped
2025-09-05 15:56:31,421 - INFO - Flight mission complete
2025-09-05 15:56:31,421 - INFO - Stopping data collector...
2025-09-05 15:56:31,423 - INFO - Collection complete - stats: {'created': 1630, 'complete': 1629, 'merged': 0, 'dropped': 0}
2025-09-05 15:56:31,429 - INFO - Have successfully stopped logging for id=4
2025-09-05 15:56:31,431 - INFO - Have successfully stopped logging for id=5
2025-09-05 15:56:31,480 - INFO - Data saved: training_data/triangle_small_20250905_155631.json
2025-09-05 15:56:31,480 - INFO - States: 1629, Commands: 1107, Duration: 16.3s
2025-09-05 15:56:31,480 - INFO - Successfully saved 1629 state data points
2025-09-05 15:56:31,480 - INFO - Successfully saved 1107 control commands
2025-09-05 15:56:31,480 - INFO - Closing link
2025-09-05 15:56:31,481 - INFO - Callback->Disconnected from [radio://0/80/2M/E7E7E7E7E6]
