2025-09-04 13:05:37,738 - INFO - === Fixed continuous data collector ===
2025-09-04 13:05:37,739 - INFO - Mission: vertical_small
2025-09-04 13:05:37,739 - INFO - Waypoints (absolute coordinates): [(0, 0, 0.3), (0, 0, 0.6), (0, 0, 0.9), (0, 0, 0.6), (0, 0, 0.3)]
2025-09-04 13:05:37,739 - INFO - Callback->Connection initialized[radio://0/80/2M/E7E7E7E7E6]
2025-09-04 13:05:37,991 - INFO - We are connected[radio://0/80/2M/E7E7E7E7E6], request connection setup
2025-09-04 13:05:37,992 - INFO - Request _request_protocol_version()
2025-09-04 13:05:37,996 - INFO - Callback->Connected to [radio://0/80/2M/E7E7E7E7E6]
2025-09-04 13:05:38,001 - INFO - _crt_service_callback
2025-09-04 13:05:38,001 - INFO - Request protocol version
2025-09-04 13:05:38,005 - INFO - _platform_callback
2025-09-04 13:05:38,005 - INFO - Protocol version (platform): 9
2025-09-04 13:05:38,020 - INFO - TOC for port [5] found in cache
2025-09-04 13:05:38,020 - INFO - Log TOC finished updating
2025-09-04 13:05:38,023 - INFO - 6 memories found
2025-09-04 13:05:38,107 - INFO - Memories finished updating
2025-09-04 13:05:38,113 - INFO - TOC for port [2] found in cache
2025-09-04 13:05:38,648 - INFO - Param TOC finished updating
2025-09-04 13:05:38,648 - INFO - Callback->Connection setup finished [radio://0/80/2M/E7E7E7E7E6]
2025-09-04 13:05:38,649 - INFO - Connected: radio://0/80/2M/E7E7E7E7E6
2025-09-04 13:05:38,660 - INFO - Have successfully started logging for id=1
2025-09-04 13:05:38,760 - INFO - Battery: 4.01V (safe)
2025-09-04 13:05:38,761 - INFO - Battery check passed: 4.01V
2025-09-04 13:05:38,761 - INFO - Initializing position estimator to origin...
2025-09-04 13:05:38,770 - INFO - Have successfully stopped logging for id=1
2025-09-04 13:05:38,771 - INFO - Have successfully deleted id=1
2025-09-04 13:05:40,316 - INFO - All parameters updated
2025-09-04 13:05:40,317 - INFO - Callback->Connection completed [radio://0/80/2M/E7E7E7E7E6]
2025-09-04 13:05:40,427 - INFO - Have successfully started logging for id=2
2025-09-04 13:05:46,924 - INFO - Waiting for position estimator...
2025-09-04 13:05:46,927 - INFO - Have successfully stopped logging for id=2
2025-09-04 13:05:46,928 - INFO - Have successfully deleted id=2
2025-09-04 13:05:46,933 - INFO - Have successfully started logging for id=3
2025-09-04 13:05:47,933 - INFO - Position estimator ready
2025-09-04 13:05:47,935 - INFO - Controller parameters optimized
2025-09-04 13:05:47,942 - INFO - Have successfully stopped logging for id=3
2025-09-04 13:05:47,945 - INFO - Have successfully deleted id=3
2025-09-04 13:05:50,389 - INFO - Start collection (slot:10ms)
2025-09-04 13:05:50,390 - INFO - Data collector started
2025-09-04 13:05:50,392 - INFO - Position manager started
2025-09-04 13:05:50,399 - INFO - Have successfully started logging for id=4
2025-09-04 13:05:50,403 - INFO - Have successfully started logging for id=5
2025-09-04 13:05:50,404 - INFO - Have successfully started logging for id=6
2025-09-04 13:05:50,492 - INFO - Position manager data flow is normal
2025-09-04 13:05:52,492 - INFO - Current position: (0.038, 0.066, 0.010, 90.5°)
2025-09-04 13:05:52,492 - INFO - Using absolute coordinate system, ignoring takeoff position offset
2025-09-04 13:05:53,492 - INFO - Pre-flight stabilization to first waypoint: (0.000, 0.000, 0.300)
2025-09-04 13:05:53,643 - INFO - Waypoint1: absolute coordinates(0.000, 0.000, 0.300, yaw=90.0°)
2025-09-04 13:05:53,644 - INFO - Flying to coordinate: (0.000, 0.000, 0.300)
2025-09-04 13:05:54,754 - INFO - Approaching target (error=0.143m), entering stabilization phase
2025-09-04 13:05:55,494 - INFO - Reached waypoint (error=0.071m, stable_count=30)
2025-09-04 13:05:56,094 - INFO - Waypoint2: absolute coordinates(0.000, 0.000, 0.600, yaw=90.0°)
2025-09-04 13:05:56,094 - INFO - Flying to coordinate: (0.000, 0.000, 0.600)
2025-09-04 13:05:56,564 - INFO - Approaching target (error=0.147m), entering stabilization phase
2025-09-04 13:05:57,164 - INFO - Reached waypoint (error=0.048m, stable_count=30)
2025-09-04 13:05:57,765 - INFO - Waypoint3: absolute coordinates(0.000, 0.000, 0.900, yaw=90.0°)
2025-09-04 13:05:57,766 - INFO - Flying to coordinate: (0.000, 0.000, 0.900)
2025-09-04 13:05:58,106 - INFO - Approaching target (error=0.144m), entering stabilization phase
2025-09-04 13:05:58,596 - INFO - Reached waypoint (error=0.026m, stable_count=30)
2025-09-04 13:05:59,196 - INFO - Waypoint4: absolute coordinates(0.000, 0.000, 0.600, yaw=90.0°)
2025-09-04 13:05:59,196 - INFO - Flying to coordinate: (0.000, 0.000, 0.600)
2025-09-04 13:06:00,296 - INFO - Approaching target (error=0.140m), entering stabilization phase
2025-09-04 13:06:00,946 - INFO - Reached waypoint (error=0.067m, stable_count=30)
2025-09-04 13:06:01,549 - INFO - Waypoint5: absolute coordinates(0.000, 0.000, 0.300, yaw=90.0°)
2025-09-04 13:06:01,549 - INFO - Flying to coordinate: (0.000, 0.000, 0.300)
2025-09-04 13:06:02,499 - INFO - Approaching target (error=0.141m), entering stabilization phase
2025-09-04 13:06:03,089 - INFO - Reached waypoint (error=0.077m, stable_count=30)
2025-09-04 13:06:03,691 - INFO - Returning to origin and landing...
2025-09-04 13:06:03,691 - INFO - Flying to coordinate: (0.000, 0.000, 0.200)
2025-09-04 13:06:03,691 - INFO - Approaching target (error=0.071m), entering stabilization phase
2025-09-04 13:06:03,991 - INFO - Reached waypoint (error=0.070m, stable_count=30)
2025-09-04 13:06:03,991 - INFO - Landing...
2025-09-04 13:06:03,992 - INFO - Landing complete
2025-09-04 13:06:03,997 - INFO - Have successfully stopped logging for id=6
2025-09-04 13:06:04,093 - INFO - Position manager stopped
2025-09-04 13:06:04,095 - INFO - Flight mission complete
2025-09-04 13:06:04,095 - INFO - Stopping data collector...
2025-09-04 13:06:04,097 - INFO - Collection complete - stats: {'created': 1370, 'complete': 1370, 'merged': 0, 'dropped': 0}
2025-09-04 13:06:04,106 - INFO - Have successfully stopped logging for id=4
2025-09-04 13:06:04,109 - INFO - Have successfully stopped logging for id=5
2025-09-04 13:06:04,146 - INFO - Data saved: training_data/vertical_small_20250904_130604.json
2025-09-04 13:06:04,146 - INFO - States: 1370, Commands: 803, Duration: 13.7s
2025-09-04 13:06:04,146 - INFO - Successfully saved 1370 state data points
2025-09-04 13:06:04,146 - INFO - Successfully saved 803 control commands
2025-09-04 13:06:04,146 - INFO - Closing link
2025-09-04 13:06:04,147 - INFO - Callback->Disconnected from [radio://0/80/2M/E7E7E7E7E6]
