2025-09-04 13:22:30,346 - INFO - === Fixed continuous data collector ===
2025-09-04 13:22:30,346 - INFO - Mission: vertical_small
2025-09-04 13:22:30,346 - INFO - Waypoints (absolute coordinates): [(0, 0, 0.3), (0, 0, 0.6), (0, 0, 0.9), (0, 0, 0.6), (0, 0, 0.3)]
2025-09-04 13:22:30,347 - INFO - Callback->Connection initialized[radio://0/80/2M/E7E7E7E7E6]
2025-09-04 13:22:30,596 - INFO - We are connected[radio://0/80/2M/E7E7E7E7E6], request connection setup
2025-09-04 13:22:30,596 - INFO - Request _request_protocol_version()
2025-09-04 13:22:30,598 - INFO - Callback->Connected to [radio://0/80/2M/E7E7E7E7E6]
2025-09-04 13:22:30,604 - INFO - _crt_service_callback
2025-09-04 13:22:30,604 - INFO - Request protocol version
2025-09-04 13:22:30,608 - INFO - _platform_callback
2025-09-04 13:22:30,608 - INFO - Protocol version (platform): 9
2025-09-04 13:22:30,618 - INFO - TOC for port [5] found in cache
2025-09-04 13:22:30,618 - INFO - Log TOC finished updating
2025-09-04 13:22:30,623 - INFO - 6 memories found
2025-09-04 13:22:30,702 - INFO - Memories finished updating
2025-09-04 13:22:30,710 - INFO - TOC for port [2] found in cache
2025-09-04 13:22:31,233 - INFO - Param TOC finished updating
2025-09-04 13:22:31,233 - INFO - Callback->Connection setup finished [radio://0/80/2M/E7E7E7E7E6]
2025-09-04 13:22:31,234 - INFO - Connected: radio://0/80/2M/E7E7E7E7E6
2025-09-04 13:22:31,242 - INFO - Have successfully started logging for id=1
2025-09-04 13:22:31,342 - INFO - Battery: 3.86V (safe)
2025-09-04 13:22:31,343 - INFO - Battery check passed: 3.86V
2025-09-04 13:22:31,343 - INFO - Initializing position estimator to origin...
2025-09-04 13:22:31,346 - INFO - Have successfully stopped logging for id=1
2025-09-04 13:22:31,347 - INFO - Have successfully deleted id=1
2025-09-04 13:22:32,498 - INFO - All parameters updated
2025-09-04 13:22:32,499 - INFO - Callback->Connection completed [radio://0/80/2M/E7E7E7E7E6]
2025-09-04 13:22:32,611 - INFO - Have successfully started logging for id=2
2025-09-04 13:22:39,104 - INFO - Waiting for position estimator...
2025-09-04 13:22:39,107 - INFO - Have successfully stopped logging for id=2
2025-09-04 13:22:39,108 - INFO - Have successfully deleted id=2
2025-09-04 13:22:39,112 - INFO - Have successfully started logging for id=3
2025-09-04 13:22:40,112 - INFO - Position estimator ready
2025-09-04 13:22:40,112 - INFO - Controller parameters optimized
2025-09-04 13:22:40,115 - INFO - Have successfully stopped logging for id=3
2025-09-04 13:22:40,116 - INFO - Have successfully deleted id=3
2025-09-04 13:22:44,227 - INFO - Start collection (slot:10ms)
2025-09-04 13:22:44,228 - INFO - Data collector started
2025-09-04 13:22:44,229 - INFO - Position manager started
2025-09-04 13:22:44,236 - INFO - Have successfully started logging for id=4
2025-09-04 13:22:44,237 - INFO - Have successfully started logging for id=5
2025-09-04 13:22:44,239 - INFO - Have successfully started logging for id=6
2025-09-04 13:22:44,329 - INFO - Position manager data flow is normal
2025-09-04 13:22:46,330 - INFO - Current position: (-0.002, 0.063, 0.023, 90.4°)
2025-09-04 13:22:46,330 - INFO - Using absolute coordinate system, ignoring takeoff position offset
2025-09-04 13:22:47,330 - INFO - Pre-flight stabilization to first waypoint: (0.000, 0.000, 0.300)
2025-09-04 13:22:47,480 - INFO - Waypoint1: absolute coordinates(0.000, 0.000, 0.300, yaw=90.0°)
2025-09-04 13:22:47,480 - INFO - Flying to coordinate: (0.000, 0.000, 0.300)
2025-09-04 13:22:48,540 - INFO - Approaching target (error=0.147m), entering stabilization phase
2025-09-04 13:22:49,480 - INFO - Reached waypoint (error=0.070m, stable_count=30)
2025-09-04 13:22:50,081 - INFO - Waypoint2: absolute coordinates(0.000, 0.000, 0.600, yaw=90.0°)
2025-09-04 13:22:50,081 - INFO - Flying to coordinate: (0.000, 0.000, 0.600)
2025-09-04 13:22:50,491 - INFO - Approaching target (error=0.150m), entering stabilization phase
2025-09-04 13:22:50,981 - INFO - Reached waypoint (error=0.040m, stable_count=30)
2025-09-04 13:22:51,582 - INFO - Waypoint3: absolute coordinates(0.000, 0.000, 0.900, yaw=90.0°)
2025-09-04 13:22:51,582 - INFO - Flying to coordinate: (0.000, 0.000, 0.900)
2025-09-04 13:22:51,892 - INFO - Approaching target (error=0.148m), entering stabilization phase
2025-09-04 13:22:52,432 - INFO - Reached waypoint (error=0.076m, stable_count=30)
2025-09-04 13:22:53,032 - INFO - Waypoint4: absolute coordinates(0.000, 0.000, 0.600, yaw=90.0°)
2025-09-04 13:22:53,032 - INFO - Flying to coordinate: (0.000, 0.000, 0.600)
2025-09-04 13:22:54,083 - INFO - Approaching target (error=0.141m), entering stabilization phase
2025-09-04 13:22:55,423 - INFO - Reached waypoint (error=0.065m, stable_count=30)
2025-09-04 13:22:56,023 - INFO - Waypoint5: absolute coordinates(0.000, 0.000, 0.300, yaw=90.0°)
2025-09-04 13:22:56,023 - INFO - Flying to coordinate: (0.000, 0.000, 0.300)
2025-09-04 13:22:56,833 - INFO - Approaching target (error=0.142m), entering stabilization phase
2025-09-04 13:22:58,573 - INFO - Reached waypoint (error=0.058m, stable_count=30)
2025-09-04 13:22:59,173 - INFO - Returning to origin and landing...
2025-09-04 13:22:59,173 - INFO - Flying to coordinate: (0.000, 0.000, 0.200)
2025-09-04 13:22:59,173 - INFO - Approaching target (error=0.069m), entering stabilization phase
2025-09-04 13:22:59,843 - INFO - Reached waypoint (error=0.078m, stable_count=30)
2025-09-04 13:22:59,843 - INFO - Landing...
2025-09-04 13:22:59,845 - INFO - Landing complete
2025-09-04 13:22:59,848 - INFO - Have successfully stopped logging for id=6
2025-09-04 13:22:59,946 - INFO - Position manager stopped
2025-09-04 13:22:59,947 - INFO - Flight mission complete
2025-09-04 13:22:59,947 - INFO - Stopping data collector...
2025-09-04 13:22:59,949 - INFO - Collection complete - stats: {'created': 1572, 'complete': 1572, 'merged': 0, 'dropped': 0}
2025-09-04 13:22:59,955 - INFO - Have successfully stopped logging for id=4
2025-09-04 13:22:59,957 - INFO - Have successfully stopped logging for id=5
2025-09-04 13:23:00,004 - INFO - Data saved: training_data/vertical_small_20250904_132259.json
2025-09-04 13:23:00,004 - INFO - States: 1572, Commands: 1002, Duration: 15.7s
2025-09-04 13:23:00,004 - INFO - Successfully saved 1572 state data points
2025-09-04 13:23:00,004 - INFO - Successfully saved 1002 control commands
2025-09-04 13:23:00,004 - INFO - Closing link
2025-09-04 13:23:00,005 - INFO - Callback->Disconnected from [radio://0/80/2M/E7E7E7E7E6]
