2025-09-05 14:12:23,338 - INFO - === Fixed continuous data collector ===
2025-09-05 14:12:23,338 - INFO - Mission: square_large
2025-09-05 14:12:23,338 - INFO - Waypoints (absolute coordinates): [(0, 0, 0.5), (0.7, 0, 0.5), (0.7, 0.7, 0.5), (0, 0.7, 0.5), (0, 0, 0.5)]
2025-09-05 14:12:23,339 - INFO - Callback->Connection initialized[radio://0/80/2M/E7E7E7E7E6]
2025-09-05 14:12:23,589 - INFO - We are connected[radio://0/80/2M/E7E7E7E7E6], request connection setup
2025-09-05 14:12:23,589 - INFO - Request _request_protocol_version()
2025-09-05 14:12:23,591 - INFO - Callback->Connected to [radio://0/80/2M/E7E7E7E7E6]
2025-09-05 14:12:23,595 - INFO - _crt_service_callback
2025-09-05 14:12:23,595 - INFO - Request protocol version
2025-09-05 14:12:23,598 - INFO - _platform_callback
2025-09-05 14:12:23,598 - INFO - Protocol version (platform): 9
2025-09-05 14:12:23,607 - INFO - TOC for port [5] found in cache
2025-09-05 14:12:23,607 - INFO - Log TOC finished updating
2025-09-05 14:12:23,610 - INFO - 6 memories found
2025-09-05 14:12:23,689 - INFO - Memories finished updating
2025-09-05 14:12:23,695 - INFO - TOC for port [2] found in cache
2025-09-05 14:12:24,158 - INFO - Param TOC finished updating
2025-09-05 14:12:24,159 - INFO - Callback->Connection setup finished [radio://0/80/2M/E7E7E7E7E6]
2025-09-05 14:12:24,160 - INFO - Connected: radio://0/80/2M/E7E7E7E7E6
2025-09-05 14:12:24,168 - INFO - Have successfully started logging for id=1
2025-09-05 14:12:24,268 - INFO - Battery: 3.81V (safe)
2025-09-05 14:12:24,268 - INFO - Battery check passed: 3.81V
2025-09-05 14:12:24,268 - INFO - Initializing position estimator to origin...
2025-09-05 14:12:24,274 - INFO - Have successfully stopped logging for id=1
2025-09-05 14:12:24,275 - INFO - Have successfully deleted id=1
2025-09-05 14:12:25,377 - INFO - All parameters updated
2025-09-05 14:12:25,378 - INFO - Callback->Connection completed [radio://0/80/2M/E7E7E7E7E6]
2025-09-05 14:12:25,487 - INFO - Have successfully started logging for id=2
2025-09-05 14:12:31,982 - INFO - Waiting for position estimator...
2025-09-05 14:12:31,985 - INFO - Have successfully stopped logging for id=2
2025-09-05 14:12:31,985 - INFO - Have successfully deleted id=2
2025-09-05 14:12:31,991 - INFO - Have successfully started logging for id=3
2025-09-05 14:12:32,990 - INFO - Position estimator ready
2025-09-05 14:12:32,991 - INFO - Controller parameters optimized
2025-09-05 14:12:32,994 - INFO - Have successfully stopped logging for id=3
2025-09-05 14:12:32,995 - INFO - Have successfully deleted id=3
2025-09-05 14:12:35,008 - INFO - Start collection (slot:10ms)
2025-09-05 14:12:35,010 - INFO - Data collector started
2025-09-05 14:12:35,011 - INFO - Position manager started
2025-09-05 14:12:35,017 - INFO - Have successfully started logging for id=4
2025-09-05 14:12:35,019 - INFO - Have successfully started logging for id=5
2025-09-05 14:12:35,020 - INFO - Have successfully started logging for id=6
2025-09-05 14:12:35,111 - INFO - Position manager data flow is normal
2025-09-05 14:12:37,112 - INFO - Current position: (0.002, 0.009, 0.011, 89.8°)
2025-09-05 14:12:37,112 - INFO - Using absolute coordinate system, ignoring takeoff position offset
2025-09-05 14:12:38,112 - INFO - Pre-flight stabilization to first waypoint: (0.000, 0.000, 0.500)
2025-09-05 14:12:38,264 - INFO - Waypoint1: absolute coordinates(0.000, 0.000, 0.500, yaw=90.0°)
2025-09-05 14:12:38,264 - INFO - Flying to coordinate: (0.000, 0.000, 0.500)
2025-09-05 14:12:39,275 - INFO - Approaching target (error=0.147m), entering stabilization phase
2025-09-05 14:12:39,815 - INFO - Reached waypoint (error=0.023m, stable_count=30)
2025-09-05 14:12:40,415 - INFO - Waypoint2: absolute coordinates(0.700, 0.000, 0.500, yaw=90.0°)
2025-09-05 14:12:40,415 - INFO - Flying to coordinate: (0.700, 0.000, 0.500)
2025-09-05 14:12:41,365 - INFO - Approaching target (error=0.147m), entering stabilization phase
2025-09-05 14:12:43,205 - INFO - Reached waypoint (error=0.056m, stable_count=30)
2025-09-05 14:12:43,805 - INFO - Waypoint3: absolute coordinates(0.700, 0.700, 0.500, yaw=90.0°)
2025-09-05 14:12:43,805 - INFO - Flying to coordinate: (0.700, 0.700, 0.500)
2025-09-05 14:12:44,616 - INFO - Approaching target (error=0.142m), entering stabilization phase
2025-09-05 14:12:45,456 - INFO - Reached waypoint (error=0.036m, stable_count=30)
2025-09-05 14:12:46,057 - INFO - Waypoint4: absolute coordinates(0.000, 0.700, 0.500, yaw=90.0°)
2025-09-05 14:12:46,057 - INFO - Flying to coordinate: (0.000, 0.700, 0.500)
2025-09-05 14:12:47,217 - INFO - Approaching target (error=0.148m), entering stabilization phase
2025-09-05 14:12:48,557 - INFO - Reached waypoint (error=0.049m, stable_count=30)
2025-09-05 14:12:49,158 - INFO - Waypoint5: absolute coordinates(0.000, 0.000, 0.500, yaw=90.0°)
2025-09-05 14:12:49,158 - INFO - Flying to coordinate: (0.000, 0.000, 0.500)
2025-09-05 14:12:50,059 - INFO - Approaching target (error=0.124m), entering stabilization phase
2025-09-05 14:12:50,499 - INFO - Reached waypoint (error=0.048m, stable_count=30)
2025-09-05 14:12:51,100 - INFO - Returning to origin and landing...
2025-09-05 14:12:51,100 - INFO - Flying to coordinate: (0.000, 0.000, 0.200)
2025-09-05 14:12:51,810 - INFO - Approaching target (error=0.147m), entering stabilization phase
2025-09-05 14:12:52,600 - INFO - Reached waypoint (error=0.049m, stable_count=30)
2025-09-05 14:12:52,600 - INFO - Landing...
2025-09-05 14:12:52,601 - INFO - Landing complete
2025-09-05 14:12:52,606 - INFO - Have successfully stopped logging for id=6
2025-09-05 14:12:52,702 - INFO - Position manager stopped
2025-09-05 14:12:52,705 - INFO - Flight mission complete
2025-09-05 14:12:52,705 - INFO - Stopping data collector...
2025-09-05 14:12:52,706 - INFO - Collection complete - stats: {'created': 1770, 'complete': 1770, 'merged': 0, 'dropped': 0}
2025-09-05 14:12:52,713 - INFO - Have successfully stopped logging for id=4
2025-09-05 14:12:52,716 - INFO - Have successfully stopped logging for id=5
2025-09-05 14:12:52,771 - INFO - Data saved: training_data/square_large_20250905_141252.json
2025-09-05 14:12:52,771 - INFO - States: 1770, Commands: 1202, Duration: 17.7s
2025-09-05 14:12:52,771 - INFO - Successfully saved 1770 state data points
2025-09-05 14:12:52,771 - INFO - Successfully saved 1202 control commands
2025-09-05 14:12:52,771 - INFO - Closing link
2025-09-05 14:12:52,772 - INFO - Callback->Disconnected from [radio://0/80/2M/E7E7E7E7E6]
