2025-09-04 12:10:36,263 - INFO - === Fixed continuous data collector ===
2025-09-04 12:10:36,264 - INFO - Mission: vertical_small
2025-09-04 12:10:36,264 - INFO - Waypoints (absolute coordinates): [(0, 0, 0.3), (0, 0, 0.6), (0, 0, 0.9), (0, 0, 0.6), (0, 0, 0.3)]
2025-09-04 12:10:36,264 - INFO - Callback->Connection initialized[radio://0/80/2M/E7E7E7E7E6]
2025-09-04 12:10:36,516 - INFO - We are connected[radio://0/80/2M/E7E7E7E7E6], request connection setup
2025-09-04 12:10:36,516 - INFO - Request _request_protocol_version()
2025-09-04 12:10:36,523 - INFO - Callback->Connected to [radio://0/80/2M/E7E7E7E7E6]
2025-09-04 12:10:36,527 - INFO - _crt_service_callback
2025-09-04 12:10:36,527 - INFO - Request protocol version
2025-09-04 12:10:36,530 - INFO - _platform_callback
2025-09-04 12:10:36,530 - INFO - Protocol version (platform): 9
2025-09-04 12:10:36,542 - INFO - TOC for port [5] found in cache
2025-09-04 12:10:36,542 - INFO - Log TOC finished updating
2025-09-04 12:10:36,546 - INFO - 6 memories found
2025-09-04 12:10:36,620 - INFO - Memories finished updating
2025-09-04 12:10:36,625 - INFO - TOC for port [2] found in cache
2025-09-04 12:10:37,143 - INFO - Param TOC finished updating
2025-09-04 12:10:37,143 - INFO - Callback->Connection setup finished [radio://0/80/2M/E7E7E7E7E6]
2025-09-04 12:10:37,144 - INFO - Connected: radio://0/80/2M/E7E7E7E7E6
2025-09-04 12:10:37,152 - INFO - Have successfully started logging for id=1
2025-09-04 12:10:37,253 - INFO - Battery: 4.02V (safe)
2025-09-04 12:10:37,254 - INFO - Battery check passed: 4.02V
2025-09-04 12:10:37,254 - INFO - Initializing position estimator to origin...
2025-09-04 12:10:37,256 - INFO - Have successfully stopped logging for id=1
2025-09-04 12:10:37,257 - INFO - Have successfully deleted id=1
2025-09-04 12:10:38,408 - INFO - All parameters updated
2025-09-04 12:10:38,408 - INFO - Callback->Connection completed [radio://0/80/2M/E7E7E7E7E6]
2025-09-04 12:10:38,515 - INFO - Have successfully started logging for id=2
2025-09-04 12:10:45,013 - INFO - Waiting for position estimator...
2025-09-04 12:10:45,015 - INFO - Have successfully stopped logging for id=2
2025-09-04 12:10:45,018 - INFO - Have successfully deleted id=2
2025-09-04 12:10:45,025 - INFO - Have successfully started logging for id=3
2025-09-04 12:10:46,024 - INFO - Position estimator ready
2025-09-04 12:10:46,025 - INFO - Controller parameters optimized
2025-09-04 12:10:46,029 - INFO - Have successfully stopped logging for id=3
2025-09-04 12:10:46,029 - INFO - Have successfully deleted id=3
2025-09-04 12:10:48,099 - INFO - Start collection (slot:10ms)
2025-09-04 12:10:48,100 - INFO - Data collector started
2025-09-04 12:10:48,101 - INFO - Position manager started
2025-09-04 12:10:48,108 - INFO - Have successfully started logging for id=4
2025-09-04 12:10:48,109 - INFO - Have successfully started logging for id=5
2025-09-04 12:10:48,111 - INFO - Have successfully started logging for id=6
2025-09-04 12:10:48,201 - INFO - Position manager data flow is normal
2025-09-04 12:10:50,201 - INFO - Current position: (0.035, 0.066, 0.007, 90.0°)
2025-09-04 12:10:50,202 - INFO - Using absolute coordinate system, ignoring takeoff position offset
2025-09-04 12:10:51,202 - INFO - Pre-flight stabilization to first waypoint: (0.000, 0.000, 0.300)
2025-09-04 12:10:51,353 - INFO - Waypoint1: absolute coordinates(0.000, 0.000, 0.300, yaw=90.0°)
2025-09-04 12:10:51,353 - INFO - Flying to coordinate: (0.000, 0.000, 0.300)
2025-09-04 12:10:52,413 - INFO - Approaching target (error=0.143m), entering stabilization phase
2025-09-04 12:10:55,303 - INFO - Reached waypoint (error=0.073m, stable_count=30)
2025-09-04 12:10:55,903 - INFO - Waypoint2: absolute coordinates(0.000, 0.000, 0.600, yaw=90.0°)
2025-09-04 12:10:55,904 - INFO - Flying to coordinate: (0.000, 0.000, 0.600)
2025-09-04 12:10:56,354 - INFO - Approaching target (error=0.144m), entering stabilization phase
2025-09-04 12:10:56,954 - INFO - Reached waypoint (error=0.043m, stable_count=30)
2025-09-04 12:10:57,556 - INFO - Waypoint3: absolute coordinates(0.000, 0.000, 0.900, yaw=90.0°)
2025-09-04 12:10:57,556 - INFO - Flying to coordinate: (0.000, 0.000, 0.900)
2025-09-04 12:10:57,957 - INFO - Approaching target (error=0.146m), entering stabilization phase
2025-09-04 12:10:58,757 - INFO - Reached waypoint (error=0.075m, stable_count=30)
2025-09-04 12:10:59,357 - INFO - Waypoint4: absolute coordinates(0.000, 0.000, 0.600, yaw=90.0°)
2025-09-04 12:10:59,357 - INFO - Flying to coordinate: (0.000, 0.000, 0.600)
2025-09-04 12:11:00,307 - INFO - Approaching target (error=0.144m), entering stabilization phase
2025-09-04 12:11:00,997 - INFO - Reached waypoint (error=0.051m, stable_count=30)
2025-09-04 12:11:01,597 - INFO - Waypoint5: absolute coordinates(0.000, 0.000, 0.300, yaw=90.0°)
2025-09-04 12:11:01,597 - INFO - Flying to coordinate: (0.000, 0.000, 0.300)
2025-09-04 12:11:02,207 - INFO - Approaching target (error=0.145m), entering stabilization phase
2025-09-04 12:11:02,847 - INFO - Reached waypoint (error=0.031m, stable_count=30)
2025-09-04 12:11:03,449 - INFO - Returning to origin and landing...
2025-09-04 12:11:03,449 - INFO - Flying to coordinate: (0.000, 0.000, 0.200)
2025-09-04 12:11:03,449 - INFO - Approaching target (error=0.078m), entering stabilization phase
2025-09-04 12:11:03,839 - INFO - Reached waypoint (error=0.059m, stable_count=30)
2025-09-04 12:11:03,839 - INFO - Landing...
2025-09-04 12:11:03,839 - INFO - Landing complete
2025-09-04 12:11:03,846 - INFO - Have successfully stopped logging for id=6
2025-09-04 12:11:03,941 - INFO - Position manager stopped
2025-09-04 12:11:03,942 - INFO - Flight mission complete
2025-09-04 12:11:03,942 - INFO - Stopping data collector...
2025-09-04 12:11:03,943 - INFO - Collection complete - stats: {'created': 1584, 'complete': 1584, 'merged': 0, 'dropped': 0}
2025-09-04 12:11:03,950 - INFO - Have successfully stopped logging for id=4
2025-09-04 12:11:03,952 - INFO - Have successfully stopped logging for id=5
2025-09-04 12:11:03,999 - INFO - Data saved: training_data/vertical_small_20250904_121103.json
2025-09-04 12:11:03,999 - INFO - States: 1584, Commands: 1016, Duration: 15.8s
2025-09-04 12:11:03,999 - INFO - Successfully saved 1584 state data points
2025-09-04 12:11:03,999 - INFO - Successfully saved 1016 control commands
2025-09-04 12:11:03,999 - INFO - Closing link
2025-09-04 12:11:04,002 - INFO - Callback->Disconnected from [radio://0/80/2M/E7E7E7E7E6]
