2025-09-04 13:56:06,048 - INFO - === Fixed continuous data collector ===
2025-09-04 13:56:06,048 - INFO - Mission: vertical_med
2025-09-04 13:56:06,048 - INFO - Waypoints (absolute coordinates): [(0, 0, 0.4), (0, 0, 0.8), (0, 0, 0.4)]
2025-09-04 13:56:06,049 - INFO - Callback->Connection initialized[radio://0/80/2M/E7E7E7E7E6]
2025-09-04 13:56:06,299 - INFO - We are connected[radio://0/80/2M/E7E7E7E7E6], request connection setup
2025-09-04 13:56:06,299 - INFO - Request _request_protocol_version()
2025-09-04 13:56:06,303 - INFO - Callback->Connected to [radio://0/80/2M/E7E7E7E7E6]
2025-09-04 13:56:06,308 - INFO - _crt_service_callback
2025-09-04 13:56:06,308 - INFO - Request protocol version
2025-09-04 13:56:06,313 - INFO - _platform_callback
2025-09-04 13:56:06,313 - INFO - Protocol version (platform): 9
2025-09-04 13:56:06,325 - INFO - TOC for port [5] found in cache
2025-09-04 13:56:06,325 - INFO - Log TOC finished updating
2025-09-04 13:56:06,328 - INFO - 6 memories found
2025-09-04 13:56:06,409 - INFO - Memories finished updating
2025-09-04 13:56:06,414 - INFO - TOC for port [2] found in cache
2025-09-04 13:56:06,896 - INFO - Param TOC finished updating
2025-09-04 13:56:06,896 - INFO - Callback->Connection setup finished [radio://0/80/2M/E7E7E7E7E6]
2025-09-04 13:56:06,897 - INFO - Connected: radio://0/80/2M/E7E7E7E7E6
2025-09-04 13:56:06,906 - INFO - Have successfully started logging for id=1
2025-09-04 13:56:07,007 - INFO - Battery: 3.87V (safe)
2025-09-04 13:56:07,009 - INFO - Battery check passed: 3.87V
2025-09-04 13:56:07,009 - INFO - Initializing position estimator to origin...
2025-09-04 13:56:07,012 - INFO - Have successfully stopped logging for id=1
2025-09-04 13:56:07,012 - INFO - Have successfully deleted id=1
2025-09-04 13:56:08,152 - INFO - All parameters updated
2025-09-04 13:56:08,152 - INFO - Callback->Connection completed [radio://0/80/2M/E7E7E7E7E6]
2025-09-04 13:56:08,261 - INFO - Have successfully started logging for id=2
2025-09-04 13:56:14,759 - INFO - Waiting for position estimator...
2025-09-04 13:56:14,765 - INFO - Have successfully stopped logging for id=2
2025-09-04 13:56:14,767 - INFO - Have successfully deleted id=2
2025-09-04 13:56:14,777 - INFO - Have successfully started logging for id=3
2025-09-04 13:56:15,774 - INFO - Position estimator ready
2025-09-04 13:56:15,776 - INFO - Controller parameters optimized
2025-09-04 13:56:15,781 - INFO - Have successfully stopped logging for id=3
2025-09-04 13:56:15,782 - INFO - Have successfully deleted id=3
2025-09-04 13:56:17,901 - INFO - Start collection (slot:10ms)
2025-09-04 13:56:17,902 - INFO - Data collector started
2025-09-04 13:56:17,903 - INFO - Position manager started
2025-09-04 13:56:17,910 - INFO - Have successfully started logging for id=4
2025-09-04 13:56:17,912 - INFO - Have successfully started logging for id=5
2025-09-04 13:56:17,914 - INFO - Have successfully started logging for id=6
2025-09-04 13:56:18,003 - INFO - Position manager data flow is normal
2025-09-04 13:56:20,003 - INFO - Current position: (0.021, 0.030, 0.001, 90.1째)
2025-09-04 13:56:20,003 - INFO - Using absolute coordinate system, ignoring takeoff position offset
2025-09-04 13:56:21,003 - INFO - Pre-flight stabilization to first waypoint: (0.000, 0.000, 0.400)
2025-09-04 13:56:21,153 - INFO - Waypoint1: absolute coordinates(0.000, 0.000, 0.400, yaw=90.0째)
2025-09-04 13:56:21,153 - INFO - Flying to coordinate: (0.000, 0.000, 0.400)
2025-09-04 13:56:22,164 - INFO - Approaching target (error=0.148m), entering stabilization phase
2025-09-04 13:56:22,804 - INFO - Reached waypoint (error=0.039m, stable_count=30)
2025-09-04 13:56:23,404 - INFO - Waypoint2: absolute coordinates(0.000, 0.000, 0.800, yaw=90.0째)
2025-09-04 13:56:23,404 - INFO - Flying to coordinate: (0.000, 0.000, 0.800)
2025-09-04 13:56:23,964 - INFO - Approaching target (error=0.136m), entering stabilization phase
2025-09-04 13:56:24,554 - INFO - Reached waypoint (error=0.075m, stable_count=30)
2025-09-04 13:56:25,154 - INFO - Waypoint3: absolute coordinates(0.000, 0.000, 0.400, yaw=90.0째)
2025-09-04 13:56:25,154 - INFO - Flying to coordinate: (0.000, 0.000, 0.400)
2025-09-04 13:56:26,314 - INFO - Approaching target (error=0.140m), entering stabilization phase
2025-09-04 13:56:27,054 - INFO - Reached waypoint (error=0.050m, stable_count=30)
2025-09-04 13:56:27,655 - INFO - Returning to origin and landing...
2025-09-04 13:56:27,655 - INFO - Flying to coordinate: (0.000, 0.000, 0.200)
2025-09-04 13:56:28,105 - INFO - Approaching target (error=0.146m), entering stabilization phase
2025-09-04 13:56:28,945 - INFO - Reached waypoint (error=0.028m, stable_count=30)
2025-09-04 13:56:28,945 - INFO - Landing...
2025-09-04 13:56:28,945 - INFO - Landing complete
2025-09-04 13:56:28,951 - INFO - Have successfully stopped logging for id=6
2025-09-04 13:56:29,046 - INFO - Position manager stopped
2025-09-04 13:56:29,048 - INFO - Flight mission complete
2025-09-04 13:56:29,048 - INFO - Stopping data collector...
2025-09-04 13:56:29,051 - INFO - Collection complete - stats: {'created': 1114, 'complete': 1114, 'merged': 0, 'dropped': 0}
2025-09-04 13:56:29,057 - INFO - Have successfully stopped logging for id=4
2025-09-04 13:56:29,059 - INFO - Have successfully stopped logging for id=5
2025-09-04 13:56:29,089 - INFO - Data saved: training_data/vertical_med_20250904_135629.json
2025-09-04 13:56:29,089 - INFO - States: 1114, Commands: 644, Duration: 11.1s
2025-09-04 13:56:29,089 - INFO - Successfully saved 1114 state data points
2025-09-04 13:56:29,089 - INFO - Successfully saved 644 control commands
2025-09-04 13:56:29,089 - INFO - Closing link
2025-09-04 13:56:29,090 - INFO - Callback->Disconnected from [radio://0/80/2M/E7E7E7E7E6]
