2025-09-05 17:05:34,924 - INFO - === Fixed continuous data collector ===
2025-09-05 17:05:34,924 - INFO - Mission: triangle_med
2025-09-05 17:05:34,924 - INFO - Waypoints (absolute coordinates): [(0, 0, 0.6), (0.5, 0, 0.6), (0.25, 0.5, 0.6), (0, 0, 0.6)]
2025-09-05 17:05:34,925 - INFO - Callback->Connection initialized[radio://0/80/2M/E7E7E7E7E6]
2025-09-05 17:05:35,176 - INFO - We are connected[radio://0/80/2M/E7E7E7E7E6], request connection setup
2025-09-05 17:05:35,176 - INFO - Request _request_protocol_version()
2025-09-05 17:05:35,181 - INFO - Callback->Connected to [radio://0/80/2M/E7E7E7E7E6]
2025-09-05 17:05:35,184 - INFO - _crt_service_callback
2025-09-05 17:05:35,184 - INFO - Request protocol version
2025-09-05 17:05:35,187 - INFO - _platform_callback
2025-09-05 17:05:35,187 - INFO - Protocol version (platform): 9
2025-09-05 17:05:35,200 - INFO - TOC for port [5] found in cache
2025-09-05 17:05:35,200 - INFO - Log TOC finished updating
2025-09-05 17:05:35,203 - INFO - 6 memories found
2025-09-05 17:05:35,277 - INFO - Memories finished updating
2025-09-05 17:05:35,282 - INFO - TOC for port [2] found in cache
2025-09-05 17:05:35,759 - INFO - Param TOC finished updating
2025-09-05 17:05:35,759 - INFO - Callback->Connection setup finished [radio://0/80/2M/E7E7E7E7E6]
2025-09-05 17:05:35,760 - INFO - Connected: radio://0/80/2M/E7E7E7E7E6
2025-09-05 17:05:35,767 - INFO - Have successfully started logging for id=1
2025-09-05 17:05:35,868 - INFO - Battery: 3.95V (safe)
2025-09-05 17:05:35,869 - INFO - Battery check passed: 3.95V
2025-09-05 17:05:35,869 - INFO - Initializing position estimator to origin...
2025-09-05 17:05:35,873 - INFO - Have successfully stopped logging for id=1
2025-09-05 17:05:35,874 - INFO - Have successfully deleted id=1
2025-09-05 17:05:36,934 - INFO - All parameters updated
2025-09-05 17:05:36,934 - INFO - Callback->Connection completed [radio://0/80/2M/E7E7E7E7E6]
2025-09-05 17:05:37,042 - INFO - Have successfully started logging for id=2
2025-09-05 17:05:43,538 - INFO - Waiting for position estimator...
2025-09-05 17:05:43,540 - INFO - Have successfully stopped logging for id=2
2025-09-05 17:05:43,541 - INFO - Have successfully deleted id=2
2025-09-05 17:05:43,548 - INFO - Have successfully started logging for id=3
2025-09-05 17:05:44,547 - INFO - Position estimator ready
2025-09-05 17:05:44,547 - INFO - Controller parameters optimized
2025-09-05 17:05:44,550 - INFO - Have successfully stopped logging for id=3
2025-09-05 17:05:44,554 - INFO - Have successfully deleted id=3
2025-09-05 17:05:47,356 - INFO - Start collection (slot:10ms)
2025-09-05 17:05:47,357 - INFO - Data collector started
2025-09-05 17:05:47,358 - INFO - Position manager started
2025-09-05 17:05:47,365 - INFO - Have successfully started logging for id=4
2025-09-05 17:05:47,367 - INFO - Have successfully started logging for id=5
2025-09-05 17:05:47,368 - INFO - Have successfully started logging for id=6
2025-09-05 17:05:47,458 - INFO - Position manager data flow is normal
2025-09-05 17:05:49,459 - INFO - Current position: (-0.016, 0.013, 0.019, 89.6°)
2025-09-05 17:05:49,459 - INFO - Using absolute coordinate system, ignoring takeoff position offset
2025-09-05 17:05:50,459 - INFO - Pre-flight stabilization to first waypoint: (0.000, 0.000, 0.600)
2025-09-05 17:05:50,609 - INFO - Waypoint1: absolute coordinates(0.000, 0.000, 0.600, yaw=90.0°)
2025-09-05 17:05:50,609 - INFO - Flying to coordinate: (0.000, 0.000, 0.600)
2025-09-05 17:05:51,619 - INFO - Approaching target (error=0.146m), entering stabilization phase
2025-09-05 17:05:52,159 - INFO - Reached waypoint (error=0.032m, stable_count=30)
2025-09-05 17:05:52,805 - INFO - Waypoint2: absolute coordinates(0.500, 0.000, 0.600, yaw=90.0°)
2025-09-05 17:05:52,805 - INFO - Flying to coordinate: (0.500, 0.000, 0.600)
2025-09-05 17:05:53,565 - INFO - Approaching target (error=0.147m), entering stabilization phase
2025-09-05 17:05:55,905 - INFO - Reached waypoint (error=0.077m, stable_count=30)
2025-09-05 17:05:56,507 - INFO - Waypoint3: absolute coordinates(0.250, 0.500, 0.600, yaw=90.0°)
2025-09-05 17:05:56,507 - INFO - Flying to coordinate: (0.250, 0.500, 0.600)
2025-09-05 17:05:57,167 - INFO - Approaching target (error=0.141m), entering stabilization phase
2025-09-05 17:05:59,657 - INFO - Reached waypoint (error=0.068m, stable_count=30)
2025-09-05 17:06:00,257 - INFO - Waypoint4: absolute coordinates(0.000, 0.000, 0.600, yaw=90.0°)
2025-09-05 17:06:00,257 - INFO - Flying to coordinate: (0.000, 0.000, 0.600)
2025-09-05 17:06:01,007 - INFO - Approaching target (error=0.138m), entering stabilization phase
2025-09-05 17:06:01,397 - INFO - Reached waypoint (error=0.047m, stable_count=30)
2025-09-05 17:06:01,998 - INFO - Returning to origin and landing...
2025-09-05 17:06:01,998 - INFO - Flying to coordinate: (0.000, 0.000, 0.200)
2025-09-05 17:06:02,758 - INFO - Approaching target (error=0.146m), entering stabilization phase
2025-09-05 17:06:03,498 - INFO - Reached waypoint (error=0.058m, stable_count=30)
2025-09-05 17:06:03,498 - INFO - Landing...
2025-09-05 17:06:03,498 - INFO - Landing complete
2025-09-05 17:06:03,503 - INFO - Have successfully stopped logging for id=6
2025-09-05 17:06:03,599 - INFO - Position manager stopped
2025-09-05 17:06:03,600 - INFO - Flight mission complete
2025-09-05 17:06:03,600 - INFO - Stopping data collector...
2025-09-05 17:06:03,603 - INFO - Collection complete - stats: {'created': 1624, 'complete': 1624, 'merged': 0, 'dropped': 0}
2025-09-05 17:06:03,611 - INFO - Have successfully stopped logging for id=4
2025-09-05 17:06:03,611 - INFO - Have successfully stopped logging for id=5
2025-09-05 17:06:03,660 - INFO - Data saved: training_data/triangle_med_20250905_170603.json
2025-09-05 17:06:03,660 - INFO - States: 1624, Commands: 1105, Duration: 16.2s
2025-09-05 17:06:03,660 - INFO - Successfully saved 1624 state data points
2025-09-05 17:06:03,660 - INFO - Successfully saved 1105 control commands
2025-09-05 17:06:03,660 - INFO - Closing link
2025-09-05 17:06:03,661 - INFO - Callback->Disconnected from [radio://0/80/2M/E7E7E7E7E6]
