2025-09-04 15:03:56,036 - INFO - === Fixed continuous data collector ===
2025-09-04 15:03:56,037 - INFO - Mission: vertical_large
2025-09-04 15:03:56,038 - INFO - Waypoints (absolute coordinates): [(0, 0, 0.5), (0, 0, 1.0), (0, 0, 0.5)]
2025-09-04 15:03:56,038 - INFO - Callback->Connection initialized[radio://0/80/2M/E7E7E7E7E6]
2025-09-04 15:03:56,288 - INFO - We are connected[radio://0/80/2M/E7E7E7E7E6], request connection setup
2025-09-04 15:03:56,288 - INFO - Request _request_protocol_version()
2025-09-04 15:03:56,295 - INFO - Callback->Connected to [radio://0/80/2M/E7E7E7E7E6]
2025-09-04 15:03:56,299 - INFO - _crt_service_callback
2025-09-04 15:03:56,299 - INFO - Request protocol version
2025-09-04 15:03:56,305 - INFO - _platform_callback
2025-09-04 15:03:56,305 - INFO - Protocol version (platform): 9
2025-09-04 15:03:56,317 - INFO - TOC for port [5] found in cache
2025-09-04 15:03:56,317 - INFO - Log TOC finished updating
2025-09-04 15:03:56,320 - INFO - 6 memories found
2025-09-04 15:03:56,396 - INFO - Memories finished updating
2025-09-04 15:03:56,402 - INFO - TOC for port [2] found in cache
2025-09-04 15:03:57,054 - INFO - Param TOC finished updating
2025-09-04 15:03:57,054 - INFO - Callback->Connection setup finished [radio://0/80/2M/E7E7E7E7E6]
2025-09-04 15:03:57,055 - INFO - Connected: radio://0/80/2M/E7E7E7E7E6
2025-09-04 15:03:57,070 - INFO - Have successfully started logging for id=1
2025-09-04 15:03:57,171 - INFO - Battery: 3.79V (low)
2025-09-04 15:03:57,171 - ERROR - Battery voltage too low: 3.79V < 3.8V
2025-09-04 15:03:57,172 - INFO - Closing link
2025-09-04 15:03:57,175 - INFO - Have successfully stopped logging for id=1
2025-09-04 15:03:57,175 - INFO - Callback->Disconnected from [radio://0/80/2M/E7E7E7E7E6]
