2025-09-04 15:14:15,119 - INFO - === Fixed continuous data collector ===
2025-09-04 15:14:15,119 - INFO - Mission: vertical_large
2025-09-04 15:14:15,119 - INFO - Waypoints (absolute coordinates): [(0, 0, 0.5), (0, 0, 1.0), (0, 0, 0.5)]
2025-09-04 15:14:15,120 - INFO - Callback->Connection initialized[radio://0/80/2M/E7E7E7E7E6]
2025-09-04 15:14:15,370 - INFO - We are connected[radio://0/80/2M/E7E7E7E7E6], request connection setup
2025-09-04 15:14:15,370 - INFO - Request _request_protocol_version()
2025-09-04 15:14:15,376 - INFO - Callback->Connected to [radio://0/80/2M/E7E7E7E7E6]
2025-09-04 15:14:15,455 - INFO - _crt_service_callback
2025-09-04 15:14:15,455 - INFO - Request protocol version
2025-09-04 15:14:15,460 - INFO - _platform_callback
2025-09-04 15:14:15,460 - INFO - Protocol version (platform): 9
2025-09-04 15:14:15,471 - INFO - TOC for port [5] found in cache
2025-09-04 15:14:15,471 - INFO - Log TOC finished updating
2025-09-04 15:14:15,477 - INFO - 6 memories found
2025-09-04 15:14:15,553 - INFO - Memories finished updating
2025-09-04 15:14:15,559 - INFO - TOC for port [2] found in cache
2025-09-04 15:14:16,050 - INFO - Param TOC finished updating
2025-09-04 15:14:16,050 - INFO - Callback->Connection setup finished [radio://0/80/2M/E7E7E7E7E6]
2025-09-04 15:14:16,051 - INFO - Connected: radio://0/80/2M/E7E7E7E7E6
2025-09-04 15:14:16,060 - INFO - Have successfully started logging for id=1
2025-09-04 15:14:16,159 - INFO - Battery: 3.81V (safe)
2025-09-04 15:14:16,160 - INFO - Battery check passed: 3.81V
2025-09-04 15:14:16,160 - INFO - Initializing position estimator to origin...
2025-09-04 15:14:16,163 - INFO - Have successfully stopped logging for id=1
2025-09-04 15:14:16,164 - INFO - Have successfully deleted id=1
2025-09-04 15:14:17,465 - INFO - All parameters updated
2025-09-04 15:14:17,465 - INFO - Callback->Connection completed [radio://0/80/2M/E7E7E7E7E6]
2025-09-04 15:14:17,578 - INFO - Have successfully started logging for id=2
2025-09-04 15:14:25,571 - INFO - Waiting for position estimator...
2025-09-04 15:14:25,575 - INFO - Have successfully stopped logging for id=2
2025-09-04 15:14:25,576 - INFO - Have successfully deleted id=2
2025-09-04 15:14:25,581 - INFO - Have successfully started logging for id=3
2025-09-04 15:14:26,580 - INFO - Position estimator ready
2025-09-04 15:14:26,585 - INFO - Controller parameters optimized
2025-09-04 15:14:26,591 - INFO - Have successfully stopped logging for id=3
2025-09-04 15:14:26,593 - INFO - Have successfully deleted id=3
2025-09-04 15:14:29,622 - INFO - Start collection (slot:10ms)
2025-09-04 15:14:29,624 - INFO - Data collector started
2025-09-04 15:14:29,625 - INFO - Position manager started
2025-09-04 15:14:29,634 - INFO - Have successfully started logging for id=4
2025-09-04 15:14:29,635 - INFO - Have successfully started logging for id=5
2025-09-04 15:14:29,640 - INFO - Have successfully started logging for id=6
2025-09-04 15:14:29,725 - INFO - Position manager data flow is normal
2025-09-04 15:14:31,725 - INFO - Current position: (0.021, 0.045, -0.006, 89.6째)
2025-09-04 15:14:31,725 - INFO - Using absolute coordinate system, ignoring takeoff position offset
2025-09-04 15:14:32,725 - INFO - Pre-flight stabilization to first waypoint: (0.000, 0.000, 0.500)
2025-09-04 15:14:32,875 - INFO - Waypoint1: absolute coordinates(0.000, 0.000, 0.500, yaw=90.0째)
2025-09-04 15:14:32,875 - INFO - Flying to coordinate: (0.000, 0.000, 0.500)
2025-09-04 15:14:33,896 - INFO - Approaching target (error=0.143m), entering stabilization phase
2025-09-04 15:14:34,376 - INFO - Reached waypoint (error=0.047m, stable_count=30)
2025-09-04 15:14:34,976 - INFO - Waypoint2: absolute coordinates(0.000, 0.000, 1.000, yaw=90.0째)
2025-09-04 15:14:34,976 - INFO - Flying to coordinate: (0.000, 0.000, 1.000)
2025-09-04 15:14:35,586 - INFO - Approaching target (error=0.129m), entering stabilization phase
2025-09-04 15:14:38,076 - INFO - Reached waypoint (error=0.056m, stable_count=30)
2025-09-04 15:14:38,676 - INFO - Waypoint3: absolute coordinates(0.000, 0.000, 0.500, yaw=90.0째)
2025-09-04 15:14:38,676 - INFO - Flying to coordinate: (0.000, 0.000, 0.500)
2025-09-04 15:14:39,687 - INFO - Approaching target (error=0.150m), entering stabilization phase
2025-09-04 15:14:40,327 - INFO - Reached waypoint (error=0.054m, stable_count=30)
2025-09-04 15:14:40,927 - INFO - Returning to origin and landing...
2025-09-04 15:14:40,927 - INFO - Flying to coordinate: (0.000, 0.000, 0.200)
2025-09-04 15:14:41,487 - INFO - Approaching target (error=0.150m), entering stabilization phase
2025-09-04 15:14:42,127 - INFO - Reached waypoint (error=0.061m, stable_count=30)
2025-09-04 15:14:42,127 - INFO - Landing...
2025-09-04 15:14:42,129 - INFO - Landing complete
2025-09-04 15:14:42,133 - INFO - Have successfully stopped logging for id=6
2025-09-04 15:14:42,230 - INFO - Position manager stopped
2025-09-04 15:14:42,232 - INFO - Flight mission complete
2025-09-04 15:14:42,232 - INFO - Stopping data collector...
2025-09-04 15:14:42,234 - INFO - Collection complete - stats: {'created': 1260, 'complete': 1260, 'merged': 0, 'dropped': 0}
2025-09-04 15:14:42,247 - INFO - Have successfully stopped logging for id=4
2025-09-04 15:14:42,248 - INFO - Have successfully stopped logging for id=5
2025-09-04 15:14:42,279 - INFO - Data saved: training_data/vertical_large_20250904_151442.json
2025-09-04 15:14:42,279 - INFO - States: 1260, Commands: 790, Duration: 12.6s
2025-09-04 15:14:42,280 - INFO - Successfully saved 1260 state data points
2025-09-04 15:14:42,280 - INFO - Successfully saved 790 control commands
2025-09-04 15:14:42,280 - INFO - Closing link
2025-09-04 15:14:42,281 - INFO - Callback->Disconnected from [radio://0/80/2M/E7E7E7E7E6]
