2025-09-04 11:51:39,076 - INFO - === Fixed continuous data collector ===
2025-09-04 11:51:39,076 - INFO - Mission: vertical_small
2025-09-04 11:51:39,076 - INFO - Waypoints (absolute coordinates): [(0, 0, 0.3), (0, 0, 0.6), (0, 0, 0.9), (0, 0, 0.6), (0, 0, 0.3)]
2025-09-04 11:51:39,076 - INFO - Callback->Connection initialized[radio://0/80/2M/E7E7E7E7E6]
2025-09-04 11:51:39,328 - INFO - We are connected[radio://0/80/2M/E7E7E7E7E6], request connection setup
2025-09-04 11:51:39,329 - INFO - Request _request_protocol_version()
2025-09-04 11:51:39,331 - INFO - Callback->Connected to [radio://0/80/2M/E7E7E7E7E6]
2025-09-04 11:51:39,406 - INFO - _crt_service_callback
2025-09-04 11:51:39,406 - INFO - Request protocol version
2025-09-04 11:51:39,414 - INFO - _platform_callback
2025-09-04 11:51:39,414 - INFO - Protocol version (platform): 9
2025-09-04 11:51:41,971 - INFO - Saved cache to [./cache/E74449A3.json]
2025-09-04 11:51:41,971 - INFO - Log TOC finished updating
2025-09-04 11:51:41,975 - INFO - 6 memories found
2025-09-04 11:51:42,050 - INFO - Memories finished updating
2025-09-04 11:51:43,636 - INFO - Saved cache to [./cache/03D6DB4C.json]
2025-09-04 11:51:44,079 - INFO - Param TOC finished updating
2025-09-04 11:51:44,079 - INFO - Callback->Connection setup finished [radio://0/80/2M/E7E7E7E7E6]
2025-09-04 11:51:44,080 - INFO - Connected: radio://0/80/2M/E7E7E7E7E6
2025-09-04 11:51:44,092 - INFO - Have successfully started logging for id=1
2025-09-04 11:51:44,195 - INFO - Battery: 4.09V (safe)
2025-09-04 11:51:44,195 - INFO - Battery check passed: 4.09V
2025-09-04 11:51:44,196 - INFO - Initializing position estimator to origin...
2025-09-04 11:51:44,201 - INFO - Have successfully stopped logging for id=1
2025-09-04 11:51:44,201 - INFO - Have successfully deleted id=1
2025-09-04 11:51:45,430 - INFO - All parameters updated
2025-09-04 11:51:45,431 - INFO - Callback->Connection completed [radio://0/80/2M/E7E7E7E7E6]
2025-09-04 11:51:45,539 - INFO - Have successfully started logging for id=2
2025-09-04 11:51:53,535 - INFO - Waiting for position estimator...
2025-09-04 11:51:53,537 - INFO - Have successfully stopped logging for id=2
2025-09-04 11:51:53,538 - INFO - Have successfully deleted id=2
2025-09-04 11:51:53,545 - INFO - Have successfully started logging for id=3
2025-09-04 11:51:54,543 - INFO - Position estimator ready
2025-09-04 11:51:54,545 - INFO - Controller parameters optimized
2025-09-04 11:51:54,547 - INFO - Have successfully stopped logging for id=3
2025-09-04 11:51:54,548 - INFO - Have successfully deleted id=3
2025-09-04 11:51:58,596 - INFO - Start collection (slot:10ms)
2025-09-04 11:51:58,598 - INFO - Data collector started
2025-09-04 11:51:58,599 - INFO - Position manager started
2025-09-04 11:51:58,608 - INFO - Have successfully started logging for id=4
2025-09-04 11:51:58,609 - INFO - Have successfully started logging for id=5
2025-09-04 11:51:58,610 - INFO - Have successfully started logging for id=6
2025-09-04 11:51:58,699 - INFO - Position manager data flow is normal
2025-09-04 11:52:00,699 - INFO - Current position: (0.039, 0.060, 0.000, 89.3°)
2025-09-04 11:52:00,699 - INFO - Using absolute coordinate system, ignoring takeoff position offset
2025-09-04 11:52:01,699 - INFO - Pre-flight stabilization to first waypoint: (0.000, 0.000, 0.300)
2025-09-04 11:52:01,849 - INFO - Waypoint1: absolute coordinates(0.000, 0.000, 0.300, yaw=90.0°)
2025-09-04 11:52:01,849 - INFO - Flying to coordinate: (0.000, 0.000, 0.300)
2025-09-04 11:52:03,010 - INFO - Approaching target (error=0.143m), entering stabilization phase
2025-09-04 11:52:06,300 - INFO - Reached waypoint (error=0.067m, stable_count=30)
2025-09-04 11:52:06,900 - INFO - Waypoint2: absolute coordinates(0.000, 0.000, 0.600, yaw=90.0°)
2025-09-04 11:52:06,900 - INFO - Flying to coordinate: (0.000, 0.000, 0.600)
2025-09-04 11:52:07,360 - INFO - Approaching target (error=0.147m), entering stabilization phase
2025-09-04 11:52:07,950 - INFO - Reached waypoint (error=0.048m, stable_count=30)
2025-09-04 11:52:08,550 - INFO - Waypoint3: absolute coordinates(0.000, 0.000, 0.900, yaw=90.0°)
2025-09-04 11:52:08,550 - INFO - Flying to coordinate: (0.000, 0.000, 0.900)
2025-09-04 11:52:08,960 - INFO - Approaching target (error=0.150m), entering stabilization phase
2025-09-04 11:52:09,650 - INFO - Reached waypoint (error=0.056m, stable_count=30)
2025-09-04 11:52:10,251 - INFO - Waypoint4: absolute coordinates(0.000, 0.000, 0.600, yaw=90.0°)
2025-09-04 11:52:10,251 - INFO - Flying to coordinate: (0.000, 0.000, 0.600)
2025-09-04 11:52:11,101 - INFO - Approaching target (error=0.145m), entering stabilization phase
2025-09-04 11:52:11,601 - INFO - Reached waypoint (error=0.044m, stable_count=30)
2025-09-04 11:52:12,202 - INFO - Waypoint5: absolute coordinates(0.000, 0.000, 0.300, yaw=90.0°)
2025-09-04 11:52:12,203 - INFO - Flying to coordinate: (0.000, 0.000, 0.300)
2025-09-04 11:52:12,953 - INFO - Approaching target (error=0.145m), entering stabilization phase
2025-09-04 11:52:13,693 - INFO - Reached waypoint (error=0.075m, stable_count=30)
2025-09-04 11:52:14,293 - INFO - Returning to origin and landing...
2025-09-04 11:52:14,293 - INFO - Flying to coordinate: (0.000, 0.000, 0.200)
2025-09-04 11:52:14,293 - INFO - Approaching target (error=0.067m), entering stabilization phase
2025-09-04 11:52:14,593 - INFO - Reached waypoint (error=0.071m, stable_count=30)
2025-09-04 11:52:14,593 - INFO - Landing...
2025-09-04 11:52:14,594 - INFO - Landing complete
2025-09-04 11:52:14,601 - INFO - Have successfully stopped logging for id=6
2025-09-04 11:52:14,696 - INFO - Position manager stopped
2025-09-04 11:52:14,697 - INFO - Flight mission complete
2025-09-04 11:52:14,697 - INFO - Stopping data collector...
2025-09-04 11:52:14,699 - INFO - Collection complete - stats: {'created': 1610, 'complete': 1610, 'merged': 0, 'dropped': 0}
2025-09-04 11:52:14,705 - INFO - Have successfully stopped logging for id=4
2025-09-04 11:52:14,708 - INFO - Have successfully stopped logging for id=5
2025-09-04 11:52:14,756 - INFO - Data saved: training_data/vertical_small_20250904_115214.json
2025-09-04 11:52:14,756 - INFO - States: 1610, Commands: 1040, Duration: 16.1s
2025-09-04 11:52:14,756 - INFO - Successfully saved 1610 state data points
2025-09-04 11:52:14,756 - INFO - Successfully saved 1040 control commands
2025-09-04 11:52:14,756 - INFO - Closing link
2025-09-04 11:52:14,757 - INFO - Callback->Disconnected from [radio://0/80/2M/E7E7E7E7E6]
