2025-09-05 13:53:01,882 - INFO - === Fixed continuous data collector ===
2025-09-05 13:53:01,882 - INFO - Mission: square_med
2025-09-05 13:53:01,882 - INFO - Waypoints (absolute coordinates): [(0, 0, 0.4), (0.5, 0, 0.4), (0.5, 0.5, 0.4), (0, 0.5, 0.4), (0, 0, 0.4)]
2025-09-05 13:53:01,882 - INFO - Callback->Connection initialized[radio://0/80/2M/E7E7E7E7E6]
2025-09-05 13:53:02,134 - INFO - We are connected[radio://0/80/2M/E7E7E7E7E6], request connection setup
2025-09-05 13:53:02,134 - INFO - Request _request_protocol_version()
2025-09-05 13:53:02,140 - INFO - Callback->Connected to [radio://0/80/2M/E7E7E7E7E6]
2025-09-05 13:53:02,227 - INFO - _crt_service_callback
2025-09-05 13:53:02,227 - INFO - Request protocol version
2025-09-05 13:53:02,233 - INFO - _platform_callback
2025-09-05 13:53:02,233 - INFO - Protocol version (platform): 9
2025-09-05 13:53:02,245 - INFO - TOC for port [5] found in cache
2025-09-05 13:53:02,245 - INFO - Log TOC finished updating
2025-09-05 13:53:02,249 - INFO - 6 memories found
2025-09-05 13:53:02,337 - INFO - Memories finished updating
2025-09-05 13:53:02,342 - INFO - TOC for port [2] found in cache
2025-09-05 13:53:02,919 - INFO - Param TOC finished updating
2025-09-05 13:53:02,919 - INFO - Callback->Connection setup finished [radio://0/80/2M/E7E7E7E7E6]
2025-09-05 13:53:02,920 - INFO - Connected: radio://0/80/2M/E7E7E7E7E6
2025-09-05 13:53:02,929 - INFO - Have successfully started logging for id=1
2025-09-05 13:53:03,029 - INFO - Battery: 4.02V (safe)
2025-09-05 13:53:03,030 - INFO - Battery check passed: 4.02V
2025-09-05 13:53:03,030 - INFO - Initializing position estimator to origin...
2025-09-05 13:53:03,034 - INFO - Have successfully stopped logging for id=1
2025-09-05 13:53:03,035 - INFO - Have successfully deleted id=1
2025-09-05 13:53:04,280 - INFO - All parameters updated
2025-09-05 13:53:04,280 - INFO - Callback->Connection completed [radio://0/80/2M/E7E7E7E7E6]
2025-09-05 13:53:04,388 - INFO - Have successfully started logging for id=2
2025-09-05 13:53:11,382 - INFO - Waiting for position estimator...
2025-09-05 13:53:11,386 - INFO - Have successfully stopped logging for id=2
2025-09-05 13:53:11,387 - INFO - Have successfully deleted id=2
2025-09-05 13:53:11,391 - INFO - Have successfully started logging for id=3
2025-09-05 13:53:12,392 - INFO - Position estimator ready
2025-09-05 13:53:12,393 - INFO - Controller parameters optimized
2025-09-05 13:53:12,395 - INFO - Have successfully stopped logging for id=3
2025-09-05 13:53:12,396 - INFO - Have successfully deleted id=3
2025-09-05 13:53:17,294 - INFO - Start collection (slot:10ms)
2025-09-05 13:53:17,295 - INFO - Data collector started
2025-09-05 13:53:17,296 - INFO - Position manager started
2025-09-05 13:53:17,304 - INFO - Have successfully started logging for id=4
2025-09-05 13:53:17,307 - INFO - Have successfully started logging for id=5
2025-09-05 13:53:17,309 - INFO - Have successfully started logging for id=6
2025-09-05 13:53:17,397 - INFO - Position manager data flow is normal
2025-09-05 13:53:19,397 - INFO - Current position: (0.012, 0.040, 0.014, 90.5°)
2025-09-05 13:53:19,397 - INFO - Using absolute coordinate system, ignoring takeoff position offset
2025-09-05 13:53:20,397 - INFO - Pre-flight stabilization to first waypoint: (0.000, 0.000, 0.400)
2025-09-05 13:53:20,548 - INFO - Waypoint1: absolute coordinates(0.000, 0.000, 0.400, yaw=90.0°)
2025-09-05 13:53:20,548 - INFO - Flying to coordinate: (0.000, 0.000, 0.400)
2025-09-05 13:53:21,508 - INFO - Approaching target (error=0.142m), entering stabilization phase
2025-09-05 13:53:22,098 - INFO - Reached waypoint (error=0.035m, stable_count=30)
2025-09-05 13:53:22,698 - INFO - Waypoint2: absolute coordinates(0.500, 0.000, 0.400, yaw=90.0°)
2025-09-05 13:53:22,698 - INFO - Flying to coordinate: (0.500, 0.000, 0.400)
2025-09-05 13:53:23,558 - INFO - Approaching target (error=0.145m), entering stabilization phase
2025-09-05 13:53:25,548 - INFO - Reached waypoint (error=0.059m, stable_count=30)
2025-09-05 13:53:26,150 - INFO - Waypoint3: absolute coordinates(0.500, 0.500, 0.400, yaw=90.0°)
2025-09-05 13:53:26,150 - INFO - Flying to coordinate: (0.500, 0.500, 0.400)
2025-09-05 13:53:26,810 - INFO - Approaching target (error=0.146m), entering stabilization phase
2025-09-05 13:53:27,800 - INFO - Reached waypoint (error=0.044m, stable_count=30)
2025-09-05 13:53:28,401 - INFO - Waypoint4: absolute coordinates(0.000, 0.500, 0.400, yaw=90.0°)
2025-09-05 13:53:28,401 - INFO - Flying to coordinate: (0.000, 0.500, 0.400)
2025-09-05 13:53:29,101 - INFO - Approaching target (error=0.122m), entering stabilization phase
2025-09-05 13:53:29,541 - INFO - Reached waypoint (error=0.022m, stable_count=30)
2025-09-05 13:53:30,142 - INFO - Waypoint5: absolute coordinates(0.000, 0.000, 0.400, yaw=90.0°)
2025-09-05 13:53:30,142 - INFO - Flying to coordinate: (0.000, 0.000, 0.400)
2025-09-05 13:53:30,852 - INFO - Approaching target (error=0.129m), entering stabilization phase
2025-09-05 13:53:31,242 - INFO - Reached waypoint (error=0.029m, stable_count=30)
2025-09-05 13:53:31,842 - INFO - Returning to origin and landing...
2025-09-05 13:53:31,842 - INFO - Flying to coordinate: (0.000, 0.000, 0.200)
2025-09-05 13:53:32,302 - INFO - Approaching target (error=0.140m), entering stabilization phase
2025-09-05 13:53:33,042 - INFO - Reached waypoint (error=0.053m, stable_count=30)
2025-09-05 13:53:33,042 - INFO - Landing...
2025-09-05 13:53:33,043 - INFO - Landing complete
2025-09-05 13:53:33,049 - INFO - Have successfully stopped logging for id=6
2025-09-05 13:53:33,144 - INFO - Position manager stopped
2025-09-05 13:53:33,146 - INFO - Flight mission complete
2025-09-05 13:53:33,146 - INFO - Stopping data collector...
2025-09-05 13:53:33,148 - INFO - Collection complete - stats: {'created': 1585, 'complete': 1585, 'merged': 0, 'dropped': 0}
2025-09-05 13:53:33,158 - INFO - Have successfully stopped logging for id=4
2025-09-05 13:53:33,161 - INFO - Have successfully stopped logging for id=5
2025-09-05 13:53:33,203 - INFO - Data saved: training_data/square_med_20250905_135333.json
2025-09-05 13:53:33,203 - INFO - States: 1585, Commands: 1016, Duration: 15.8s
2025-09-05 13:53:33,203 - INFO - Successfully saved 1585 state data points
2025-09-05 13:53:33,203 - INFO - Successfully saved 1016 control commands
2025-09-05 13:53:33,203 - INFO - Closing link
2025-09-05 13:53:33,204 - INFO - Callback->Disconnected from [radio://0/80/2M/E7E7E7E7E6]
