2025-09-04 12:55:10,002 - INFO - === Fixed continuous data collector ===
2025-09-04 12:55:10,002 - INFO - Mission: vertical_small
2025-09-04 12:55:10,002 - INFO - Waypoints (absolute coordinates): [(0, 0, 0.3), (0, 0, 0.6), (0, 0, 0.9), (0, 0, 0.6), (0, 0, 0.3)]
2025-09-04 12:55:10,003 - INFO - Callback->Connection initialized[radio://0/80/2M/E7E7E7E7E6]
2025-09-04 12:55:10,253 - INFO - We are connected[radio://0/80/2M/E7E7E7E7E6], request connection setup
2025-09-04 12:55:10,253 - INFO - Request _request_protocol_version()
2025-09-04 12:55:10,256 - INFO - Callback->Connected to [radio://0/80/2M/E7E7E7E7E6]
2025-09-04 12:55:10,261 - INFO - _crt_service_callback
2025-09-04 12:55:10,261 - INFO - Request protocol version
2025-09-04 12:55:10,266 - INFO - _platform_callback
2025-09-04 12:55:10,266 - INFO - Protocol version (platform): 9
2025-09-04 12:55:10,279 - INFO - TOC for port [5] found in cache
2025-09-04 12:55:10,279 - INFO - Log TOC finished updating
2025-09-04 12:55:10,282 - INFO - 6 memories found
2025-09-04 12:55:10,363 - INFO - Memories finished updating
2025-09-04 12:55:10,368 - INFO - TOC for port [2] found in cache
2025-09-04 12:55:10,916 - INFO - Param TOC finished updating
2025-09-04 12:55:10,916 - INFO - Callback->Connection setup finished [radio://0/80/2M/E7E7E7E7E6]
2025-09-04 12:55:10,917 - INFO - Connected: radio://0/80/2M/E7E7E7E7E6
2025-09-04 12:55:10,928 - INFO - Have successfully started logging for id=1
2025-09-04 12:55:11,028 - INFO - Battery: 3.99V (safe)
2025-09-04 12:55:11,031 - INFO - Battery check passed: 3.99V
2025-09-04 12:55:11,031 - INFO - Initializing position estimator to origin...
2025-09-04 12:55:11,034 - INFO - Have successfully stopped logging for id=1
2025-09-04 12:55:11,037 - INFO - Have successfully deleted id=1
2025-09-04 12:55:12,433 - INFO - All parameters updated
2025-09-04 12:55:12,433 - INFO - Callback->Connection completed [radio://0/80/2M/E7E7E7E7E6]
2025-09-04 12:55:12,544 - INFO - Have successfully started logging for id=2
2025-09-04 12:55:19,537 - INFO - Waiting for position estimator...
2025-09-04 12:55:19,542 - INFO - Have successfully stopped logging for id=2
2025-09-04 12:55:19,543 - INFO - Have successfully deleted id=2
2025-09-04 12:55:19,550 - INFO - Have successfully started logging for id=3
2025-09-04 12:55:20,547 - INFO - Position estimator ready
2025-09-04 12:55:20,549 - INFO - Controller parameters optimized
2025-09-04 12:55:20,552 - INFO - Have successfully stopped logging for id=3
2025-09-04 12:55:20,554 - INFO - Have successfully deleted id=3
2025-09-04 12:55:23,606 - INFO - Start collection (slot:10ms)
2025-09-04 12:55:23,607 - INFO - Data collector started
2025-09-04 12:55:23,609 - INFO - Position manager started
2025-09-04 12:55:23,618 - INFO - Have successfully started logging for id=4
2025-09-04 12:55:23,619 - INFO - Have successfully started logging for id=5
2025-09-04 12:55:23,620 - INFO - Have successfully started logging for id=6
2025-09-04 12:55:23,709 - INFO - Position manager data flow is normal
2025-09-04 12:55:25,709 - INFO - Current position: (0.030, 0.051, 0.027, 90.5°)
2025-09-04 12:55:25,709 - INFO - Using absolute coordinate system, ignoring takeoff position offset
2025-09-04 12:55:26,710 - INFO - Pre-flight stabilization to first waypoint: (0.000, 0.000, 0.300)
2025-09-04 12:55:26,860 - INFO - Waypoint1: absolute coordinates(0.000, 0.000, 0.300, yaw=90.0°)
2025-09-04 12:55:26,860 - INFO - Flying to coordinate: (0.000, 0.000, 0.300)
2025-09-04 12:55:28,020 - INFO - Approaching target (error=0.144m), entering stabilization phase
2025-09-04 12:55:31,160 - INFO - Reached waypoint (error=0.071m, stable_count=30)
2025-09-04 12:55:31,760 - INFO - Waypoint2: absolute coordinates(0.000, 0.000, 0.600, yaw=90.0°)
2025-09-04 12:55:31,760 - INFO - Flying to coordinate: (0.000, 0.000, 0.600)
2025-09-04 12:55:32,270 - INFO - Approaching target (error=0.142m), entering stabilization phase
2025-09-04 12:55:33,310 - INFO - Reached waypoint (error=0.062m, stable_count=30)
2025-09-04 12:55:33,911 - INFO - Waypoint3: absolute coordinates(0.000, 0.000, 0.900, yaw=90.0°)
2025-09-04 12:55:33,911 - INFO - Flying to coordinate: (0.000, 0.000, 0.900)
2025-09-04 12:55:34,271 - INFO - Approaching target (error=0.147m), entering stabilization phase
2025-09-04 12:55:35,861 - INFO - Reached waypoint (error=0.060m, stable_count=30)
2025-09-04 12:55:36,461 - INFO - Waypoint4: absolute coordinates(0.000, 0.000, 0.600, yaw=90.0°)
2025-09-04 12:55:36,461 - INFO - Flying to coordinate: (0.000, 0.000, 0.600)
2025-09-04 12:55:37,211 - INFO - Approaching target (error=0.149m), entering stabilization phase
2025-09-04 12:55:37,951 - INFO - Reached waypoint (error=0.049m, stable_count=30)
2025-09-04 12:55:38,552 - INFO - Waypoint5: absolute coordinates(0.000, 0.000, 0.300, yaw=90.0°)
2025-09-04 12:55:38,552 - INFO - Flying to coordinate: (0.000, 0.000, 0.300)
2025-09-04 12:55:39,162 - INFO - Approaching target (error=0.139m), entering stabilization phase
2025-09-04 12:55:39,852 - INFO - Reached waypoint (error=0.030m, stable_count=30)
2025-09-04 12:55:40,452 - INFO - Returning to origin and landing...
2025-09-04 12:55:40,452 - INFO - Flying to coordinate: (0.000, 0.000, 0.200)
2025-09-04 12:55:40,452 - INFO - Approaching target (error=0.067m), entering stabilization phase
2025-09-04 12:55:40,752 - INFO - Reached waypoint (error=0.056m, stable_count=30)
2025-09-04 12:55:40,752 - INFO - Landing...
2025-09-04 12:55:40,754 - INFO - Landing complete
2025-09-04 12:55:40,759 - INFO - Have successfully stopped logging for id=6
2025-09-04 12:55:40,856 - INFO - Position manager stopped
2025-09-04 12:55:40,857 - INFO - Flight mission complete
2025-09-04 12:55:40,857 - INFO - Stopping data collector...
2025-09-04 12:55:40,859 - INFO - Collection complete - stats: {'created': 1725, 'complete': 1725, 'merged': 0, 'dropped': 0}
2025-09-04 12:55:40,871 - INFO - Have successfully stopped logging for id=4
2025-09-04 12:55:40,876 - INFO - Have successfully stopped logging for id=5
2025-09-04 12:55:40,919 - INFO - Data saved: training_data/vertical_small_20250904_125540.json
2025-09-04 12:55:40,919 - INFO - States: 1725, Commands: 1154, Duration: 17.2s
2025-09-04 12:55:40,920 - INFO - Successfully saved 1725 state data points
2025-09-04 12:55:40,920 - INFO - Successfully saved 1154 control commands
2025-09-04 12:55:40,920 - INFO - Closing link
2025-09-04 12:55:40,921 - INFO - Callback->Disconnected from [radio://0/80/2M/E7E7E7E7E6]
