2025-09-04 13:59:00,974 - INFO - === Fixed continuous data collector ===
2025-09-04 13:59:00,975 - INFO - Mission: vertical_med
2025-09-04 13:59:00,975 - INFO - Waypoints (absolute coordinates): [(0, 0, 0.4), (0, 0, 0.8), (0, 0, 0.4)]
2025-09-04 13:59:00,975 - INFO - Callback->Connection initialized[radio://0/80/2M/E7E7E7E7E6]
2025-09-04 13:59:01,225 - INFO - We are connected[radio://0/80/2M/E7E7E7E7E6], request connection setup
2025-09-04 13:59:01,225 - INFO - Request _request_protocol_version()
2025-09-04 13:59:01,228 - INFO - Callback->Connected to [radio://0/80/2M/E7E7E7E7E6]
2025-09-04 13:59:01,235 - INFO - _crt_service_callback
2025-09-04 13:59:01,235 - INFO - Request protocol version
2025-09-04 13:59:01,241 - INFO - _platform_callback
2025-09-04 13:59:01,241 - INFO - Protocol version (platform): 9
2025-09-04 13:59:01,255 - INFO - TOC for port [5] found in cache
2025-09-04 13:59:01,255 - INFO - Log TOC finished updating
2025-09-04 13:59:01,260 - INFO - 6 memories found
2025-09-04 13:59:01,340 - INFO - Memories finished updating
2025-09-04 13:59:01,356 - INFO - TOC for port [2] found in cache
2025-09-04 13:59:01,843 - INFO - Param TOC finished updating
2025-09-04 13:59:01,843 - INFO - Callback->Connection setup finished [radio://0/80/2M/E7E7E7E7E6]
2025-09-04 13:59:01,844 - INFO - Connected: radio://0/80/2M/E7E7E7E7E6
2025-09-04 13:59:01,855 - INFO - Have successfully started logging for id=1
2025-09-04 13:59:01,955 - INFO - Battery: 3.84V (safe)
2025-09-04 13:59:01,956 - INFO - Battery check passed: 3.84V
2025-09-04 13:59:01,956 - INFO - Initializing position estimator to origin...
2025-09-04 13:59:01,960 - INFO - Have successfully stopped logging for id=1
2025-09-04 13:59:01,961 - INFO - Have successfully deleted id=1
2025-09-04 13:59:03,125 - INFO - All parameters updated
2025-09-04 13:59:03,125 - INFO - Callback->Connection completed [radio://0/80/2M/E7E7E7E7E6]
2025-09-04 13:59:03,234 - INFO - Have successfully started logging for id=2
2025-09-04 13:59:09,730 - INFO - Waiting for position estimator...
2025-09-04 13:59:09,733 - INFO - Have successfully stopped logging for id=2
2025-09-04 13:59:09,733 - INFO - Have successfully deleted id=2
2025-09-04 13:59:09,737 - INFO - Have successfully started logging for id=3
2025-09-04 13:59:10,737 - INFO - Position estimator ready
2025-09-04 13:59:10,738 - INFO - Controller parameters optimized
2025-09-04 13:59:10,741 - INFO - Have successfully stopped logging for id=3
2025-09-04 13:59:10,744 - INFO - Have successfully deleted id=3
2025-09-04 13:59:14,221 - INFO - Start collection (slot:10ms)
2025-09-04 13:59:14,222 - INFO - Data collector started
2025-09-04 13:59:14,223 - INFO - Position manager started
2025-09-04 13:59:14,229 - INFO - Have successfully started logging for id=4
2025-09-04 13:59:14,231 - INFO - Have successfully started logging for id=5
2025-09-04 13:59:14,232 - INFO - Have successfully started logging for id=6
2025-09-04 13:59:14,323 - INFO - Position manager data flow is normal
2025-09-04 13:59:16,324 - INFO - Current position: (0.027, 0.044, 0.008, 89.9째)
2025-09-04 13:59:16,324 - INFO - Using absolute coordinate system, ignoring takeoff position offset
2025-09-04 13:59:17,324 - INFO - Pre-flight stabilization to first waypoint: (0.000, 0.000, 0.400)
2025-09-04 13:59:17,474 - INFO - Waypoint1: absolute coordinates(0.000, 0.000, 0.400, yaw=90.0째)
2025-09-04 13:59:17,474 - INFO - Flying to coordinate: (0.000, 0.000, 0.400)
2025-09-04 13:59:18,534 - INFO - Approaching target (error=0.144m), entering stabilization phase
2025-09-04 13:59:19,124 - INFO - Reached waypoint (error=0.050m, stable_count=30)
2025-09-04 13:59:19,724 - INFO - Waypoint2: absolute coordinates(0.000, 0.000, 0.800, yaw=90.0째)
2025-09-04 13:59:19,724 - INFO - Flying to coordinate: (0.000, 0.000, 0.800)
2025-09-04 13:59:20,285 - INFO - Approaching target (error=0.134m), entering stabilization phase
2025-09-04 13:59:20,825 - INFO - Reached waypoint (error=0.067m, stable_count=30)
2025-09-04 13:59:21,425 - INFO - Waypoint3: absolute coordinates(0.000, 0.000, 0.400, yaw=90.0째)
2025-09-04 13:59:21,425 - INFO - Flying to coordinate: (0.000, 0.000, 0.400)
2025-09-04 13:59:22,385 - INFO - Approaching target (error=0.149m), entering stabilization phase
2025-09-04 13:59:23,125 - INFO - Reached waypoint (error=0.044m, stable_count=30)
2025-09-04 13:59:23,725 - INFO - Returning to origin and landing...
2025-09-04 13:59:23,725 - INFO - Flying to coordinate: (0.000, 0.000, 0.200)
2025-09-04 13:59:24,186 - INFO - Approaching target (error=0.146m), entering stabilization phase
2025-09-04 13:59:24,875 - INFO - Reached waypoint (error=0.049m, stable_count=30)
2025-09-04 13:59:24,876 - INFO - Landing...
2025-09-04 13:59:24,876 - INFO - Landing complete
2025-09-04 13:59:24,880 - INFO - Have successfully stopped logging for id=6
2025-09-04 13:59:24,977 - INFO - Position manager stopped
2025-09-04 13:59:24,978 - INFO - Flight mission complete
2025-09-04 13:59:24,979 - INFO - Stopping data collector...
2025-09-04 13:59:24,981 - INFO - Collection complete - stats: {'created': 1075, 'complete': 1075, 'merged': 0, 'dropped': 0}
2025-09-04 13:59:24,987 - INFO - Have successfully stopped logging for id=4
2025-09-04 13:59:24,988 - INFO - Have successfully stopped logging for id=5
2025-09-04 13:59:25,019 - INFO - Data saved: training_data/vertical_med_20250904_135924.json
2025-09-04 13:59:25,019 - INFO - States: 1075, Commands: 605, Duration: 10.8s
2025-09-04 13:59:25,019 - INFO - Successfully saved 1075 state data points
2025-09-04 13:59:25,019 - INFO - Successfully saved 605 control commands
2025-09-04 13:59:25,019 - INFO - Closing link
2025-09-04 13:59:25,020 - INFO - Callback->Disconnected from [radio://0/80/2M/E7E7E7E7E6]
