2025-09-05 16:59:19,873 - INFO - === Fixed continuous data collector ===
2025-09-05 16:59:19,873 - INFO - Mission: triangle_med
2025-09-05 16:59:19,873 - INFO - Waypoints (absolute coordinates): [(0, 0, 0.6), (0.5, 0, 0.6), (0.25, 0.5, 0.6), (0, 0, 0.6)]
2025-09-05 16:59:19,873 - INFO - Callback->Connection initialized[radio://0/80/2M/E7E7E7E7E6]
2025-09-05 16:59:20,125 - INFO - We are connected[radio://0/80/2M/E7E7E7E7E6], request connection setup
2025-09-05 16:59:20,126 - INFO - Request _request_protocol_version()
2025-09-05 16:59:20,128 - INFO - Callback->Connected to [radio://0/80/2M/E7E7E7E7E6]
2025-09-05 16:59:20,133 - INFO - _crt_service_callback
2025-09-05 16:59:20,133 - INFO - Request protocol version
2025-09-05 16:59:20,136 - INFO - _platform_callback
2025-09-05 16:59:20,136 - INFO - Protocol version (platform): 9
2025-09-05 16:59:20,147 - INFO - TOC for port [5] found in cache
2025-09-05 16:59:20,147 - INFO - Log TOC finished updating
2025-09-05 16:59:20,150 - INFO - 6 memories found
2025-09-05 16:59:20,227 - INFO - Memories finished updating
2025-09-05 16:59:20,232 - INFO - TOC for port [2] found in cache
2025-09-05 16:59:20,697 - INFO - Param TOC finished updating
2025-09-05 16:59:20,697 - INFO - Callback->Connection setup finished [radio://0/80/2M/E7E7E7E7E6]
2025-09-05 16:59:20,699 - INFO - Connected: radio://0/80/2M/E7E7E7E7E6
2025-09-05 16:59:20,708 - INFO - Have successfully started logging for id=1
2025-09-05 16:59:20,806 - INFO - Battery: 3.86V (safe)
2025-09-05 16:59:20,807 - INFO - Battery check passed: 3.86V
2025-09-05 16:59:20,807 - INFO - Initializing position estimator to origin...
2025-09-05 16:59:20,809 - INFO - Have successfully stopped logging for id=1
2025-09-05 16:59:20,810 - INFO - Have successfully deleted id=1
2025-09-05 16:59:21,882 - INFO - All parameters updated
2025-09-05 16:59:21,882 - INFO - Callback->Connection completed [radio://0/80/2M/E7E7E7E7E6]
2025-09-05 16:59:21,991 - INFO - Have successfully started logging for id=2
2025-09-05 16:59:28,488 - INFO - Waiting for position estimator...
2025-09-05 16:59:28,491 - INFO - Have successfully stopped logging for id=2
2025-09-05 16:59:28,491 - INFO - Have successfully deleted id=2
2025-09-05 16:59:28,498 - INFO - Have successfully started logging for id=3
2025-09-05 16:59:29,496 - INFO - Position estimator ready
2025-09-05 16:59:29,497 - INFO - Controller parameters optimized
2025-09-05 16:59:29,500 - INFO - Have successfully stopped logging for id=3
2025-09-05 16:59:29,501 - INFO - Have successfully deleted id=3
2025-09-05 16:59:33,175 - INFO - Start collection (slot:10ms)
2025-09-05 16:59:33,176 - INFO - Data collector started
2025-09-05 16:59:33,177 - INFO - Position manager started
2025-09-05 16:59:33,184 - INFO - Have successfully started logging for id=4
2025-09-05 16:59:33,185 - INFO - Have successfully started logging for id=5
2025-09-05 16:59:33,188 - INFO - Have successfully started logging for id=6
2025-09-05 16:59:33,277 - INFO - Position manager data flow is normal
2025-09-05 16:59:35,277 - INFO - Current position: (-0.022, 0.007, 0.048, 89.7°)
2025-09-05 16:59:35,277 - INFO - Using absolute coordinate system, ignoring takeoff position offset
2025-09-05 16:59:36,277 - INFO - Pre-flight stabilization to first waypoint: (0.000, 0.000, 0.600)
2025-09-05 16:59:36,427 - INFO - Waypoint1: absolute coordinates(0.000, 0.000, 0.600, yaw=90.0°)
2025-09-05 16:59:36,427 - INFO - Flying to coordinate: (0.000, 0.000, 0.600)
2025-09-05 16:59:37,488 - INFO - Approaching target (error=0.136m), entering stabilization phase
2025-09-05 16:59:37,978 - INFO - Reached waypoint (error=0.032m, stable_count=30)
2025-09-05 16:59:38,578 - INFO - Waypoint2: absolute coordinates(0.500, 0.000, 0.600, yaw=90.0°)
2025-09-05 16:59:38,578 - INFO - Flying to coordinate: (0.500, 0.000, 0.600)
2025-09-05 16:59:39,288 - INFO - Approaching target (error=0.138m), entering stabilization phase
2025-09-05 16:59:41,678 - INFO - Reached waypoint (error=0.069m, stable_count=30)
2025-09-05 16:59:42,278 - INFO - Waypoint3: absolute coordinates(0.250, 0.500, 0.600, yaw=90.0°)
2025-09-05 16:59:42,278 - INFO - Flying to coordinate: (0.250, 0.500, 0.600)
2025-09-05 16:59:42,938 - INFO - Approaching target (error=0.147m), entering stabilization phase
2025-09-05 16:59:43,328 - INFO - Reached waypoint (error=0.077m, stable_count=30)
2025-09-05 16:59:43,929 - INFO - Waypoint4: absolute coordinates(0.000, 0.000, 0.600, yaw=90.0°)
2025-09-05 16:59:43,929 - INFO - Flying to coordinate: (0.000, 0.000, 0.600)
2025-09-05 16:59:44,929 - INFO - Approaching target (error=0.139m), entering stabilization phase
2025-09-05 16:59:46,419 - INFO - Reached waypoint (error=0.016m, stable_count=30)
2025-09-05 16:59:47,019 - INFO - Returning to origin and landing...
2025-09-05 16:59:47,019 - INFO - Flying to coordinate: (0.000, 0.000, 0.200)
2025-09-05 16:59:47,780 - INFO - Approaching target (error=0.137m), entering stabilization phase
2025-09-05 16:59:48,570 - INFO - Reached waypoint (error=0.065m, stable_count=30)
2025-09-05 16:59:48,570 - INFO - Landing...
2025-09-05 16:59:48,570 - INFO - Landing complete
2025-09-05 16:59:48,575 - INFO - Have successfully stopped logging for id=6
2025-09-05 16:59:48,672 - INFO - Position manager stopped
2025-09-05 16:59:48,673 - INFO - Flight mission complete
2025-09-05 16:59:48,673 - INFO - Stopping data collector...
2025-09-05 16:59:48,674 - INFO - Collection complete - stats: {'created': 1550, 'complete': 1550, 'merged': 0, 'dropped': 0}
2025-09-05 16:59:48,681 - INFO - Have successfully stopped logging for id=4
2025-09-05 16:59:48,684 - INFO - Have successfully stopped logging for id=5
2025-09-05 16:59:48,728 - INFO - Data saved: training_data/triangle_med_20250905_165948.json
2025-09-05 16:59:48,728 - INFO - States: 1550, Commands: 1029, Duration: 15.5s
2025-09-05 16:59:48,729 - INFO - Successfully saved 1550 state data points
2025-09-05 16:59:48,729 - INFO - Successfully saved 1029 control commands
2025-09-05 16:59:48,729 - INFO - Closing link
2025-09-05 16:59:48,730 - INFO - Callback->Disconnected from [radio://0/80/2M/E7E7E7E7E6]
