2025-09-05 15:52:29,862 - INFO - === Fixed continuous data collector ===
2025-09-05 15:52:29,862 - INFO - Mission: triangle_small
2025-09-05 15:52:29,862 - INFO - Waypoints (absolute coordinates): [(0, 0, 0.6), (0.4, 0, 0.6), (0.2, 0.4, 0.6), (0, 0, 0.6)]
2025-09-05 15:52:29,863 - INFO - Callback->Connection initialized[radio://0/80/2M/E7E7E7E7E6]
2025-09-05 15:52:30,112 - INFO - We are connected[radio://0/80/2M/E7E7E7E7E6], request connection setup
2025-09-05 15:52:30,112 - INFO - Request _request_protocol_version()
2025-09-05 15:52:30,116 - INFO - Callback->Connected to [radio://0/80/2M/E7E7E7E7E6]
2025-09-05 15:52:30,121 - INFO - _crt_service_callback
2025-09-05 15:52:30,121 - INFO - Request protocol version
2025-09-05 15:52:30,124 - INFO - _platform_callback
2025-09-05 15:52:30,124 - INFO - Protocol version (platform): 9
2025-09-05 15:52:30,134 - INFO - TOC for port [5] found in cache
2025-09-05 15:52:30,134 - INFO - Log TOC finished updating
2025-09-05 15:52:30,137 - INFO - 6 memories found
2025-09-05 15:52:30,216 - INFO - Memories finished updating
2025-09-05 15:52:30,222 - INFO - TOC for port [2] found in cache
2025-09-05 15:52:30,801 - INFO - Param TOC finished updating
2025-09-05 15:52:30,801 - INFO - Callback->Connection setup finished [radio://0/80/2M/E7E7E7E7E6]
2025-09-05 15:52:30,802 - INFO - Connected: radio://0/80/2M/E7E7E7E7E6
2025-09-05 15:52:30,814 - INFO - Have successfully started logging for id=1
2025-09-05 15:52:30,913 - INFO - Battery: 4.01V (safe)
2025-09-05 15:52:30,914 - INFO - Battery check passed: 4.01V
2025-09-05 15:52:30,914 - INFO - Initializing position estimator to origin...
2025-09-05 15:52:30,916 - INFO - Have successfully stopped logging for id=1
2025-09-05 15:52:30,917 - INFO - Have successfully deleted id=1
2025-09-05 15:52:32,023 - INFO - All parameters updated
2025-09-05 15:52:32,023 - INFO - Callback->Connection completed [radio://0/80/2M/E7E7E7E7E6]
2025-09-05 15:52:32,135 - INFO - Have successfully started logging for id=2
2025-09-05 15:52:38,626 - INFO - Waiting for position estimator...
2025-09-05 15:52:38,629 - INFO - Have successfully stopped logging for id=2
2025-09-05 15:52:38,630 - INFO - Have successfully deleted id=2
2025-09-05 15:52:38,635 - INFO - Have successfully started logging for id=3
2025-09-05 15:52:39,635 - INFO - Position estimator ready
2025-09-05 15:52:39,636 - INFO - Controller parameters optimized
2025-09-05 15:52:39,638 - INFO - Have successfully stopped logging for id=3
2025-09-05 15:52:39,639 - INFO - Have successfully deleted id=3
2025-09-05 15:52:41,817 - INFO - Start collection (slot:10ms)
2025-09-05 15:52:41,819 - INFO - Data collector started
2025-09-05 15:52:41,820 - INFO - Position manager started
2025-09-05 15:52:41,830 - INFO - Have successfully started logging for id=4
2025-09-05 15:52:41,831 - INFO - Have successfully started logging for id=5
2025-09-05 15:52:41,832 - INFO - Have successfully started logging for id=6
2025-09-05 15:52:41,920 - INFO - Position manager data flow is normal
2025-09-05 15:52:43,920 - INFO - Current position: (-0.026, 0.010, 0.002, 89.5°)
2025-09-05 15:52:43,920 - INFO - Using absolute coordinate system, ignoring takeoff position offset
2025-09-05 15:52:44,920 - INFO - Pre-flight stabilization to first waypoint: (0.000, 0.000, 0.600)
2025-09-05 15:52:45,071 - INFO - Waypoint1: absolute coordinates(0.000, 0.000, 0.600, yaw=90.0°)
2025-09-05 15:52:45,071 - INFO - Flying to coordinate: (0.000, 0.000, 0.600)
2025-09-05 15:52:55,071 - WARNING - Waypoint timeout 10.0s (final error may still be acceptable)
2025-09-05 15:52:55,071 - WARNING - Waypoint1 not fully reached, continuing execution
2025-09-05 15:52:55,671 - INFO - Waypoint2: absolute coordinates(0.400, 0.000, 0.600, yaw=90.0°)
2025-09-05 15:52:55,671 - INFO - Flying to coordinate: (0.400, 0.000, 0.600)
2025-09-05 15:52:56,018 - INFO - Have successfully stopped logging for id=6
2025-09-05 15:52:56,114 - INFO - Position manager stopped
2025-09-05 15:52:56,115 - INFO - Stopping data collector...
2025-09-05 15:52:56,117 - INFO - Collection complete - stats: {'created': 1430, 'complete': 1428, 'merged': 0, 'dropped': 1}
2025-09-05 15:52:56,127 - INFO - Have successfully stopped logging for id=4
2025-09-05 15:52:56,128 - INFO - Have successfully stopped logging for id=5
2025-09-05 15:52:56,171 - INFO - Data saved: training_data/triangle_small_20250905_155256.json
2025-09-05 15:52:56,171 - INFO - States: 1428, Commands: 1060, Duration: 14.3s
2025-09-05 15:52:56,171 - INFO - Successfully saved 1428 state data points
2025-09-05 15:52:56,171 - INFO - Successfully saved 1060 control commands
2025-09-05 15:52:56,171 - INFO - Closing link
2025-09-05 15:52:56,172 - INFO - Callback->Disconnected from [radio://0/80/2M/E7E7E7E7E6]
2025-09-05 15:52:56,237 - INFO - User interrupted
