2025-09-05 14:29:57,279 - INFO - === Fixed continuous data collector ===
2025-09-05 14:29:57,280 - INFO - Mission: square_large
2025-09-05 14:29:57,280 - INFO - Waypoints (absolute coordinates): [(0, 0, 0.5), (0.7, 0, 0.5), (0.7, 0.7, 0.5), (0, 0.7, 0.5), (0, 0, 0.5)]
2025-09-05 14:29:57,280 - INFO - Callback->Connection initialized[radio://0/80/2M/E7E7E7E7E6]
2025-09-05 14:29:57,532 - INFO - We are connected[radio://0/80/2M/E7E7E7E7E6], request connection setup
2025-09-05 14:29:57,533 - INFO - Request _request_protocol_version()
2025-09-05 14:29:57,536 - INFO - Callback->Connected to [radio://0/80/2M/E7E7E7E7E6]
2025-09-05 14:29:57,614 - INFO - _crt_service_callback
2025-09-05 14:29:57,614 - INFO - Request protocol version
2025-09-05 14:29:57,617 - INFO - _platform_callback
2025-09-05 14:29:57,617 - INFO - Protocol version (platform): 9
2025-09-05 14:29:57,629 - INFO - TOC for port [5] found in cache
2025-09-05 14:29:57,629 - INFO - Log TOC finished updating
2025-09-05 14:29:57,631 - INFO - 6 memories found
2025-09-05 14:29:57,704 - INFO - Memories finished updating
2025-09-05 14:29:57,710 - INFO - TOC for port [2] found in cache
2025-09-05 14:29:58,221 - INFO - Param TOC finished updating
2025-09-05 14:29:58,222 - INFO - Callback->Connection setup finished [radio://0/80/2M/E7E7E7E7E6]
2025-09-05 14:29:58,223 - INFO - Connected: radio://0/80/2M/E7E7E7E7E6
2025-09-05 14:29:58,230 - INFO - Have successfully started logging for id=1
2025-09-05 14:29:58,330 - INFO - Battery: 3.94V (safe)
2025-09-05 14:29:58,335 - INFO - Battery check passed: 3.94V
2025-09-05 14:29:58,335 - INFO - Initializing position estimator to origin...
2025-09-05 14:29:58,339 - INFO - Have successfully stopped logging for id=1
2025-09-05 14:29:58,339 - INFO - Have successfully deleted id=1
2025-09-05 14:29:59,580 - INFO - All parameters updated
2025-09-05 14:29:59,580 - INFO - Callback->Connection completed [radio://0/80/2M/E7E7E7E7E6]
2025-09-05 14:29:59,691 - INFO - Have successfully started logging for id=2
2025-09-05 14:30:06,187 - INFO - Waiting for position estimator...
2025-09-05 14:30:06,189 - INFO - Have successfully stopped logging for id=2
2025-09-05 14:30:06,190 - INFO - Have successfully deleted id=2
2025-09-05 14:30:06,194 - INFO - Have successfully started logging for id=3
2025-09-05 14:30:07,196 - INFO - Position estimator ready
2025-09-05 14:30:07,197 - INFO - Controller parameters optimized
2025-09-05 14:30:07,200 - INFO - Have successfully stopped logging for id=3
2025-09-05 14:30:07,201 - INFO - Have successfully deleted id=3
2025-09-05 14:30:09,666 - INFO - Start collection (slot:10ms)
2025-09-05 14:30:09,667 - INFO - Data collector started
2025-09-05 14:30:09,668 - INFO - Position manager started
2025-09-05 14:30:09,675 - INFO - Have successfully started logging for id=4
2025-09-05 14:30:09,676 - INFO - Have successfully started logging for id=5
2025-09-05 14:30:09,678 - INFO - Have successfully started logging for id=6
2025-09-05 14:30:09,768 - INFO - Position manager data flow is normal
2025-09-05 14:30:11,769 - INFO - Current position: (-0.007, 0.002, 0.005, 90.1°)
2025-09-05 14:30:11,769 - INFO - Using absolute coordinate system, ignoring takeoff position offset
2025-09-05 14:30:12,769 - INFO - Pre-flight stabilization to first waypoint: (0.000, 0.000, 0.500)
2025-09-05 14:30:12,919 - INFO - Waypoint1: absolute coordinates(0.000, 0.000, 0.500, yaw=90.0°)
2025-09-05 14:30:12,919 - INFO - Flying to coordinate: (0.000, 0.000, 0.500)
2025-09-05 14:30:13,879 - INFO - Approaching target (error=0.143m), entering stabilization phase
2025-09-05 14:30:14,369 - INFO - Reached waypoint (error=0.019m, stable_count=30)
2025-09-05 14:30:14,973 - INFO - Waypoint2: absolute coordinates(0.700, 0.000, 0.500, yaw=90.0°)
2025-09-05 14:30:14,973 - INFO - Flying to coordinate: (0.700, 0.000, 0.500)
2025-09-05 14:30:15,933 - INFO - Approaching target (error=0.143m), entering stabilization phase
2025-09-05 14:30:17,773 - INFO - Reached waypoint (error=0.040m, stable_count=30)
2025-09-05 14:30:18,374 - INFO - Waypoint3: absolute coordinates(0.700, 0.700, 0.500, yaw=90.0°)
2025-09-05 14:30:18,374 - INFO - Flying to coordinate: (0.700, 0.700, 0.500)
2025-09-05 14:30:19,224 - INFO - Approaching target (error=0.104m), entering stabilization phase
2025-09-05 14:30:19,964 - INFO - Reached waypoint (error=0.024m, stable_count=30)
2025-09-05 14:30:20,564 - INFO - Waypoint4: absolute coordinates(0.000, 0.700, 0.500, yaw=90.0°)
2025-09-05 14:30:20,565 - INFO - Flying to coordinate: (0.000, 0.700, 0.500)
2025-09-05 14:30:21,775 - INFO - Approaching target (error=0.149m), entering stabilization phase
2025-09-05 14:30:23,165 - INFO - Reached waypoint (error=0.059m, stable_count=30)
2025-09-05 14:30:23,765 - INFO - Waypoint5: absolute coordinates(0.000, 0.000, 0.500, yaw=90.0°)
2025-09-05 14:30:23,765 - INFO - Flying to coordinate: (0.000, 0.000, 0.500)
2025-09-05 14:30:24,725 - INFO - Approaching target (error=0.122m), entering stabilization phase
2025-09-05 14:30:25,155 - INFO - Reached waypoint (error=0.062m, stable_count=30)
2025-09-05 14:30:25,755 - INFO - Returning to origin and landing...
2025-09-05 14:30:25,755 - INFO - Flying to coordinate: (0.000, 0.000, 0.200)
2025-09-05 14:30:26,466 - INFO - Approaching target (error=0.148m), entering stabilization phase
2025-09-05 14:30:27,456 - INFO - Reached waypoint (error=0.030m, stable_count=30)
2025-09-05 14:30:27,456 - INFO - Landing...
2025-09-05 14:30:27,456 - INFO - Landing complete
2025-09-05 14:30:27,463 - INFO - Have successfully stopped logging for id=6
2025-09-05 14:30:27,557 - INFO - Position manager stopped
2025-09-05 14:30:27,559 - INFO - Flight mission complete
2025-09-05 14:30:27,559 - INFO - Stopping data collector...
2025-09-05 14:30:27,561 - INFO - Collection complete - stats: {'created': 1789, 'complete': 1789, 'merged': 0, 'dropped': 0}
2025-09-05 14:30:27,568 - INFO - Have successfully stopped logging for id=4
2025-09-05 14:30:27,570 - INFO - Have successfully stopped logging for id=5
2025-09-05 14:30:27,625 - INFO - Data saved: training_data/square_large_20250905_143027.json
2025-09-05 14:30:27,625 - INFO - States: 1789, Commands: 1220, Duration: 17.9s
2025-09-05 14:30:27,625 - INFO - Successfully saved 1789 state data points
2025-09-05 14:30:27,625 - INFO - Successfully saved 1220 control commands
2025-09-05 14:30:27,625 - INFO - Closing link
2025-09-05 14:30:27,626 - INFO - Callback->Disconnected from [radio://0/80/2M/E7E7E7E7E6]
