2025-09-05 16:56:47,804 - INFO - === Fixed continuous data collector ===
2025-09-05 16:56:47,804 - INFO - Mission: triangle_med
2025-09-05 16:56:47,805 - INFO - Waypoints (absolute coordinates): [(0, 0, 0.6), (0.5, 0, 0.6), (0.25, 0.5, 0.6), (0, 0, 0.6)]
2025-09-05 16:56:47,805 - INFO - Callback->Connection initialized[radio://0/80/2M/E7E7E7E7E6]
2025-09-05 16:56:48,056 - INFO - We are connected[radio://0/80/2M/E7E7E7E7E6], request connection setup
2025-09-05 16:56:48,057 - INFO - Request _request_protocol_version()
2025-09-05 16:56:48,059 - INFO - Callback->Connected to [radio://0/80/2M/E7E7E7E7E6]
2025-09-05 16:56:48,063 - INFO - _crt_service_callback
2025-09-05 16:56:48,063 - INFO - Request protocol version
2025-09-05 16:56:48,067 - INFO - _platform_callback
2025-09-05 16:56:48,067 - INFO - Protocol version (platform): 9
2025-09-05 16:56:48,076 - INFO - TOC for port [5] found in cache
2025-09-05 16:56:48,076 - INFO - Log TOC finished updating
2025-09-05 16:56:48,079 - INFO - 6 memories found
2025-09-05 16:56:48,157 - INFO - Memories finished updating
2025-09-05 16:56:48,162 - INFO - TOC for port [2] found in cache
2025-09-05 16:56:48,622 - INFO - Param TOC finished updating
2025-09-05 16:56:48,622 - INFO - Callback->Connection setup finished [radio://0/80/2M/E7E7E7E7E6]
2025-09-05 16:56:48,623 - INFO - Connected: radio://0/80/2M/E7E7E7E7E6
2025-09-05 16:56:48,631 - INFO - Have successfully started logging for id=1
2025-09-05 16:56:48,731 - INFO - Battery: 3.97V (safe)
2025-09-05 16:56:48,731 - INFO - Battery check passed: 3.97V
2025-09-05 16:56:48,731 - INFO - Initializing position estimator to origin...
2025-09-05 16:56:48,734 - INFO - Have successfully stopped logging for id=1
2025-09-05 16:56:48,735 - INFO - Have successfully deleted id=1
2025-09-05 16:56:49,765 - INFO - All parameters updated
2025-09-05 16:56:49,765 - INFO - Callback->Connection completed [radio://0/80/2M/E7E7E7E7E6]
2025-09-05 16:56:49,873 - INFO - Have successfully started logging for id=2
2025-09-05 16:56:56,368 - INFO - Waiting for position estimator...
2025-09-05 16:56:56,371 - INFO - Have successfully stopped logging for id=2
2025-09-05 16:56:56,371 - INFO - Have successfully deleted id=2
2025-09-05 16:56:56,379 - INFO - Have successfully started logging for id=3
2025-09-05 16:56:57,377 - INFO - Position estimator ready
2025-09-05 16:56:57,378 - INFO - Controller parameters optimized
2025-09-05 16:56:57,382 - INFO - Have successfully stopped logging for id=3
2025-09-05 16:56:57,382 - INFO - Have successfully deleted id=3
2025-09-05 16:56:59,839 - INFO - Start collection (slot:10ms)
2025-09-05 16:56:59,840 - INFO - Data collector started
2025-09-05 16:56:59,841 - INFO - Position manager started
2025-09-05 16:56:59,849 - INFO - Have successfully started logging for id=4
2025-09-05 16:56:59,850 - INFO - Have successfully started logging for id=5
2025-09-05 16:56:59,851 - INFO - Have successfully started logging for id=6
2025-09-05 16:56:59,941 - INFO - Position manager data flow is normal
2025-09-05 16:57:01,941 - INFO - Current position: (-0.018, 0.002, 0.032, 89.7°)
2025-09-05 16:57:01,941 - INFO - Using absolute coordinate system, ignoring takeoff position offset
2025-09-05 16:57:02,942 - INFO - Pre-flight stabilization to first waypoint: (0.000, 0.000, 0.600)
2025-09-05 16:57:03,092 - INFO - Waypoint1: absolute coordinates(0.000, 0.000, 0.600, yaw=90.0°)
2025-09-05 16:57:03,092 - INFO - Flying to coordinate: (0.000, 0.000, 0.600)
2025-09-05 16:57:04,152 - INFO - Approaching target (error=0.139m), entering stabilization phase
2025-09-05 16:57:04,692 - INFO - Reached waypoint (error=0.047m, stable_count=30)
2025-09-05 16:57:05,292 - INFO - Waypoint2: absolute coordinates(0.500, 0.000, 0.600, yaw=90.0°)
2025-09-05 16:57:05,292 - INFO - Flying to coordinate: (0.500, 0.000, 0.600)
2025-09-05 16:57:06,052 - INFO - Approaching target (error=0.119m), entering stabilization phase
2025-09-05 16:57:06,442 - INFO - Reached waypoint (error=0.074m, stable_count=30)
2025-09-05 16:57:07,044 - INFO - Waypoint3: absolute coordinates(0.250, 0.500, 0.600, yaw=90.0°)
2025-09-05 16:57:07,044 - INFO - Flying to coordinate: (0.250, 0.500, 0.600)
2025-09-05 16:57:07,854 - INFO - Approaching target (error=0.137m), entering stabilization phase
2025-09-05 16:57:10,094 - INFO - Reached waypoint (error=0.041m, stable_count=30)
2025-09-05 16:57:10,694 - INFO - Waypoint4: absolute coordinates(0.000, 0.000, 0.600, yaw=90.0°)
2025-09-05 16:57:10,694 - INFO - Flying to coordinate: (0.000, 0.000, 0.600)
2025-09-05 16:57:11,494 - INFO - Approaching target (error=0.132m), entering stabilization phase
2025-09-05 16:57:11,884 - INFO - Reached waypoint (error=0.035m, stable_count=30)
2025-09-05 16:57:12,485 - INFO - Returning to origin and landing...
2025-09-05 16:57:12,485 - INFO - Flying to coordinate: (0.000, 0.000, 0.200)
2025-09-05 16:57:13,245 - INFO - Approaching target (error=0.144m), entering stabilization phase
2025-09-05 16:57:14,035 - INFO - Reached waypoint (error=0.066m, stable_count=30)
2025-09-05 16:57:14,035 - INFO - Landing...
2025-09-05 16:57:14,035 - INFO - Landing complete
2025-09-05 16:57:14,041 - INFO - Have successfully stopped logging for id=6
2025-09-05 16:57:14,136 - INFO - Position manager stopped
2025-09-05 16:57:14,137 - INFO - Flight mission complete
2025-09-05 16:57:14,137 - INFO - Stopping data collector...
2025-09-05 16:57:14,140 - INFO - Collection complete - stats: {'created': 1430, 'complete': 1429, 'merged': 0, 'dropped': 1}
2025-09-05 16:57:14,146 - INFO - Have successfully stopped logging for id=4
2025-09-05 16:57:14,146 - INFO - Have successfully stopped logging for id=5
2025-09-05 16:57:14,188 - INFO - Data saved: training_data/triangle_med_20250905_165714.json
2025-09-05 16:57:14,189 - INFO - States: 1429, Commands: 910, Duration: 14.3s
2025-09-05 16:57:14,189 - INFO - Successfully saved 1429 state data points
2025-09-05 16:57:14,189 - INFO - Successfully saved 910 control commands
2025-09-05 16:57:14,189 - INFO - Closing link
2025-09-05 16:57:14,189 - INFO - Callback->Disconnected from [radio://0/80/2M/E7E7E7E7E6]
