2025-09-05 16:30:04,329 - INFO - === Fixed continuous data collector ===
2025-09-05 16:30:04,329 - INFO - Mission: triangle_med
2025-09-05 16:30:04,329 - INFO - Waypoints (absolute coordinates): [(0, 0, 0.6), (0.5, 0, 0.6), (0.25, 0.5, 0.6), (0, 0, 0.6)]
2025-09-05 16:30:04,330 - INFO - Callback->Connection initialized[radio://0/80/2M/E7E7E7E7E6]
2025-09-05 16:30:04,581 - INFO - We are connected[radio://0/80/2M/E7E7E7E7E6], request connection setup
2025-09-05 16:30:04,581 - INFO - Request _request_protocol_version()
2025-09-05 16:30:04,585 - INFO - Callback->Connected to [radio://0/80/2M/E7E7E7E7E6]
2025-09-05 16:30:04,648 - INFO - _crt_service_callback
2025-09-05 16:30:04,648 - INFO - Request protocol version
2025-09-05 16:30:04,652 - INFO - _platform_callback
2025-09-05 16:30:04,652 - INFO - Protocol version (platform): 9
2025-09-05 16:30:04,662 - INFO - TOC for port [5] found in cache
2025-09-05 16:30:04,662 - INFO - Log TOC finished updating
2025-09-05 16:30:04,665 - INFO - 6 memories found
2025-09-05 16:30:04,741 - INFO - Memories finished updating
2025-09-05 16:30:04,747 - INFO - TOC for port [2] found in cache
2025-09-05 16:30:05,166 - INFO - Param TOC finished updating
2025-09-05 16:30:05,166 - INFO - Callback->Connection setup finished [radio://0/80/2M/E7E7E7E7E6]
2025-09-05 16:30:05,167 - INFO - Connected: radio://0/80/2M/E7E7E7E7E6
2025-09-05 16:30:05,176 - INFO - Have successfully started logging for id=1
2025-09-05 16:30:05,277 - INFO - Battery: 4.12V (safe)
2025-09-05 16:30:05,278 - INFO - Battery check passed: 4.12V
2025-09-05 16:30:05,278 - INFO - Initializing position estimator to origin...
2025-09-05 16:30:05,280 - INFO - Have successfully stopped logging for id=1
2025-09-05 16:30:05,281 - INFO - Have successfully deleted id=1
2025-09-05 16:30:06,283 - INFO - All parameters updated
2025-09-05 16:30:06,283 - INFO - Callback->Connection completed [radio://0/80/2M/E7E7E7E7E6]
2025-09-05 16:30:06,392 - INFO - Have successfully started logging for id=2
2025-09-05 16:30:12,887 - INFO - Waiting for position estimator...
2025-09-05 16:30:12,889 - INFO - Have successfully stopped logging for id=2
2025-09-05 16:30:12,890 - INFO - Have successfully deleted id=2
2025-09-05 16:30:12,896 - INFO - Have successfully started logging for id=3
2025-09-05 16:30:13,894 - INFO - Position estimator ready
2025-09-05 16:30:13,895 - INFO - Controller parameters optimized
2025-09-05 16:30:13,898 - INFO - Have successfully stopped logging for id=3
2025-09-05 16:30:13,899 - INFO - Have successfully deleted id=3
2025-09-05 16:30:17,920 - INFO - Start collection (slot:10ms)
2025-09-05 16:30:17,921 - INFO - Data collector started
2025-09-05 16:30:17,922 - INFO - Position manager started
2025-09-05 16:30:17,928 - INFO - Have successfully started logging for id=4
2025-09-05 16:30:17,929 - INFO - Have successfully started logging for id=5
2025-09-05 16:30:17,931 - INFO - Have successfully started logging for id=6
2025-09-05 16:30:18,022 - INFO - Position manager data flow is normal
2025-09-05 16:30:20,022 - INFO - Current position: (0.002, 0.057, 0.002, 89.8°)
2025-09-05 16:30:20,022 - INFO - Using absolute coordinate system, ignoring takeoff position offset
2025-09-05 16:30:21,022 - INFO - Pre-flight stabilization to first waypoint: (0.000, 0.000, 0.600)
2025-09-05 16:30:21,172 - INFO - Waypoint1: absolute coordinates(0.000, 0.000, 0.600, yaw=90.0°)
2025-09-05 16:30:21,172 - INFO - Flying to coordinate: (0.000, 0.000, 0.600)
2025-09-05 16:30:22,233 - INFO - Approaching target (error=0.131m), entering stabilization phase
2025-09-05 16:30:22,723 - INFO - Reached waypoint (error=0.045m, stable_count=30)
2025-09-05 16:30:23,325 - INFO - Waypoint2: absolute coordinates(0.500, 0.000, 0.600, yaw=90.0°)
2025-09-05 16:30:23,325 - INFO - Flying to coordinate: (0.500, 0.000, 0.600)
2025-09-05 16:30:24,035 - INFO - Approaching target (error=0.126m), entering stabilization phase
2025-09-05 16:30:25,765 - INFO - Reached waypoint (error=0.059m, stable_count=30)
2025-09-05 16:30:26,365 - INFO - Waypoint3: absolute coordinates(0.250, 0.500, 0.600, yaw=90.0°)
2025-09-05 16:30:26,366 - INFO - Flying to coordinate: (0.250, 0.500, 0.600)
2025-09-05 16:30:27,076 - INFO - Approaching target (error=0.127m), entering stabilization phase
2025-09-05 16:30:29,716 - INFO - Reached waypoint (error=0.049m, stable_count=30)
2025-09-05 16:30:30,317 - INFO - Waypoint4: absolute coordinates(0.000, 0.000, 0.600, yaw=90.0°)
2025-09-05 16:30:30,317 - INFO - Flying to coordinate: (0.000, 0.000, 0.600)
2025-09-05 16:30:31,177 - INFO - Approaching target (error=0.140m), entering stabilization phase
2025-09-05 16:30:31,617 - INFO - Reached waypoint (error=0.029m, stable_count=30)
2025-09-05 16:30:32,217 - INFO - Returning to origin and landing...
2025-09-05 16:30:32,217 - INFO - Flying to coordinate: (0.000, 0.000, 0.200)
2025-09-05 16:30:32,977 - INFO - Approaching target (error=0.129m), entering stabilization phase
2025-09-05 16:30:33,567 - INFO - Reached waypoint (error=0.067m, stable_count=30)
2025-09-05 16:30:33,567 - INFO - Landing...
2025-09-05 16:30:33,568 - INFO - Landing complete
2025-09-05 16:30:33,572 - INFO - Have successfully stopped logging for id=6
2025-09-05 16:30:33,669 - INFO - Position manager stopped
2025-09-05 16:30:33,670 - INFO - Flight mission complete
2025-09-05 16:30:33,670 - INFO - Stopping data collector...
2025-09-05 16:30:33,673 - INFO - Collection complete - stats: {'created': 1575, 'complete': 1575, 'merged': 0, 'dropped': 0}
2025-09-05 16:30:33,682 - INFO - Have successfully stopped logging for id=4
2025-09-05 16:30:33,684 - INFO - Have successfully stopped logging for id=5
2025-09-05 16:30:33,727 - INFO - Data saved: training_data/triangle_med_20250905_163033.json
2025-09-05 16:30:33,727 - INFO - States: 1575, Commands: 1056, Duration: 15.7s
2025-09-05 16:30:33,727 - INFO - Successfully saved 1575 state data points
2025-09-05 16:30:33,728 - INFO - Successfully saved 1056 control commands
2025-09-05 16:30:33,728 - INFO - Closing link
2025-09-05 16:30:33,728 - INFO - Callback->Disconnected from [radio://0/80/2M/E7E7E7E7E6]
