2025-09-05 13:08:43,235 - INFO - === Fixed continuous data collector ===
2025-09-05 13:08:43,235 - INFO - Mission: square_small
2025-09-05 13:08:43,236 - INFO - Waypoints (absolute coordinates): [(0, 0, 0.3), (0.3, 0, 0.3), (0.3, 0.3, 0.3), (0, 0.3, 0.3), (0, 0, 0.3)]
2025-09-05 13:08:43,236 - INFO - Callback->Connection initialized[radio://0/80/2M/E7E7E7E7E6]
2025-09-05 13:08:43,487 - INFO - We are connected[radio://0/80/2M/E7E7E7E7E6], request connection setup
2025-09-05 13:08:43,487 - INFO - Request _request_protocol_version()
2025-09-05 13:08:43,490 - INFO - Callback->Connected to [radio://0/80/2M/E7E7E7E7E6]
2025-09-05 13:08:43,585 - INFO - _crt_service_callback
2025-09-05 13:08:43,585 - INFO - Request protocol version
2025-09-05 13:08:43,591 - INFO - _platform_callback
2025-09-05 13:08:43,591 - INFO - Protocol version (platform): 9
2025-09-05 13:08:43,603 - INFO - TOC for port [5] found in cache
2025-09-05 13:08:43,604 - INFO - Log TOC finished updating
2025-09-05 13:08:43,612 - INFO - 6 memories found
2025-09-05 13:08:43,694 - INFO - Memories finished updating
2025-09-05 13:08:43,701 - INFO - TOC for port [2] found in cache
2025-09-05 13:08:44,199 - INFO - Param TOC finished updating
2025-09-05 13:08:44,199 - INFO - Callback->Connection setup finished [radio://0/80/2M/E7E7E7E7E6]
2025-09-05 13:08:44,200 - INFO - Connected: radio://0/80/2M/E7E7E7E7E6
2025-09-05 13:08:44,210 - INFO - Have successfully started logging for id=1
2025-09-05 13:08:44,307 - INFO - Battery: 4.12V (safe)
2025-09-05 13:08:44,308 - INFO - Battery check passed: 4.12V
2025-09-05 13:08:44,309 - INFO - Initializing position estimator to origin...
2025-09-05 13:08:44,313 - INFO - Have successfully stopped logging for id=1
2025-09-05 13:08:44,314 - INFO - Have successfully deleted id=1
2025-09-05 13:08:45,569 - INFO - All parameters updated
2025-09-05 13:08:45,569 - INFO - Callback->Connection completed [radio://0/80/2M/E7E7E7E7E6]
2025-09-05 13:08:45,679 - INFO - Have successfully started logging for id=2
2025-09-05 13:08:52,176 - INFO - Waiting for position estimator...
2025-09-05 13:08:52,180 - INFO - Have successfully stopped logging for id=2
2025-09-05 13:08:52,181 - INFO - Have successfully deleted id=2
2025-09-05 13:08:52,188 - INFO - Have successfully started logging for id=3
2025-09-05 13:08:53,186 - INFO - Position estimator ready
2025-09-05 13:08:53,187 - INFO - Controller parameters optimized
2025-09-05 13:08:53,189 - INFO - Have successfully stopped logging for id=3
2025-09-05 13:08:53,192 - INFO - Have successfully deleted id=3
2025-09-05 13:08:56,032 - INFO - Start collection (slot:10ms)
2025-09-05 13:08:56,033 - INFO - Data collector started
2025-09-05 13:08:56,034 - INFO - Position manager started
2025-09-05 13:08:56,042 - INFO - Have successfully started logging for id=4
2025-09-05 13:08:56,046 - INFO - Have successfully started logging for id=5
2025-09-05 13:08:56,048 - INFO - Have successfully started logging for id=6
2025-09-05 13:08:56,134 - INFO - Position manager data flow is normal
2025-09-05 13:08:58,135 - INFO - Current position: (0.043, 0.048, 0.020, 90.0°)
2025-09-05 13:08:58,135 - INFO - Using absolute coordinate system, ignoring takeoff position offset
2025-09-05 13:08:59,135 - INFO - Pre-flight stabilization to first waypoint: (0.000, 0.000, 0.300)
2025-09-05 13:08:59,285 - INFO - Waypoint1: absolute coordinates(0.000, 0.000, 0.300, yaw=90.0°)
2025-09-05 13:08:59,285 - INFO - Flying to coordinate: (0.000, 0.000, 0.300)
2025-09-05 13:09:00,345 - INFO - Approaching target (error=0.145m), entering stabilization phase
2025-09-05 13:09:00,995 - INFO - Reached waypoint (error=0.062m, stable_count=30)
2025-09-05 13:09:01,595 - INFO - Waypoint2: absolute coordinates(0.300, 0.000, 0.300, yaw=90.0°)
2025-09-05 13:09:01,595 - INFO - Flying to coordinate: (0.300, 0.000, 0.300)
2025-09-05 13:09:02,296 - INFO - Approaching target (error=0.131m), entering stabilization phase
2025-09-05 13:09:02,936 - INFO - Reached waypoint (error=0.055m, stable_count=30)
2025-09-05 13:09:03,536 - INFO - Waypoint3: absolute coordinates(0.300, 0.300, 0.300, yaw=90.0°)
2025-09-05 13:09:03,536 - INFO - Flying to coordinate: (0.300, 0.300, 0.300)
2025-09-05 13:09:04,096 - INFO - Approaching target (error=0.149m), entering stabilization phase
2025-09-05 13:09:04,636 - INFO - Reached waypoint (error=0.072m, stable_count=30)
2025-09-05 13:09:05,236 - INFO - Waypoint4: absolute coordinates(0.000, 0.300, 0.300, yaw=90.0°)
2025-09-05 13:09:05,236 - INFO - Flying to coordinate: (0.000, 0.300, 0.300)
2025-09-05 13:09:05,646 - INFO - Approaching target (error=0.140m), entering stabilization phase
2025-09-05 13:09:08,336 - INFO - Reached waypoint (error=0.055m, stable_count=30)
2025-09-05 13:09:08,937 - INFO - Waypoint5: absolute coordinates(0.000, 0.000, 0.300, yaw=90.0°)
2025-09-05 13:09:08,937 - INFO - Flying to coordinate: (0.000, 0.000, 0.300)
2025-09-05 13:09:09,537 - INFO - Approaching target (error=0.131m), entering stabilization phase
2025-09-05 13:09:09,977 - INFO - Reached waypoint (error=0.053m, stable_count=30)
2025-09-05 13:09:10,577 - INFO - Returning to origin and landing...
2025-09-05 13:09:10,577 - INFO - Flying to coordinate: (0.000, 0.000, 0.200)
2025-09-05 13:09:10,577 - INFO - Approaching target (error=0.091m), entering stabilization phase
2025-09-05 13:09:11,277 - INFO - Reached waypoint (error=0.035m, stable_count=30)
2025-09-05 13:09:11,277 - INFO - Landing...
2025-09-05 13:09:11,279 - INFO - Landing complete
2025-09-05 13:09:11,285 - INFO - Have successfully stopped logging for id=6
2025-09-05 13:09:11,380 - INFO - Position manager stopped
2025-09-05 13:09:11,382 - INFO - Flight mission complete
2025-09-05 13:09:11,382 - INFO - Stopping data collector...
2025-09-05 13:09:11,385 - INFO - Collection complete - stats: {'created': 1535, 'complete': 1535, 'merged': 0, 'dropped': 0}
2025-09-05 13:09:11,392 - INFO - Have successfully stopped logging for id=4
2025-09-05 13:09:11,395 - INFO - Have successfully stopped logging for id=5
2025-09-05 13:09:11,438 - INFO - Data saved: training_data/square_small_20250905_130911.json
2025-09-05 13:09:11,439 - INFO - States: 1535, Commands: 964, Duration: 15.3s
2025-09-05 13:09:11,439 - INFO - Successfully saved 1535 state data points
2025-09-05 13:09:11,439 - INFO - Successfully saved 964 control commands
2025-09-05 13:09:11,439 - INFO - Closing link
2025-09-05 13:09:11,439 - INFO - Callback->Disconnected from [radio://0/80/2M/E7E7E7E7E6]
