2025-09-05 15:30:15,103 - INFO - === Fixed continuous data collector ===
2025-09-05 15:30:15,104 - INFO - Mission: triangle_small
2025-09-05 15:30:15,104 - INFO - Waypoints (absolute coordinates): [(0, 0, 0.6), (0.4, 0, 0.6), (0.2, 0.4, 0.6), (0, 0, 0.6)]
2025-09-05 15:30:15,104 - INFO - Callback->Connection initialized[radio://0/80/2M/E7E7E7E7E6]
2025-09-05 15:30:15,356 - INFO - We are connected[radio://0/80/2M/E7E7E7E7E6], request connection setup
2025-09-05 15:30:15,356 - INFO - Request _request_protocol_version()
2025-09-05 15:30:15,359 - INFO - Callback->Connected to [radio://0/80/2M/E7E7E7E7E6]
2025-09-05 15:30:15,365 - INFO - _crt_service_callback
2025-09-05 15:30:15,365 - INFO - Request protocol version
2025-09-05 15:30:15,371 - INFO - _platform_callback
2025-09-05 15:30:15,371 - INFO - Protocol version (platform): 9
2025-09-05 15:30:15,388 - INFO - TOC for port [5] found in cache
2025-09-05 15:30:15,389 - INFO - Log TOC finished updating
2025-09-05 15:30:15,394 - INFO - 6 memories found
2025-09-05 15:30:15,493 - INFO - Memories finished updating
2025-09-05 15:30:15,499 - INFO - TOC for port [2] found in cache
2025-09-05 15:30:16,009 - INFO - Param TOC finished updating
2025-09-05 15:30:16,009 - INFO - Callback->Connection setup finished [radio://0/80/2M/E7E7E7E7E6]
2025-09-05 15:30:16,010 - INFO - Connected: radio://0/80/2M/E7E7E7E7E6
2025-09-05 15:30:16,021 - INFO - Have successfully started logging for id=1
2025-09-05 15:30:16,120 - INFO - Battery: 3.90V (safe)
2025-09-05 15:30:16,121 - INFO - Battery check passed: 3.90V
2025-09-05 15:30:16,121 - INFO - Initializing position estimator to origin...
2025-09-05 15:30:16,124 - INFO - Have successfully stopped logging for id=1
2025-09-05 15:30:16,126 - INFO - Have successfully deleted id=1
2025-09-05 15:30:17,386 - INFO - All parameters updated
2025-09-05 15:30:17,386 - INFO - Callback->Connection completed [radio://0/80/2M/E7E7E7E7E6]
2025-09-05 15:30:17,497 - INFO - Have successfully started logging for id=2
2025-09-05 15:30:23,996 - INFO - Waiting for position estimator...
2025-09-05 15:30:23,999 - INFO - Have successfully stopped logging for id=2
2025-09-05 15:30:24,000 - INFO - Have successfully deleted id=2
2025-09-05 15:30:24,006 - INFO - Have successfully started logging for id=3
2025-09-05 15:30:25,005 - INFO - Position estimator ready
2025-09-05 15:30:25,006 - INFO - Controller parameters optimized
2025-09-05 15:30:25,009 - INFO - Have successfully stopped logging for id=3
2025-09-05 15:30:25,010 - INFO - Have successfully deleted id=3
2025-09-05 15:30:33,868 - INFO - Start collection (slot:10ms)
2025-09-05 15:30:33,869 - INFO - Data collector started
2025-09-05 15:30:33,871 - INFO - Position manager started
2025-09-05 15:30:33,880 - INFO - Have successfully started logging for id=4
2025-09-05 15:30:33,880 - INFO - Have successfully started logging for id=5
2025-09-05 15:30:33,881 - INFO - Have successfully started logging for id=6
2025-09-05 15:30:33,971 - INFO - Position manager data flow is normal
2025-09-05 15:30:35,972 - INFO - Current position: (0.008, 0.016, 0.036, 90.9°)
2025-09-05 15:30:35,972 - INFO - Using absolute coordinate system, ignoring takeoff position offset
2025-09-05 15:30:36,972 - INFO - Pre-flight stabilization to first waypoint: (0.000, 0.000, 0.600)
2025-09-05 15:30:37,122 - INFO - Waypoint1: absolute coordinates(0.000, 0.000, 0.600, yaw=90.0°)
2025-09-05 15:30:37,122 - INFO - Flying to coordinate: (0.000, 0.000, 0.600)
2025-09-05 15:30:38,182 - INFO - Approaching target (error=0.140m), entering stabilization phase
2025-09-05 15:30:38,672 - INFO - Reached waypoint (error=0.031m, stable_count=30)
2025-09-05 15:30:39,273 - INFO - Waypoint2: absolute coordinates(0.400, 0.000, 0.600, yaw=90.0°)
2025-09-05 15:30:39,273 - INFO - Flying to coordinate: (0.400, 0.000, 0.600)
2025-09-05 15:30:40,033 - INFO - Approaching target (error=0.122m), entering stabilization phase
2025-09-05 15:30:42,723 - INFO - Reached waypoint (error=0.057m, stable_count=30)
2025-09-05 15:30:43,323 - INFO - Waypoint3: absolute coordinates(0.200, 0.400, 0.600, yaw=90.0°)
2025-09-05 15:30:43,323 - INFO - Flying to coordinate: (0.200, 0.400, 0.600)
2025-09-05 15:30:43,983 - INFO - Approaching target (error=0.115m), entering stabilization phase
2025-09-05 15:30:44,373 - INFO - Reached waypoint (error=0.051m, stable_count=30)
2025-09-05 15:30:44,974 - INFO - Waypoint4: absolute coordinates(0.000, 0.000, 0.600, yaw=90.0°)
2025-09-05 15:30:44,974 - INFO - Flying to coordinate: (0.000, 0.000, 0.600)
2025-09-05 15:30:45,834 - INFO - Approaching target (error=0.146m), entering stabilization phase
2025-09-05 15:30:47,264 - INFO - Reached waypoint (error=0.070m, stable_count=30)
2025-09-05 15:30:47,864 - INFO - Returning to origin and landing...
2025-09-05 15:30:47,864 - INFO - Flying to coordinate: (0.000, 0.000, 0.200)
2025-09-05 15:30:48,584 - INFO - Approaching target (error=0.148m), entering stabilization phase
2025-09-05 15:30:49,474 - INFO - Reached waypoint (error=0.067m, stable_count=30)
2025-09-05 15:30:49,474 - INFO - Landing...
2025-09-05 15:30:49,475 - INFO - Landing complete
2025-09-05 15:30:49,480 - INFO - Have successfully stopped logging for id=6
2025-09-05 15:30:49,576 - INFO - Position manager stopped
2025-09-05 15:30:49,578 - INFO - Flight mission complete
2025-09-05 15:30:49,579 - INFO - Stopping data collector...
2025-09-05 15:30:49,580 - INFO - Collection complete - stats: {'created': 1571, 'complete': 1571, 'merged': 0, 'dropped': 0}
2025-09-05 15:30:49,588 - INFO - Have successfully stopped logging for id=4
2025-09-05 15:30:49,591 - INFO - Have successfully stopped logging for id=5
2025-09-05 15:30:49,636 - INFO - Data saved: training_data/triangle_small_20250905_153049.json
2025-09-05 15:30:49,636 - INFO - States: 1571, Commands: 1050, Duration: 15.7s
2025-09-05 15:30:49,636 - INFO - Successfully saved 1571 state data points
2025-09-05 15:30:49,636 - INFO - Successfully saved 1050 control commands
2025-09-05 15:30:49,636 - INFO - Closing link
2025-09-05 15:30:49,637 - INFO - Callback->Disconnected from [radio://0/80/2M/E7E7E7E7E6]
